000 (011.013.000) 2025-11-07 18:57:34 Job submitted from host: <10.87.28.209:9618?addrs=10.87.28.209-9618&alias=krakas.esat.kuleuven.be&noUDP&sock=schedd_1611_9729>
...
001 (011.013.000) 2025-11-08 22:33:51 Job executing on host: <10.87.24.4:9618?addrs=10.87.24.4-9618&alias=aristoteles.esat.kuleuven.be&noUDP&sock=startd_12050_e04e>
	SlotName: slot1_7@aristoteles.esat.kuleuven.be
	AvailableGPUs = { GPUs_GPU_1ba53048 }
	CondorScratchDir = "/usr/data/condor/execute/dir_1441773"
	Cpus = 8
	Disk = 1050529
	GPUs = 1
	GPUs_GPU_1ba53048 = [ Id = "GPU-1ba53048"; ClockMhz = 1410.0; Capability = 8.0; CoresPerCU = 64; DeviceName = "NVIDIA A100-SXM4-80GB"; DeviceUuid = "1ba53048-c5a1-3226-7f78-7a6cb9cbaa42"; ECCEnabled = true; ComputeUnits = 108; NvidiaDriver = "580.95.05"; DriverVersion = 13.0; DevicePciBusId = "0000:C7:00.0"; GlobalMemoryMb = 81153; MaxSupportedVersion = 13000 ]
	Memory = 71680
...
006 (011.013.000) 2025-11-08 22:33:59 Image size of job updated: 272244
	266  -  MemoryUsage of job (MB)
	272244  -  ResidentSetSize of job (KB)
...
006 (011.013.000) 2025-11-08 22:34:23 Image size of job updated: 860312
	841  -  MemoryUsage of job (MB)
	860312  -  ResidentSetSize of job (KB)
...
005 (011.013.000) 2025-11-08 22:34:23 Job terminated.
	(1) Normal termination (return value 0)
		Usr 0 00:00:11, Sys 0 00:00:08  -  Run Remote Usage
		Usr 0 00:00:00, Sys 0 00:00:00  -  Run Local Usage
		Usr 0 00:00:11, Sys 0 00:00:08  -  Total Remote Usage
		Usr 0 00:00:00, Sys 0 00:00:00  -  Total Local Usage
	0  -  Run Bytes Sent By Job
	0  -  Run Bytes Received By Job
	0  -  Total Bytes Sent By Job
	0  -  Total Bytes Received By Job
	Partitionable Resources :    Usage  Request Allocated Assigned
	   Cpus                 :     0.85        8         8 
	   Disk (KB)            :     2     1048576   1050529 
	   GPUs                 :                 1         1 "GPU-1ba53048"
	   Memory (MB)          :   841       71680     71680 
	   TimeExecute (s)      :    32                       
	   TimeSlotBusy (s)     :    32                       
...
