000 (011.010.000) 2025-11-07 18:57:34 Job submitted from host: <10.87.28.209:9618?addrs=10.87.28.209-9618&alias=krakas.esat.kuleuven.be&noUDP&sock=schedd_1611_9729>
...
001 (011.010.000) 2025-11-08 22:33:50 Job executing on host: <10.87.24.4:9618?addrs=10.87.24.4-9618&alias=aristoteles.esat.kuleuven.be&noUDP&sock=startd_12050_e04e>
	SlotName: slot1_5@aristoteles.esat.kuleuven.be
	AvailableGPUs = { GPUs_GPU_da39c30a }
	CondorScratchDir = "/usr/data/condor/execute/dir_1441680"
	Cpus = 8
	Disk = 1050529
	GPUs = 1
	GPUs_GPU_da39c30a = [ Id = "GPU-da39c30a"; ClockMhz = 1410.0; Capability = 8.0; CoresPerCU = 64; DeviceName = "NVIDIA A100-SXM4-80GB"; DeviceUuid = "da39c30a-f9ff-fed7-aacc-d173eac54a66"; ECCEnabled = true; ComputeUnits = 108; NvidiaDriver = "580.95.05"; DriverVersion = 13.0; DevicePciBusId = "0000:87:00.0"; GlobalMemoryMb = 81153; MaxSupportedVersion = 13000 ]
	Memory = 71680
...
006 (011.010.000) 2025-11-08 22:33:58 Image size of job updated: 263428
	258  -  MemoryUsage of job (MB)
	263428  -  ResidentSetSize of job (KB)
...
006 (011.010.000) 2025-11-08 22:34:23 Image size of job updated: 860180
	841  -  MemoryUsage of job (MB)
	860180  -  ResidentSetSize of job (KB)
...
005 (011.010.000) 2025-11-08 22:34:23 Job terminated.
	(1) Normal termination (return value 0)
		Usr 0 00:00:11, Sys 0 00:00:08  -  Run Remote Usage
		Usr 0 00:00:00, Sys 0 00:00:00  -  Run Local Usage
		Usr 0 00:00:11, Sys 0 00:00:08  -  Total Remote Usage
		Usr 0 00:00:00, Sys 0 00:00:00  -  Total Local Usage
	0  -  Run Bytes Sent By Job
	0  -  Run Bytes Received By Job
	0  -  Total Bytes Sent By Job
	0  -  Total Bytes Received By Job
	Partitionable Resources :    Usage  Request Allocated Assigned
	   Cpus                 :     0.81        8         8 
	   Disk (KB)            :     2     1048576   1050529 
	   GPUs                 :                 1         1 "GPU-da39c30a"
	   Memory (MB)          :   841       71680     71680 
	   TimeExecute (s)      :    33                       
	   TimeSlotBusy (s)     :    34                       
...
