Starting Job
/esat/smcdata/users/kkontras/Image_Dataset/no_backup/git/Synergy/train.py
/esat/smcdata/users/kkontras/Image_Dataset/no_backup/envs/balance_env/bin/python
Python 3.9.18
/esat/smcdata/users/kkontras/Image_Dataset/no_backup/git/Synergy
We have 1 GPU
/esat/smcdata/users/kkontras/Image_Dataset/no_backup/git/Synergy/train.py
config-./configs/CREMA_D/synergy/nov/synprom_ib.json
Executing command: accelerate launch /esat/smcdata/users/kkontras/Image_Dataset/no_backup/git/Synergy/train.py --config ./configs/CREMA_D/synergy/nov/synprom_ib.json --default_config ./configs/CREMA_D/default_config_cremad_res_syn.json --fold 2 --pre  --l 1 --contrcoeff 1 --lr 0.0001 --wd 0.0001 --cls conformer --perturb gen --start_over 
Namespace(config='./configs/CREMA_D/synergy/nov/synprom_ib.json', default_config='./configs/CREMA_D/default_config_cremad_res_syn.json', fold='2', alpha=None, tanh_mode=None, tanh_mode_beta=None, regby=None, clip=None, batch_size=None, l='1', multil=None, l_diffsq=None, lib=None, ratio_us=None, ratio_snr=None, kmepoch=None, num_samples=None, pow=None, nstep=None, contrcoeff='1', kde_coeff=None, etube=None, temperature=None, contr_type=None, shuffle_type=None, validate_with=None, transform_type=None, trasform_before=None, num_classes=None, base_alpha=None, alpha_var=None, base_beta=None, beta_var=None, optim_method=None, ilr_c=None, ilr_g=None, mmcosine_scaling=None, ending_epoch=None, load_ongoing=None, commonlayers=None, recon_weight1=None, recon_weight2=None, recon_epochstages=None, recon_ensemblestages=None, lr='0.0001', wd='0.0001', mm=None, cls='conformer', perturb='gen', pre=True, frozen=False, tdqm_disable=False, start_over=True)
2025-11-09 20:38:20,668 - Config - INFO - ./configs/CREMA_D/synergy/nov/synprom_ib.json
2025-11-09 20:38:20,672 - Config - INFO -  THE Configuration of your experiment ..
{'agent': 'Agent',
 'dataset': {'data_roots': '/esat/smcdata/users/kkontras/Image_Dataset/no_backup/CremaD/CREMA-D',
             'data_split': {'fold': 0, 'method': 'non_inclusive'},
             'dataloader_class': 'CramedD_Dataloader',
             'fps': 1,
             'norm': False,
             'norm_face_path': './mydatasets/CREMAD/norm_face_path_fold{}.pkl',
             'norm_wav_path': './mydatasets/CREMAD/wav_norm_16000_fold{}.pkl',
             'num_frame': 3,
             'return_data': {'audio': False,
                             'face': False,
                             'spectrogram': True,
                             'video': True},
             'sampling_rate': 22050},
 'early_stopping': {'end_of_epoch_check': True,
                    'log_interval': 10,
                    'max_epoch': 1500,
                    'n_steps_stop': 20,
                    'n_steps_stop_after': 0,
                    'save_every_step': 3000,
                    'save_every_valstep': 10,
                    'validate_after': 0,
                    'validate_every': 25,
                    'validate_with': 'accuracy'},
 'exp_name': 'CREMAD Experiment',
 'model': {'args': {'bias_infusion': {'ending_epoch': 1500,
                                      'l': 0.1,
                                      'method': 'false',
                                      'plot': False,
                                      'starting_epoch': 0,
                                      'use': True},
                    'clip_grad': False,
                    'cls_type': 'linear',
                    'd_model': 512,
                    'dropout': 0.1,
                    'fc_inner': 64,
                    'multi_loss': {'multi_supervised_w': {'c': 0,
                                                          'combined': 1,
                                                          'g': 0}},
                    'num_classes': 6},
           'encoders': [{'args': {'d_model': 512,
                                  'dropout': 0.1,
                                  'fc_inner': 64,
                                  'freeze_encoder': False,
                                  'num_classes': 6},
                         'model': 'Audio_ResNet',
                         'pretrainedEncoder': {'dir': 'unimodal_audio_fold{}_lr0.001_wd0.0001.pth.tar',
                                               'use': False}},
                        {'args': {'d_model': 512,
                                  'dropout': 0.1,
                                  'fc_inner': 64,
                                  'freeze_encoder': False,
                                  'num_classes': 6},
                         'model': 'Video_ResNet',
                         'pretrainedEncoder': {'dir': 'unimodal_video_fold{}_lr0.001_wd0.0001.pth.tar',
                                               'use': False}}],
           'load_ongoing': False,
           'model_class': 'Fusion_Synprom_IB',
           'save_base_dir': '/esat/smcdata/users/kkontras/Image_Dataset/no_backup/data/2025_data/synergy',
           'save_dir': 'Synprom_IB_{}.pth.tar'},
 'optimizer': {'beta1': 0.9,
               'beta2': 0.999,
               'learning_rate': 1e-05,
               'momentum': 0.9,
               'type': 'Adam',
               'weight_decay': 1e-05},
 'scheduler': {'max_lr': 0.03, 'type': 'cosanneal', 'warm_up_steps': 780},
 'training_params': {'adversarial_training': {'adv_epsilon': 0.01,
                                              'use': False},
                     'async_loading': True,
                     'batch_size': 32,
                     'cuda': True,
                     'data_loader_workers': 8,
                     'gpu_device': [0],
                     'pin_memory': False,
                     'rec_test': True,
                     'res': True,
                     'seed': 109,
                     'tdqm_disable': False,
                     'test_batch_size': 32,
                     'test_on_bottoms': False,
                     'use_test_set': True,
                     'validation': True,
                     'verbose': True,
                     'wandb_disable': False}}
2025-11-09 20:38:20,673 - Config - INFO -  *************************************** 
2025-11-09 20:38:20,673 - Config - INFO - The experiment name is CREMAD Experiment
2025-11-09 20:38:20,673 - Config - INFO -  *************************************** 
2025-11-09 20:38:20,673 - root - INFO - save_dir: Synprom_IB_fold2_l1_contrcoeff1_perturbgen_lr0.0001_wd0.0001_clsconformer_pre.pth.tar
2025-11-09 20:38:20,854 - Cuda Statistics - INFO - __Python VERSION:  3.9.18 (main, Sep 11 2023, 13:41:44) 
[GCC 11.2.0]
2025-11-09 20:38:20,854 - Cuda Statistics - INFO - __pyTorch VERSION:  2.0.1+cu118
2025-11-09 20:38:20,854 - Cuda Statistics - INFO - __CUDA VERSION
2025-11-09 20:38:20,862 - Cuda Statistics - INFO - __CUDNN VERSION:  8700
2025-11-09 20:38:20,888 - Cuda Statistics - INFO - __Number CUDA Devices:  1
2025-11-09 20:38:20,888 - Cuda Statistics - INFO - __Devices
2025-11-09 20:38:20,888 - Cuda Statistics - INFO - index, name, driver_version, memory.total [MiB], memory.used [MiB], memory.free [MiB]
2025-11-09 20:38:20,888 - Cuda Statistics - INFO - 0, NVIDIA GeForce RTX 3090, 580.95.05, 24576 MiB, 4 MiB, 24121 MiB
2025-11-09 20:38:20,895 - Cuda Statistics - INFO - Active CUDA Device: GPU 0
2025-11-09 20:38:20,895 - Cuda Statistics - INFO - Available devices  1
2025-11-09 20:38:20,895 - Cuda Statistics - INFO - Current cuda device  0
This path does not exist /esat/smcdata/users/kkontras/Image_Dataset/no_backup/CremaD/CREMA-D/AudioWAV/1076_MTI_SAD_XX.wav or /esat/smcdata/users/kkontras/Image_Dataset/no_backup/CremaD/CREMA-D/Image-01-FPS/1076_MTI_SAD_XX or /esat/smcdata/users/kkontras/Image_Dataset/no_backup/CremaD/CREMA-D/Face_features/1076_MTI_SAD_XX.npy
2025-11-09 20:38:23,386 - root - INFO - Loaded wav norm from ./mydatasets/CREMAD/wav_norm_16000_fold2.pkl
2025-11-09 20:38:23,419 - root - INFO - Norm values are {'mean': tensor(-2.7781e-05), 'std': tensor(0.0615), 'max_duration': 5.005}
2025-11-09 20:38:23,969 - root - INFO - Loaded wav norm from ./mydatasets/CREMAD/wav_norm_16000_fold2.pkl
2025-11-09 20:38:23,970 - root - INFO - Norm values are {'mean': tensor(-2.7781e-05), 'std': tensor(0.0615), 'max_duration': 5.005}
2025-11-09 20:38:24,583 - root - INFO - Loaded wav norm from ./mydatasets/CREMAD/wav_norm_16000_fold2.pkl
2025-11-09 20:38:24,584 - root - INFO - Norm values are {'mean': tensor(-2.7781e-05), 'std': tensor(0.0615), 'max_duration': 5.005}
Available cores 8
We are changing dataloader workers to num of cores 0
2025-11-09 20:38:24,587 - Agent - INFO - Device: cuda:0
2025-11-09 20:38:24,587 - Agent - INFO - Total training batches: 126, validate every 25 batches, steps per epoch: 6
2025-11-09 20:38:29,482 - Agent - INFO - Loss Weights are {'total': 1, 'combined': 1, 'c': 0, 'g': 0}
2025-11-09 20:38:30,088 - root - INFO - Loading enc best model state dict from /esat/smcdata/users/kkontras/Image_Dataset/no_backup/data/2025_data/synergy/unimodal_audio_fold2_lr0.001_wd0.0001.pth.tar
Replacing module
2025-11-09 20:38:30,540 - root - INFO - Loading enc best model state dict from /esat/smcdata/users/kkontras/Image_Dataset/no_backup/data/2025_data/synergy/unimodal_video_fold2_lr0.001_wd0.0001.pth.tar
Replacing module
2025-11-09 20:38:31,155 - Agent - INFO - Total number of trainable parameters are: 63527064
2025-11-09 20:38:31,174 - Agent - INFO - Total number of trainable parameters are: 63527064
2025-11-09 20:43:28,985 - Agent - INFO - [37mVal Epoch 1 step 1 with [31mce_loss_combined : 1.508838 [31mtotal : 1.508838 [94mAcc_combined: 77.68 [94mAcc_c: 56.27 [94mAcc_g: 64.10 [95mCEU_cue_audio: 0.8041 [95mCEU_cue_video: 0.7264 [95mCEU_synergy: 0.2914 [95mCEU_coexistence: 0.9818 
2025-11-09 20:43:28,999 - Agent - INFO - [37mTest Epoch 1 step 1 with [31mce_loss_combined : 1.512687 [31mtotal : 1.512687 [94mAcc_combined: 73.34 [94mAcc_c: 55.89 [94mAcc_g: 52.78 
2025-11-09 20:43:30,825 - Agent - INFO - [37mModels has saved successfully in /esat/smcdata/users/kkontras/Image_Dataset/no_backup/data/2025_data/synergy/Synprom_IB_fold2_l1_contrcoeff1_perturbgen_lr0.0001_wd0.0001_clsconformer_pre.pth.tar
2025-11-09 20:48:01,549 - Agent - INFO - [37mVal Epoch 2 step 2 with [31mce_loss_combined : 1.520281 [31mtotal : 1.520281 [94mAcc_combined: 77.91 [94mAcc_c: 52.01 [94mAcc_g: 64.79 [95mCEU_cue_audio: 0.7462 [95mCEU_cue_video: 0.7981 [95mCEU_synergy: 0.3071 [95mCEU_coexistence: 0.9666 
2025-11-09 20:48:01,564 - Agent - INFO - [37mTest Epoch 2 step 2 with [31mce_loss_combined : 1.542924 [31mtotal : 1.542924 [94mAcc_combined: 69.81 [94mAcc_c: 52.89 [94mAcc_g: 50.32 
2025-11-09 20:48:03,666 - Agent - INFO - [37mModels has saved successfully in /esat/smcdata/users/kkontras/Image_Dataset/no_backup/data/2025_data/synergy/Synprom_IB_fold2_l1_contrcoeff1_perturbgen_lr0.0001_wd0.0001_clsconformer_pre.pth.tar
2025-11-09 20:52:33,240 - Agent - INFO - [37mVal Epoch 3 step 3 with [31mce_loss_combined : 1.519481 [31mtotal : 1.519481 [94mAcc_combined: 79.75 [94mAcc_c: 54.09 [94mAcc_g: 64.90 [95mCEU_cue_audio: 0.7779 [95mCEU_cue_video: 0.8429 [95mCEU_synergy: 0.2676 [95mCEU_coexistence: 0.9818 
2025-11-09 20:52:33,254 - Agent - INFO - [37mTest Epoch 3 step 3 with [31mce_loss_combined : 1.547384 [31mtotal : 1.547384 [94mAcc_combined: 71.84 [94mAcc_c: 51.82 [94mAcc_g: 52.25 
2025-11-09 20:52:35,408 - Agent - INFO - [37mModels has saved successfully in /esat/smcdata/users/kkontras/Image_Dataset/no_backup/data/2025_data/synergy/Synprom_IB_fold2_l1_contrcoeff1_perturbgen_lr0.0001_wd0.0001_clsconformer_pre.pth.tar
2025-11-09 20:57:06,714 - Agent - INFO - [37mVal Epoch 4 step 4 with [31mce_loss_combined : 1.523196 [31mtotal : 1.523196 [94mAcc_combined: 77.56 [94mAcc_c: 52.93 [94mAcc_g: 65.71 [95mCEU_cue_audio: 0.6932 [95mCEU_cue_video: 0.8519 [95mCEU_synergy: 0.2519 [95mCEU_coexistence: 0.9726 
2025-11-09 21:01:39,909 - Agent - INFO - [37mVal Epoch 5 step 5 with [31mce_loss_combined : 1.526554 [31mtotal : 1.526554 [94mAcc_combined: 78.02 [94mAcc_c: 49.71 [94mAcc_g: 66.05 [95mCEU_cue_audio: 0.7618 [95mCEU_cue_video: 0.8118 [95mCEU_synergy: 0.3071 [95mCEU_coexistence: 0.9515 
2025-11-09 21:06:10,762 - Agent - INFO - [37mVal Epoch 6 step 6 with [31mce_loss_combined : 1.533083 [31mtotal : 1.533083 [94mAcc_combined: 77.45 [94mAcc_c: 54.20 [94mAcc_g: 64.79 [95mCEU_cue_audio: 0.6826 [95mCEU_cue_video: 0.8566 [95mCEU_synergy: 0.2599 [95mCEU_coexistence: 0.9697 
2025-11-09 21:10:42,315 - Agent - INFO - [37mVal Epoch 7 step 7 with [31mce_loss_combined : 1.526740 [31mtotal : 1.526740 [94mAcc_combined: 78.37 [94mAcc_c: 52.13 [94mAcc_g: 66.51 [95mCEU_cue_audio: 0.7674 [95mCEU_cue_video: 0.8118 [95mCEU_synergy: 0.2285 [95mCEU_coexistence: 0.9879 
2025-11-09 21:15:15,582 - Agent - INFO - [37mVal Epoch 8 step 8 with [31mce_loss_combined : 1.526733 [31mtotal : 1.526733 [94mAcc_combined: 76.52 [94mAcc_c: 52.24 [94mAcc_g: 66.05 [95mCEU_cue_audio: 0.7251 [95mCEU_cue_video: 0.7981 [95mCEU_synergy: 0.2285 [95mCEU_coexistence: 0.9726 
2025-11-09 21:19:46,231 - Agent - INFO - [37mVal Epoch 9 step 9 with [31mce_loss_combined : 1.546534 [31mtotal : 1.546534 [94mAcc_combined: 78.71 [94mAcc_c: 52.82 [94mAcc_g: 66.63 [95mCEU_cue_audio: 0.7407 [95mCEU_cue_video: 0.8655 [95mCEU_synergy: 0.2204 [95mCEU_coexistence: 0.9787 
2025-11-09 21:24:17,817 - Agent - INFO - [37mVal Epoch 10 step 10 with [31mce_loss_combined : 1.551924 [31mtotal : 1.551924 [94mAcc_combined: 72.73 [94mAcc_c: 46.95 [94mAcc_g: 65.48 [95mCEU_cue_audio: 0.6349 [95mCEU_cue_video: 0.7892 [95mCEU_synergy: 0.2047 [95mCEU_coexistence: 0.9394 
2025-11-09 21:28:51,796 - Agent - INFO - [37mVal Epoch 11 step 11 with [31mce_loss_combined : 1.534034 [31mtotal : 1.534034 [94mAcc_combined: 77.22 [94mAcc_c: 50.40 [94mAcc_g: 63.75 [95mCEU_cue_audio: 0.7301 [95mCEU_cue_video: 0.8118 [95mCEU_synergy: 0.2914 [95mCEU_coexistence: 0.9544 
2025-11-09 21:33:22,709 - Agent - INFO - [37mVal Epoch 12 step 12 with [31mce_loss_combined : 1.548587 [31mtotal : 1.548587 [94mAcc_combined: 73.53 [94mAcc_c: 51.09 [94mAcc_g: 64.90 [95mCEU_cue_audio: 0.7090 [95mCEU_cue_video: 0.7533 [95mCEU_synergy: 0.1889 [95mCEU_coexistence: 0.9484 
2025-11-09 21:37:54,186 - Agent - INFO - [37mVal Epoch 13 step 13 with [31mce_loss_combined : 1.528677 [31mtotal : 1.528677 [94mAcc_combined: 77.56 [94mAcc_c: 54.32 [94mAcc_g: 63.98 [95mCEU_cue_audio: 0.7779 [95mCEU_cue_video: 0.8118 [95mCEU_synergy: 0.2127 [95mCEU_coexistence: 0.9666 
2025-11-09 21:42:25,734 - Agent - INFO - [37mVal Epoch 14 step 14 with [31mce_loss_combined : 1.536757 [31mtotal : 1.536757 [94mAcc_combined: 75.14 [94mAcc_c: 54.32 [94mAcc_g: 64.56 [95mCEU_cue_audio: 0.8202 [95mCEU_cue_video: 0.7175 [95mCEU_synergy: 0.1732 [95mCEU_coexistence: 0.9576 
2025-11-09 21:46:56,812 - Agent - INFO - [37mVal Epoch 15 step 15 with [31mce_loss_combined : 1.545813 [31mtotal : 1.545813 [94mAcc_combined: 72.50 [94mAcc_c: 50.52 [94mAcc_g: 63.52 [95mCEU_cue_audio: 0.7407 [95mCEU_cue_video: 0.6995 [95mCEU_synergy: 0.1732 [95mCEU_coexistence: 0.9455 
2025-11-09 21:51:30,312 - Agent - INFO - [37mVal Epoch 16 step 16 with [31mce_loss_combined : 1.546126 [31mtotal : 1.546126 [94mAcc_combined: 72.84 [94mAcc_c: 51.44 [94mAcc_g: 63.75 [95mCEU_cue_audio: 0.7618 [95mCEU_cue_video: 0.7042 [95mCEU_synergy: 0.2047 [95mCEU_coexistence: 0.9273 
2025-11-09 21:56:02,480 - Agent - INFO - [37mVal Epoch 17 step 17 with [31mce_loss_combined : 1.538170 [31mtotal : 1.538170 [94mAcc_combined: 74.22 [94mAcc_c: 51.44 [94mAcc_g: 64.33 [95mCEU_cue_audio: 0.7462 [95mCEU_cue_video: 0.7533 [95mCEU_synergy: 0.1970 [95mCEU_coexistence: 0.9423 
2025-11-09 22:00:34,746 - Agent - INFO - [37mVal Epoch 18 step 18 with [31mce_loss_combined : 1.534918 [31mtotal : 1.534918 [94mAcc_combined: 76.64 [94mAcc_c: 51.44 [94mAcc_g: 64.79 [95mCEU_cue_audio: 0.7618 [95mCEU_cue_video: 0.7759 [95mCEU_synergy: 0.2127 [95mCEU_coexistence: 0.9758 
2025-11-09 22:05:05,660 - Agent - INFO - [37mVal Epoch 19 step 19 with [31mce_loss_combined : 1.543177 [31mtotal : 1.543177 [94mAcc_combined: 74.91 [94mAcc_c: 49.48 [94mAcc_g: 65.25 [95mCEU_cue_audio: 0.7145 [95mCEU_cue_video: 0.7623 [95mCEU_synergy: 0.2442 [95mCEU_coexistence: 0.9544 
2025-11-09 22:09:37,740 - Agent - INFO - [37mVal Epoch 20 step 20 with [31mce_loss_combined : 1.549021 [31mtotal : 1.549021 [94mAcc_combined: 74.68 [94mAcc_c: 50.29 [94mAcc_g: 64.56 [95mCEU_cue_audio: 0.7936 [95mCEU_cue_video: 0.6950 [95mCEU_synergy: 0.2127 [95mCEU_coexistence: 0.9605 
2025-11-09 22:14:12,179 - Agent - INFO - [37mVal Epoch 21 step 21 with [31mce_loss_combined : 1.563137 [31mtotal : 1.563137 [94mAcc_combined: 72.61 [94mAcc_c: 49.71 [94mAcc_g: 63.64 [95mCEU_cue_audio: 0.6932 [95mCEU_cue_video: 0.7401 [95mCEU_synergy: 0.2361 [95mCEU_coexistence: 0.9242 
2025-11-09 22:18:42,819 - Agent - INFO - [37mVal Epoch 22 step 22 with [31mce_loss_combined : 1.567869 [31mtotal : 1.567869 [94mAcc_combined: 71.69 [94mAcc_c: 49.94 [94mAcc_g: 65.59 [95mCEU_cue_audio: 0.7251 [95mCEU_cue_video: 0.6950 [95mCEU_synergy: 0.2599 [95mCEU_coexistence: 0.9031 
2025-11-09 22:18:43,798 - Agent - INFO - We are in the final state.
2025-11-09 22:18:46,032 - root - INFO - Loaded best model from /esat/smcdata/users/kkontras/Image_Dataset/no_backup/data/2025_data/synergy/Synprom_IB_fold2_l1_contrcoeff1_perturbgen_lr0.0001_wd0.0001_clsconformer_pre.pth.tar
2025-11-09 22:19:03,202 - Agent - INFO - [37mVal Epoch 22 step 0 with [31mce_loss_combined : 1.519481 [31mtotal : 1.519481 [94mAcc_combined: 79.75 [94mAcc_c: 54.09 [94mAcc_g: 64.90 [95mCEU_cue_audio: 0.7779 [95mCEU_cue_video: 0.8429 [95mCEU_synergy: 0.2676 [95mCEU_coexistence: 0.9818 
2025-11-09 22:19:21,680 - Agent - INFO - [37mTest Epoch 22 step 0 with [31mce_loss_combined : 1.547384 [31mtotal : 1.547384 [94mAcc_combined: 71.84 [94mAcc_c: 51.82 [94mAcc_g: 52.25 
2025-11-09 22:19:26,060 - Agent - INFO - [37mModels has saved successfully in /esat/smcdata/users/kkontras/Image_Dataset/no_backup/data/2025_data/synergy/Synprom_IB_fold2_l1_contrcoeff1_perturbgen_lr0.0001_wd0.0001_clsconformer_pre.pth.tar
Job finished
