Starting Job
/esat/smcdata/users/kkontras/Image_Dataset/no_backup/git/Synergy/train.py
/esat/smcdata/users/kkontras/Image_Dataset/no_backup/envs/balance_env/bin/python
Python 3.9.18
/esat/smcdata/users/kkontras/Image_Dataset/no_backup/git/Synergy
We have 1 GPU
/esat/smcdata/users/kkontras/Image_Dataset/no_backup/git/Synergy/train.py
config-./configs/CREMA_D/synergy/nov/synprom_ib.json
Executing command: accelerate launch /esat/smcdata/users/kkontras/Image_Dataset/no_backup/git/Synergy/train.py --config ./configs/CREMA_D/synergy/nov/synprom_ib.json --default_config ./configs/CREMA_D/default_config_cremad_res_syn.json --fold 0 --pre  --l 1 --contrcoeff 1 --lr 0.0001 --wd 0.0001 --cls conformer --perturb gen --start_over 
Namespace(config='./configs/CREMA_D/synergy/nov/synprom_ib.json', default_config='./configs/CREMA_D/default_config_cremad_res_syn.json', fold='0', alpha=None, tanh_mode=None, tanh_mode_beta=None, regby=None, clip=None, batch_size=None, l='1', multil=None, l_diffsq=None, lib=None, ratio_us=None, ratio_snr=None, kmepoch=None, num_samples=None, pow=None, nstep=None, contrcoeff='1', kde_coeff=None, etube=None, temperature=None, contr_type=None, shuffle_type=None, validate_with=None, transform_type=None, trasform_before=None, num_classes=None, base_alpha=None, alpha_var=None, base_beta=None, beta_var=None, optim_method=None, ilr_c=None, ilr_g=None, mmcosine_scaling=None, ending_epoch=None, load_ongoing=None, commonlayers=None, recon_weight1=None, recon_weight2=None, recon_epochstages=None, recon_ensemblestages=None, lr='0.0001', wd='0.0001', mm=None, cls='conformer', perturb='gen', pre=True, frozen=False, tdqm_disable=False, start_over=True)
2025-11-08 22:34:11,353 - Config - INFO - ./configs/CREMA_D/synergy/nov/synprom_ib.json
2025-11-08 22:34:11,356 - Config - INFO -  THE Configuration of your experiment ..
{'agent': 'Agent',
 'dataset': {'data_roots': '/esat/smcdata/users/kkontras/Image_Dataset/no_backup/CremaD/CREMA-D',
             'data_split': {'fold': 0, 'method': 'non_inclusive'},
             'dataloader_class': 'CramedD_Dataloader',
             'fps': 1,
             'norm': False,
             'norm_face_path': './mydatasets/CREMAD/norm_face_path_fold{}.pkl',
             'norm_wav_path': './mydatasets/CREMAD/wav_norm_16000_fold{}.pkl',
             'num_frame': 3,
             'return_data': {'audio': False,
                             'face': False,
                             'spectrogram': True,
                             'video': True},
             'sampling_rate': 22050},
 'early_stopping': {'end_of_epoch_check': True,
                    'log_interval': 10,
                    'max_epoch': 1500,
                    'n_steps_stop': 20,
                    'n_steps_stop_after': 0,
                    'save_every_step': 3000,
                    'save_every_valstep': 10,
                    'validate_after': 0,
                    'validate_every': 25,
                    'validate_with': 'accuracy'},
 'exp_name': 'CREMAD Experiment',
 'model': {'args': {'bias_infusion': {'ending_epoch': 1500,
                                      'l': 0.1,
                                      'method': 'false',
                                      'plot': False,
                                      'starting_epoch': 0,
                                      'use': True},
                    'clip_grad': False,
                    'cls_type': 'linear',
                    'd_model': 512,
                    'dropout': 0.1,
                    'fc_inner': 64,
                    'multi_loss': {'multi_supervised_w': {'c': 0,
                                                          'combined': 1,
                                                          'g': 0}},
                    'num_classes': 6},
           'encoders': [{'args': {'d_model': 512,
                                  'dropout': 0.1,
                                  'fc_inner': 64,
                                  'freeze_encoder': False,
                                  'num_classes': 6},
                         'model': 'Audio_ResNet',
                         'pretrainedEncoder': {'dir': 'unimodal_audio_fold{}_lr0.001_wd0.0001.pth.tar',
                                               'use': False}},
                        {'args': {'d_model': 512,
                                  'dropout': 0.1,
                                  'fc_inner': 64,
                                  'freeze_encoder': False,
                                  'num_classes': 6},
                         'model': 'Video_ResNet',
                         'pretrainedEncoder': {'dir': 'unimodal_video_fold{}_lr0.001_wd0.0001.pth.tar',
                                               'use': False}}],
           'load_ongoing': False,
           'model_class': 'Fusion_Synprom_IB',
           'save_base_dir': '/esat/smcdata/users/kkontras/Image_Dataset/no_backup/data/2025_data/synergy',
           'save_dir': 'Synprom_IB_{}.pth.tar'},
 'optimizer': {'beta1': 0.9,
               'beta2': 0.999,
               'learning_rate': 1e-05,
               'momentum': 0.9,
               'type': 'Adam',
               'weight_decay': 1e-05},
 'scheduler': {'max_lr': 0.03, 'type': 'cosanneal', 'warm_up_steps': 780},
 'training_params': {'adversarial_training': {'adv_epsilon': 0.01,
                                              'use': False},
                     'async_loading': True,
                     'batch_size': 32,
                     'cuda': True,
                     'data_loader_workers': 8,
                     'gpu_device': [0],
                     'pin_memory': False,
                     'rec_test': True,
                     'res': True,
                     'seed': 109,
                     'tdqm_disable': False,
                     'test_batch_size': 32,
                     'test_on_bottoms': False,
                     'use_test_set': True,
                     'validation': True,
                     'verbose': True,
                     'wandb_disable': False}}
2025-11-08 22:34:11,357 - Config - INFO -  *************************************** 
2025-11-08 22:34:11,357 - Config - INFO - The experiment name is CREMAD Experiment
2025-11-08 22:34:11,358 - Config - INFO -  *************************************** 
2025-11-08 22:34:11,358 - root - INFO - save_dir: Synprom_IB_fold0_l1_contrcoeff1_perturbgen_lr0.0001_wd0.0001_clsconformer_pre.pth.tar
2025-11-08 22:34:13,136 - Cuda Statistics - INFO - __Python VERSION:  3.9.18 (main, Sep 11 2023, 13:41:44) 
[GCC 11.2.0]
2025-11-08 22:34:13,136 - Cuda Statistics - INFO - __pyTorch VERSION:  2.0.1+cu118
2025-11-08 22:34:13,136 - Cuda Statistics - INFO - __CUDA VERSION
2025-11-08 22:34:13,138 - Cuda Statistics - INFO - __CUDNN VERSION:  8700
2025-11-08 22:34:13,174 - Cuda Statistics - INFO - __Number CUDA Devices:  1
2025-11-08 22:34:13,174 - Cuda Statistics - INFO - __Devices
2025-11-08 22:34:13,174 - Cuda Statistics - INFO - index, name, driver_version, memory.total [MiB], memory.used [MiB], memory.free [MiB]
2025-11-08 22:34:13,174 - Cuda Statistics - INFO - 0, NVIDIA A100-SXM4-80GB, 580.95.05, 81920 MiB, 4 MiB, 81150 MiB
2025-11-08 22:34:13,178 - Cuda Statistics - INFO - Active CUDA Device: GPU 0
2025-11-08 22:34:13,178 - Cuda Statistics - INFO - Available devices  1
2025-11-08 22:34:13,178 - Cuda Statistics - INFO - Current cuda device  0
This path does not exist /esat/smcdata/users/kkontras/Image_Dataset/no_backup/CremaD/CREMA-D/AudioWAV/1076_MTI_SAD_XX.wav or /esat/smcdata/users/kkontras/Image_Dataset/no_backup/CremaD/CREMA-D/Image-01-FPS/1076_MTI_SAD_XX or /esat/smcdata/users/kkontras/Image_Dataset/no_backup/CremaD/CREMA-D/Face_features/1076_MTI_SAD_XX.npy
2025-11-08 22:34:15,380 - root - INFO - Loaded wav norm from ./mydatasets/CREMAD/wav_norm_16000_fold0.pkl
2025-11-08 22:34:15,387 - root - INFO - Norm values are {'mean': tensor(-2.7937e-05), 'std': tensor(0.0613), 'max_duration': 4.8715625}
2025-11-08 22:34:15,484 - root - INFO - Loaded wav norm from ./mydatasets/CREMAD/wav_norm_16000_fold0.pkl
2025-11-08 22:34:15,485 - root - INFO - Norm values are {'mean': tensor(-2.7937e-05), 'std': tensor(0.0613), 'max_duration': 4.8715625}
2025-11-08 22:34:15,528 - root - INFO - Loaded wav norm from ./mydatasets/CREMAD/wav_norm_16000_fold0.pkl
2025-11-08 22:34:15,529 - root - INFO - Norm values are {'mean': tensor(-2.7937e-05), 'std': tensor(0.0613), 'max_duration': 4.8715625}
Available cores 8
We are changing dataloader workers to num of cores 0
2025-11-08 22:34:15,530 - Agent - INFO - Device: cuda:0
2025-11-08 22:34:15,531 - Agent - INFO - Total training batches: 127, validate every 25 batches, steps per epoch: 6
2025-11-08 22:34:25,759 - Agent - INFO - Loss Weights are {'total': 1, 'combined': 1, 'c': 0, 'g': 0}
2025-11-08 22:34:26,270 - root - INFO - Loading enc best model state dict from /esat/smcdata/users/kkontras/Image_Dataset/no_backup/data/2025_data/synergy/unimodal_audio_fold0_lr0.001_wd0.0001.pth.tar
Replacing module
2025-11-08 22:34:26,934 - root - INFO - Loading enc best model state dict from /esat/smcdata/users/kkontras/Image_Dataset/no_backup/data/2025_data/synergy/unimodal_video_fold0_lr0.001_wd0.0001.pth.tar
Replacing module
2025-11-08 22:34:27,630 - Agent - INFO - Total number of trainable parameters are: 63527064
2025-11-08 22:34:27,648 - Agent - INFO - Total number of trainable parameters are: 63527064
2025-11-08 22:38:49,527 - Agent - INFO - [37mVal Epoch 1 step 1 with [31mce_loss_combined : 1.534852 [31mtotal : 1.534852 [94mAcc_combined: 71.18 [94mAcc_c: 60.36 [94mAcc_g: 58.54 [95mCEU_cue_audio: 0.4202 [95mCEU_cue_video: 0.8787 [95mCEU_synergy: 0.2541 [95mCEU_coexistence: 0.9596 
2025-11-08 22:38:49,596 - Agent - INFO - [37mTest Epoch 1 step 1 with [31mce_loss_combined : 1.568126 [31mtotal : 1.568126 [94mAcc_combined: 62.63 [94mAcc_c: 57.06 [94mAcc_g: 55.17 
2025-11-08 22:38:50,977 - Agent - INFO - [37mModels has saved successfully in /esat/smcdata/users/kkontras/Image_Dataset/no_backup/data/2025_data/synergy/Synprom_IB_fold0_l1_contrcoeff1_perturbgen_lr0.0001_wd0.0001_clsconformer_pre.pth.tar
2025-11-08 22:43:18,801 - Agent - INFO - [37mVal Epoch 2 step 2 with [31mce_loss_combined : 1.537689 [31mtotal : 1.537689 [94mAcc_combined: 70.39 [94mAcc_c: 56.26 [94mAcc_g: 55.35 [95mCEU_cue_audio: 0.4246 [95mCEU_cue_video: 0.8547 [95mCEU_synergy: 0.3525 [95mCEU_coexistence: 0.9167 
2025-11-08 22:47:50,317 - Agent - INFO - [37mVal Epoch 3 step 3 with [31mce_loss_combined : 1.557166 [31mtotal : 1.557166 [94mAcc_combined: 69.13 [94mAcc_c: 56.83 [94mAcc_g: 55.92 [95mCEU_cue_audio: 0.4338 [95mCEU_cue_video: 0.8063 [95mCEU_synergy: 0.3770 [95mCEU_coexistence: 0.8952 
2025-11-08 22:52:12,024 - Agent - INFO - [37mVal Epoch 4 step 4 with [31mce_loss_combined : 1.534688 [31mtotal : 1.534688 [94mAcc_combined: 70.73 [94mAcc_c: 56.04 [94mAcc_g: 56.61 [95mCEU_cue_audio: 0.4749 [95mCEU_cue_video: 0.8425 [95mCEU_synergy: 0.2621 [95mCEU_coexistence: 0.9301 
2025-11-08 22:56:37,801 - Agent - INFO - [37mVal Epoch 5 step 5 with [31mce_loss_combined : 1.559884 [31mtotal : 1.559884 [94mAcc_combined: 71.30 [94mAcc_c: 54.33 [94mAcc_g: 57.06 [95mCEU_cue_audio: 0.4611 [95mCEU_cue_video: 0.8425 [95mCEU_synergy: 0.2541 [95mCEU_coexistence: 0.9542 
2025-11-08 22:56:37,816 - Agent - INFO - [37mTest Epoch 5 step 5 with [31mce_loss_combined : 1.593951 [31mtotal : 1.593951 [94mAcc_combined: 63.63 [94mAcc_c: 49.94 [94mAcc_g: 51.72 
2025-11-08 22:56:39,670 - Agent - INFO - [37mModels has saved successfully in /esat/smcdata/users/kkontras/Image_Dataset/no_backup/data/2025_data/synergy/Synprom_IB_fold0_l1_contrcoeff1_perturbgen_lr0.0001_wd0.0001_clsconformer_pre.pth.tar
2025-11-08 23:01:09,719 - Agent - INFO - [37mVal Epoch 6 step 6 with [31mce_loss_combined : 1.541732 [31mtotal : 1.541732 [94mAcc_combined: 72.44 [94mAcc_c: 57.29 [94mAcc_g: 55.47 [95mCEU_cue_audio: 0.5024 [95mCEU_cue_video: 0.8484 [95mCEU_synergy: 0.2705 [95mCEU_coexistence: 0.9490 
2025-11-08 23:01:09,734 - Agent - INFO - [37mTest Epoch 6 step 6 with [31mce_loss_combined : 1.579208 [31mtotal : 1.579208 [94mAcc_combined: 65.63 [94mAcc_c: 52.17 [94mAcc_g: 53.39 
2025-11-08 23:01:11,541 - Agent - INFO - [37mModels has saved successfully in /esat/smcdata/users/kkontras/Image_Dataset/no_backup/data/2025_data/synergy/Synprom_IB_fold0_l1_contrcoeff1_perturbgen_lr0.0001_wd0.0001_clsconformer_pre.pth.tar
2025-11-08 23:05:40,664 - Agent - INFO - [37mVal Epoch 7 step 7 with [31mce_loss_combined : 1.534384 [31mtotal : 1.534384 [94mAcc_combined: 73.92 [94mAcc_c: 57.86 [94mAcc_g: 58.09 [95mCEU_cue_audio: 0.5343 [95mCEU_cue_video: 0.8484 [95mCEU_synergy: 0.3031 [95mCEU_coexistence: 0.9542 
2025-11-08 23:05:40,679 - Agent - INFO - [37mTest Epoch 7 step 7 with [31mce_loss_combined : 1.561705 [31mtotal : 1.561705 [94mAcc_combined: 67.85 [94mAcc_c: 53.39 [94mAcc_g: 54.17 
2025-11-08 23:05:42,537 - Agent - INFO - [37mModels has saved successfully in /esat/smcdata/users/kkontras/Image_Dataset/no_backup/data/2025_data/synergy/Synprom_IB_fold0_l1_contrcoeff1_perturbgen_lr0.0001_wd0.0001_clsconformer_pre.pth.tar
2025-11-08 23:10:03,507 - Agent - INFO - [37mVal Epoch 8 step 8 with [31mce_loss_combined : 1.545103 [31mtotal : 1.545103 [94mAcc_combined: 71.30 [94mAcc_c: 59.68 [94mAcc_g: 54.21 [95mCEU_cue_audio: 0.5297 [95mCEU_cue_video: 0.8244 [95mCEU_synergy: 0.2952 [95mCEU_coexistence: 0.9087 
2025-11-08 23:14:26,354 - Agent - INFO - [37mVal Epoch 9 step 9 with [31mce_loss_combined : 1.543627 [31mtotal : 1.543627 [94mAcc_combined: 73.92 [94mAcc_c: 55.24 [94mAcc_g: 58.31 [95mCEU_cue_audio: 0.5479 [95mCEU_cue_video: 0.8547 [95mCEU_synergy: 0.2871 [95mCEU_coexistence: 0.9490 
2025-11-08 23:18:51,025 - Agent - INFO - [37mVal Epoch 10 step 10 with [31mce_loss_combined : 1.557112 [31mtotal : 1.557112 [94mAcc_combined: 72.10 [94mAcc_c: 56.83 [94mAcc_g: 57.18 [95mCEU_cue_audio: 0.4749 [95mCEU_cue_video: 0.8484 [95mCEU_synergy: 0.3360 [95mCEU_coexistence: 0.9356 
2025-11-08 23:23:24,328 - Agent - INFO - [37mVal Epoch 11 step 11 with [31mce_loss_combined : 1.546932 [31mtotal : 1.546932 [94mAcc_combined: 72.21 [94mAcc_c: 57.29 [94mAcc_g: 55.01 [95mCEU_cue_audio: 0.5068 [95mCEU_cue_video: 0.8484 [95mCEU_synergy: 0.2871 [95mCEU_coexistence: 0.9356 
2025-11-08 23:27:54,436 - Agent - INFO - [37mVal Epoch 12 step 12 with [31mce_loss_combined : 1.552510 [31mtotal : 1.552510 [94mAcc_combined: 72.44 [94mAcc_c: 54.21 [94mAcc_g: 53.76 [95mCEU_cue_audio: 0.5343 [95mCEU_cue_video: 0.8425 [95mCEU_synergy: 0.2705 [95mCEU_coexistence: 0.9327 
2025-11-08 23:32:25,725 - Agent - INFO - [37mVal Epoch 13 step 13 with [31mce_loss_combined : 1.534241 [31mtotal : 1.534241 [94mAcc_combined: 74.60 [94mAcc_c: 56.15 [94mAcc_g: 57.63 [95mCEU_cue_audio: 0.5846 [95mCEU_cue_video: 0.8362 [95mCEU_synergy: 0.2621 [95mCEU_coexistence: 0.9596 
2025-11-08 23:32:25,738 - Agent - INFO - [37mTest Epoch 13 step 13 with [31mce_loss_combined : 1.558758 [31mtotal : 1.558758 [94mAcc_combined: 69.63 [94mAcc_c: 52.61 [94mAcc_g: 53.73 
2025-11-08 23:32:27,507 - Agent - INFO - [37mModels has saved successfully in /esat/smcdata/users/kkontras/Image_Dataset/no_backup/data/2025_data/synergy/Synprom_IB_fold0_l1_contrcoeff1_perturbgen_lr0.0001_wd0.0001_clsconformer_pre.pth.tar
2025-11-08 23:36:57,637 - Agent - INFO - [37mVal Epoch 14 step 14 with [31mce_loss_combined : 1.535698 [31mtotal : 1.535698 [94mAcc_combined: 74.49 [94mAcc_c: 58.09 [94mAcc_g: 56.72 [95mCEU_cue_audio: 0.6026 [95mCEU_cue_video: 0.8484 [95mCEU_synergy: 0.2131 [95mCEU_coexistence: 0.9570 
2025-11-08 23:41:25,681 - Agent - INFO - [37mVal Epoch 15 step 15 with [31mce_loss_combined : 1.542067 [31mtotal : 1.542067 [94mAcc_combined: 72.67 [94mAcc_c: 56.49 [94mAcc_g: 56.26 [95mCEU_cue_audio: 0.5754 [95mCEU_cue_video: 0.8302 [95mCEU_synergy: 0.2131 [95mCEU_coexistence: 0.9382 
2025-11-08 23:45:53,574 - Agent - INFO - [37mVal Epoch 16 step 16 with [31mce_loss_combined : 1.542707 [31mtotal : 1.542707 [94mAcc_combined: 74.15 [94mAcc_c: 57.29 [94mAcc_g: 54.44 [95mCEU_cue_audio: 0.6211 [95mCEU_cue_video: 0.8063 [95mCEU_synergy: 0.2952 [95mCEU_coexistence: 0.9301 
2025-11-08 23:50:18,272 - Agent - INFO - [37mVal Epoch 17 step 17 with [31mce_loss_combined : 1.546003 [31mtotal : 1.546003 [94mAcc_combined: 73.01 [94mAcc_c: 56.95 [94mAcc_g: 55.69 [95mCEU_cue_audio: 0.5754 [95mCEU_cue_video: 0.8302 [95mCEU_synergy: 0.2952 [95mCEU_coexistence: 0.9193 
2025-11-08 23:54:44,093 - Agent - INFO - [37mVal Epoch 18 step 18 with [31mce_loss_combined : 1.556698 [31mtotal : 1.556698 [94mAcc_combined: 72.67 [94mAcc_c: 55.01 [94mAcc_g: 56.49 [95mCEU_cue_audio: 0.5525 [95mCEU_cue_video: 0.8362 [95mCEU_synergy: 0.3197 [95mCEU_coexistence: 0.9141 
2025-11-08 23:59:09,214 - Agent - INFO - [37mVal Epoch 19 step 19 with [31mce_loss_combined : 1.542621 [31mtotal : 1.542621 [94mAcc_combined: 73.01 [94mAcc_c: 57.63 [94mAcc_g: 55.92 [95mCEU_cue_audio: 0.5525 [95mCEU_cue_video: 0.8425 [95mCEU_synergy: 0.2460 [95mCEU_coexistence: 0.9436 
2025-11-09 00:03:35,988 - Agent - INFO - [37mVal Epoch 20 step 20 with [31mce_loss_combined : 1.542476 [31mtotal : 1.542476 [94mAcc_combined: 75.74 [94mAcc_c: 54.10 [94mAcc_g: 55.92 [95mCEU_cue_audio: 0.6620 [95mCEU_cue_video: 0.8181 [95mCEU_synergy: 0.2952 [95mCEU_coexistence: 0.9382 
2025-11-09 00:03:36,003 - Agent - INFO - [37mTest Epoch 20 step 20 with [31mce_loss_combined : 1.567448 [31mtotal : 1.567448 [94mAcc_combined: 70.08 [94mAcc_c: 51.39 [94mAcc_g: 54.06 
2025-11-09 00:03:37,933 - Agent - INFO - [37mModels has saved successfully in /esat/smcdata/users/kkontras/Image_Dataset/no_backup/data/2025_data/synergy/Synprom_IB_fold0_l1_contrcoeff1_perturbgen_lr0.0001_wd0.0001_clsconformer_pre.pth.tar
2025-11-09 00:08:06,288 - Agent - INFO - [37mVal Epoch 21 step 21 with [31mce_loss_combined : 1.533513 [31mtotal : 1.533513 [94mAcc_combined: 75.74 [94mAcc_c: 53.53 [94mAcc_g: 56.72 [95mCEU_cue_audio: 0.6301 [95mCEU_cue_video: 0.8121 [95mCEU_synergy: 0.3197 [95mCEU_coexistence: 0.9516 
2025-11-09 00:12:34,873 - Agent - INFO - [37mVal Epoch 22 step 22 with [31mce_loss_combined : 1.545339 [31mtotal : 1.545339 [94mAcc_combined: 73.92 [94mAcc_c: 55.69 [94mAcc_g: 55.92 [95mCEU_cue_audio: 0.6897 [95mCEU_cue_video: 0.7271 [95mCEU_synergy: 0.2786 [95mCEU_coexistence: 0.9247 
2025-11-09 00:17:06,827 - Agent - INFO - [37mVal Epoch 23 step 23 with [31mce_loss_combined : 1.532469 [31mtotal : 1.532469 [94mAcc_combined: 76.08 [94mAcc_c: 58.31 [94mAcc_g: 56.83 [95mCEU_cue_audio: 0.6897 [95mCEU_cue_video: 0.7878 [95mCEU_synergy: 0.2216 [95mCEU_coexistence: 0.9677 
2025-11-09 00:17:06,847 - Agent - INFO - [37mTest Epoch 23 step 23 with [31mce_loss_combined : 1.565346 [31mtotal : 1.565346 [94mAcc_combined: 69.41 [94mAcc_c: 53.73 [94mAcc_g: 52.95 
2025-11-09 00:17:08,951 - Agent - INFO - [37mModels has saved successfully in /esat/smcdata/users/kkontras/Image_Dataset/no_backup/data/2025_data/synergy/Synprom_IB_fold0_l1_contrcoeff1_perturbgen_lr0.0001_wd0.0001_clsconformer_pre.pth.tar
2025-11-09 00:21:39,438 - Agent - INFO - [37mVal Epoch 24 step 24 with [31mce_loss_combined : 1.545606 [31mtotal : 1.545606 [94mAcc_combined: 72.55 [94mAcc_c: 55.01 [94mAcc_g: 54.78 [95mCEU_cue_audio: 0.6712 [95mCEU_cue_video: 0.7271 [95mCEU_synergy: 0.2131 [95mCEU_coexistence: 0.9247 
2025-11-09 00:26:04,541 - Agent - INFO - [37mVal Epoch 25 step 25 with [31mce_loss_combined : 1.543369 [31mtotal : 1.543369 [94mAcc_combined: 74.37 [94mAcc_c: 55.35 [94mAcc_g: 56.26 [95mCEU_cue_audio: 0.6620 [95mCEU_cue_video: 0.7574 [95mCEU_synergy: 0.2295 [95mCEU_coexistence: 0.9542 
2025-11-09 00:30:31,837 - Agent - INFO - [37mVal Epoch 26 step 26 with [31mce_loss_combined : 1.540594 [31mtotal : 1.540594 [94mAcc_combined: 74.60 [94mAcc_c: 56.49 [94mAcc_g: 56.95 [95mCEU_cue_audio: 0.7033 [95mCEU_cue_video: 0.7574 [95mCEU_synergy: 0.2376 [95mCEU_coexistence: 0.9327 
2025-11-09 00:34:53,188 - Agent - INFO - [37mVal Epoch 27 step 27 with [31mce_loss_combined : 1.546571 [31mtotal : 1.546571 [94mAcc_combined: 74.26 [94mAcc_c: 54.67 [94mAcc_g: 56.49 [95mCEU_cue_audio: 0.6941 [95mCEU_cue_video: 0.7211 [95mCEU_synergy: 0.2376 [95mCEU_coexistence: 0.9462 
2025-11-09 00:39:17,005 - Agent - INFO - [37mVal Epoch 28 step 28 with [31mce_loss_combined : 1.543751 [31mtotal : 1.543751 [94mAcc_combined: 73.92 [94mAcc_c: 55.81 [94mAcc_g: 57.52 [95mCEU_cue_audio: 0.6484 [95mCEU_cue_video: 0.7696 [95mCEU_synergy: 0.2050 [95mCEU_coexistence: 0.9542 
2025-11-09 00:43:39,817 - Agent - INFO - [37mVal Epoch 29 step 29 with [31mce_loss_combined : 1.540661 [31mtotal : 1.540661 [94mAcc_combined: 75.28 [94mAcc_c: 56.83 [94mAcc_g: 55.81 [95mCEU_cue_audio: 0.7534 [95mCEU_cue_video: 0.7090 [95mCEU_synergy: 0.2621 [95mCEU_coexistence: 0.9327 
2025-11-09 00:48:07,792 - Agent - INFO - [37mVal Epoch 30 step 30 with [31mce_loss_combined : 1.538412 [31mtotal : 1.538412 [94mAcc_combined: 74.26 [94mAcc_c: 57.86 [94mAcc_g: 56.83 [95mCEU_cue_audio: 0.7351 [95mCEU_cue_video: 0.6972 [95mCEU_synergy: 0.2541 [95mCEU_coexistence: 0.9273 
2025-11-09 00:52:36,229 - Agent - INFO - [37mVal Epoch 31 step 31 with [31mce_loss_combined : 1.540702 [31mtotal : 1.540702 [94mAcc_combined: 73.58 [94mAcc_c: 55.69 [94mAcc_g: 56.38 [95mCEU_cue_audio: 0.6986 [95mCEU_cue_video: 0.7211 [95mCEU_synergy: 0.2131 [95mCEU_coexistence: 0.9356 
2025-11-09 00:57:03,574 - Agent - INFO - [37mVal Epoch 32 step 32 with [31mce_loss_combined : 1.539307 [31mtotal : 1.539307 [94mAcc_combined: 75.06 [94mAcc_c: 55.69 [94mAcc_g: 56.15 [95mCEU_cue_audio: 0.7169 [95mCEU_cue_video: 0.7271 [95mCEU_synergy: 0.2705 [95mCEU_coexistence: 0.9382 
2025-11-09 01:01:37,664 - Agent - INFO - [37mVal Epoch 33 step 33 with [31mce_loss_combined : 1.542454 [31mtotal : 1.542454 [94mAcc_combined: 73.80 [94mAcc_c: 56.04 [94mAcc_g: 55.92 [95mCEU_cue_audio: 0.7855 [95mCEU_cue_video: 0.6546 [95mCEU_synergy: 0.2295 [95mCEU_coexistence: 0.9141 
2025-11-09 01:06:03,432 - Agent - INFO - [37mVal Epoch 34 step 34 with [31mce_loss_combined : 1.540489 [31mtotal : 1.540489 [94mAcc_combined: 73.35 [94mAcc_c: 52.39 [94mAcc_g: 56.38 [95mCEU_cue_audio: 0.5525 [95mCEU_cue_video: 0.8244 [95mCEU_synergy: 0.2705 [95mCEU_coexistence: 0.9516 
2025-11-09 01:10:26,445 - Agent - INFO - [37mVal Epoch 35 step 35 with [31mce_loss_combined : 1.548122 [31mtotal : 1.548122 [94mAcc_combined: 73.12 [94mAcc_c: 51.71 [94mAcc_g: 55.13 [95mCEU_cue_audio: 0.6848 [95mCEU_cue_video: 0.7574 [95mCEU_synergy: 0.2952 [95mCEU_coexistence: 0.8898 
2025-11-09 01:14:49,532 - Agent - INFO - [37mVal Epoch 36 step 36 with [31mce_loss_combined : 1.567487 [31mtotal : 1.567487 [94mAcc_combined: 70.39 [94mAcc_c: 53.53 [94mAcc_g: 55.13 [95mCEU_cue_audio: 0.6620 [95mCEU_cue_video: 0.6365 [95mCEU_synergy: 0.2871 [95mCEU_coexistence: 0.8952 
2025-11-09 01:19:10,863 - Agent - INFO - [37mVal Epoch 37 step 37 with [31mce_loss_combined : 1.562193 [31mtotal : 1.562193 [94mAcc_combined: 66.74 [94mAcc_c: 48.97 [94mAcc_g: 54.78 [95mCEU_cue_audio: 0.5251 [95mCEU_cue_video: 0.7334 [95mCEU_synergy: 0.2295 [95mCEU_coexistence: 0.8657 
2025-11-09 01:23:34,877 - Agent - INFO - [37mVal Epoch 38 step 38 with [31mce_loss_combined : 1.550901 [31mtotal : 1.550901 [94mAcc_combined: 72.32 [94mAcc_c: 55.13 [94mAcc_g: 55.01 [95mCEU_cue_audio: 0.6119 [95mCEU_cue_video: 0.7940 [95mCEU_synergy: 0.2050 [95mCEU_coexistence: 0.9273 
2025-11-09 01:28:00,165 - Agent - INFO - [37mVal Epoch 39 step 39 with [31mce_loss_combined : 1.548607 [31mtotal : 1.548607 [94mAcc_combined: 73.35 [94mAcc_c: 51.71 [94mAcc_g: 54.67 [95mCEU_cue_audio: 0.6897 [95mCEU_cue_video: 0.7271 [95mCEU_synergy: 0.1555 [95mCEU_coexistence: 0.9516 
2025-11-09 01:32:26,731 - Agent - INFO - [37mVal Epoch 40 step 40 with [31mce_loss_combined : 1.545288 [31mtotal : 1.545288 [94mAcc_combined: 73.01 [94mAcc_c: 54.67 [94mAcc_g: 54.33 [95mCEU_cue_audio: 0.6439 [95mCEU_cue_video: 0.7456 [95mCEU_synergy: 0.2621 [95mCEU_coexistence: 0.9273 
2025-11-09 01:36:53,764 - Agent - INFO - [37mVal Epoch 41 step 41 with [31mce_loss_combined : 1.542496 [31mtotal : 1.542496 [94mAcc_combined: 73.92 [94mAcc_c: 56.83 [94mAcc_g: 54.78 [95mCEU_cue_audio: 0.7033 [95mCEU_cue_video: 0.7394 [95mCEU_synergy: 0.1721 [95mCEU_coexistence: 0.9462 
2025-11-09 01:41:18,636 - Agent - INFO - [37mVal Epoch 42 step 42 with [31mce_loss_combined : 1.556722 [31mtotal : 1.556722 [94mAcc_combined: 71.87 [94mAcc_c: 57.40 [94mAcc_g: 54.10 [95mCEU_cue_audio: 0.7306 [95mCEU_cue_video: 0.6120 [95mCEU_synergy: 0.2621 [95mCEU_coexistence: 0.9087 
2025-11-09 01:41:19,501 - Agent - INFO - We are in the final state.
2025-11-09 01:41:20,592 - root - INFO - Loaded best model from /esat/smcdata/users/kkontras/Image_Dataset/no_backup/data/2025_data/synergy/Synprom_IB_fold0_l1_contrcoeff1_perturbgen_lr0.0001_wd0.0001_clsconformer_pre.pth.tar
2025-11-09 01:41:35,432 - Agent - INFO - [37mVal Epoch 42 step 0 with [31mce_loss_combined : 1.532469 [31mtotal : 1.532469 [94mAcc_combined: 76.08 [94mAcc_c: 58.31 [94mAcc_g: 56.83 [95mCEU_cue_audio: 0.6897 [95mCEU_cue_video: 0.7878 [95mCEU_synergy: 0.2216 [95mCEU_coexistence: 0.9677 
2025-11-09 01:41:50,656 - Agent - INFO - [37mTest Epoch 42 step 0 with [31mce_loss_combined : 1.565346 [31mtotal : 1.565346 [94mAcc_combined: 69.41 [94mAcc_c: 53.73 [94mAcc_g: 52.95 
2025-11-09 01:41:54,949 - Agent - INFO - [37mModels has saved successfully in /esat/smcdata/users/kkontras/Image_Dataset/no_backup/data/2025_data/synergy/Synprom_IB_fold0_l1_contrcoeff1_perturbgen_lr0.0001_wd0.0001_clsconformer_pre.pth.tar
Job finished
