Disabling PyTorch because PyTorch >= 2.1 is required but found 2.0.1+cu118
The following values were not passed to `accelerate launch` and had defaults used instead:
	`--num_processes` was set to a value of `1`
	`--num_machines` was set to a value of `1`
	`--mixed_precision` was set to a value of `'no'`
	`--dynamo_backend` was set to a value of `'no'`
To avoid this warning pass in values for each of the problematic parameters or run `accelerate config`.
Disabling PyTorch because PyTorch >= 2.1 is required but found 2.0.1+cu118
wandb: Currently logged in as: kkontras. Use `wandb login --relogin` to force relogin
wandb: wandb version 0.22.3 is available!  To upgrade, please run:
wandb:  $ pip install wandb --upgrade
wandb: Tracking run with wandb version 0.16.2
wandb: Run data is saved locally in /esat/smcdata/users/kkontras/Image_Dataset/no_backup/git/Synergy/wandb/run-20251108_223417-q3bx4szu
wandb: Run `wandb offline` to turn off syncing.
wandb: Syncing run Synprom_IB_fold1_l0.3_contrcoeff1_perturbgen_lr0.0001_wd0.0001_clsconformer_pre
wandb: ⭐️ View project at https://wandb.ai/kkontras/balance
wandb: 🚀 View run at https://wandb.ai/kkontras/balance/runs/q3bx4szu

libgomp: Thread creation failed: Resource temporarily unavailable
Traceback (most recent call last):
  File "/esat/smcdata/users/kkontras/Image_Dataset/no_backup/envs/balance_env/bin/accelerate", line 8, in <module>
    sys.exit(main())
  File "/esat/smcdata/users/kkontras/Image_Dataset/no_backup/envs/balance_env/lib/python3.9/site-packages/accelerate/commands/accelerate_cli.py", line 50, in main
    args.func(args)
  File "/esat/smcdata/users/kkontras/Image_Dataset/no_backup/envs/balance_env/lib/python3.9/site-packages/accelerate/commands/launch.py", line 1198, in launch_command
    simple_launcher(args)
  File "/esat/smcdata/users/kkontras/Image_Dataset/no_backup/envs/balance_env/lib/python3.9/site-packages/accelerate/commands/launch.py", line 785, in simple_launcher
    raise subprocess.CalledProcessError(returncode=process.returncode, cmd=cmd)
subprocess.CalledProcessError: Command '['/esat/smcdata/users/kkontras/Image_Dataset/no_backup/envs/balance_env/bin/python', '/esat/smcdata/users/kkontras/Image_Dataset/no_backup/git/Synergy/train.py', '--config', './configs/CREMA_D/synergy/nov/synprom_ib.json', '--default_config', './configs/CREMA_D/default_config_cremad_res_syn.json', '--fold', '1', '--pre', '--l', '0.3', '--contrcoeff', '1', '--lr', '0.0001', '--wd', '0.0001', '--cls', 'conformer', '--perturb', 'gen', '--start_over']' returned non-zero exit status 1.
