000 (011.002.000) 2025-11-07 18:57:34 Job submitted from host: <10.87.28.209:9618?addrs=10.87.28.209-9618&alias=krakas.esat.kuleuven.be&noUDP&sock=schedd_1611_9729>
...
001 (011.002.000) 2025-11-08 07:19:35 Job executing on host: <10.87.24.4:9618?addrs=10.87.24.4-9618&alias=aristoteles.esat.kuleuven.be&noUDP&sock=startd_12050_e04e>
	SlotName: slot1_3@aristoteles.esat.kuleuven.be
	AvailableGPUs = { GPUs_GPU_30152e2d }
	CondorScratchDir = "/usr/data/condor/execute/dir_4011587"
	Cpus = 8
	Disk = 1050529
	GPUs = 1
	GPUs_GPU_30152e2d = [ Id = "GPU-30152e2d"; ClockMhz = 1410.0; Capability = 8.0; CoresPerCU = 64; DeviceName = "NVIDIA A100-SXM4-80GB"; DeviceUuid = "30152e2d-c9ad-da16-21bc-bf9b07cb3dd0"; ECCEnabled = true; ComputeUnits = 108; NvidiaDriver = "580.95.05"; DriverVersion = 13.0; DevicePciBusId = "0000:4D:00.0"; GlobalMemoryMb = 81153; MaxSupportedVersion = 13000 ]
	Memory = 71680
...
006 (011.002.000) 2025-11-08 07:19:44 Image size of job updated: 247392
	242  -  MemoryUsage of job (MB)
	247392  -  ResidentSetSize of job (KB)
...
006 (011.002.000) 2025-11-08 07:24:45 Image size of job updated: 1580088
	1544  -  MemoryUsage of job (MB)
	1580088  -  ResidentSetSize of job (KB)
...
006 (011.002.000) 2025-11-08 07:29:45 Image size of job updated: 1651736
	1575  -  MemoryUsage of job (MB)
	1612524  -  ResidentSetSize of job (KB)
...
006 (011.002.000) 2025-11-08 07:34:45 Image size of job updated: 1672928
	1594  -  MemoryUsage of job (MB)
	1631808  -  ResidentSetSize of job (KB)
...
006 (011.002.000) 2025-11-08 07:44:46 Image size of job updated: 1688304
	1594  -  MemoryUsage of job (MB)
	1631808  -  ResidentSetSize of job (KB)
...
006 (011.002.000) 2025-11-08 07:49:47 Image size of job updated: 1688304
	1599  -  MemoryUsage of job (MB)
	1636692  -  ResidentSetSize of job (KB)
...
006 (011.002.000) 2025-11-08 07:54:48 Image size of job updated: 1693132
	1599  -  MemoryUsage of job (MB)
	1636692  -  ResidentSetSize of job (KB)
...
006 (011.002.000) 2025-11-08 08:04:49 Image size of job updated: 1708520
	1669  -  MemoryUsage of job (MB)
	1708520  -  ResidentSetSize of job (KB)
...
006 (011.002.000) 2025-11-08 08:34:52 Image size of job updated: 2315172
	1669  -  MemoryUsage of job (MB)
	1708520  -  ResidentSetSize of job (KB)
...
006 (011.002.000) 2025-11-08 10:46:44 Image size of job updated: 3811828
	1669  -  MemoryUsage of job (MB)
	1708520  -  ResidentSetSize of job (KB)
...
005 (011.002.000) 2025-11-08 10:46:44 Job terminated.
	(1) Normal termination (return value 0)
		Usr 0 14:10:13, Sys 0 00:38:54  -  Run Remote Usage
		Usr 0 00:00:00, Sys 0 00:00:00  -  Run Local Usage
		Usr 0 14:10:13, Sys 0 00:38:54  -  Total Remote Usage
		Usr 0 00:00:00, Sys 0 00:00:00  -  Total Local Usage
	0  -  Run Bytes Sent By Job
	0  -  Run Bytes Received By Job
	0  -  Total Bytes Sent By Job
	0  -  Total Bytes Received By Job
	Partitionable Resources :    Usage  Request Allocated Assigned
	   Cpus                 :     3.77        8         8 
	   Disk (KB)            :     2     1048576   1050529 
	   GPUs                 :                 1         1 "GPU-30152e2d"
	   Memory (MB)          :  1669       71680     71680 
	   TimeExecute (s)      : 12429                       
	   TimeSlotBusy (s)     : 12429                       
...
