000 (011.003.000) 2025-11-07 18:57:34 Job submitted from host: <10.87.28.209:9618?addrs=10.87.28.209-9618&alias=krakas.esat.kuleuven.be&noUDP&sock=schedd_1611_9729>
...
001 (011.003.000) 2025-11-08 08:36:36 Job executing on host: <10.87.24.28:9618?addrs=10.87.24.28-9618&alias=z4-demo.esat.kuleuven.be&noUDP&sock=startd_1821_a20d>
	SlotName: slot1_1@z4-demo.esat.kuleuven.be
	AvailableGPUs = { GPUs_GPU_3a8a5d5c }
	CondorScratchDir = "/usr/data/condor/execute/dir_763599"
	Cpus = 8
	Disk = 1049600
	GPUs = 1
	GPUs_GPU_3a8a5d5c = [ Id = "GPU-3a8a5d5c"; ClockMhz = 1695.0; Capability = 8.6; CoresPerCU = 128; DeviceName = "NVIDIA GeForce RTX 3090"; DeviceUuid = "3a8a5d5c-a24a-7f66-bb71-a1b798b11468"; ECCEnabled = false; ComputeUnits = 82; NvidiaDriver = "580.95.05"; DriverVersion = 13.0; DevicePciBusId = "0000:21:00.0"; GlobalMemoryMb = 24114; MaxSupportedVersion = 13000 ]
	Memory = 71680
...
006 (011.003.000) 2025-11-08 08:36:45 Image size of job updated: 240908
	236  -  MemoryUsage of job (MB)
	240908  -  ResidentSetSize of job (KB)
...
006 (011.003.000) 2025-11-08 08:41:46 Image size of job updated: 1630712
	1593  -  MemoryUsage of job (MB)
	1630712  -  ResidentSetSize of job (KB)
...
006 (011.003.000) 2025-11-08 08:46:46 Image size of job updated: 1645696
	1593  -  MemoryUsage of job (MB)
	1630712  -  ResidentSetSize of job (KB)
...
006 (011.003.000) 2025-11-08 08:51:47 Image size of job updated: 1665956
	1593  -  MemoryUsage of job (MB)
	1630712  -  ResidentSetSize of job (KB)
...
006 (011.003.000) 2025-11-08 09:01:47 Image size of job updated: 1665956
	1617  -  MemoryUsage of job (MB)
	1654908  -  ResidentSetSize of job (KB)
...
006 (011.003.000) 2025-11-08 09:11:48 Image size of job updated: 1665956
	1621  -  MemoryUsage of job (MB)
	1659752  -  ResidentSetSize of job (KB)
...
006 (011.003.000) 2025-11-08 09:41:51 Image size of job updated: 1669040
	1630  -  MemoryUsage of job (MB)
	1669040  -  ResidentSetSize of job (KB)
...
006 (011.003.000) 2025-11-08 09:56:53 Image size of job updated: 1721356
	1630  -  MemoryUsage of job (MB)
	1669040  -  ResidentSetSize of job (KB)
...
006 (011.003.000) 2025-11-08 10:21:55 Image size of job updated: 1721356
	1635  -  MemoryUsage of job (MB)
	1673652  -  ResidentSetSize of job (KB)
...
006 (011.003.000) 2025-11-08 10:46:57 Image size of job updated: 2249984
	1635  -  MemoryUsage of job (MB)
	1673652  -  ResidentSetSize of job (KB)
...
006 (011.003.000) 2025-11-08 11:27:01 Image size of job updated: 2617920
	1635  -  MemoryUsage of job (MB)
	1673652  -  ResidentSetSize of job (KB)
...
006 (011.003.000) 2025-11-08 12:32:08 Image size of job updated: 2617920
	1636  -  MemoryUsage of job (MB)
	1674704  -  ResidentSetSize of job (KB)
...
006 (011.003.000) 2025-11-08 13:32:14 Image size of job updated: 2624556
	1636  -  MemoryUsage of job (MB)
	1674704  -  ResidentSetSize of job (KB)
...
006 (011.003.000) 2025-11-08 13:53:29 Image size of job updated: 3797164
	1636  -  MemoryUsage of job (MB)
	1674704  -  ResidentSetSize of job (KB)
...
005 (011.003.000) 2025-11-08 13:53:29 Job terminated.
	(1) Normal termination (return value 0)
		Usr 0 12:52:56, Sys 0 01:50:13  -  Run Remote Usage
		Usr 0 00:00:00, Sys 0 00:00:00  -  Run Local Usage
		Usr 0 12:52:56, Sys 0 01:50:13  -  Total Remote Usage
		Usr 0 00:00:00, Sys 0 00:00:00  -  Total Local Usage
	0  -  Run Bytes Sent By Job
	0  -  Run Bytes Received By Job
	0  -  Total Bytes Sent By Job
	0  -  Total Bytes Received By Job
	Partitionable Resources :    Usage  Request Allocated Assigned
	   Cpus                 :     2.53        8         8 
	   Disk (KB)            :     2     1048576   1049600 
	   GPUs                 :     0.70        1         1 "GPU-3a8a5d5c"
	   GpusMemory (MB)      : 24560                       
	   Memory (MB)          :  1636       71680     71680 
	   TimeExecute (s)      : 19013                       
	   TimeSlotBusy (s)     : 19013                       
...
