Starting Job
/esat/smcdata/users/kkontras/Image_Dataset/no_backup/git/Synergy/train.py
/esat/smcdata/users/kkontras/Image_Dataset/no_backup/envs/balance_env/bin/python
Python 3.9.18
/esat/smcdata/users/kkontras/Image_Dataset/no_backup/git/Synergy
We have 1 GPU
/esat/smcdata/users/kkontras/Image_Dataset/no_backup/git/Synergy/train.py
config-./configs/CREMA_D/synergy/nov/synprom_ib.json
Executing command: accelerate launch /esat/smcdata/users/kkontras/Image_Dataset/no_backup/git/Synergy/train.py --config ./configs/CREMA_D/synergy/nov/synprom_ib.json --default_config ./configs/CREMA_D/default_config_cremad_res_syn.json --fold 1 --pre  --l 0.03 --contrcoeff 1 --lr 0.0001 --wd 0.0001 --cls conformer --perturb gen --start_over 
Namespace(config='./configs/CREMA_D/synergy/nov/synprom_ib.json', default_config='./configs/CREMA_D/default_config_cremad_res_syn.json', fold='1', alpha=None, tanh_mode=None, tanh_mode_beta=None, regby=None, clip=None, batch_size=None, l='0.03', multil=None, l_diffsq=None, lib=None, ratio_us=None, ratio_snr=None, kmepoch=None, num_samples=None, pow=None, nstep=None, contrcoeff='1', kde_coeff=None, etube=None, temperature=None, contr_type=None, shuffle_type=None, validate_with=None, transform_type=None, trasform_before=None, num_classes=None, base_alpha=None, alpha_var=None, base_beta=None, beta_var=None, optim_method=None, ilr_c=None, ilr_g=None, mmcosine_scaling=None, ending_epoch=None, load_ongoing=None, commonlayers=None, recon_weight1=None, recon_weight2=None, recon_epochstages=None, recon_ensemblestages=None, lr='0.0001', wd='0.0001', mm=None, cls='conformer', perturb='gen', pre=True, frozen=False, tdqm_disable=False, start_over=True)
2025-11-08 13:56:29,783 - Config - INFO - ./configs/CREMA_D/synergy/nov/synprom_ib.json
2025-11-08 13:56:29,788 - Config - INFO -  THE Configuration of your experiment ..
{'agent': 'Agent',
 'dataset': {'data_roots': '/esat/smcdata/users/kkontras/Image_Dataset/no_backup/CremaD/CREMA-D',
             'data_split': {'fold': 0, 'method': 'non_inclusive'},
             'dataloader_class': 'CramedD_Dataloader',
             'fps': 1,
             'norm': False,
             'norm_face_path': './mydatasets/CREMAD/norm_face_path_fold{}.pkl',
             'norm_wav_path': './mydatasets/CREMAD/wav_norm_16000_fold{}.pkl',
             'num_frame': 3,
             'return_data': {'audio': False,
                             'face': False,
                             'spectrogram': True,
                             'video': True},
             'sampling_rate': 22050},
 'early_stopping': {'end_of_epoch_check': True,
                    'log_interval': 10,
                    'max_epoch': 1500,
                    'n_steps_stop': 20,
                    'n_steps_stop_after': 0,
                    'save_every_step': 3000,
                    'save_every_valstep': 10,
                    'validate_after': 0,
                    'validate_every': 25,
                    'validate_with': 'accuracy'},
 'exp_name': 'CREMAD Experiment',
 'model': {'args': {'bias_infusion': {'ending_epoch': 1500,
                                      'l': 0.1,
                                      'method': 'false',
                                      'plot': False,
                                      'starting_epoch': 0,
                                      'use': True},
                    'clip_grad': False,
                    'cls_type': 'linear',
                    'd_model': 512,
                    'dropout': 0.1,
                    'fc_inner': 64,
                    'multi_loss': {'multi_supervised_w': {'c': 0,
                                                          'combined': 1,
                                                          'g': 0}},
                    'num_classes': 6},
           'encoders': [{'args': {'d_model': 512,
                                  'dropout': 0.1,
                                  'fc_inner': 64,
                                  'freeze_encoder': False,
                                  'num_classes': 6},
                         'model': 'Audio_ResNet',
                         'pretrainedEncoder': {'dir': 'unimodal_audio_fold{}_lr0.001_wd0.0001.pth.tar',
                                               'use': False}},
                        {'args': {'d_model': 512,
                                  'dropout': 0.1,
                                  'fc_inner': 64,
                                  'freeze_encoder': False,
                                  'num_classes': 6},
                         'model': 'Video_ResNet',
                         'pretrainedEncoder': {'dir': 'unimodal_video_fold{}_lr0.001_wd0.0001.pth.tar',
                                               'use': False}}],
           'load_ongoing': False,
           'model_class': 'Fusion_Synprom_IB',
           'save_base_dir': '/esat/smcdata/users/kkontras/Image_Dataset/no_backup/data/2025_data/synergy',
           'save_dir': 'Synprom_IB_{}.pth.tar'},
 'optimizer': {'beta1': 0.9,
               'beta2': 0.999,
               'learning_rate': 1e-05,
               'momentum': 0.9,
               'type': 'Adam',
               'weight_decay': 1e-05},
 'scheduler': {'max_lr': 0.03, 'type': 'cosanneal', 'warm_up_steps': 780},
 'training_params': {'adversarial_training': {'adv_epsilon': 0.01,
                                              'use': False},
                     'async_loading': True,
                     'batch_size': 32,
                     'cuda': True,
                     'data_loader_workers': 8,
                     'gpu_device': [0],
                     'pin_memory': False,
                     'rec_test': True,
                     'res': True,
                     'seed': 109,
                     'tdqm_disable': False,
                     'test_batch_size': 32,
                     'test_on_bottoms': False,
                     'use_test_set': True,
                     'validation': True,
                     'verbose': True,
                     'wandb_disable': False}}
2025-11-08 13:56:29,790 - Config - INFO -  *************************************** 
2025-11-08 13:56:29,790 - Config - INFO - The experiment name is CREMAD Experiment
2025-11-08 13:56:29,791 - Config - INFO -  *************************************** 
2025-11-08 13:56:29,791 - root - INFO - save_dir: Synprom_IB_fold1_l0.03_contrcoeff1_perturbgen_lr0.0001_wd0.0001_clsconformer_pre.pth.tar
2025-11-08 13:56:29,982 - Cuda Statistics - INFO - __Python VERSION:  3.9.18 (main, Sep 11 2023, 13:41:44) 
[GCC 11.2.0]
2025-11-08 13:56:29,983 - Cuda Statistics - INFO - __pyTorch VERSION:  2.0.1+cu118
2025-11-08 13:56:29,983 - Cuda Statistics - INFO - __CUDA VERSION
2025-11-08 13:56:29,986 - Cuda Statistics - INFO - __CUDNN VERSION:  8700
2025-11-08 13:56:30,014 - Cuda Statistics - INFO - __Number CUDA Devices:  1
2025-11-08 13:56:30,014 - Cuda Statistics - INFO - __Devices
2025-11-08 13:56:30,014 - Cuda Statistics - INFO - index, name, driver_version, memory.total [MiB], memory.used [MiB], memory.free [MiB]
2025-11-08 13:56:30,014 - Cuda Statistics - INFO - 0, NVIDIA GeForce RTX 3090, 580.95.05, 24576 MiB, 39 MiB, 24076 MiB
2025-11-08 13:56:30,020 - Cuda Statistics - INFO - Active CUDA Device: GPU 0
2025-11-08 13:56:30,020 - Cuda Statistics - INFO - Available devices  1
2025-11-08 13:56:30,020 - Cuda Statistics - INFO - Current cuda device  0
This path does not exist /esat/smcdata/users/kkontras/Image_Dataset/no_backup/CremaD/CREMA-D/AudioWAV/1076_MTI_SAD_XX.wav or /esat/smcdata/users/kkontras/Image_Dataset/no_backup/CremaD/CREMA-D/Image-01-FPS/1076_MTI_SAD_XX or /esat/smcdata/users/kkontras/Image_Dataset/no_backup/CremaD/CREMA-D/Face_features/1076_MTI_SAD_XX.npy
2025-11-08 13:56:32,529 - root - INFO - Loaded wav norm from ./mydatasets/CREMAD/wav_norm_16000_fold1.pkl
2025-11-08 13:56:32,533 - root - INFO - Norm values are {'mean': tensor(-2.6751e-05), 'std': tensor(0.0610), 'max_duration': 5.005}
2025-11-08 13:56:33,097 - root - INFO - Loaded wav norm from ./mydatasets/CREMAD/wav_norm_16000_fold1.pkl
2025-11-08 13:56:33,098 - root - INFO - Norm values are {'mean': tensor(-2.6751e-05), 'std': tensor(0.0610), 'max_duration': 5.005}
2025-11-08 13:56:33,681 - root - INFO - Loaded wav norm from ./mydatasets/CREMAD/wav_norm_16000_fold1.pkl
2025-11-08 13:56:33,683 - root - INFO - Norm values are {'mean': tensor(-2.6751e-05), 'std': tensor(0.0610), 'max_duration': 5.005}
Available cores 8
We are changing dataloader workers to num of cores 0
2025-11-08 13:56:33,686 - Agent - INFO - Device: cuda:0
2025-11-08 13:56:33,686 - Agent - INFO - Total training batches: 126, validate every 25 batches, steps per epoch: 6
2025-11-08 13:56:37,903 - Agent - INFO - Loss Weights are {'total': 1, 'combined': 1, 'c': 0, 'g': 0}
2025-11-08 13:56:38,406 - root - INFO - Loading enc best model state dict from /esat/smcdata/users/kkontras/Image_Dataset/no_backup/data/2025_data/synergy/unimodal_audio_fold1_lr0.001_wd0.0001.pth.tar
Replacing module
2025-11-08 13:56:38,788 - root - INFO - Loading enc best model state dict from /esat/smcdata/users/kkontras/Image_Dataset/no_backup/data/2025_data/synergy/unimodal_video_fold1_lr0.001_wd0.0001.pth.tar
Replacing module
2025-11-08 13:56:39,245 - Agent - INFO - Total number of trainable parameters are: 63527064
2025-11-08 13:56:39,259 - Agent - INFO - Total number of trainable parameters are: 63527064
2025-11-08 14:00:49,099 - Agent - INFO - [37mVal Epoch 1 step 1 with [31mce_loss_combined : 1.195521 [31mtotal : 1.195521 [94mAcc_combined: 59.59 [94mAcc_c: 59.82 [94mAcc_g: 52.55 [95mCEU_cue_audio: 0.3236 [95mCEU_cue_video: 0.7814 [95mCEU_synergy: 0.1653 [95mCEU_coexistence: 0.8921 
2025-11-08 14:00:49,115 - Agent - INFO - [37mTest Epoch 1 step 1 with [31mce_loss_combined : 1.075768 [31mtotal : 1.075768 [94mAcc_combined: 65.14 [94mAcc_c: 58.80 [94mAcc_g: 59.13 
2025-11-08 14:00:51,602 - Agent - INFO - [37mModels has saved successfully in /esat/smcdata/users/kkontras/Image_Dataset/no_backup/data/2025_data/synergy/Synprom_IB_fold1_l0.03_contrcoeff1_perturbgen_lr0.0001_wd0.0001_clsconformer_pre.pth.tar
2025-11-08 14:05:01,328 - Agent - INFO - [37mVal Epoch 2 step 2 with [31mce_loss_combined : 1.171022 [31mtotal : 1.171022 [94mAcc_combined: 61.86 [94mAcc_c: 56.98 [94mAcc_g: 53.58 [95mCEU_cue_audio: 0.3865 [95mCEU_cue_video: 0.7597 [95mCEU_synergy: 0.2205 [95mCEU_coexistence: 0.8951 
2025-11-08 14:05:01,341 - Agent - INFO - [37mTest Epoch 2 step 2 with [31mce_loss_combined : 0.983709 [31mtotal : 0.983709 [94mAcc_combined: 69.29 [94mAcc_c: 57.60 [94mAcc_g: 58.91 
2025-11-08 14:05:03,990 - Agent - INFO - [37mModels has saved successfully in /esat/smcdata/users/kkontras/Image_Dataset/no_backup/data/2025_data/synergy/Synprom_IB_fold1_l0.03_contrcoeff1_perturbgen_lr0.0001_wd0.0001_clsconformer_pre.pth.tar
2025-11-08 14:09:14,945 - Agent - INFO - [37mVal Epoch 3 step 3 with [31mce_loss_combined : 1.105486 [31mtotal : 1.105486 [94mAcc_combined: 63.68 [94mAcc_c: 56.30 [94mAcc_g: 52.67 [95mCEU_cue_audio: 0.4117 [95mCEU_cue_video: 0.7814 [95mCEU_synergy: 0.2345 [95mCEU_coexistence: 0.9080 
2025-11-08 14:09:14,959 - Agent - INFO - [37mTest Epoch 3 step 3 with [31mce_loss_combined : 0.921951 [31mtotal : 0.921951 [94mAcc_combined: 72.02 [94mAcc_c: 56.94 [94mAcc_g: 59.23 
2025-11-08 14:09:17,543 - Agent - INFO - [37mModels has saved successfully in /esat/smcdata/users/kkontras/Image_Dataset/no_backup/data/2025_data/synergy/Synprom_IB_fold1_l0.03_contrcoeff1_perturbgen_lr0.0001_wd0.0001_clsconformer_pre.pth.tar
2025-11-08 14:13:29,003 - Agent - INFO - [37mVal Epoch 4 step 4 with [31mce_loss_combined : 1.158320 [31mtotal : 1.158320 [94mAcc_combined: 61.41 [94mAcc_c: 56.19 [94mAcc_g: 49.60 [95mCEU_cue_audio: 0.3151 [95mCEU_cue_video: 0.8252 [95mCEU_synergy: 0.2072 [95mCEU_coexistence: 0.9046 
2025-11-08 14:17:39,853 - Agent - INFO - [37mVal Epoch 5 step 5 with [31mce_loss_combined : 1.354992 [31mtotal : 1.354992 [94mAcc_combined: 56.19 [94mAcc_c: 56.64 [94mAcc_g: 50.74 [95mCEU_cue_audio: 0.3109 [95mCEU_cue_video: 0.7103 [95mCEU_synergy: 0.2691 [95mCEU_coexistence: 0.8000 
2025-11-08 14:21:51,762 - Agent - INFO - [37mVal Epoch 6 step 6 with [31mce_loss_combined : 1.159682 [31mtotal : 1.159682 [94mAcc_combined: 62.66 [94mAcc_c: 53.46 [94mAcc_g: 51.42 [95mCEU_cue_audio: 0.3697 [95mCEU_cue_video: 0.7978 [95mCEU_synergy: 0.2205 [95mCEU_coexistence: 0.9080 
2025-11-08 14:26:02,762 - Agent - INFO - [37mVal Epoch 7 step 7 with [31mce_loss_combined : 1.079260 [31mtotal : 1.079260 [94mAcc_combined: 65.95 [94mAcc_c: 57.21 [94mAcc_g: 52.44 [95mCEU_cue_audio: 0.4497 [95mCEU_cue_video: 0.7868 [95mCEU_synergy: 0.2072 [95mCEU_coexistence: 0.9524 
2025-11-08 14:26:02,777 - Agent - INFO - [37mTest Epoch 7 step 7 with [31mce_loss_combined : 0.881398 [31mtotal : 0.881398 [94mAcc_combined: 73.66 [94mAcc_c: 59.34 [94mAcc_g: 59.45 
2025-11-08 14:26:05,473 - Agent - INFO - [37mModels has saved successfully in /esat/smcdata/users/kkontras/Image_Dataset/no_backup/data/2025_data/synergy/Synprom_IB_fold1_l0.03_contrcoeff1_perturbgen_lr0.0001_wd0.0001_clsconformer_pre.pth.tar
2025-11-08 14:30:15,978 - Agent - INFO - [37mVal Epoch 8 step 8 with [31mce_loss_combined : 1.055816 [31mtotal : 1.055816 [94mAcc_combined: 66.52 [94mAcc_c: 56.87 [94mAcc_g: 53.35 [95mCEU_cue_audio: 0.4160 [95mCEU_cue_video: 0.8527 [95mCEU_synergy: 0.2072 [95mCEU_coexistence: 0.9555 
2025-11-08 14:30:15,992 - Agent - INFO - [37mTest Epoch 8 step 8 with [31mce_loss_combined : 0.887365 [31mtotal : 0.887365 [94mAcc_combined: 73.01 [94mAcc_c: 59.23 [94mAcc_g: 60.00 
2025-11-08 14:30:18,459 - Agent - INFO - [37mModels has saved successfully in /esat/smcdata/users/kkontras/Image_Dataset/no_backup/data/2025_data/synergy/Synprom_IB_fold1_l0.03_contrcoeff1_perturbgen_lr0.0001_wd0.0001_clsconformer_pre.pth.tar
2025-11-08 14:34:28,481 - Agent - INFO - [37mVal Epoch 9 step 9 with [31mce_loss_combined : 1.175470 [31mtotal : 1.175470 [94mAcc_combined: 63.79 [94mAcc_c: 58.57 [94mAcc_g: 51.65 [95mCEU_cue_audio: 0.3908 [95mCEU_cue_video: 0.8359 [95mCEU_synergy: 0.1586 [95mCEU_coexistence: 0.9301 
2025-11-08 14:38:37,585 - Agent - INFO - [37mVal Epoch 10 step 10 with [31mce_loss_combined : 1.128918 [31mtotal : 1.128918 [94mAcc_combined: 64.47 [94mAcc_c: 60.50 [94mAcc_g: 51.42 [95mCEU_cue_audio: 0.4034 [95mCEU_cue_video: 0.8032 [95mCEU_synergy: 0.1725 [95mCEU_coexistence: 0.9524 
2025-11-08 14:42:51,135 - Agent - INFO - [37mVal Epoch 11 step 11 with [31mce_loss_combined : 1.004927 [31mtotal : 1.004927 [94mAcc_combined: 67.99 [94mAcc_c: 58.68 [94mAcc_g: 51.87 [95mCEU_cue_audio: 0.4580 [95mCEU_cue_video: 0.8580 [95mCEU_synergy: 0.1932 [95mCEU_coexistence: 0.9681 
2025-11-08 14:42:51,149 - Agent - INFO - [37mTest Epoch 11 step 11 with [31mce_loss_combined : 0.875145 [31mtotal : 0.875145 [94mAcc_combined: 74.54 [94mAcc_c: 59.02 [94mAcc_g: 59.13 
2025-11-08 14:42:54,095 - Agent - INFO - [37mModels has saved successfully in /esat/smcdata/users/kkontras/Image_Dataset/no_backup/data/2025_data/synergy/Synprom_IB_fold1_l0.03_contrcoeff1_perturbgen_lr0.0001_wd0.0001_clsconformer_pre.pth.tar
2025-11-08 14:47:05,045 - Agent - INFO - [37mVal Epoch 12 step 12 with [31mce_loss_combined : 1.045940 [31mtotal : 1.045940 [94mAcc_combined: 66.40 [94mAcc_c: 55.51 [94mAcc_g: 54.03 [95mCEU_cue_audio: 0.4706 [95mCEU_cue_video: 0.8142 [95mCEU_synergy: 0.1792 [95mCEU_coexistence: 0.9460 
2025-11-08 14:51:15,032 - Agent - INFO - [37mVal Epoch 13 step 13 with [31mce_loss_combined : 1.096283 [31mtotal : 1.096283 [94mAcc_combined: 66.17 [94mAcc_c: 55.62 [94mAcc_g: 54.48 [95mCEU_cue_audio: 0.4454 [95mCEU_cue_video: 0.8469 [95mCEU_synergy: 0.1239 [95mCEU_coexistence: 0.9650 
2025-11-08 14:55:25,067 - Agent - INFO - [37mVal Epoch 14 step 14 with [31mce_loss_combined : 1.120652 [31mtotal : 1.120652 [94mAcc_combined: 64.47 [94mAcc_c: 56.98 [94mAcc_g: 53.80 [95mCEU_cue_audio: 0.3782 [95mCEU_cue_video: 0.8195 [95mCEU_synergy: 0.2139 [95mCEU_coexistence: 0.9429 
2025-11-08 14:59:35,940 - Agent - INFO - [37mVal Epoch 15 step 15 with [31mce_loss_combined : 1.054840 [31mtotal : 1.054840 [94mAcc_combined: 66.17 [94mAcc_c: 56.64 [94mAcc_g: 54.03 [95mCEU_cue_audio: 0.4202 [95mCEU_cue_video: 0.8305 [95mCEU_synergy: 0.1932 [95mCEU_coexistence: 0.9620 
2025-11-08 15:03:46,791 - Agent - INFO - [37mVal Epoch 16 step 16 with [31mce_loss_combined : 1.083106 [31mtotal : 1.083106 [94mAcc_combined: 65.83 [94mAcc_c: 57.89 [94mAcc_g: 54.14 [95mCEU_cue_audio: 0.4412 [95mCEU_cue_video: 0.8195 [95mCEU_synergy: 0.1653 [95mCEU_coexistence: 0.9555 
2025-11-08 15:07:56,610 - Agent - INFO - [37mVal Epoch 17 step 17 with [31mce_loss_combined : 1.104614 [31mtotal : 1.104614 [94mAcc_combined: 65.72 [94mAcc_c: 57.89 [94mAcc_g: 51.19 [95mCEU_cue_audio: 0.4454 [95mCEU_cue_video: 0.8252 [95mCEU_synergy: 0.1725 [95mCEU_coexistence: 0.9429 
2025-11-08 15:12:06,246 - Agent - INFO - [37mVal Epoch 18 step 18 with [31mce_loss_combined : 1.152711 [31mtotal : 1.152711 [94mAcc_combined: 63.90 [94mAcc_c: 57.09 [94mAcc_g: 52.67 [95mCEU_cue_audio: 0.4328 [95mCEU_cue_video: 0.7814 [95mCEU_synergy: 0.1725 [95mCEU_coexistence: 0.9270 
2025-11-08 15:16:16,597 - Agent - INFO - [37mVal Epoch 19 step 19 with [31mce_loss_combined : 1.125493 [31mtotal : 1.125493 [94mAcc_combined: 64.36 [94mAcc_c: 59.14 [94mAcc_g: 55.39 [95mCEU_cue_audio: 0.4412 [95mCEU_cue_video: 0.7925 [95mCEU_synergy: 0.1379 [95mCEU_coexistence: 0.9429 
2025-11-08 15:20:27,643 - Agent - INFO - [37mVal Epoch 20 step 20 with [31mce_loss_combined : 1.254938 [31mtotal : 1.254938 [94mAcc_combined: 61.41 [94mAcc_c: 58.57 [94mAcc_g: 53.80 [95mCEU_cue_audio: 0.3865 [95mCEU_cue_video: 0.7323 [95mCEU_synergy: 0.2485 [95mCEU_coexistence: 0.8856 
2025-11-08 15:24:42,390 - Agent - INFO - [37mVal Epoch 21 step 21 with [31mce_loss_combined : 1.130949 [31mtotal : 1.130949 [94mAcc_combined: 65.04 [94mAcc_c: 55.39 [94mAcc_g: 51.19 [95mCEU_cue_audio: 0.4454 [95mCEU_cue_video: 0.8089 [95mCEU_synergy: 0.1519 [95mCEU_coexistence: 0.9429 
2025-11-08 15:28:53,981 - Agent - INFO - [37mVal Epoch 22 step 22 with [31mce_loss_combined : 1.209050 [31mtotal : 1.209050 [94mAcc_combined: 62.20 [94mAcc_c: 54.14 [94mAcc_g: 51.08 [95mCEU_cue_audio: 0.4034 [95mCEU_cue_video: 0.7650 [95mCEU_synergy: 0.2205 [95mCEU_coexistence: 0.8890 
2025-11-08 15:33:03,801 - Agent - INFO - [37mVal Epoch 23 step 23 with [31mce_loss_combined : 1.227827 [31mtotal : 1.227827 [94mAcc_combined: 61.07 [94mAcc_c: 52.21 [94mAcc_g: 52.33 [95mCEU_cue_audio: 0.3991 [95mCEU_cue_video: 0.7267 [95mCEU_synergy: 0.2278 [95mCEU_coexistence: 0.8794 
2025-11-08 15:37:16,616 - Agent - INFO - [37mVal Epoch 24 step 24 with [31mce_loss_combined : 1.072632 [31mtotal : 1.072632 [94mAcc_combined: 67.88 [94mAcc_c: 58.12 [94mAcc_g: 51.19 [95mCEU_cue_audio: 0.5043 [95mCEU_cue_video: 0.8252 [95mCEU_synergy: 0.1999 [95mCEU_coexistence: 0.9460 
2025-11-08 15:41:27,146 - Agent - INFO - [37mVal Epoch 25 step 25 with [31mce_loss_combined : 1.115752 [31mtotal : 1.115752 [94mAcc_combined: 64.81 [94mAcc_c: 59.25 [94mAcc_g: 53.01 [95mCEU_cue_audio: 0.4286 [95mCEU_cue_video: 0.7978 [95mCEU_synergy: 0.1792 [95mCEU_coexistence: 0.9429 
2025-11-08 15:45:38,028 - Agent - INFO - [37mVal Epoch 26 step 26 with [31mce_loss_combined : 1.020705 [31mtotal : 1.020705 [94mAcc_combined: 68.44 [94mAcc_c: 58.00 [94mAcc_g: 52.10 [95mCEU_cue_audio: 0.5294 [95mCEU_cue_video: 0.7814 [95mCEU_synergy: 0.2412 [95mCEU_coexistence: 0.9491 
2025-11-08 15:45:38,043 - Agent - INFO - [37mTest Epoch 26 step 26 with [31mce_loss_combined : 0.850712 [31mtotal : 0.850712 [94mAcc_combined: 75.41 [94mAcc_c: 62.19 [94mAcc_g: 60.33 
2025-11-08 15:45:40,752 - Agent - INFO - [37mModels has saved successfully in /esat/smcdata/users/kkontras/Image_Dataset/no_backup/data/2025_data/synergy/Synprom_IB_fold1_l0.03_contrcoeff1_perturbgen_lr0.0001_wd0.0001_clsconformer_pre.pth.tar
2025-11-08 15:49:52,224 - Agent - INFO - [37mVal Epoch 27 step 27 with [31mce_loss_combined : 1.067017 [31mtotal : 1.067017 [94mAcc_combined: 66.74 [94mAcc_c: 56.30 [94mAcc_g: 52.21 [95mCEU_cue_audio: 0.4623 [95mCEU_cue_video: 0.8032 [95mCEU_synergy: 0.2412 [95mCEU_coexistence: 0.9396 
2025-11-08 15:54:02,887 - Agent - INFO - [37mVal Epoch 28 step 28 with [31mce_loss_combined : 1.008816 [31mtotal : 1.008816 [94mAcc_combined: 68.10 [94mAcc_c: 58.46 [94mAcc_g: 50.28 [95mCEU_cue_audio: 0.5043 [95mCEU_cue_video: 0.7978 [95mCEU_synergy: 0.2345 [95mCEU_coexistence: 0.9524 
2025-11-08 15:58:13,358 - Agent - INFO - [37mVal Epoch 29 step 29 with [31mce_loss_combined : 1.022669 [31mtotal : 1.022669 [94mAcc_combined: 69.13 [94mAcc_c: 58.12 [94mAcc_g: 54.03 [95mCEU_cue_audio: 0.5546 [95mCEU_cue_video: 0.7978 [95mCEU_synergy: 0.2485 [95mCEU_coexistence: 0.9365 
2025-11-08 15:58:13,372 - Agent - INFO - [37mTest Epoch 29 step 29 with [31mce_loss_combined : 0.858656 [31mtotal : 0.858656 [94mAcc_combined: 75.19 [94mAcc_c: 59.56 [94mAcc_g: 60.77 
2025-11-08 15:58:16,030 - Agent - INFO - [37mModels has saved successfully in /esat/smcdata/users/kkontras/Image_Dataset/no_backup/data/2025_data/synergy/Synprom_IB_fold1_l0.03_contrcoeff1_perturbgen_lr0.0001_wd0.0001_clsconformer_pre.pth.tar
2025-11-08 16:02:25,375 - Agent - INFO - [37mVal Epoch 30 step 30 with [31mce_loss_combined : 0.979820 [31mtotal : 0.979820 [94mAcc_combined: 69.69 [94mAcc_c: 58.80 [94mAcc_g: 53.12 [95mCEU_cue_audio: 0.5840 [95mCEU_cue_video: 0.7761 [95mCEU_synergy: 0.2205 [95mCEU_coexistence: 0.9555 
2025-11-08 16:02:25,389 - Agent - INFO - [37mTest Epoch 30 step 30 with [31mce_loss_combined : 0.819010 [31mtotal : 0.819010 [94mAcc_combined: 76.61 [94mAcc_c: 61.42 [94mAcc_g: 61.09 
2025-11-08 16:02:28,094 - Agent - INFO - [37mModels has saved successfully in /esat/smcdata/users/kkontras/Image_Dataset/no_backup/data/2025_data/synergy/Synprom_IB_fold1_l0.03_contrcoeff1_perturbgen_lr0.0001_wd0.0001_clsconformer_pre.pth.tar
2025-11-08 16:06:39,802 - Agent - INFO - [37mVal Epoch 31 step 31 with [31mce_loss_combined : 1.027931 [31mtotal : 1.027931 [94mAcc_combined: 68.56 [94mAcc_c: 56.64 [94mAcc_g: 51.99 [95mCEU_cue_audio: 0.5337 [95mCEU_cue_video: 0.8032 [95mCEU_synergy: 0.2412 [95mCEU_coexistence: 0.9365 
2025-11-08 16:10:52,229 - Agent - INFO - [37mVal Epoch 32 step 32 with [31mce_loss_combined : 1.073305 [31mtotal : 1.073305 [94mAcc_combined: 66.63 [94mAcc_c: 55.51 [94mAcc_g: 50.85 [95mCEU_cue_audio: 0.4832 [95mCEU_cue_video: 0.7814 [95mCEU_synergy: 0.2552 [95mCEU_coexistence: 0.9270 
2025-11-08 16:15:03,870 - Agent - INFO - [37mVal Epoch 33 step 33 with [31mce_loss_combined : 0.992490 [31mtotal : 0.992490 [94mAcc_combined: 70.37 [94mAcc_c: 55.85 [94mAcc_g: 52.44 [95mCEU_cue_audio: 0.6009 [95mCEU_cue_video: 0.7868 [95mCEU_synergy: 0.2485 [95mCEU_coexistence: 0.9429 
2025-11-08 16:15:03,885 - Agent - INFO - [37mTest Epoch 33 step 33 with [31mce_loss_combined : 0.873544 [31mtotal : 0.873544 [94mAcc_combined: 74.86 [94mAcc_c: 60.22 [94mAcc_g: 60.11 
2025-11-08 16:15:06,460 - Agent - INFO - [37mModels has saved successfully in /esat/smcdata/users/kkontras/Image_Dataset/no_backup/data/2025_data/synergy/Synprom_IB_fold1_l0.03_contrcoeff1_perturbgen_lr0.0001_wd0.0001_clsconformer_pre.pth.tar
2025-11-08 16:19:16,076 - Agent - INFO - [37mVal Epoch 34 step 34 with [31mce_loss_combined : 1.162342 [31mtotal : 1.162342 [94mAcc_combined: 64.36 [94mAcc_c: 57.55 [94mAcc_g: 53.35 [95mCEU_cue_audio: 0.4663 [95mCEU_cue_video: 0.7868 [95mCEU_synergy: 0.1999 [95mCEU_coexistence: 0.8985 
2025-11-08 16:23:26,907 - Agent - INFO - [37mVal Epoch 35 step 35 with [31mce_loss_combined : 1.074656 [31mtotal : 1.074656 [94mAcc_combined: 66.74 [94mAcc_c: 58.57 [94mAcc_g: 50.51 [95mCEU_cue_audio: 0.5337 [95mCEU_cue_video: 0.7761 [95mCEU_synergy: 0.2485 [95mCEU_coexistence: 0.8985 
2025-11-08 16:27:37,133 - Agent - INFO - [37mVal Epoch 36 step 36 with [31mce_loss_combined : 1.063341 [31mtotal : 1.063341 [94mAcc_combined: 66.97 [94mAcc_c: 56.75 [94mAcc_g: 54.03 [95mCEU_cue_audio: 0.5209 [95mCEU_cue_video: 0.8089 [95mCEU_synergy: 0.1653 [95mCEU_coexistence: 0.9334 
2025-11-08 16:31:46,480 - Agent - INFO - [37mVal Epoch 37 step 37 with [31mce_loss_combined : 1.085927 [31mtotal : 1.085927 [94mAcc_combined: 66.52 [94mAcc_c: 56.64 [94mAcc_g: 53.80 [95mCEU_cue_audio: 0.5083 [95mCEU_cue_video: 0.7868 [95mCEU_synergy: 0.1860 [95mCEU_coexistence: 0.9334 
2025-11-08 16:35:55,781 - Agent - INFO - [37mVal Epoch 38 step 38 with [31mce_loss_combined : 1.166977 [31mtotal : 1.166977 [94mAcc_combined: 63.45 [94mAcc_c: 52.10 [94mAcc_g: 50.06 [95mCEU_cue_audio: 0.4580 [95mCEU_cue_video: 0.7761 [95mCEU_synergy: 0.2278 [95mCEU_coexistence: 0.8730 
2025-11-08 16:40:06,580 - Agent - INFO - [37mVal Epoch 39 step 39 with [31mce_loss_combined : 0.969044 [31mtotal : 0.969044 [94mAcc_combined: 69.81 [94mAcc_c: 59.93 [94mAcc_g: 49.26 [95mCEU_cue_audio: 0.5798 [95mCEU_cue_video: 0.7814 [95mCEU_synergy: 0.1999 [95mCEU_coexistence: 0.9681 
2025-11-08 16:44:18,381 - Agent - INFO - [37mVal Epoch 40 step 40 with [31mce_loss_combined : 1.125958 [31mtotal : 1.125958 [94mAcc_combined: 65.15 [94mAcc_c: 57.55 [94mAcc_g: 49.26 [95mCEU_cue_audio: 0.4706 [95mCEU_cue_video: 0.7925 [95mCEU_synergy: 0.1860 [95mCEU_coexistence: 0.9206 
2025-11-08 16:48:35,748 - Agent - INFO - [37mVal Epoch 41 step 41 with [31mce_loss_combined : 1.034320 [31mtotal : 1.034320 [94mAcc_combined: 68.67 [94mAcc_c: 56.07 [94mAcc_g: 50.74 [95mCEU_cue_audio: 0.5757 [95mCEU_cue_video: 0.7814 [95mCEU_synergy: 0.2278 [95mCEU_coexistence: 0.9270 
2025-11-08 16:52:46,301 - Agent - INFO - [37mVal Epoch 42 step 42 with [31mce_loss_combined : 1.064292 [31mtotal : 1.064292 [94mAcc_combined: 67.99 [94mAcc_c: 57.21 [94mAcc_g: 52.44 [95mCEU_cue_audio: 0.5757 [95mCEU_cue_video: 0.7597 [95mCEU_synergy: 0.1999 [95mCEU_coexistence: 0.9334 
2025-11-08 16:56:55,751 - Agent - INFO - [37mVal Epoch 43 step 43 with [31mce_loss_combined : 1.068984 [31mtotal : 1.068984 [94mAcc_combined: 67.20 [94mAcc_c: 57.55 [94mAcc_g: 50.62 [95mCEU_cue_audio: 0.5294 [95mCEU_cue_video: 0.7487 [95mCEU_synergy: 0.2485 [95mCEU_coexistence: 0.9301 
2025-11-08 17:01:07,039 - Agent - INFO - [37mVal Epoch 44 step 44 with [31mce_loss_combined : 0.997072 [31mtotal : 0.997072 [94mAcc_combined: 69.81 [94mAcc_c: 59.48 [94mAcc_g: 52.33 [95mCEU_cue_audio: 0.5631 [95mCEU_cue_video: 0.7925 [95mCEU_synergy: 0.2345 [95mCEU_coexistence: 0.9586 
2025-11-08 17:05:17,783 - Agent - INFO - [37mVal Epoch 45 step 45 with [31mce_loss_combined : 1.078210 [31mtotal : 1.078210 [94mAcc_combined: 66.63 [94mAcc_c: 58.57 [94mAcc_g: 53.69 [95mCEU_cue_audio: 0.5337 [95mCEU_cue_video: 0.7487 [95mCEU_synergy: 0.1932 [95mCEU_coexistence: 0.9365 
2025-11-08 17:09:27,219 - Agent - INFO - [37mVal Epoch 46 step 46 with [31mce_loss_combined : 1.069692 [31mtotal : 1.069692 [94mAcc_combined: 66.86 [94mAcc_c: 58.00 [94mAcc_g: 53.46 [95mCEU_cue_audio: 0.5126 [95mCEU_cue_video: 0.7540 [95mCEU_synergy: 0.2552 [95mCEU_coexistence: 0.9270 
2025-11-08 17:13:39,299 - Agent - INFO - [37mVal Epoch 47 step 47 with [31mce_loss_combined : 1.208376 [31mtotal : 1.208376 [94mAcc_combined: 61.18 [94mAcc_c: 56.98 [94mAcc_g: 50.17 [95mCEU_cue_audio: 0.4286 [95mCEU_cue_video: 0.7159 [95mCEU_synergy: 0.2412 [95mCEU_coexistence: 0.8604 
2025-11-08 17:17:48,548 - Agent - INFO - [37mVal Epoch 48 step 48 with [31mce_loss_combined : 1.006516 [31mtotal : 1.006516 [94mAcc_combined: 68.44 [94mAcc_c: 59.25 [94mAcc_g: 51.65 [95mCEU_cue_audio: 0.5840 [95mCEU_cue_video: 0.7487 [95mCEU_synergy: 0.2412 [95mCEU_coexistence: 0.9270 
2025-11-08 17:22:00,998 - Agent - INFO - [37mVal Epoch 49 step 49 with [31mce_loss_combined : 1.044463 [31mtotal : 1.044463 [94mAcc_combined: 66.86 [94mAcc_c: 59.48 [94mAcc_g: 51.99 [95mCEU_cue_audio: 0.5546 [95mCEU_cue_video: 0.7267 [95mCEU_synergy: 0.2072 [95mCEU_coexistence: 0.9334 
2025-11-08 17:26:12,914 - Agent - INFO - [37mVal Epoch 50 step 50 with [31mce_loss_combined : 1.045642 [31mtotal : 1.045642 [94mAcc_combined: 68.22 [94mAcc_c: 60.95 [94mAcc_g: 51.76 [95mCEU_cue_audio: 0.5672 [95mCEU_cue_video: 0.7487 [95mCEU_synergy: 0.2485 [95mCEU_coexistence: 0.9301 
2025-11-08 17:30:29,090 - Agent - INFO - [37mVal Epoch 51 step 51 with [31mce_loss_combined : 0.987090 [31mtotal : 0.987090 [94mAcc_combined: 69.58 [94mAcc_c: 58.68 [94mAcc_g: 50.51 [95mCEU_cue_audio: 0.6177 [95mCEU_cue_video: 0.7323 [95mCEU_synergy: 0.2691 [95mCEU_coexistence: 0.9301 
2025-11-08 17:34:39,753 - Agent - INFO - [37mVal Epoch 52 step 52 with [31mce_loss_combined : 1.080552 [31mtotal : 1.080552 [94mAcc_combined: 66.29 [94mAcc_c: 59.59 [94mAcc_g: 49.49 [95mCEU_cue_audio: 0.5168 [95mCEU_cue_video: 0.7376 [95mCEU_synergy: 0.2965 [95mCEU_coexistence: 0.8985 
2025-11-08 17:34:40,552 - Agent - INFO - We are in the final state.
2025-11-08 17:34:41,215 - root - INFO - Loaded best model from /esat/smcdata/users/kkontras/Image_Dataset/no_backup/data/2025_data/synergy/Synprom_IB_fold1_l0.03_contrcoeff1_perturbgen_lr0.0001_wd0.0001_clsconformer_pre.pth.tar
2025-11-08 17:34:54,894 - Agent - INFO - [37mVal Epoch 52 step 0 with [31mce_loss_combined : 0.992490 [31mtotal : 0.992490 [94mAcc_combined: 70.37 [94mAcc_c: 55.85 [94mAcc_g: 52.44 [95mCEU_cue_audio: 0.6009 [95mCEU_cue_video: 0.7868 [95mCEU_synergy: 0.2485 [95mCEU_coexistence: 0.9429 
2025-11-08 17:35:09,195 - Agent - INFO - [37mTest Epoch 52 step 0 with [31mce_loss_combined : 0.873544 [31mtotal : 0.873544 [94mAcc_combined: 74.86 [94mAcc_c: 60.22 [94mAcc_g: 60.11 
2025-11-08 17:35:14,296 - Agent - INFO - [37mModels has saved successfully in /esat/smcdata/users/kkontras/Image_Dataset/no_backup/data/2025_data/synergy/Synprom_IB_fold1_l0.03_contrcoeff1_perturbgen_lr0.0001_wd0.0001_clsconformer_pre.pth.tar
Job finished
