Starting Job
/esat/smcdata/users/kkontras/Image_Dataset/no_backup/git/Synergy/train.py
/esat/smcdata/users/kkontras/Image_Dataset/no_backup/envs/balance_env/bin/python
Python 3.9.18
/esat/smcdata/users/kkontras/Image_Dataset/no_backup/git/Synergy
We have 1 GPU
/esat/smcdata/users/kkontras/Image_Dataset/no_backup/git/Synergy/train.py
config-./configs/CREMA_D/synergy/nov/synprom_ib.json
Executing command: accelerate launch /esat/smcdata/users/kkontras/Image_Dataset/no_backup/git/Synergy/train.py --config ./configs/CREMA_D/synergy/nov/synprom_ib.json --default_config ./configs/CREMA_D/default_config_cremad_res_syn.json --fold 2 --pre  --l 0.03 --contrcoeff 1 --lr 0.0001 --wd 0.0001 --cls conformer --perturb gen --start_over 
Namespace(config='./configs/CREMA_D/synergy/nov/synprom_ib.json', default_config='./configs/CREMA_D/default_config_cremad_res_syn.json', fold='2', alpha=None, tanh_mode=None, tanh_mode_beta=None, regby=None, clip=None, batch_size=None, l='0.03', multil=None, l_diffsq=None, lib=None, ratio_us=None, ratio_snr=None, kmepoch=None, num_samples=None, pow=None, nstep=None, contrcoeff='1', kde_coeff=None, etube=None, temperature=None, contr_type=None, shuffle_type=None, validate_with=None, transform_type=None, trasform_before=None, num_classes=None, base_alpha=None, alpha_var=None, base_beta=None, beta_var=None, optim_method=None, ilr_c=None, ilr_g=None, mmcosine_scaling=None, ending_epoch=None, load_ongoing=None, commonlayers=None, recon_weight1=None, recon_weight2=None, recon_epochstages=None, recon_ensemblestages=None, lr='0.0001', wd='0.0001', mm=None, cls='conformer', perturb='gen', pre=True, frozen=False, tdqm_disable=False, start_over=True)
2025-11-08 17:42:09,486 - Config - INFO - ./configs/CREMA_D/synergy/nov/synprom_ib.json
2025-11-08 17:42:09,491 - Config - INFO -  THE Configuration of your experiment ..
{'agent': 'Agent',
 'dataset': {'data_roots': '/esat/smcdata/users/kkontras/Image_Dataset/no_backup/CremaD/CREMA-D',
             'data_split': {'fold': 0, 'method': 'non_inclusive'},
             'dataloader_class': 'CramedD_Dataloader',
             'fps': 1,
             'norm': False,
             'norm_face_path': './mydatasets/CREMAD/norm_face_path_fold{}.pkl',
             'norm_wav_path': './mydatasets/CREMAD/wav_norm_16000_fold{}.pkl',
             'num_frame': 3,
             'return_data': {'audio': False,
                             'face': False,
                             'spectrogram': True,
                             'video': True},
             'sampling_rate': 22050},
 'early_stopping': {'end_of_epoch_check': True,
                    'log_interval': 10,
                    'max_epoch': 1500,
                    'n_steps_stop': 20,
                    'n_steps_stop_after': 0,
                    'save_every_step': 3000,
                    'save_every_valstep': 10,
                    'validate_after': 0,
                    'validate_every': 25,
                    'validate_with': 'accuracy'},
 'exp_name': 'CREMAD Experiment',
 'model': {'args': {'bias_infusion': {'ending_epoch': 1500,
                                      'l': 0.1,
                                      'method': 'false',
                                      'plot': False,
                                      'starting_epoch': 0,
                                      'use': True},
                    'clip_grad': False,
                    'cls_type': 'linear',
                    'd_model': 512,
                    'dropout': 0.1,
                    'fc_inner': 64,
                    'multi_loss': {'multi_supervised_w': {'c': 0,
                                                          'combined': 1,
                                                          'g': 0}},
                    'num_classes': 6},
           'encoders': [{'args': {'d_model': 512,
                                  'dropout': 0.1,
                                  'fc_inner': 64,
                                  'freeze_encoder': False,
                                  'num_classes': 6},
                         'model': 'Audio_ResNet',
                         'pretrainedEncoder': {'dir': 'unimodal_audio_fold{}_lr0.001_wd0.0001.pth.tar',
                                               'use': False}},
                        {'args': {'d_model': 512,
                                  'dropout': 0.1,
                                  'fc_inner': 64,
                                  'freeze_encoder': False,
                                  'num_classes': 6},
                         'model': 'Video_ResNet',
                         'pretrainedEncoder': {'dir': 'unimodal_video_fold{}_lr0.001_wd0.0001.pth.tar',
                                               'use': False}}],
           'load_ongoing': False,
           'model_class': 'Fusion_Synprom_IB',
           'save_base_dir': '/esat/smcdata/users/kkontras/Image_Dataset/no_backup/data/2025_data/synergy',
           'save_dir': 'Synprom_IB_{}.pth.tar'},
 'optimizer': {'beta1': 0.9,
               'beta2': 0.999,
               'learning_rate': 1e-05,
               'momentum': 0.9,
               'type': 'Adam',
               'weight_decay': 1e-05},
 'scheduler': {'max_lr': 0.03, 'type': 'cosanneal', 'warm_up_steps': 780},
 'training_params': {'adversarial_training': {'adv_epsilon': 0.01,
                                              'use': False},
                     'async_loading': True,
                     'batch_size': 32,
                     'cuda': True,
                     'data_loader_workers': 8,
                     'gpu_device': [0],
                     'pin_memory': False,
                     'rec_test': True,
                     'res': True,
                     'seed': 109,
                     'tdqm_disable': False,
                     'test_batch_size': 32,
                     'test_on_bottoms': False,
                     'use_test_set': True,
                     'validation': True,
                     'verbose': True,
                     'wandb_disable': False}}
2025-11-08 17:42:09,493 - Config - INFO -  *************************************** 
2025-11-08 17:42:09,493 - Config - INFO - The experiment name is CREMAD Experiment
2025-11-08 17:42:09,493 - Config - INFO -  *************************************** 
2025-11-08 17:42:09,493 - root - INFO - save_dir: Synprom_IB_fold2_l0.03_contrcoeff1_perturbgen_lr0.0001_wd0.0001_clsconformer_pre.pth.tar
2025-11-08 17:42:09,671 - Cuda Statistics - INFO - __Python VERSION:  3.9.18 (main, Sep 11 2023, 13:41:44) 
[GCC 11.2.0]
2025-11-08 17:42:09,672 - Cuda Statistics - INFO - __pyTorch VERSION:  2.0.1+cu118
2025-11-08 17:42:09,672 - Cuda Statistics - INFO - __CUDA VERSION
2025-11-08 17:42:09,677 - Cuda Statistics - INFO - __CUDNN VERSION:  8700
2025-11-08 17:42:09,694 - Cuda Statistics - INFO - __Number CUDA Devices:  1
2025-11-08 17:42:09,694 - Cuda Statistics - INFO - __Devices
2025-11-08 17:42:09,694 - Cuda Statistics - INFO - index, name, driver_version, memory.total [MiB], memory.used [MiB], memory.free [MiB]
2025-11-08 17:42:09,694 - Cuda Statistics - INFO - 0, NVIDIA GeForce RTX 3090, 580.95.05, 24576 MiB, 39 MiB, 24076 MiB
2025-11-08 17:42:09,701 - Cuda Statistics - INFO - Active CUDA Device: GPU 0
2025-11-08 17:42:09,701 - Cuda Statistics - INFO - Available devices  1
2025-11-08 17:42:09,702 - Cuda Statistics - INFO - Current cuda device  0
This path does not exist /esat/smcdata/users/kkontras/Image_Dataset/no_backup/CremaD/CREMA-D/AudioWAV/1076_MTI_SAD_XX.wav or /esat/smcdata/users/kkontras/Image_Dataset/no_backup/CremaD/CREMA-D/Image-01-FPS/1076_MTI_SAD_XX or /esat/smcdata/users/kkontras/Image_Dataset/no_backup/CremaD/CREMA-D/Face_features/1076_MTI_SAD_XX.npy
2025-11-08 17:42:12,435 - root - INFO - Loaded wav norm from ./mydatasets/CREMAD/wav_norm_16000_fold2.pkl
2025-11-08 17:42:12,464 - root - INFO - Norm values are {'mean': tensor(-2.7781e-05), 'std': tensor(0.0615), 'max_duration': 5.005}
2025-11-08 17:42:13,085 - root - INFO - Loaded wav norm from ./mydatasets/CREMAD/wav_norm_16000_fold2.pkl
2025-11-08 17:42:13,086 - root - INFO - Norm values are {'mean': tensor(-2.7781e-05), 'std': tensor(0.0615), 'max_duration': 5.005}
2025-11-08 17:42:13,758 - root - INFO - Loaded wav norm from ./mydatasets/CREMAD/wav_norm_16000_fold2.pkl
2025-11-08 17:42:13,760 - root - INFO - Norm values are {'mean': tensor(-2.7781e-05), 'std': tensor(0.0615), 'max_duration': 5.005}
Available cores 8
We are changing dataloader workers to num of cores 0
2025-11-08 17:42:13,763 - Agent - INFO - Device: cuda:0
2025-11-08 17:42:13,763 - Agent - INFO - Total training batches: 126, validate every 25 batches, steps per epoch: 6
2025-11-08 17:42:18,994 - Agent - INFO - Loss Weights are {'total': 1, 'combined': 1, 'c': 0, 'g': 0}
2025-11-08 17:42:19,707 - root - INFO - Loading enc best model state dict from /esat/smcdata/users/kkontras/Image_Dataset/no_backup/data/2025_data/synergy/unimodal_audio_fold2_lr0.001_wd0.0001.pth.tar
Replacing module
2025-11-08 17:42:20,358 - root - INFO - Loading enc best model state dict from /esat/smcdata/users/kkontras/Image_Dataset/no_backup/data/2025_data/synergy/unimodal_video_fold2_lr0.001_wd0.0001.pth.tar
Replacing module
2025-11-08 17:42:20,815 - Agent - INFO - Total number of trainable parameters are: 63527064
2025-11-08 17:42:20,830 - Agent - INFO - Total number of trainable parameters are: 63527064
2025-11-08 17:46:45,222 - Agent - INFO - [37mVal Epoch 1 step 1 with [31mce_loss_combined : 0.794706 [31mtotal : 0.794706 [94mAcc_combined: 75.95 [94mAcc_c: 59.38 [94mAcc_g: 64.33 [95mCEU_cue_audio: 0.6349 [95mCEU_cue_video: 0.8387 [95mCEU_synergy: 0.2285 [95mCEU_coexistence: 0.9818 
2025-11-08 17:46:45,235 - Agent - INFO - [37mTest Epoch 1 step 1 with [31mce_loss_combined : 0.852711 [31mtotal : 0.852711 [94mAcc_combined: 72.59 [94mAcc_c: 61.99 [94mAcc_g: 53.85 
2025-11-08 17:46:48,229 - Agent - INFO - [37mModels has saved successfully in /esat/smcdata/users/kkontras/Image_Dataset/no_backup/data/2025_data/synergy/Synprom_IB_fold2_l0.03_contrcoeff1_perturbgen_lr0.0001_wd0.0001_clsconformer_pre.pth.tar
2025-11-08 17:50:58,882 - Agent - INFO - [37mVal Epoch 2 step 2 with [31mce_loss_combined : 0.797924 [31mtotal : 0.797924 [94mAcc_combined: 74.80 [94mAcc_c: 54.55 [94mAcc_g: 63.29 [95mCEU_cue_audio: 0.6400 [95mCEU_cue_video: 0.8161 [95mCEU_synergy: 0.2285 [95mCEU_coexistence: 0.9637 
2025-11-08 17:55:10,008 - Agent - INFO - [37mVal Epoch 3 step 3 with [31mce_loss_combined : 0.850511 [31mtotal : 0.850511 [94mAcc_combined: 75.26 [94mAcc_c: 56.16 [94mAcc_g: 62.49 [95mCEU_cue_audio: 0.6138 [95mCEU_cue_video: 0.8250 [95mCEU_synergy: 0.2676 [95mCEU_coexistence: 0.9697 
2025-11-08 17:59:20,973 - Agent - INFO - [37mVal Epoch 4 step 4 with [31mce_loss_combined : 0.801942 [31mtotal : 0.801942 [94mAcc_combined: 77.33 [94mAcc_c: 58.46 [94mAcc_g: 62.60 [95mCEU_cue_audio: 0.6189 [95mCEU_cue_video: 0.9014 [95mCEU_synergy: 0.2127 [95mCEU_coexistence: 0.9908 
2025-11-08 17:59:20,987 - Agent - INFO - [37mTest Epoch 4 step 4 with [31mce_loss_combined : 0.927445 [31mtotal : 0.927445 [94mAcc_combined: 71.63 [94mAcc_c: 60.81 [94mAcc_g: 53.32 
2025-11-08 17:59:23,955 - Agent - INFO - [37mModels has saved successfully in /esat/smcdata/users/kkontras/Image_Dataset/no_backup/data/2025_data/synergy/Synprom_IB_fold2_l0.03_contrcoeff1_perturbgen_lr0.0001_wd0.0001_clsconformer_pre.pth.tar
2025-11-08 18:03:35,930 - Agent - INFO - [37mVal Epoch 5 step 5 with [31mce_loss_combined : 0.772561 [31mtotal : 0.772561 [94mAcc_combined: 77.68 [94mAcc_c: 56.04 [94mAcc_g: 63.18 [95mCEU_cue_audio: 0.6720 [95mCEU_cue_video: 0.8429 [95mCEU_synergy: 0.2519 [95mCEU_coexistence: 0.9939 
2025-11-08 18:03:35,943 - Agent - INFO - [37mTest Epoch 5 step 5 with [31mce_loss_combined : 0.901573 [31mtotal : 0.901573 [94mAcc_combined: 71.63 [94mAcc_c: 55.78 [94mAcc_g: 53.53 
2025-11-08 18:03:38,668 - Agent - INFO - [37mModels has saved successfully in /esat/smcdata/users/kkontras/Image_Dataset/no_backup/data/2025_data/synergy/Synprom_IB_fold2_l0.03_contrcoeff1_perturbgen_lr0.0001_wd0.0001_clsconformer_pre.pth.tar
2025-11-08 18:07:49,631 - Agent - INFO - [37mVal Epoch 6 step 6 with [31mce_loss_combined : 0.840448 [31mtotal : 0.840448 [94mAcc_combined: 74.80 [94mAcc_c: 56.73 [94mAcc_g: 62.60 [95mCEU_cue_audio: 0.5871 [95mCEU_cue_video: 0.8340 [95mCEU_synergy: 0.2204 [95mCEU_coexistence: 0.9847 
2025-11-08 18:12:00,266 - Agent - INFO - [37mVal Epoch 7 step 7 with [31mce_loss_combined : 0.782593 [31mtotal : 0.782593 [94mAcc_combined: 77.45 [94mAcc_c: 52.70 [94mAcc_g: 64.21 [95mCEU_cue_audio: 0.6878 [95mCEU_cue_video: 0.8519 [95mCEU_synergy: 0.2204 [95mCEU_coexistence: 0.9847 
2025-11-08 18:16:12,435 - Agent - INFO - [37mVal Epoch 8 step 8 with [31mce_loss_combined : 0.811708 [31mtotal : 0.811708 [94mAcc_combined: 76.52 [94mAcc_c: 53.97 [94mAcc_g: 62.60 [95mCEU_cue_audio: 0.6878 [95mCEU_cue_video: 0.8340 [95mCEU_synergy: 0.2127 [95mCEU_coexistence: 0.9758 
2025-11-08 18:20:24,495 - Agent - INFO - [37mVal Epoch 9 step 9 with [31mce_loss_combined : 0.961595 [31mtotal : 0.961595 [94mAcc_combined: 72.38 [94mAcc_c: 54.66 [94mAcc_g: 60.87 [95mCEU_cue_audio: 0.6138 [95mCEU_cue_video: 0.7849 [95mCEU_synergy: 0.2285 [95mCEU_coexistence: 0.9363 
2025-11-08 18:24:35,620 - Agent - INFO - [37mVal Epoch 10 step 10 with [31mce_loss_combined : 0.957934 [31mtotal : 0.957934 [94mAcc_combined: 71.69 [94mAcc_c: 51.21 [94mAcc_g: 61.91 [95mCEU_cue_audio: 0.5448 [95mCEU_cue_video: 0.8071 [95mCEU_synergy: 0.1813 [95mCEU_coexistence: 0.9605 
2025-11-08 18:28:50,612 - Agent - INFO - [37mVal Epoch 11 step 11 with [31mce_loss_combined : 0.875206 [31mtotal : 0.875206 [94mAcc_combined: 74.80 [94mAcc_c: 52.36 [94mAcc_g: 60.64 [95mCEU_cue_audio: 0.6932 [95mCEU_cue_video: 0.7759 [95mCEU_synergy: 0.2834 [95mCEU_coexistence: 0.9394 
2025-11-08 18:33:01,569 - Agent - INFO - [37mVal Epoch 12 step 12 with [31mce_loss_combined : 0.925148 [31mtotal : 0.925148 [94mAcc_combined: 72.96 [94mAcc_c: 50.98 [94mAcc_g: 62.72 [95mCEU_cue_audio: 0.5926 [95mCEU_cue_video: 0.8028 [95mCEU_synergy: 0.1889 [95mCEU_coexistence: 0.9666 
2025-11-08 18:37:13,823 - Agent - INFO - [37mVal Epoch 13 step 13 with [31mce_loss_combined : 0.791149 [31mtotal : 0.791149 [94mAcc_combined: 78.25 [94mAcc_c: 54.43 [94mAcc_g: 63.75 [95mCEU_cue_audio: 0.7145 [95mCEU_cue_video: 0.8387 [95mCEU_synergy: 0.2599 [95mCEU_coexistence: 0.9847 
2025-11-08 18:37:13,838 - Agent - INFO - [37mTest Epoch 13 step 13 with [31mce_loss_combined : 0.931978 [31mtotal : 0.931978 [94mAcc_combined: 71.63 [94mAcc_c: 57.82 [94mAcc_g: 54.71 
2025-11-08 18:37:16,698 - Agent - INFO - [37mModels has saved successfully in /esat/smcdata/users/kkontras/Image_Dataset/no_backup/data/2025_data/synergy/Synprom_IB_fold2_l0.03_contrcoeff1_perturbgen_lr0.0001_wd0.0001_clsconformer_pre.pth.tar
2025-11-08 18:41:27,473 - Agent - INFO - [37mVal Epoch 14 step 14 with [31mce_loss_combined : 0.820980 [31mtotal : 0.820980 [94mAcc_combined: 76.41 [94mAcc_c: 53.62 [94mAcc_g: 63.87 [95mCEU_cue_audio: 0.7090 [95mCEU_cue_video: 0.8071 [95mCEU_synergy: 0.1889 [95mCEU_coexistence: 0.9879 
2025-11-08 18:45:38,248 - Agent - INFO - [37mVal Epoch 15 step 15 with [31mce_loss_combined : 0.845940 [31mtotal : 0.845940 [94mAcc_combined: 75.72 [94mAcc_c: 51.90 [94mAcc_g: 62.72 [95mCEU_cue_audio: 0.6932 [95mCEU_cue_video: 0.8207 [95mCEU_synergy: 0.1574 [95mCEU_coexistence: 0.9818 
2025-11-08 18:49:50,153 - Agent - INFO - [37mVal Epoch 16 step 16 with [31mce_loss_combined : 0.826002 [31mtotal : 0.826002 [94mAcc_combined: 76.64 [94mAcc_c: 52.01 [94mAcc_g: 63.06 [95mCEU_cue_audio: 0.6878 [95mCEU_cue_video: 0.8297 [95mCEU_synergy: 0.2204 [95mCEU_coexistence: 0.9787 
2025-11-08 18:53:59,674 - Agent - INFO - [37mVal Epoch 17 step 17 with [31mce_loss_combined : 0.952381 [31mtotal : 0.952381 [94mAcc_combined: 73.42 [94mAcc_c: 51.55 [94mAcc_g: 62.83 [95mCEU_cue_audio: 0.6509 [95mCEU_cue_video: 0.7580 [95mCEU_synergy: 0.2361 [95mCEU_coexistence: 0.9576 
2025-11-08 18:58:09,159 - Agent - INFO - [37mVal Epoch 18 step 18 with [31mce_loss_combined : 0.971276 [31mtotal : 0.971276 [94mAcc_combined: 71.81 [94mAcc_c: 53.74 [94mAcc_g: 62.95 [95mCEU_cue_audio: 0.5977 [95mCEU_cue_video: 0.7623 [95mCEU_synergy: 0.2676 [95mCEU_coexistence: 0.9302 
2025-11-08 19:02:19,359 - Agent - INFO - [37mVal Epoch 19 step 19 with [31mce_loss_combined : 0.913449 [31mtotal : 0.913449 [94mAcc_combined: 74.57 [94mAcc_c: 53.16 [94mAcc_g: 64.44 [95mCEU_cue_audio: 0.6561 [95mCEU_cue_video: 0.8071 [95mCEU_synergy: 0.1813 [95mCEU_coexistence: 0.9726 
2025-11-08 19:06:30,567 - Agent - INFO - [37mVal Epoch 20 step 20 with [31mce_loss_combined : 0.873006 [31mtotal : 0.873006 [94mAcc_combined: 75.95 [94mAcc_c: 52.70 [94mAcc_g: 63.41 [95mCEU_cue_audio: 0.7462 [95mCEU_cue_video: 0.7490 [95mCEU_synergy: 0.2361 [95mCEU_coexistence: 0.9758 
2025-11-08 19:10:46,045 - Agent - INFO - [37mVal Epoch 21 step 21 with [31mce_loss_combined : 0.945675 [31mtotal : 0.945675 [94mAcc_combined: 73.99 [94mAcc_c: 51.44 [94mAcc_g: 63.29 [95mCEU_cue_audio: 0.5926 [95mCEU_cue_video: 0.8207 [95mCEU_synergy: 0.2519 [95mCEU_coexistence: 0.9576 
2025-11-08 19:14:55,935 - Agent - INFO - [37mVal Epoch 22 step 22 with [31mce_loss_combined : 0.895489 [31mtotal : 0.895489 [94mAcc_combined: 74.91 [94mAcc_c: 51.78 [94mAcc_g: 63.87 [95mCEU_cue_audio: 0.6615 [95mCEU_cue_video: 0.7892 [95mCEU_synergy: 0.2047 [95mCEU_coexistence: 0.9818 
2025-11-08 19:19:08,759 - Agent - INFO - [37mVal Epoch 23 step 23 with [31mce_loss_combined : 0.874037 [31mtotal : 0.874037 [94mAcc_combined: 76.52 [94mAcc_c: 53.62 [94mAcc_g: 63.98 [95mCEU_cue_audio: 0.7407 [95mCEU_cue_video: 0.7938 [95mCEU_synergy: 0.1889 [95mCEU_coexistence: 0.9818 
2025-11-08 19:23:19,494 - Agent - INFO - [37mVal Epoch 24 step 24 with [31mce_loss_combined : 0.837083 [31mtotal : 0.837083 [94mAcc_combined: 76.52 [94mAcc_c: 52.70 [94mAcc_g: 63.18 [95mCEU_cue_audio: 0.7301 [95mCEU_cue_video: 0.7849 [95mCEU_synergy: 0.2285 [95mCEU_coexistence: 0.9787 
2025-11-08 19:27:30,519 - Agent - INFO - [37mVal Epoch 25 step 25 with [31mce_loss_combined : 0.855759 [31mtotal : 0.855759 [94mAcc_combined: 76.41 [94mAcc_c: 53.62 [94mAcc_g: 63.29 [95mCEU_cue_audio: 0.7301 [95mCEU_cue_video: 0.7938 [95mCEU_synergy: 0.2204 [95mCEU_coexistence: 0.9726 
2025-11-08 19:31:41,861 - Agent - INFO - [37mVal Epoch 26 step 26 with [31mce_loss_combined : 0.867772 [31mtotal : 0.867772 [94mAcc_combined: 76.06 [94mAcc_c: 52.24 [94mAcc_g: 63.41 [95mCEU_cue_audio: 0.7090 [95mCEU_cue_video: 0.7981 [95mCEU_synergy: 0.2442 [95mCEU_coexistence: 0.9637 
2025-11-08 19:35:53,608 - Agent - INFO - [37mVal Epoch 27 step 27 with [31mce_loss_combined : 0.889602 [31mtotal : 0.889602 [94mAcc_combined: 74.91 [94mAcc_c: 52.24 [94mAcc_g: 65.02 [95mCEU_cue_audio: 0.7090 [95mCEU_cue_video: 0.7712 [95mCEU_synergy: 0.2285 [95mCEU_coexistence: 0.9576 
2025-11-08 19:40:03,044 - Agent - INFO - [37mVal Epoch 28 step 28 with [31mce_loss_combined : 0.916020 [31mtotal : 0.916020 [94mAcc_combined: 74.22 [94mAcc_c: 50.17 [94mAcc_g: 62.83 [95mCEU_cue_audio: 0.7038 [95mCEU_cue_video: 0.7670 [95mCEU_synergy: 0.1889 [95mCEU_coexistence: 0.9605 
2025-11-08 19:44:13,096 - Agent - INFO - [37mVal Epoch 29 step 29 with [31mce_loss_combined : 0.854646 [31mtotal : 0.854646 [94mAcc_combined: 76.06 [94mAcc_c: 53.16 [94mAcc_g: 64.44 [95mCEU_cue_audio: 0.7936 [95mCEU_cue_video: 0.7354 [95mCEU_synergy: 0.2285 [95mCEU_coexistence: 0.9637 
2025-11-08 19:48:22,918 - Agent - INFO - [37mVal Epoch 30 step 30 with [31mce_loss_combined : 0.894970 [31mtotal : 0.894970 [94mAcc_combined: 74.91 [94mAcc_c: 52.13 [94mAcc_g: 65.36 [95mCEU_cue_audio: 0.7568 [95mCEU_cue_video: 0.7311 [95mCEU_synergy: 0.2285 [95mCEU_coexistence: 0.9576 
2025-11-08 19:52:39,002 - Agent - INFO - [37mVal Epoch 31 step 31 with [31mce_loss_combined : 0.910982 [31mtotal : 0.910982 [94mAcc_combined: 74.91 [94mAcc_c: 51.67 [94mAcc_g: 64.56 [95mCEU_cue_audio: 0.7724 [95mCEU_cue_video: 0.7264 [95mCEU_synergy: 0.2047 [95mCEU_coexistence: 0.9605 
2025-11-08 19:56:49,163 - Agent - INFO - [37mVal Epoch 32 step 32 with [31mce_loss_combined : 0.932219 [31mtotal : 0.932219 [94mAcc_combined: 74.57 [94mAcc_c: 50.29 [94mAcc_g: 64.79 [95mCEU_cue_audio: 0.7724 [95mCEU_cue_video: 0.7311 [95mCEU_synergy: 0.2047 [95mCEU_coexistence: 0.9484 
2025-11-08 19:56:49,950 - Agent - INFO - We are in the final state.
2025-11-08 19:56:50,587 - root - INFO - Loaded best model from /esat/smcdata/users/kkontras/Image_Dataset/no_backup/data/2025_data/synergy/Synprom_IB_fold2_l0.03_contrcoeff1_perturbgen_lr0.0001_wd0.0001_clsconformer_pre.pth.tar
2025-11-08 19:57:04,079 - Agent - INFO - [37mVal Epoch 32 step 0 with [31mce_loss_combined : 0.791149 [31mtotal : 0.791149 [94mAcc_combined: 78.25 [94mAcc_c: 54.43 [94mAcc_g: 63.75 [95mCEU_cue_audio: 0.7145 [95mCEU_cue_video: 0.8387 [95mCEU_synergy: 0.2599 [95mCEU_coexistence: 0.9847 
2025-11-08 19:57:18,932 - Agent - INFO - [37mTest Epoch 32 step 0 with [31mce_loss_combined : 0.931978 [31mtotal : 0.931978 [94mAcc_combined: 71.63 [94mAcc_c: 57.82 [94mAcc_g: 54.71 
2025-11-08 19:57:23,634 - Agent - INFO - [37mModels has saved successfully in /esat/smcdata/users/kkontras/Image_Dataset/no_backup/data/2025_data/synergy/Synprom_IB_fold2_l0.03_contrcoeff1_perturbgen_lr0.0001_wd0.0001_clsconformer_pre.pth.tar
Job finished
