Starting Job
/esat/smcdata/users/kkontras/Image_Dataset/no_backup/git/Synergy/train.py
/esat/smcdata/users/kkontras/Image_Dataset/no_backup/envs/balance_env/bin/python
Python 3.9.18
/esat/smcdata/users/kkontras/Image_Dataset/no_backup/git/Synergy
We have 1 GPU
/esat/smcdata/users/kkontras/Image_Dataset/no_backup/git/Synergy/train.py
config-./configs/CREMA_D/synergy/nov/synprom_ib.json
Executing command: accelerate launch /esat/smcdata/users/kkontras/Image_Dataset/no_backup/git/Synergy/train.py --config ./configs/CREMA_D/synergy/nov/synprom_ib.json --default_config ./configs/CREMA_D/default_config_cremad_res_syn.json --fold 0 --pre  --l 0.1 --contrcoeff 1 --lr 0.0001 --wd 0.0001 --cls conformer --perturb gen --start_over 
Namespace(config='./configs/CREMA_D/synergy/nov/synprom_ib.json', default_config='./configs/CREMA_D/default_config_cremad_res_syn.json', fold='0', alpha=None, tanh_mode=None, tanh_mode_beta=None, regby=None, clip=None, batch_size=None, l='0.1', multil=None, l_diffsq=None, lib=None, ratio_us=None, ratio_snr=None, kmepoch=None, num_samples=None, pow=None, nstep=None, contrcoeff='1', kde_coeff=None, etube=None, temperature=None, contr_type=None, shuffle_type=None, validate_with=None, transform_type=None, trasform_before=None, num_classes=None, base_alpha=None, alpha_var=None, base_beta=None, beta_var=None, optim_method=None, ilr_c=None, ilr_g=None, mmcosine_scaling=None, ending_epoch=None, load_ongoing=None, commonlayers=None, recon_weight1=None, recon_weight2=None, recon_epochstages=None, recon_ensemblestages=None, lr='0.0001', wd='0.0001', mm=None, cls='conformer', perturb='gen', pre=True, frozen=False, tdqm_disable=False, start_over=True)
2025-11-08 20:02:06,478 - Config - INFO - ./configs/CREMA_D/synergy/nov/synprom_ib.json
2025-11-08 20:02:06,481 - Config - INFO -  THE Configuration of your experiment ..
{'agent': 'Agent',
 'dataset': {'data_roots': '/esat/smcdata/users/kkontras/Image_Dataset/no_backup/CremaD/CREMA-D',
             'data_split': {'fold': 0, 'method': 'non_inclusive'},
             'dataloader_class': 'CramedD_Dataloader',
             'fps': 1,
             'norm': False,
             'norm_face_path': './mydatasets/CREMAD/norm_face_path_fold{}.pkl',
             'norm_wav_path': './mydatasets/CREMAD/wav_norm_16000_fold{}.pkl',
             'num_frame': 3,
             'return_data': {'audio': False,
                             'face': False,
                             'spectrogram': True,
                             'video': True},
             'sampling_rate': 22050},
 'early_stopping': {'end_of_epoch_check': True,
                    'log_interval': 10,
                    'max_epoch': 1500,
                    'n_steps_stop': 20,
                    'n_steps_stop_after': 0,
                    'save_every_step': 3000,
                    'save_every_valstep': 10,
                    'validate_after': 0,
                    'validate_every': 25,
                    'validate_with': 'accuracy'},
 'exp_name': 'CREMAD Experiment',
 'model': {'args': {'bias_infusion': {'ending_epoch': 1500,
                                      'l': 0.1,
                                      'method': 'false',
                                      'plot': False,
                                      'starting_epoch': 0,
                                      'use': True},
                    'clip_grad': False,
                    'cls_type': 'linear',
                    'd_model': 512,
                    'dropout': 0.1,
                    'fc_inner': 64,
                    'multi_loss': {'multi_supervised_w': {'c': 0,
                                                          'combined': 1,
                                                          'g': 0}},
                    'num_classes': 6},
           'encoders': [{'args': {'d_model': 512,
                                  'dropout': 0.1,
                                  'fc_inner': 64,
                                  'freeze_encoder': False,
                                  'num_classes': 6},
                         'model': 'Audio_ResNet',
                         'pretrainedEncoder': {'dir': 'unimodal_audio_fold{}_lr0.001_wd0.0001.pth.tar',
                                               'use': False}},
                        {'args': {'d_model': 512,
                                  'dropout': 0.1,
                                  'fc_inner': 64,
                                  'freeze_encoder': False,
                                  'num_classes': 6},
                         'model': 'Video_ResNet',
                         'pretrainedEncoder': {'dir': 'unimodal_video_fold{}_lr0.001_wd0.0001.pth.tar',
                                               'use': False}}],
           'load_ongoing': False,
           'model_class': 'Fusion_Synprom_IB',
           'save_base_dir': '/esat/smcdata/users/kkontras/Image_Dataset/no_backup/data/2025_data/synergy',
           'save_dir': 'Synprom_IB_{}.pth.tar'},
 'optimizer': {'beta1': 0.9,
               'beta2': 0.999,
               'learning_rate': 1e-05,
               'momentum': 0.9,
               'type': 'Adam',
               'weight_decay': 1e-05},
 'scheduler': {'max_lr': 0.03, 'type': 'cosanneal', 'warm_up_steps': 780},
 'training_params': {'adversarial_training': {'adv_epsilon': 0.01,
                                              'use': False},
                     'async_loading': True,
                     'batch_size': 32,
                     'cuda': True,
                     'data_loader_workers': 8,
                     'gpu_device': [0],
                     'pin_memory': False,
                     'rec_test': True,
                     'res': True,
                     'seed': 109,
                     'tdqm_disable': False,
                     'test_batch_size': 32,
                     'test_on_bottoms': False,
                     'use_test_set': True,
                     'validation': True,
                     'verbose': True,
                     'wandb_disable': False}}
2025-11-08 20:02:06,482 - Config - INFO -  *************************************** 
2025-11-08 20:02:06,482 - Config - INFO - The experiment name is CREMAD Experiment
2025-11-08 20:02:06,482 - Config - INFO -  *************************************** 
2025-11-08 20:02:06,483 - root - INFO - save_dir: Synprom_IB_fold0_l0.1_contrcoeff1_perturbgen_lr0.0001_wd0.0001_clsconformer_pre.pth.tar
2025-11-08 20:02:06,641 - Cuda Statistics - INFO - __Python VERSION:  3.9.18 (main, Sep 11 2023, 13:41:44) 
[GCC 11.2.0]
2025-11-08 20:02:06,642 - Cuda Statistics - INFO - __pyTorch VERSION:  2.0.1+cu118
2025-11-08 20:02:06,642 - Cuda Statistics - INFO - __CUDA VERSION
2025-11-08 20:02:06,645 - Cuda Statistics - INFO - __CUDNN VERSION:  8700
2025-11-08 20:02:06,676 - Cuda Statistics - INFO - __Number CUDA Devices:  1
2025-11-08 20:02:06,676 - Cuda Statistics - INFO - __Devices
2025-11-08 20:02:06,676 - Cuda Statistics - INFO - index, name, driver_version, memory.total [MiB], memory.used [MiB], memory.free [MiB]
2025-11-08 20:02:06,676 - Cuda Statistics - INFO - 0, NVIDIA GeForce RTX 3090, 580.95.05, 24576 MiB, 39 MiB, 24076 MiB
2025-11-08 20:02:06,682 - Cuda Statistics - INFO - Active CUDA Device: GPU 0
2025-11-08 20:02:06,682 - Cuda Statistics - INFO - Available devices  1
2025-11-08 20:02:06,682 - Cuda Statistics - INFO - Current cuda device  0
This path does not exist /esat/smcdata/users/kkontras/Image_Dataset/no_backup/CremaD/CREMA-D/AudioWAV/1076_MTI_SAD_XX.wav or /esat/smcdata/users/kkontras/Image_Dataset/no_backup/CremaD/CREMA-D/Image-01-FPS/1076_MTI_SAD_XX or /esat/smcdata/users/kkontras/Image_Dataset/no_backup/CremaD/CREMA-D/Face_features/1076_MTI_SAD_XX.npy
2025-11-08 20:02:09,291 - root - INFO - Loaded wav norm from ./mydatasets/CREMAD/wav_norm_16000_fold0.pkl
2025-11-08 20:02:09,296 - root - INFO - Norm values are {'mean': tensor(-2.7937e-05), 'std': tensor(0.0613), 'max_duration': 4.8715625}
2025-11-08 20:02:09,879 - root - INFO - Loaded wav norm from ./mydatasets/CREMAD/wav_norm_16000_fold0.pkl
2025-11-08 20:02:09,881 - root - INFO - Norm values are {'mean': tensor(-2.7937e-05), 'std': tensor(0.0613), 'max_duration': 4.8715625}
2025-11-08 20:02:10,465 - root - INFO - Loaded wav norm from ./mydatasets/CREMAD/wav_norm_16000_fold0.pkl
2025-11-08 20:02:10,466 - root - INFO - Norm values are {'mean': tensor(-2.7937e-05), 'std': tensor(0.0613), 'max_duration': 4.8715625}
Available cores 8
We are changing dataloader workers to num of cores 0
2025-11-08 20:02:10,469 - Agent - INFO - Device: cuda:0
2025-11-08 20:02:10,470 - Agent - INFO - Total training batches: 127, validate every 25 batches, steps per epoch: 6
2025-11-08 20:02:15,630 - Agent - INFO - Loss Weights are {'total': 1, 'combined': 1, 'c': 0, 'g': 0}
2025-11-08 20:02:16,149 - root - INFO - Loading enc best model state dict from /esat/smcdata/users/kkontras/Image_Dataset/no_backup/data/2025_data/synergy/unimodal_audio_fold0_lr0.001_wd0.0001.pth.tar
Replacing module
2025-11-08 20:02:16,548 - root - INFO - Loading enc best model state dict from /esat/smcdata/users/kkontras/Image_Dataset/no_backup/data/2025_data/synergy/unimodal_video_fold0_lr0.001_wd0.0001.pth.tar
Replacing module
2025-11-08 20:02:17,030 - Agent - INFO - Total number of trainable parameters are: 63527064
2025-11-08 20:02:17,044 - Agent - INFO - Total number of trainable parameters are: 63527064
2025-11-08 20:06:30,736 - Agent - INFO - [37mVal Epoch 1 step 1 with [31mce_loss_combined : 1.061115 [31mtotal : 1.061115 [94mAcc_combined: 69.59 [94mAcc_c: 60.71 [94mAcc_g: 60.82 [95mCEU_cue_audio: 0.3789 [95mCEU_cue_video: 0.8728 [95mCEU_synergy: 0.2705 [95mCEU_coexistence: 0.9436 
2025-11-08 20:06:30,751 - Agent - INFO - [37mTest Epoch 1 step 1 with [31mce_loss_combined : 1.214447 [31mtotal : 1.214447 [94mAcc_combined: 60.85 [94mAcc_c: 54.73 [94mAcc_g: 55.62 
2025-11-08 20:06:33,335 - Agent - INFO - [37mModels has saved successfully in /esat/smcdata/users/kkontras/Image_Dataset/no_backup/data/2025_data/synergy/Synprom_IB_fold0_l0.1_contrcoeff1_perturbgen_lr0.0001_wd0.0001_clsconformer_pre.pth.tar
2025-11-08 20:10:47,689 - Agent - INFO - [37mVal Epoch 2 step 2 with [31mce_loss_combined : 1.023324 [31mtotal : 1.023324 [94mAcc_combined: 70.27 [94mAcc_c: 63.10 [94mAcc_g: 58.31 [95mCEU_cue_audio: 0.4064 [95mCEU_cue_video: 0.8968 [95mCEU_synergy: 0.2376 [95mCEU_coexistence: 0.9436 
2025-11-08 20:10:47,702 - Agent - INFO - [37mTest Epoch 2 step 2 with [31mce_loss_combined : 1.154926 [31mtotal : 1.154926 [94mAcc_combined: 64.85 [94mAcc_c: 56.28 [94mAcc_g: 56.62 
2025-11-08 20:10:50,397 - Agent - INFO - [37mModels has saved successfully in /esat/smcdata/users/kkontras/Image_Dataset/no_backup/data/2025_data/synergy/Synprom_IB_fold0_l0.1_contrcoeff1_perturbgen_lr0.0001_wd0.0001_clsconformer_pre.pth.tar
2025-11-08 20:15:01,317 - Agent - INFO - [37mVal Epoch 3 step 3 with [31mce_loss_combined : 1.067924 [31mtotal : 1.067924 [94mAcc_combined: 68.45 [94mAcc_c: 60.48 [94mAcc_g: 57.52 [95mCEU_cue_audio: 0.3196 [95mCEU_cue_video: 0.9154 [95mCEU_synergy: 0.3031 [95mCEU_coexistence: 0.9221 
2025-11-08 20:19:13,267 - Agent - INFO - [37mVal Epoch 4 step 4 with [31mce_loss_combined : 1.088649 [31mtotal : 1.088649 [94mAcc_combined: 68.11 [94mAcc_c: 61.28 [94mAcc_g: 56.49 [95mCEU_cue_audio: 0.3745 [95mCEU_cue_video: 0.8606 [95mCEU_synergy: 0.2131 [95mCEU_coexistence: 0.9356 
2025-11-08 20:23:24,518 - Agent - INFO - [37mVal Epoch 5 step 5 with [31mce_loss_combined : 1.066686 [31mtotal : 1.066686 [94mAcc_combined: 68.22 [94mAcc_c: 60.36 [94mAcc_g: 57.40 [95mCEU_cue_audio: 0.3925 [95mCEU_cue_video: 0.8302 [95mCEU_synergy: 0.1555 [95mCEU_coexistence: 0.9596 
2025-11-08 20:27:34,500 - Agent - INFO - [37mVal Epoch 6 step 6 with [31mce_loss_combined : 1.012323 [31mtotal : 1.012323 [94mAcc_combined: 72.67 [94mAcc_c: 62.53 [94mAcc_g: 57.74 [95mCEU_cue_audio: 0.5204 [95mCEU_cue_video: 0.8302 [95mCEU_synergy: 0.3115 [95mCEU_coexistence: 0.9382 
2025-11-08 20:27:34,515 - Agent - INFO - [37mTest Epoch 6 step 6 with [31mce_loss_combined : 1.157175 [31mtotal : 1.157175 [94mAcc_combined: 63.63 [94mAcc_c: 54.84 [94mAcc_g: 54.73 
2025-11-08 20:27:36,977 - Agent - INFO - [37mModels has saved successfully in /esat/smcdata/users/kkontras/Image_Dataset/no_backup/data/2025_data/synergy/Synprom_IB_fold0_l0.1_contrcoeff1_perturbgen_lr0.0001_wd0.0001_clsconformer_pre.pth.tar
2025-11-08 20:31:50,346 - Agent - INFO - [37mVal Epoch 7 step 7 with [31mce_loss_combined : 0.996335 [31mtotal : 0.996335 [94mAcc_combined: 71.41 [94mAcc_c: 61.73 [94mAcc_g: 57.74 [95mCEU_cue_audio: 0.4611 [95mCEU_cue_video: 0.8547 [95mCEU_synergy: 0.2952 [95mCEU_coexistence: 0.9382 
2025-11-08 20:36:04,823 - Agent - INFO - [37mVal Epoch 8 step 8 with [31mce_loss_combined : 1.048053 [31mtotal : 1.048053 [94mAcc_combined: 69.59 [94mAcc_c: 61.85 [94mAcc_g: 55.92 [95mCEU_cue_audio: 0.4338 [95mCEU_cue_video: 0.8547 [95mCEU_synergy: 0.3031 [95mCEU_coexistence: 0.9087 
2025-11-08 20:40:15,751 - Agent - INFO - [37mVal Epoch 9 step 9 with [31mce_loss_combined : 0.967616 [31mtotal : 0.967616 [94mAcc_combined: 74.03 [94mAcc_c: 62.87 [94mAcc_g: 57.74 [95mCEU_cue_audio: 0.5160 [95mCEU_cue_video: 0.8787 [95mCEU_synergy: 0.2621 [95mCEU_coexistence: 0.9677 
2025-11-08 20:40:15,765 - Agent - INFO - [37mTest Epoch 9 step 9 with [31mce_loss_combined : 1.143851 [31mtotal : 1.143851 [94mAcc_combined: 65.18 [94mAcc_c: 55.73 [94mAcc_g: 54.95 
2025-11-08 20:40:18,197 - Agent - INFO - [37mModels has saved successfully in /esat/smcdata/users/kkontras/Image_Dataset/no_backup/data/2025_data/synergy/Synprom_IB_fold0_l0.1_contrcoeff1_perturbgen_lr0.0001_wd0.0001_clsconformer_pre.pth.tar
2025-11-08 20:44:29,583 - Agent - INFO - [37mVal Epoch 10 step 10 with [31mce_loss_combined : 1.111160 [31mtotal : 1.111160 [94mAcc_combined: 66.40 [94mAcc_c: 58.43 [94mAcc_g: 59.57 [95mCEU_cue_audio: 0.3925 [95mCEU_cue_video: 0.7999 [95mCEU_synergy: 0.3197 [95mCEU_coexistence: 0.8763 
2025-11-08 20:48:45,513 - Agent - INFO - [37mVal Epoch 11 step 11 with [31mce_loss_combined : 1.075252 [31mtotal : 1.075252 [94mAcc_combined: 68.91 [94mAcc_c: 63.67 [94mAcc_g: 55.13 [95mCEU_cue_audio: 0.4383 [95mCEU_cue_video: 0.8121 [95mCEU_synergy: 0.3360 [95mCEU_coexistence: 0.8978 
2025-11-08 20:52:58,333 - Agent - INFO - [37mVal Epoch 12 step 12 with [31mce_loss_combined : 1.040196 [31mtotal : 1.040196 [94mAcc_combined: 70.84 [94mAcc_c: 59.45 [94mAcc_g: 54.44 [95mCEU_cue_audio: 0.4657 [95mCEU_cue_video: 0.8484 [95mCEU_synergy: 0.3115 [95mCEU_coexistence: 0.9193 
2025-11-08 20:57:09,822 - Agent - INFO - [37mVal Epoch 13 step 13 with [31mce_loss_combined : 0.982172 [31mtotal : 0.982172 [94mAcc_combined: 72.67 [94mAcc_c: 59.91 [94mAcc_g: 55.47 [95mCEU_cue_audio: 0.5068 [95mCEU_cue_video: 0.8484 [95mCEU_synergy: 0.2871 [95mCEU_coexistence: 0.9462 
2025-11-08 21:01:21,526 - Agent - INFO - [37mVal Epoch 14 step 14 with [31mce_loss_combined : 0.983791 [31mtotal : 0.983791 [94mAcc_combined: 72.67 [94mAcc_c: 62.64 [94mAcc_g: 55.81 [95mCEU_cue_audio: 0.5114 [95mCEU_cue_video: 0.8484 [95mCEU_synergy: 0.2705 [95mCEU_coexistence: 0.9490 
2025-11-08 21:05:33,901 - Agent - INFO - [37mVal Epoch 15 step 15 with [31mce_loss_combined : 1.030980 [31mtotal : 1.030980 [94mAcc_combined: 69.93 [94mAcc_c: 61.39 [94mAcc_g: 55.01 [95mCEU_cue_audio: 0.4886 [95mCEU_cue_video: 0.8063 [95mCEU_synergy: 0.2786 [95mCEU_coexistence: 0.9141 
2025-11-08 21:09:46,397 - Agent - INFO - [37mVal Epoch 16 step 16 with [31mce_loss_combined : 1.028300 [31mtotal : 1.028300 [94mAcc_combined: 69.82 [94mAcc_c: 62.30 [94mAcc_g: 55.69 [95mCEU_cue_audio: 0.5068 [95mCEU_cue_video: 0.7999 [95mCEU_synergy: 0.2705 [95mCEU_coexistence: 0.9058 
2025-11-08 21:13:59,001 - Agent - INFO - [37mVal Epoch 17 step 17 with [31mce_loss_combined : 1.024585 [31mtotal : 1.024585 [94mAcc_combined: 70.05 [94mAcc_c: 60.25 [94mAcc_g: 56.61 [95mCEU_cue_audio: 0.4338 [95mCEU_cue_video: 0.8484 [95mCEU_synergy: 0.2460 [95mCEU_coexistence: 0.9408 
2025-11-08 21:18:12,247 - Agent - INFO - [37mVal Epoch 18 step 18 with [31mce_loss_combined : 1.005076 [31mtotal : 1.005076 [94mAcc_combined: 71.98 [94mAcc_c: 58.31 [94mAcc_g: 58.20 [95mCEU_cue_audio: 0.5617 [95mCEU_cue_video: 0.7759 [95mCEU_synergy: 0.2952 [95mCEU_coexistence: 0.9273 
2025-11-08 21:22:25,196 - Agent - INFO - [37mVal Epoch 19 step 19 with [31mce_loss_combined : 1.003457 [31mtotal : 1.003457 [94mAcc_combined: 71.87 [94mAcc_c: 61.28 [94mAcc_g: 56.26 [95mCEU_cue_audio: 0.5297 [95mCEU_cue_video: 0.8302 [95mCEU_synergy: 0.3197 [95mCEU_coexistence: 0.9113 
2025-11-08 21:26:36,986 - Agent - INFO - [37mVal Epoch 20 step 20 with [31mce_loss_combined : 1.071440 [31mtotal : 1.071440 [94mAcc_combined: 69.13 [94mAcc_c: 59.68 [94mAcc_g: 56.38 [95mCEU_cue_audio: 0.4475 [95mCEU_cue_video: 0.8606 [95mCEU_synergy: 0.2460 [95mCEU_coexistence: 0.9058 
2025-11-08 21:30:54,107 - Agent - INFO - [37mVal Epoch 21 step 21 with [31mce_loss_combined : 1.048895 [31mtotal : 1.048895 [94mAcc_combined: 70.62 [94mAcc_c: 58.77 [94mAcc_g: 56.15 [95mCEU_cue_audio: 0.5204 [95mCEU_cue_video: 0.8063 [95mCEU_synergy: 0.3115 [95mCEU_coexistence: 0.9006 
2025-11-08 21:35:07,326 - Agent - INFO - [37mVal Epoch 22 step 22 with [31mce_loss_combined : 1.067408 [31mtotal : 1.067408 [94mAcc_combined: 69.02 [94mAcc_c: 61.05 [94mAcc_g: 55.01 [95mCEU_cue_audio: 0.5204 [95mCEU_cue_video: 0.7456 [95mCEU_synergy: 0.3281 [95mCEU_coexistence: 0.8844 
2025-11-08 21:39:18,825 - Agent - INFO - [37mVal Epoch 23 step 23 with [31mce_loss_combined : 0.990904 [31mtotal : 0.990904 [94mAcc_combined: 73.58 [94mAcc_c: 60.93 [94mAcc_g: 56.26 [95mCEU_cue_audio: 0.4840 [95mCEU_cue_video: 0.8728 [95mCEU_synergy: 0.2871 [95mCEU_coexistence: 0.9705 
2025-11-08 21:43:30,843 - Agent - INFO - [37mVal Epoch 24 step 24 with [31mce_loss_combined : 0.986927 [31mtotal : 0.986927 [94mAcc_combined: 72.10 [94mAcc_c: 58.66 [94mAcc_g: 55.69 [95mCEU_cue_audio: 0.5068 [95mCEU_cue_video: 0.8425 [95mCEU_synergy: 0.3031 [95mCEU_coexistence: 0.9301 
2025-11-08 21:47:44,454 - Agent - INFO - [37mVal Epoch 25 step 25 with [31mce_loss_combined : 0.950700 [31mtotal : 0.950700 [94mAcc_combined: 75.17 [94mAcc_c: 59.91 [94mAcc_g: 58.20 [95mCEU_cue_audio: 0.5846 [95mCEU_cue_video: 0.8362 [95mCEU_synergy: 0.2952 [95mCEU_coexistence: 0.9625 
2025-11-08 21:47:44,468 - Agent - INFO - [37mTest Epoch 25 step 25 with [31mce_loss_combined : 1.104068 [31mtotal : 1.104068 [94mAcc_combined: 66.96 [94mAcc_c: 54.17 [94mAcc_g: 54.95 
2025-11-08 21:47:47,131 - Agent - INFO - [37mModels has saved successfully in /esat/smcdata/users/kkontras/Image_Dataset/no_backup/data/2025_data/synergy/Synprom_IB_fold0_l0.1_contrcoeff1_perturbgen_lr0.0001_wd0.0001_clsconformer_pre.pth.tar
2025-11-08 21:51:58,994 - Agent - INFO - [37mVal Epoch 26 step 26 with [31mce_loss_combined : 0.948432 [31mtotal : 0.948432 [94mAcc_combined: 74.26 [94mAcc_c: 61.73 [94mAcc_g: 55.92 [95mCEU_cue_audio: 0.6119 [95mCEU_cue_video: 0.8244 [95mCEU_synergy: 0.2786 [95mCEU_coexistence: 0.9356 
2025-11-08 21:56:10,679 - Agent - INFO - [37mVal Epoch 27 step 27 with [31mce_loss_combined : 0.969187 [31mtotal : 0.969187 [94mAcc_combined: 74.49 [94mAcc_c: 59.34 [94mAcc_g: 56.61 [95mCEU_cue_audio: 0.5890 [95mCEU_cue_video: 0.8302 [95mCEU_synergy: 0.3115 [95mCEU_coexistence: 0.9408 
2025-11-08 22:00:23,391 - Agent - INFO - [37mVal Epoch 28 step 28 with [31mce_loss_combined : 0.964653 [31mtotal : 0.964653 [94mAcc_combined: 74.26 [94mAcc_c: 61.16 [94mAcc_g: 57.29 [95mCEU_cue_audio: 0.5846 [95mCEU_cue_video: 0.8244 [95mCEU_synergy: 0.2786 [95mCEU_coexistence: 0.9516 
2025-11-08 22:04:35,574 - Agent - INFO - [37mVal Epoch 29 step 29 with [31mce_loss_combined : 0.948739 [31mtotal : 0.948739 [94mAcc_combined: 75.63 [94mAcc_c: 61.28 [94mAcc_g: 56.15 [95mCEU_cue_audio: 0.6529 [95mCEU_cue_video: 0.7999 [95mCEU_synergy: 0.3031 [95mCEU_coexistence: 0.9462 
2025-11-08 22:04:35,588 - Agent - INFO - [37mTest Epoch 29 step 29 with [31mce_loss_combined : 1.042877 [31mtotal : 1.042877 [94mAcc_combined: 69.86 [94mAcc_c: 55.39 [94mAcc_g: 54.73 
2025-11-08 22:04:38,303 - Agent - INFO - [37mModels has saved successfully in /esat/smcdata/users/kkontras/Image_Dataset/no_backup/data/2025_data/synergy/Synprom_IB_fold0_l0.1_contrcoeff1_perturbgen_lr0.0001_wd0.0001_clsconformer_pre.pth.tar
2025-11-08 22:08:51,422 - Agent - INFO - [37mVal Epoch 30 step 30 with [31mce_loss_combined : 0.955185 [31mtotal : 0.955185 [94mAcc_combined: 75.06 [94mAcc_c: 60.14 [94mAcc_g: 57.29 [95mCEU_cue_audio: 0.6393 [95mCEU_cue_video: 0.8063 [95mCEU_synergy: 0.2705 [95mCEU_coexistence: 0.9490 
2025-11-08 22:13:09,486 - Agent - INFO - [37mVal Epoch 31 step 31 with [31mce_loss_combined : 0.972091 [31mtotal : 0.972091 [94mAcc_combined: 74.15 [94mAcc_c: 60.82 [94mAcc_g: 56.95 [95mCEU_cue_audio: 0.5846 [95mCEU_cue_video: 0.8181 [95mCEU_synergy: 0.2871 [95mCEU_coexistence: 0.9490 
2025-11-08 22:17:22,521 - Agent - INFO - [37mVal Epoch 32 step 32 with [31mce_loss_combined : 0.968469 [31mtotal : 0.968469 [94mAcc_combined: 73.69 [94mAcc_c: 59.57 [94mAcc_g: 57.86 [95mCEU_cue_audio: 0.5936 [95mCEU_cue_video: 0.7940 [95mCEU_synergy: 0.2871 [95mCEU_coexistence: 0.9436 
2025-11-08 22:21:36,522 - Agent - INFO - [37mVal Epoch 33 step 33 with [31mce_loss_combined : 1.069784 [31mtotal : 1.069784 [94mAcc_combined: 68.34 [94mAcc_c: 59.57 [94mAcc_g: 56.04 [95mCEU_cue_audio: 0.4657 [95mCEU_cue_video: 0.7999 [95mCEU_synergy: 0.2705 [95mCEU_coexistence: 0.8952 
2025-11-08 22:25:50,843 - Agent - INFO - [37mVal Epoch 34 step 34 with [31mce_loss_combined : 1.044068 [31mtotal : 1.044068 [94mAcc_combined: 69.36 [94mAcc_c: 59.34 [94mAcc_g: 56.61 [95mCEU_cue_audio: 0.5024 [95mCEU_cue_video: 0.7515 [95mCEU_synergy: 0.3197 [95mCEU_coexistence: 0.9032 
2025-11-08 22:30:04,772 - Agent - INFO - [37mVal Epoch 35 step 35 with [31mce_loss_combined : 1.026225 [31mtotal : 1.026225 [94mAcc_combined: 71.75 [94mAcc_c: 60.36 [94mAcc_g: 57.29 [95mCEU_cue_audio: 0.4796 [95mCEU_cue_video: 0.8728 [95mCEU_synergy: 0.2541 [95mCEU_coexistence: 0.9408 
2025-11-08 22:34:18,521 - Agent - INFO - [37mVal Epoch 36 step 36 with [31mce_loss_combined : 1.023992 [31mtotal : 1.023992 [94mAcc_combined: 71.41 [94mAcc_c: 58.31 [94mAcc_g: 56.15 [95mCEU_cue_audio: 0.6075 [95mCEU_cue_video: 0.7515 [95mCEU_synergy: 0.3197 [95mCEU_coexistence: 0.8898 
2025-11-08 22:38:31,092 - Agent - INFO - [37mVal Epoch 37 step 37 with [31mce_loss_combined : 1.017224 [31mtotal : 1.017224 [94mAcc_combined: 71.64 [94mAcc_c: 60.48 [94mAcc_g: 57.74 [95mCEU_cue_audio: 0.5525 [95mCEU_cue_video: 0.8121 [95mCEU_synergy: 0.3031 [95mCEU_coexistence: 0.9058 
2025-11-08 22:42:45,081 - Agent - INFO - [37mVal Epoch 38 step 38 with [31mce_loss_combined : 0.948360 [31mtotal : 0.948360 [94mAcc_combined: 75.28 [94mAcc_c: 58.09 [94mAcc_g: 58.43 [95mCEU_cue_audio: 0.6347 [95mCEU_cue_video: 0.8181 [95mCEU_synergy: 0.2460 [95mCEU_coexistence: 0.9596 
2025-11-08 22:46:59,300 - Agent - INFO - [37mVal Epoch 39 step 39 with [31mce_loss_combined : 1.014021 [31mtotal : 1.014021 [94mAcc_combined: 71.53 [94mAcc_c: 60.14 [94mAcc_g: 55.92 [95mCEU_cue_audio: 0.5571 [95mCEU_cue_video: 0.7574 [95mCEU_synergy: 0.3031 [95mCEU_coexistence: 0.9247 
2025-11-08 22:51:13,646 - Agent - INFO - [37mVal Epoch 40 step 40 with [31mce_loss_combined : 0.933084 [31mtotal : 0.933084 [94mAcc_combined: 75.06 [94mAcc_c: 59.34 [94mAcc_g: 57.40 [95mCEU_cue_audio: 0.6439 [95mCEU_cue_video: 0.7759 [95mCEU_synergy: 0.2621 [95mCEU_coexistence: 0.9625 
2025-11-08 22:55:30,940 - Agent - INFO - [37mVal Epoch 41 step 41 with [31mce_loss_combined : 0.971924 [31mtotal : 0.971924 [94mAcc_combined: 73.69 [94mAcc_c: 58.66 [94mAcc_g: 57.29 [95mCEU_cue_audio: 0.5890 [95mCEU_cue_video: 0.8063 [95mCEU_synergy: 0.2786 [95mCEU_coexistence: 0.9436 
2025-11-08 22:59:45,537 - Agent - INFO - [37mVal Epoch 42 step 42 with [31mce_loss_combined : 0.951304 [31mtotal : 0.951304 [94mAcc_combined: 74.26 [94mAcc_c: 60.14 [94mAcc_g: 58.09 [95mCEU_cue_audio: 0.6484 [95mCEU_cue_video: 0.7818 [95mCEU_synergy: 0.2460 [95mCEU_coexistence: 0.9436 
2025-11-08 23:04:01,133 - Agent - INFO - [37mVal Epoch 43 step 43 with [31mce_loss_combined : 0.932033 [31mtotal : 0.932033 [94mAcc_combined: 75.06 [94mAcc_c: 62.19 [94mAcc_g: 57.97 [95mCEU_cue_audio: 0.6529 [95mCEU_cue_video: 0.7759 [95mCEU_synergy: 0.2705 [95mCEU_coexistence: 0.9542 
2025-11-08 23:08:16,512 - Agent - INFO - [37mVal Epoch 44 step 44 with [31mce_loss_combined : 1.005687 [31mtotal : 1.005687 [94mAcc_combined: 71.64 [94mAcc_c: 61.50 [94mAcc_g: 56.83 [95mCEU_cue_audio: 0.6075 [95mCEU_cue_video: 0.7211 [95mCEU_synergy: 0.2376 [95mCEU_coexistence: 0.9356 
2025-11-08 23:12:30,907 - Agent - INFO - [37mVal Epoch 45 step 45 with [31mce_loss_combined : 0.932462 [31mtotal : 0.932462 [94mAcc_combined: 75.97 [94mAcc_c: 60.02 [94mAcc_g: 57.74 [95mCEU_cue_audio: 0.7122 [95mCEU_cue_video: 0.7515 [95mCEU_synergy: 0.2786 [95mCEU_coexistence: 0.9490 
2025-11-08 23:12:30,920 - Agent - INFO - [37mTest Epoch 45 step 45 with [31mce_loss_combined : 1.010639 [31mtotal : 1.010639 [94mAcc_combined: 72.08 [94mAcc_c: 54.06 [94mAcc_g: 55.95 
2025-11-08 23:12:33,589 - Agent - INFO - [37mModels has saved successfully in /esat/smcdata/users/kkontras/Image_Dataset/no_backup/data/2025_data/synergy/Synprom_IB_fold0_l0.1_contrcoeff1_perturbgen_lr0.0001_wd0.0001_clsconformer_pre.pth.tar
2025-11-08 23:16:46,726 - Agent - INFO - [37mVal Epoch 46 step 46 with [31mce_loss_combined : 1.005610 [31mtotal : 1.005610 [94mAcc_combined: 71.07 [94mAcc_c: 60.48 [94mAcc_g: 57.06 [95mCEU_cue_audio: 0.5846 [95mCEU_cue_video: 0.7394 [95mCEU_synergy: 0.2295 [95mCEU_coexistence: 0.9301 
2025-11-08 23:20:59,330 - Agent - INFO - [37mVal Epoch 47 step 47 with [31mce_loss_combined : 0.963326 [31mtotal : 0.963326 [94mAcc_combined: 73.58 [94mAcc_c: 62.07 [94mAcc_g: 57.29 [95mCEU_cue_audio: 0.7214 [95mCEU_cue_video: 0.6787 [95mCEU_synergy: 0.2376 [95mCEU_coexistence: 0.9327 
2025-11-08 23:25:12,407 - Agent - INFO - [37mVal Epoch 48 step 48 with [31mce_loss_combined : 0.923301 [31mtotal : 0.923301 [94mAcc_combined: 75.85 [94mAcc_c: 61.16 [94mAcc_g: 56.61 [95mCEU_cue_audio: 0.7077 [95mCEU_cue_video: 0.7759 [95mCEU_synergy: 0.2295 [95mCEU_coexistence: 0.9542 
2025-11-08 23:29:25,668 - Agent - INFO - [37mVal Epoch 49 step 49 with [31mce_loss_combined : 0.995328 [31mtotal : 0.995328 [94mAcc_combined: 72.78 [94mAcc_c: 59.57 [94mAcc_g: 56.95 [95mCEU_cue_audio: 0.7261 [95mCEU_cue_video: 0.6546 [95mCEU_synergy: 0.2376 [95mCEU_coexistence: 0.9221 
2025-11-08 23:33:38,574 - Agent - INFO - [37mVal Epoch 50 step 50 with [31mce_loss_combined : 0.961410 [31mtotal : 0.961410 [94mAcc_combined: 73.69 [94mAcc_c: 59.11 [94mAcc_g: 57.74 [95mCEU_cue_audio: 0.7214 [95mCEU_cue_video: 0.6546 [95mCEU_synergy: 0.2376 [95mCEU_coexistence: 0.9462 
2025-11-08 23:37:55,892 - Agent - INFO - [37mVal Epoch 51 step 51 with [31mce_loss_combined : 0.977794 [31mtotal : 0.977794 [94mAcc_combined: 72.32 [94mAcc_c: 60.48 [94mAcc_g: 57.86 [95mCEU_cue_audio: 0.6576 [95mCEU_cue_video: 0.7153 [95mCEU_synergy: 0.1965 [95mCEU_coexistence: 0.9382 
2025-11-08 23:42:09,207 - Agent - INFO - [37mVal Epoch 52 step 52 with [31mce_loss_combined : 0.971357 [31mtotal : 0.971357 [94mAcc_combined: 73.46 [94mAcc_c: 59.91 [94mAcc_g: 57.63 [95mCEU_cue_audio: 0.7261 [95mCEU_cue_video: 0.6605 [95mCEU_synergy: 0.2376 [95mCEU_coexistence: 0.9356 
2025-11-08 23:46:22,213 - Agent - INFO - [37mVal Epoch 53 step 53 with [31mce_loss_combined : 0.966113 [31mtotal : 0.966113 [94mAcc_combined: 73.58 [94mAcc_c: 59.68 [94mAcc_g: 57.52 [95mCEU_cue_audio: 0.7261 [95mCEU_cue_video: 0.6972 [95mCEU_synergy: 0.1885 [95mCEU_coexistence: 0.9382 
2025-11-08 23:50:35,335 - Agent - INFO - [37mVal Epoch 54 step 54 with [31mce_loss_combined : 0.960684 [31mtotal : 0.960684 [94mAcc_combined: 74.15 [94mAcc_c: 60.14 [94mAcc_g: 57.86 [95mCEU_cue_audio: 0.7351 [95mCEU_cue_video: 0.7030 [95mCEU_synergy: 0.1965 [95mCEU_coexistence: 0.9408 
2025-11-08 23:54:49,056 - Agent - INFO - [37mVal Epoch 55 step 55 with [31mce_loss_combined : 0.957891 [31mtotal : 0.957891 [94mAcc_combined: 74.83 [94mAcc_c: 59.68 [94mAcc_g: 57.63 [95mCEU_cue_audio: 0.7306 [95mCEU_cue_video: 0.7271 [95mCEU_synergy: 0.2376 [95mCEU_coexistence: 0.9356 
2025-11-08 23:59:01,734 - Agent - INFO - [37mVal Epoch 56 step 56 with [31mce_loss_combined : 0.954534 [31mtotal : 0.954534 [94mAcc_combined: 74.60 [94mAcc_c: 59.23 [94mAcc_g: 56.38 [95mCEU_cue_audio: 0.7490 [95mCEU_cue_video: 0.6972 [95mCEU_synergy: 0.2050 [95mCEU_coexistence: 0.9436 
2025-11-09 00:03:13,410 - Agent - INFO - [37mVal Epoch 57 step 57 with [31mce_loss_combined : 0.959832 [31mtotal : 0.959832 [94mAcc_combined: 74.49 [94mAcc_c: 60.71 [94mAcc_g: 57.40 [95mCEU_cue_audio: 0.7261 [95mCEU_cue_video: 0.7271 [95mCEU_synergy: 0.2050 [95mCEU_coexistence: 0.9408 
2025-11-09 00:07:27,116 - Agent - INFO - [37mVal Epoch 58 step 58 with [31mce_loss_combined : 0.973277 [31mtotal : 0.973277 [94mAcc_combined: 73.46 [94mAcc_c: 60.48 [94mAcc_g: 56.49 [95mCEU_cue_audio: 0.7306 [95mCEU_cue_video: 0.6668 [95mCEU_synergy: 0.2376 [95mCEU_coexistence: 0.9301 
2025-11-09 00:11:40,242 - Agent - INFO - [37mVal Epoch 59 step 59 with [31mce_loss_combined : 0.978699 [31mtotal : 0.978699 [94mAcc_combined: 73.12 [94mAcc_c: 59.23 [94mAcc_g: 56.61 [95mCEU_cue_audio: 0.7626 [95mCEU_cue_video: 0.6243 [95mCEU_synergy: 0.2295 [95mCEU_coexistence: 0.9247 
2025-11-09 00:15:52,801 - Agent - INFO - [37mVal Epoch 60 step 60 with [31mce_loss_combined : 0.981145 [31mtotal : 0.981145 [94mAcc_combined: 73.46 [94mAcc_c: 60.82 [94mAcc_g: 57.40 [95mCEU_cue_audio: 0.7808 [95mCEU_cue_video: 0.6181 [95mCEU_synergy: 0.2131 [95mCEU_coexistence: 0.9301 
2025-11-09 00:20:10,142 - Agent - INFO - [37mVal Epoch 61 step 61 with [31mce_loss_combined : 0.986316 [31mtotal : 0.986316 [94mAcc_combined: 72.44 [94mAcc_c: 59.79 [94mAcc_g: 56.95 [95mCEU_cue_audio: 0.7670 [95mCEU_cue_video: 0.6120 [95mCEU_synergy: 0.2050 [95mCEU_coexistence: 0.9193 
2025-11-09 00:24:22,155 - Agent - INFO - [37mVal Epoch 62 step 62 with [31mce_loss_combined : 0.992056 [31mtotal : 0.992056 [94mAcc_combined: 72.21 [94mAcc_c: 60.36 [94mAcc_g: 56.61 [95mCEU_cue_audio: 0.7169 [95mCEU_cue_video: 0.6787 [95mCEU_synergy: 0.1885 [95mCEU_coexistence: 0.9193 
2025-11-09 00:28:35,358 - Agent - INFO - [37mVal Epoch 63 step 63 with [31mce_loss_combined : 0.960603 [31mtotal : 0.960603 [94mAcc_combined: 74.72 [94mAcc_c: 60.48 [94mAcc_g: 56.49 [95mCEU_cue_audio: 0.7490 [95mCEU_cue_video: 0.6972 [95mCEU_synergy: 0.2050 [95mCEU_coexistence: 0.9462 
2025-11-09 00:32:49,652 - Agent - INFO - [37mVal Epoch 64 step 64 with [31mce_loss_combined : 0.978583 [31mtotal : 0.978583 [94mAcc_combined: 73.23 [94mAcc_c: 59.91 [94mAcc_g: 55.47 [95mCEU_cue_audio: 0.7442 [95mCEU_cue_video: 0.6484 [95mCEU_synergy: 0.2050 [95mCEU_coexistence: 0.9356 
2025-11-09 00:32:50,444 - Agent - INFO - We are in the final state.
2025-11-09 00:32:51,092 - root - INFO - Loaded best model from /esat/smcdata/users/kkontras/Image_Dataset/no_backup/data/2025_data/synergy/Synprom_IB_fold0_l0.1_contrcoeff1_perturbgen_lr0.0001_wd0.0001_clsconformer_pre.pth.tar
2025-11-09 00:33:05,082 - Agent - INFO - [37mVal Epoch 64 step 0 with [31mce_loss_combined : 0.932462 [31mtotal : 0.932462 [94mAcc_combined: 75.97 [94mAcc_c: 60.02 [94mAcc_g: 57.74 [95mCEU_cue_audio: 0.7122 [95mCEU_cue_video: 0.7515 [95mCEU_synergy: 0.2786 [95mCEU_coexistence: 0.9490 
2025-11-09 00:33:18,240 - Agent - INFO - [37mTest Epoch 64 step 0 with [31mce_loss_combined : 1.010639 [31mtotal : 1.010639 [94mAcc_combined: 72.08 [94mAcc_c: 54.06 [94mAcc_g: 55.95 
2025-11-09 00:33:23,002 - Agent - INFO - [37mModels has saved successfully in /esat/smcdata/users/kkontras/Image_Dataset/no_backup/data/2025_data/synergy/Synprom_IB_fold0_l0.1_contrcoeff1_perturbgen_lr0.0001_wd0.0001_clsconformer_pre.pth.tar
Job finished
