000 (011.007.000) 2025-11-07 18:57:34 Job submitted from host: <10.87.28.209:9618?addrs=10.87.28.209-9618&alias=krakas.esat.kuleuven.be&noUDP&sock=schedd_1611_9729>
...
001 (011.007.000) 2025-11-08 20:12:41 Job executing on host: <10.87.24.139:9618?addrs=10.87.24.139-9618&alias=fig.esat.kuleuven.be&noUDP&sock=startd_2022_8096>
	SlotName: slot1_1@fig.esat.kuleuven.be
	AvailableGPUs = { GPUs_GPU_cedc718d }
	CondorScratchDir = "/usr/data/condor/execute/dir_156565"
	Cpus = 8
	Disk = 1049995
	GPUs = 1
	GPUs_GPU_cedc718d = [ Id = "GPU-cedc718d"; ClockMhz = 1695.0; Capability = 8.6; CoresPerCU = 128; DeviceName = "NVIDIA GeForce RTX 3090"; DeviceUuid = "cedc718d-8ccd-1c5c-42ee-9f07bacbde5e"; ECCEnabled = false; ComputeUnits = 82; NvidiaDriver = "580.95.05"; DriverVersion = 13.0; DevicePciBusId = "0000:09:00.0"; GlobalMemoryMb = 24124; MaxSupportedVersion = 13000 ]
	Memory = 71680
...
006 (011.007.000) 2025-11-08 20:12:50 Image size of job updated: 218704
	214  -  MemoryUsage of job (MB)
	218704  -  ResidentSetSize of job (KB)
...
006 (011.007.000) 2025-11-08 20:17:51 Image size of job updated: 1625352
	1588  -  MemoryUsage of job (MB)
	1625352  -  ResidentSetSize of job (KB)
...
006 (011.007.000) 2025-11-08 20:22:51 Image size of job updated: 1665872
	1588  -  MemoryUsage of job (MB)
	1625352  -  ResidentSetSize of job (KB)
...
006 (011.007.000) 2025-11-08 20:42:54 Image size of job updated: 1669324
	1588  -  MemoryUsage of job (MB)
	1625352  -  ResidentSetSize of job (KB)
...
006 (011.007.000) 2025-11-08 20:57:55 Image size of job updated: 1676952
	1588  -  MemoryUsage of job (MB)
	1625352  -  ResidentSetSize of job (KB)
...
006 (011.007.000) 2025-11-08 21:02:55 Image size of job updated: 2275716
	1588  -  MemoryUsage of job (MB)
	1625352  -  ResidentSetSize of job (KB)
...
006 (011.007.000) 2025-11-08 21:43:00 Image size of job updated: 2275716
	1595  -  MemoryUsage of job (MB)
	1633184  -  ResidentSetSize of job (KB)
...
006 (011.007.000) 2025-11-08 23:33:10 Image size of job updated: 2275716
	1634  -  MemoryUsage of job (MB)
	1672844  -  ResidentSetSize of job (KB)
...
006 (011.007.000) 2025-11-09 00:13:14 Image size of job updated: 2275716
	1648  -  MemoryUsage of job (MB)
	1687344  -  ResidentSetSize of job (KB)
...
006 (011.007.000) 2025-11-09 01:02:55 Image size of job updated: 3782288
	1648  -  MemoryUsage of job (MB)
	1687344  -  ResidentSetSize of job (KB)
...
005 (011.007.000) 2025-11-09 01:02:55 Job terminated.
	(1) Normal termination (return value 0)
		Usr 0 07:14:33, Sys 0 01:55:04  -  Run Remote Usage
		Usr 0 00:00:00, Sys 0 00:00:00  -  Run Local Usage
		Usr 0 07:14:33, Sys 0 01:55:04  -  Total Remote Usage
		Usr 0 00:00:00, Sys 0 00:00:00  -  Total Local Usage
	0  -  Run Bytes Sent By Job
	0  -  Run Bytes Received By Job
	0  -  Total Bytes Sent By Job
	0  -  Total Bytes Received By Job
	Partitionable Resources :    Usage  Request Allocated Assigned
	   Cpus                 :     2.63        8         8 
	   Disk (KB)            :     2     1048576   1049995 
	   GPUs                 :     0.64        1         1 "GPU-cedc718d"
	   GpusMemory (MB)      : 24515                       
	   Memory (MB)          :  1648       71680     71680 
	   TimeExecute (s)      : 17414                       
	   TimeSlotBusy (s)     : 17414                       
...
