000 (013.000.000) 2025-11-08 14:24:46 Job submitted from host: <10.87.28.209:9618?addrs=10.87.28.209-9618&alias=krakas.esat.kuleuven.be&noUDP&sock=schedd_1611_9729>
...
001 (013.000.000) 2025-11-08 14:24:50 Job executing on host: <10.87.24.25:9618?addrs=10.87.24.25-9618+[--1]-9618&alias=estragon.esat.kuleuven.be&noUDP&sock=startd_2009_95db>
	SlotName: slot1_1@estragon.esat.kuleuven.be
	AvailableGPUs = { GPUs_GPU_fd0ce06a }
	CondorScratchDir = "/usr/data/condor/execute/dir_288315"
	Cpus = 8
	Disk = 1054592
	GPUs = 1
	GPUs_GPU_fd0ce06a = [ Id = "GPU-fd0ce06a"; ClockMhz = 1328.5; Capability = 6.0; CoresPerCU = 64; DeviceName = "Tesla P100-PCIE-16GB"; DeviceUuid = "fd0ce06a-713e-f0de-00ac-18e3e9780412"; ECCEnabled = true; ComputeUnits = 56; NvidiaDriver = "580.95.05"; DriverVersion = 13.0; DevicePciBusId = "0000:08:00.0"; GlobalMemoryMb = 16269; MaxSupportedVersion = 13000 ]
	Memory = 71680
...
006 (013.000.000) 2025-11-08 14:24:59 Image size of job updated: 109240
	107  -  MemoryUsage of job (MB)
	109240  -  ResidentSetSize of job (KB)
...
006 (013.000.000) 2025-11-08 14:26:36 Image size of job updated: 1197500
	281  -  MemoryUsage of job (MB)
	287124  -  ResidentSetSize of job (KB)
...
005 (013.000.000) 2025-11-08 14:26:36 Job terminated.
	(1) Normal termination (return value 0)
		Usr 0 00:00:38, Sys 0 00:00:12  -  Run Remote Usage
		Usr 0 00:00:00, Sys 0 00:00:00  -  Run Local Usage
		Usr 0 00:00:38, Sys 0 00:00:12  -  Total Remote Usage
		Usr 0 00:00:00, Sys 0 00:00:00  -  Total Local Usage
	0  -  Run Bytes Sent By Job
	0  -  Run Bytes Received By Job
	0  -  Total Bytes Sent By Job
	0  -  Total Bytes Received By Job
	Partitionable Resources :    Usage  Request Allocated Assigned
	   Cpus                 :     0.43        8         8 
	   Disk (KB)            :     2     1048576   1054592 
	   GPUs                 :     0           1         1 "GPU-fd0ce06a"
	   GpusMemory (MB)      :   117                       
	   Memory (MB)          :   281       71680     71680 
	   TimeExecute (s)      :   106                       
	   TimeSlotBusy (s)     :   106                       
...
