000 (013.019.000) 2025-11-08 14:24:47 Job submitted from host: <10.87.28.209:9618?addrs=10.87.28.209-9618&alias=krakas.esat.kuleuven.be&noUDP&sock=schedd_1611_9729>
...
001 (013.019.000) 2025-11-08 14:28:23 Job executing on host: <10.87.28.117:9618?addrs=10.87.28.117-9618&alias=stadius-nc-4.esat.kuleuven.be&noUDP&sock=startd_3335_1c6f>
	SlotName: slot1_2@stadius-nc-4.esat.kuleuven.be
	AvailableGPUs = { GPUs_GPU_8c3c8db2 }
	CondorScratchDir = "/volume1/condor/execute/dir_1300574"
	Cpus = 8
	Disk = 1050150
	GPUs = 1
	GPUs_GPU_8c3c8db2 = [ Id = "GPU-8c3c8db2"; ClockMhz = 1545.0; Capability = 7.5; CoresPerCU = 64; DeviceName = "NVIDIA GeForce RTX 2080 Ti"; DeviceUuid = "8c3c8db2-06a6-9e0e-a6ee-a948fb2f7f27"; ECCEnabled = false; ComputeUnits = 68; NvidiaDriver = "570.153.02"; DriverVersion = 12.8; DevicePciBusId = "0000:5B:00.0"; GlobalMemoryMb = 10823; MaxSupportedVersion = 12080 ]
	Memory = 71680
...
006 (013.019.000) 2025-11-08 14:28:32 Image size of job updated: 578552
	565  -  MemoryUsage of job (MB)
	578552  -  ResidentSetSize of job (KB)
...
006 (013.019.000) 2025-11-08 14:28:51 Image size of job updated: 1312652
	565  -  MemoryUsage of job (MB)
	578552  -  ResidentSetSize of job (KB)
...
005 (013.019.000) 2025-11-08 14:28:51 Job terminated.
	(1) Normal termination (return value 0)
		Usr 0 00:00:19, Sys 0 00:00:06  -  Run Remote Usage
		Usr 0 00:00:00, Sys 0 00:00:00  -  Run Local Usage
		Usr 0 00:00:19, Sys 0 00:00:06  -  Total Remote Usage
		Usr 0 00:00:00, Sys 0 00:00:00  -  Total Local Usage
	0  -  Run Bytes Sent By Job
	0  -  Run Bytes Received By Job
	0  -  Total Bytes Sent By Job
	0  -  Total Bytes Received By Job
	Partitionable Resources :    Usage  Request Allocated Assigned
	   Cpus                 :        0        8         8 
	   Disk (KB)            :        2  1048576   1050150 
	   GPUs                 :        0        1         1 "GPU-8c3c8db2"
	   Memory (MB)          :      565    71680     71680 
	   TimeExecute (s)      :       28                    
	   TimeSlotBusy (s)     :       28                    
...
