000 (013.023.000) 2025-11-08 14:24:47 Job submitted from host: <10.87.28.209:9618?addrs=10.87.28.209-9618&alias=krakas.esat.kuleuven.be&noUDP&sock=schedd_1611_9729>
...
001 (013.023.000) 2025-11-08 14:28:52 Job executing on host: <10.87.28.117:9618?addrs=10.87.28.117-9618&alias=stadius-nc-4.esat.kuleuven.be&noUDP&sock=startd_3335_1c6f>
	SlotName: slot1_1@stadius-nc-4.esat.kuleuven.be
	AvailableGPUs = { GPUs_GPU_1236270c }
	CondorScratchDir = "/volume1/condor/execute/dir_1300855"
	Cpus = 8
	Disk = 1050150
	GPUs = 1
	GPUs_GPU_1236270c = [ Id = "GPU-1236270c"; ClockMhz = 1545.0; Capability = 7.5; CoresPerCU = 64; DeviceName = "NVIDIA GeForce RTX 2080 Ti"; DeviceUuid = "1236270c-ad23-648a-e65a-80b2ab2cf0c3"; ECCEnabled = false; ComputeUnits = 68; NvidiaDriver = "570.153.02"; DriverVersion = 12.8; DevicePciBusId = "0000:25:00.0"; GlobalMemoryMb = 10823; MaxSupportedVersion = 12080 ]
	Memory = 71680
...
006 (013.023.000) 2025-11-08 14:29:00 Image size of job updated: 471732
	461  -  MemoryUsage of job (MB)
	471732  -  ResidentSetSize of job (KB)
...
006 (013.023.000) 2025-11-08 14:29:22 Image size of job updated: 1308420
	462  -  MemoryUsage of job (MB)
	472248  -  ResidentSetSize of job (KB)
...
005 (013.023.000) 2025-11-08 14:29:22 Job terminated.
	(1) Normal termination (return value 0)
		Usr 0 00:00:17, Sys 0 00:00:07  -  Run Remote Usage
		Usr 0 00:00:00, Sys 0 00:00:00  -  Run Local Usage
		Usr 0 00:00:17, Sys 0 00:00:07  -  Total Remote Usage
		Usr 0 00:00:00, Sys 0 00:00:00  -  Total Local Usage
	0  -  Run Bytes Sent By Job
	0  -  Run Bytes Received By Job
	0  -  Total Bytes Sent By Job
	0  -  Total Bytes Received By Job
	Partitionable Resources :    Usage  Request Allocated Assigned
	   Cpus                 :     0           8         8 
	   Disk (KB)            :     2     1048576   1050150 
	   GPUs                 :     0.05        1         1 "GPU-1236270c"
	   GpusMemory (MB)      :  8386                       
	   Memory (MB)          :   462       71680     71680 
	   TimeExecute (s)      :    30                       
	   TimeSlotBusy (s)     :    30                       
...
