000 (013.003.000) 2025-11-08 14:24:47 Job submitted from host: <10.87.28.209:9618?addrs=10.87.28.209-9618&alias=krakas.esat.kuleuven.be&noUDP&sock=schedd_1611_9729>
...
001 (013.003.000) 2025-11-08 14:24:53 Job executing on host: <10.87.24.25:9618?addrs=10.87.24.25-9618+[--1]-9618&alias=estragon.esat.kuleuven.be&noUDP&sock=startd_2009_95db>
	SlotName: slot1_2@estragon.esat.kuleuven.be
	AvailableGPUs = { GPUs_GPU_c7741362 }
	CondorScratchDir = "/usr/data/condor/execute/dir_288368"
	Cpus = 8
	Disk = 1054592
	GPUs = 1
	GPUs_GPU_c7741362 = [ Id = "GPU-c7741362"; ClockMhz = 1328.5; Capability = 6.0; CoresPerCU = 64; DeviceName = "Tesla P100-PCIE-16GB"; DeviceUuid = "c7741362-0fc2-057f-631c-ffc90d1eb010"; ECCEnabled = true; ComputeUnits = 56; NvidiaDriver = "580.95.05"; DriverVersion = 13.0; DevicePciBusId = "0000:0B:00.0"; GlobalMemoryMb = 16269; MaxSupportedVersion = 13000 ]
	Memory = 71680
...
006 (013.003.000) 2025-11-08 14:25:01 Image size of job updated: 119132
	117  -  MemoryUsage of job (MB)
	119132  -  ResidentSetSize of job (KB)
...
006 (013.003.000) 2025-11-08 14:26:36 Image size of job updated: 1203644
	117  -  MemoryUsage of job (MB)
	119132  -  ResidentSetSize of job (KB)
...
005 (013.003.000) 2025-11-08 14:26:36 Job terminated.
	(1) Normal termination (return value 0)
		Usr 0 00:00:38, Sys 0 00:00:12  -  Run Remote Usage
		Usr 0 00:00:00, Sys 0 00:00:00  -  Run Local Usage
		Usr 0 00:00:38, Sys 0 00:00:12  -  Total Remote Usage
		Usr 0 00:00:00, Sys 0 00:00:00  -  Total Local Usage
	0  -  Run Bytes Sent By Job
	0  -  Run Bytes Received By Job
	0  -  Total Bytes Sent By Job
	0  -  Total Bytes Received By Job
	Partitionable Resources :    Usage  Request Allocated Assigned
	   Cpus                 :     0.40        8         8 
	   Disk (KB)            :     2     1048576   1054592 
	   GPUs                 :     0           1         1 "GPU-c7741362"
	   GpusMemory (MB)      :   117                       
	   Memory (MB)          :   117       71680     71680 
	   TimeExecute (s)      :   103                       
	   TimeSlotBusy (s)     :   103                       
...
