Starting Job
/esat/smcdata/users/kkontras/Image_Dataset/no_backup/git/Synergy/train.py
/esat/smcdata/users/kkontras/Image_Dataset/no_backup/envs/balance_env/bin/python
Python 3.9.18
/esat/smcdata/users/kkontras/Image_Dataset/no_backup/git/Synergy
We have 1 GPU
/esat/smcdata/users/kkontras/Image_Dataset/no_backup/git/Synergy/train.py
config-./configs/CREMA_D/synergy/nov/synprom_ib.json
Executing command: accelerate launch /esat/smcdata/users/kkontras/Image_Dataset/no_backup/git/Synergy/train.py --config ./configs/CREMA_D/synergy/nov/synprom_ib.json --default_config ./configs/CREMA_D/default_config_cremad_res_syn.json --fold 0 --pre  --l 0.01 --contrcoeff 1 --lr 0.0001 --wd 0.0001 --cls mlp --perturb gennoise
Namespace(config='./configs/CREMA_D/synergy/nov/synprom_ib.json', default_config='./configs/CREMA_D/default_config_cremad_res_syn.json', fold='0', alpha=None, tanh_mode=None, tanh_mode_beta=None, regby=None, clip=None, batch_size=None, l='0.01', multil=None, l_diffsq=None, lib=None, ratio_us=None, ratio_snr=None, kmepoch=None, num_samples=None, pow=None, nstep=None, contrcoeff='1', kde_coeff=None, etube=None, temperature=None, contr_type=None, shuffle_type=None, validate_with=None, transform_type=None, trasform_before=None, num_classes=None, base_alpha=None, alpha_var=None, base_beta=None, beta_var=None, optim_method=None, ilr_c=None, ilr_g=None, mmcosine_scaling=None, ending_epoch=None, load_ongoing=None, commonlayers=None, recon_weight1=None, recon_weight2=None, recon_epochstages=None, recon_ensemblestages=None, lr='0.0001', wd='0.0001', mm=None, cls='mlp', perturb='gennoise', pre=True, frozen=False, tdqm_disable=False, start_over=False)
2025-11-08 14:33:38,941 - Config - INFO - ./configs/CREMA_D/synergy/nov/synprom_ib.json
2025-11-08 14:33:38,946 - Config - INFO -  THE Configuration of your experiment ..
{'agent': 'Agent',
 'dataset': {'data_roots': '/esat/smcdata/users/kkontras/Image_Dataset/no_backup/CremaD/CREMA-D',
             'data_split': {'fold': 0, 'method': 'non_inclusive'},
             'dataloader_class': 'CramedD_Dataloader',
             'fps': 1,
             'norm': False,
             'norm_face_path': './mydatasets/CREMAD/norm_face_path_fold{}.pkl',
             'norm_wav_path': './mydatasets/CREMAD/wav_norm_16000_fold{}.pkl',
             'num_frame': 3,
             'return_data': {'audio': False,
                             'face': False,
                             'spectrogram': True,
                             'video': True},
             'sampling_rate': 22050},
 'early_stopping': {'end_of_epoch_check': True,
                    'log_interval': 10,
                    'max_epoch': 1500,
                    'n_steps_stop': 20,
                    'n_steps_stop_after': 0,
                    'save_every_step': 3000,
                    'save_every_valstep': 10,
                    'validate_after': 0,
                    'validate_every': 25,
                    'validate_with': 'accuracy'},
 'exp_name': 'CREMAD Experiment',
 'model': {'args': {'bias_infusion': {'ending_epoch': 1500,
                                      'l': 0.1,
                                      'method': 'false',
                                      'plot': False,
                                      'starting_epoch': 0,
                                      'use': True},
                    'clip_grad': False,
                    'cls_type': 'linear',
                    'd_model': 512,
                    'dropout': 0.1,
                    'fc_inner': 64,
                    'multi_loss': {'multi_supervised_w': {'c': 0,
                                                          'combined': 1,
                                                          'g': 0}},
                    'num_classes': 6},
           'encoders': [{'args': {'d_model': 512,
                                  'dropout': 0.1,
                                  'fc_inner': 64,
                                  'freeze_encoder': False,
                                  'num_classes': 6},
                         'model': 'Audio_ResNet',
                         'pretrainedEncoder': {'dir': 'unimodal_audio_fold{}_lr0.001_wd0.0001.pth.tar',
                                               'use': False}},
                        {'args': {'d_model': 512,
                                  'dropout': 0.1,
                                  'fc_inner': 64,
                                  'freeze_encoder': False,
                                  'num_classes': 6},
                         'model': 'Video_ResNet',
                         'pretrainedEncoder': {'dir': 'unimodal_video_fold{}_lr0.001_wd0.0001.pth.tar',
                                               'use': False}}],
           'load_ongoing': False,
           'model_class': 'Fusion_Synprom_IB',
           'save_base_dir': '/esat/smcdata/users/kkontras/Image_Dataset/no_backup/data/2025_data/synergy',
           'save_dir': 'Synprom_IB_{}.pth.tar'},
 'optimizer': {'beta1': 0.9,
               'beta2': 0.999,
               'learning_rate': 1e-05,
               'momentum': 0.9,
               'type': 'Adam',
               'weight_decay': 1e-05},
 'scheduler': {'max_lr': 0.03, 'type': 'cosanneal', 'warm_up_steps': 780},
 'training_params': {'adversarial_training': {'adv_epsilon': 0.01,
                                              'use': False},
                     'async_loading': True,
                     'batch_size': 32,
                     'cuda': True,
                     'data_loader_workers': 8,
                     'gpu_device': [0],
                     'pin_memory': False,
                     'rec_test': True,
                     'res': True,
                     'seed': 109,
                     'tdqm_disable': False,
                     'test_batch_size': 32,
                     'test_on_bottoms': False,
                     'use_test_set': True,
                     'validation': True,
                     'verbose': True,
                     'wandb_disable': False}}
2025-11-08 14:33:38,949 - Config - INFO -  *************************************** 
2025-11-08 14:33:38,950 - Config - INFO - The experiment name is CREMAD Experiment
2025-11-08 14:33:38,950 - Config - INFO -  *************************************** 
2025-11-08 14:33:38,950 - root - INFO - save_dir: Synprom_IB_fold0_l0.01_contrcoeff1_perturbgennoise_lr0.0001_wd0.0001_clsmlp_pre.pth.tar
2025-11-08 14:33:39,170 - Cuda Statistics - INFO - __Python VERSION:  3.9.18 (main, Sep 11 2023, 13:41:44) 
[GCC 11.2.0]
2025-11-08 14:33:39,171 - Cuda Statistics - INFO - __pyTorch VERSION:  2.0.1+cu118
2025-11-08 14:33:39,171 - Cuda Statistics - INFO - __CUDA VERSION
2025-11-08 14:33:39,174 - Cuda Statistics - INFO - __CUDNN VERSION:  8700
2025-11-08 14:33:39,219 - Cuda Statistics - INFO - __Number CUDA Devices:  1
2025-11-08 14:33:39,219 - Cuda Statistics - INFO - __Devices
2025-11-08 14:33:39,220 - Cuda Statistics - INFO - index, name, driver_version, memory.total [MiB], memory.used [MiB], memory.free [MiB]
2025-11-08 14:33:39,220 - Cuda Statistics - INFO - 0, Tesla P100-PCIE-16GB, 580.95.05, 16384 MiB, 3 MiB, 16268 MiB
2025-11-08 14:33:39,222 - Cuda Statistics - INFO - Active CUDA Device: GPU 0
2025-11-08 14:33:39,222 - Cuda Statistics - INFO - Available devices  1
2025-11-08 14:33:39,222 - Cuda Statistics - INFO - Current cuda device  0
This path does not exist /esat/smcdata/users/kkontras/Image_Dataset/no_backup/CremaD/CREMA-D/AudioWAV/1076_MTI_SAD_XX.wav or /esat/smcdata/users/kkontras/Image_Dataset/no_backup/CremaD/CREMA-D/Image-01-FPS/1076_MTI_SAD_XX or /esat/smcdata/users/kkontras/Image_Dataset/no_backup/CremaD/CREMA-D/Face_features/1076_MTI_SAD_XX.npy
2025-11-08 14:33:41,769 - root - INFO - Loaded wav norm from ./mydatasets/CREMAD/wav_norm_16000_fold0.pkl
2025-11-08 14:33:41,775 - root - INFO - Norm values are {'mean': tensor(-2.7937e-05), 'std': tensor(0.0613), 'max_duration': 4.8715625}
2025-11-08 14:33:42,022 - root - INFO - Loaded wav norm from ./mydatasets/CREMAD/wav_norm_16000_fold0.pkl
2025-11-08 14:33:42,023 - root - INFO - Norm values are {'mean': tensor(-2.7937e-05), 'std': tensor(0.0613), 'max_duration': 4.8715625}
2025-11-08 14:33:42,156 - root - INFO - Loaded wav norm from ./mydatasets/CREMAD/wav_norm_16000_fold0.pkl
2025-11-08 14:33:42,157 - root - INFO - Norm values are {'mean': tensor(-2.7937e-05), 'std': tensor(0.0613), 'max_duration': 4.8715625}
Available cores 8
We are changing dataloader workers to num of cores 0
2025-11-08 14:33:42,161 - Agent - INFO - Device: cuda:0
2025-11-08 14:33:42,161 - Agent - INFO - Total training batches: 127, validate every 25 batches, steps per epoch: 6
2025-11-08 14:33:48,810 - Agent - INFO - Loss Weights are {'total': 1, 'combined': 1, 'c': 0, 'g': 0}
2025-11-08 14:33:50,294 - root - INFO - Loading enc best model state dict from /esat/smcdata/users/kkontras/Image_Dataset/no_backup/data/2025_data/synergy/unimodal_audio_fold0_lr0.001_wd0.0001.pth.tar
Replacing module
2025-11-08 14:33:50,766 - root - INFO - Loading enc best model state dict from /esat/smcdata/users/kkontras/Image_Dataset/no_backup/data/2025_data/synergy/unimodal_video_fold0_lr0.001_wd0.0001.pth.tar
Replacing module
2025-11-08 14:33:50,823 - Agent - INFO - Total number of trainable parameters are: 23483032
2025-11-08 14:33:50,834 - Agent - INFO - Total number of trainable parameters are: 23483032
2025-11-08 14:41:35,119 - Agent - INFO - [37mVal Epoch 1 step 1 with [31mce_loss_combined : 0.674221 [31mtotal : 0.674221 [94mAcc_combined: 74.94 [94mAcc_c: 59.00 [94mAcc_g: 60.25 [95mCEU_cue_audio: 0.7534 [95mCEU_cue_video: 0.6546 [95mCEU_synergy: 0.2131 [95mCEU_coexistence: 0.9651 
2025-11-08 14:41:35,145 - Agent - INFO - [37mTest Epoch 1 step 1 with [31mce_loss_combined : 0.894588 [31mtotal : 0.894588 [94mAcc_combined: 68.97 [94mAcc_c: 52.61 [94mAcc_g: 53.73 
2025-11-08 14:41:36,284 - Agent - INFO - [37mModels has saved successfully in /esat/smcdata/users/kkontras/Image_Dataset/no_backup/data/2025_data/synergy/Synprom_IB_fold0_l0.01_contrcoeff1_perturbgennoise_lr0.0001_wd0.0001_clsmlp_pre.pth.tar
2025-11-08 14:48:23,914 - Agent - INFO - [37mVal Epoch 2 step 2 with [31mce_loss_combined : 0.750797 [31mtotal : 0.750797 [94mAcc_combined: 75.17 [94mAcc_c: 62.76 [94mAcc_g: 57.18 [95mCEU_cue_audio: 0.5890 [95mCEU_cue_video: 0.8121 [95mCEU_synergy: 0.3115 [95mCEU_coexistence: 0.9651 
2025-11-08 14:48:23,943 - Agent - INFO - [37mTest Epoch 2 step 2 with [31mce_loss_combined : 1.056550 [31mtotal : 1.056550 [94mAcc_combined: 68.08 [94mAcc_c: 55.28 [94mAcc_g: 55.28 
2025-11-08 14:48:24,864 - Agent - INFO - [37mModels has saved successfully in /esat/smcdata/users/kkontras/Image_Dataset/no_backup/data/2025_data/synergy/Synprom_IB_fold0_l0.01_contrcoeff1_perturbgennoise_lr0.0001_wd0.0001_clsmlp_pre.pth.tar
2025-11-08 14:55:11,991 - Agent - INFO - [37mVal Epoch 3 step 3 with [31mce_loss_combined : 1.021260 [31mtotal : 1.021260 [94mAcc_combined: 70.27 [94mAcc_c: 62.64 [94mAcc_g: 56.72 [95mCEU_cue_audio: 0.4293 [95mCEU_cue_video: 0.8121 [95mCEU_synergy: 0.3281 [95mCEU_coexistence: 0.9382 
2025-11-08 15:02:03,377 - Agent - INFO - [37mVal Epoch 4 step 4 with [31mce_loss_combined : 1.096298 [31mtotal : 1.096298 [94mAcc_combined: 69.25 [94mAcc_c: 62.87 [94mAcc_g: 57.52 [95mCEU_cue_audio: 0.4293 [95mCEU_cue_video: 0.8181 [95mCEU_synergy: 0.2216 [95mCEU_coexistence: 0.9462 
2025-11-08 15:08:59,547 - Agent - INFO - [37mVal Epoch 5 step 5 with [31mce_loss_combined : 1.153381 [31mtotal : 1.153381 [94mAcc_combined: 70.96 [94mAcc_c: 61.28 [94mAcc_g: 57.29 [95mCEU_cue_audio: 0.4154 [95mCEU_cue_video: 0.8665 [95mCEU_synergy: 0.2295 [95mCEU_coexistence: 0.9705 
2025-11-08 15:15:52,338 - Agent - INFO - [37mVal Epoch 6 step 6 with [31mce_loss_combined : 1.247689 [31mtotal : 1.247689 [94mAcc_combined: 68.91 [94mAcc_c: 60.71 [94mAcc_g: 56.95 [95mCEU_cue_audio: 0.3699 [95mCEU_cue_video: 0.8425 [95mCEU_synergy: 0.2952 [95mCEU_coexistence: 0.9382 
2025-11-08 15:22:39,198 - Agent - INFO - [37mVal Epoch 7 step 7 with [31mce_loss_combined : 1.205157 [31mtotal : 1.205157 [94mAcc_combined: 69.70 [94mAcc_c: 61.62 [94mAcc_g: 57.18 [95mCEU_cue_audio: 0.4202 [95mCEU_cue_video: 0.8425 [95mCEU_synergy: 0.2541 [95mCEU_coexistence: 0.9408 
2025-11-08 15:29:27,254 - Agent - INFO - [37mVal Epoch 8 step 8 with [31mce_loss_combined : 1.227035 [31mtotal : 1.227035 [94mAcc_combined: 68.22 [94mAcc_c: 62.41 [94mAcc_g: 56.95 [95mCEU_cue_audio: 0.3607 [95mCEU_cue_video: 0.8665 [95mCEU_synergy: 0.2871 [95mCEU_coexistence: 0.9193 
2025-11-08 15:36:14,581 - Agent - INFO - [37mVal Epoch 9 step 9 with [31mce_loss_combined : 1.287056 [31mtotal : 1.287056 [94mAcc_combined: 68.56 [94mAcc_c: 59.45 [94mAcc_g: 55.92 [95mCEU_cue_audio: 0.3745 [95mCEU_cue_video: 0.8547 [95mCEU_synergy: 0.2541 [95mCEU_coexistence: 0.9356 
2025-11-08 15:43:04,843 - Agent - INFO - [37mVal Epoch 10 step 10 with [31mce_loss_combined : 1.346887 [31mtotal : 1.346887 [94mAcc_combined: 67.43 [94mAcc_c: 60.14 [94mAcc_g: 55.58 [95mCEU_cue_audio: 0.3745 [95mCEU_cue_video: 0.8302 [95mCEU_synergy: 0.2460 [95mCEU_coexistence: 0.9221 
2025-11-08 15:50:02,119 - Agent - INFO - [37mVal Epoch 11 step 11 with [31mce_loss_combined : 1.476197 [31mtotal : 1.476197 [94mAcc_combined: 65.72 [94mAcc_c: 60.02 [94mAcc_g: 55.13 [95mCEU_cue_audio: 0.3332 [95mCEU_cue_video: 0.8302 [95mCEU_synergy: 0.3115 [95mCEU_coexistence: 0.8844 
2025-11-08 15:57:09,189 - Agent - INFO - [37mVal Epoch 12 step 12 with [31mce_loss_combined : 1.439632 [31mtotal : 1.439632 [94mAcc_combined: 67.65 [94mAcc_c: 60.25 [94mAcc_g: 54.21 [95mCEU_cue_audio: 0.3745 [95mCEU_cue_video: 0.8484 [95mCEU_synergy: 0.3281 [95mCEU_coexistence: 0.8924 
2025-11-08 16:04:18,017 - Agent - INFO - [37mVal Epoch 13 step 13 with [31mce_loss_combined : 1.444756 [31mtotal : 1.444756 [94mAcc_combined: 66.40 [94mAcc_c: 60.36 [94mAcc_g: 55.92 [95mCEU_cue_audio: 0.3332 [95mCEU_cue_video: 0.8302 [95mCEU_synergy: 0.2871 [95mCEU_coexistence: 0.9087 
2025-11-08 16:11:25,500 - Agent - INFO - [37mVal Epoch 14 step 14 with [31mce_loss_combined : 1.227628 [31mtotal : 1.227628 [94mAcc_combined: 69.36 [94mAcc_c: 61.16 [94mAcc_g: 56.38 [95mCEU_cue_audio: 0.4202 [95mCEU_cue_video: 0.8362 [95mCEU_synergy: 0.2541 [95mCEU_coexistence: 0.9356 
2025-11-08 16:18:30,129 - Agent - INFO - [37mVal Epoch 15 step 15 with [31mce_loss_combined : 1.329494 [31mtotal : 1.329494 [94mAcc_combined: 67.65 [94mAcc_c: 60.93 [94mAcc_g: 55.69 [95mCEU_cue_audio: 0.3516 [95mCEU_cue_video: 0.8728 [95mCEU_synergy: 0.2705 [95mCEU_coexistence: 0.9141 
2025-11-08 16:25:20,178 - Agent - INFO - [37mVal Epoch 16 step 16 with [31mce_loss_combined : 1.430600 [31mtotal : 1.430600 [94mAcc_combined: 66.06 [94mAcc_c: 61.50 [94mAcc_g: 55.13 [95mCEU_cue_audio: 0.3789 [95mCEU_cue_video: 0.8244 [95mCEU_synergy: 0.2786 [95mCEU_coexistence: 0.8789 
2025-11-08 16:32:08,346 - Agent - INFO - [37mVal Epoch 17 step 17 with [31mce_loss_combined : 1.383290 [31mtotal : 1.383290 [94mAcc_combined: 68.34 [94mAcc_c: 59.00 [94mAcc_g: 55.81 [95mCEU_cue_audio: 0.3881 [95mCEU_cue_video: 0.8606 [95mCEU_synergy: 0.3031 [95mCEU_coexistence: 0.9032 
2025-11-08 16:38:54,191 - Agent - INFO - [37mVal Epoch 18 step 18 with [31mce_loss_combined : 1.173209 [31mtotal : 1.173209 [94mAcc_combined: 71.75 [94mAcc_c: 56.61 [94mAcc_g: 58.09 [95mCEU_cue_audio: 0.4703 [95mCEU_cue_video: 0.8244 [95mCEU_synergy: 0.2952 [95mCEU_coexistence: 0.9542 
2025-11-08 16:45:40,675 - Agent - INFO - [37mVal Epoch 19 step 19 with [31mce_loss_combined : 1.313900 [31mtotal : 1.313900 [94mAcc_combined: 69.70 [94mAcc_c: 60.71 [94mAcc_g: 56.49 [95mCEU_cue_audio: 0.4018 [95mCEU_cue_video: 0.8547 [95mCEU_synergy: 0.2952 [95mCEU_coexistence: 0.9327 
2025-11-08 16:52:33,904 - Agent - INFO - [37mVal Epoch 20 step 20 with [31mce_loss_combined : 1.168875 [31mtotal : 1.168875 [94mAcc_combined: 71.98 [94mAcc_c: 60.36 [94mAcc_g: 57.06 [95mCEU_cue_audio: 0.4886 [95mCEU_cue_video: 0.8302 [95mCEU_synergy: 0.2952 [95mCEU_coexistence: 0.9462 
2025-11-08 16:59:52,880 - Agent - INFO - [37mVal Epoch 21 step 21 with [31mce_loss_combined : 1.330714 [31mtotal : 1.330714 [94mAcc_combined: 66.86 [94mAcc_c: 58.54 [94mAcc_g: 54.78 [95mCEU_cue_audio: 0.4338 [95mCEU_cue_video: 0.8063 [95mCEU_synergy: 0.2705 [95mCEU_coexistence: 0.8763 
2025-11-08 16:59:54,582 - Agent - INFO - We are in the final state.
2025-11-08 16:59:54,926 - root - INFO - Loaded best model from /esat/smcdata/users/kkontras/Image_Dataset/no_backup/data/2025_data/synergy/Synprom_IB_fold0_l0.01_contrcoeff1_perturbgennoise_lr0.0001_wd0.0001_clsmlp_pre.pth.tar
2025-11-08 17:00:19,022 - Agent - INFO - [37mVal Epoch 21 step 0 with [31mce_loss_combined : 0.750797 [31mtotal : 0.750797 [94mAcc_combined: 75.17 [94mAcc_c: 62.76 [94mAcc_g: 57.18 [95mCEU_cue_audio: 0.5890 [95mCEU_cue_video: 0.8121 [95mCEU_synergy: 0.3115 [95mCEU_coexistence: 0.9651 
2025-11-08 17:00:44,437 - Agent - INFO - [37mTest Epoch 21 step 0 with [31mce_loss_combined : 1.056550 [31mtotal : 1.056550 [94mAcc_combined: 68.08 [94mAcc_c: 55.28 [94mAcc_g: 55.28 
2025-11-08 17:00:46,484 - Agent - INFO - [37mModels has saved successfully in /esat/smcdata/users/kkontras/Image_Dataset/no_backup/data/2025_data/synergy/Synprom_IB_fold0_l0.01_contrcoeff1_perturbgennoise_lr0.0001_wd0.0001_clsmlp_pre.pth.tar
Job finished
