Starting Job
/esat/smcdata/users/kkontras/Image_Dataset/no_backup/git/Synergy/train.py
/esat/smcdata/users/kkontras/Image_Dataset/no_backup/envs/balance_env/bin/python
Python 3.9.18
/esat/smcdata/users/kkontras/Image_Dataset/no_backup/git/Synergy
We have 1 GPU
/esat/smcdata/users/kkontras/Image_Dataset/no_backup/git/Synergy/train.py
config-./configs/CREMA_D/synergy/nov/synprom_ib.json
Executing command: accelerate launch /esat/smcdata/users/kkontras/Image_Dataset/no_backup/git/Synergy/train.py --config ./configs/CREMA_D/synergy/nov/synprom_ib.json --default_config ./configs/CREMA_D/default_config_cremad_res_syn.json --fold 0 --pre  --l 10 --contrcoeff 1 --lr 0.0001 --wd 0.0001 --cls mlp --perturb gennoise
Namespace(config='./configs/CREMA_D/synergy/nov/synprom_ib.json', default_config='./configs/CREMA_D/default_config_cremad_res_syn.json', fold='0', alpha=None, tanh_mode=None, tanh_mode_beta=None, regby=None, clip=None, batch_size=None, l='10', multil=None, l_diffsq=None, lib=None, ratio_us=None, ratio_snr=None, kmepoch=None, num_samples=None, pow=None, nstep=None, contrcoeff='1', kde_coeff=None, etube=None, temperature=None, contr_type=None, shuffle_type=None, validate_with=None, transform_type=None, trasform_before=None, num_classes=None, base_alpha=None, alpha_var=None, base_beta=None, beta_var=None, optim_method=None, ilr_c=None, ilr_g=None, mmcosine_scaling=None, ending_epoch=None, load_ongoing=None, commonlayers=None, recon_weight1=None, recon_weight2=None, recon_epochstages=None, recon_ensemblestages=None, lr='0.0001', wd='0.0001', mm=None, cls='mlp', perturb='gennoise', pre=True, frozen=False, tdqm_disable=False, start_over=False)
2025-11-08 21:03:14,427 - Config - INFO - ./configs/CREMA_D/synergy/nov/synprom_ib.json
2025-11-08 21:03:14,432 - Config - INFO -  THE Configuration of your experiment ..
{'agent': 'Agent',
 'dataset': {'data_roots': '/esat/smcdata/users/kkontras/Image_Dataset/no_backup/CremaD/CREMA-D',
             'data_split': {'fold': 0, 'method': 'non_inclusive'},
             'dataloader_class': 'CramedD_Dataloader',
             'fps': 1,
             'norm': False,
             'norm_face_path': './mydatasets/CREMAD/norm_face_path_fold{}.pkl',
             'norm_wav_path': './mydatasets/CREMAD/wav_norm_16000_fold{}.pkl',
             'num_frame': 3,
             'return_data': {'audio': False,
                             'face': False,
                             'spectrogram': True,
                             'video': True},
             'sampling_rate': 22050},
 'early_stopping': {'end_of_epoch_check': True,
                    'log_interval': 10,
                    'max_epoch': 1500,
                    'n_steps_stop': 20,
                    'n_steps_stop_after': 0,
                    'save_every_step': 3000,
                    'save_every_valstep': 10,
                    'validate_after': 0,
                    'validate_every': 25,
                    'validate_with': 'accuracy'},
 'exp_name': 'CREMAD Experiment',
 'model': {'args': {'bias_infusion': {'ending_epoch': 1500,
                                      'l': 0.1,
                                      'method': 'false',
                                      'plot': False,
                                      'starting_epoch': 0,
                                      'use': True},
                    'clip_grad': False,
                    'cls_type': 'linear',
                    'd_model': 512,
                    'dropout': 0.1,
                    'fc_inner': 64,
                    'multi_loss': {'multi_supervised_w': {'c': 0,
                                                          'combined': 1,
                                                          'g': 0}},
                    'num_classes': 6},
           'encoders': [{'args': {'d_model': 512,
                                  'dropout': 0.1,
                                  'fc_inner': 64,
                                  'freeze_encoder': False,
                                  'num_classes': 6},
                         'model': 'Audio_ResNet',
                         'pretrainedEncoder': {'dir': 'unimodal_audio_fold{}_lr0.001_wd0.0001.pth.tar',
                                               'use': False}},
                        {'args': {'d_model': 512,
                                  'dropout': 0.1,
                                  'fc_inner': 64,
                                  'freeze_encoder': False,
                                  'num_classes': 6},
                         'model': 'Video_ResNet',
                         'pretrainedEncoder': {'dir': 'unimodal_video_fold{}_lr0.001_wd0.0001.pth.tar',
                                               'use': False}}],
           'load_ongoing': False,
           'model_class': 'Fusion_Synprom_IB',
           'save_base_dir': '/esat/smcdata/users/kkontras/Image_Dataset/no_backup/data/2025_data/synergy',
           'save_dir': 'Synprom_IB_{}.pth.tar'},
 'optimizer': {'beta1': 0.9,
               'beta2': 0.999,
               'learning_rate': 1e-05,
               'momentum': 0.9,
               'type': 'Adam',
               'weight_decay': 1e-05},
 'scheduler': {'max_lr': 0.03, 'type': 'cosanneal', 'warm_up_steps': 780},
 'training_params': {'adversarial_training': {'adv_epsilon': 0.01,
                                              'use': False},
                     'async_loading': True,
                     'batch_size': 32,
                     'cuda': True,
                     'data_loader_workers': 8,
                     'gpu_device': [0],
                     'pin_memory': False,
                     'rec_test': True,
                     'res': True,
                     'seed': 109,
                     'tdqm_disable': False,
                     'test_batch_size': 32,
                     'test_on_bottoms': False,
                     'use_test_set': True,
                     'validation': True,
                     'verbose': True,
                     'wandb_disable': False}}
2025-11-08 21:03:14,435 - Config - INFO -  *************************************** 
2025-11-08 21:03:14,435 - Config - INFO - The experiment name is CREMAD Experiment
2025-11-08 21:03:14,435 - Config - INFO -  *************************************** 
2025-11-08 21:03:14,435 - root - INFO - save_dir: Synprom_IB_fold0_l10_contrcoeff1_perturbgennoise_lr0.0001_wd0.0001_clsmlp_pre.pth.tar
2025-11-08 21:03:14,636 - Cuda Statistics - INFO - __Python VERSION:  3.9.18 (main, Sep 11 2023, 13:41:44) 
[GCC 11.2.0]
2025-11-08 21:03:14,636 - Cuda Statistics - INFO - __pyTorch VERSION:  2.0.1+cu118
2025-11-08 21:03:14,636 - Cuda Statistics - INFO - __CUDA VERSION
2025-11-08 21:03:14,640 - Cuda Statistics - INFO - __CUDNN VERSION:  8700
2025-11-08 21:03:14,682 - Cuda Statistics - INFO - __Number CUDA Devices:  1
2025-11-08 21:03:14,683 - Cuda Statistics - INFO - __Devices
2025-11-08 21:03:14,683 - Cuda Statistics - INFO - index, name, driver_version, memory.total [MiB], memory.used [MiB], memory.free [MiB]
2025-11-08 21:03:14,683 - Cuda Statistics - INFO - 0, Tesla P100-PCIE-16GB, 580.95.05, 16384 MiB, 3 MiB, 16268 MiB
2025-11-08 21:03:14,685 - Cuda Statistics - INFO - Active CUDA Device: GPU 0
2025-11-08 21:03:14,685 - Cuda Statistics - INFO - Available devices  1
2025-11-08 21:03:14,685 - Cuda Statistics - INFO - Current cuda device  0
This path does not exist /esat/smcdata/users/kkontras/Image_Dataset/no_backup/CremaD/CREMA-D/AudioWAV/1076_MTI_SAD_XX.wav or /esat/smcdata/users/kkontras/Image_Dataset/no_backup/CremaD/CREMA-D/Image-01-FPS/1076_MTI_SAD_XX or /esat/smcdata/users/kkontras/Image_Dataset/no_backup/CremaD/CREMA-D/Face_features/1076_MTI_SAD_XX.npy
2025-11-08 21:03:17,081 - root - INFO - Loaded wav norm from ./mydatasets/CREMAD/wav_norm_16000_fold0.pkl
2025-11-08 21:03:17,087 - root - INFO - Norm values are {'mean': tensor(-2.7937e-05), 'std': tensor(0.0613), 'max_duration': 4.8715625}
2025-11-08 21:03:17,326 - root - INFO - Loaded wav norm from ./mydatasets/CREMAD/wav_norm_16000_fold0.pkl
2025-11-08 21:03:17,327 - root - INFO - Norm values are {'mean': tensor(-2.7937e-05), 'std': tensor(0.0613), 'max_duration': 4.8715625}
2025-11-08 21:03:17,879 - root - INFO - Loaded wav norm from ./mydatasets/CREMAD/wav_norm_16000_fold0.pkl
2025-11-08 21:03:17,880 - root - INFO - Norm values are {'mean': tensor(-2.7937e-05), 'std': tensor(0.0613), 'max_duration': 4.8715625}
Available cores 8
We are changing dataloader workers to num of cores 0
2025-11-08 21:03:17,884 - Agent - INFO - Device: cuda:0
2025-11-08 21:03:17,884 - Agent - INFO - Total training batches: 127, validate every 25 batches, steps per epoch: 6
2025-11-08 21:03:24,261 - Agent - INFO - Loss Weights are {'total': 1, 'combined': 1, 'c': 0, 'g': 0}
2025-11-08 21:03:24,996 - root - INFO - Loading enc best model state dict from /esat/smcdata/users/kkontras/Image_Dataset/no_backup/data/2025_data/synergy/unimodal_audio_fold0_lr0.001_wd0.0001.pth.tar
Replacing module
2025-11-08 21:03:25,434 - root - INFO - Loading enc best model state dict from /esat/smcdata/users/kkontras/Image_Dataset/no_backup/data/2025_data/synergy/unimodal_video_fold0_lr0.001_wd0.0001.pth.tar
Replacing module
2025-11-08 21:03:25,478 - Agent - INFO - Total number of trainable parameters are: 23483032
2025-11-08 21:03:25,487 - Agent - INFO - Total number of trainable parameters are: 23483032
2025-11-08 21:10:42,372 - Agent - INFO - [37mVal Epoch 1 step 1 with [31mce_loss_combined : 1.600879 [31mtotal : 1.600879 [94mAcc_combined: 65.26 [94mAcc_c: 60.48 [94mAcc_g: 59.57 [95mCEU_cue_audio: 0.4611 [95mCEU_cue_video: 0.7456 [95mCEU_synergy: 0.1066 [95mCEU_coexistence: 0.9032 
2025-11-08 21:10:42,397 - Agent - INFO - [37mTest Epoch 1 step 1 with [31mce_loss_combined : 1.622119 [31mtotal : 1.622119 [94mAcc_combined: 56.17 [94mAcc_c: 54.95 [94mAcc_g: 51.72 
2025-11-08 21:10:43,349 - Agent - INFO - [37mModels has saved successfully in /esat/smcdata/users/kkontras/Image_Dataset/no_backup/data/2025_data/synergy/Synprom_IB_fold0_l10_contrcoeff1_perturbgennoise_lr0.0001_wd0.0001_clsmlp_pre.pth.tar
2025-11-08 21:18:00,299 - Agent - INFO - [37mVal Epoch 2 step 2 with [31mce_loss_combined : 1.143796 [31mtotal : 1.143796 [94mAcc_combined: 61.85 [94mAcc_c: 61.62 [94mAcc_g: 55.35 [95mCEU_cue_audio: 0.2558 [95mCEU_cue_video: 0.8063 [95mCEU_synergy: 0.1721 [95mCEU_coexistence: 0.8952 
2025-11-08 21:25:14,523 - Agent - INFO - [37mVal Epoch 3 step 3 with [31mce_loss_combined : 1.014706 [31mtotal : 1.014706 [94mAcc_combined: 63.78 [94mAcc_c: 63.78 [94mAcc_g: 56.04 [95mCEU_cue_audio: 0.2510 [95mCEU_cue_video: 0.8181 [95mCEU_synergy: 0.2541 [95mCEU_coexistence: 0.9113 
2025-11-08 21:32:27,146 - Agent - INFO - [37mVal Epoch 4 step 4 with [31mce_loss_combined : 0.987457 [31mtotal : 0.987457 [94mAcc_combined: 66.86 [94mAcc_c: 61.85 [94mAcc_g: 56.72 [95mCEU_cue_audio: 0.3332 [95mCEU_cue_video: 0.8244 [95mCEU_synergy: 0.3115 [95mCEU_coexistence: 0.9141 
2025-11-08 21:32:27,171 - Agent - INFO - [37mTest Epoch 4 step 4 with [31mce_loss_combined : 1.206046 [31mtotal : 1.206046 [94mAcc_combined: 60.18 [94mAcc_c: 56.95 [94mAcc_g: 51.95 
2025-11-08 21:32:28,000 - Agent - INFO - [37mModels has saved successfully in /esat/smcdata/users/kkontras/Image_Dataset/no_backup/data/2025_data/synergy/Synprom_IB_fold0_l10_contrcoeff1_perturbgennoise_lr0.0001_wd0.0001_clsmlp_pre.pth.tar
2025-11-08 21:39:37,437 - Agent - INFO - [37mVal Epoch 5 step 5 with [31mce_loss_combined : 0.965436 [31mtotal : 0.965436 [94mAcc_combined: 69.36 [94mAcc_c: 61.85 [94mAcc_g: 58.54 [95mCEU_cue_audio: 0.3699 [95mCEU_cue_video: 0.8665 [95mCEU_synergy: 0.2541 [95mCEU_coexistence: 0.9516 
2025-11-08 21:39:37,459 - Agent - INFO - [37mTest Epoch 5 step 5 with [31mce_loss_combined : 1.309942 [31mtotal : 1.309942 [94mAcc_combined: 59.51 [94mAcc_c: 56.06 [94mAcc_g: 52.84 
2025-11-08 21:39:38,408 - Agent - INFO - [37mModels has saved successfully in /esat/smcdata/users/kkontras/Image_Dataset/no_backup/data/2025_data/synergy/Synprom_IB_fold0_l10_contrcoeff1_perturbgennoise_lr0.0001_wd0.0001_clsmlp_pre.pth.tar
2025-11-08 21:46:52,579 - Agent - INFO - [37mVal Epoch 6 step 6 with [31mce_loss_combined : 1.029810 [31mtotal : 1.029810 [94mAcc_combined: 68.00 [94mAcc_c: 59.79 [94mAcc_g: 57.52 [95mCEU_cue_audio: 0.3288 [95mCEU_cue_video: 0.8728 [95mCEU_synergy: 0.2952 [95mCEU_coexistence: 0.9273 
2025-11-08 21:54:06,990 - Agent - INFO - [37mVal Epoch 7 step 7 with [31mce_loss_combined : 1.077775 [31mtotal : 1.077775 [94mAcc_combined: 67.77 [94mAcc_c: 61.62 [94mAcc_g: 55.81 [95mCEU_cue_audio: 0.3974 [95mCEU_cue_video: 0.8362 [95mCEU_synergy: 0.2952 [95mCEU_coexistence: 0.8978 
2025-11-08 22:01:22,824 - Agent - INFO - [37mVal Epoch 8 step 8 with [31mce_loss_combined : 1.084806 [31mtotal : 1.084806 [94mAcc_combined: 66.97 [94mAcc_c: 60.02 [94mAcc_g: 57.29 [95mCEU_cue_audio: 0.3380 [95mCEU_cue_video: 0.8606 [95mCEU_synergy: 0.2705 [95mCEU_coexistence: 0.9113 
2025-11-08 22:08:35,253 - Agent - INFO - [37mVal Epoch 9 step 9 with [31mce_loss_combined : 1.108583 [31mtotal : 1.108583 [94mAcc_combined: 69.70 [94mAcc_c: 60.02 [94mAcc_g: 57.86 [95mCEU_cue_audio: 0.3471 [95mCEU_cue_video: 0.8787 [95mCEU_synergy: 0.3115 [95mCEU_coexistence: 0.9490 
2025-11-08 22:08:35,278 - Agent - INFO - [37mTest Epoch 9 step 9 with [31mce_loss_combined : 1.433471 [31mtotal : 1.433471 [94mAcc_combined: 59.07 [94mAcc_c: 56.62 [94mAcc_g: 52.39 
2025-11-08 22:08:36,119 - Agent - INFO - [37mModels has saved successfully in /esat/smcdata/users/kkontras/Image_Dataset/no_backup/data/2025_data/synergy/Synprom_IB_fold0_l10_contrcoeff1_perturbgennoise_lr0.0001_wd0.0001_clsmlp_pre.pth.tar
2025-11-08 22:15:51,271 - Agent - INFO - [37mVal Epoch 10 step 10 with [31mce_loss_combined : 1.111670 [31mtotal : 1.111670 [94mAcc_combined: 68.56 [94mAcc_c: 61.05 [94mAcc_g: 55.92 [95mCEU_cue_audio: 0.3653 [95mCEU_cue_video: 0.8362 [95mCEU_synergy: 0.3115 [95mCEU_coexistence: 0.9301 
2025-11-08 22:23:05,190 - Agent - INFO - [37mVal Epoch 11 step 11 with [31mce_loss_combined : 1.180441 [31mtotal : 1.180441 [94mAcc_combined: 68.00 [94mAcc_c: 59.79 [94mAcc_g: 57.18 [95mCEU_cue_audio: 0.3561 [95mCEU_cue_video: 0.8606 [95mCEU_synergy: 0.3031 [95mCEU_coexistence: 0.9141 
2025-11-08 22:30:21,546 - Agent - INFO - [37mVal Epoch 12 step 12 with [31mce_loss_combined : 1.188266 [31mtotal : 1.188266 [94mAcc_combined: 68.45 [94mAcc_c: 57.29 [94mAcc_g: 55.35 [95mCEU_cue_audio: 0.3699 [95mCEU_cue_video: 0.8362 [95mCEU_synergy: 0.3441 [95mCEU_coexistence: 0.9141 
2025-11-08 22:37:36,108 - Agent - INFO - [37mVal Epoch 13 step 13 with [31mce_loss_combined : 1.153307 [31mtotal : 1.153307 [94mAcc_combined: 68.79 [94mAcc_c: 58.43 [94mAcc_g: 55.92 [95mCEU_cue_audio: 0.3516 [95mCEU_cue_video: 0.8606 [95mCEU_synergy: 0.3197 [95mCEU_coexistence: 0.9301 
2025-11-08 22:44:50,999 - Agent - INFO - [37mVal Epoch 14 step 14 with [31mce_loss_combined : 1.064197 [31mtotal : 1.064197 [94mAcc_combined: 71.98 [94mAcc_c: 59.00 [94mAcc_g: 56.49 [95mCEU_cue_audio: 0.4567 [95mCEU_cue_video: 0.8547 [95mCEU_synergy: 0.2952 [95mCEU_coexistence: 0.9542 
2025-11-08 22:44:51,024 - Agent - INFO - [37mTest Epoch 14 step 14 with [31mce_loss_combined : 1.350287 [31mtotal : 1.350287 [94mAcc_combined: 62.96 [94mAcc_c: 55.06 [94mAcc_g: 52.84 
2025-11-08 22:44:51,952 - Agent - INFO - [37mModels has saved successfully in /esat/smcdata/users/kkontras/Image_Dataset/no_backup/data/2025_data/synergy/Synprom_IB_fold0_l10_contrcoeff1_perturbgennoise_lr0.0001_wd0.0001_clsmlp_pre.pth.tar
2025-11-08 22:52:09,662 - Agent - INFO - [37mVal Epoch 15 step 15 with [31mce_loss_combined : 1.133790 [31mtotal : 1.133790 [94mAcc_combined: 69.25 [94mAcc_c: 59.34 [94mAcc_g: 55.24 [95mCEU_cue_audio: 0.3881 [95mCEU_cue_video: 0.8362 [95mCEU_synergy: 0.3031 [95mCEU_coexistence: 0.9356 
2025-11-08 22:59:20,995 - Agent - INFO - [37mVal Epoch 16 step 16 with [31mce_loss_combined : 1.189689 [31mtotal : 1.189689 [94mAcc_combined: 67.31 [94mAcc_c: 59.57 [94mAcc_g: 54.44 [95mCEU_cue_audio: 0.3881 [95mCEU_cue_video: 0.8063 [95mCEU_synergy: 0.3281 [95mCEU_coexistence: 0.8952 
2025-11-08 23:06:35,348 - Agent - INFO - [37mVal Epoch 17 step 17 with [31mce_loss_combined : 1.238260 [31mtotal : 1.238260 [94mAcc_combined: 67.20 [94mAcc_c: 59.91 [94mAcc_g: 55.35 [95mCEU_cue_audio: 0.3699 [95mCEU_cue_video: 0.8244 [95mCEU_synergy: 0.3281 [95mCEU_coexistence: 0.8952 
2025-11-08 23:13:51,479 - Agent - INFO - [37mVal Epoch 18 step 18 with [31mce_loss_combined : 1.033663 [31mtotal : 1.033663 [94mAcc_combined: 73.35 [94mAcc_c: 57.29 [94mAcc_g: 57.74 [95mCEU_cue_audio: 0.4932 [95mCEU_cue_video: 0.8425 [95mCEU_synergy: 0.3360 [95mCEU_coexistence: 0.9570 
2025-11-08 23:13:51,504 - Agent - INFO - [37mTest Epoch 18 step 18 with [31mce_loss_combined : 1.436602 [31mtotal : 1.436602 [94mAcc_combined: 61.96 [94mAcc_c: 53.06 [94mAcc_g: 51.50 
2025-11-08 23:13:52,331 - Agent - INFO - [37mModels has saved successfully in /esat/smcdata/users/kkontras/Image_Dataset/no_backup/data/2025_data/synergy/Synprom_IB_fold0_l10_contrcoeff1_perturbgennoise_lr0.0001_wd0.0001_clsmlp_pre.pth.tar
2025-11-08 23:21:08,347 - Agent - INFO - [37mVal Epoch 19 step 19 with [31mce_loss_combined : 1.150672 [31mtotal : 1.150672 [94mAcc_combined: 70.16 [94mAcc_c: 57.63 [94mAcc_g: 54.33 [95mCEU_cue_audio: 0.4293 [95mCEU_cue_video: 0.8425 [95mCEU_synergy: 0.3115 [95mCEU_coexistence: 0.9273 
2025-11-08 23:28:23,458 - Agent - INFO - [37mVal Epoch 20 step 20 with [31mce_loss_combined : 1.157425 [31mtotal : 1.157425 [94mAcc_combined: 71.64 [94mAcc_c: 59.45 [94mAcc_g: 55.47 [95mCEU_cue_audio: 0.4611 [95mCEU_cue_video: 0.8547 [95mCEU_synergy: 0.3197 [95mCEU_coexistence: 0.9356 
2025-11-08 23:35:37,900 - Agent - INFO - [37mVal Epoch 21 step 21 with [31mce_loss_combined : 1.266507 [31mtotal : 1.266507 [94mAcc_combined: 68.34 [94mAcc_c: 56.95 [94mAcc_g: 54.33 [95mCEU_cue_audio: 0.4154 [95mCEU_cue_video: 0.7940 [95mCEU_synergy: 0.3525 [95mCEU_coexistence: 0.9006 
2025-11-08 23:42:48,496 - Agent - INFO - [37mVal Epoch 22 step 22 with [31mce_loss_combined : 1.087680 [31mtotal : 1.087680 [94mAcc_combined: 70.16 [94mAcc_c: 59.11 [94mAcc_g: 55.01 [95mCEU_cue_audio: 0.4567 [95mCEU_cue_video: 0.8302 [95mCEU_synergy: 0.3852 [95mCEU_coexistence: 0.8924 
2025-11-08 23:50:01,895 - Agent - INFO - [37mVal Epoch 23 step 23 with [31mce_loss_combined : 1.097391 [31mtotal : 1.097391 [94mAcc_combined: 71.75 [94mAcc_c: 56.95 [94mAcc_g: 55.01 [95mCEU_cue_audio: 0.4611 [95mCEU_cue_video: 0.8484 [95mCEU_synergy: 0.3360 [95mCEU_coexistence: 0.9356 
2025-11-08 23:57:15,756 - Agent - INFO - [37mVal Epoch 24 step 24 with [31mce_loss_combined : 1.202181 [31mtotal : 1.202181 [94mAcc_combined: 70.16 [94mAcc_c: 57.40 [94mAcc_g: 54.67 [95mCEU_cue_audio: 0.4611 [95mCEU_cue_video: 0.8244 [95mCEU_synergy: 0.3441 [95mCEU_coexistence: 0.9058 
2025-11-09 00:04:28,880 - Agent - INFO - [37mVal Epoch 25 step 25 with [31mce_loss_combined : 1.027405 [31mtotal : 1.027405 [94mAcc_combined: 73.80 [94mAcc_c: 59.79 [94mAcc_g: 56.15 [95mCEU_cue_audio: 0.5114 [95mCEU_cue_video: 0.8362 [95mCEU_synergy: 0.3360 [95mCEU_coexistence: 0.9596 
2025-11-09 00:04:28,905 - Agent - INFO - [37mTest Epoch 25 step 25 with [31mce_loss_combined : 1.326941 [31mtotal : 1.326941 [94mAcc_combined: 64.74 [94mAcc_c: 54.95 [94mAcc_g: 50.83 
2025-11-09 00:04:29,836 - Agent - INFO - [37mModels has saved successfully in /esat/smcdata/users/kkontras/Image_Dataset/no_backup/data/2025_data/synergy/Synprom_IB_fold0_l10_contrcoeff1_perturbgennoise_lr0.0001_wd0.0001_clsmlp_pre.pth.tar
2025-11-09 00:11:48,024 - Agent - INFO - [37mVal Epoch 26 step 26 with [31mce_loss_combined : 1.062196 [31mtotal : 1.062196 [94mAcc_combined: 72.10 [94mAcc_c: 61.05 [94mAcc_g: 54.56 [95mCEU_cue_audio: 0.5114 [95mCEU_cue_video: 0.8244 [95mCEU_synergy: 0.2952 [95mCEU_coexistence: 0.9382 
2025-11-09 00:19:01,640 - Agent - INFO - [37mVal Epoch 27 step 27 with [31mce_loss_combined : 1.115477 [31mtotal : 1.115477 [94mAcc_combined: 72.89 [94mAcc_c: 60.25 [94mAcc_g: 54.33 [95mCEU_cue_audio: 0.5024 [95mCEU_cue_video: 0.8302 [95mCEU_synergy: 0.3525 [95mCEU_coexistence: 0.9408 
2025-11-09 00:26:16,819 - Agent - INFO - [37mVal Epoch 28 step 28 with [31mce_loss_combined : 1.017553 [31mtotal : 1.017553 [94mAcc_combined: 72.32 [94mAcc_c: 60.82 [94mAcc_g: 56.15 [95mCEU_cue_audio: 0.4429 [95mCEU_cue_video: 0.8606 [95mCEU_synergy: 0.3441 [95mCEU_coexistence: 0.9516 
2025-11-09 00:33:30,821 - Agent - INFO - [37mVal Epoch 29 step 29 with [31mce_loss_combined : 1.079669 [31mtotal : 1.079669 [94mAcc_combined: 72.78 [94mAcc_c: 60.14 [94mAcc_g: 55.47 [95mCEU_cue_audio: 0.4886 [95mCEU_cue_video: 0.8425 [95mCEU_synergy: 0.3197 [95mCEU_coexistence: 0.9516 
2025-11-09 00:40:43,396 - Agent - INFO - [37mVal Epoch 30 step 30 with [31mce_loss_combined : 1.035013 [31mtotal : 1.035013 [94mAcc_combined: 73.46 [94mAcc_c: 60.82 [94mAcc_g: 55.69 [95mCEU_cue_audio: 0.5160 [95mCEU_cue_video: 0.8362 [95mCEU_synergy: 0.3441 [95mCEU_coexistence: 0.9462 
2025-11-09 00:47:58,165 - Agent - INFO - [37mVal Epoch 31 step 31 with [31mce_loss_combined : 1.028103 [31mtotal : 1.028103 [94mAcc_combined: 71.87 [94mAcc_c: 59.79 [94mAcc_g: 56.38 [95mCEU_cue_audio: 0.4567 [95mCEU_cue_video: 0.8302 [95mCEU_synergy: 0.3197 [95mCEU_coexistence: 0.9542 
2025-11-09 00:55:13,085 - Agent - INFO - [37mVal Epoch 32 step 32 with [31mce_loss_combined : 1.043781 [31mtotal : 1.043781 [94mAcc_combined: 73.69 [94mAcc_c: 59.57 [94mAcc_g: 56.15 [95mCEU_cue_audio: 0.5297 [95mCEU_cue_video: 0.7999 [95mCEU_synergy: 0.3607 [95mCEU_coexistence: 0.9542 
2025-11-09 01:02:27,048 - Agent - INFO - [37mVal Epoch 33 step 33 with [31mce_loss_combined : 1.191603 [31mtotal : 1.191603 [94mAcc_combined: 70.27 [94mAcc_c: 57.06 [94mAcc_g: 54.78 [95mCEU_cue_audio: 0.4932 [95mCEU_cue_video: 0.7940 [95mCEU_synergy: 0.3607 [95mCEU_coexistence: 0.8978 
2025-11-09 01:09:46,750 - Agent - INFO - [37mVal Epoch 34 step 34 with [31mce_loss_combined : 1.050254 [31mtotal : 1.050254 [94mAcc_combined: 72.21 [94mAcc_c: 58.77 [94mAcc_g: 55.47 [95mCEU_cue_audio: 0.5024 [95mCEU_cue_video: 0.8181 [95mCEU_synergy: 0.2871 [95mCEU_coexistence: 0.9516 
2025-11-09 01:16:59,804 - Agent - INFO - [37mVal Epoch 35 step 35 with [31mce_loss_combined : 1.028354 [31mtotal : 1.028354 [94mAcc_combined: 72.44 [94mAcc_c: 60.02 [94mAcc_g: 55.92 [95mCEU_cue_audio: 0.5571 [95mCEU_cue_video: 0.7878 [95mCEU_synergy: 0.3031 [95mCEU_coexistence: 0.9327 
2025-11-09 01:24:11,717 - Agent - INFO - [37mVal Epoch 36 step 36 with [31mce_loss_combined : 1.235752 [31mtotal : 1.235752 [94mAcc_combined: 71.87 [94mAcc_c: 56.38 [94mAcc_g: 55.81 [95mCEU_cue_audio: 0.5479 [95mCEU_cue_video: 0.7637 [95mCEU_synergy: 0.3197 [95mCEU_coexistence: 0.9301 
2025-11-09 01:31:28,122 - Agent - INFO - [37mVal Epoch 37 step 37 with [31mce_loss_combined : 1.169060 [31mtotal : 1.169060 [94mAcc_combined: 69.59 [94mAcc_c: 54.33 [94mAcc_g: 56.61 [95mCEU_cue_audio: 0.4475 [95mCEU_cue_video: 0.8244 [95mCEU_synergy: 0.2786 [95mCEU_coexistence: 0.9221 
2025-11-09 01:38:48,700 - Agent - INFO - [37mVal Epoch 38 step 38 with [31mce_loss_combined : 1.211321 [31mtotal : 1.211321 [94mAcc_combined: 70.84 [94mAcc_c: 57.06 [94mAcc_g: 57.29 [95mCEU_cue_audio: 0.4749 [95mCEU_cue_video: 0.8302 [95mCEU_synergy: 0.2705 [95mCEU_coexistence: 0.9356 
2025-11-09 01:46:05,482 - Agent - INFO - [37mVal Epoch 39 step 39 with [31mce_loss_combined : 1.086779 [31mtotal : 1.086779 [94mAcc_combined: 71.30 [94mAcc_c: 59.34 [94mAcc_g: 55.35 [95mCEU_cue_audio: 0.5024 [95mCEU_cue_video: 0.8244 [95mCEU_synergy: 0.3441 [95mCEU_coexistence: 0.9087 
2025-11-09 01:53:23,070 - Agent - INFO - [37mVal Epoch 40 step 40 with [31mce_loss_combined : 1.123221 [31mtotal : 1.123221 [94mAcc_combined: 71.98 [94mAcc_c: 59.11 [94mAcc_g: 56.38 [95mCEU_cue_audio: 0.5251 [95mCEU_cue_video: 0.8063 [95mCEU_synergy: 0.2871 [95mCEU_coexistence: 0.9382 
2025-11-09 02:00:42,765 - Agent - INFO - [37mVal Epoch 41 step 41 with [31mce_loss_combined : 1.156488 [31mtotal : 1.156488 [94mAcc_combined: 72.67 [94mAcc_c: 58.09 [94mAcc_g: 57.06 [95mCEU_cue_audio: 0.4976 [95mCEU_cue_video: 0.8362 [95mCEU_synergy: 0.3115 [95mCEU_coexistence: 0.9490 
2025-11-09 02:07:57,031 - Agent - INFO - [37mVal Epoch 42 step 42 with [31mce_loss_combined : 1.010720 [31mtotal : 1.010720 [94mAcc_combined: 74.15 [94mAcc_c: 57.86 [94mAcc_g: 56.61 [95mCEU_cue_audio: 0.5798 [95mCEU_cue_video: 0.8302 [95mCEU_synergy: 0.2621 [95mCEU_coexistence: 0.9542 
2025-11-09 02:07:57,056 - Agent - INFO - [37mTest Epoch 42 step 42 with [31mce_loss_combined : 1.304074 [31mtotal : 1.304074 [94mAcc_combined: 66.41 [94mAcc_c: 51.72 [94mAcc_g: 51.61 
2025-11-09 02:07:57,939 - Agent - INFO - [37mModels has saved successfully in /esat/smcdata/users/kkontras/Image_Dataset/no_backup/data/2025_data/synergy/Synprom_IB_fold0_l10_contrcoeff1_perturbgennoise_lr0.0001_wd0.0001_clsmlp_pre.pth.tar
2025-11-09 02:15:15,645 - Agent - INFO - [37mVal Epoch 43 step 43 with [31mce_loss_combined : 1.020541 [31mtotal : 1.020541 [94mAcc_combined: 75.06 [94mAcc_c: 59.00 [94mAcc_g: 55.24 [95mCEU_cue_audio: 0.6393 [95mCEU_cue_video: 0.7940 [95mCEU_synergy: 0.2786 [95mCEU_coexistence: 0.9516 
2025-11-09 02:15:15,670 - Agent - INFO - [37mTest Epoch 43 step 43 with [31mce_loss_combined : 1.172797 [31mtotal : 1.172797 [94mAcc_combined: 67.52 [94mAcc_c: 53.95 [94mAcc_g: 50.61 
2025-11-09 02:15:16,493 - Agent - INFO - [37mModels has saved successfully in /esat/smcdata/users/kkontras/Image_Dataset/no_backup/data/2025_data/synergy/Synprom_IB_fold0_l10_contrcoeff1_perturbgennoise_lr0.0001_wd0.0001_clsmlp_pre.pth.tar
2025-11-09 02:22:38,261 - Agent - INFO - [37mVal Epoch 44 step 44 with [31mce_loss_combined : 1.062190 [31mtotal : 1.062190 [94mAcc_combined: 74.72 [94mAcc_c: 60.02 [94mAcc_g: 55.47 [95mCEU_cue_audio: 0.6620 [95mCEU_cue_video: 0.7574 [95mCEU_synergy: 0.2871 [95mCEU_coexistence: 0.9436 
2025-11-09 02:29:58,070 - Agent - INFO - [37mVal Epoch 45 step 45 with [31mce_loss_combined : 1.032964 [31mtotal : 1.032964 [94mAcc_combined: 75.40 [94mAcc_c: 58.09 [94mAcc_g: 56.49 [95mCEU_cue_audio: 0.6301 [95mCEU_cue_video: 0.8181 [95mCEU_synergy: 0.2952 [95mCEU_coexistence: 0.9490 
2025-11-09 02:29:58,094 - Agent - INFO - [37mTest Epoch 45 step 45 with [31mce_loss_combined : 1.208332 [31mtotal : 1.208332 [94mAcc_combined: 65.29 [94mAcc_c: 54.62 [94mAcc_g: 51.95 
2025-11-09 02:29:58,968 - Agent - INFO - [37mModels has saved successfully in /esat/smcdata/users/kkontras/Image_Dataset/no_backup/data/2025_data/synergy/Synprom_IB_fold0_l10_contrcoeff1_perturbgennoise_lr0.0001_wd0.0001_clsmlp_pre.pth.tar
2025-11-09 02:37:15,943 - Agent - INFO - [37mVal Epoch 46 step 46 with [31mce_loss_combined : 1.015328 [31mtotal : 1.015328 [94mAcc_combined: 73.46 [94mAcc_c: 57.97 [94mAcc_g: 57.06 [95mCEU_cue_audio: 0.5846 [95mCEU_cue_video: 0.7759 [95mCEU_synergy: 0.2541 [95mCEU_coexistence: 0.9625 
2025-11-09 02:44:33,665 - Agent - INFO - [37mVal Epoch 47 step 47 with [31mce_loss_combined : 1.016733 [31mtotal : 1.016733 [94mAcc_combined: 72.55 [94mAcc_c: 59.57 [94mAcc_g: 55.92 [95mCEU_cue_audio: 0.6119 [95mCEU_cue_video: 0.7456 [95mCEU_synergy: 0.2871 [95mCEU_coexistence: 0.9273 
2025-11-09 02:51:53,776 - Agent - INFO - [37mVal Epoch 48 step 48 with [31mce_loss_combined : 0.995407 [31mtotal : 0.995407 [94mAcc_combined: 75.17 [94mAcc_c: 59.68 [94mAcc_g: 55.58 [95mCEU_cue_audio: 0.6026 [95mCEU_cue_video: 0.8302 [95mCEU_synergy: 0.2460 [95mCEU_coexistence: 0.9705 
2025-11-09 02:59:19,562 - Agent - INFO - [37mVal Epoch 49 step 49 with [31mce_loss_combined : 1.054995 [31mtotal : 1.054995 [94mAcc_combined: 73.92 [94mAcc_c: 59.11 [94mAcc_g: 55.35 [95mCEU_cue_audio: 0.5982 [95mCEU_cue_video: 0.7637 [95mCEU_synergy: 0.3197 [95mCEU_coexistence: 0.9490 
2025-11-09 03:06:43,475 - Agent - INFO - [37mVal Epoch 50 step 50 with [31mce_loss_combined : 1.082728 [31mtotal : 1.082728 [94mAcc_combined: 74.15 [94mAcc_c: 58.43 [94mAcc_g: 55.58 [95mCEU_cue_audio: 0.6255 [95mCEU_cue_video: 0.7818 [95mCEU_synergy: 0.3360 [95mCEU_coexistence: 0.9247 
2025-11-09 03:14:08,450 - Agent - INFO - [37mVal Epoch 51 step 51 with [31mce_loss_combined : 1.050594 [31mtotal : 1.050594 [94mAcc_combined: 73.01 [94mAcc_c: 59.34 [94mAcc_g: 54.78 [95mCEU_cue_audio: 0.6164 [95mCEU_cue_video: 0.7818 [95mCEU_synergy: 0.2871 [95mCEU_coexistence: 0.9193 
2025-11-09 03:21:31,817 - Agent - INFO - [37mVal Epoch 52 step 52 with [31mce_loss_combined : 1.089223 [31mtotal : 1.089223 [94mAcc_combined: 74.37 [94mAcc_c: 60.59 [94mAcc_g: 55.58 [95mCEU_cue_audio: 0.6211 [95mCEU_cue_video: 0.7940 [95mCEU_synergy: 0.3031 [95mCEU_coexistence: 0.9382 
2025-11-09 03:28:54,418 - Agent - INFO - [37mVal Epoch 53 step 53 with [31mce_loss_combined : 1.005668 [31mtotal : 1.005668 [94mAcc_combined: 75.17 [94mAcc_c: 59.00 [94mAcc_g: 56.26 [95mCEU_cue_audio: 0.6439 [95mCEU_cue_video: 0.7818 [95mCEU_synergy: 0.2952 [95mCEU_coexistence: 0.9516 
2025-11-09 03:36:17,618 - Agent - INFO - [37mVal Epoch 54 step 54 with [31mce_loss_combined : 0.946983 [31mtotal : 0.946983 [94mAcc_combined: 75.40 [94mAcc_c: 59.34 [94mAcc_g: 56.04 [95mCEU_cue_audio: 0.6758 [95mCEU_cue_video: 0.7759 [95mCEU_synergy: 0.2786 [95mCEU_coexistence: 0.9462 
2025-11-09 03:43:41,399 - Agent - INFO - [37mVal Epoch 55 step 55 with [31mce_loss_combined : 1.010184 [31mtotal : 1.010184 [94mAcc_combined: 75.85 [94mAcc_c: 58.66 [94mAcc_g: 55.69 [95mCEU_cue_audio: 0.6529 [95mCEU_cue_video: 0.7940 [95mCEU_synergy: 0.3281 [95mCEU_coexistence: 0.9462 
2025-11-09 03:43:41,426 - Agent - INFO - [37mTest Epoch 55 step 55 with [31mce_loss_combined : 1.221296 [31mtotal : 1.221296 [94mAcc_combined: 68.19 [94mAcc_c: 55.28 [94mAcc_g: 50.06 
2025-11-09 03:43:42,281 - Agent - INFO - [37mModels has saved successfully in /esat/smcdata/users/kkontras/Image_Dataset/no_backup/data/2025_data/synergy/Synprom_IB_fold0_l10_contrcoeff1_perturbgennoise_lr0.0001_wd0.0001_clsmlp_pre.pth.tar
2025-11-09 03:51:04,991 - Agent - INFO - [37mVal Epoch 56 step 56 with [31mce_loss_combined : 0.948056 [31mtotal : 0.948056 [94mAcc_combined: 75.74 [94mAcc_c: 60.25 [94mAcc_g: 56.15 [95mCEU_cue_audio: 0.6712 [95mCEU_cue_video: 0.7574 [95mCEU_synergy: 0.2786 [95mCEU_coexistence: 0.9651 
2025-11-09 03:58:28,316 - Agent - INFO - [37mVal Epoch 57 step 57 with [31mce_loss_combined : 1.012775 [31mtotal : 1.012775 [94mAcc_combined: 74.60 [94mAcc_c: 58.31 [94mAcc_g: 56.38 [95mCEU_cue_audio: 0.6393 [95mCEU_cue_video: 0.7759 [95mCEU_synergy: 0.3031 [95mCEU_coexistence: 0.9408 
2025-11-09 04:05:53,416 - Agent - INFO - [37mVal Epoch 58 step 58 with [31mce_loss_combined : 0.979762 [31mtotal : 0.979762 [94mAcc_combined: 75.17 [94mAcc_c: 60.02 [94mAcc_g: 55.92 [95mCEU_cue_audio: 0.6576 [95mCEU_cue_video: 0.7940 [95mCEU_synergy: 0.2871 [95mCEU_coexistence: 0.9408 
2025-11-09 04:13:17,369 - Agent - INFO - [37mVal Epoch 59 step 59 with [31mce_loss_combined : 0.987381 [31mtotal : 0.987381 [94mAcc_combined: 75.17 [94mAcc_c: 59.91 [94mAcc_g: 55.13 [95mCEU_cue_audio: 0.7077 [95mCEU_cue_video: 0.7211 [95mCEU_synergy: 0.2871 [95mCEU_coexistence: 0.9436 
2025-11-09 04:20:40,762 - Agent - INFO - [37mVal Epoch 60 step 60 with [31mce_loss_combined : 0.965899 [31mtotal : 0.965899 [94mAcc_combined: 74.26 [94mAcc_c: 59.57 [94mAcc_g: 54.56 [95mCEU_cue_audio: 0.6897 [95mCEU_cue_video: 0.7211 [95mCEU_synergy: 0.2871 [95mCEU_coexistence: 0.9327 
2025-11-09 04:28:06,280 - Agent - INFO - [37mVal Epoch 61 step 61 with [31mce_loss_combined : 1.001010 [31mtotal : 1.001010 [94mAcc_combined: 75.06 [94mAcc_c: 59.34 [94mAcc_g: 55.24 [95mCEU_cue_audio: 0.6758 [95mCEU_cue_video: 0.7696 [95mCEU_synergy: 0.2871 [95mCEU_coexistence: 0.9382 
2025-11-09 04:35:32,036 - Agent - INFO - [37mVal Epoch 62 step 62 with [31mce_loss_combined : 1.005142 [31mtotal : 1.005142 [94mAcc_combined: 73.46 [94mAcc_c: 59.11 [94mAcc_g: 56.26 [95mCEU_cue_audio: 0.6026 [95mCEU_cue_video: 0.7696 [95mCEU_synergy: 0.3031 [95mCEU_coexistence: 0.9382 
2025-11-09 04:42:55,884 - Agent - INFO - [37mVal Epoch 63 step 63 with [31mce_loss_combined : 0.945318 [31mtotal : 0.945318 [94mAcc_combined: 74.94 [94mAcc_c: 57.86 [94mAcc_g: 55.81 [95mCEU_cue_audio: 0.6439 [95mCEU_cue_video: 0.7759 [95mCEU_synergy: 0.3031 [95mCEU_coexistence: 0.9462 
2025-11-09 04:50:17,986 - Agent - INFO - [37mVal Epoch 64 step 64 with [31mce_loss_combined : 0.995119 [31mtotal : 0.995119 [94mAcc_combined: 75.17 [94mAcc_c: 58.54 [94mAcc_g: 56.15 [95mCEU_cue_audio: 0.6668 [95mCEU_cue_video: 0.7759 [95mCEU_synergy: 0.3281 [95mCEU_coexistence: 0.9301 
2025-11-09 04:57:39,831 - Agent - INFO - [37mVal Epoch 65 step 65 with [31mce_loss_combined : 1.061128 [31mtotal : 1.061128 [94mAcc_combined: 72.44 [94mAcc_c: 58.43 [94mAcc_g: 54.78 [95mCEU_cue_audio: 0.5846 [95mCEU_cue_video: 0.7940 [95mCEU_synergy: 0.3031 [95mCEU_coexistence: 0.9141 
2025-11-09 05:05:01,102 - Agent - INFO - [37mVal Epoch 66 step 66 with [31mce_loss_combined : 1.093696 [31mtotal : 1.093696 [94mAcc_combined: 71.87 [94mAcc_c: 56.26 [94mAcc_g: 55.01 [95mCEU_cue_audio: 0.5798 [95mCEU_cue_video: 0.7574 [95mCEU_synergy: 0.2376 [95mCEU_coexistence: 0.9408 
2025-11-09 05:12:25,127 - Agent - INFO - [37mVal Epoch 67 step 67 with [31mce_loss_combined : 1.138437 [31mtotal : 1.138437 [94mAcc_combined: 71.07 [94mAcc_c: 57.63 [94mAcc_g: 55.13 [95mCEU_cue_audio: 0.6211 [95mCEU_cue_video: 0.7271 [95mCEU_synergy: 0.2541 [95mCEU_coexistence: 0.9058 
2025-11-09 05:19:49,047 - Agent - INFO - [37mVal Epoch 68 step 68 with [31mce_loss_combined : 1.153988 [31mtotal : 1.153988 [94mAcc_combined: 73.01 [94mAcc_c: 59.79 [94mAcc_g: 55.24 [95mCEU_cue_audio: 0.6075 [95mCEU_cue_video: 0.7759 [95mCEU_synergy: 0.2705 [95mCEU_coexistence: 0.9327 
2025-11-09 05:27:12,082 - Agent - INFO - [37mVal Epoch 69 step 69 with [31mce_loss_combined : 1.217064 [31mtotal : 1.217064 [94mAcc_combined: 71.64 [94mAcc_c: 54.44 [94mAcc_g: 56.15 [95mCEU_cue_audio: 0.5890 [95mCEU_cue_video: 0.7394 [95mCEU_synergy: 0.2295 [95mCEU_coexistence: 0.9408 
2025-11-09 05:34:38,156 - Agent - INFO - [37mVal Epoch 70 step 70 with [31mce_loss_combined : 1.182587 [31mtotal : 1.182587 [94mAcc_combined: 69.93 [94mAcc_c: 56.26 [94mAcc_g: 54.10 [95mCEU_cue_audio: 0.5617 [95mCEU_cue_video: 0.7515 [95mCEU_synergy: 0.3031 [95mCEU_coexistence: 0.8872 
2025-11-09 05:42:01,304 - Agent - INFO - [37mVal Epoch 71 step 71 with [31mce_loss_combined : 1.227456 [31mtotal : 1.227456 [94mAcc_combined: 69.36 [94mAcc_c: 59.57 [94mAcc_g: 55.47 [95mCEU_cue_audio: 0.5297 [95mCEU_cue_video: 0.7394 [95mCEU_synergy: 0.3197 [95mCEU_coexistence: 0.8924 
2025-11-09 05:49:24,478 - Agent - INFO - [37mVal Epoch 72 step 72 with [31mce_loss_combined : 1.149284 [31mtotal : 1.149284 [94mAcc_combined: 71.98 [94mAcc_c: 53.19 [94mAcc_g: 56.38 [95mCEU_cue_audio: 0.5251 [95mCEU_cue_video: 0.7999 [95mCEU_synergy: 0.2621 [95mCEU_coexistence: 0.9490 
2025-11-09 05:56:48,362 - Agent - INFO - [37mVal Epoch 73 step 73 with [31mce_loss_combined : 1.061365 [31mtotal : 1.061365 [94mAcc_combined: 75.63 [94mAcc_c: 59.00 [94mAcc_g: 56.26 [95mCEU_cue_audio: 0.6897 [95mCEU_cue_video: 0.7999 [95mCEU_synergy: 0.2621 [95mCEU_coexistence: 0.9382 
2025-11-09 06:04:14,927 - Agent - INFO - [37mVal Epoch 74 step 74 with [31mce_loss_combined : 1.166852 [31mtotal : 1.166852 [94mAcc_combined: 71.75 [94mAcc_c: 56.15 [94mAcc_g: 56.15 [95mCEU_cue_audio: 0.6119 [95mCEU_cue_video: 0.7394 [95mCEU_synergy: 0.3115 [95mCEU_coexistence: 0.9032 
2025-11-09 06:04:16,368 - Agent - INFO - We are in the final state.
2025-11-09 06:04:16,813 - root - INFO - Loaded best model from /esat/smcdata/users/kkontras/Image_Dataset/no_backup/data/2025_data/synergy/Synprom_IB_fold0_l10_contrcoeff1_perturbgennoise_lr0.0001_wd0.0001_clsmlp_pre.pth.tar
2025-11-09 06:04:38,066 - Agent - INFO - [37mVal Epoch 74 step 0 with [31mce_loss_combined : 1.010184 [31mtotal : 1.010184 [94mAcc_combined: 75.85 [94mAcc_c: 58.66 [94mAcc_g: 55.69 [95mCEU_cue_audio: 0.6529 [95mCEU_cue_video: 0.7940 [95mCEU_synergy: 0.3281 [95mCEU_coexistence: 0.9462 
2025-11-09 06:05:00,212 - Agent - INFO - [37mTest Epoch 74 step 0 with [31mce_loss_combined : 1.221296 [31mtotal : 1.221296 [94mAcc_combined: 68.19 [94mAcc_c: 55.28 [94mAcc_g: 50.06 
2025-11-09 06:05:01,994 - Agent - INFO - [37mModels has saved successfully in /esat/smcdata/users/kkontras/Image_Dataset/no_backup/data/2025_data/synergy/Synprom_IB_fold0_l10_contrcoeff1_perturbgennoise_lr0.0001_wd0.0001_clsmlp_pre.pth.tar
Job finished
