Starting Job
/esat/smcdata/users/kkontras/Image_Dataset/no_backup/git/Synergy/train.py
/esat/smcdata/users/kkontras/Image_Dataset/no_backup/envs/balance_env/bin/python
Python 3.9.18
/esat/smcdata/users/kkontras/Image_Dataset/no_backup/git/Synergy
We have 1 GPU
/esat/smcdata/users/kkontras/Image_Dataset/no_backup/git/Synergy/train.py
config-./configs/CREMA_D/synergy/nov/synprom_ib.json
Executing command: accelerate launch /esat/smcdata/users/kkontras/Image_Dataset/no_backup/git/Synergy/train.py --config ./configs/CREMA_D/synergy/nov/synprom_ib.json --default_config ./configs/CREMA_D/default_config_cremad_res_syn.json --fold 1 --pre  --l 10 --contrcoeff 1 --lr 0.0001 --wd 0.0001 --cls mlp --perturb gennoise
Namespace(config='./configs/CREMA_D/synergy/nov/synprom_ib.json', default_config='./configs/CREMA_D/default_config_cremad_res_syn.json', fold='1', alpha=None, tanh_mode=None, tanh_mode_beta=None, regby=None, clip=None, batch_size=None, l='10', multil=None, l_diffsq=None, lib=None, ratio_us=None, ratio_snr=None, kmepoch=None, num_samples=None, pow=None, nstep=None, contrcoeff='1', kde_coeff=None, etube=None, temperature=None, contr_type=None, shuffle_type=None, validate_with=None, transform_type=None, trasform_before=None, num_classes=None, base_alpha=None, alpha_var=None, base_beta=None, beta_var=None, optim_method=None, ilr_c=None, ilr_g=None, mmcosine_scaling=None, ending_epoch=None, load_ongoing=None, commonlayers=None, recon_weight1=None, recon_weight2=None, recon_epochstages=None, recon_ensemblestages=None, lr='0.0001', wd='0.0001', mm=None, cls='mlp', perturb='gennoise', pre=True, frozen=False, tdqm_disable=False, start_over=False)
2025-11-08 21:31:01,337 - Config - INFO - ./configs/CREMA_D/synergy/nov/synprom_ib.json
2025-11-08 21:31:01,341 - Config - INFO -  THE Configuration of your experiment ..
{'agent': 'Agent',
 'dataset': {'data_roots': '/esat/smcdata/users/kkontras/Image_Dataset/no_backup/CremaD/CREMA-D',
             'data_split': {'fold': 0, 'method': 'non_inclusive'},
             'dataloader_class': 'CramedD_Dataloader',
             'fps': 1,
             'norm': False,
             'norm_face_path': './mydatasets/CREMAD/norm_face_path_fold{}.pkl',
             'norm_wav_path': './mydatasets/CREMAD/wav_norm_16000_fold{}.pkl',
             'num_frame': 3,
             'return_data': {'audio': False,
                             'face': False,
                             'spectrogram': True,
                             'video': True},
             'sampling_rate': 22050},
 'early_stopping': {'end_of_epoch_check': True,
                    'log_interval': 10,
                    'max_epoch': 1500,
                    'n_steps_stop': 20,
                    'n_steps_stop_after': 0,
                    'save_every_step': 3000,
                    'save_every_valstep': 10,
                    'validate_after': 0,
                    'validate_every': 25,
                    'validate_with': 'accuracy'},
 'exp_name': 'CREMAD Experiment',
 'model': {'args': {'bias_infusion': {'ending_epoch': 1500,
                                      'l': 0.1,
                                      'method': 'false',
                                      'plot': False,
                                      'starting_epoch': 0,
                                      'use': True},
                    'clip_grad': False,
                    'cls_type': 'linear',
                    'd_model': 512,
                    'dropout': 0.1,
                    'fc_inner': 64,
                    'multi_loss': {'multi_supervised_w': {'c': 0,
                                                          'combined': 1,
                                                          'g': 0}},
                    'num_classes': 6},
           'encoders': [{'args': {'d_model': 512,
                                  'dropout': 0.1,
                                  'fc_inner': 64,
                                  'freeze_encoder': False,
                                  'num_classes': 6},
                         'model': 'Audio_ResNet',
                         'pretrainedEncoder': {'dir': 'unimodal_audio_fold{}_lr0.001_wd0.0001.pth.tar',
                                               'use': False}},
                        {'args': {'d_model': 512,
                                  'dropout': 0.1,
                                  'fc_inner': 64,
                                  'freeze_encoder': False,
                                  'num_classes': 6},
                         'model': 'Video_ResNet',
                         'pretrainedEncoder': {'dir': 'unimodal_video_fold{}_lr0.001_wd0.0001.pth.tar',
                                               'use': False}}],
           'load_ongoing': False,
           'model_class': 'Fusion_Synprom_IB',
           'save_base_dir': '/esat/smcdata/users/kkontras/Image_Dataset/no_backup/data/2025_data/synergy',
           'save_dir': 'Synprom_IB_{}.pth.tar'},
 'optimizer': {'beta1': 0.9,
               'beta2': 0.999,
               'learning_rate': 1e-05,
               'momentum': 0.9,
               'type': 'Adam',
               'weight_decay': 1e-05},
 'scheduler': {'max_lr': 0.03, 'type': 'cosanneal', 'warm_up_steps': 780},
 'training_params': {'adversarial_training': {'adv_epsilon': 0.01,
                                              'use': False},
                     'async_loading': True,
                     'batch_size': 32,
                     'cuda': True,
                     'data_loader_workers': 8,
                     'gpu_device': [0],
                     'pin_memory': False,
                     'rec_test': True,
                     'res': True,
                     'seed': 109,
                     'tdqm_disable': False,
                     'test_batch_size': 32,
                     'test_on_bottoms': False,
                     'use_test_set': True,
                     'validation': True,
                     'verbose': True,
                     'wandb_disable': False}}
2025-11-08 21:31:01,342 - Config - INFO -  *************************************** 
2025-11-08 21:31:01,342 - Config - INFO - The experiment name is CREMAD Experiment
2025-11-08 21:31:01,342 - Config - INFO -  *************************************** 
2025-11-08 21:31:01,342 - root - INFO - save_dir: Synprom_IB_fold1_l10_contrcoeff1_perturbgennoise_lr0.0001_wd0.0001_clsmlp_pre.pth.tar
2025-11-08 21:31:01,472 - Cuda Statistics - INFO - __Python VERSION:  3.9.18 (main, Sep 11 2023, 13:41:44) 
[GCC 11.2.0]
2025-11-08 21:31:01,473 - Cuda Statistics - INFO - __pyTorch VERSION:  2.0.1+cu118
2025-11-08 21:31:01,473 - Cuda Statistics - INFO - __CUDA VERSION
2025-11-08 21:31:01,474 - Cuda Statistics - INFO - __CUDNN VERSION:  8700
2025-11-08 21:31:01,491 - Cuda Statistics - INFO - __Number CUDA Devices:  1
2025-11-08 21:31:01,491 - Cuda Statistics - INFO - __Devices
2025-11-08 21:31:01,491 - Cuda Statistics - INFO - index, name, driver_version, memory.total [MiB], memory.used [MiB], memory.free [MiB]
2025-11-08 21:31:01,491 - Cuda Statistics - INFO - 0, NVIDIA GeForce RTX 2080 Ti, 570.153.02, 11264 MiB, 3 MiB, 10821 MiB
2025-11-08 21:31:01,497 - Cuda Statistics - INFO - Active CUDA Device: GPU 0
2025-11-08 21:31:01,497 - Cuda Statistics - INFO - Available devices  1
2025-11-08 21:31:01,497 - Cuda Statistics - INFO - Current cuda device  0
This path does not exist /esat/smcdata/users/kkontras/Image_Dataset/no_backup/CremaD/CREMA-D/AudioWAV/1076_MTI_SAD_XX.wav or /esat/smcdata/users/kkontras/Image_Dataset/no_backup/CremaD/CREMA-D/Image-01-FPS/1076_MTI_SAD_XX or /esat/smcdata/users/kkontras/Image_Dataset/no_backup/CremaD/CREMA-D/Face_features/1076_MTI_SAD_XX.npy
2025-11-08 21:31:03,213 - root - INFO - Loaded wav norm from ./mydatasets/CREMAD/wav_norm_16000_fold1.pkl
2025-11-08 21:31:03,217 - root - INFO - Norm values are {'mean': tensor(-2.6751e-05), 'std': tensor(0.0610), 'max_duration': 5.005}
2025-11-08 21:31:03,578 - root - INFO - Loaded wav norm from ./mydatasets/CREMAD/wav_norm_16000_fold1.pkl
2025-11-08 21:31:03,579 - root - INFO - Norm values are {'mean': tensor(-2.6751e-05), 'std': tensor(0.0610), 'max_duration': 5.005}
2025-11-08 21:31:03,982 - root - INFO - Loaded wav norm from ./mydatasets/CREMAD/wav_norm_16000_fold1.pkl
2025-11-08 21:31:03,982 - root - INFO - Norm values are {'mean': tensor(-2.6751e-05), 'std': tensor(0.0610), 'max_duration': 5.005}
Available cores 8
We are changing dataloader workers to num of cores 0
2025-11-08 21:31:03,985 - Agent - INFO - Device: cuda:0
2025-11-08 21:31:03,985 - Agent - INFO - Total training batches: 126, validate every 25 batches, steps per epoch: 6
2025-11-08 21:31:07,881 - Agent - INFO - Loss Weights are {'total': 1, 'combined': 1, 'c': 0, 'g': 0}
2025-11-08 21:31:08,321 - root - INFO - Loading enc best model state dict from /esat/smcdata/users/kkontras/Image_Dataset/no_backup/data/2025_data/synergy/unimodal_audio_fold1_lr0.001_wd0.0001.pth.tar
Replacing module
2025-11-08 21:31:08,724 - root - INFO - Loading enc best model state dict from /esat/smcdata/users/kkontras/Image_Dataset/no_backup/data/2025_data/synergy/unimodal_video_fold1_lr0.001_wd0.0001.pth.tar
Replacing module
2025-11-08 21:31:08,882 - Agent - INFO - Total number of trainable parameters are: 23483032
2025-11-08 21:31:08,890 - Agent - INFO - Total number of trainable parameters are: 23483032
2025-11-08 21:34:58,593 - Agent - INFO - [37mVal Epoch 1 step 1 with [31mce_loss_combined : 1.577435 [31mtotal : 1.577435 [94mAcc_combined: 68.67 [94mAcc_c: 54.60 [94mAcc_g: 52.78 [95mCEU_cue_audio: 0.6261 [95mCEU_cue_video: 0.7103 [95mCEU_synergy: 0.1725 [95mCEU_coexistence: 0.9555 
2025-11-08 21:34:58,608 - Agent - INFO - [37mTest Epoch 1 step 1 with [31mce_loss_combined : 1.562096 [31mtotal : 1.562096 [94mAcc_combined: 67.98 [94mAcc_c: 50.71 [94mAcc_g: 60.22 
2025-11-08 21:34:59,450 - Agent - INFO - [37mModels has saved successfully in /esat/smcdata/users/kkontras/Image_Dataset/no_backup/data/2025_data/synergy/Synprom_IB_fold1_l10_contrcoeff1_perturbgennoise_lr0.0001_wd0.0001_clsmlp_pre.pth.tar
2025-11-08 21:38:55,186 - Agent - INFO - [37mVal Epoch 2 step 2 with [31mce_loss_combined : 1.196619 [31mtotal : 1.196619 [94mAcc_combined: 61.29 [94mAcc_c: 48.13 [94mAcc_g: 51.99 [95mCEU_cue_audio: 0.3528 [95mCEU_cue_video: 0.7978 [95mCEU_synergy: 0.1860 [95mCEU_coexistence: 0.8985 
2025-11-08 21:42:44,422 - Agent - INFO - [37mVal Epoch 3 step 3 with [31mce_loss_combined : 1.106007 [31mtotal : 1.106007 [94mAcc_combined: 59.93 [94mAcc_c: 51.87 [94mAcc_g: 51.42 [95mCEU_cue_audio: 0.3068 [95mCEU_cue_video: 0.8089 [95mCEU_synergy: 0.1519 [95mCEU_coexistence: 0.9046 
2025-11-08 21:46:30,043 - Agent - INFO - [37mVal Epoch 4 step 4 with [31mce_loss_combined : 1.174465 [31mtotal : 1.174465 [94mAcc_combined: 56.75 [94mAcc_c: 49.38 [94mAcc_g: 52.67 [95mCEU_cue_audio: 0.2354 [95mCEU_cue_video: 0.7814 [95mCEU_synergy: 0.1173 [95mCEU_coexistence: 0.9016 
2025-11-08 21:50:16,378 - Agent - INFO - [37mVal Epoch 5 step 5 with [31mce_loss_combined : 1.172577 [31mtotal : 1.172577 [94mAcc_combined: 60.50 [94mAcc_c: 58.57 [94mAcc_g: 52.10 [95mCEU_cue_audio: 0.3068 [95mCEU_cue_video: 0.8252 [95mCEU_synergy: 0.1379 [95mCEU_coexistence: 0.9175 
2025-11-08 21:54:11,976 - Agent - INFO - [37mVal Epoch 6 step 6 with [31mce_loss_combined : 1.254707 [31mtotal : 1.254707 [94mAcc_combined: 59.48 [94mAcc_c: 53.35 [94mAcc_g: 53.46 [95mCEU_cue_audio: 0.2731 [95mCEU_cue_video: 0.8089 [95mCEU_synergy: 0.1932 [95mCEU_coexistence: 0.8985 
2025-11-08 21:57:57,250 - Agent - INFO - [37mVal Epoch 7 step 7 with [31mce_loss_combined : 1.233739 [31mtotal : 1.233739 [94mAcc_combined: 59.36 [94mAcc_c: 50.17 [94mAcc_g: 51.99 [95mCEU_cue_audio: 0.2814 [95mCEU_cue_video: 0.8032 [95mCEU_synergy: 0.1860 [95mCEU_coexistence: 0.8951 
2025-11-08 22:01:49,834 - Agent - INFO - [37mVal Epoch 8 step 8 with [31mce_loss_combined : 1.124544 [31mtotal : 1.124544 [94mAcc_combined: 63.79 [94mAcc_c: 53.23 [94mAcc_g: 53.12 [95mCEU_cue_audio: 0.3571 [95mCEU_cue_video: 0.8416 [95mCEU_synergy: 0.1860 [95mCEU_coexistence: 0.9396 
2025-11-08 22:05:34,463 - Agent - INFO - [37mVal Epoch 9 step 9 with [31mce_loss_combined : 1.117383 [31mtotal : 1.117383 [94mAcc_combined: 62.77 [94mAcc_c: 54.03 [94mAcc_g: 54.14 [95mCEU_cue_audio: 0.3488 [95mCEU_cue_video: 0.8359 [95mCEU_synergy: 0.1379 [95mCEU_coexistence: 0.9429 
2025-11-08 22:09:17,022 - Agent - INFO - [37mVal Epoch 10 step 10 with [31mce_loss_combined : 1.196116 [31mtotal : 1.196116 [94mAcc_combined: 63.11 [94mAcc_c: 54.48 [94mAcc_g: 52.10 [95mCEU_cue_audio: 0.3236 [95mCEU_cue_video: 0.8305 [95mCEU_synergy: 0.2139 [95mCEU_coexistence: 0.9396 
2025-11-08 22:13:04,751 - Agent - INFO - [37mVal Epoch 11 step 11 with [31mce_loss_combined : 1.272674 [31mtotal : 1.272674 [94mAcc_combined: 61.29 [94mAcc_c: 52.33 [94mAcc_g: 51.76 [95mCEU_cue_audio: 0.3194 [95mCEU_cue_video: 0.8142 [95mCEU_synergy: 0.2139 [95mCEU_coexistence: 0.9016 
2025-11-08 22:16:52,351 - Agent - INFO - [37mVal Epoch 12 step 12 with [31mce_loss_combined : 1.110970 [31mtotal : 1.110970 [94mAcc_combined: 64.02 [94mAcc_c: 51.76 [94mAcc_g: 54.26 [95mCEU_cue_audio: 0.3823 [95mCEU_cue_video: 0.8089 [95mCEU_synergy: 0.1860 [95mCEU_coexistence: 0.9460 
2025-11-08 22:20:36,553 - Agent - INFO - [37mVal Epoch 13 step 13 with [31mce_loss_combined : 1.154819 [31mtotal : 1.154819 [94mAcc_combined: 64.36 [94mAcc_c: 53.69 [94mAcc_g: 53.69 [95mCEU_cue_audio: 0.3657 [95mCEU_cue_video: 0.8416 [95mCEU_synergy: 0.2139 [95mCEU_coexistence: 0.9365 
2025-11-08 22:24:33,838 - Agent - INFO - [37mVal Epoch 14 step 14 with [31mce_loss_combined : 1.176905 [31mtotal : 1.176905 [94mAcc_combined: 62.77 [94mAcc_c: 50.85 [94mAcc_g: 53.58 [95mCEU_cue_audio: 0.3402 [95mCEU_cue_video: 0.8305 [95mCEU_synergy: 0.2072 [95mCEU_coexistence: 0.9206 
2025-11-08 22:28:21,996 - Agent - INFO - [37mVal Epoch 15 step 15 with [31mce_loss_combined : 1.080772 [31mtotal : 1.080772 [94mAcc_combined: 65.72 [94mAcc_c: 52.89 [94mAcc_g: 54.71 [95mCEU_cue_audio: 0.3782 [95mCEU_cue_video: 0.8469 [95mCEU_synergy: 0.2072 [95mCEU_coexistence: 0.9650 
2025-11-08 22:32:13,243 - Agent - INFO - [37mVal Epoch 16 step 16 with [31mce_loss_combined : 1.114130 [31mtotal : 1.114130 [94mAcc_combined: 65.49 [94mAcc_c: 53.12 [94mAcc_g: 54.03 [95mCEU_cue_audio: 0.3782 [95mCEU_cue_video: 0.8527 [95mCEU_synergy: 0.2072 [95mCEU_coexistence: 0.9555 
2025-11-08 22:36:11,496 - Agent - INFO - [37mVal Epoch 17 step 17 with [31mce_loss_combined : 1.364656 [31mtotal : 1.364656 [94mAcc_combined: 59.36 [94mAcc_c: 46.65 [94mAcc_g: 51.65 [95mCEU_cue_audio: 0.2773 [95mCEU_cue_video: 0.8032 [95mCEU_synergy: 0.1932 [95mCEU_coexistence: 0.8951 
2025-11-08 22:40:01,694 - Agent - INFO - [37mVal Epoch 18 step 18 with [31mce_loss_combined : 1.216461 [31mtotal : 1.216461 [94mAcc_combined: 61.18 [94mAcc_c: 51.65 [94mAcc_g: 52.44 [95mCEU_cue_audio: 0.3402 [95mCEU_cue_video: 0.7925 [95mCEU_synergy: 0.2345 [95mCEU_coexistence: 0.8856 
2025-11-08 22:44:15,153 - Agent - INFO - [37mVal Epoch 19 step 19 with [31mce_loss_combined : 1.133316 [31mtotal : 1.133316 [94mAcc_combined: 66.74 [94mAcc_c: 53.35 [94mAcc_g: 53.69 [95mCEU_cue_audio: 0.4243 [95mCEU_cue_video: 0.8580 [95mCEU_synergy: 0.2139 [95mCEU_coexistence: 0.9491 
2025-11-08 22:48:15,933 - Agent - INFO - [37mVal Epoch 20 step 20 with [31mce_loss_combined : 1.209145 [31mtotal : 1.209145 [94mAcc_combined: 63.90 [94mAcc_c: 52.78 [94mAcc_g: 53.69 [95mCEU_cue_audio: 0.4034 [95mCEU_cue_video: 0.7978 [95mCEU_synergy: 0.1999 [95mCEU_coexistence: 0.9270 
2025-11-08 22:48:17,971 - Agent - INFO - We are in the final state.
2025-11-08 22:48:18,208 - root - INFO - Loaded best model from /esat/smcdata/users/kkontras/Image_Dataset/no_backup/data/2025_data/synergy/Synprom_IB_fold1_l10_contrcoeff1_perturbgennoise_lr0.0001_wd0.0001_clsmlp_pre.pth.tar
2025-11-08 22:48:32,572 - Agent - INFO - [37mVal Epoch 20 step 0 with [31mce_loss_combined : 1.577435 [31mtotal : 1.577435 [94mAcc_combined: 68.67 [94mAcc_c: 54.60 [94mAcc_g: 52.78 [95mCEU_cue_audio: 0.6261 [95mCEU_cue_video: 0.7103 [95mCEU_synergy: 0.1725 [95mCEU_coexistence: 0.9555 
2025-11-08 22:48:47,272 - Agent - INFO - [37mTest Epoch 20 step 0 with [31mce_loss_combined : 1.562096 [31mtotal : 1.562096 [94mAcc_combined: 67.98 [94mAcc_c: 50.71 [94mAcc_g: 60.22 
2025-11-08 22:48:48,633 - Agent - INFO - [37mModels has saved successfully in /esat/smcdata/users/kkontras/Image_Dataset/no_backup/data/2025_data/synergy/Synprom_IB_fold1_l10_contrcoeff1_perturbgennoise_lr0.0001_wd0.0001_clsmlp_pre.pth.tar
Job finished
