000 (014.016.000) 2025-11-08 14:33:03 Job submitted from host: <10.87.28.209:9618?addrs=10.87.28.209-9618&alias=krakas.esat.kuleuven.be&noUDP&sock=schedd_1611_9729>
...
001 (014.016.000) 2025-11-08 19:45:41 Job executing on host: <10.87.28.117:9618?addrs=10.87.28.117-9618&alias=stadius-nc-4.esat.kuleuven.be&noUDP&sock=startd_3335_1c6f>
	SlotName: slot1_1@stadius-nc-4.esat.kuleuven.be
	AvailableGPUs = { GPUs_GPU_1236270c }
	CondorScratchDir = "/volume1/condor/execute/dir_1311481"
	Cpus = 8
	Disk = 1050150
	GPUs = 1
	GPUs_GPU_1236270c = [ Id = "GPU-1236270c"; ClockMhz = 1545.0; Capability = 7.5; CoresPerCU = 64; DeviceName = "NVIDIA GeForce RTX 2080 Ti"; DeviceUuid = "1236270c-ad23-648a-e65a-80b2ab2cf0c3"; ECCEnabled = false; ComputeUnits = 68; NvidiaDriver = "570.153.02"; DriverVersion = 12.8; DevicePciBusId = "0000:25:00.0"; GlobalMemoryMb = 10823; MaxSupportedVersion = 12080 ]
	Memory = 71680
...
006 (014.016.000) 2025-11-08 19:45:50 Image size of job updated: 421164
	412  -  MemoryUsage of job (MB)
	421164  -  ResidentSetSize of job (KB)
...
006 (014.016.000) 2025-11-08 19:50:51 Image size of job updated: 1641404
	1438  -  MemoryUsage of job (MB)
	1472200  -  ResidentSetSize of job (KB)
...
006 (014.016.000) 2025-11-08 19:55:51 Image size of job updated: 1641404
	1544  -  MemoryUsage of job (MB)
	1580388  -  ResidentSetSize of job (KB)
...
006 (014.016.000) 2025-11-08 20:00:51 Image size of job updated: 1663608
	1625  -  MemoryUsage of job (MB)
	1663608  -  ResidentSetSize of job (KB)
...
006 (014.016.000) 2025-11-08 20:05:52 Image size of job updated: 1682144
	1625  -  MemoryUsage of job (MB)
	1663608  -  ResidentSetSize of job (KB)
...
006 (014.016.000) 2025-11-08 20:10:52 Image size of job updated: 1685516
	1625  -  MemoryUsage of job (MB)
	1663608  -  ResidentSetSize of job (KB)
...
006 (014.016.000) 2025-11-08 20:15:52 Image size of job updated: 1686200
	1625  -  MemoryUsage of job (MB)
	1663608  -  ResidentSetSize of job (KB)
...
006 (014.016.000) 2025-11-08 20:30:54 Image size of job updated: 1707352
	1625  -  MemoryUsage of job (MB)
	1663608  -  ResidentSetSize of job (KB)
...
006 (014.016.000) 2025-11-08 20:35:55 Image size of job updated: 1711572
	1625  -  MemoryUsage of job (MB)
	1663608  -  ResidentSetSize of job (KB)
...
006 (014.016.000) 2025-11-08 20:40:55 Image size of job updated: 1716032
	1625  -  MemoryUsage of job (MB)
	1663608  -  ResidentSetSize of job (KB)
...
006 (014.016.000) 2025-11-08 20:45:56 Image size of job updated: 1722124
	1625  -  MemoryUsage of job (MB)
	1663608  -  ResidentSetSize of job (KB)
...
006 (014.016.000) 2025-11-08 20:50:56 Image size of job updated: 1722124
	1628  -  MemoryUsage of job (MB)
	1666460  -  ResidentSetSize of job (KB)
...
006 (014.016.000) 2025-11-08 20:55:56 Image size of job updated: 1769408
	1628  -  MemoryUsage of job (MB)
	1666460  -  ResidentSetSize of job (KB)
...
005 (014.016.000) 2025-11-08 21:01:07 Job terminated.
	(1) Normal termination (return value 0)
		Usr 0 03:42:50, Sys 0 00:27:03  -  Run Remote Usage
		Usr 0 00:00:00, Sys 0 00:00:00  -  Run Local Usage
		Usr 0 03:42:50, Sys 0 00:27:03  -  Total Remote Usage
		Usr 0 00:00:00, Sys 0 00:00:00  -  Total Local Usage
	0  -  Run Bytes Sent By Job
	0  -  Run Bytes Received By Job
	0  -  Total Bytes Sent By Job
	0  -  Total Bytes Received By Job
	Partitionable Resources :    Usage  Request Allocated Assigned
	   Cpus                 :     2.86        8         8 
	   Disk (KB)            :     2     1048576   1050150 
	   GPUs                 :     0.63        1         1 "GPU-1236270c"
	   GpusMemory (MB)      :  9266                       
	   Memory (MB)          :  1628       71680     71680 
	   TimeExecute (s)      :  4526                       
	   TimeSlotBusy (s)     :  4526                       
...
