Starting Job
/esat/smcdata/users/kkontras/Image_Dataset/no_backup/git/Synergy/train.py
/esat/smcdata/users/kkontras/Image_Dataset/no_backup/envs/balance_env/bin/python
Python 3.9.18
/esat/smcdata/users/kkontras/Image_Dataset/no_backup/git/Synergy
We have 1 GPU
/esat/smcdata/users/kkontras/Image_Dataset/no_backup/git/Synergy/train.py
config-./configs/CREMA_D/synergy/nov/synprom_ib.json
Executing command: accelerate launch /esat/smcdata/users/kkontras/Image_Dataset/no_backup/git/Synergy/train.py --config ./configs/CREMA_D/synergy/nov/synprom_ib.json --default_config ./configs/CREMA_D/default_config_cremad_res_syn.json --fold 2 --pre  --l 0.5 --contrcoeff 1 --lr 0.0001 --wd 0.0001 --cls mlp --perturb gennoise
Namespace(config='./configs/CREMA_D/synergy/nov/synprom_ib.json', default_config='./configs/CREMA_D/default_config_cremad_res_syn.json', fold='2', alpha=None, tanh_mode=None, tanh_mode_beta=None, regby=None, clip=None, batch_size=None, l='0.5', multil=None, l_diffsq=None, lib=None, ratio_us=None, ratio_snr=None, kmepoch=None, num_samples=None, pow=None, nstep=None, contrcoeff='1', kde_coeff=None, etube=None, temperature=None, contr_type=None, shuffle_type=None, validate_with=None, transform_type=None, trasform_before=None, num_classes=None, base_alpha=None, alpha_var=None, base_beta=None, beta_var=None, optim_method=None, ilr_c=None, ilr_g=None, mmcosine_scaling=None, ending_epoch=None, load_ongoing=None, commonlayers=None, recon_weight1=None, recon_weight2=None, recon_epochstages=None, recon_ensemblestages=None, lr='0.0001', wd='0.0001', mm=None, cls='mlp', perturb='gennoise', pre=True, frozen=False, tdqm_disable=False, start_over=False)
2025-11-08 17:17:30,911 - Config - INFO - ./configs/CREMA_D/synergy/nov/synprom_ib.json
2025-11-08 17:17:30,915 - Config - INFO -  THE Configuration of your experiment ..
{'agent': 'Agent',
 'dataset': {'data_roots': '/esat/smcdata/users/kkontras/Image_Dataset/no_backup/CremaD/CREMA-D',
             'data_split': {'fold': 0, 'method': 'non_inclusive'},
             'dataloader_class': 'CramedD_Dataloader',
             'fps': 1,
             'norm': False,
             'norm_face_path': './mydatasets/CREMAD/norm_face_path_fold{}.pkl',
             'norm_wav_path': './mydatasets/CREMAD/wav_norm_16000_fold{}.pkl',
             'num_frame': 3,
             'return_data': {'audio': False,
                             'face': False,
                             'spectrogram': True,
                             'video': True},
             'sampling_rate': 22050},
 'early_stopping': {'end_of_epoch_check': True,
                    'log_interval': 10,
                    'max_epoch': 1500,
                    'n_steps_stop': 20,
                    'n_steps_stop_after': 0,
                    'save_every_step': 3000,
                    'save_every_valstep': 10,
                    'validate_after': 0,
                    'validate_every': 25,
                    'validate_with': 'accuracy'},
 'exp_name': 'CREMAD Experiment',
 'model': {'args': {'bias_infusion': {'ending_epoch': 1500,
                                      'l': 0.1,
                                      'method': 'false',
                                      'plot': False,
                                      'starting_epoch': 0,
                                      'use': True},
                    'clip_grad': False,
                    'cls_type': 'linear',
                    'd_model': 512,
                    'dropout': 0.1,
                    'fc_inner': 64,
                    'multi_loss': {'multi_supervised_w': {'c': 0,
                                                          'combined': 1,
                                                          'g': 0}},
                    'num_classes': 6},
           'encoders': [{'args': {'d_model': 512,
                                  'dropout': 0.1,
                                  'fc_inner': 64,
                                  'freeze_encoder': False,
                                  'num_classes': 6},
                         'model': 'Audio_ResNet',
                         'pretrainedEncoder': {'dir': 'unimodal_audio_fold{}_lr0.001_wd0.0001.pth.tar',
                                               'use': False}},
                        {'args': {'d_model': 512,
                                  'dropout': 0.1,
                                  'fc_inner': 64,
                                  'freeze_encoder': False,
                                  'num_classes': 6},
                         'model': 'Video_ResNet',
                         'pretrainedEncoder': {'dir': 'unimodal_video_fold{}_lr0.001_wd0.0001.pth.tar',
                                               'use': False}}],
           'load_ongoing': False,
           'model_class': 'Fusion_Synprom_IB',
           'save_base_dir': '/esat/smcdata/users/kkontras/Image_Dataset/no_backup/data/2025_data/synergy',
           'save_dir': 'Synprom_IB_{}.pth.tar'},
 'optimizer': {'beta1': 0.9,
               'beta2': 0.999,
               'learning_rate': 1e-05,
               'momentum': 0.9,
               'type': 'Adam',
               'weight_decay': 1e-05},
 'scheduler': {'max_lr': 0.03, 'type': 'cosanneal', 'warm_up_steps': 780},
 'training_params': {'adversarial_training': {'adv_epsilon': 0.01,
                                              'use': False},
                     'async_loading': True,
                     'batch_size': 32,
                     'cuda': True,
                     'data_loader_workers': 8,
                     'gpu_device': [0],
                     'pin_memory': False,
                     'rec_test': True,
                     'res': True,
                     'seed': 109,
                     'tdqm_disable': False,
                     'test_batch_size': 32,
                     'test_on_bottoms': False,
                     'use_test_set': True,
                     'validation': True,
                     'verbose': True,
                     'wandb_disable': False}}
2025-11-08 17:17:30,916 - Config - INFO -  *************************************** 
2025-11-08 17:17:30,916 - Config - INFO - The experiment name is CREMAD Experiment
2025-11-08 17:17:30,916 - Config - INFO -  *************************************** 
2025-11-08 17:17:30,916 - root - INFO - save_dir: Synprom_IB_fold2_l0.5_contrcoeff1_perturbgennoise_lr0.0001_wd0.0001_clsmlp_pre.pth.tar
2025-11-08 17:17:31,041 - Cuda Statistics - INFO - __Python VERSION:  3.9.18 (main, Sep 11 2023, 13:41:44) 
[GCC 11.2.0]
2025-11-08 17:17:31,041 - Cuda Statistics - INFO - __pyTorch VERSION:  2.0.1+cu118
2025-11-08 17:17:31,041 - Cuda Statistics - INFO - __CUDA VERSION
2025-11-08 17:17:31,043 - Cuda Statistics - INFO - __CUDNN VERSION:  8700
2025-11-08 17:17:31,058 - Cuda Statistics - INFO - __Number CUDA Devices:  1
2025-11-08 17:17:31,058 - Cuda Statistics - INFO - __Devices
2025-11-08 17:17:31,058 - Cuda Statistics - INFO - index, name, driver_version, memory.total [MiB], memory.used [MiB], memory.free [MiB]
2025-11-08 17:17:31,058 - Cuda Statistics - INFO - 0, NVIDIA GeForce RTX 2080 Ti, 570.153.02, 11264 MiB, 3 MiB, 10821 MiB
2025-11-08 17:17:31,064 - Cuda Statistics - INFO - Active CUDA Device: GPU 0
2025-11-08 17:17:31,064 - Cuda Statistics - INFO - Available devices  1
2025-11-08 17:17:31,064 - Cuda Statistics - INFO - Current cuda device  0
This path does not exist /esat/smcdata/users/kkontras/Image_Dataset/no_backup/CremaD/CREMA-D/AudioWAV/1076_MTI_SAD_XX.wav or /esat/smcdata/users/kkontras/Image_Dataset/no_backup/CremaD/CREMA-D/Image-01-FPS/1076_MTI_SAD_XX or /esat/smcdata/users/kkontras/Image_Dataset/no_backup/CremaD/CREMA-D/Face_features/1076_MTI_SAD_XX.npy
2025-11-08 17:17:32,600 - root - INFO - Loaded wav norm from ./mydatasets/CREMAD/wav_norm_16000_fold2.pkl
2025-11-08 17:17:32,604 - root - INFO - Norm values are {'mean': tensor(-2.7781e-05), 'std': tensor(0.0615), 'max_duration': 5.005}
2025-11-08 17:17:32,880 - root - INFO - Loaded wav norm from ./mydatasets/CREMAD/wav_norm_16000_fold2.pkl
2025-11-08 17:17:32,880 - root - INFO - Norm values are {'mean': tensor(-2.7781e-05), 'std': tensor(0.0615), 'max_duration': 5.005}
2025-11-08 17:17:33,258 - root - INFO - Loaded wav norm from ./mydatasets/CREMAD/wav_norm_16000_fold2.pkl
2025-11-08 17:17:33,259 - root - INFO - Norm values are {'mean': tensor(-2.7781e-05), 'std': tensor(0.0615), 'max_duration': 5.005}
Available cores 8
We are changing dataloader workers to num of cores 0
2025-11-08 17:17:33,261 - Agent - INFO - Device: cuda:0
2025-11-08 17:17:33,261 - Agent - INFO - Total training batches: 126, validate every 25 batches, steps per epoch: 6
2025-11-08 17:17:36,995 - Agent - INFO - Loss Weights are {'total': 1, 'combined': 1, 'c': 0, 'g': 0}
2025-11-08 17:17:37,431 - root - INFO - Loading enc best model state dict from /esat/smcdata/users/kkontras/Image_Dataset/no_backup/data/2025_data/synergy/unimodal_audio_fold2_lr0.001_wd0.0001.pth.tar
Replacing module
2025-11-08 17:17:37,739 - root - INFO - Loading enc best model state dict from /esat/smcdata/users/kkontras/Image_Dataset/no_backup/data/2025_data/synergy/unimodal_video_fold2_lr0.001_wd0.0001.pth.tar
Replacing module
2025-11-08 17:17:37,785 - Agent - INFO - Total number of trainable parameters are: 23483032
2025-11-08 17:17:37,793 - Agent - INFO - Total number of trainable parameters are: 23483032
2025-11-08 17:21:22,125 - Agent - INFO - [37mVal Epoch 1 step 1 with [31mce_loss_combined : 0.958970 [31mtotal : 0.958970 [94mAcc_combined: 74.11 [94mAcc_c: 58.11 [94mAcc_g: 65.25 [95mCEU_cue_audio: 0.8308 [95mCEU_cue_video: 0.6189 [95mCEU_synergy: 0.2361 [95mCEU_coexistence: 0.9666 
2025-11-08 17:21:22,141 - Agent - INFO - [37mTest Epoch 1 step 1 with [31mce_loss_combined : 0.961725 [31mtotal : 0.961725 [94mAcc_combined: 73.66 [94mAcc_c: 61.24 [94mAcc_g: 55.03 
2025-11-08 17:21:22,709 - Agent - INFO - [37mModels has saved successfully in /esat/smcdata/users/kkontras/Image_Dataset/no_backup/data/2025_data/synergy/Synprom_IB_fold2_l0.5_contrcoeff1_perturbgennoise_lr0.0001_wd0.0001_clsmlp_pre.pth.tar
2025-11-08 17:25:15,978 - Agent - INFO - [37mVal Epoch 2 step 2 with [31mce_loss_combined : 0.760273 [31mtotal : 0.760273 [94mAcc_combined: 75.26 [94mAcc_c: 52.47 [94mAcc_g: 60.53 [95mCEU_cue_audio: 0.6667 [95mCEU_cue_video: 0.7849 [95mCEU_synergy: 0.2834 [95mCEU_coexistence: 0.9605 
2025-11-08 17:25:15,993 - Agent - INFO - [37mTest Epoch 2 step 2 with [31mce_loss_combined : 0.966712 [31mtotal : 0.966712 [94mAcc_combined: 67.34 [94mAcc_c: 58.99 [94mAcc_g: 49.89 
2025-11-08 17:25:16,816 - Agent - INFO - [37mModels has saved successfully in /esat/smcdata/users/kkontras/Image_Dataset/no_backup/data/2025_data/synergy/Synprom_IB_fold2_l0.5_contrcoeff1_perturbgennoise_lr0.0001_wd0.0001_clsmlp_pre.pth.tar
2025-11-08 17:29:05,053 - Agent - INFO - [37mVal Epoch 3 step 3 with [31mce_loss_combined : 0.742876 [31mtotal : 0.742876 [94mAcc_combined: 75.49 [94mAcc_c: 57.77 [94mAcc_g: 63.75 [95mCEU_cue_audio: 0.6032 [95mCEU_cue_video: 0.8698 [95mCEU_synergy: 0.2127 [95mCEU_coexistence: 0.9726 
2025-11-08 17:29:05,067 - Agent - INFO - [37mTest Epoch 3 step 3 with [31mce_loss_combined : 0.950962 [31mtotal : 0.950962 [94mAcc_combined: 68.09 [94mAcc_c: 61.03 [94mAcc_g: 53.53 
2025-11-08 17:29:05,819 - Agent - INFO - [37mModels has saved successfully in /esat/smcdata/users/kkontras/Image_Dataset/no_backup/data/2025_data/synergy/Synprom_IB_fold2_l0.5_contrcoeff1_perturbgennoise_lr0.0001_wd0.0001_clsmlp_pre.pth.tar
2025-11-08 17:32:54,236 - Agent - INFO - [37mVal Epoch 4 step 4 with [31mce_loss_combined : 0.763549 [31mtotal : 0.763549 [94mAcc_combined: 76.18 [94mAcc_c: 54.09 [94mAcc_g: 64.33 [95mCEU_cue_audio: 0.6244 [95mCEU_cue_video: 0.8745 [95mCEU_synergy: 0.2519 [95mCEU_coexistence: 0.9605 
2025-11-08 17:32:54,251 - Agent - INFO - [37mTest Epoch 4 step 4 with [31mce_loss_combined : 0.978393 [31mtotal : 0.978393 [94mAcc_combined: 66.92 [94mAcc_c: 58.99 [94mAcc_g: 53.53 
2025-11-08 17:32:55,078 - Agent - INFO - [37mModels has saved successfully in /esat/smcdata/users/kkontras/Image_Dataset/no_backup/data/2025_data/synergy/Synprom_IB_fold2_l0.5_contrcoeff1_perturbgennoise_lr0.0001_wd0.0001_clsmlp_pre.pth.tar
2025-11-08 17:36:45,038 - Agent - INFO - [37mVal Epoch 5 step 5 with [31mce_loss_combined : 0.873112 [31mtotal : 0.873112 [94mAcc_combined: 72.15 [94mAcc_c: 55.58 [94mAcc_g: 60.53 [95mCEU_cue_audio: 0.5343 [95mCEU_cue_video: 0.8476 [95mCEU_synergy: 0.2599 [95mCEU_coexistence: 0.9213 
2025-11-08 17:40:32,456 - Agent - INFO - [37mVal Epoch 6 step 6 with [31mce_loss_combined : 0.888969 [31mtotal : 0.888969 [94mAcc_combined: 72.50 [94mAcc_c: 53.05 [94mAcc_g: 60.87 [95mCEU_cue_audio: 0.5080 [95mCEU_cue_video: 0.8609 [95mCEU_synergy: 0.2756 [95mCEU_coexistence: 0.9302 
2025-11-08 17:44:29,753 - Agent - INFO - [37mVal Epoch 7 step 7 with [31mce_loss_combined : 0.791505 [31mtotal : 0.791505 [94mAcc_combined: 76.06 [94mAcc_c: 51.55 [94mAcc_g: 62.37 [95mCEU_cue_audio: 0.6083 [95mCEU_cue_video: 0.8878 [95mCEU_synergy: 0.2047 [95mCEU_coexistence: 0.9758 
2025-11-08 17:48:18,310 - Agent - INFO - [37mVal Epoch 8 step 8 with [31mce_loss_combined : 0.821783 [31mtotal : 0.821783 [94mAcc_combined: 75.37 [94mAcc_c: 51.09 [94mAcc_g: 61.68 [95mCEU_cue_audio: 0.5926 [95mCEU_cue_video: 0.8745 [95mCEU_synergy: 0.2204 [95mCEU_coexistence: 0.9697 
2025-11-08 17:52:13,688 - Agent - INFO - [37mVal Epoch 9 step 9 with [31mce_loss_combined : 0.827712 [31mtotal : 0.827712 [94mAcc_combined: 74.11 [94mAcc_c: 53.86 [94mAcc_g: 60.87 [95mCEU_cue_audio: 0.5926 [95mCEU_cue_video: 0.8340 [95mCEU_synergy: 0.1970 [95mCEU_coexistence: 0.9726 
2025-11-08 17:55:55,200 - Agent - INFO - [37mVal Epoch 10 step 10 with [31mce_loss_combined : 0.974561 [31mtotal : 0.974561 [94mAcc_combined: 72.84 [94mAcc_c: 50.40 [94mAcc_g: 61.22 [95mCEU_cue_audio: 0.5343 [95mCEU_cue_video: 0.8429 [95mCEU_synergy: 0.2285 [95mCEU_coexistence: 0.9544 
2025-11-08 17:59:46,102 - Agent - INFO - [37mVal Epoch 11 step 11 with [31mce_loss_combined : 0.874156 [31mtotal : 0.874156 [94mAcc_combined: 74.57 [94mAcc_c: 51.32 [94mAcc_g: 59.26 [95mCEU_cue_audio: 0.5554 [95mCEU_cue_video: 0.8519 [95mCEU_synergy: 0.2756 [95mCEU_coexistence: 0.9637 
2025-11-08 18:03:38,067 - Agent - INFO - [37mVal Epoch 12 step 12 with [31mce_loss_combined : 0.961074 [31mtotal : 0.961074 [94mAcc_combined: 72.84 [94mAcc_c: 50.17 [94mAcc_g: 60.30 [95mCEU_cue_audio: 0.5503 [95mCEU_cue_video: 0.8476 [95mCEU_synergy: 0.1574 [95mCEU_coexistence: 0.9697 
2025-11-08 18:07:30,503 - Agent - INFO - [37mVal Epoch 13 step 13 with [31mce_loss_combined : 0.870872 [31mtotal : 0.870872 [94mAcc_combined: 76.06 [94mAcc_c: 50.98 [94mAcc_g: 62.60 [95mCEU_cue_audio: 0.6349 [95mCEU_cue_video: 0.8609 [95mCEU_synergy: 0.2442 [95mCEU_coexistence: 0.9637 
2025-11-08 18:11:20,204 - Agent - INFO - [37mVal Epoch 14 step 14 with [31mce_loss_combined : 0.892168 [31mtotal : 0.892168 [94mAcc_combined: 77.68 [94mAcc_c: 51.67 [94mAcc_g: 63.06 [95mCEU_cue_audio: 0.6772 [95mCEU_cue_video: 0.8924 [95mCEU_synergy: 0.2047 [95mCEU_coexistence: 0.9758 
2025-11-08 18:11:20,217 - Agent - INFO - [37mTest Epoch 14 step 14 with [31mce_loss_combined : 1.182010 [31mtotal : 1.182010 [94mAcc_combined: 66.17 [94mAcc_c: 53.10 [94mAcc_g: 52.46 
2025-11-08 18:11:21,050 - Agent - INFO - [37mModels has saved successfully in /esat/smcdata/users/kkontras/Image_Dataset/no_backup/data/2025_data/synergy/Synprom_IB_fold2_l0.5_contrcoeff1_perturbgennoise_lr0.0001_wd0.0001_clsmlp_pre.pth.tar
2025-11-08 18:15:03,450 - Agent - INFO - [37mVal Epoch 15 step 15 with [31mce_loss_combined : 1.019516 [31mtotal : 1.019516 [94mAcc_combined: 73.88 [94mAcc_c: 49.83 [94mAcc_g: 62.72 [95mCEU_cue_audio: 0.6083 [95mCEU_cue_video: 0.8340 [95mCEU_synergy: 0.1732 [95mCEU_coexistence: 0.9666 
2025-11-08 18:18:49,926 - Agent - INFO - [37mVal Epoch 16 step 16 with [31mce_loss_combined : 0.916613 [31mtotal : 0.916613 [94mAcc_combined: 75.14 [94mAcc_c: 51.32 [94mAcc_g: 59.84 [95mCEU_cue_audio: 0.6083 [95mCEU_cue_video: 0.8745 [95mCEU_synergy: 0.2204 [95mCEU_coexistence: 0.9544 
2025-11-08 18:22:29,217 - Agent - INFO - [37mVal Epoch 17 step 17 with [31mce_loss_combined : 0.996010 [31mtotal : 0.996010 [94mAcc_combined: 76.18 [94mAcc_c: 51.44 [94mAcc_g: 59.72 [95mCEU_cue_audio: 0.6083 [95mCEU_cue_video: 0.8835 [95mCEU_synergy: 0.2442 [95mCEU_coexistence: 0.9666 
2025-11-08 18:26:19,072 - Agent - INFO - [37mVal Epoch 18 step 18 with [31mce_loss_combined : 1.006668 [31mtotal : 1.006668 [94mAcc_combined: 76.75 [94mAcc_c: 52.82 [94mAcc_g: 60.41 [95mCEU_cue_audio: 0.6509 [95mCEU_cue_video: 0.8655 [95mCEU_synergy: 0.2519 [95mCEU_coexistence: 0.9666 
2025-11-08 18:30:18,670 - Agent - INFO - [37mVal Epoch 19 step 19 with [31mce_loss_combined : 1.009708 [31mtotal : 1.009708 [94mAcc_combined: 74.57 [94mAcc_c: 47.30 [94mAcc_g: 61.80 [95mCEU_cue_audio: 0.6032 [95mCEU_cue_video: 0.8519 [95mCEU_synergy: 0.2047 [95mCEU_coexistence: 0.9637 
2025-11-08 18:34:10,194 - Agent - INFO - [37mVal Epoch 20 step 20 with [31mce_loss_combined : 1.080121 [31mtotal : 1.080121 [94mAcc_combined: 73.65 [94mAcc_c: 48.68 [94mAcc_g: 62.26 [95mCEU_cue_audio: 0.5871 [95mCEU_cue_video: 0.8476 [95mCEU_synergy: 0.1889 [95mCEU_coexistence: 0.9576 
2025-11-08 18:38:08,516 - Agent - INFO - [37mVal Epoch 21 step 21 with [31mce_loss_combined : 1.130485 [31mtotal : 1.130485 [94mAcc_combined: 73.53 [94mAcc_c: 48.79 [94mAcc_g: 60.18 [95mCEU_cue_audio: 0.5821 [95mCEU_cue_video: 0.8519 [95mCEU_synergy: 0.2285 [95mCEU_coexistence: 0.9394 
2025-11-08 18:41:58,927 - Agent - INFO - [37mVal Epoch 22 step 22 with [31mce_loss_combined : 0.993531 [31mtotal : 0.993531 [94mAcc_combined: 76.06 [94mAcc_c: 49.94 [94mAcc_g: 65.02 [95mCEU_cue_audio: 0.6720 [95mCEU_cue_video: 0.8340 [95mCEU_synergy: 0.2519 [95mCEU_coexistence: 0.9576 
2025-11-08 18:45:44,065 - Agent - INFO - [37mVal Epoch 23 step 23 with [31mce_loss_combined : 1.048680 [31mtotal : 1.048680 [94mAcc_combined: 74.91 [94mAcc_c: 49.83 [94mAcc_g: 63.18 [95mCEU_cue_audio: 0.6455 [95mCEU_cue_video: 0.8429 [95mCEU_synergy: 0.2047 [95mCEU_coexistence: 0.9544 
2025-11-08 18:49:29,437 - Agent - INFO - [37mVal Epoch 24 step 24 with [31mce_loss_combined : 1.014688 [31mtotal : 1.014688 [94mAcc_combined: 75.60 [94mAcc_c: 54.78 [94mAcc_g: 61.57 [95mCEU_cue_audio: 0.6189 [95mCEU_cue_video: 0.8476 [95mCEU_synergy: 0.2519 [95mCEU_coexistence: 0.9666 
2025-11-08 18:53:18,105 - Agent - INFO - [37mVal Epoch 25 step 25 with [31mce_loss_combined : 0.995996 [31mtotal : 0.995996 [94mAcc_combined: 75.83 [94mAcc_c: 51.44 [94mAcc_g: 63.41 [95mCEU_cue_audio: 0.6561 [95mCEU_cue_video: 0.8476 [95mCEU_synergy: 0.2285 [95mCEU_coexistence: 0.9605 
2025-11-08 18:57:16,173 - Agent - INFO - [37mVal Epoch 26 step 26 with [31mce_loss_combined : 1.081222 [31mtotal : 1.081222 [94mAcc_combined: 75.83 [94mAcc_c: 51.09 [94mAcc_g: 61.68 [95mCEU_cue_audio: 0.6349 [95mCEU_cue_video: 0.8745 [95mCEU_synergy: 0.2204 [95mCEU_coexistence: 0.9576 
2025-11-08 19:01:01,771 - Agent - INFO - [37mVal Epoch 27 step 27 with [31mce_loss_combined : 1.058334 [31mtotal : 1.058334 [94mAcc_combined: 74.57 [94mAcc_c: 51.55 [94mAcc_g: 62.49 [95mCEU_cue_audio: 0.6294 [95mCEU_cue_video: 0.8609 [95mCEU_synergy: 0.1813 [95mCEU_coexistence: 0.9515 
2025-11-08 19:04:45,873 - Agent - INFO - [37mVal Epoch 28 step 28 with [31mce_loss_combined : 1.182068 [31mtotal : 1.182068 [94mAcc_combined: 73.65 [94mAcc_c: 49.48 [94mAcc_g: 60.99 [95mCEU_cue_audio: 0.6244 [95mCEU_cue_video: 0.8340 [95mCEU_synergy: 0.1813 [95mCEU_coexistence: 0.9484 
2025-11-08 19:08:31,603 - Agent - INFO - [37mVal Epoch 29 step 29 with [31mce_loss_combined : 1.041465 [31mtotal : 1.041465 [94mAcc_combined: 74.80 [94mAcc_c: 54.32 [94mAcc_g: 61.68 [95mCEU_cue_audio: 0.6400 [95mCEU_cue_video: 0.8387 [95mCEU_synergy: 0.2047 [95mCEU_coexistence: 0.9576 
2025-11-08 19:12:16,147 - Agent - INFO - [37mVal Epoch 30 step 30 with [31mce_loss_combined : 1.064245 [31mtotal : 1.064245 [94mAcc_combined: 74.80 [94mAcc_c: 51.78 [94mAcc_g: 62.14 [95mCEU_cue_audio: 0.6509 [95mCEU_cue_video: 0.8387 [95mCEU_synergy: 0.2127 [95mCEU_coexistence: 0.9484 
2025-11-08 19:16:08,391 - Agent - INFO - [37mVal Epoch 31 step 31 with [31mce_loss_combined : 1.122187 [31mtotal : 1.122187 [94mAcc_combined: 74.22 [94mAcc_c: 52.13 [94mAcc_g: 60.53 [95mCEU_cue_audio: 0.6189 [95mCEU_cue_video: 0.8387 [95mCEU_synergy: 0.2127 [95mCEU_coexistence: 0.9515 
2025-11-08 19:20:00,727 - Agent - INFO - [37mVal Epoch 32 step 32 with [31mce_loss_combined : 1.180899 [31mtotal : 1.180899 [94mAcc_combined: 73.76 [94mAcc_c: 49.83 [94mAcc_g: 63.06 [95mCEU_cue_audio: 0.6294 [95mCEU_cue_video: 0.8297 [95mCEU_synergy: 0.1732 [95mCEU_coexistence: 0.9544 
2025-11-08 19:23:53,155 - Agent - INFO - [37mVal Epoch 33 step 33 with [31mce_loss_combined : 1.360814 [31mtotal : 1.360814 [94mAcc_combined: 70.08 [94mAcc_c: 45.57 [94mAcc_g: 62.83 [95mCEU_cue_audio: 0.5609 [95mCEU_cue_video: 0.7712 [95mCEU_synergy: 0.1889 [95mCEU_coexistence: 0.9302 
2025-11-08 19:23:53,943 - Agent - INFO - We are in the final state.
2025-11-08 19:23:54,205 - root - INFO - Loaded best model from /esat/smcdata/users/kkontras/Image_Dataset/no_backup/data/2025_data/synergy/Synprom_IB_fold2_l0.5_contrcoeff1_perturbgennoise_lr0.0001_wd0.0001_clsmlp_pre.pth.tar
2025-11-08 19:24:08,632 - Agent - INFO - [37mVal Epoch 33 step 0 with [31mce_loss_combined : 0.892168 [31mtotal : 0.892168 [94mAcc_combined: 77.68 [94mAcc_c: 51.67 [94mAcc_g: 63.06 [95mCEU_cue_audio: 0.6772 [95mCEU_cue_video: 0.8924 [95mCEU_synergy: 0.2047 [95mCEU_coexistence: 0.9758 
2025-11-08 19:24:23,843 - Agent - INFO - [37mTest Epoch 33 step 0 with [31mce_loss_combined : 1.182010 [31mtotal : 1.182010 [94mAcc_combined: 66.17 [94mAcc_c: 53.10 [94mAcc_g: 52.46 
2025-11-08 19:24:25,339 - Agent - INFO - [37mModels has saved successfully in /esat/smcdata/users/kkontras/Image_Dataset/no_backup/data/2025_data/synergy/Synprom_IB_fold2_l0.5_contrcoeff1_perturbgennoise_lr0.0001_wd0.0001_clsmlp_pre.pth.tar
Job finished
