Starting Job
/esat/smcdata/users/kkontras/Image_Dataset/no_backup/git/Synergy/train.py
/esat/smcdata/users/kkontras/Image_Dataset/no_backup/envs/balance_env/bin/python
Python 3.9.18
/esat/smcdata/users/kkontras/Image_Dataset/no_backup/git/Synergy
We have 1 GPU
/esat/smcdata/users/kkontras/Image_Dataset/no_backup/git/Synergy/train.py
config-./configs/CREMA_D/synergy/nov/synprom_ib.json
Executing command: accelerate launch /esat/smcdata/users/kkontras/Image_Dataset/no_backup/git/Synergy/train.py --config ./configs/CREMA_D/synergy/nov/synprom_ib.json --default_config ./configs/CREMA_D/default_config_cremad_res_syn.json --fold 1 --pre  --l 0.5 --contrcoeff 1 --lr 0.0001 --wd 0.0001 --cls mlp --perturb gennoise
Namespace(config='./configs/CREMA_D/synergy/nov/synprom_ib.json', default_config='./configs/CREMA_D/default_config_cremad_res_syn.json', fold='1', alpha=None, tanh_mode=None, tanh_mode_beta=None, regby=None, clip=None, batch_size=None, l='0.5', multil=None, l_diffsq=None, lib=None, ratio_us=None, ratio_snr=None, kmepoch=None, num_samples=None, pow=None, nstep=None, contrcoeff='1', kde_coeff=None, etube=None, temperature=None, contr_type=None, shuffle_type=None, validate_with=None, transform_type=None, trasform_before=None, num_classes=None, base_alpha=None, alpha_var=None, base_beta=None, beta_var=None, optim_method=None, ilr_c=None, ilr_g=None, mmcosine_scaling=None, ending_epoch=None, load_ongoing=None, commonlayers=None, recon_weight1=None, recon_weight2=None, recon_epochstages=None, recon_ensemblestages=None, lr='0.0001', wd='0.0001', mm=None, cls='mlp', perturb='gennoise', pre=True, frozen=False, tdqm_disable=False, start_over=False)
2025-11-08 17:14:10,772 - Config - INFO - ./configs/CREMA_D/synergy/nov/synprom_ib.json
2025-11-08 17:14:10,775 - Config - INFO -  THE Configuration of your experiment ..
{'agent': 'Agent',
 'dataset': {'data_roots': '/esat/smcdata/users/kkontras/Image_Dataset/no_backup/CremaD/CREMA-D',
             'data_split': {'fold': 0, 'method': 'non_inclusive'},
             'dataloader_class': 'CramedD_Dataloader',
             'fps': 1,
             'norm': False,
             'norm_face_path': './mydatasets/CREMAD/norm_face_path_fold{}.pkl',
             'norm_wav_path': './mydatasets/CREMAD/wav_norm_16000_fold{}.pkl',
             'num_frame': 3,
             'return_data': {'audio': False,
                             'face': False,
                             'spectrogram': True,
                             'video': True},
             'sampling_rate': 22050},
 'early_stopping': {'end_of_epoch_check': True,
                    'log_interval': 10,
                    'max_epoch': 1500,
                    'n_steps_stop': 20,
                    'n_steps_stop_after': 0,
                    'save_every_step': 3000,
                    'save_every_valstep': 10,
                    'validate_after': 0,
                    'validate_every': 25,
                    'validate_with': 'accuracy'},
 'exp_name': 'CREMAD Experiment',
 'model': {'args': {'bias_infusion': {'ending_epoch': 1500,
                                      'l': 0.1,
                                      'method': 'false',
                                      'plot': False,
                                      'starting_epoch': 0,
                                      'use': True},
                    'clip_grad': False,
                    'cls_type': 'linear',
                    'd_model': 512,
                    'dropout': 0.1,
                    'fc_inner': 64,
                    'multi_loss': {'multi_supervised_w': {'c': 0,
                                                          'combined': 1,
                                                          'g': 0}},
                    'num_classes': 6},
           'encoders': [{'args': {'d_model': 512,
                                  'dropout': 0.1,
                                  'fc_inner': 64,
                                  'freeze_encoder': False,
                                  'num_classes': 6},
                         'model': 'Audio_ResNet',
                         'pretrainedEncoder': {'dir': 'unimodal_audio_fold{}_lr0.001_wd0.0001.pth.tar',
                                               'use': False}},
                        {'args': {'d_model': 512,
                                  'dropout': 0.1,
                                  'fc_inner': 64,
                                  'freeze_encoder': False,
                                  'num_classes': 6},
                         'model': 'Video_ResNet',
                         'pretrainedEncoder': {'dir': 'unimodal_video_fold{}_lr0.001_wd0.0001.pth.tar',
                                               'use': False}}],
           'load_ongoing': False,
           'model_class': 'Fusion_Synprom_IB',
           'save_base_dir': '/esat/smcdata/users/kkontras/Image_Dataset/no_backup/data/2025_data/synergy',
           'save_dir': 'Synprom_IB_{}.pth.tar'},
 'optimizer': {'beta1': 0.9,
               'beta2': 0.999,
               'learning_rate': 1e-05,
               'momentum': 0.9,
               'type': 'Adam',
               'weight_decay': 1e-05},
 'scheduler': {'max_lr': 0.03, 'type': 'cosanneal', 'warm_up_steps': 780},
 'training_params': {'adversarial_training': {'adv_epsilon': 0.01,
                                              'use': False},
                     'async_loading': True,
                     'batch_size': 32,
                     'cuda': True,
                     'data_loader_workers': 8,
                     'gpu_device': [0],
                     'pin_memory': False,
                     'rec_test': True,
                     'res': True,
                     'seed': 109,
                     'tdqm_disable': False,
                     'test_batch_size': 32,
                     'test_on_bottoms': False,
                     'use_test_set': True,
                     'validation': True,
                     'verbose': True,
                     'wandb_disable': False}}
2025-11-08 17:14:10,776 - Config - INFO -  *************************************** 
2025-11-08 17:14:10,776 - Config - INFO - The experiment name is CREMAD Experiment
2025-11-08 17:14:10,776 - Config - INFO -  *************************************** 
2025-11-08 17:14:10,776 - root - INFO - save_dir: Synprom_IB_fold1_l0.5_contrcoeff1_perturbgennoise_lr0.0001_wd0.0001_clsmlp_pre.pth.tar
2025-11-08 17:14:10,905 - Cuda Statistics - INFO - __Python VERSION:  3.9.18 (main, Sep 11 2023, 13:41:44) 
[GCC 11.2.0]
2025-11-08 17:14:10,905 - Cuda Statistics - INFO - __pyTorch VERSION:  2.0.1+cu118
2025-11-08 17:14:10,905 - Cuda Statistics - INFO - __CUDA VERSION
2025-11-08 17:14:10,907 - Cuda Statistics - INFO - __CUDNN VERSION:  8700
2025-11-08 17:14:10,923 - Cuda Statistics - INFO - __Number CUDA Devices:  1
2025-11-08 17:14:10,923 - Cuda Statistics - INFO - __Devices
2025-11-08 17:14:10,923 - Cuda Statistics - INFO - index, name, driver_version, memory.total [MiB], memory.used [MiB], memory.free [MiB]
2025-11-08 17:14:10,923 - Cuda Statistics - INFO - 0, NVIDIA GeForce RTX 2080 Ti, 570.153.02, 11264 MiB, 3 MiB, 10821 MiB
2025-11-08 17:14:10,929 - Cuda Statistics - INFO - Active CUDA Device: GPU 0
2025-11-08 17:14:10,929 - Cuda Statistics - INFO - Available devices  1
2025-11-08 17:14:10,929 - Cuda Statistics - INFO - Current cuda device  0
This path does not exist /esat/smcdata/users/kkontras/Image_Dataset/no_backup/CremaD/CREMA-D/AudioWAV/1076_MTI_SAD_XX.wav or /esat/smcdata/users/kkontras/Image_Dataset/no_backup/CremaD/CREMA-D/Image-01-FPS/1076_MTI_SAD_XX or /esat/smcdata/users/kkontras/Image_Dataset/no_backup/CremaD/CREMA-D/Face_features/1076_MTI_SAD_XX.npy
2025-11-08 17:14:12,426 - root - INFO - Loaded wav norm from ./mydatasets/CREMAD/wav_norm_16000_fold1.pkl
2025-11-08 17:14:12,430 - root - INFO - Norm values are {'mean': tensor(-2.6751e-05), 'std': tensor(0.0610), 'max_duration': 5.005}
2025-11-08 17:14:12,766 - root - INFO - Loaded wav norm from ./mydatasets/CREMAD/wav_norm_16000_fold1.pkl
2025-11-08 17:14:12,767 - root - INFO - Norm values are {'mean': tensor(-2.6751e-05), 'std': tensor(0.0610), 'max_duration': 5.005}
2025-11-08 17:14:13,115 - root - INFO - Loaded wav norm from ./mydatasets/CREMAD/wav_norm_16000_fold1.pkl
2025-11-08 17:14:13,115 - root - INFO - Norm values are {'mean': tensor(-2.6751e-05), 'std': tensor(0.0610), 'max_duration': 5.005}
Available cores 8
We are changing dataloader workers to num of cores 0
2025-11-08 17:14:13,117 - Agent - INFO - Device: cuda:0
2025-11-08 17:14:13,117 - Agent - INFO - Total training batches: 126, validate every 25 batches, steps per epoch: 6
2025-11-08 17:14:16,632 - Agent - INFO - Loss Weights are {'total': 1, 'combined': 1, 'c': 0, 'g': 0}
2025-11-08 17:14:17,083 - root - INFO - Loading enc best model state dict from /esat/smcdata/users/kkontras/Image_Dataset/no_backup/data/2025_data/synergy/unimodal_audio_fold1_lr0.001_wd0.0001.pth.tar
Replacing module
2025-11-08 17:14:17,480 - root - INFO - Loading enc best model state dict from /esat/smcdata/users/kkontras/Image_Dataset/no_backup/data/2025_data/synergy/unimodal_video_fold1_lr0.001_wd0.0001.pth.tar
Replacing module
2025-11-08 17:14:17,527 - Agent - INFO - Total number of trainable parameters are: 23483032
2025-11-08 17:14:17,535 - Agent - INFO - Total number of trainable parameters are: 23483032
2025-11-08 17:18:01,264 - Agent - INFO - [37mVal Epoch 1 step 1 with [31mce_loss_combined : 0.958130 [31mtotal : 0.958130 [94mAcc_combined: 74.57 [94mAcc_c: 58.68 [94mAcc_g: 52.21 [95mCEU_cue_audio: 0.7479 [95mCEU_cue_video: 0.7597 [95mCEU_synergy: 0.2278 [95mCEU_coexistence: 0.9746 
2025-11-08 17:18:01,281 - Agent - INFO - [37mTest Epoch 1 step 1 with [31mce_loss_combined : 0.911637 [31mtotal : 0.911637 [94mAcc_combined: 76.07 [94mAcc_c: 59.23 [94mAcc_g: 60.22 
2025-11-08 17:18:02,197 - Agent - INFO - [37mModels has saved successfully in /esat/smcdata/users/kkontras/Image_Dataset/no_backup/data/2025_data/synergy/Synprom_IB_fold1_l0.5_contrcoeff1_perturbgennoise_lr0.0001_wd0.0001_clsmlp_pre.pth.tar
2025-11-08 17:21:45,058 - Agent - INFO - [37mVal Epoch 2 step 2 with [31mce_loss_combined : 1.029919 [31mtotal : 1.029919 [94mAcc_combined: 65.04 [94mAcc_c: 55.16 [94mAcc_g: 51.87 [95mCEU_cue_audio: 0.4160 [95mCEU_cue_video: 0.8195 [95mCEU_synergy: 0.2139 [95mCEU_coexistence: 0.9301 
2025-11-08 17:25:26,941 - Agent - INFO - [37mVal Epoch 3 step 3 with [31mce_loss_combined : 1.111706 [31mtotal : 1.111706 [94mAcc_combined: 62.77 [94mAcc_c: 54.94 [94mAcc_g: 53.01 [95mCEU_cue_audio: 0.3657 [95mCEU_cue_video: 0.8142 [95mCEU_synergy: 0.1860 [95mCEU_coexistence: 0.9206 
2025-11-08 17:29:06,843 - Agent - INFO - [37mVal Epoch 4 step 4 with [31mce_loss_combined : 1.248096 [31mtotal : 1.248096 [94mAcc_combined: 60.05 [94mAcc_c: 52.44 [94mAcc_g: 51.65 [95mCEU_cue_audio: 0.2814 [95mCEU_cue_video: 0.8089 [95mCEU_synergy: 0.1932 [95mCEU_coexistence: 0.9080 
2025-11-08 17:32:46,690 - Agent - INFO - [37mVal Epoch 5 step 5 with [31mce_loss_combined : 1.232257 [31mtotal : 1.232257 [94mAcc_combined: 60.39 [94mAcc_c: 56.30 [94mAcc_g: 53.35 [95mCEU_cue_audio: 0.2942 [95mCEU_cue_video: 0.8305 [95mCEU_synergy: 0.1653 [95mCEU_coexistence: 0.9080 
2025-11-08 17:36:25,520 - Agent - INFO - [37mVal Epoch 6 step 6 with [31mce_loss_combined : 1.374750 [31mtotal : 1.374750 [94mAcc_combined: 58.91 [94mAcc_c: 54.03 [94mAcc_g: 51.65 [95mCEU_cue_audio: 0.2647 [95mCEU_cue_video: 0.7978 [95mCEU_synergy: 0.1999 [95mCEU_coexistence: 0.8921 
2025-11-08 17:40:03,645 - Agent - INFO - [37mVal Epoch 7 step 7 with [31mce_loss_combined : 1.287385 [31mtotal : 1.287385 [94mAcc_combined: 59.93 [94mAcc_c: 51.87 [94mAcc_g: 51.19 [95mCEU_cue_audio: 0.2899 [95mCEU_cue_video: 0.8195 [95mCEU_synergy: 0.1725 [95mCEU_coexistence: 0.9016 
2025-11-08 17:43:43,294 - Agent - INFO - [37mVal Epoch 8 step 8 with [31mce_loss_combined : 1.192543 [31mtotal : 1.192543 [94mAcc_combined: 63.22 [94mAcc_c: 53.92 [94mAcc_g: 53.58 [95mCEU_cue_audio: 0.3657 [95mCEU_cue_video: 0.8252 [95mCEU_synergy: 0.1725 [95mCEU_coexistence: 0.9334 
2025-11-08 17:47:22,408 - Agent - INFO - [37mVal Epoch 9 step 9 with [31mce_loss_combined : 1.133013 [31mtotal : 1.133013 [94mAcc_combined: 64.93 [94mAcc_c: 55.62 [94mAcc_g: 54.94 [95mCEU_cue_audio: 0.3865 [95mCEU_cue_video: 0.8527 [95mCEU_synergy: 0.1586 [95mCEU_coexistence: 0.9555 
2025-11-08 17:51:02,117 - Agent - INFO - [37mVal Epoch 10 step 10 with [31mce_loss_combined : 1.209694 [31mtotal : 1.209694 [94mAcc_combined: 63.22 [94mAcc_c: 53.69 [94mAcc_g: 53.58 [95mCEU_cue_audio: 0.3402 [95mCEU_cue_video: 0.8359 [95mCEU_synergy: 0.1725 [95mCEU_coexistence: 0.9460 
2025-11-08 17:54:40,975 - Agent - INFO - [37mVal Epoch 11 step 11 with [31mce_loss_combined : 1.351408 [31mtotal : 1.351408 [94mAcc_combined: 60.84 [94mAcc_c: 52.21 [94mAcc_g: 50.74 [95mCEU_cue_audio: 0.3194 [95mCEU_cue_video: 0.8142 [95mCEU_synergy: 0.1792 [95mCEU_coexistence: 0.9046 
2025-11-08 17:58:17,985 - Agent - INFO - [37mVal Epoch 12 step 12 with [31mce_loss_combined : 1.187313 [31mtotal : 1.187313 [94mAcc_combined: 64.36 [94mAcc_c: 51.65 [94mAcc_g: 54.71 [95mCEU_cue_audio: 0.3739 [95mCEU_cue_video: 0.8195 [95mCEU_synergy: 0.1932 [95mCEU_coexistence: 0.9524 
2025-11-08 18:01:55,214 - Agent - INFO - [37mVal Epoch 13 step 13 with [31mce_loss_combined : 1.225452 [31mtotal : 1.225452 [94mAcc_combined: 64.47 [94mAcc_c: 56.19 [94mAcc_g: 53.23 [95mCEU_cue_audio: 0.3739 [95mCEU_cue_video: 0.8305 [95mCEU_synergy: 0.2072 [95mCEU_coexistence: 0.9429 
2025-11-08 18:05:37,080 - Agent - INFO - [37mVal Epoch 14 step 14 with [31mce_loss_combined : 1.290827 [31mtotal : 1.290827 [94mAcc_combined: 61.75 [94mAcc_c: 53.46 [94mAcc_g: 53.58 [95mCEU_cue_audio: 0.3109 [95mCEU_cue_video: 0.8195 [95mCEU_synergy: 0.1860 [95mCEU_coexistence: 0.9301 
2025-11-08 18:09:18,789 - Agent - INFO - [37mVal Epoch 15 step 15 with [31mce_loss_combined : 1.163194 [31mtotal : 1.163194 [94mAcc_combined: 65.72 [94mAcc_c: 55.28 [94mAcc_g: 54.37 [95mCEU_cue_audio: 0.3697 [95mCEU_cue_video: 0.8580 [95mCEU_synergy: 0.2139 [95mCEU_coexistence: 0.9620 
2025-11-08 18:12:56,986 - Agent - INFO - [37mVal Epoch 16 step 16 with [31mce_loss_combined : 1.190561 [31mtotal : 1.190561 [94mAcc_combined: 64.59 [94mAcc_c: 55.16 [94mAcc_g: 53.23 [95mCEU_cue_audio: 0.3571 [95mCEU_cue_video: 0.8416 [95mCEU_synergy: 0.1999 [95mCEU_coexistence: 0.9555 
2025-11-08 18:16:38,117 - Agent - INFO - [37mVal Epoch 17 step 17 with [31mce_loss_combined : 1.282842 [31mtotal : 1.282842 [94mAcc_combined: 61.63 [94mAcc_c: 50.40 [94mAcc_g: 52.21 [95mCEU_cue_audio: 0.3277 [95mCEU_cue_video: 0.8195 [95mCEU_synergy: 0.1792 [95mCEU_coexistence: 0.9175 
2025-11-08 18:20:21,685 - Agent - INFO - [37mVal Epoch 18 step 18 with [31mce_loss_combined : 1.187687 [31mtotal : 1.187687 [94mAcc_combined: 63.90 [94mAcc_c: 55.85 [94mAcc_g: 52.78 [95mCEU_cue_audio: 0.3657 [95mCEU_cue_video: 0.8469 [95mCEU_synergy: 0.1932 [95mCEU_coexistence: 0.9301 
2025-11-08 18:24:05,394 - Agent - INFO - [37mVal Epoch 19 step 19 with [31mce_loss_combined : 1.260348 [31mtotal : 1.260348 [94mAcc_combined: 65.27 [94mAcc_c: 54.94 [94mAcc_g: 54.26 [95mCEU_cue_audio: 0.3823 [95mCEU_cue_video: 0.8359 [95mCEU_synergy: 0.1932 [95mCEU_coexistence: 0.9620 
2025-11-08 18:27:45,322 - Agent - INFO - [37mVal Epoch 20 step 20 with [31mce_loss_combined : 1.290081 [31mtotal : 1.290081 [94mAcc_combined: 66.06 [94mAcc_c: 53.35 [94mAcc_g: 52.78 [95mCEU_cue_audio: 0.4286 [95mCEU_cue_video: 0.8252 [95mCEU_synergy: 0.2278 [95mCEU_coexistence: 0.9396 
2025-11-08 18:27:47,350 - Agent - INFO - We are in the final state.
2025-11-08 18:27:47,984 - root - INFO - Loaded best model from /esat/smcdata/users/kkontras/Image_Dataset/no_backup/data/2025_data/synergy/Synprom_IB_fold1_l0.5_contrcoeff1_perturbgennoise_lr0.0001_wd0.0001_clsmlp_pre.pth.tar
2025-11-08 18:28:01,920 - Agent - INFO - [37mVal Epoch 20 step 0 with [31mce_loss_combined : 0.958130 [31mtotal : 0.958130 [94mAcc_combined: 74.57 [94mAcc_c: 58.68 [94mAcc_g: 52.21 [95mCEU_cue_audio: 0.7479 [95mCEU_cue_video: 0.7597 [95mCEU_synergy: 0.2278 [95mCEU_coexistence: 0.9746 
2025-11-08 18:28:16,354 - Agent - INFO - [37mTest Epoch 20 step 0 with [31mce_loss_combined : 0.911637 [31mtotal : 0.911637 [94mAcc_combined: 76.07 [94mAcc_c: 59.23 [94mAcc_g: 60.22 
2025-11-08 18:28:17,770 - Agent - INFO - [37mModels has saved successfully in /esat/smcdata/users/kkontras/Image_Dataset/no_backup/data/2025_data/synergy/Synprom_IB_fold1_l0.5_contrcoeff1_perturbgennoise_lr0.0001_wd0.0001_clsmlp_pre.pth.tar
Job finished
