Starting Job
/esat/smcdata/users/kkontras/Image_Dataset/no_backup/git/Synergy/train.py
/esat/smcdata/users/kkontras/Image_Dataset/no_backup/envs/balance_env/bin/python
Python 3.9.18
/esat/smcdata/users/kkontras/Image_Dataset/no_backup/git/Synergy
We have 1 GPU
/esat/smcdata/users/kkontras/Image_Dataset/no_backup/git/Synergy/train.py
config-./configs/CREMA_D/synergy/nov/synprom_ib.json
Executing command: accelerate launch /esat/smcdata/users/kkontras/Image_Dataset/no_backup/git/Synergy/train.py --config ./configs/CREMA_D/synergy/nov/synprom_ib.json --default_config ./configs/CREMA_D/default_config_cremad_res_syn.json --fold 2 --pre  --l 1 --contrcoeff 1 --lr 0.0001 --wd 0.0001 --cls mlp --perturb gennoise
Namespace(config='./configs/CREMA_D/synergy/nov/synprom_ib.json', default_config='./configs/CREMA_D/default_config_cremad_res_syn.json', fold='2', alpha=None, tanh_mode=None, tanh_mode_beta=None, regby=None, clip=None, batch_size=None, l='1', multil=None, l_diffsq=None, lib=None, ratio_us=None, ratio_snr=None, kmepoch=None, num_samples=None, pow=None, nstep=None, contrcoeff='1', kde_coeff=None, etube=None, temperature=None, contr_type=None, shuffle_type=None, validate_with=None, transform_type=None, trasform_before=None, num_classes=None, base_alpha=None, alpha_var=None, base_beta=None, beta_var=None, optim_method=None, ilr_c=None, ilr_g=None, mmcosine_scaling=None, ending_epoch=None, load_ongoing=None, commonlayers=None, recon_weight1=None, recon_weight2=None, recon_epochstages=None, recon_ensemblestages=None, lr='0.0001', wd='0.0001', mm=None, cls='mlp', perturb='gennoise', pre=True, frozen=False, tdqm_disable=False, start_over=False)
2025-11-08 19:24:57,830 - Config - INFO - ./configs/CREMA_D/synergy/nov/synprom_ib.json
2025-11-08 19:24:57,834 - Config - INFO -  THE Configuration of your experiment ..
{'agent': 'Agent',
 'dataset': {'data_roots': '/esat/smcdata/users/kkontras/Image_Dataset/no_backup/CremaD/CREMA-D',
             'data_split': {'fold': 0, 'method': 'non_inclusive'},
             'dataloader_class': 'CramedD_Dataloader',
             'fps': 1,
             'norm': False,
             'norm_face_path': './mydatasets/CREMAD/norm_face_path_fold{}.pkl',
             'norm_wav_path': './mydatasets/CREMAD/wav_norm_16000_fold{}.pkl',
             'num_frame': 3,
             'return_data': {'audio': False,
                             'face': False,
                             'spectrogram': True,
                             'video': True},
             'sampling_rate': 22050},
 'early_stopping': {'end_of_epoch_check': True,
                    'log_interval': 10,
                    'max_epoch': 1500,
                    'n_steps_stop': 20,
                    'n_steps_stop_after': 0,
                    'save_every_step': 3000,
                    'save_every_valstep': 10,
                    'validate_after': 0,
                    'validate_every': 25,
                    'validate_with': 'accuracy'},
 'exp_name': 'CREMAD Experiment',
 'model': {'args': {'bias_infusion': {'ending_epoch': 1500,
                                      'l': 0.1,
                                      'method': 'false',
                                      'plot': False,
                                      'starting_epoch': 0,
                                      'use': True},
                    'clip_grad': False,
                    'cls_type': 'linear',
                    'd_model': 512,
                    'dropout': 0.1,
                    'fc_inner': 64,
                    'multi_loss': {'multi_supervised_w': {'c': 0,
                                                          'combined': 1,
                                                          'g': 0}},
                    'num_classes': 6},
           'encoders': [{'args': {'d_model': 512,
                                  'dropout': 0.1,
                                  'fc_inner': 64,
                                  'freeze_encoder': False,
                                  'num_classes': 6},
                         'model': 'Audio_ResNet',
                         'pretrainedEncoder': {'dir': 'unimodal_audio_fold{}_lr0.001_wd0.0001.pth.tar',
                                               'use': False}},
                        {'args': {'d_model': 512,
                                  'dropout': 0.1,
                                  'fc_inner': 64,
                                  'freeze_encoder': False,
                                  'num_classes': 6},
                         'model': 'Video_ResNet',
                         'pretrainedEncoder': {'dir': 'unimodal_video_fold{}_lr0.001_wd0.0001.pth.tar',
                                               'use': False}}],
           'load_ongoing': False,
           'model_class': 'Fusion_Synprom_IB',
           'save_base_dir': '/esat/smcdata/users/kkontras/Image_Dataset/no_backup/data/2025_data/synergy',
           'save_dir': 'Synprom_IB_{}.pth.tar'},
 'optimizer': {'beta1': 0.9,
               'beta2': 0.999,
               'learning_rate': 1e-05,
               'momentum': 0.9,
               'type': 'Adam',
               'weight_decay': 1e-05},
 'scheduler': {'max_lr': 0.03, 'type': 'cosanneal', 'warm_up_steps': 780},
 'training_params': {'adversarial_training': {'adv_epsilon': 0.01,
                                              'use': False},
                     'async_loading': True,
                     'batch_size': 32,
                     'cuda': True,
                     'data_loader_workers': 8,
                     'gpu_device': [0],
                     'pin_memory': False,
                     'rec_test': True,
                     'res': True,
                     'seed': 109,
                     'tdqm_disable': False,
                     'test_batch_size': 32,
                     'test_on_bottoms': False,
                     'use_test_set': True,
                     'validation': True,
                     'verbose': True,
                     'wandb_disable': False}}
2025-11-08 19:24:57,835 - Config - INFO -  *************************************** 
2025-11-08 19:24:57,835 - Config - INFO - The experiment name is CREMAD Experiment
2025-11-08 19:24:57,835 - Config - INFO -  *************************************** 
2025-11-08 19:24:57,835 - root - INFO - save_dir: Synprom_IB_fold2_l1_contrcoeff1_perturbgennoise_lr0.0001_wd0.0001_clsmlp_pre.pth.tar
2025-11-08 19:24:57,963 - Cuda Statistics - INFO - __Python VERSION:  3.9.18 (main, Sep 11 2023, 13:41:44) 
[GCC 11.2.0]
2025-11-08 19:24:57,963 - Cuda Statistics - INFO - __pyTorch VERSION:  2.0.1+cu118
2025-11-08 19:24:57,963 - Cuda Statistics - INFO - __CUDA VERSION
2025-11-08 19:24:57,966 - Cuda Statistics - INFO - __CUDNN VERSION:  8700
2025-11-08 19:24:57,981 - Cuda Statistics - INFO - __Number CUDA Devices:  1
2025-11-08 19:24:57,981 - Cuda Statistics - INFO - __Devices
2025-11-08 19:24:57,981 - Cuda Statistics - INFO - index, name, driver_version, memory.total [MiB], memory.used [MiB], memory.free [MiB]
2025-11-08 19:24:57,981 - Cuda Statistics - INFO - 0, NVIDIA GeForce RTX 2080 Ti, 570.153.02, 11264 MiB, 3 MiB, 10821 MiB
2025-11-08 19:24:57,987 - Cuda Statistics - INFO - Active CUDA Device: GPU 0
2025-11-08 19:24:57,987 - Cuda Statistics - INFO - Available devices  1
2025-11-08 19:24:57,987 - Cuda Statistics - INFO - Current cuda device  0
This path does not exist /esat/smcdata/users/kkontras/Image_Dataset/no_backup/CremaD/CREMA-D/AudioWAV/1076_MTI_SAD_XX.wav or /esat/smcdata/users/kkontras/Image_Dataset/no_backup/CremaD/CREMA-D/Image-01-FPS/1076_MTI_SAD_XX or /esat/smcdata/users/kkontras/Image_Dataset/no_backup/CremaD/CREMA-D/Face_features/1076_MTI_SAD_XX.npy
2025-11-08 19:24:59,964 - root - INFO - Loaded wav norm from ./mydatasets/CREMAD/wav_norm_16000_fold2.pkl
2025-11-08 19:24:59,969 - root - INFO - Norm values are {'mean': tensor(-2.7781e-05), 'std': tensor(0.0615), 'max_duration': 5.005}
2025-11-08 19:25:00,259 - root - INFO - Loaded wav norm from ./mydatasets/CREMAD/wav_norm_16000_fold2.pkl
2025-11-08 19:25:00,260 - root - INFO - Norm values are {'mean': tensor(-2.7781e-05), 'std': tensor(0.0615), 'max_duration': 5.005}
2025-11-08 19:25:00,476 - root - INFO - Loaded wav norm from ./mydatasets/CREMAD/wav_norm_16000_fold2.pkl
2025-11-08 19:25:00,476 - root - INFO - Norm values are {'mean': tensor(-2.7781e-05), 'std': tensor(0.0615), 'max_duration': 5.005}
Available cores 8
We are changing dataloader workers to num of cores 0
2025-11-08 19:25:00,477 - Agent - INFO - Device: cuda:0
2025-11-08 19:25:00,477 - Agent - INFO - Total training batches: 126, validate every 25 batches, steps per epoch: 6
2025-11-08 19:25:04,288 - Agent - INFO - Loss Weights are {'total': 1, 'combined': 1, 'c': 0, 'g': 0}
2025-11-08 19:25:04,717 - root - INFO - Loading enc best model state dict from /esat/smcdata/users/kkontras/Image_Dataset/no_backup/data/2025_data/synergy/unimodal_audio_fold2_lr0.001_wd0.0001.pth.tar
Replacing module
2025-11-08 19:25:05,182 - root - INFO - Loading enc best model state dict from /esat/smcdata/users/kkontras/Image_Dataset/no_backup/data/2025_data/synergy/unimodal_video_fold2_lr0.001_wd0.0001.pth.tar
Replacing module
2025-11-08 19:25:05,346 - Agent - INFO - Total number of trainable parameters are: 23483032
2025-11-08 19:25:05,354 - Agent - INFO - Total number of trainable parameters are: 23483032
2025-11-08 19:28:54,035 - Agent - INFO - [37mVal Epoch 1 step 1 with [31mce_loss_combined : 1.017809 [31mtotal : 1.017809 [94mAcc_combined: 74.11 [94mAcc_c: 57.31 [94mAcc_g: 65.13 [95mCEU_cue_audio: 0.8097 [95mCEU_cue_video: 0.6278 [95mCEU_synergy: 0.2676 [95mCEU_coexistence: 0.9605 
2025-11-08 19:28:54,050 - Agent - INFO - [37mTest Epoch 1 step 1 with [31mce_loss_combined : 1.029712 [31mtotal : 1.029712 [94mAcc_combined: 73.13 [94mAcc_c: 60.71 [94mAcc_g: 54.60 
2025-11-08 19:28:54,621 - Agent - INFO - [37mModels has saved successfully in /esat/smcdata/users/kkontras/Image_Dataset/no_backup/data/2025_data/synergy/Synprom_IB_fold2_l1_contrcoeff1_perturbgennoise_lr0.0001_wd0.0001_clsmlp_pre.pth.tar
2025-11-08 19:32:41,917 - Agent - INFO - [37mVal Epoch 2 step 2 with [31mce_loss_combined : 0.782943 [31mtotal : 0.782943 [94mAcc_combined: 74.80 [94mAcc_c: 51.67 [94mAcc_g: 60.87 [95mCEU_cue_audio: 0.6400 [95mCEU_cue_video: 0.7712 [95mCEU_synergy: 0.3228 [95mCEU_coexistence: 0.9576 
2025-11-08 19:32:41,975 - Agent - INFO - [37mTest Epoch 2 step 2 with [31mce_loss_combined : 0.950704 [31mtotal : 0.950704 [94mAcc_combined: 67.77 [94mAcc_c: 57.82 [94mAcc_g: 50.21 
2025-11-08 19:32:42,738 - Agent - INFO - [37mModels has saved successfully in /esat/smcdata/users/kkontras/Image_Dataset/no_backup/data/2025_data/synergy/Synprom_IB_fold2_l1_contrcoeff1_perturbgennoise_lr0.0001_wd0.0001_clsmlp_pre.pth.tar
2025-11-08 19:36:34,106 - Agent - INFO - [37mVal Epoch 3 step 3 with [31mce_loss_combined : 0.735646 [31mtotal : 0.735646 [94mAcc_combined: 75.60 [94mAcc_c: 56.73 [94mAcc_g: 63.41 [95mCEU_cue_audio: 0.6032 [95mCEU_cue_video: 0.8788 [95mCEU_synergy: 0.2204 [95mCEU_coexistence: 0.9666 
2025-11-08 19:36:34,121 - Agent - INFO - [37mTest Epoch 3 step 3 with [31mce_loss_combined : 0.931179 [31mtotal : 0.931179 [94mAcc_combined: 67.56 [94mAcc_c: 60.28 [94mAcc_g: 52.89 
2025-11-08 19:36:34,873 - Agent - INFO - [37mModels has saved successfully in /esat/smcdata/users/kkontras/Image_Dataset/no_backup/data/2025_data/synergy/Synprom_IB_fold2_l1_contrcoeff1_perturbgennoise_lr0.0001_wd0.0001_clsmlp_pre.pth.tar
2025-11-08 19:40:18,362 - Agent - INFO - [37mVal Epoch 4 step 4 with [31mce_loss_combined : 0.761132 [31mtotal : 0.761132 [94mAcc_combined: 75.72 [94mAcc_c: 53.39 [94mAcc_g: 62.95 [95mCEU_cue_audio: 0.5977 [95mCEU_cue_video: 0.8745 [95mCEU_synergy: 0.2599 [95mCEU_coexistence: 0.9605 
2025-11-08 19:40:18,377 - Agent - INFO - [37mTest Epoch 4 step 4 with [31mce_loss_combined : 0.956501 [31mtotal : 0.956501 [94mAcc_combined: 66.70 [94mAcc_c: 57.49 [94mAcc_g: 52.57 
2025-11-08 19:40:19,118 - Agent - INFO - [37mModels has saved successfully in /esat/smcdata/users/kkontras/Image_Dataset/no_backup/data/2025_data/synergy/Synprom_IB_fold2_l1_contrcoeff1_perturbgennoise_lr0.0001_wd0.0001_clsmlp_pre.pth.tar
2025-11-08 19:44:06,329 - Agent - INFO - [37mVal Epoch 5 step 5 with [31mce_loss_combined : 0.871049 [31mtotal : 0.871049 [94mAcc_combined: 71.58 [94mAcc_c: 56.04 [94mAcc_g: 59.95 [95mCEU_cue_audio: 0.5609 [95mCEU_cue_video: 0.8250 [95mCEU_synergy: 0.2599 [95mCEU_coexistence: 0.9060 
2025-11-08 19:47:56,174 - Agent - INFO - [37mVal Epoch 6 step 6 with [31mce_loss_combined : 0.888253 [31mtotal : 0.888253 [94mAcc_combined: 72.96 [94mAcc_c: 53.74 [94mAcc_g: 60.18 [95mCEU_cue_audio: 0.5398 [95mCEU_cue_video: 0.8519 [95mCEU_synergy: 0.2676 [95mCEU_coexistence: 0.9334 
2025-11-08 19:51:41,778 - Agent - INFO - [37mVal Epoch 7 step 7 with [31mce_loss_combined : 0.788362 [31mtotal : 0.788362 [94mAcc_combined: 76.52 [94mAcc_c: 51.78 [94mAcc_g: 62.14 [95mCEU_cue_audio: 0.6244 [95mCEU_cue_video: 0.8788 [95mCEU_synergy: 0.2204 [95mCEU_coexistence: 0.9787 
2025-11-08 19:51:41,791 - Agent - INFO - [37mTest Epoch 7 step 7 with [31mce_loss_combined : 0.989343 [31mtotal : 0.989343 [94mAcc_combined: 68.20 [94mAcc_c: 56.75 [94mAcc_g: 52.25 
2025-11-08 19:51:42,620 - Agent - INFO - [37mModels has saved successfully in /esat/smcdata/users/kkontras/Image_Dataset/no_backup/data/2025_data/synergy/Synprom_IB_fold2_l1_contrcoeff1_perturbgennoise_lr0.0001_wd0.0001_clsmlp_pre.pth.tar
2025-11-08 19:55:33,692 - Agent - INFO - [37mVal Epoch 8 step 8 with [31mce_loss_combined : 0.813236 [31mtotal : 0.813236 [94mAcc_combined: 75.95 [94mAcc_c: 50.86 [94mAcc_g: 60.99 [95mCEU_cue_audio: 0.6138 [95mCEU_cue_video: 0.8698 [95mCEU_synergy: 0.2285 [95mCEU_coexistence: 0.9726 
2025-11-08 19:59:22,304 - Agent - INFO - [37mVal Epoch 9 step 9 with [31mce_loss_combined : 0.822664 [31mtotal : 0.822664 [94mAcc_combined: 74.68 [94mAcc_c: 54.55 [94mAcc_g: 60.18 [95mCEU_cue_audio: 0.6138 [95mCEU_cue_video: 0.8429 [95mCEU_synergy: 0.1889 [95mCEU_coexistence: 0.9726 
2025-11-08 20:03:04,637 - Agent - INFO - [37mVal Epoch 10 step 10 with [31mce_loss_combined : 0.940339 [31mtotal : 0.940339 [94mAcc_combined: 73.53 [94mAcc_c: 50.40 [94mAcc_g: 61.68 [95mCEU_cue_audio: 0.5660 [95mCEU_cue_video: 0.8429 [95mCEU_synergy: 0.2285 [95mCEU_coexistence: 0.9544 
2025-11-08 20:06:47,334 - Agent - INFO - [37mVal Epoch 11 step 11 with [31mce_loss_combined : 0.878426 [31mtotal : 0.878426 [94mAcc_combined: 74.45 [94mAcc_c: 50.29 [94mAcc_g: 59.15 [95mCEU_cue_audio: 0.5660 [95mCEU_cue_video: 0.8609 [95mCEU_synergy: 0.2519 [95mCEU_coexistence: 0.9576 
2025-11-08 20:10:31,731 - Agent - INFO - [37mVal Epoch 12 step 12 with [31mce_loss_combined : 0.966157 [31mtotal : 0.966157 [94mAcc_combined: 73.19 [94mAcc_c: 49.71 [94mAcc_g: 59.38 [95mCEU_cue_audio: 0.5609 [95mCEU_cue_video: 0.8387 [95mCEU_synergy: 0.1732 [95mCEU_coexistence: 0.9726 
2025-11-08 20:14:19,343 - Agent - INFO - [37mVal Epoch 13 step 13 with [31mce_loss_combined : 0.874433 [31mtotal : 0.874433 [94mAcc_combined: 75.60 [94mAcc_c: 50.75 [94mAcc_g: 61.33 [95mCEU_cue_audio: 0.6400 [95mCEU_cue_video: 0.8476 [95mCEU_synergy: 0.2361 [95mCEU_coexistence: 0.9605 
2025-11-08 20:18:09,548 - Agent - INFO - [37mVal Epoch 14 step 14 with [31mce_loss_combined : 0.892602 [31mtotal : 0.892602 [94mAcc_combined: 77.33 [94mAcc_c: 51.44 [94mAcc_g: 62.95 [95mCEU_cue_audio: 0.6720 [95mCEU_cue_video: 0.8835 [95mCEU_synergy: 0.2047 [95mCEU_coexistence: 0.9758 
2025-11-08 20:18:09,563 - Agent - INFO - [37mTest Epoch 14 step 14 with [31mce_loss_combined : 1.172739 [31mtotal : 1.172739 [94mAcc_combined: 66.27 [94mAcc_c: 52.57 [94mAcc_g: 53.00 
2025-11-08 20:18:10,362 - Agent - INFO - [37mModels has saved successfully in /esat/smcdata/users/kkontras/Image_Dataset/no_backup/data/2025_data/synergy/Synprom_IB_fold2_l1_contrcoeff1_perturbgennoise_lr0.0001_wd0.0001_clsmlp_pre.pth.tar
2025-11-08 20:21:50,883 - Agent - INFO - [37mVal Epoch 15 step 15 with [31mce_loss_combined : 1.020818 [31mtotal : 1.020818 [94mAcc_combined: 74.45 [94mAcc_c: 50.17 [94mAcc_g: 61.45 [95mCEU_cue_audio: 0.6138 [95mCEU_cue_video: 0.8340 [95mCEU_synergy: 0.2047 [95mCEU_coexistence: 0.9666 
2025-11-08 20:25:30,971 - Agent - INFO - [37mVal Epoch 16 step 16 with [31mce_loss_combined : 0.922349 [31mtotal : 0.922349 [94mAcc_combined: 74.45 [94mAcc_c: 51.44 [94mAcc_g: 60.18 [95mCEU_cue_audio: 0.5926 [95mCEU_cue_video: 0.8745 [95mCEU_synergy: 0.2047 [95mCEU_coexistence: 0.9515 
2025-11-08 20:29:12,081 - Agent - INFO - [37mVal Epoch 17 step 17 with [31mce_loss_combined : 0.988223 [31mtotal : 0.988223 [94mAcc_combined: 75.03 [94mAcc_c: 51.55 [94mAcc_g: 58.34 [95mCEU_cue_audio: 0.5977 [95mCEU_cue_video: 0.8655 [95mCEU_synergy: 0.2285 [95mCEU_coexistence: 0.9605 
2025-11-08 20:32:53,283 - Agent - INFO - [37mVal Epoch 18 step 18 with [31mce_loss_combined : 0.991363 [31mtotal : 0.991363 [94mAcc_combined: 76.06 [94mAcc_c: 53.28 [94mAcc_g: 59.49 [95mCEU_cue_audio: 0.6349 [95mCEU_cue_video: 0.8609 [95mCEU_synergy: 0.2519 [95mCEU_coexistence: 0.9605 
2025-11-08 20:36:50,192 - Agent - INFO - [37mVal Epoch 19 step 19 with [31mce_loss_combined : 1.029497 [31mtotal : 1.029497 [94mAcc_combined: 74.57 [94mAcc_c: 47.53 [94mAcc_g: 60.76 [95mCEU_cue_audio: 0.6244 [95mCEU_cue_video: 0.8207 [95mCEU_synergy: 0.2204 [95mCEU_coexistence: 0.9666 
2025-11-08 20:40:41,185 - Agent - INFO - [37mVal Epoch 20 step 20 with [31mce_loss_combined : 1.155086 [31mtotal : 1.155086 [94mAcc_combined: 72.04 [94mAcc_c: 47.07 [94mAcc_g: 61.68 [95mCEU_cue_audio: 0.5448 [95mCEU_cue_video: 0.8387 [95mCEU_synergy: 0.1813 [95mCEU_coexistence: 0.9484 
2025-11-08 20:44:27,024 - Agent - INFO - [37mVal Epoch 21 step 21 with [31mce_loss_combined : 1.105838 [31mtotal : 1.105838 [94mAcc_combined: 74.68 [94mAcc_c: 48.33 [94mAcc_g: 59.38 [95mCEU_cue_audio: 0.6032 [95mCEU_cue_video: 0.8698 [95mCEU_synergy: 0.2285 [95mCEU_coexistence: 0.9455 
2025-11-08 20:48:09,290 - Agent - INFO - [37mVal Epoch 22 step 22 with [31mce_loss_combined : 1.024220 [31mtotal : 1.024220 [94mAcc_combined: 74.57 [94mAcc_c: 48.56 [94mAcc_g: 64.10 [95mCEU_cue_audio: 0.6349 [95mCEU_cue_video: 0.8250 [95mCEU_synergy: 0.2361 [95mCEU_coexistence: 0.9515 
2025-11-08 20:51:51,018 - Agent - INFO - [37mVal Epoch 23 step 23 with [31mce_loss_combined : 1.037713 [31mtotal : 1.037713 [94mAcc_combined: 75.49 [94mAcc_c: 49.71 [94mAcc_g: 63.64 [95mCEU_cue_audio: 0.6400 [95mCEU_cue_video: 0.8297 [95mCEU_synergy: 0.2519 [95mCEU_coexistence: 0.9637 
2025-11-08 20:55:34,041 - Agent - INFO - [37mVal Epoch 24 step 24 with [31mce_loss_combined : 1.018614 [31mtotal : 1.018614 [94mAcc_combined: 74.91 [94mAcc_c: 52.93 [94mAcc_g: 60.41 [95mCEU_cue_audio: 0.6244 [95mCEU_cue_video: 0.8340 [95mCEU_synergy: 0.2599 [95mCEU_coexistence: 0.9515 
2025-11-08 20:59:19,807 - Agent - INFO - [37mVal Epoch 25 step 25 with [31mce_loss_combined : 1.016637 [31mtotal : 1.016637 [94mAcc_combined: 75.26 [94mAcc_c: 49.94 [94mAcc_g: 62.83 [95mCEU_cue_audio: 0.6615 [95mCEU_cue_video: 0.8387 [95mCEU_synergy: 0.2127 [95mCEU_coexistence: 0.9544 
2025-11-08 21:03:14,891 - Agent - INFO - [37mVal Epoch 26 step 26 with [31mce_loss_combined : 1.066387 [31mtotal : 1.066387 [94mAcc_combined: 74.80 [94mAcc_c: 49.02 [94mAcc_g: 60.87 [95mCEU_cue_audio: 0.6455 [95mCEU_cue_video: 0.8476 [95mCEU_synergy: 0.1813 [95mCEU_coexistence: 0.9576 
2025-11-08 21:06:59,792 - Agent - INFO - [37mVal Epoch 27 step 27 with [31mce_loss_combined : 1.043458 [31mtotal : 1.043458 [94mAcc_combined: 74.34 [94mAcc_c: 49.94 [94mAcc_g: 61.80 [95mCEU_cue_audio: 0.6294 [95mCEU_cue_video: 0.8476 [95mCEU_synergy: 0.2127 [95mCEU_coexistence: 0.9423 
2025-11-08 21:10:46,308 - Agent - INFO - [37mVal Epoch 28 step 28 with [31mce_loss_combined : 1.196746 [31mtotal : 1.196746 [94mAcc_combined: 73.65 [94mAcc_c: 48.22 [94mAcc_g: 60.87 [95mCEU_cue_audio: 0.6032 [95mCEU_cue_video: 0.8387 [95mCEU_synergy: 0.1889 [95mCEU_coexistence: 0.9544 
2025-11-08 21:14:32,180 - Agent - INFO - [37mVal Epoch 29 step 29 with [31mce_loss_combined : 1.048147 [31mtotal : 1.048147 [94mAcc_combined: 74.22 [94mAcc_c: 51.55 [94mAcc_g: 60.99 [95mCEU_cue_audio: 0.6294 [95mCEU_cue_video: 0.8340 [95mCEU_synergy: 0.1970 [95mCEU_coexistence: 0.9544 
2025-11-08 21:18:14,101 - Agent - INFO - [37mVal Epoch 30 step 30 with [31mce_loss_combined : 1.060270 [31mtotal : 1.060270 [94mAcc_combined: 74.57 [94mAcc_c: 50.40 [94mAcc_g: 61.10 [95mCEU_cue_audio: 0.6615 [95mCEU_cue_video: 0.8207 [95mCEU_synergy: 0.2204 [95mCEU_coexistence: 0.9455 
2025-11-08 21:22:10,304 - Agent - INFO - [37mVal Epoch 31 step 31 with [31mce_loss_combined : 1.121616 [31mtotal : 1.121616 [94mAcc_combined: 73.99 [94mAcc_c: 50.75 [94mAcc_g: 59.49 [95mCEU_cue_audio: 0.6349 [95mCEU_cue_video: 0.8340 [95mCEU_synergy: 0.1889 [95mCEU_coexistence: 0.9484 
2025-11-08 21:26:03,483 - Agent - INFO - [37mVal Epoch 32 step 32 with [31mce_loss_combined : 1.182634 [31mtotal : 1.182634 [94mAcc_combined: 74.34 [94mAcc_c: 49.02 [94mAcc_g: 61.91 [95mCEU_cue_audio: 0.6509 [95mCEU_cue_video: 0.8340 [95mCEU_synergy: 0.1732 [95mCEU_coexistence: 0.9544 
2025-11-08 21:29:46,936 - Agent - INFO - [37mVal Epoch 33 step 33 with [31mce_loss_combined : 1.335696 [31mtotal : 1.335696 [94mAcc_combined: 70.66 [94mAcc_c: 43.73 [94mAcc_g: 61.45 [95mCEU_cue_audio: 0.5926 [95mCEU_cue_video: 0.7580 [95mCEU_synergy: 0.1970 [95mCEU_coexistence: 0.9334 
2025-11-08 21:29:47,731 - Agent - INFO - We are in the final state.
2025-11-08 21:29:47,968 - root - INFO - Loaded best model from /esat/smcdata/users/kkontras/Image_Dataset/no_backup/data/2025_data/synergy/Synprom_IB_fold2_l1_contrcoeff1_perturbgennoise_lr0.0001_wd0.0001_clsmlp_pre.pth.tar
2025-11-08 21:30:02,951 - Agent - INFO - [37mVal Epoch 33 step 0 with [31mce_loss_combined : 0.892602 [31mtotal : 0.892602 [94mAcc_combined: 77.33 [94mAcc_c: 51.44 [94mAcc_g: 62.95 [95mCEU_cue_audio: 0.6720 [95mCEU_cue_video: 0.8835 [95mCEU_synergy: 0.2047 [95mCEU_coexistence: 0.9758 
2025-11-08 21:30:18,086 - Agent - INFO - [37mTest Epoch 33 step 0 with [31mce_loss_combined : 1.172739 [31mtotal : 1.172739 [94mAcc_combined: 66.27 [94mAcc_c: 52.57 [94mAcc_g: 53.00 
2025-11-08 21:30:19,507 - Agent - INFO - [37mModels has saved successfully in /esat/smcdata/users/kkontras/Image_Dataset/no_backup/data/2025_data/synergy/Synprom_IB_fold2_l1_contrcoeff1_perturbgennoise_lr0.0001_wd0.0001_clsmlp_pre.pth.tar
Job finished
