000 (014.011.000) 2025-11-08 14:33:03 Job submitted from host: <10.87.28.209:9618?addrs=10.87.28.209-9618&alias=krakas.esat.kuleuven.be&noUDP&sock=schedd_1611_9729>
...
001 (014.011.000) 2025-11-08 17:17:16 Job executing on host: <10.87.28.117:9618?addrs=10.87.28.117-9618&alias=stadius-nc-4.esat.kuleuven.be&noUDP&sock=startd_3335_1c6f>
	SlotName: slot1_2@stadius-nc-4.esat.kuleuven.be
	AvailableGPUs = { GPUs_GPU_8c3c8db2 }
	CondorScratchDir = "/volume1/condor/execute/dir_1306824"
	Cpus = 8
	Disk = 1050150
	GPUs = 1
	GPUs_GPU_8c3c8db2 = [ Id = "GPU-8c3c8db2"; ClockMhz = 1545.0; Capability = 7.5; CoresPerCU = 64; DeviceName = "NVIDIA GeForce RTX 2080 Ti"; DeviceUuid = "8c3c8db2-06a6-9e0e-a6ee-a948fb2f7f27"; ECCEnabled = false; ComputeUnits = 68; NvidiaDriver = "570.153.02"; DriverVersion = 12.8; DevicePciBusId = "0000:5B:00.0"; GlobalMemoryMb = 10823; MaxSupportedVersion = 12080 ]
	Memory = 71680
...
006 (014.011.000) 2025-11-08 17:17:24 Image size of job updated: 489840
	479  -  MemoryUsage of job (MB)
	489840  -  ResidentSetSize of job (KB)
...
006 (014.011.000) 2025-11-08 17:22:24 Image size of job updated: 1629532
	1489  -  MemoryUsage of job (MB)
	1524232  -  ResidentSetSize of job (KB)
...
006 (014.011.000) 2025-11-08 17:27:25 Image size of job updated: 1646604
	1499  -  MemoryUsage of job (MB)
	1534116  -  ResidentSetSize of job (KB)
...
006 (014.011.000) 2025-11-08 17:32:25 Image size of job updated: 1663388
	1570  -  MemoryUsage of job (MB)
	1607016  -  ResidentSetSize of job (KB)
...
006 (014.011.000) 2025-11-08 17:37:26 Image size of job updated: 1679596
	1586  -  MemoryUsage of job (MB)
	1623472  -  ResidentSetSize of job (KB)
...
006 (014.011.000) 2025-11-08 17:42:27 Image size of job updated: 1700520
	1586  -  MemoryUsage of job (MB)
	1623472  -  ResidentSetSize of job (KB)
...
006 (014.011.000) 2025-11-08 17:47:27 Image size of job updated: 1712968
	1586  -  MemoryUsage of job (MB)
	1623472  -  ResidentSetSize of job (KB)
...
006 (014.011.000) 2025-11-08 17:52:28 Image size of job updated: 1718392
	1623  -  MemoryUsage of job (MB)
	1661832  -  ResidentSetSize of job (KB)
...
006 (014.011.000) 2025-11-08 17:57:28 Image size of job updated: 1725856
	1623  -  MemoryUsage of job (MB)
	1661832  -  ResidentSetSize of job (KB)
...
006 (014.011.000) 2025-11-08 18:02:28 Image size of job updated: 1725856
	1628  -  MemoryUsage of job (MB)
	1666312  -  ResidentSetSize of job (KB)
...
006 (014.011.000) 2025-11-08 18:07:29 Image size of job updated: 1725856
	1684  -  MemoryUsage of job (MB)
	1724100  -  ResidentSetSize of job (KB)
...
006 (014.011.000) 2025-11-08 18:12:29 Image size of job updated: 1743724
	1684  -  MemoryUsage of job (MB)
	1724100  -  ResidentSetSize of job (KB)
...
006 (014.011.000) 2025-11-08 19:24:35 Image size of job updated: 2127536
	1684  -  MemoryUsage of job (MB)
	1724100  -  ResidentSetSize of job (KB)
...
005 (014.011.000) 2025-11-08 19:24:35 Job terminated.
	(1) Normal termination (return value 0)
		Usr 0 06:25:20, Sys 0 00:46:52  -  Run Remote Usage
		Usr 0 00:00:00, Sys 0 00:00:00  -  Run Local Usage
		Usr 0 06:25:20, Sys 0 00:46:52  -  Total Remote Usage
		Usr 0 00:00:00, Sys 0 00:00:00  -  Total Local Usage
	0  -  Run Bytes Sent By Job
	0  -  Run Bytes Received By Job
	0  -  Total Bytes Sent By Job
	0  -  Total Bytes Received By Job
	Partitionable Resources :    Usage  Request Allocated Assigned
	   Cpus                 :     6.07        8         8 
	   Disk (KB)            :     2     1048576   1050150 
	   GPUs                 :     0.62        1         1 "GPU-8c3c8db2"
	   GpusMemory (MB)      :  9266                       
	   Memory (MB)          :  1684       71680     71680 
	   TimeExecute (s)      :  7639                       
	   TimeSlotBusy (s)     :  7639                       
...
