000 (014.001.000) 2025-11-08 14:33:03 Job submitted from host: <10.87.28.209:9618?addrs=10.87.28.209-9618&alias=krakas.esat.kuleuven.be&noUDP&sock=schedd_1611_9729>
...
001 (014.001.000) 2025-11-08 14:33:10 Job executing on host: <10.87.28.117:9618?addrs=10.87.28.117-9618&alias=stadius-nc-4.esat.kuleuven.be&noUDP&sock=startd_3335_1c6f>
	SlotName: slot1_1@stadius-nc-4.esat.kuleuven.be
	AvailableGPUs = { GPUs_GPU_1236270c }
	CondorScratchDir = "/volume1/condor/execute/dir_1301229"
	Cpus = 8
	Disk = 1050150
	GPUs = 1
	GPUs_GPU_1236270c = [ Id = "GPU-1236270c"; ClockMhz = 1545.0; Capability = 7.5; CoresPerCU = 64; DeviceName = "NVIDIA GeForce RTX 2080 Ti"; DeviceUuid = "1236270c-ad23-648a-e65a-80b2ab2cf0c3"; ECCEnabled = false; ComputeUnits = 68; NvidiaDriver = "570.153.02"; DriverVersion = 12.8; DevicePciBusId = "0000:25:00.0"; GlobalMemoryMb = 10823; MaxSupportedVersion = 12080 ]
	Memory = 71680
...
006 (014.001.000) 2025-11-08 14:33:18 Image size of job updated: 340800
	333  -  MemoryUsage of job (MB)
	340800  -  ResidentSetSize of job (KB)
...
006 (014.001.000) 2025-11-08 14:38:18 Image size of job updated: 1601468
	1410  -  MemoryUsage of job (MB)
	1443464  -  ResidentSetSize of job (KB)
...
006 (014.001.000) 2025-11-08 14:43:19 Image size of job updated: 1626912
	1481  -  MemoryUsage of job (MB)
	1516444  -  ResidentSetSize of job (KB)
...
006 (014.001.000) 2025-11-08 14:48:19 Image size of job updated: 1651220
	1580  -  MemoryUsage of job (MB)
	1617752  -  ResidentSetSize of job (KB)
...
006 (014.001.000) 2025-11-08 14:53:19 Image size of job updated: 1708144
	1609  -  MemoryUsage of job (MB)
	1647264  -  ResidentSetSize of job (KB)
...
006 (014.001.000) 2025-11-08 14:58:20 Image size of job updated: 1747868
	1609  -  MemoryUsage of job (MB)
	1647264  -  ResidentSetSize of job (KB)
...
006 (014.001.000) 2025-11-08 15:08:20 Image size of job updated: 1747868
	1611  -  MemoryUsage of job (MB)
	1648992  -  ResidentSetSize of job (KB)
...
006 (014.001.000) 2025-11-08 15:13:21 Image size of job updated: 1754568
	1611  -  MemoryUsage of job (MB)
	1648992  -  ResidentSetSize of job (KB)
...
006 (014.001.000) 2025-11-08 15:23:22 Image size of job updated: 1767244
	1623  -  MemoryUsage of job (MB)
	1661400  -  ResidentSetSize of job (KB)
...
006 (014.001.000) 2025-11-08 15:28:23 Image size of job updated: 1767244
	1627  -  MemoryUsage of job (MB)
	1665216  -  ResidentSetSize of job (KB)
...
006 (014.001.000) 2025-11-08 15:38:24 Image size of job updated: 1767244
	1628  -  MemoryUsage of job (MB)
	1666812  -  ResidentSetSize of job (KB)
...
006 (014.001.000) 2025-11-08 15:50:05 Image size of job updated: 2117020
	1628  -  MemoryUsage of job (MB)
	1666812  -  ResidentSetSize of job (KB)
...
005 (014.001.000) 2025-11-08 15:50:05 Job terminated.
	(1) Normal termination (return value 0)
		Usr 0 03:47:38, Sys 0 00:27:04  -  Run Remote Usage
		Usr 0 00:00:00, Sys 0 00:00:00  -  Run Local Usage
		Usr 0 03:47:38, Sys 0 00:27:04  -  Total Remote Usage
		Usr 0 00:00:00, Sys 0 00:00:00  -  Total Local Usage
	0  -  Run Bytes Sent By Job
	0  -  Run Bytes Received By Job
	0  -  Total Bytes Sent By Job
	0  -  Total Bytes Received By Job
	Partitionable Resources :    Usage  Request Allocated Assigned
	   Cpus                 :     6.09        8         8 
	   Disk (KB)            :     2     1048576   1050150 
	   GPUs                 :     0.62        1         1 "GPU-1236270c"
	   GpusMemory (MB)      :  9266                       
	   Memory (MB)          :  1628       71680     71680 
	   TimeExecute (s)      :  4615                       
	   TimeSlotBusy (s)     :  4615                       
...
