Starting Job
/esat/smcdata/users/kkontras/Image_Dataset/no_backup/git/Synergy/train.py
/esat/smcdata/users/kkontras/Image_Dataset/no_backup/envs/balance_env/bin/python
Python 3.9.18
/esat/smcdata/users/kkontras/Image_Dataset/no_backup/git/Synergy
We have 1 GPU
/esat/smcdata/users/kkontras/Image_Dataset/no_backup/git/Synergy/train.py
config-./configs/CREMA_D/synergy/nov/synprom_ib.json
Executing command: accelerate launch /esat/smcdata/users/kkontras/Image_Dataset/no_backup/git/Synergy/train.py --config ./configs/CREMA_D/synergy/nov/synprom_ib.json --default_config ./configs/CREMA_D/default_config_cremad_res_syn.json --fold 1 --pre  --l 5 --contrcoeff 1 --lr 0.0001 --wd 0.0001 --cls mlp --perturb gennoise
Namespace(config='./configs/CREMA_D/synergy/nov/synprom_ib.json', default_config='./configs/CREMA_D/default_config_cremad_res_syn.json', fold='1', alpha=None, tanh_mode=None, tanh_mode_beta=None, regby=None, clip=None, batch_size=None, l='5', multil=None, l_diffsq=None, lib=None, ratio_us=None, ratio_snr=None, kmepoch=None, num_samples=None, pow=None, nstep=None, contrcoeff='1', kde_coeff=None, etube=None, temperature=None, contr_type=None, shuffle_type=None, validate_with=None, transform_type=None, trasform_before=None, num_classes=None, base_alpha=None, alpha_var=None, base_beta=None, beta_var=None, optim_method=None, ilr_c=None, ilr_g=None, mmcosine_scaling=None, ending_epoch=None, load_ongoing=None, commonlayers=None, recon_weight1=None, recon_weight2=None, recon_epochstages=None, recon_ensemblestages=None, lr='0.0001', wd='0.0001', mm=None, cls='mlp', perturb='gennoise', pre=True, frozen=False, tdqm_disable=False, start_over=False)
2025-11-08 19:45:59,560 - Config - INFO - ./configs/CREMA_D/synergy/nov/synprom_ib.json
2025-11-08 19:45:59,564 - Config - INFO -  THE Configuration of your experiment ..
{'agent': 'Agent',
 'dataset': {'data_roots': '/esat/smcdata/users/kkontras/Image_Dataset/no_backup/CremaD/CREMA-D',
             'data_split': {'fold': 0, 'method': 'non_inclusive'},
             'dataloader_class': 'CramedD_Dataloader',
             'fps': 1,
             'norm': False,
             'norm_face_path': './mydatasets/CREMAD/norm_face_path_fold{}.pkl',
             'norm_wav_path': './mydatasets/CREMAD/wav_norm_16000_fold{}.pkl',
             'num_frame': 3,
             'return_data': {'audio': False,
                             'face': False,
                             'spectrogram': True,
                             'video': True},
             'sampling_rate': 22050},
 'early_stopping': {'end_of_epoch_check': True,
                    'log_interval': 10,
                    'max_epoch': 1500,
                    'n_steps_stop': 20,
                    'n_steps_stop_after': 0,
                    'save_every_step': 3000,
                    'save_every_valstep': 10,
                    'validate_after': 0,
                    'validate_every': 25,
                    'validate_with': 'accuracy'},
 'exp_name': 'CREMAD Experiment',
 'model': {'args': {'bias_infusion': {'ending_epoch': 1500,
                                      'l': 0.1,
                                      'method': 'false',
                                      'plot': False,
                                      'starting_epoch': 0,
                                      'use': True},
                    'clip_grad': False,
                    'cls_type': 'linear',
                    'd_model': 512,
                    'dropout': 0.1,
                    'fc_inner': 64,
                    'multi_loss': {'multi_supervised_w': {'c': 0,
                                                          'combined': 1,
                                                          'g': 0}},
                    'num_classes': 6},
           'encoders': [{'args': {'d_model': 512,
                                  'dropout': 0.1,
                                  'fc_inner': 64,
                                  'freeze_encoder': False,
                                  'num_classes': 6},
                         'model': 'Audio_ResNet',
                         'pretrainedEncoder': {'dir': 'unimodal_audio_fold{}_lr0.001_wd0.0001.pth.tar',
                                               'use': False}},
                        {'args': {'d_model': 512,
                                  'dropout': 0.1,
                                  'fc_inner': 64,
                                  'freeze_encoder': False,
                                  'num_classes': 6},
                         'model': 'Video_ResNet',
                         'pretrainedEncoder': {'dir': 'unimodal_video_fold{}_lr0.001_wd0.0001.pth.tar',
                                               'use': False}}],
           'load_ongoing': False,
           'model_class': 'Fusion_Synprom_IB',
           'save_base_dir': '/esat/smcdata/users/kkontras/Image_Dataset/no_backup/data/2025_data/synergy',
           'save_dir': 'Synprom_IB_{}.pth.tar'},
 'optimizer': {'beta1': 0.9,
               'beta2': 0.999,
               'learning_rate': 1e-05,
               'momentum': 0.9,
               'type': 'Adam',
               'weight_decay': 1e-05},
 'scheduler': {'max_lr': 0.03, 'type': 'cosanneal', 'warm_up_steps': 780},
 'training_params': {'adversarial_training': {'adv_epsilon': 0.01,
                                              'use': False},
                     'async_loading': True,
                     'batch_size': 32,
                     'cuda': True,
                     'data_loader_workers': 8,
                     'gpu_device': [0],
                     'pin_memory': False,
                     'rec_test': True,
                     'res': True,
                     'seed': 109,
                     'tdqm_disable': False,
                     'test_batch_size': 32,
                     'test_on_bottoms': False,
                     'use_test_set': True,
                     'validation': True,
                     'verbose': True,
                     'wandb_disable': False}}
2025-11-08 19:45:59,565 - Config - INFO -  *************************************** 
2025-11-08 19:45:59,565 - Config - INFO - The experiment name is CREMAD Experiment
2025-11-08 19:45:59,565 - Config - INFO -  *************************************** 
2025-11-08 19:45:59,565 - root - INFO - save_dir: Synprom_IB_fold1_l5_contrcoeff1_perturbgennoise_lr0.0001_wd0.0001_clsmlp_pre.pth.tar
2025-11-08 19:45:59,685 - Cuda Statistics - INFO - __Python VERSION:  3.9.18 (main, Sep 11 2023, 13:41:44) 
[GCC 11.2.0]
2025-11-08 19:45:59,686 - Cuda Statistics - INFO - __pyTorch VERSION:  2.0.1+cu118
2025-11-08 19:45:59,686 - Cuda Statistics - INFO - __CUDA VERSION
2025-11-08 19:45:59,688 - Cuda Statistics - INFO - __CUDNN VERSION:  8700
2025-11-08 19:45:59,702 - Cuda Statistics - INFO - __Number CUDA Devices:  1
2025-11-08 19:45:59,702 - Cuda Statistics - INFO - __Devices
2025-11-08 19:45:59,702 - Cuda Statistics - INFO - index, name, driver_version, memory.total [MiB], memory.used [MiB], memory.free [MiB]
2025-11-08 19:45:59,702 - Cuda Statistics - INFO - 0, NVIDIA GeForce RTX 2080 Ti, 570.153.02, 11264 MiB, 3 MiB, 10821 MiB
2025-11-08 19:45:59,709 - Cuda Statistics - INFO - Active CUDA Device: GPU 0
2025-11-08 19:45:59,709 - Cuda Statistics - INFO - Available devices  1
2025-11-08 19:45:59,709 - Cuda Statistics - INFO - Current cuda device  0
This path does not exist /esat/smcdata/users/kkontras/Image_Dataset/no_backup/CremaD/CREMA-D/AudioWAV/1076_MTI_SAD_XX.wav or /esat/smcdata/users/kkontras/Image_Dataset/no_backup/CremaD/CREMA-D/Image-01-FPS/1076_MTI_SAD_XX or /esat/smcdata/users/kkontras/Image_Dataset/no_backup/CremaD/CREMA-D/Face_features/1076_MTI_SAD_XX.npy
2025-11-08 19:46:01,509 - root - INFO - Loaded wav norm from ./mydatasets/CREMAD/wav_norm_16000_fold1.pkl
2025-11-08 19:46:01,514 - root - INFO - Norm values are {'mean': tensor(-2.6751e-05), 'std': tensor(0.0610), 'max_duration': 5.005}
2025-11-08 19:46:01,876 - root - INFO - Loaded wav norm from ./mydatasets/CREMAD/wav_norm_16000_fold1.pkl
2025-11-08 19:46:01,876 - root - INFO - Norm values are {'mean': tensor(-2.6751e-05), 'std': tensor(0.0610), 'max_duration': 5.005}
2025-11-08 19:46:02,321 - root - INFO - Loaded wav norm from ./mydatasets/CREMAD/wav_norm_16000_fold1.pkl
2025-11-08 19:46:02,322 - root - INFO - Norm values are {'mean': tensor(-2.6751e-05), 'std': tensor(0.0610), 'max_duration': 5.005}
Available cores 8
We are changing dataloader workers to num of cores 0
2025-11-08 19:46:02,324 - Agent - INFO - Device: cuda:0
2025-11-08 19:46:02,324 - Agent - INFO - Total training batches: 126, validate every 25 batches, steps per epoch: 6
2025-11-08 19:46:06,130 - Agent - INFO - Loss Weights are {'total': 1, 'combined': 1, 'c': 0, 'g': 0}
2025-11-08 19:46:06,574 - root - INFO - Loading enc best model state dict from /esat/smcdata/users/kkontras/Image_Dataset/no_backup/data/2025_data/synergy/unimodal_audio_fold1_lr0.001_wd0.0001.pth.tar
Replacing module
2025-11-08 19:46:06,899 - root - INFO - Loading enc best model state dict from /esat/smcdata/users/kkontras/Image_Dataset/no_backup/data/2025_data/synergy/unimodal_video_fold1_lr0.001_wd0.0001.pth.tar
Replacing module
2025-11-08 19:46:06,945 - Agent - INFO - Total number of trainable parameters are: 23483032
2025-11-08 19:46:06,952 - Agent - INFO - Total number of trainable parameters are: 23483032
2025-11-08 19:49:53,410 - Agent - INFO - [37mVal Epoch 1 step 1 with [31mce_loss_combined : 1.335746 [31mtotal : 1.335746 [94mAcc_combined: 70.37 [94mAcc_c: 56.64 [94mAcc_g: 53.12 [95mCEU_cue_audio: 0.6554 [95mCEU_cue_video: 0.7159 [95mCEU_synergy: 0.2072 [95mCEU_coexistence: 0.9620 
2025-11-08 19:49:53,425 - Agent - INFO - [37mTest Epoch 1 step 1 with [31mce_loss_combined : 1.304922 [31mtotal : 1.304922 [94mAcc_combined: 69.51 [94mAcc_c: 52.79 [94mAcc_g: 60.66 
2025-11-08 19:49:54,475 - Agent - INFO - [37mModels has saved successfully in /esat/smcdata/users/kkontras/Image_Dataset/no_backup/data/2025_data/synergy/Synprom_IB_fold1_l5_contrcoeff1_perturbgennoise_lr0.0001_wd0.0001_clsmlp_pre.pth.tar
2025-11-08 19:53:40,082 - Agent - INFO - [37mVal Epoch 2 step 2 with [31mce_loss_combined : 1.057417 [31mtotal : 1.057417 [94mAcc_combined: 64.25 [94mAcc_c: 53.80 [94mAcc_g: 51.76 [95mCEU_cue_audio: 0.4034 [95mCEU_cue_video: 0.8142 [95mCEU_synergy: 0.2345 [95mCEU_coexistence: 0.9111 
2025-11-08 19:57:27,396 - Agent - INFO - [37mVal Epoch 3 step 3 with [31mce_loss_combined : 1.070438 [31mtotal : 1.070438 [94mAcc_combined: 61.41 [94mAcc_c: 51.87 [94mAcc_g: 52.67 [95mCEU_cue_audio: 0.3277 [95mCEU_cue_video: 0.7978 [95mCEU_synergy: 0.1860 [95mCEU_coexistence: 0.9206 
2025-11-08 20:01:11,242 - Agent - INFO - [37mVal Epoch 4 step 4 with [31mce_loss_combined : 1.168435 [31mtotal : 1.168435 [94mAcc_combined: 58.57 [94mAcc_c: 52.10 [94mAcc_g: 53.35 [95mCEU_cue_audio: 0.2480 [95mCEU_cue_video: 0.8089 [95mCEU_synergy: 0.1519 [95mCEU_coexistence: 0.9111 
2025-11-08 20:04:54,884 - Agent - INFO - [37mVal Epoch 5 step 5 with [31mce_loss_combined : 1.171260 [31mtotal : 1.171260 [94mAcc_combined: 60.16 [94mAcc_c: 58.23 [94mAcc_g: 52.89 [95mCEU_cue_audio: 0.2814 [95mCEU_cue_video: 0.8359 [95mCEU_synergy: 0.1379 [95mCEU_coexistence: 0.9206 
2025-11-08 20:08:41,484 - Agent - INFO - [37mVal Epoch 6 step 6 with [31mce_loss_combined : 1.331710 [31mtotal : 1.331710 [94mAcc_combined: 58.23 [94mAcc_c: 53.69 [94mAcc_g: 52.78 [95mCEU_cue_audio: 0.2647 [95mCEU_cue_video: 0.7925 [95mCEU_synergy: 0.1999 [95mCEU_coexistence: 0.8761 
2025-11-08 20:12:21,888 - Agent - INFO - [37mVal Epoch 7 step 7 with [31mce_loss_combined : 1.242560 [31mtotal : 1.242560 [94mAcc_combined: 60.27 [94mAcc_c: 51.87 [94mAcc_g: 51.87 [95mCEU_cue_audio: 0.3068 [95mCEU_cue_video: 0.8142 [95mCEU_synergy: 0.1792 [95mCEU_coexistence: 0.8985 
2025-11-08 20:16:04,494 - Agent - INFO - [37mVal Epoch 8 step 8 with [31mce_loss_combined : 1.141690 [31mtotal : 1.141690 [94mAcc_combined: 64.36 [94mAcc_c: 54.26 [94mAcc_g: 53.80 [95mCEU_cue_audio: 0.3823 [95mCEU_cue_video: 0.8359 [95mCEU_synergy: 0.1932 [95mCEU_coexistence: 0.9365 
2025-11-08 20:19:45,773 - Agent - INFO - [37mVal Epoch 9 step 9 with [31mce_loss_combined : 1.113237 [31mtotal : 1.113237 [94mAcc_combined: 63.11 [94mAcc_c: 56.19 [94mAcc_g: 54.03 [95mCEU_cue_audio: 0.3571 [95mCEU_cue_video: 0.8252 [95mCEU_synergy: 0.1586 [95mCEU_coexistence: 0.9429 
2025-11-08 20:23:24,848 - Agent - INFO - [37mVal Epoch 10 step 10 with [31mce_loss_combined : 1.181125 [31mtotal : 1.181125 [94mAcc_combined: 63.34 [94mAcc_c: 55.39 [94mAcc_g: 52.10 [95mCEU_cue_audio: 0.3402 [95mCEU_cue_video: 0.8359 [95mCEU_synergy: 0.1792 [95mCEU_coexistence: 0.9460 
2025-11-08 20:27:08,062 - Agent - INFO - [37mVal Epoch 11 step 11 with [31mce_loss_combined : 1.304494 [31mtotal : 1.304494 [94mAcc_combined: 61.18 [94mAcc_c: 53.46 [94mAcc_g: 52.10 [95mCEU_cue_audio: 0.3236 [95mCEU_cue_video: 0.8142 [95mCEU_synergy: 0.1999 [95mCEU_coexistence: 0.9016 
2025-11-08 20:30:51,668 - Agent - INFO - [37mVal Epoch 12 step 12 with [31mce_loss_combined : 1.157802 [31mtotal : 1.157802 [94mAcc_combined: 63.45 [94mAcc_c: 51.31 [94mAcc_g: 54.94 [95mCEU_cue_audio: 0.3697 [95mCEU_cue_video: 0.8089 [95mCEU_synergy: 0.1792 [95mCEU_coexistence: 0.9429 
2025-11-08 20:34:33,614 - Agent - INFO - [37mVal Epoch 13 step 13 with [31mce_loss_combined : 1.161444 [31mtotal : 1.161444 [94mAcc_combined: 63.79 [94mAcc_c: 57.32 [94mAcc_g: 54.03 [95mCEU_cue_audio: 0.3613 [95mCEU_cue_video: 0.8195 [95mCEU_synergy: 0.2139 [95mCEU_coexistence: 0.9365 
2025-11-08 20:38:20,196 - Agent - INFO - [37mVal Epoch 14 step 14 with [31mce_loss_combined : 1.207255 [31mtotal : 1.207255 [94mAcc_combined: 62.09 [94mAcc_c: 52.55 [94mAcc_g: 53.12 [95mCEU_cue_audio: 0.3277 [95mCEU_cue_video: 0.8142 [95mCEU_synergy: 0.1792 [95mCEU_coexistence: 0.9334 
2025-11-08 20:42:00,155 - Agent - INFO - [37mVal Epoch 15 step 15 with [31mce_loss_combined : 1.113897 [31mtotal : 1.113897 [94mAcc_combined: 65.72 [94mAcc_c: 55.96 [94mAcc_g: 54.60 [95mCEU_cue_audio: 0.3657 [95mCEU_cue_video: 0.8580 [95mCEU_synergy: 0.2139 [95mCEU_coexistence: 0.9650 
2025-11-08 20:45:40,015 - Agent - INFO - [37mVal Epoch 16 step 16 with [31mce_loss_combined : 1.143797 [31mtotal : 1.143797 [94mAcc_combined: 64.70 [94mAcc_c: 55.28 [94mAcc_g: 53.92 [95mCEU_cue_audio: 0.3739 [95mCEU_cue_video: 0.8252 [95mCEU_synergy: 0.1999 [95mCEU_coexistence: 0.9555 
2025-11-08 20:49:19,030 - Agent - INFO - [37mVal Epoch 17 step 17 with [31mce_loss_combined : 1.243249 [31mtotal : 1.243249 [94mAcc_combined: 61.41 [94mAcc_c: 50.17 [94mAcc_g: 51.99 [95mCEU_cue_audio: 0.3236 [95mCEU_cue_video: 0.8089 [95mCEU_synergy: 0.1860 [95mCEU_coexistence: 0.9175 
2025-11-08 20:53:02,037 - Agent - INFO - [37mVal Epoch 18 step 18 with [31mce_loss_combined : 1.192653 [31mtotal : 1.192653 [94mAcc_combined: 61.52 [94mAcc_c: 54.94 [94mAcc_g: 52.44 [95mCEU_cue_audio: 0.3402 [95mCEU_cue_video: 0.7978 [95mCEU_synergy: 0.2205 [95mCEU_coexistence: 0.8985 
2025-11-08 20:56:44,157 - Agent - INFO - [37mVal Epoch 19 step 19 with [31mce_loss_combined : 1.134069 [31mtotal : 1.134069 [94mAcc_combined: 65.61 [94mAcc_c: 55.39 [94mAcc_g: 54.82 [95mCEU_cue_audio: 0.4034 [95mCEU_cue_video: 0.8416 [95mCEU_synergy: 0.1932 [95mCEU_coexistence: 0.9524 
2025-11-08 21:00:26,889 - Agent - INFO - [37mVal Epoch 20 step 20 with [31mce_loss_combined : 1.244854 [31mtotal : 1.244854 [94mAcc_combined: 64.02 [94mAcc_c: 54.94 [94mAcc_g: 52.78 [95mCEU_cue_audio: 0.3991 [95mCEU_cue_video: 0.7978 [95mCEU_synergy: 0.2139 [95mCEU_coexistence: 0.9270 
2025-11-08 21:00:28,997 - Agent - INFO - We are in the final state.
2025-11-08 21:00:29,239 - root - INFO - Loaded best model from /esat/smcdata/users/kkontras/Image_Dataset/no_backup/data/2025_data/synergy/Synprom_IB_fold1_l5_contrcoeff1_perturbgennoise_lr0.0001_wd0.0001_clsmlp_pre.pth.tar
2025-11-08 21:00:42,992 - Agent - INFO - [37mVal Epoch 20 step 0 with [31mce_loss_combined : 1.335746 [31mtotal : 1.335746 [94mAcc_combined: 70.37 [94mAcc_c: 56.64 [94mAcc_g: 53.12 [95mCEU_cue_audio: 0.6554 [95mCEU_cue_video: 0.7159 [95mCEU_synergy: 0.2072 [95mCEU_coexistence: 0.9620 
2025-11-08 21:00:57,799 - Agent - INFO - [37mTest Epoch 20 step 0 with [31mce_loss_combined : 1.304922 [31mtotal : 1.304922 [94mAcc_combined: 69.51 [94mAcc_c: 52.79 [94mAcc_g: 60.66 
2025-11-08 21:00:59,303 - Agent - INFO - [37mModels has saved successfully in /esat/smcdata/users/kkontras/Image_Dataset/no_backup/data/2025_data/synergy/Synprom_IB_fold1_l5_contrcoeff1_perturbgennoise_lr0.0001_wd0.0001_clsmlp_pre.pth.tar
Job finished
