000 (014.014.000) 2025-11-08 14:33:03 Job submitted from host: <10.87.28.209:9618?addrs=10.87.28.209-9618&alias=krakas.esat.kuleuven.be&noUDP&sock=schedd_1611_9729>
...
001 (014.014.000) 2025-11-08 19:24:41 Job executing on host: <10.87.28.117:9618?addrs=10.87.28.117-9618&alias=stadius-nc-4.esat.kuleuven.be&noUDP&sock=startd_3335_1c6f>
	SlotName: slot1_2@stadius-nc-4.esat.kuleuven.be
	AvailableGPUs = { GPUs_GPU_8c3c8db2 }
	CondorScratchDir = "/volume1/condor/execute/dir_1310727"
	Cpus = 8
	Disk = 1050150
	GPUs = 1
	GPUs_GPU_8c3c8db2 = [ Id = "GPU-8c3c8db2"; ClockMhz = 1545.0; Capability = 7.5; CoresPerCU = 64; DeviceName = "NVIDIA GeForce RTX 2080 Ti"; DeviceUuid = "8c3c8db2-06a6-9e0e-a6ee-a948fb2f7f27"; ECCEnabled = false; ComputeUnits = 68; NvidiaDriver = "570.153.02"; DriverVersion = 12.8; DevicePciBusId = "0000:5B:00.0"; GlobalMemoryMb = 10823; MaxSupportedVersion = 12080 ]
	Memory = 71680
...
006 (014.014.000) 2025-11-08 19:24:49 Image size of job updated: 359692
	352  -  MemoryUsage of job (MB)
	359692  -  ResidentSetSize of job (KB)
...
006 (014.014.000) 2025-11-08 19:29:49 Image size of job updated: 1586128
	1496  -  MemoryUsage of job (MB)
	1531588  -  ResidentSetSize of job (KB)
...
006 (014.014.000) 2025-11-08 19:34:49 Image size of job updated: 1592312
	1504  -  MemoryUsage of job (MB)
	1539180  -  ResidentSetSize of job (KB)
...
006 (014.014.000) 2025-11-08 19:39:50 Image size of job updated: 1593396
	1515  -  MemoryUsage of job (MB)
	1551336  -  ResidentSetSize of job (KB)
...
006 (014.014.000) 2025-11-08 19:44:50 Image size of job updated: 1612916
	1515  -  MemoryUsage of job (MB)
	1551336  -  ResidentSetSize of job (KB)
...
006 (014.014.000) 2025-11-08 19:49:51 Image size of job updated: 1644540
	1542  -  MemoryUsage of job (MB)
	1578760  -  ResidentSetSize of job (KB)
...
006 (014.014.000) 2025-11-08 19:59:52 Image size of job updated: 1699592
	1557  -  MemoryUsage of job (MB)
	1594024  -  ResidentSetSize of job (KB)
...
006 (014.014.000) 2025-11-08 20:09:53 Image size of job updated: 1699592
	1557  -  MemoryUsage of job (MB)
	1594132  -  ResidentSetSize of job (KB)
...
006 (014.014.000) 2025-11-08 20:14:53 Image size of job updated: 1699592
	1562  -  MemoryUsage of job (MB)
	1599384  -  ResidentSetSize of job (KB)
...
006 (014.014.000) 2025-11-08 20:34:56 Image size of job updated: 1699592
	1582  -  MemoryUsage of job (MB)
	1619216  -  ResidentSetSize of job (KB)
...
006 (014.014.000) 2025-11-08 20:44:57 Image size of job updated: 1743444
	1582  -  MemoryUsage of job (MB)
	1619216  -  ResidentSetSize of job (KB)
...
006 (014.014.000) 2025-11-08 21:04:58 Image size of job updated: 1743444
	1607  -  MemoryUsage of job (MB)
	1644568  -  ResidentSetSize of job (KB)
...
006 (014.014.000) 2025-11-08 21:09:59 Image size of job updated: 1743444
	1622  -  MemoryUsage of job (MB)
	1660588  -  ResidentSetSize of job (KB)
...
006 (014.014.000) 2025-11-08 21:30:27 Image size of job updated: 2106956
	1622  -  MemoryUsage of job (MB)
	1660588  -  ResidentSetSize of job (KB)
...
005 (014.014.000) 2025-11-08 21:30:27 Job terminated.
	(1) Normal termination (return value 0)
		Usr 0 06:14:11, Sys 0 00:47:38  -  Run Remote Usage
		Usr 0 00:00:00, Sys 0 00:00:00  -  Run Local Usage
		Usr 0 06:14:11, Sys 0 00:47:38  -  Total Remote Usage
		Usr 0 00:00:00, Sys 0 00:00:00  -  Total Local Usage
	0  -  Run Bytes Sent By Job
	0  -  Run Bytes Received By Job
	0  -  Total Bytes Sent By Job
	0  -  Total Bytes Received By Job
	Partitionable Resources :    Usage  Request Allocated Assigned
	   Cpus                 :     3.33        8         8 
	   Disk (KB)            :     2     1048576   1050150 
	   GPUs                 :     0.61        1         1 "GPU-8c3c8db2"
	   GpusMemory (MB)      :  9266                       
	   Memory (MB)          :  1622       71680     71680 
	   TimeExecute (s)      :  7546                       
	   TimeSlotBusy (s)     :  7547                       
...
