000 (014.010.000) 2025-11-08 14:33:03 Job submitted from host: <10.87.28.209:9618?addrs=10.87.28.209-9618&alias=krakas.esat.kuleuven.be&noUDP&sock=schedd_1611_9729>
...
001 (014.010.000) 2025-11-08 17:13:55 Job executing on host: <10.87.28.117:9618?addrs=10.87.28.117-9618&alias=stadius-nc-4.esat.kuleuven.be&noUDP&sock=startd_3335_1c6f>
	SlotName: slot1_1@stadius-nc-4.esat.kuleuven.be
	AvailableGPUs = { GPUs_GPU_1236270c }
	CondorScratchDir = "/volume1/condor/execute/dir_1306591"
	Cpus = 8
	Disk = 1050150
	GPUs = 1
	GPUs_GPU_1236270c = [ Id = "GPU-1236270c"; ClockMhz = 1545.0; Capability = 7.5; CoresPerCU = 64; DeviceName = "NVIDIA GeForce RTX 2080 Ti"; DeviceUuid = "1236270c-ad23-648a-e65a-80b2ab2cf0c3"; ECCEnabled = false; ComputeUnits = 68; NvidiaDriver = "570.153.02"; DriverVersion = 12.8; DevicePciBusId = "0000:25:00.0"; GlobalMemoryMb = 10823; MaxSupportedVersion = 12080 ]
	Memory = 71680
...
006 (014.010.000) 2025-11-08 17:14:04 Image size of job updated: 479296
	469  -  MemoryUsage of job (MB)
	479296  -  ResidentSetSize of job (KB)
...
006 (014.010.000) 2025-11-08 17:19:05 Image size of job updated: 1597588
	1509  -  MemoryUsage of job (MB)
	1544312  -  ResidentSetSize of job (KB)
...
006 (014.010.000) 2025-11-08 17:24:06 Image size of job updated: 1611572
	1509  -  MemoryUsage of job (MB)
	1544312  -  ResidentSetSize of job (KB)
...
006 (014.010.000) 2025-11-08 17:29:06 Image size of job updated: 1698332
	1659  -  MemoryUsage of job (MB)
	1698332  -  ResidentSetSize of job (KB)
...
006 (014.010.000) 2025-11-08 17:54:08 Image size of job updated: 1759136
	1659  -  MemoryUsage of job (MB)
	1698332  -  ResidentSetSize of job (KB)
...
006 (014.010.000) 2025-11-08 18:09:10 Image size of job updated: 1759136
	1671  -  MemoryUsage of job (MB)
	1710896  -  ResidentSetSize of job (KB)
...
006 (014.010.000) 2025-11-08 18:14:11 Image size of job updated: 1766668
	1671  -  MemoryUsage of job (MB)
	1710896  -  ResidentSetSize of job (KB)
...
006 (014.010.000) 2025-11-08 18:28:26 Image size of job updated: 2107584
	1671  -  MemoryUsage of job (MB)
	1710896  -  ResidentSetSize of job (KB)
...
005 (014.010.000) 2025-11-08 18:28:27 Job terminated.
	(1) Normal termination (return value 0)
		Usr 0 03:36:14, Sys 0 00:27:52  -  Run Remote Usage
		Usr 0 00:00:00, Sys 0 00:00:00  -  Run Local Usage
		Usr 0 03:36:14, Sys 0 00:27:52  -  Total Remote Usage
		Usr 0 00:00:00, Sys 0 00:00:00  -  Total Local Usage
	0  -  Run Bytes Sent By Job
	0  -  Run Bytes Received By Job
	0  -  Total Bytes Sent By Job
	0  -  Total Bytes Received By Job
	Partitionable Resources :    Usage  Request Allocated Assigned
	   Cpus                 :     2.82        8         8 
	   Disk (KB)            :     2     1048576   1050150 
	   GPUs                 :     0.11        1         1 "GPU-1236270c"
	   GpusMemory (MB)      :  9266                       
	   Memory (MB)          :  1671       71680     71680 
	   TimeExecute (s)      :  4471                       
	   TimeSlotBusy (s)     :  4471                       
...
