000 (014.019.000) 2025-11-08 14:33:03 Job submitted from host: <10.87.28.209:9618?addrs=10.87.28.209-9618&alias=krakas.esat.kuleuven.be&noUDP&sock=schedd_1611_9729>
...
001 (014.019.000) 2025-11-08 21:30:45 Job executing on host: <10.87.28.117:9618?addrs=10.87.28.117-9618&alias=stadius-nc-4.esat.kuleuven.be&noUDP&sock=startd_3335_1c6f>
	SlotName: slot1_2@stadius-nc-4.esat.kuleuven.be
	AvailableGPUs = { GPUs_GPU_8c3c8db2 }
	CondorScratchDir = "/volume1/condor/execute/dir_1314755"
	Cpus = 8
	Disk = 1050150
	GPUs = 1
	GPUs_GPU_8c3c8db2 = [ Id = "GPU-8c3c8db2"; ClockMhz = 1545.0; Capability = 7.5; CoresPerCU = 64; DeviceName = "NVIDIA GeForce RTX 2080 Ti"; DeviceUuid = "8c3c8db2-06a6-9e0e-a6ee-a948fb2f7f27"; ECCEnabled = false; ComputeUnits = 68; NvidiaDriver = "570.153.02"; DriverVersion = 12.8; DevicePciBusId = "0000:5B:00.0"; GlobalMemoryMb = 10823; MaxSupportedVersion = 12080 ]
	Memory = 71680
...
006 (014.019.000) 2025-11-08 21:30:53 Image size of job updated: 357800
	350  -  MemoryUsage of job (MB)
	357800  -  ResidentSetSize of job (KB)
...
006 (014.019.000) 2025-11-08 21:35:53 Image size of job updated: 1602048
	1456  -  MemoryUsage of job (MB)
	1490112  -  ResidentSetSize of job (KB)
...
006 (014.019.000) 2025-11-08 21:40:54 Image size of job updated: 1672292
	1484  -  MemoryUsage of job (MB)
	1519580  -  ResidentSetSize of job (KB)
...
006 (014.019.000) 2025-11-08 21:45:54 Image size of job updated: 1672292
	1582  -  MemoryUsage of job (MB)
	1619004  -  ResidentSetSize of job (KB)
...
006 (014.019.000) 2025-11-08 21:50:54 Image size of job updated: 1688772
	1582  -  MemoryUsage of job (MB)
	1619004  -  ResidentSetSize of job (KB)
...
006 (014.019.000) 2025-11-08 21:55:55 Image size of job updated: 1701232
	1582  -  MemoryUsage of job (MB)
	1619004  -  ResidentSetSize of job (KB)
...
006 (014.019.000) 2025-11-08 22:05:56 Image size of job updated: 1709888
	1616  -  MemoryUsage of job (MB)
	1653764  -  ResidentSetSize of job (KB)
...
006 (014.019.000) 2025-11-08 22:10:57 Image size of job updated: 1774356
	1616  -  MemoryUsage of job (MB)
	1653764  -  ResidentSetSize of job (KB)
...
006 (014.019.000) 2025-11-08 22:36:00 Image size of job updated: 1774356
	1664  -  MemoryUsage of job (MB)
	1703672  -  ResidentSetSize of job (KB)
...
006 (014.019.000) 2025-11-08 22:48:57 Image size of job updated: 2114680
	1664  -  MemoryUsage of job (MB)
	1703672  -  ResidentSetSize of job (KB)
...
005 (014.019.000) 2025-11-08 22:48:57 Job terminated.
	(1) Normal termination (return value 0)
		Usr 0 03:57:23, Sys 0 00:29:24  -  Run Remote Usage
		Usr 0 00:00:00, Sys 0 00:00:00  -  Run Local Usage
		Usr 0 03:57:23, Sys 0 00:29:24  -  Total Remote Usage
		Usr 0 00:00:00, Sys 0 00:00:00  -  Total Local Usage
	0  -  Run Bytes Sent By Job
	0  -  Run Bytes Received By Job
	0  -  Total Bytes Sent By Job
	0  -  Total Bytes Received By Job
	Partitionable Resources :    Usage  Request Allocated Assigned
	   Cpus                 :     4.99        8         8 
	   Disk (KB)            :     2     1048576   1050150 
	   GPUs                 :     0.62        1         1 "GPU-8c3c8db2"
	   GpusMemory (MB)      :  9266                       
	   Memory (MB)          :  1664       71680     71680 
	   TimeExecute (s)      :  4692                       
	   TimeSlotBusy (s)     :  4692                       
...
