000 (014.012.000) 2025-11-08 14:33:03 Job submitted from host: <10.87.28.209:9618?addrs=10.87.28.209-9618&alias=krakas.esat.kuleuven.be&noUDP&sock=schedd_1611_9729>
...
001 (014.012.000) 2025-11-08 18:28:42 Job executing on host: <10.87.28.117:9618?addrs=10.87.28.117-9618&alias=stadius-nc-4.esat.kuleuven.be&noUDP&sock=startd_3335_1c6f>
	SlotName: slot1_1@stadius-nc-4.esat.kuleuven.be
	AvailableGPUs = { GPUs_GPU_1236270c }
	CondorScratchDir = "/volume1/condor/execute/dir_1308929"
	Cpus = 8
	Disk = 1050150
	GPUs = 1
	GPUs_GPU_1236270c = [ Id = "GPU-1236270c"; ClockMhz = 1545.0; Capability = 7.5; CoresPerCU = 64; DeviceName = "NVIDIA GeForce RTX 2080 Ti"; DeviceUuid = "1236270c-ad23-648a-e65a-80b2ab2cf0c3"; ECCEnabled = false; ComputeUnits = 68; NvidiaDriver = "570.153.02"; DriverVersion = 12.8; DevicePciBusId = "0000:25:00.0"; GlobalMemoryMb = 10823; MaxSupportedVersion = 12080 ]
	Memory = 71680
...
006 (014.012.000) 2025-11-08 18:28:51 Image size of job updated: 492444
	481  -  MemoryUsage of job (MB)
	492444  -  ResidentSetSize of job (KB)
...
006 (014.012.000) 2025-11-08 18:33:52 Image size of job updated: 1577476
	1539  -  MemoryUsage of job (MB)
	1575884  -  ResidentSetSize of job (KB)
...
006 (014.012.000) 2025-11-08 18:38:53 Image size of job updated: 1634980
	1567  -  MemoryUsage of job (MB)
	1604560  -  ResidentSetSize of job (KB)
...
006 (014.012.000) 2025-11-08 18:48:54 Image size of job updated: 1634980
	1568  -  MemoryUsage of job (MB)
	1605568  -  ResidentSetSize of job (KB)
...
006 (014.012.000) 2025-11-08 18:53:54 Image size of job updated: 1634980
	1585  -  MemoryUsage of job (MB)
	1622696  -  ResidentSetSize of job (KB)
...
006 (014.012.000) 2025-11-08 18:58:54 Image size of job updated: 1642728
	1602  -  MemoryUsage of job (MB)
	1639460  -  ResidentSetSize of job (KB)
...
006 (014.012.000) 2025-11-08 19:03:55 Image size of job updated: 1652580
	1602  -  MemoryUsage of job (MB)
	1639972  -  ResidentSetSize of job (KB)
...
006 (014.012.000) 2025-11-08 19:13:56 Image size of job updated: 1657076
	1602  -  MemoryUsage of job (MB)
	1639972  -  ResidentSetSize of job (KB)
...
006 (014.012.000) 2025-11-08 19:18:57 Image size of job updated: 1657076
	1607  -  MemoryUsage of job (MB)
	1645200  -  ResidentSetSize of job (KB)
...
006 (014.012.000) 2025-11-08 19:23:57 Image size of job updated: 1690000
	1607  -  MemoryUsage of job (MB)
	1645200  -  ResidentSetSize of job (KB)
...
006 (014.012.000) 2025-11-08 19:38:58 Image size of job updated: 1690000
	1614  -  MemoryUsage of job (MB)
	1652388  -  ResidentSetSize of job (KB)
...
006 (014.012.000) 2025-11-08 19:45:16 Image size of job updated: 2103196
	1614  -  MemoryUsage of job (MB)
	1652388  -  ResidentSetSize of job (KB)
...
005 (014.012.000) 2025-11-08 19:45:16 Job terminated.
	(1) Normal termination (return value 0)
		Usr 0 03:48:49, Sys 0 00:26:51  -  Run Remote Usage
		Usr 0 00:00:00, Sys 0 00:00:00  -  Run Local Usage
		Usr 0 03:48:49, Sys 0 00:26:51  -  Total Remote Usage
		Usr 0 00:00:00, Sys 0 00:00:00  -  Total Local Usage
	0  -  Run Bytes Sent By Job
	0  -  Run Bytes Received By Job
	0  -  Total Bytes Sent By Job
	0  -  Total Bytes Received By Job
	Partitionable Resources :    Usage  Request Allocated Assigned
	   Cpus                 :     4.63        8         8 
	   Disk (KB)            :     2     1048576   1050150 
	   GPUs                 :     0.63        1         1 "GPU-1236270c"
	   GpusMemory (MB)      :  9266                       
	   Memory (MB)          :  1614       71680     71680 
	   TimeExecute (s)      :  4594                       
	   TimeSlotBusy (s)     :  4594                       
...
