Starting Job
/esat/smcdata/users/kkontras/Image_Dataset/no_backup/git/Synergy/train.py
/esat/smcdata/users/kkontras/Image_Dataset/no_backup/envs/balance_env/bin/python
Python 3.9.18
/esat/smcdata/users/kkontras/Image_Dataset/no_backup/git/Synergy
We have 1 GPU
/esat/smcdata/users/kkontras/Image_Dataset/no_backup/git/Synergy/train.py
config-./configs/CREMA_D/synergy/nov/synprom_ib.json
Executing command: accelerate launch /esat/smcdata/users/kkontras/Image_Dataset/no_backup/git/Synergy/train.py --config ./configs/CREMA_D/synergy/nov/synprom_ib.json --default_config ./configs/CREMA_D/default_config_cremad_res_syn.json --fold 2 --pre  --l 5 --contrcoeff 1 --lr 0.0001 --wd 0.0001 --cls mlp --perturb gennoise
Namespace(config='./configs/CREMA_D/synergy/nov/synprom_ib.json', default_config='./configs/CREMA_D/default_config_cremad_res_syn.json', fold='2', alpha=None, tanh_mode=None, tanh_mode_beta=None, regby=None, clip=None, batch_size=None, l='5', multil=None, l_diffsq=None, lib=None, ratio_us=None, ratio_snr=None, kmepoch=None, num_samples=None, pow=None, nstep=None, contrcoeff='1', kde_coeff=None, etube=None, temperature=None, contr_type=None, shuffle_type=None, validate_with=None, transform_type=None, trasform_before=None, num_classes=None, base_alpha=None, alpha_var=None, base_beta=None, beta_var=None, optim_method=None, ilr_c=None, ilr_g=None, mmcosine_scaling=None, ending_epoch=None, load_ongoing=None, commonlayers=None, recon_weight1=None, recon_weight2=None, recon_epochstages=None, recon_ensemblestages=None, lr='0.0001', wd='0.0001', mm=None, cls='mlp', perturb='gennoise', pre=True, frozen=False, tdqm_disable=False, start_over=False)
2025-11-08 21:02:01,026 - Config - INFO - ./configs/CREMA_D/synergy/nov/synprom_ib.json
2025-11-08 21:02:01,029 - Config - INFO -  THE Configuration of your experiment ..
{'agent': 'Agent',
 'dataset': {'data_roots': '/esat/smcdata/users/kkontras/Image_Dataset/no_backup/CremaD/CREMA-D',
             'data_split': {'fold': 0, 'method': 'non_inclusive'},
             'dataloader_class': 'CramedD_Dataloader',
             'fps': 1,
             'norm': False,
             'norm_face_path': './mydatasets/CREMAD/norm_face_path_fold{}.pkl',
             'norm_wav_path': './mydatasets/CREMAD/wav_norm_16000_fold{}.pkl',
             'num_frame': 3,
             'return_data': {'audio': False,
                             'face': False,
                             'spectrogram': True,
                             'video': True},
             'sampling_rate': 22050},
 'early_stopping': {'end_of_epoch_check': True,
                    'log_interval': 10,
                    'max_epoch': 1500,
                    'n_steps_stop': 20,
                    'n_steps_stop_after': 0,
                    'save_every_step': 3000,
                    'save_every_valstep': 10,
                    'validate_after': 0,
                    'validate_every': 25,
                    'validate_with': 'accuracy'},
 'exp_name': 'CREMAD Experiment',
 'model': {'args': {'bias_infusion': {'ending_epoch': 1500,
                                      'l': 0.1,
                                      'method': 'false',
                                      'plot': False,
                                      'starting_epoch': 0,
                                      'use': True},
                    'clip_grad': False,
                    'cls_type': 'linear',
                    'd_model': 512,
                    'dropout': 0.1,
                    'fc_inner': 64,
                    'multi_loss': {'multi_supervised_w': {'c': 0,
                                                          'combined': 1,
                                                          'g': 0}},
                    'num_classes': 6},
           'encoders': [{'args': {'d_model': 512,
                                  'dropout': 0.1,
                                  'fc_inner': 64,
                                  'freeze_encoder': False,
                                  'num_classes': 6},
                         'model': 'Audio_ResNet',
                         'pretrainedEncoder': {'dir': 'unimodal_audio_fold{}_lr0.001_wd0.0001.pth.tar',
                                               'use': False}},
                        {'args': {'d_model': 512,
                                  'dropout': 0.1,
                                  'fc_inner': 64,
                                  'freeze_encoder': False,
                                  'num_classes': 6},
                         'model': 'Video_ResNet',
                         'pretrainedEncoder': {'dir': 'unimodal_video_fold{}_lr0.001_wd0.0001.pth.tar',
                                               'use': False}}],
           'load_ongoing': False,
           'model_class': 'Fusion_Synprom_IB',
           'save_base_dir': '/esat/smcdata/users/kkontras/Image_Dataset/no_backup/data/2025_data/synergy',
           'save_dir': 'Synprom_IB_{}.pth.tar'},
 'optimizer': {'beta1': 0.9,
               'beta2': 0.999,
               'learning_rate': 1e-05,
               'momentum': 0.9,
               'type': 'Adam',
               'weight_decay': 1e-05},
 'scheduler': {'max_lr': 0.03, 'type': 'cosanneal', 'warm_up_steps': 780},
 'training_params': {'adversarial_training': {'adv_epsilon': 0.01,
                                              'use': False},
                     'async_loading': True,
                     'batch_size': 32,
                     'cuda': True,
                     'data_loader_workers': 8,
                     'gpu_device': [0],
                     'pin_memory': False,
                     'rec_test': True,
                     'res': True,
                     'seed': 109,
                     'tdqm_disable': False,
                     'test_batch_size': 32,
                     'test_on_bottoms': False,
                     'use_test_set': True,
                     'validation': True,
                     'verbose': True,
                     'wandb_disable': False}}
2025-11-08 21:02:01,030 - Config - INFO -  *************************************** 
2025-11-08 21:02:01,030 - Config - INFO - The experiment name is CREMAD Experiment
2025-11-08 21:02:01,030 - Config - INFO -  *************************************** 
2025-11-08 21:02:01,030 - root - INFO - save_dir: Synprom_IB_fold2_l5_contrcoeff1_perturbgennoise_lr0.0001_wd0.0001_clsmlp_pre.pth.tar
2025-11-08 21:02:01,161 - Cuda Statistics - INFO - __Python VERSION:  3.9.18 (main, Sep 11 2023, 13:41:44) 
[GCC 11.2.0]
2025-11-08 21:02:01,161 - Cuda Statistics - INFO - __pyTorch VERSION:  2.0.1+cu118
2025-11-08 21:02:01,161 - Cuda Statistics - INFO - __CUDA VERSION
2025-11-08 21:02:01,164 - Cuda Statistics - INFO - __CUDNN VERSION:  8700
2025-11-08 21:02:01,180 - Cuda Statistics - INFO - __Number CUDA Devices:  1
2025-11-08 21:02:01,180 - Cuda Statistics - INFO - __Devices
2025-11-08 21:02:01,180 - Cuda Statistics - INFO - index, name, driver_version, memory.total [MiB], memory.used [MiB], memory.free [MiB]
2025-11-08 21:02:01,180 - Cuda Statistics - INFO - 0, NVIDIA GeForce RTX 2080 Ti, 570.153.02, 11264 MiB, 3 MiB, 10821 MiB
2025-11-08 21:02:01,186 - Cuda Statistics - INFO - Active CUDA Device: GPU 0
2025-11-08 21:02:01,187 - Cuda Statistics - INFO - Available devices  1
2025-11-08 21:02:01,187 - Cuda Statistics - INFO - Current cuda device  0
This path does not exist /esat/smcdata/users/kkontras/Image_Dataset/no_backup/CremaD/CREMA-D/AudioWAV/1076_MTI_SAD_XX.wav or /esat/smcdata/users/kkontras/Image_Dataset/no_backup/CremaD/CREMA-D/Image-01-FPS/1076_MTI_SAD_XX or /esat/smcdata/users/kkontras/Image_Dataset/no_backup/CremaD/CREMA-D/Face_features/1076_MTI_SAD_XX.npy
2025-11-08 21:02:03,000 - root - INFO - Loaded wav norm from ./mydatasets/CREMAD/wav_norm_16000_fold2.pkl
2025-11-08 21:02:03,004 - root - INFO - Norm values are {'mean': tensor(-2.7781e-05), 'std': tensor(0.0615), 'max_duration': 5.005}
2025-11-08 21:02:03,534 - root - INFO - Loaded wav norm from ./mydatasets/CREMAD/wav_norm_16000_fold2.pkl
2025-11-08 21:02:03,535 - root - INFO - Norm values are {'mean': tensor(-2.7781e-05), 'std': tensor(0.0615), 'max_duration': 5.005}
2025-11-08 21:02:04,114 - root - INFO - Loaded wav norm from ./mydatasets/CREMAD/wav_norm_16000_fold2.pkl
2025-11-08 21:02:04,115 - root - INFO - Norm values are {'mean': tensor(-2.7781e-05), 'std': tensor(0.0615), 'max_duration': 5.005}
Available cores 8
We are changing dataloader workers to num of cores 0
2025-11-08 21:02:04,117 - Agent - INFO - Device: cuda:0
2025-11-08 21:02:04,117 - Agent - INFO - Total training batches: 126, validate every 25 batches, steps per epoch: 6
2025-11-08 21:02:07,838 - Agent - INFO - Loss Weights are {'total': 1, 'combined': 1, 'c': 0, 'g': 0}
2025-11-08 21:02:08,275 - root - INFO - Loading enc best model state dict from /esat/smcdata/users/kkontras/Image_Dataset/no_backup/data/2025_data/synergy/unimodal_audio_fold2_lr0.001_wd0.0001.pth.tar
Replacing module
2025-11-08 21:02:08,591 - root - INFO - Loading enc best model state dict from /esat/smcdata/users/kkontras/Image_Dataset/no_backup/data/2025_data/synergy/unimodal_video_fold2_lr0.001_wd0.0001.pth.tar
Replacing module
2025-11-08 21:02:08,639 - Agent - INFO - Total number of trainable parameters are: 23483032
2025-11-08 21:02:08,647 - Agent - INFO - Total number of trainable parameters are: 23483032
2025-11-08 21:05:55,074 - Agent - INFO - [37mVal Epoch 1 step 1 with [31mce_loss_combined : 1.416522 [31mtotal : 1.416522 [94mAcc_combined: 70.77 [94mAcc_c: 55.12 [94mAcc_g: 65.94 [95mCEU_cue_audio: 0.7407 [95mCEU_cue_video: 0.6278 [95mCEU_synergy: 0.2756 [95mCEU_coexistence: 0.9091 
2025-11-08 21:05:55,089 - Agent - INFO - [37mTest Epoch 1 step 1 with [31mce_loss_combined : 1.428147 [31mtotal : 1.428147 [94mAcc_combined: 68.42 [94mAcc_c: 58.67 [94mAcc_g: 54.60 
2025-11-08 21:05:55,647 - Agent - INFO - [37mModels has saved successfully in /esat/smcdata/users/kkontras/Image_Dataset/no_backup/data/2025_data/synergy/Synprom_IB_fold2_l5_contrcoeff1_perturbgennoise_lr0.0001_wd0.0001_clsmlp_pre.pth.tar
2025-11-08 21:09:39,390 - Agent - INFO - [37mVal Epoch 2 step 2 with [31mce_loss_combined : 1.058047 [31mtotal : 1.058047 [94mAcc_combined: 72.50 [94mAcc_c: 49.25 [94mAcc_g: 64.44 [95mCEU_cue_audio: 0.5660 [95mCEU_cue_video: 0.7712 [95mCEU_synergy: 0.2991 [95mCEU_coexistence: 0.9484 
2025-11-08 21:09:39,406 - Agent - INFO - [37mTest Epoch 2 step 2 with [31mce_loss_combined : 1.163650 [31mtotal : 1.163650 [94mAcc_combined: 63.81 [94mAcc_c: 54.71 [94mAcc_g: 50.00 
2025-11-08 21:09:40,159 - Agent - INFO - [37mModels has saved successfully in /esat/smcdata/users/kkontras/Image_Dataset/no_backup/data/2025_data/synergy/Synprom_IB_fold2_l5_contrcoeff1_perturbgennoise_lr0.0001_wd0.0001_clsmlp_pre.pth.tar
2025-11-08 21:13:23,955 - Agent - INFO - [37mVal Epoch 3 step 3 with [31mce_loss_combined : 0.793580 [31mtotal : 0.793580 [94mAcc_combined: 75.03 [94mAcc_c: 53.62 [94mAcc_g: 63.87 [95mCEU_cue_audio: 0.5554 [95mCEU_cue_video: 0.8924 [95mCEU_synergy: 0.2519 [95mCEU_coexistence: 0.9576 
2025-11-08 21:13:24,027 - Agent - INFO - [37mTest Epoch 3 step 3 with [31mce_loss_combined : 1.004320 [31mtotal : 1.004320 [94mAcc_combined: 64.78 [94mAcc_c: 56.00 [94mAcc_g: 52.46 
2025-11-08 21:13:24,835 - Agent - INFO - [37mModels has saved successfully in /esat/smcdata/users/kkontras/Image_Dataset/no_backup/data/2025_data/synergy/Synprom_IB_fold2_l5_contrcoeff1_perturbgennoise_lr0.0001_wd0.0001_clsmlp_pre.pth.tar
2025-11-08 21:17:08,583 - Agent - INFO - [37mVal Epoch 4 step 4 with [31mce_loss_combined : 0.786766 [31mtotal : 0.786766 [94mAcc_combined: 72.50 [94mAcc_c: 48.10 [94mAcc_g: 62.26 [95mCEU_cue_audio: 0.4975 [95mCEU_cue_video: 0.8698 [95mCEU_synergy: 0.2442 [95mCEU_coexistence: 0.9423 
2025-11-08 21:20:52,730 - Agent - INFO - [37mVal Epoch 5 step 5 with [31mce_loss_combined : 0.865259 [31mtotal : 0.865259 [94mAcc_combined: 71.00 [94mAcc_c: 55.12 [94mAcc_g: 58.69 [95mCEU_cue_audio: 0.5237 [95mCEU_cue_video: 0.8340 [95mCEU_synergy: 0.2599 [95mCEU_coexistence: 0.9060 
2025-11-08 21:24:36,325 - Agent - INFO - [37mVal Epoch 6 step 6 with [31mce_loss_combined : 0.859799 [31mtotal : 0.859799 [94mAcc_combined: 73.53 [94mAcc_c: 51.67 [94mAcc_g: 59.72 [95mCEU_cue_audio: 0.5398 [95mCEU_cue_video: 0.8788 [95mCEU_synergy: 0.2599 [95mCEU_coexistence: 0.9334 
2025-11-08 21:28:19,748 - Agent - INFO - [37mVal Epoch 7 step 7 with [31mce_loss_combined : 0.772208 [31mtotal : 0.772208 [94mAcc_combined: 77.68 [94mAcc_c: 51.32 [94mAcc_g: 61.57 [95mCEU_cue_audio: 0.6400 [95mCEU_cue_video: 0.8924 [95mCEU_synergy: 0.2599 [95mCEU_coexistence: 0.9758 
2025-11-08 21:28:19,764 - Agent - INFO - [37mTest Epoch 7 step 7 with [31mce_loss_combined : 0.995839 [31mtotal : 0.995839 [94mAcc_combined: 67.77 [94mAcc_c: 56.32 [94mAcc_g: 51.82 
2025-11-08 21:28:20,556 - Agent - INFO - [37mModels has saved successfully in /esat/smcdata/users/kkontras/Image_Dataset/no_backup/data/2025_data/synergy/Synprom_IB_fold2_l5_contrcoeff1_perturbgennoise_lr0.0001_wd0.0001_clsmlp_pre.pth.tar
2025-11-08 21:32:05,023 - Agent - INFO - [37mVal Epoch 8 step 8 with [31mce_loss_combined : 0.795002 [31mtotal : 0.795002 [94mAcc_combined: 76.18 [94mAcc_c: 51.67 [94mAcc_g: 59.95 [95mCEU_cue_audio: 0.6138 [95mCEU_cue_video: 0.8745 [95mCEU_synergy: 0.2361 [95mCEU_coexistence: 0.9726 
2025-11-08 21:35:47,615 - Agent - INFO - [37mVal Epoch 9 step 9 with [31mce_loss_combined : 0.806905 [31mtotal : 0.806905 [94mAcc_combined: 74.68 [94mAcc_c: 55.47 [94mAcc_g: 58.57 [95mCEU_cue_audio: 0.6138 [95mCEU_cue_video: 0.8387 [95mCEU_synergy: 0.2127 [95mCEU_coexistence: 0.9666 
2025-11-08 21:39:27,620 - Agent - INFO - [37mVal Epoch 10 step 10 with [31mce_loss_combined : 0.891460 [31mtotal : 0.891460 [94mAcc_combined: 73.07 [94mAcc_c: 50.06 [94mAcc_g: 61.45 [95mCEU_cue_audio: 0.5131 [95mCEU_cue_video: 0.8476 [95mCEU_synergy: 0.2361 [95mCEU_coexistence: 0.9666 
2025-11-08 21:43:13,212 - Agent - INFO - [37mVal Epoch 11 step 11 with [31mce_loss_combined : 0.878050 [31mtotal : 0.878050 [94mAcc_combined: 75.14 [94mAcc_c: 50.86 [94mAcc_g: 58.23 [95mCEU_cue_audio: 0.6083 [95mCEU_cue_video: 0.8297 [95mCEU_synergy: 0.2834 [95mCEU_coexistence: 0.9605 
2025-11-08 21:46:56,426 - Agent - INFO - [37mVal Epoch 12 step 12 with [31mce_loss_combined : 0.980638 [31mtotal : 0.980638 [94mAcc_combined: 72.38 [94mAcc_c: 48.79 [94mAcc_g: 60.41 [95mCEU_cue_audio: 0.5503 [95mCEU_cue_video: 0.8429 [95mCEU_synergy: 0.1574 [95mCEU_coexistence: 0.9605 
2025-11-08 21:50:38,191 - Agent - INFO - [37mVal Epoch 13 step 13 with [31mce_loss_combined : 0.851608 [31mtotal : 0.851608 [94mAcc_combined: 76.18 [94mAcc_c: 51.21 [94mAcc_g: 60.64 [95mCEU_cue_audio: 0.6400 [95mCEU_cue_video: 0.8609 [95mCEU_synergy: 0.2285 [95mCEU_coexistence: 0.9697 
2025-11-08 21:54:32,800 - Agent - INFO - [37mVal Epoch 14 step 14 with [31mce_loss_combined : 0.875113 [31mtotal : 0.875113 [94mAcc_combined: 77.45 [94mAcc_c: 51.44 [94mAcc_g: 62.26 [95mCEU_cue_audio: 0.6667 [95mCEU_cue_video: 0.8878 [95mCEU_synergy: 0.2127 [95mCEU_coexistence: 0.9758 
2025-11-08 21:58:16,575 - Agent - INFO - [37mVal Epoch 15 step 15 with [31mce_loss_combined : 1.023957 [31mtotal : 1.023957 [94mAcc_combined: 73.53 [94mAcc_c: 49.94 [94mAcc_g: 61.91 [95mCEU_cue_audio: 0.5926 [95mCEU_cue_video: 0.8297 [95mCEU_synergy: 0.1889 [95mCEU_coexistence: 0.9637 
2025-11-08 22:02:01,160 - Agent - INFO - [37mVal Epoch 16 step 16 with [31mce_loss_combined : 0.918486 [31mtotal : 0.918486 [94mAcc_combined: 73.53 [94mAcc_c: 50.52 [94mAcc_g: 59.38 [95mCEU_cue_audio: 0.5715 [95mCEU_cue_video: 0.8609 [95mCEU_synergy: 0.2285 [95mCEU_coexistence: 0.9394 
2025-11-08 22:05:43,144 - Agent - INFO - [37mVal Epoch 17 step 17 with [31mce_loss_combined : 1.015636 [31mtotal : 1.015636 [94mAcc_combined: 74.22 [94mAcc_c: 52.47 [94mAcc_g: 58.46 [95mCEU_cue_audio: 0.5715 [95mCEU_cue_video: 0.8745 [95mCEU_synergy: 0.2047 [95mCEU_coexistence: 0.9576 
2025-11-08 22:09:26,161 - Agent - INFO - [37mVal Epoch 18 step 18 with [31mce_loss_combined : 0.965831 [31mtotal : 0.965831 [94mAcc_combined: 75.95 [94mAcc_c: 51.78 [94mAcc_g: 60.30 [95mCEU_cue_audio: 0.6244 [95mCEU_cue_video: 0.8566 [95mCEU_synergy: 0.2519 [95mCEU_coexistence: 0.9666 
2025-11-08 22:13:05,905 - Agent - INFO - [37mVal Epoch 19 step 19 with [31mce_loss_combined : 0.997956 [31mtotal : 0.997956 [94mAcc_combined: 74.22 [94mAcc_c: 46.14 [94mAcc_g: 61.22 [95mCEU_cue_audio: 0.6032 [95mCEU_cue_video: 0.8250 [95mCEU_synergy: 0.2204 [95mCEU_coexistence: 0.9666 
2025-11-08 22:16:48,416 - Agent - INFO - [37mVal Epoch 20 step 20 with [31mce_loss_combined : 1.129150 [31mtotal : 1.129150 [94mAcc_combined: 72.73 [94mAcc_c: 50.29 [94mAcc_g: 62.14 [95mCEU_cue_audio: 0.5926 [95mCEU_cue_video: 0.8297 [95mCEU_synergy: 0.1813 [95mCEU_coexistence: 0.9455 
2025-11-08 22:20:36,771 - Agent - INFO - [37mVal Epoch 21 step 21 with [31mce_loss_combined : 1.048268 [31mtotal : 1.048268 [94mAcc_combined: 74.80 [94mAcc_c: 49.60 [94mAcc_g: 59.38 [95mCEU_cue_audio: 0.6032 [95mCEU_cue_video: 0.8519 [95mCEU_synergy: 0.2285 [95mCEU_coexistence: 0.9605 
2025-11-08 22:24:25,870 - Agent - INFO - [37mVal Epoch 22 step 22 with [31mce_loss_combined : 0.995185 [31mtotal : 0.995185 [94mAcc_combined: 74.22 [94mAcc_c: 47.53 [94mAcc_g: 63.18 [95mCEU_cue_audio: 0.6244 [95mCEU_cue_video: 0.8118 [95mCEU_synergy: 0.2599 [95mCEU_coexistence: 0.9484 
2025-11-08 22:28:14,032 - Agent - INFO - [37mVal Epoch 23 step 23 with [31mce_loss_combined : 1.022976 [31mtotal : 1.022976 [94mAcc_combined: 75.03 [94mAcc_c: 48.56 [94mAcc_g: 61.57 [95mCEU_cue_audio: 0.6400 [95mCEU_cue_video: 0.8071 [95mCEU_synergy: 0.2442 [95mCEU_coexistence: 0.9697 
2025-11-08 22:31:52,719 - Agent - INFO - [37mVal Epoch 24 step 24 with [31mce_loss_combined : 1.033412 [31mtotal : 1.033412 [94mAcc_combined: 73.99 [94mAcc_c: 51.78 [94mAcc_g: 59.03 [95mCEU_cue_audio: 0.6400 [95mCEU_cue_video: 0.8028 [95mCEU_synergy: 0.2599 [95mCEU_coexistence: 0.9394 
2025-11-08 22:35:33,702 - Agent - INFO - [37mVal Epoch 25 step 25 with [31mce_loss_combined : 0.979666 [31mtotal : 0.979666 [94mAcc_combined: 75.95 [94mAcc_c: 50.29 [94mAcc_g: 61.57 [95mCEU_cue_audio: 0.6720 [95mCEU_cue_video: 0.8297 [95mCEU_synergy: 0.2361 [95mCEU_coexistence: 0.9637 
2025-11-08 22:39:17,675 - Agent - INFO - [37mVal Epoch 26 step 26 with [31mce_loss_combined : 0.998155 [31mtotal : 0.998155 [94mAcc_combined: 76.87 [94mAcc_c: 51.55 [94mAcc_g: 60.41 [95mCEU_cue_audio: 0.6667 [95mCEU_cue_video: 0.8609 [95mCEU_synergy: 0.2519 [95mCEU_coexistence: 0.9637 
2025-11-08 22:39:18,446 - Agent - INFO - We are in the final state.
2025-11-08 22:39:18,726 - root - INFO - Loaded best model from /esat/smcdata/users/kkontras/Image_Dataset/no_backup/data/2025_data/synergy/Synprom_IB_fold2_l5_contrcoeff1_perturbgennoise_lr0.0001_wd0.0001_clsmlp_pre.pth.tar
2025-11-08 22:39:33,134 - Agent - INFO - [37mVal Epoch 26 step 0 with [31mce_loss_combined : 0.772208 [31mtotal : 0.772208 [94mAcc_combined: 77.68 [94mAcc_c: 51.32 [94mAcc_g: 61.57 [95mCEU_cue_audio: 0.6400 [95mCEU_cue_video: 0.8924 [95mCEU_synergy: 0.2599 [95mCEU_coexistence: 0.9758 
2025-11-08 22:39:48,486 - Agent - INFO - [37mTest Epoch 26 step 0 with [31mce_loss_combined : 0.995839 [31mtotal : 0.995839 [94mAcc_combined: 67.77 [94mAcc_c: 56.32 [94mAcc_g: 51.82 
2025-11-08 22:39:50,058 - Agent - INFO - [37mModels has saved successfully in /esat/smcdata/users/kkontras/Image_Dataset/no_backup/data/2025_data/synergy/Synprom_IB_fold2_l5_contrcoeff1_perturbgennoise_lr0.0001_wd0.0001_clsmlp_pre.pth.tar
Job finished
