Starting Job
/esat/smcdata/users/kkontras/Image_Dataset/no_backup/git/Synergy/train.py
/esat/smcdata/users/kkontras/Image_Dataset/no_backup/envs/balance_env/bin/python
Python 3.9.18
/esat/smcdata/users/kkontras/Image_Dataset/no_backup/git/Synergy
We have 1 GPU
/esat/smcdata/users/kkontras/Image_Dataset/no_backup/git/Synergy/train.py
config-./configs/CREMA_D/synergy/nov/synprom_ib.json
Executing command: accelerate launch /esat/smcdata/users/kkontras/Image_Dataset/no_backup/git/Synergy/train.py --config ./configs/CREMA_D/synergy/nov/synprom_ib.json --default_config ./configs/CREMA_D/default_config_cremad_res_syn.json --fold 1 --pre  --l 1 --contrcoeff 1 --lr 0.0001 --wd 0.0001 --cls mlp --perturb gennoise
Namespace(config='./configs/CREMA_D/synergy/nov/synprom_ib.json', default_config='./configs/CREMA_D/default_config_cremad_res_syn.json', fold='1', alpha=None, tanh_mode=None, tanh_mode_beta=None, regby=None, clip=None, batch_size=None, l='1', multil=None, l_diffsq=None, lib=None, ratio_us=None, ratio_snr=None, kmepoch=None, num_samples=None, pow=None, nstep=None, contrcoeff='1', kde_coeff=None, etube=None, temperature=None, contr_type=None, shuffle_type=None, validate_with=None, transform_type=None, trasform_before=None, num_classes=None, base_alpha=None, alpha_var=None, base_beta=None, beta_var=None, optim_method=None, ilr_c=None, ilr_g=None, mmcosine_scaling=None, ending_epoch=None, load_ongoing=None, commonlayers=None, recon_weight1=None, recon_weight2=None, recon_epochstages=None, recon_ensemblestages=None, lr='0.0001', wd='0.0001', mm=None, cls='mlp', perturb='gennoise', pre=True, frozen=False, tdqm_disable=False, start_over=False)
2025-11-08 19:25:12,590 - Config - INFO - ./configs/CREMA_D/synergy/nov/synprom_ib.json
2025-11-08 19:25:12,595 - Config - INFO -  THE Configuration of your experiment ..
{'agent': 'Agent',
 'dataset': {'data_roots': '/esat/smcdata/users/kkontras/Image_Dataset/no_backup/CremaD/CREMA-D',
             'data_split': {'fold': 0, 'method': 'non_inclusive'},
             'dataloader_class': 'CramedD_Dataloader',
             'fps': 1,
             'norm': False,
             'norm_face_path': './mydatasets/CREMAD/norm_face_path_fold{}.pkl',
             'norm_wav_path': './mydatasets/CREMAD/wav_norm_16000_fold{}.pkl',
             'num_frame': 3,
             'return_data': {'audio': False,
                             'face': False,
                             'spectrogram': True,
                             'video': True},
             'sampling_rate': 22050},
 'early_stopping': {'end_of_epoch_check': True,
                    'log_interval': 10,
                    'max_epoch': 1500,
                    'n_steps_stop': 20,
                    'n_steps_stop_after': 0,
                    'save_every_step': 3000,
                    'save_every_valstep': 10,
                    'validate_after': 0,
                    'validate_every': 25,
                    'validate_with': 'accuracy'},
 'exp_name': 'CREMAD Experiment',
 'model': {'args': {'bias_infusion': {'ending_epoch': 1500,
                                      'l': 0.1,
                                      'method': 'false',
                                      'plot': False,
                                      'starting_epoch': 0,
                                      'use': True},
                    'clip_grad': False,
                    'cls_type': 'linear',
                    'd_model': 512,
                    'dropout': 0.1,
                    'fc_inner': 64,
                    'multi_loss': {'multi_supervised_w': {'c': 0,
                                                          'combined': 1,
                                                          'g': 0}},
                    'num_classes': 6},
           'encoders': [{'args': {'d_model': 512,
                                  'dropout': 0.1,
                                  'fc_inner': 64,
                                  'freeze_encoder': False,
                                  'num_classes': 6},
                         'model': 'Audio_ResNet',
                         'pretrainedEncoder': {'dir': 'unimodal_audio_fold{}_lr0.001_wd0.0001.pth.tar',
                                               'use': False}},
                        {'args': {'d_model': 512,
                                  'dropout': 0.1,
                                  'fc_inner': 64,
                                  'freeze_encoder': False,
                                  'num_classes': 6},
                         'model': 'Video_ResNet',
                         'pretrainedEncoder': {'dir': 'unimodal_video_fold{}_lr0.001_wd0.0001.pth.tar',
                                               'use': False}}],
           'load_ongoing': False,
           'model_class': 'Fusion_Synprom_IB',
           'save_base_dir': '/esat/smcdata/users/kkontras/Image_Dataset/no_backup/data/2025_data/synergy',
           'save_dir': 'Synprom_IB_{}.pth.tar'},
 'optimizer': {'beta1': 0.9,
               'beta2': 0.999,
               'learning_rate': 1e-05,
               'momentum': 0.9,
               'type': 'Adam',
               'weight_decay': 1e-05},
 'scheduler': {'max_lr': 0.03, 'type': 'cosanneal', 'warm_up_steps': 780},
 'training_params': {'adversarial_training': {'adv_epsilon': 0.01,
                                              'use': False},
                     'async_loading': True,
                     'batch_size': 32,
                     'cuda': True,
                     'data_loader_workers': 8,
                     'gpu_device': [0],
                     'pin_memory': False,
                     'rec_test': True,
                     'res': True,
                     'seed': 109,
                     'tdqm_disable': False,
                     'test_batch_size': 32,
                     'test_on_bottoms': False,
                     'use_test_set': True,
                     'validation': True,
                     'verbose': True,
                     'wandb_disable': False}}
2025-11-08 19:25:12,599 - Config - INFO -  *************************************** 
2025-11-08 19:25:12,599 - Config - INFO - The experiment name is CREMAD Experiment
2025-11-08 19:25:12,599 - Config - INFO -  *************************************** 
2025-11-08 19:25:12,599 - root - INFO - save_dir: Synprom_IB_fold1_l1_contrcoeff1_perturbgennoise_lr0.0001_wd0.0001_clsmlp_pre.pth.tar
2025-11-08 19:25:12,801 - Cuda Statistics - INFO - __Python VERSION:  3.9.18 (main, Sep 11 2023, 13:41:44) 
[GCC 11.2.0]
2025-11-08 19:25:12,811 - Cuda Statistics - INFO - __pyTorch VERSION:  2.0.1+cu118
2025-11-08 19:25:12,811 - Cuda Statistics - INFO - __CUDA VERSION
2025-11-08 19:25:12,825 - Cuda Statistics - INFO - __CUDNN VERSION:  8700
2025-11-08 19:25:12,868 - Cuda Statistics - INFO - __Number CUDA Devices:  1
2025-11-08 19:25:12,868 - Cuda Statistics - INFO - __Devices
2025-11-08 19:25:12,868 - Cuda Statistics - INFO - index, name, driver_version, memory.total [MiB], memory.used [MiB], memory.free [MiB]
2025-11-08 19:25:12,868 - Cuda Statistics - INFO - 0, Tesla P100-PCIE-16GB, 580.95.05, 16384 MiB, 3 MiB, 16268 MiB
2025-11-08 19:25:12,871 - Cuda Statistics - INFO - Active CUDA Device: GPU 0
2025-11-08 19:25:12,871 - Cuda Statistics - INFO - Available devices  1
2025-11-08 19:25:12,871 - Cuda Statistics - INFO - Current cuda device  0
This path does not exist /esat/smcdata/users/kkontras/Image_Dataset/no_backup/CremaD/CREMA-D/AudioWAV/1076_MTI_SAD_XX.wav or /esat/smcdata/users/kkontras/Image_Dataset/no_backup/CremaD/CREMA-D/Image-01-FPS/1076_MTI_SAD_XX or /esat/smcdata/users/kkontras/Image_Dataset/no_backup/CremaD/CREMA-D/Face_features/1076_MTI_SAD_XX.npy
2025-11-08 19:25:15,266 - root - INFO - Loaded wav norm from ./mydatasets/CREMAD/wav_norm_16000_fold1.pkl
2025-11-08 19:25:15,272 - root - INFO - Norm values are {'mean': tensor(-2.6751e-05), 'std': tensor(0.0610), 'max_duration': 5.005}
2025-11-08 19:25:15,789 - root - INFO - Loaded wav norm from ./mydatasets/CREMAD/wav_norm_16000_fold1.pkl
2025-11-08 19:25:15,791 - root - INFO - Norm values are {'mean': tensor(-2.6751e-05), 'std': tensor(0.0610), 'max_duration': 5.005}
2025-11-08 19:25:16,301 - root - INFO - Loaded wav norm from ./mydatasets/CREMAD/wav_norm_16000_fold1.pkl
2025-11-08 19:25:16,302 - root - INFO - Norm values are {'mean': tensor(-2.6751e-05), 'std': tensor(0.0610), 'max_duration': 5.005}
Available cores 8
We are changing dataloader workers to num of cores 0
2025-11-08 19:25:16,308 - Agent - INFO - Device: cuda:0
2025-11-08 19:25:16,308 - Agent - INFO - Total training batches: 126, validate every 25 batches, steps per epoch: 6
2025-11-08 19:25:22,976 - Agent - INFO - Loss Weights are {'total': 1, 'combined': 1, 'c': 0, 'g': 0}
2025-11-08 19:25:23,773 - root - INFO - Loading enc best model state dict from /esat/smcdata/users/kkontras/Image_Dataset/no_backup/data/2025_data/synergy/unimodal_audio_fold1_lr0.001_wd0.0001.pth.tar
Replacing module
2025-11-08 19:25:24,221 - root - INFO - Loading enc best model state dict from /esat/smcdata/users/kkontras/Image_Dataset/no_backup/data/2025_data/synergy/unimodal_video_fold1_lr0.001_wd0.0001.pth.tar
Replacing module
2025-11-08 19:25:24,304 - Agent - INFO - Total number of trainable parameters are: 23483032
2025-11-08 19:25:24,315 - Agent - INFO - Total number of trainable parameters are: 23483032
2025-11-08 19:32:54,117 - Agent - INFO - [37mVal Epoch 1 step 1 with [31mce_loss_combined : 1.015991 [31mtotal : 1.015991 [94mAcc_combined: 74.57 [94mAcc_c: 58.91 [94mAcc_g: 52.78 [95mCEU_cue_audio: 0.7269 [95mCEU_cue_video: 0.7487 [95mCEU_synergy: 0.2618 [95mCEU_coexistence: 0.9810 
2025-11-08 19:32:54,141 - Agent - INFO - [37mTest Epoch 1 step 1 with [31mce_loss_combined : 0.970607 [31mtotal : 0.970607 [94mAcc_combined: 75.85 [94mAcc_c: 58.80 [94mAcc_g: 61.20 
2025-11-08 19:32:55,345 - Agent - INFO - [37mModels has saved successfully in /esat/smcdata/users/kkontras/Image_Dataset/no_backup/data/2025_data/synergy/Synprom_IB_fold1_l1_contrcoeff1_perturbgennoise_lr0.0001_wd0.0001_clsmlp_pre.pth.tar
2025-11-08 19:40:21,258 - Agent - INFO - [37mVal Epoch 2 step 2 with [31mce_loss_combined : 1.012246 [31mtotal : 1.012246 [94mAcc_combined: 64.47 [94mAcc_c: 55.51 [94mAcc_g: 51.19 [95mCEU_cue_audio: 0.4076 [95mCEU_cue_video: 0.7978 [95mCEU_synergy: 0.2205 [95mCEU_coexistence: 0.9301 
2025-11-08 19:47:51,573 - Agent - INFO - [37mVal Epoch 3 step 3 with [31mce_loss_combined : 1.072369 [31mtotal : 1.072369 [94mAcc_combined: 63.22 [94mAcc_c: 53.92 [94mAcc_g: 53.01 [95mCEU_cue_audio: 0.3697 [95mCEU_cue_video: 0.8142 [95mCEU_synergy: 0.1860 [95mCEU_coexistence: 0.9301 
2025-11-08 19:55:16,304 - Agent - INFO - [37mVal Epoch 4 step 4 with [31mce_loss_combined : 1.198922 [31mtotal : 1.198922 [94mAcc_combined: 60.27 [94mAcc_c: 52.67 [94mAcc_g: 52.10 [95mCEU_cue_audio: 0.2942 [95mCEU_cue_video: 0.8142 [95mCEU_synergy: 0.1860 [95mCEU_coexistence: 0.9046 
2025-11-08 20:02:41,970 - Agent - INFO - [37mVal Epoch 5 step 5 with [31mce_loss_combined : 1.196498 [31mtotal : 1.196498 [94mAcc_combined: 60.84 [94mAcc_c: 56.07 [94mAcc_g: 53.35 [95mCEU_cue_audio: 0.2983 [95mCEU_cue_video: 0.8359 [95mCEU_synergy: 0.1653 [95mCEU_coexistence: 0.9144 
2025-11-08 20:10:07,621 - Agent - INFO - [37mVal Epoch 6 step 6 with [31mce_loss_combined : 1.395480 [31mtotal : 1.395480 [94mAcc_combined: 58.68 [94mAcc_c: 53.01 [94mAcc_g: 51.99 [95mCEU_cue_audio: 0.2647 [95mCEU_cue_video: 0.8032 [95mCEU_synergy: 0.2072 [95mCEU_coexistence: 0.8794 
2025-11-08 20:17:37,105 - Agent - INFO - [37mVal Epoch 7 step 7 with [31mce_loss_combined : 1.269346 [31mtotal : 1.269346 [94mAcc_combined: 59.70 [94mAcc_c: 52.44 [94mAcc_g: 51.42 [95mCEU_cue_audio: 0.2983 [95mCEU_cue_video: 0.8032 [95mCEU_synergy: 0.1792 [95mCEU_coexistence: 0.8951 
2025-11-08 20:25:01,440 - Agent - INFO - [37mVal Epoch 8 step 8 with [31mce_loss_combined : 1.177282 [31mtotal : 1.177282 [94mAcc_combined: 63.90 [94mAcc_c: 54.03 [94mAcc_g: 53.12 [95mCEU_cue_audio: 0.3782 [95mCEU_cue_video: 0.8305 [95mCEU_synergy: 0.1860 [95mCEU_coexistence: 0.9334 
2025-11-08 20:32:28,061 - Agent - INFO - [37mVal Epoch 9 step 9 with [31mce_loss_combined : 1.142446 [31mtotal : 1.142446 [94mAcc_combined: 64.81 [94mAcc_c: 54.82 [94mAcc_g: 54.82 [95mCEU_cue_audio: 0.3823 [95mCEU_cue_video: 0.8527 [95mCEU_synergy: 0.1653 [95mCEU_coexistence: 0.9524 
2025-11-08 20:39:55,150 - Agent - INFO - [37mVal Epoch 10 step 10 with [31mce_loss_combined : 1.198033 [31mtotal : 1.198033 [94mAcc_combined: 63.11 [94mAcc_c: 53.92 [94mAcc_g: 53.01 [95mCEU_cue_audio: 0.3320 [95mCEU_cue_video: 0.8416 [95mCEU_synergy: 0.1792 [95mCEU_coexistence: 0.9429 
2025-11-08 20:47:22,839 - Agent - INFO - [37mVal Epoch 11 step 11 with [31mce_loss_combined : 1.344059 [31mtotal : 1.344059 [94mAcc_combined: 60.73 [94mAcc_c: 51.65 [94mAcc_g: 51.08 [95mCEU_cue_audio: 0.3109 [95mCEU_cue_video: 0.8142 [95mCEU_synergy: 0.1860 [95mCEU_coexistence: 0.9046 
2025-11-08 20:54:43,993 - Agent - INFO - [37mVal Epoch 12 step 12 with [31mce_loss_combined : 1.184803 [31mtotal : 1.184803 [94mAcc_combined: 64.59 [94mAcc_c: 51.53 [94mAcc_g: 55.16 [95mCEU_cue_audio: 0.3865 [95mCEU_cue_video: 0.8195 [95mCEU_synergy: 0.1860 [95mCEU_coexistence: 0.9524 
2025-11-08 21:02:07,443 - Agent - INFO - [37mVal Epoch 13 step 13 with [31mce_loss_combined : 1.200638 [31mtotal : 1.200638 [94mAcc_combined: 64.13 [94mAcc_c: 55.39 [94mAcc_g: 53.46 [95mCEU_cue_audio: 0.3657 [95mCEU_cue_video: 0.8305 [95mCEU_synergy: 0.2072 [95mCEU_coexistence: 0.9396 
2025-11-08 21:09:33,862 - Agent - INFO - [37mVal Epoch 14 step 14 with [31mce_loss_combined : 1.267793 [31mtotal : 1.267793 [94mAcc_combined: 62.09 [94mAcc_c: 53.92 [94mAcc_g: 53.80 [95mCEU_cue_audio: 0.3320 [95mCEU_cue_video: 0.8195 [95mCEU_synergy: 0.1725 [95mCEU_coexistence: 0.9301 
2025-11-08 21:16:56,744 - Agent - INFO - [37mVal Epoch 15 step 15 with [31mce_loss_combined : 1.145090 [31mtotal : 1.145090 [94mAcc_combined: 65.61 [94mAcc_c: 55.51 [94mAcc_g: 54.48 [95mCEU_cue_audio: 0.3782 [95mCEU_cue_video: 0.8580 [95mCEU_synergy: 0.1999 [95mCEU_coexistence: 0.9586 
2025-11-08 21:24:24,233 - Agent - INFO - [37mVal Epoch 16 step 16 with [31mce_loss_combined : 1.172277 [31mtotal : 1.172277 [94mAcc_combined: 64.47 [94mAcc_c: 55.62 [94mAcc_g: 53.35 [95mCEU_cue_audio: 0.3697 [95mCEU_cue_video: 0.8195 [95mCEU_synergy: 0.1932 [95mCEU_coexistence: 0.9586 
2025-11-08 21:31:48,171 - Agent - INFO - [37mVal Epoch 17 step 17 with [31mce_loss_combined : 1.253195 [31mtotal : 1.253195 [94mAcc_combined: 62.09 [94mAcc_c: 49.49 [94mAcc_g: 52.10 [95mCEU_cue_audio: 0.3488 [95mCEU_cue_video: 0.8195 [95mCEU_synergy: 0.1725 [95mCEU_coexistence: 0.9175 
2025-11-08 21:39:13,778 - Agent - INFO - [37mVal Epoch 18 step 18 with [31mce_loss_combined : 1.193429 [31mtotal : 1.193429 [94mAcc_combined: 63.90 [94mAcc_c: 55.05 [94mAcc_g: 53.92 [95mCEU_cue_audio: 0.3739 [95mCEU_cue_video: 0.8416 [95mCEU_synergy: 0.1999 [95mCEU_coexistence: 0.9239 
2025-11-08 21:46:41,256 - Agent - INFO - [37mVal Epoch 19 step 19 with [31mce_loss_combined : 1.251848 [31mtotal : 1.251848 [94mAcc_combined: 64.70 [94mAcc_c: 53.01 [94mAcc_g: 53.46 [95mCEU_cue_audio: 0.3865 [95mCEU_cue_video: 0.8195 [95mCEU_synergy: 0.1792 [95mCEU_coexistence: 0.9586 
2025-11-08 21:54:11,580 - Agent - INFO - [37mVal Epoch 20 step 20 with [31mce_loss_combined : 1.302426 [31mtotal : 1.302426 [94mAcc_combined: 65.49 [94mAcc_c: 55.73 [94mAcc_g: 53.46 [95mCEU_cue_audio: 0.4202 [95mCEU_cue_video: 0.8305 [95mCEU_synergy: 0.2278 [95mCEU_coexistence: 0.9270 
2025-11-08 21:54:15,028 - Agent - INFO - We are in the final state.
2025-11-08 21:54:15,422 - root - INFO - Loaded best model from /esat/smcdata/users/kkontras/Image_Dataset/no_backup/data/2025_data/synergy/Synprom_IB_fold1_l1_contrcoeff1_perturbgennoise_lr0.0001_wd0.0001_clsmlp_pre.pth.tar
2025-11-08 21:54:41,246 - Agent - INFO - [37mVal Epoch 20 step 0 with [31mce_loss_combined : 1.015991 [31mtotal : 1.015991 [94mAcc_combined: 74.57 [94mAcc_c: 58.91 [94mAcc_g: 52.78 [95mCEU_cue_audio: 0.7269 [95mCEU_cue_video: 0.7487 [95mCEU_synergy: 0.2618 [95mCEU_coexistence: 0.9810 
2025-11-08 21:55:07,777 - Agent - INFO - [37mTest Epoch 20 step 0 with [31mce_loss_combined : 0.970607 [31mtotal : 0.970607 [94mAcc_combined: 75.85 [94mAcc_c: 58.80 [94mAcc_g: 61.20 
2025-11-08 21:55:09,385 - Agent - INFO - [37mModels has saved successfully in /esat/smcdata/users/kkontras/Image_Dataset/no_backup/data/2025_data/synergy/Synprom_IB_fold1_l1_contrcoeff1_perturbgennoise_lr0.0001_wd0.0001_clsmlp_pre.pth.tar
Job finished
