000 (014.017.000) 2025-11-08 14:33:03 Job submitted from host: <10.87.28.209:9618?addrs=10.87.28.209-9618&alias=krakas.esat.kuleuven.be&noUDP&sock=schedd_1611_9729>
...
001 (014.017.000) 2025-11-08 21:01:44 Job executing on host: <10.87.28.117:9618?addrs=10.87.28.117-9618&alias=stadius-nc-4.esat.kuleuven.be&noUDP&sock=startd_3335_1c6f>
	SlotName: slot1_1@stadius-nc-4.esat.kuleuven.be
	AvailableGPUs = { GPUs_GPU_1236270c }
	CondorScratchDir = "/volume1/condor/execute/dir_1313812"
	Cpus = 8
	Disk = 1050150
	GPUs = 1
	GPUs_GPU_1236270c = [ Id = "GPU-1236270c"; ClockMhz = 1545.0; Capability = 7.5; CoresPerCU = 64; DeviceName = "NVIDIA GeForce RTX 2080 Ti"; DeviceUuid = "1236270c-ad23-648a-e65a-80b2ab2cf0c3"; ECCEnabled = false; ComputeUnits = 68; NvidiaDriver = "570.153.02"; DriverVersion = 12.8; DevicePciBusId = "0000:25:00.0"; GlobalMemoryMb = 10823; MaxSupportedVersion = 12080 ]
	Memory = 71680
...
006 (014.017.000) 2025-11-08 21:01:53 Image size of job updated: 487892
	477  -  MemoryUsage of job (MB)
	487892  -  ResidentSetSize of job (KB)
...
006 (014.017.000) 2025-11-08 21:06:54 Image size of job updated: 1608648
	1479  -  MemoryUsage of job (MB)
	1514168  -  ResidentSetSize of job (KB)
...
006 (014.017.000) 2025-11-08 21:11:54 Image size of job updated: 1649964
	1499  -  MemoryUsage of job (MB)
	1534544  -  ResidentSetSize of job (KB)
...
006 (014.017.000) 2025-11-08 21:16:56 Image size of job updated: 1658880
	1620  -  MemoryUsage of job (MB)
	1658880  -  ResidentSetSize of job (KB)
...
006 (014.017.000) 2025-11-08 21:21:56 Image size of job updated: 1662420
	1620  -  MemoryUsage of job (MB)
	1658880  -  ResidentSetSize of job (KB)
...
006 (014.017.000) 2025-11-08 21:31:57 Image size of job updated: 1691380
	1652  -  MemoryUsage of job (MB)
	1691380  -  ResidentSetSize of job (KB)
...
006 (014.017.000) 2025-11-08 21:36:57 Image size of job updated: 1731604
	1652  -  MemoryUsage of job (MB)
	1691380  -  ResidentSetSize of job (KB)
...
006 (014.017.000) 2025-11-08 22:02:00 Image size of job updated: 1731604
	1683  -  MemoryUsage of job (MB)
	1722820  -  ResidentSetSize of job (KB)
...
006 (014.017.000) 2025-11-08 22:32:02 Image size of job updated: 1731780
	1683  -  MemoryUsage of job (MB)
	1722820  -  ResidentSetSize of job (KB)
...
005 (014.017.000) 2025-11-08 22:39:57 Job terminated.
	(1) Normal termination (return value 0)
		Usr 0 04:52:02, Sys 0 00:35:07  -  Run Remote Usage
		Usr 0 00:00:00, Sys 0 00:00:00  -  Run Local Usage
		Usr 0 04:52:02, Sys 0 00:35:07  -  Total Remote Usage
		Usr 0 00:00:00, Sys 0 00:00:00  -  Total Local Usage
	0  -  Run Bytes Sent By Job
	0  -  Run Bytes Received By Job
	0  -  Total Bytes Sent By Job
	0  -  Total Bytes Received By Job
	Partitionable Resources :    Usage  Request Allocated Assigned
	   Cpus                 :     5.90        8         8 
	   Disk (KB)            :     2     1048576   1050150 
	   GPUs                 :     0.62        1         1 "GPU-1236270c"
	   GpusMemory (MB)      :  9266                       
	   Memory (MB)          :  1683       71680     71680 
	   TimeExecute (s)      :  5893                       
	   TimeSlotBusy (s)     :  5893                       
...
