Starting Job
/esat/smcdata/users/kkontras/Image_Dataset/no_backup/git/Synergy/train.py
/esat/smcdata/users/kkontras/Image_Dataset/no_backup/envs/balance_env/bin/python
Python 3.9.18
/esat/smcdata/users/kkontras/Image_Dataset/no_backup/git/Synergy
We have 1 GPU
/esat/smcdata/users/kkontras/Image_Dataset/no_backup/git/Synergy/train.py
config-./configs/CREMA_D/synergy/nov/synprom_ib.json
Executing command: accelerate launch /esat/smcdata/users/kkontras/Image_Dataset/no_backup/git/Synergy/train.py --config ./configs/CREMA_D/synergy/nov/synprom_ib.json --default_config ./configs/CREMA_D/default_config_cremad_res_syn.json --fold 0 --pre  --l 1 --contrcoeff 1 --lr 0.0001 --wd 0.0001 --cls mlp --perturb gennoise
Namespace(config='./configs/CREMA_D/synergy/nov/synprom_ib.json', default_config='./configs/CREMA_D/default_config_cremad_res_syn.json', fold='0', alpha=None, tanh_mode=None, tanh_mode_beta=None, regby=None, clip=None, batch_size=None, l='1', multil=None, l_diffsq=None, lib=None, ratio_us=None, ratio_snr=None, kmepoch=None, num_samples=None, pow=None, nstep=None, contrcoeff='1', kde_coeff=None, etube=None, temperature=None, contr_type=None, shuffle_type=None, validate_with=None, transform_type=None, trasform_before=None, num_classes=None, base_alpha=None, alpha_var=None, base_beta=None, beta_var=None, optim_method=None, ilr_c=None, ilr_g=None, mmcosine_scaling=None, ending_epoch=None, load_ongoing=None, commonlayers=None, recon_weight1=None, recon_weight2=None, recon_epochstages=None, recon_ensemblestages=None, lr='0.0001', wd='0.0001', mm=None, cls='mlp', perturb='gennoise', pre=True, frozen=False, tdqm_disable=False, start_over=False)
2025-11-08 18:28:59,780 - Config - INFO - ./configs/CREMA_D/synergy/nov/synprom_ib.json
2025-11-08 18:28:59,783 - Config - INFO -  THE Configuration of your experiment ..
{'agent': 'Agent',
 'dataset': {'data_roots': '/esat/smcdata/users/kkontras/Image_Dataset/no_backup/CremaD/CREMA-D',
             'data_split': {'fold': 0, 'method': 'non_inclusive'},
             'dataloader_class': 'CramedD_Dataloader',
             'fps': 1,
             'norm': False,
             'norm_face_path': './mydatasets/CREMAD/norm_face_path_fold{}.pkl',
             'norm_wav_path': './mydatasets/CREMAD/wav_norm_16000_fold{}.pkl',
             'num_frame': 3,
             'return_data': {'audio': False,
                             'face': False,
                             'spectrogram': True,
                             'video': True},
             'sampling_rate': 22050},
 'early_stopping': {'end_of_epoch_check': True,
                    'log_interval': 10,
                    'max_epoch': 1500,
                    'n_steps_stop': 20,
                    'n_steps_stop_after': 0,
                    'save_every_step': 3000,
                    'save_every_valstep': 10,
                    'validate_after': 0,
                    'validate_every': 25,
                    'validate_with': 'accuracy'},
 'exp_name': 'CREMAD Experiment',
 'model': {'args': {'bias_infusion': {'ending_epoch': 1500,
                                      'l': 0.1,
                                      'method': 'false',
                                      'plot': False,
                                      'starting_epoch': 0,
                                      'use': True},
                    'clip_grad': False,
                    'cls_type': 'linear',
                    'd_model': 512,
                    'dropout': 0.1,
                    'fc_inner': 64,
                    'multi_loss': {'multi_supervised_w': {'c': 0,
                                                          'combined': 1,
                                                          'g': 0}},
                    'num_classes': 6},
           'encoders': [{'args': {'d_model': 512,
                                  'dropout': 0.1,
                                  'fc_inner': 64,
                                  'freeze_encoder': False,
                                  'num_classes': 6},
                         'model': 'Audio_ResNet',
                         'pretrainedEncoder': {'dir': 'unimodal_audio_fold{}_lr0.001_wd0.0001.pth.tar',
                                               'use': False}},
                        {'args': {'d_model': 512,
                                  'dropout': 0.1,
                                  'fc_inner': 64,
                                  'freeze_encoder': False,
                                  'num_classes': 6},
                         'model': 'Video_ResNet',
                         'pretrainedEncoder': {'dir': 'unimodal_video_fold{}_lr0.001_wd0.0001.pth.tar',
                                               'use': False}}],
           'load_ongoing': False,
           'model_class': 'Fusion_Synprom_IB',
           'save_base_dir': '/esat/smcdata/users/kkontras/Image_Dataset/no_backup/data/2025_data/synergy',
           'save_dir': 'Synprom_IB_{}.pth.tar'},
 'optimizer': {'beta1': 0.9,
               'beta2': 0.999,
               'learning_rate': 1e-05,
               'momentum': 0.9,
               'type': 'Adam',
               'weight_decay': 1e-05},
 'scheduler': {'max_lr': 0.03, 'type': 'cosanneal', 'warm_up_steps': 780},
 'training_params': {'adversarial_training': {'adv_epsilon': 0.01,
                                              'use': False},
                     'async_loading': True,
                     'batch_size': 32,
                     'cuda': True,
                     'data_loader_workers': 8,
                     'gpu_device': [0],
                     'pin_memory': False,
                     'rec_test': True,
                     'res': True,
                     'seed': 109,
                     'tdqm_disable': False,
                     'test_batch_size': 32,
                     'test_on_bottoms': False,
                     'use_test_set': True,
                     'validation': True,
                     'verbose': True,
                     'wandb_disable': False}}
2025-11-08 18:28:59,784 - Config - INFO -  *************************************** 
2025-11-08 18:28:59,784 - Config - INFO - The experiment name is CREMAD Experiment
2025-11-08 18:28:59,784 - Config - INFO -  *************************************** 
2025-11-08 18:28:59,784 - root - INFO - save_dir: Synprom_IB_fold0_l1_contrcoeff1_perturbgennoise_lr0.0001_wd0.0001_clsmlp_pre.pth.tar
2025-11-08 18:28:59,906 - Cuda Statistics - INFO - __Python VERSION:  3.9.18 (main, Sep 11 2023, 13:41:44) 
[GCC 11.2.0]
2025-11-08 18:28:59,906 - Cuda Statistics - INFO - __pyTorch VERSION:  2.0.1+cu118
2025-11-08 18:28:59,906 - Cuda Statistics - INFO - __CUDA VERSION
2025-11-08 18:28:59,909 - Cuda Statistics - INFO - __CUDNN VERSION:  8700
2025-11-08 18:28:59,925 - Cuda Statistics - INFO - __Number CUDA Devices:  1
2025-11-08 18:28:59,925 - Cuda Statistics - INFO - __Devices
2025-11-08 18:28:59,925 - Cuda Statistics - INFO - index, name, driver_version, memory.total [MiB], memory.used [MiB], memory.free [MiB]
2025-11-08 18:28:59,925 - Cuda Statistics - INFO - 0, NVIDIA GeForce RTX 2080 Ti, 570.153.02, 11264 MiB, 3 MiB, 10821 MiB
2025-11-08 18:28:59,932 - Cuda Statistics - INFO - Active CUDA Device: GPU 0
2025-11-08 18:28:59,932 - Cuda Statistics - INFO - Available devices  1
2025-11-08 18:28:59,932 - Cuda Statistics - INFO - Current cuda device  0
This path does not exist /esat/smcdata/users/kkontras/Image_Dataset/no_backup/CremaD/CREMA-D/AudioWAV/1076_MTI_SAD_XX.wav or /esat/smcdata/users/kkontras/Image_Dataset/no_backup/CremaD/CREMA-D/Image-01-FPS/1076_MTI_SAD_XX or /esat/smcdata/users/kkontras/Image_Dataset/no_backup/CremaD/CREMA-D/Face_features/1076_MTI_SAD_XX.npy
2025-11-08 18:29:01,608 - root - INFO - Loaded wav norm from ./mydatasets/CREMAD/wav_norm_16000_fold0.pkl
2025-11-08 18:29:01,612 - root - INFO - Norm values are {'mean': tensor(-2.7937e-05), 'std': tensor(0.0613), 'max_duration': 4.8715625}
2025-11-08 18:29:01,941 - root - INFO - Loaded wav norm from ./mydatasets/CREMAD/wav_norm_16000_fold0.pkl
2025-11-08 18:29:01,941 - root - INFO - Norm values are {'mean': tensor(-2.7937e-05), 'std': tensor(0.0613), 'max_duration': 4.8715625}
2025-11-08 18:29:02,318 - root - INFO - Loaded wav norm from ./mydatasets/CREMAD/wav_norm_16000_fold0.pkl
2025-11-08 18:29:02,318 - root - INFO - Norm values are {'mean': tensor(-2.7937e-05), 'std': tensor(0.0613), 'max_duration': 4.8715625}
Available cores 8
We are changing dataloader workers to num of cores 0
2025-11-08 18:29:02,320 - Agent - INFO - Device: cuda:0
2025-11-08 18:29:02,320 - Agent - INFO - Total training batches: 127, validate every 25 batches, steps per epoch: 6
2025-11-08 18:29:06,248 - Agent - INFO - Loss Weights are {'total': 1, 'combined': 1, 'c': 0, 'g': 0}
2025-11-08 18:29:06,671 - root - INFO - Loading enc best model state dict from /esat/smcdata/users/kkontras/Image_Dataset/no_backup/data/2025_data/synergy/unimodal_audio_fold0_lr0.001_wd0.0001.pth.tar
Replacing module
2025-11-08 18:29:06,981 - root - INFO - Loading enc best model state dict from /esat/smcdata/users/kkontras/Image_Dataset/no_backup/data/2025_data/synergy/unimodal_video_fold0_lr0.001_wd0.0001.pth.tar
Replacing module
2025-11-08 18:29:07,048 - Agent - INFO - Total number of trainable parameters are: 23483032
2025-11-08 18:29:07,055 - Agent - INFO - Total number of trainable parameters are: 23483032
2025-11-08 18:32:55,456 - Agent - INFO - [37mVal Epoch 1 step 1 with [31mce_loss_combined : 0.992633 [31mtotal : 0.992633 [94mAcc_combined: 73.12 [94mAcc_c: 59.34 [94mAcc_g: 60.93 [95mCEU_cue_audio: 0.5389 [95mCEU_cue_video: 0.8425 [95mCEU_synergy: 0.2216 [95mCEU_coexistence: 0.9625 
2025-11-08 18:32:55,470 - Agent - INFO - [37mTest Epoch 1 step 1 with [31mce_loss_combined : 1.134956 [31mtotal : 1.134956 [94mAcc_combined: 63.52 [94mAcc_c: 54.84 [94mAcc_g: 53.73 
2025-11-08 18:32:56,298 - Agent - INFO - [37mModels has saved successfully in /esat/smcdata/users/kkontras/Image_Dataset/no_backup/data/2025_data/synergy/Synprom_IB_fold0_l1_contrcoeff1_perturbgennoise_lr0.0001_wd0.0001_clsmlp_pre.pth.tar
2025-11-08 18:36:40,780 - Agent - INFO - [37mVal Epoch 2 step 2 with [31mce_loss_combined : 0.973453 [31mtotal : 0.973453 [94mAcc_combined: 67.65 [94mAcc_c: 62.98 [94mAcc_g: 58.31 [95mCEU_cue_audio: 0.3607 [95mCEU_cue_video: 0.8121 [95mCEU_synergy: 0.2952 [95mCEU_coexistence: 0.9273 
2025-11-08 18:40:28,415 - Agent - INFO - [37mVal Epoch 3 step 3 with [31mce_loss_combined : 1.072869 [31mtotal : 1.072869 [94mAcc_combined: 65.38 [94mAcc_c: 62.30 [94mAcc_g: 56.15 [95mCEU_cue_audio: 0.3196 [95mCEU_cue_video: 0.8181 [95mCEU_synergy: 0.3115 [95mCEU_coexistence: 0.8898 
2025-11-08 18:44:12,668 - Agent - INFO - [37mVal Epoch 4 step 4 with [31mce_loss_combined : 1.103577 [31mtotal : 1.103577 [94mAcc_combined: 66.51 [94mAcc_c: 62.64 [94mAcc_g: 57.40 [95mCEU_cue_audio: 0.3014 [95mCEU_cue_video: 0.8606 [95mCEU_synergy: 0.2786 [95mCEU_coexistence: 0.9193 
2025-11-08 18:47:58,789 - Agent - INFO - [37mVal Epoch 5 step 5 with [31mce_loss_combined : 1.041137 [31mtotal : 1.041137 [94mAcc_combined: 69.25 [94mAcc_c: 60.25 [94mAcc_g: 57.97 [95mCEU_cue_audio: 0.3516 [95mCEU_cue_video: 0.8665 [95mCEU_synergy: 0.2131 [95mCEU_coexistence: 0.9731 
2025-11-08 18:51:44,277 - Agent - INFO - [37mVal Epoch 6 step 6 with [31mce_loss_combined : 1.041239 [31mtotal : 1.041239 [94mAcc_combined: 68.91 [94mAcc_c: 63.44 [94mAcc_g: 56.83 [95mCEU_cue_audio: 0.3607 [95mCEU_cue_video: 0.8665 [95mCEU_synergy: 0.2705 [95mCEU_coexistence: 0.9408 
2025-11-08 18:55:29,805 - Agent - INFO - [37mVal Epoch 7 step 7 with [31mce_loss_combined : 1.075795 [31mtotal : 1.075795 [94mAcc_combined: 68.91 [94mAcc_c: 61.73 [94mAcc_g: 55.58 [95mCEU_cue_audio: 0.4018 [95mCEU_cue_video: 0.8362 [95mCEU_synergy: 0.2786 [95mCEU_coexistence: 0.9273 
2025-11-08 18:59:18,540 - Agent - INFO - [37mVal Epoch 8 step 8 with [31mce_loss_combined : 1.097762 [31mtotal : 1.097762 [94mAcc_combined: 68.11 [94mAcc_c: 61.39 [94mAcc_g: 56.61 [95mCEU_cue_audio: 0.3424 [95mCEU_cue_video: 0.8787 [95mCEU_synergy: 0.2786 [95mCEU_coexistence: 0.9247 
2025-11-08 19:03:01,583 - Agent - INFO - [37mVal Epoch 9 step 9 with [31mce_loss_combined : 1.152019 [31mtotal : 1.152019 [94mAcc_combined: 68.56 [94mAcc_c: 57.86 [94mAcc_g: 55.47 [95mCEU_cue_audio: 0.3561 [95mCEU_cue_video: 0.8362 [95mCEU_synergy: 0.2871 [95mCEU_coexistence: 0.9436 
2025-11-08 19:06:47,736 - Agent - INFO - [37mVal Epoch 10 step 10 with [31mce_loss_combined : 1.120199 [31mtotal : 1.120199 [94mAcc_combined: 68.91 [94mAcc_c: 59.91 [94mAcc_g: 54.78 [95mCEU_cue_audio: 0.3789 [95mCEU_cue_video: 0.8244 [95mCEU_synergy: 0.3197 [95mCEU_coexistence: 0.9327 
2025-11-08 19:10:33,781 - Agent - INFO - [37mVal Epoch 11 step 11 with [31mce_loss_combined : 1.126315 [31mtotal : 1.126315 [94mAcc_combined: 67.88 [94mAcc_c: 60.25 [94mAcc_g: 54.90 [95mCEU_cue_audio: 0.3288 [95mCEU_cue_video: 0.8606 [95mCEU_synergy: 0.3115 [95mCEU_coexistence: 0.9247 
2025-11-08 19:14:17,866 - Agent - INFO - [37mVal Epoch 12 step 12 with [31mce_loss_combined : 1.212598 [31mtotal : 1.212598 [94mAcc_combined: 67.77 [94mAcc_c: 59.91 [94mAcc_g: 55.35 [95mCEU_cue_audio: 0.3332 [95mCEU_cue_video: 0.8606 [95mCEU_synergy: 0.3525 [95mCEU_coexistence: 0.9058 
2025-11-08 19:18:04,654 - Agent - INFO - [37mVal Epoch 13 step 13 with [31mce_loss_combined : 1.192672 [31mtotal : 1.192672 [94mAcc_combined: 68.68 [94mAcc_c: 59.57 [94mAcc_g: 54.67 [95mCEU_cue_audio: 0.3516 [95mCEU_cue_video: 0.8665 [95mCEU_synergy: 0.3281 [95mCEU_coexistence: 0.9221 
2025-11-08 19:21:50,730 - Agent - INFO - [37mVal Epoch 14 step 14 with [31mce_loss_combined : 1.080805 [31mtotal : 1.080805 [94mAcc_combined: 71.87 [94mAcc_c: 60.59 [94mAcc_g: 56.04 [95mCEU_cue_audio: 0.4383 [95mCEU_cue_video: 0.8606 [95mCEU_synergy: 0.2952 [95mCEU_coexistence: 0.9596 
2025-11-08 19:25:35,464 - Agent - INFO - [37mVal Epoch 15 step 15 with [31mce_loss_combined : 1.125013 [31mtotal : 1.125013 [94mAcc_combined: 69.48 [94mAcc_c: 61.39 [94mAcc_g: 55.24 [95mCEU_cue_audio: 0.3836 [95mCEU_cue_video: 0.8665 [95mCEU_synergy: 0.3197 [95mCEU_coexistence: 0.9247 
2025-11-08 19:29:19,647 - Agent - INFO - [37mVal Epoch 16 step 16 with [31mce_loss_combined : 1.209673 [31mtotal : 1.209673 [94mAcc_combined: 67.08 [94mAcc_c: 60.25 [94mAcc_g: 53.64 [95mCEU_cue_audio: 0.4018 [95mCEU_cue_video: 0.7759 [95mCEU_synergy: 0.3281 [95mCEU_coexistence: 0.8952 
2025-11-08 19:33:05,303 - Agent - INFO - [37mVal Epoch 17 step 17 with [31mce_loss_combined : 1.248879 [31mtotal : 1.248879 [94mAcc_combined: 69.13 [94mAcc_c: 62.07 [94mAcc_g: 55.47 [95mCEU_cue_audio: 0.3836 [95mCEU_cue_video: 0.8606 [95mCEU_synergy: 0.3197 [95mCEU_coexistence: 0.9193 
2025-11-08 19:37:04,971 - Agent - INFO - [37mVal Epoch 18 step 18 with [31mce_loss_combined : 1.050664 [31mtotal : 1.050664 [94mAcc_combined: 73.12 [94mAcc_c: 57.40 [94mAcc_g: 56.83 [95mCEU_cue_audio: 0.4611 [95mCEU_cue_video: 0.8547 [95mCEU_synergy: 0.3281 [95mCEU_coexistence: 0.9677 
2025-11-08 19:40:53,614 - Agent - INFO - [37mVal Epoch 19 step 19 with [31mce_loss_combined : 1.199634 [31mtotal : 1.199634 [94mAcc_combined: 70.05 [94mAcc_c: 57.63 [94mAcc_g: 55.69 [95mCEU_cue_audio: 0.4154 [95mCEU_cue_video: 0.8425 [95mCEU_synergy: 0.3441 [95mCEU_coexistence: 0.9221 
2025-11-08 19:44:36,279 - Agent - INFO - [37mVal Epoch 20 step 20 with [31mce_loss_combined : 1.170279 [31mtotal : 1.170279 [94mAcc_combined: 70.96 [94mAcc_c: 57.97 [94mAcc_g: 55.01 [95mCEU_cue_audio: 0.4611 [95mCEU_cue_video: 0.8063 [95mCEU_synergy: 0.3197 [95mCEU_coexistence: 0.9408 
2025-11-08 19:44:38,219 - Agent - INFO - We are in the final state.
2025-11-08 19:44:38,454 - root - INFO - Loaded best model from /esat/smcdata/users/kkontras/Image_Dataset/no_backup/data/2025_data/synergy/Synprom_IB_fold0_l1_contrcoeff1_perturbgennoise_lr0.0001_wd0.0001_clsmlp_pre.pth.tar
2025-11-08 19:44:52,274 - Agent - INFO - [37mVal Epoch 20 step 0 with [31mce_loss_combined : 0.992633 [31mtotal : 0.992633 [94mAcc_combined: 73.12 [94mAcc_c: 59.34 [94mAcc_g: 60.93 [95mCEU_cue_audio: 0.5389 [95mCEU_cue_video: 0.8425 [95mCEU_synergy: 0.2216 [95mCEU_coexistence: 0.9625 
2025-11-08 19:45:06,345 - Agent - INFO - [37mTest Epoch 20 step 0 with [31mce_loss_combined : 1.134956 [31mtotal : 1.134956 [94mAcc_combined: 63.52 [94mAcc_c: 54.84 [94mAcc_g: 53.73 
2025-11-08 19:45:07,658 - Agent - INFO - [37mModels has saved successfully in /esat/smcdata/users/kkontras/Image_Dataset/no_backup/data/2025_data/synergy/Synprom_IB_fold0_l1_contrcoeff1_perturbgennoise_lr0.0001_wd0.0001_clsmlp_pre.pth.tar
Job finished
