Starting Job
/esat/smcdata/users/kkontras/Image_Dataset/no_backup/git/Synergy/train.py
/esat/smcdata/users/kkontras/Image_Dataset/no_backup/envs/balance_env/bin/python
Python 3.9.18
/esat/smcdata/users/kkontras/Image_Dataset/no_backup/git/Synergy
We have 1 GPU
/esat/smcdata/users/kkontras/Image_Dataset/no_backup/git/Synergy/train.py
config-./configs/CREMA_D/synergy/nov/synprom_ib.json
Executing command: accelerate launch /esat/smcdata/users/kkontras/Image_Dataset/no_backup/git/Synergy/train.py --config ./configs/CREMA_D/synergy/nov/synprom_ib.json --default_config ./configs/CREMA_D/default_config_cremad_res_syn.json --fold 2 --pre  --l 0.01 --contrcoeff 1 --lr 0.0001 --wd 0.0001 --cls mlp --perturb gennoise
Namespace(config='./configs/CREMA_D/synergy/nov/synprom_ib.json', default_config='./configs/CREMA_D/default_config_cremad_res_syn.json', fold='2', alpha=None, tanh_mode=None, tanh_mode_beta=None, regby=None, clip=None, batch_size=None, l='0.01', multil=None, l_diffsq=None, lib=None, ratio_us=None, ratio_snr=None, kmepoch=None, num_samples=None, pow=None, nstep=None, contrcoeff='1', kde_coeff=None, etube=None, temperature=None, contr_type=None, shuffle_type=None, validate_with=None, transform_type=None, trasform_before=None, num_classes=None, base_alpha=None, alpha_var=None, base_beta=None, beta_var=None, optim_method=None, ilr_c=None, ilr_g=None, mmcosine_scaling=None, ending_epoch=None, load_ongoing=None, commonlayers=None, recon_weight1=None, recon_weight2=None, recon_epochstages=None, recon_ensemblestages=None, lr='0.0001', wd='0.0001', mm=None, cls='mlp', perturb='gennoise', pre=True, frozen=False, tdqm_disable=False, start_over=False)
2025-11-08 14:33:26,262 - Config - INFO - ./configs/CREMA_D/synergy/nov/synprom_ib.json
2025-11-08 14:33:26,265 - Config - INFO -  THE Configuration of your experiment ..
{'agent': 'Agent',
 'dataset': {'data_roots': '/esat/smcdata/users/kkontras/Image_Dataset/no_backup/CremaD/CREMA-D',
             'data_split': {'fold': 0, 'method': 'non_inclusive'},
             'dataloader_class': 'CramedD_Dataloader',
             'fps': 1,
             'norm': False,
             'norm_face_path': './mydatasets/CREMAD/norm_face_path_fold{}.pkl',
             'norm_wav_path': './mydatasets/CREMAD/wav_norm_16000_fold{}.pkl',
             'num_frame': 3,
             'return_data': {'audio': False,
                             'face': False,
                             'spectrogram': True,
                             'video': True},
             'sampling_rate': 22050},
 'early_stopping': {'end_of_epoch_check': True,
                    'log_interval': 10,
                    'max_epoch': 1500,
                    'n_steps_stop': 20,
                    'n_steps_stop_after': 0,
                    'save_every_step': 3000,
                    'save_every_valstep': 10,
                    'validate_after': 0,
                    'validate_every': 25,
                    'validate_with': 'accuracy'},
 'exp_name': 'CREMAD Experiment',
 'model': {'args': {'bias_infusion': {'ending_epoch': 1500,
                                      'l': 0.1,
                                      'method': 'false',
                                      'plot': False,
                                      'starting_epoch': 0,
                                      'use': True},
                    'clip_grad': False,
                    'cls_type': 'linear',
                    'd_model': 512,
                    'dropout': 0.1,
                    'fc_inner': 64,
                    'multi_loss': {'multi_supervised_w': {'c': 0,
                                                          'combined': 1,
                                                          'g': 0}},
                    'num_classes': 6},
           'encoders': [{'args': {'d_model': 512,
                                  'dropout': 0.1,
                                  'fc_inner': 64,
                                  'freeze_encoder': False,
                                  'num_classes': 6},
                         'model': 'Audio_ResNet',
                         'pretrainedEncoder': {'dir': 'unimodal_audio_fold{}_lr0.001_wd0.0001.pth.tar',
                                               'use': False}},
                        {'args': {'d_model': 512,
                                  'dropout': 0.1,
                                  'fc_inner': 64,
                                  'freeze_encoder': False,
                                  'num_classes': 6},
                         'model': 'Video_ResNet',
                         'pretrainedEncoder': {'dir': 'unimodal_video_fold{}_lr0.001_wd0.0001.pth.tar',
                                               'use': False}}],
           'load_ongoing': False,
           'model_class': 'Fusion_Synprom_IB',
           'save_base_dir': '/esat/smcdata/users/kkontras/Image_Dataset/no_backup/data/2025_data/synergy',
           'save_dir': 'Synprom_IB_{}.pth.tar'},
 'optimizer': {'beta1': 0.9,
               'beta2': 0.999,
               'learning_rate': 1e-05,
               'momentum': 0.9,
               'type': 'Adam',
               'weight_decay': 1e-05},
 'scheduler': {'max_lr': 0.03, 'type': 'cosanneal', 'warm_up_steps': 780},
 'training_params': {'adversarial_training': {'adv_epsilon': 0.01,
                                              'use': False},
                     'async_loading': True,
                     'batch_size': 32,
                     'cuda': True,
                     'data_loader_workers': 8,
                     'gpu_device': [0],
                     'pin_memory': False,
                     'rec_test': True,
                     'res': True,
                     'seed': 109,
                     'tdqm_disable': False,
                     'test_batch_size': 32,
                     'test_on_bottoms': False,
                     'use_test_set': True,
                     'validation': True,
                     'verbose': True,
                     'wandb_disable': False}}
2025-11-08 14:33:26,266 - Config - INFO -  *************************************** 
2025-11-08 14:33:26,266 - Config - INFO - The experiment name is CREMAD Experiment
2025-11-08 14:33:26,266 - Config - INFO -  *************************************** 
2025-11-08 14:33:26,267 - root - INFO - save_dir: Synprom_IB_fold2_l0.01_contrcoeff1_perturbgennoise_lr0.0001_wd0.0001_clsmlp_pre.pth.tar
2025-11-08 14:33:26,386 - Cuda Statistics - INFO - __Python VERSION:  3.9.18 (main, Sep 11 2023, 13:41:44) 
[GCC 11.2.0]
2025-11-08 14:33:26,386 - Cuda Statistics - INFO - __pyTorch VERSION:  2.0.1+cu118
2025-11-08 14:33:26,386 - Cuda Statistics - INFO - __CUDA VERSION
2025-11-08 14:33:26,387 - Cuda Statistics - INFO - __CUDNN VERSION:  8700
2025-11-08 14:33:26,401 - Cuda Statistics - INFO - __Number CUDA Devices:  1
2025-11-08 14:33:26,401 - Cuda Statistics - INFO - __Devices
2025-11-08 14:33:26,402 - Cuda Statistics - INFO - index, name, driver_version, memory.total [MiB], memory.used [MiB], memory.free [MiB]
2025-11-08 14:33:26,402 - Cuda Statistics - INFO - 0, NVIDIA GeForce RTX 2080 Ti, 570.153.02, 11264 MiB, 3 MiB, 10821 MiB
2025-11-08 14:33:26,408 - Cuda Statistics - INFO - Active CUDA Device: GPU 0
2025-11-08 14:33:26,408 - Cuda Statistics - INFO - Available devices  1
2025-11-08 14:33:26,408 - Cuda Statistics - INFO - Current cuda device  0
This path does not exist /esat/smcdata/users/kkontras/Image_Dataset/no_backup/CremaD/CREMA-D/AudioWAV/1076_MTI_SAD_XX.wav or /esat/smcdata/users/kkontras/Image_Dataset/no_backup/CremaD/CREMA-D/Image-01-FPS/1076_MTI_SAD_XX or /esat/smcdata/users/kkontras/Image_Dataset/no_backup/CremaD/CREMA-D/Face_features/1076_MTI_SAD_XX.npy
2025-11-08 14:33:28,537 - root - INFO - Loaded wav norm from ./mydatasets/CREMAD/wav_norm_16000_fold2.pkl
2025-11-08 14:33:28,541 - root - INFO - Norm values are {'mean': tensor(-2.7781e-05), 'std': tensor(0.0615), 'max_duration': 5.005}
2025-11-08 14:33:28,668 - root - INFO - Loaded wav norm from ./mydatasets/CREMAD/wav_norm_16000_fold2.pkl
2025-11-08 14:33:28,668 - root - INFO - Norm values are {'mean': tensor(-2.7781e-05), 'std': tensor(0.0615), 'max_duration': 5.005}
2025-11-08 14:33:28,824 - root - INFO - Loaded wav norm from ./mydatasets/CREMAD/wav_norm_16000_fold2.pkl
2025-11-08 14:33:28,825 - root - INFO - Norm values are {'mean': tensor(-2.7781e-05), 'std': tensor(0.0615), 'max_duration': 5.005}
Available cores 8
We are changing dataloader workers to num of cores 0
2025-11-08 14:33:28,826 - Agent - INFO - Device: cuda:0
2025-11-08 14:33:28,826 - Agent - INFO - Total training batches: 126, validate every 25 batches, steps per epoch: 6
2025-11-08 14:33:32,219 - Agent - INFO - Loss Weights are {'total': 1, 'combined': 1, 'c': 0, 'g': 0}
2025-11-08 14:33:32,745 - root - INFO - Loading enc best model state dict from /esat/smcdata/users/kkontras/Image_Dataset/no_backup/data/2025_data/synergy/unimodal_audio_fold2_lr0.001_wd0.0001.pth.tar
Replacing module
2025-11-08 14:33:33,072 - root - INFO - Loading enc best model state dict from /esat/smcdata/users/kkontras/Image_Dataset/no_backup/data/2025_data/synergy/unimodal_video_fold2_lr0.001_wd0.0001.pth.tar
Replacing module
2025-11-08 14:33:33,156 - Agent - INFO - Total number of trainable parameters are: 23483032
2025-11-08 14:33:33,164 - Agent - INFO - Total number of trainable parameters are: 23483032
2025-11-08 14:38:38,653 - Agent - INFO - [37mVal Epoch 1 step 1 with [31mce_loss_combined : 0.886164 [31mtotal : 0.886164 [94mAcc_combined: 68.47 [94mAcc_c: 58.11 [94mAcc_g: 62.83 [95mCEU_cue_audio: 0.8731 [95mCEU_cue_video: 0.4260 [95mCEU_synergy: 0.1574 [95mCEU_coexistence: 0.9544 
2025-11-08 14:38:38,668 - Agent - INFO - [37mTest Epoch 1 step 1 with [31mce_loss_combined : 0.748482 [31mtotal : 0.748482 [94mAcc_combined: 73.45 [94mAcc_c: 62.31 [94mAcc_g: 54.50 
2025-11-08 14:38:39,466 - Agent - INFO - [37mModels has saved successfully in /esat/smcdata/users/kkontras/Image_Dataset/no_backup/data/2025_data/synergy/Synprom_IB_fold2_l0.01_contrcoeff1_perturbgennoise_lr0.0001_wd0.0001_clsmlp_pre.pth.tar
2025-11-08 14:42:32,447 - Agent - INFO - [37mVal Epoch 2 step 2 with [31mce_loss_combined : 0.714545 [31mtotal : 0.714545 [94mAcc_combined: 76.64 [94mAcc_c: 56.62 [94mAcc_g: 67.09 [95mCEU_cue_audio: 0.8414 [95mCEU_cue_video: 0.6502 [95mCEU_synergy: 0.2991 [95mCEU_coexistence: 0.9818 
2025-11-08 14:42:32,462 - Agent - INFO - [37mTest Epoch 2 step 2 with [31mce_loss_combined : 0.732175 [31mtotal : 0.732175 [94mAcc_combined: 74.95 [94mAcc_c: 60.81 [94mAcc_g: 54.50 
2025-11-08 14:42:33,305 - Agent - INFO - [37mModels has saved successfully in /esat/smcdata/users/kkontras/Image_Dataset/no_backup/data/2025_data/synergy/Synprom_IB_fold2_l0.01_contrcoeff1_perturbgennoise_lr0.0001_wd0.0001_clsmlp_pre.pth.tar
2025-11-08 14:46:17,355 - Agent - INFO - [37mVal Epoch 3 step 3 with [31mce_loss_combined : 0.647755 [31mtotal : 0.647755 [94mAcc_combined: 78.25 [94mAcc_c: 59.26 [94mAcc_g: 66.17 [95mCEU_cue_audio: 0.8097 [95mCEU_cue_video: 0.7443 [95mCEU_synergy: 0.2914 [95mCEU_coexistence: 0.9818 
2025-11-08 14:46:17,371 - Agent - INFO - [37mTest Epoch 3 step 3 with [31mce_loss_combined : 0.800062 [31mtotal : 0.800062 [94mAcc_combined: 73.66 [94mAcc_c: 61.56 [94mAcc_g: 54.18 
2025-11-08 14:46:18,142 - Agent - INFO - [37mModels has saved successfully in /esat/smcdata/users/kkontras/Image_Dataset/no_backup/data/2025_data/synergy/Synprom_IB_fold2_l0.01_contrcoeff1_perturbgennoise_lr0.0001_wd0.0001_clsmlp_pre.pth.tar
2025-11-08 14:50:04,179 - Agent - INFO - [37mVal Epoch 4 step 4 with [31mce_loss_combined : 0.725019 [31mtotal : 0.725019 [94mAcc_combined: 78.25 [94mAcc_c: 55.35 [94mAcc_g: 64.44 [95mCEU_cue_audio: 0.7885 [95mCEU_cue_video: 0.8028 [95mCEU_synergy: 0.2676 [95mCEU_coexistence: 0.9637 
2025-11-08 14:53:51,450 - Agent - INFO - [37mVal Epoch 5 step 5 with [31mce_loss_combined : 0.807994 [31mtotal : 0.807994 [94mAcc_combined: 76.87 [94mAcc_c: 57.19 [94mAcc_g: 61.91 [95mCEU_cue_audio: 0.7038 [95mCEU_cue_video: 0.7849 [95mCEU_synergy: 0.2991 [95mCEU_coexistence: 0.9758 
2025-11-08 14:57:38,723 - Agent - INFO - [37mVal Epoch 6 step 6 with [31mce_loss_combined : 0.847766 [31mtotal : 0.847766 [94mAcc_combined: 75.95 [94mAcc_c: 53.62 [94mAcc_g: 61.80 [95mCEU_cue_audio: 0.6772 [95mCEU_cue_video: 0.8118 [95mCEU_synergy: 0.2519 [95mCEU_coexistence: 0.9666 
2025-11-08 15:01:27,910 - Agent - INFO - [37mVal Epoch 7 step 7 with [31mce_loss_combined : 0.752484 [31mtotal : 0.752484 [94mAcc_combined: 77.33 [94mAcc_c: 52.59 [94mAcc_g: 64.21 [95mCEU_cue_audio: 0.7407 [95mCEU_cue_video: 0.8028 [95mCEU_synergy: 0.2285 [95mCEU_coexistence: 0.9818 
2025-11-08 15:05:14,256 - Agent - INFO - [37mVal Epoch 8 step 8 with [31mce_loss_combined : 0.792387 [31mtotal : 0.792387 [94mAcc_combined: 77.45 [94mAcc_c: 52.82 [94mAcc_g: 62.83 [95mCEU_cue_audio: 0.7618 [95mCEU_cue_video: 0.7981 [95mCEU_synergy: 0.2285 [95mCEU_coexistence: 0.9758 
2025-11-08 15:09:00,431 - Agent - INFO - [37mVal Epoch 9 step 9 with [31mce_loss_combined : 0.786631 [31mtotal : 0.786631 [94mAcc_combined: 76.99 [94mAcc_c: 56.27 [94mAcc_g: 62.37 [95mCEU_cue_audio: 0.7356 [95mCEU_cue_video: 0.8161 [95mCEU_synergy: 0.2285 [95mCEU_coexistence: 0.9666 
2025-11-08 15:12:48,704 - Agent - INFO - [37mVal Epoch 10 step 10 with [31mce_loss_combined : 0.922989 [31mtotal : 0.922989 [94mAcc_combined: 74.80 [94mAcc_c: 51.44 [94mAcc_g: 60.87 [95mCEU_cue_audio: 0.6509 [95mCEU_cue_video: 0.8250 [95mCEU_synergy: 0.2127 [95mCEU_coexistence: 0.9576 
2025-11-08 15:16:38,801 - Agent - INFO - [37mVal Epoch 11 step 11 with [31mce_loss_combined : 0.895749 [31mtotal : 0.895749 [94mAcc_combined: 76.29 [94mAcc_c: 52.82 [94mAcc_g: 61.80 [95mCEU_cue_audio: 0.6984 [95mCEU_cue_video: 0.8161 [95mCEU_synergy: 0.2756 [95mCEU_coexistence: 0.9515 
2025-11-08 15:20:27,367 - Agent - INFO - [37mVal Epoch 12 step 12 with [31mce_loss_combined : 0.950338 [31mtotal : 0.950338 [94mAcc_combined: 74.45 [94mAcc_c: 51.09 [94mAcc_g: 62.14 [95mCEU_cue_audio: 0.6615 [95mCEU_cue_video: 0.8071 [95mCEU_synergy: 0.1813 [95mCEU_coexistence: 0.9666 
2025-11-08 15:24:11,004 - Agent - INFO - [37mVal Epoch 13 step 13 with [31mce_loss_combined : 0.846220 [31mtotal : 0.846220 [94mAcc_combined: 77.10 [94mAcc_c: 53.05 [94mAcc_g: 63.29 [95mCEU_cue_audio: 0.7301 [95mCEU_cue_video: 0.8161 [95mCEU_synergy: 0.2285 [95mCEU_coexistence: 0.9726 
2025-11-08 15:28:01,592 - Agent - INFO - [37mVal Epoch 14 step 14 with [31mce_loss_combined : 0.854225 [31mtotal : 0.854225 [94mAcc_combined: 77.79 [94mAcc_c: 52.93 [94mAcc_g: 63.87 [95mCEU_cue_audio: 0.7356 [95mCEU_cue_video: 0.8297 [95mCEU_synergy: 0.2442 [95mCEU_coexistence: 0.9726 
2025-11-08 15:31:44,562 - Agent - INFO - [37mVal Epoch 15 step 15 with [31mce_loss_combined : 0.943396 [31mtotal : 0.943396 [94mAcc_combined: 75.60 [94mAcc_c: 51.78 [94mAcc_g: 63.52 [95mCEU_cue_audio: 0.6878 [95mCEU_cue_video: 0.8250 [95mCEU_synergy: 0.1970 [95mCEU_coexistence: 0.9637 
2025-11-08 15:35:33,220 - Agent - INFO - [37mVal Epoch 16 step 16 with [31mce_loss_combined : 0.865700 [31mtotal : 0.865700 [94mAcc_combined: 76.29 [94mAcc_c: 52.70 [94mAcc_g: 62.95 [95mCEU_cue_audio: 0.7038 [95mCEU_cue_video: 0.8340 [95mCEU_synergy: 0.2204 [95mCEU_coexistence: 0.9576 
2025-11-08 15:39:23,944 - Agent - INFO - [37mVal Epoch 17 step 17 with [31mce_loss_combined : 1.044495 [31mtotal : 1.044495 [94mAcc_combined: 72.73 [94mAcc_c: 50.52 [94mAcc_g: 61.57 [95mCEU_cue_audio: 0.6509 [95mCEU_cue_video: 0.7849 [95mCEU_synergy: 0.2127 [95mCEU_coexistence: 0.9302 
2025-11-08 15:43:14,037 - Agent - INFO - [37mVal Epoch 18 step 18 with [31mce_loss_combined : 0.901803 [31mtotal : 0.901803 [94mAcc_combined: 77.56 [94mAcc_c: 55.24 [94mAcc_g: 62.60 [95mCEU_cue_audio: 0.6984 [95mCEU_cue_video: 0.8519 [95mCEU_synergy: 0.2519 [95mCEU_coexistence: 0.9697 
2025-11-08 15:46:58,830 - Agent - INFO - [37mVal Epoch 19 step 19 with [31mce_loss_combined : 0.972967 [31mtotal : 0.972967 [94mAcc_combined: 75.72 [94mAcc_c: 49.14 [94mAcc_g: 63.18 [95mCEU_cue_audio: 0.6772 [95mCEU_cue_video: 0.8207 [95mCEU_synergy: 0.2361 [95mCEU_coexistence: 0.9605 
2025-11-08 15:50:57,183 - Agent - INFO - [37mVal Epoch 20 step 20 with [31mce_loss_combined : 0.905140 [31mtotal : 0.905140 [94mAcc_combined: 76.29 [94mAcc_c: 52.36 [94mAcc_g: 63.41 [95mCEU_cue_audio: 0.6984 [95mCEU_cue_video: 0.8387 [95mCEU_synergy: 0.1889 [95mCEU_coexistence: 0.9697 
2025-11-08 15:54:43,147 - Agent - INFO - [37mVal Epoch 21 step 21 with [31mce_loss_combined : 1.039512 [31mtotal : 1.039512 [94mAcc_combined: 73.65 [94mAcc_c: 50.29 [94mAcc_g: 62.83 [95mCEU_cue_audio: 0.6294 [95mCEU_cue_video: 0.8250 [95mCEU_synergy: 0.2127 [95mCEU_coexistence: 0.9394 
2025-11-08 15:58:39,686 - Agent - INFO - [37mVal Epoch 22 step 22 with [31mce_loss_combined : 0.910220 [31mtotal : 0.910220 [94mAcc_combined: 76.64 [94mAcc_c: 52.47 [94mAcc_g: 65.13 [95mCEU_cue_audio: 0.6932 [95mCEU_cue_video: 0.8161 [95mCEU_synergy: 0.2756 [95mCEU_coexistence: 0.9637 
2025-11-08 15:58:40,721 - Agent - INFO - We are in the final state.
2025-11-08 15:58:40,975 - root - INFO - Loaded best model from /esat/smcdata/users/kkontras/Image_Dataset/no_backup/data/2025_data/synergy/Synprom_IB_fold2_l0.01_contrcoeff1_perturbgennoise_lr0.0001_wd0.0001_clsmlp_pre.pth.tar
2025-11-08 15:58:57,069 - Agent - INFO - [37mVal Epoch 22 step 0 with [31mce_loss_combined : 0.647755 [31mtotal : 0.647755 [94mAcc_combined: 78.25 [94mAcc_c: 59.26 [94mAcc_g: 66.17 [95mCEU_cue_audio: 0.8097 [95mCEU_cue_video: 0.7443 [95mCEU_synergy: 0.2914 [95mCEU_coexistence: 0.9818 
2025-11-08 15:59:12,218 - Agent - INFO - [37mTest Epoch 22 step 0 with [31mce_loss_combined : 0.800062 [31mtotal : 0.800062 [94mAcc_combined: 73.66 [94mAcc_c: 61.56 [94mAcc_g: 54.18 
2025-11-08 15:59:13,934 - Agent - INFO - [37mModels has saved successfully in /esat/smcdata/users/kkontras/Image_Dataset/no_backup/data/2025_data/synergy/Synprom_IB_fold2_l0.01_contrcoeff1_perturbgennoise_lr0.0001_wd0.0001_clsmlp_pre.pth.tar
Job finished
