000 (014.002.000) 2025-11-08 14:33:03 Job submitted from host: <10.87.28.209:9618?addrs=10.87.28.209-9618&alias=krakas.esat.kuleuven.be&noUDP&sock=schedd_1611_9729>
...
001 (014.002.000) 2025-11-08 14:33:12 Job executing on host: <10.87.28.117:9618?addrs=10.87.28.117-9618&alias=stadius-nc-4.esat.kuleuven.be&noUDP&sock=startd_3335_1c6f>
	SlotName: slot1_2@stadius-nc-4.esat.kuleuven.be
	AvailableGPUs = { GPUs_GPU_8c3c8db2 }
	CondorScratchDir = "/volume1/condor/execute/dir_1301259"
	Cpus = 8
	Disk = 1050150
	GPUs = 1
	GPUs_GPU_8c3c8db2 = [ Id = "GPU-8c3c8db2"; ClockMhz = 1545.0; Capability = 7.5; CoresPerCU = 64; DeviceName = "NVIDIA GeForce RTX 2080 Ti"; DeviceUuid = "8c3c8db2-06a6-9e0e-a6ee-a948fb2f7f27"; ECCEnabled = false; ComputeUnits = 68; NvidiaDriver = "570.153.02"; DriverVersion = 12.8; DevicePciBusId = "0000:5B:00.0"; GlobalMemoryMb = 10823; MaxSupportedVersion = 12080 ]
	Memory = 71680
...
006 (014.002.000) 2025-11-08 14:33:21 Image size of job updated: 565128
	552  -  MemoryUsage of job (MB)
	565128  -  ResidentSetSize of job (KB)
...
006 (014.002.000) 2025-11-08 14:38:22 Image size of job updated: 1578568
	1446  -  MemoryUsage of job (MB)
	1480596  -  ResidentSetSize of job (KB)
...
006 (014.002.000) 2025-11-08 14:43:23 Image size of job updated: 1636008
	1490  -  MemoryUsage of job (MB)
	1524924  -  ResidentSetSize of job (KB)
...
006 (014.002.000) 2025-11-08 14:48:23 Image size of job updated: 1642432
	1550  -  MemoryUsage of job (MB)
	1586836  -  ResidentSetSize of job (KB)
...
006 (014.002.000) 2025-11-08 14:53:24 Image size of job updated: 1653568
	1615  -  MemoryUsage of job (MB)
	1653568  -  ResidentSetSize of job (KB)
...
006 (014.002.000) 2025-11-08 14:58:24 Image size of job updated: 1660720
	1615  -  MemoryUsage of job (MB)
	1653568  -  ResidentSetSize of job (KB)
...
006 (014.002.000) 2025-11-08 15:03:24 Image size of job updated: 1687176
	1615  -  MemoryUsage of job (MB)
	1653568  -  ResidentSetSize of job (KB)
...
006 (014.002.000) 2025-11-08 15:08:25 Image size of job updated: 1706656
	1615  -  MemoryUsage of job (MB)
	1653568  -  ResidentSetSize of job (KB)
...
006 (014.002.000) 2025-11-08 15:13:25 Image size of job updated: 1774048
	1615  -  MemoryUsage of job (MB)
	1653568  -  ResidentSetSize of job (KB)
...
006 (014.002.000) 2025-11-08 15:59:21 Image size of job updated: 2084544
	1615  -  MemoryUsage of job (MB)
	1653568  -  ResidentSetSize of job (KB)
...
005 (014.002.000) 2025-11-08 15:59:21 Job terminated.
	(1) Normal termination (return value 0)
		Usr 0 04:17:15, Sys 0 00:31:18  -  Run Remote Usage
		Usr 0 00:00:00, Sys 0 00:00:00  -  Run Local Usage
		Usr 0 04:17:15, Sys 0 00:31:18  -  Total Remote Usage
		Usr 0 00:00:00, Sys 0 00:00:00  -  Total Local Usage
	0  -  Run Bytes Sent By Job
	0  -  Run Bytes Received By Job
	0  -  Total Bytes Sent By Job
	0  -  Total Bytes Received By Job
	Partitionable Resources :    Usage  Request Allocated Assigned
	   Cpus                 :     3.58        8         8 
	   Disk (KB)            :     2     1048576   1050150 
	   GPUs                 :     0.61        1         1 "GPU-8c3c8db2"
	   GpusMemory (MB)      :  9266                       
	   Memory (MB)          :  1615       71680     71680 
	   TimeExecute (s)      :  5169                       
	   TimeSlotBusy (s)     :  5169                       
...
