Starting Job
/esat/smcdata/users/kkontras/Image_Dataset/no_backup/git/Synergy/train.py
/esat/smcdata/users/kkontras/Image_Dataset/no_backup/envs/balance_env/bin/python
Python 3.9.18
/esat/smcdata/users/kkontras/Image_Dataset/no_backup/git/Synergy
We have 1 GPU
/esat/smcdata/users/kkontras/Image_Dataset/no_backup/git/Synergy/train.py
config-./configs/CREMA_D/synergy/nov/synprom_ib.json
Executing command: accelerate launch /esat/smcdata/users/kkontras/Image_Dataset/no_backup/git/Synergy/train.py --config ./configs/CREMA_D/synergy/nov/synprom_ib.json --default_config ./configs/CREMA_D/default_config_cremad_res_syn.json --fold 0 --pre  --l 0.05 --contrcoeff 1 --lr 0.0001 --wd 0.0001 --cls mlp --perturb gennoise
Namespace(config='./configs/CREMA_D/synergy/nov/synprom_ib.json', default_config='./configs/CREMA_D/default_config_cremad_res_syn.json', fold='0', alpha=None, tanh_mode=None, tanh_mode_beta=None, regby=None, clip=None, batch_size=None, l='0.05', multil=None, l_diffsq=None, lib=None, ratio_us=None, ratio_snr=None, kmepoch=None, num_samples=None, pow=None, nstep=None, contrcoeff='1', kde_coeff=None, etube=None, temperature=None, contr_type=None, shuffle_type=None, validate_with=None, transform_type=None, trasform_before=None, num_classes=None, base_alpha=None, alpha_var=None, base_beta=None, beta_var=None, optim_method=None, ilr_c=None, ilr_g=None, mmcosine_scaling=None, ending_epoch=None, load_ongoing=None, commonlayers=None, recon_weight1=None, recon_weight2=None, recon_epochstages=None, recon_ensemblestages=None, lr='0.0001', wd='0.0001', mm=None, cls='mlp', perturb='gennoise', pre=True, frozen=False, tdqm_disable=False, start_over=False)
2025-11-08 14:33:38,941 - Config - INFO - ./configs/CREMA_D/synergy/nov/synprom_ib.json
2025-11-08 14:33:38,946 - Config - INFO -  THE Configuration of your experiment ..
{'agent': 'Agent',
 'dataset': {'data_roots': '/esat/smcdata/users/kkontras/Image_Dataset/no_backup/CremaD/CREMA-D',
             'data_split': {'fold': 0, 'method': 'non_inclusive'},
             'dataloader_class': 'CramedD_Dataloader',
             'fps': 1,
             'norm': False,
             'norm_face_path': './mydatasets/CREMAD/norm_face_path_fold{}.pkl',
             'norm_wav_path': './mydatasets/CREMAD/wav_norm_16000_fold{}.pkl',
             'num_frame': 3,
             'return_data': {'audio': False,
                             'face': False,
                             'spectrogram': True,
                             'video': True},
             'sampling_rate': 22050},
 'early_stopping': {'end_of_epoch_check': True,
                    'log_interval': 10,
                    'max_epoch': 1500,
                    'n_steps_stop': 20,
                    'n_steps_stop_after': 0,
                    'save_every_step': 3000,
                    'save_every_valstep': 10,
                    'validate_after': 0,
                    'validate_every': 25,
                    'validate_with': 'accuracy'},
 'exp_name': 'CREMAD Experiment',
 'model': {'args': {'bias_infusion': {'ending_epoch': 1500,
                                      'l': 0.1,
                                      'method': 'false',
                                      'plot': False,
                                      'starting_epoch': 0,
                                      'use': True},
                    'clip_grad': False,
                    'cls_type': 'linear',
                    'd_model': 512,
                    'dropout': 0.1,
                    'fc_inner': 64,
                    'multi_loss': {'multi_supervised_w': {'c': 0,
                                                          'combined': 1,
                                                          'g': 0}},
                    'num_classes': 6},
           'encoders': [{'args': {'d_model': 512,
                                  'dropout': 0.1,
                                  'fc_inner': 64,
                                  'freeze_encoder': False,
                                  'num_classes': 6},
                         'model': 'Audio_ResNet',
                         'pretrainedEncoder': {'dir': 'unimodal_audio_fold{}_lr0.001_wd0.0001.pth.tar',
                                               'use': False}},
                        {'args': {'d_model': 512,
                                  'dropout': 0.1,
                                  'fc_inner': 64,
                                  'freeze_encoder': False,
                                  'num_classes': 6},
                         'model': 'Video_ResNet',
                         'pretrainedEncoder': {'dir': 'unimodal_video_fold{}_lr0.001_wd0.0001.pth.tar',
                                               'use': False}}],
           'load_ongoing': False,
           'model_class': 'Fusion_Synprom_IB',
           'save_base_dir': '/esat/smcdata/users/kkontras/Image_Dataset/no_backup/data/2025_data/synergy',
           'save_dir': 'Synprom_IB_{}.pth.tar'},
 'optimizer': {'beta1': 0.9,
               'beta2': 0.999,
               'learning_rate': 1e-05,
               'momentum': 0.9,
               'type': 'Adam',
               'weight_decay': 1e-05},
 'scheduler': {'max_lr': 0.03, 'type': 'cosanneal', 'warm_up_steps': 780},
 'training_params': {'adversarial_training': {'adv_epsilon': 0.01,
                                              'use': False},
                     'async_loading': True,
                     'batch_size': 32,
                     'cuda': True,
                     'data_loader_workers': 8,
                     'gpu_device': [0],
                     'pin_memory': False,
                     'rec_test': True,
                     'res': True,
                     'seed': 109,
                     'tdqm_disable': False,
                     'test_batch_size': 32,
                     'test_on_bottoms': False,
                     'use_test_set': True,
                     'validation': True,
                     'verbose': True,
                     'wandb_disable': False}}
2025-11-08 14:33:38,949 - Config - INFO -  *************************************** 
2025-11-08 14:33:38,949 - Config - INFO - The experiment name is CREMAD Experiment
2025-11-08 14:33:38,949 - Config - INFO -  *************************************** 
2025-11-08 14:33:38,949 - root - INFO - save_dir: Synprom_IB_fold0_l0.05_contrcoeff1_perturbgennoise_lr0.0001_wd0.0001_clsmlp_pre.pth.tar
2025-11-08 14:33:39,175 - Cuda Statistics - INFO - __Python VERSION:  3.9.18 (main, Sep 11 2023, 13:41:44) 
[GCC 11.2.0]
2025-11-08 14:33:39,176 - Cuda Statistics - INFO - __pyTorch VERSION:  2.0.1+cu118
2025-11-08 14:33:39,176 - Cuda Statistics - INFO - __CUDA VERSION
2025-11-08 14:33:39,180 - Cuda Statistics - INFO - __CUDNN VERSION:  8700
2025-11-08 14:33:39,224 - Cuda Statistics - INFO - __Number CUDA Devices:  1
2025-11-08 14:33:39,224 - Cuda Statistics - INFO - __Devices
2025-11-08 14:33:39,224 - Cuda Statistics - INFO - index, name, driver_version, memory.total [MiB], memory.used [MiB], memory.free [MiB]
2025-11-08 14:33:39,224 - Cuda Statistics - INFO - 0, Tesla P100-PCIE-16GB, 580.95.05, 16384 MiB, 3 MiB, 16268 MiB
2025-11-08 14:33:39,227 - Cuda Statistics - INFO - Active CUDA Device: GPU 0
2025-11-08 14:33:39,227 - Cuda Statistics - INFO - Available devices  1
2025-11-08 14:33:39,227 - Cuda Statistics - INFO - Current cuda device  0
This path does not exist /esat/smcdata/users/kkontras/Image_Dataset/no_backup/CremaD/CREMA-D/AudioWAV/1076_MTI_SAD_XX.wav or /esat/smcdata/users/kkontras/Image_Dataset/no_backup/CremaD/CREMA-D/Image-01-FPS/1076_MTI_SAD_XX or /esat/smcdata/users/kkontras/Image_Dataset/no_backup/CremaD/CREMA-D/Face_features/1076_MTI_SAD_XX.npy
2025-11-08 14:33:41,768 - root - INFO - Loaded wav norm from ./mydatasets/CREMAD/wav_norm_16000_fold0.pkl
2025-11-08 14:33:41,774 - root - INFO - Norm values are {'mean': tensor(-2.7937e-05), 'std': tensor(0.0613), 'max_duration': 4.8715625}
2025-11-08 14:33:42,023 - root - INFO - Loaded wav norm from ./mydatasets/CREMAD/wav_norm_16000_fold0.pkl
2025-11-08 14:33:42,025 - root - INFO - Norm values are {'mean': tensor(-2.7937e-05), 'std': tensor(0.0613), 'max_duration': 4.8715625}
2025-11-08 14:33:42,156 - root - INFO - Loaded wav norm from ./mydatasets/CREMAD/wav_norm_16000_fold0.pkl
2025-11-08 14:33:42,157 - root - INFO - Norm values are {'mean': tensor(-2.7937e-05), 'std': tensor(0.0613), 'max_duration': 4.8715625}
Available cores 8
We are changing dataloader workers to num of cores 0
2025-11-08 14:33:42,163 - Agent - INFO - Device: cuda:0
2025-11-08 14:33:42,163 - Agent - INFO - Total training batches: 127, validate every 25 batches, steps per epoch: 6
2025-11-08 14:33:48,810 - Agent - INFO - Loss Weights are {'total': 1, 'combined': 1, 'c': 0, 'g': 0}
2025-11-08 14:33:50,294 - root - INFO - Loading enc best model state dict from /esat/smcdata/users/kkontras/Image_Dataset/no_backup/data/2025_data/synergy/unimodal_audio_fold0_lr0.001_wd0.0001.pth.tar
Replacing module
2025-11-08 14:33:50,766 - root - INFO - Loading enc best model state dict from /esat/smcdata/users/kkontras/Image_Dataset/no_backup/data/2025_data/synergy/unimodal_video_fold0_lr0.001_wd0.0001.pth.tar
Replacing module
2025-11-08 14:33:50,824 - Agent - INFO - Total number of trainable parameters are: 23483032
2025-11-08 14:33:50,834 - Agent - INFO - Total number of trainable parameters are: 23483032
2025-11-08 14:41:35,118 - Agent - INFO - [37mVal Epoch 1 step 1 with [31mce_loss_combined : 0.694139 [31mtotal : 0.694139 [94mAcc_combined: 76.88 [94mAcc_c: 60.02 [94mAcc_g: 59.79 [95mCEU_cue_audio: 0.7351 [95mCEU_cue_video: 0.7271 [95mCEU_synergy: 0.2376 [95mCEU_coexistence: 0.9811 
2025-11-08 14:41:35,142 - Agent - INFO - [37mTest Epoch 1 step 1 with [31mce_loss_combined : 0.883724 [31mtotal : 0.883724 [94mAcc_combined: 68.97 [94mAcc_c: 53.73 [94mAcc_g: 53.84 
2025-11-08 14:41:36,246 - Agent - INFO - [37mModels has saved successfully in /esat/smcdata/users/kkontras/Image_Dataset/no_backup/data/2025_data/synergy/Synprom_IB_fold0_l0.05_contrcoeff1_perturbgennoise_lr0.0001_wd0.0001_clsmlp_pre.pth.tar
2025-11-08 14:48:23,872 - Agent - INFO - [37mVal Epoch 2 step 2 with [31mce_loss_combined : 0.848070 [31mtotal : 0.848070 [94mAcc_combined: 72.21 [94mAcc_c: 62.41 [94mAcc_g: 57.63 [95mCEU_cue_audio: 0.4796 [95mCEU_cue_video: 0.8302 [95mCEU_synergy: 0.2952 [95mCEU_coexistence: 0.9570 
2025-11-08 14:55:11,993 - Agent - INFO - [37mVal Epoch 3 step 3 with [31mce_loss_combined : 1.193919 [31mtotal : 1.193919 [94mAcc_combined: 66.51 [94mAcc_c: 61.85 [94mAcc_g: 56.04 [95mCEU_cue_audio: 0.3516 [95mCEU_cue_video: 0.8302 [95mCEU_synergy: 0.3031 [95mCEU_coexistence: 0.8952 
2025-11-08 15:02:03,328 - Agent - INFO - [37mVal Epoch 4 step 4 with [31mce_loss_combined : 1.198115 [31mtotal : 1.198115 [94mAcc_combined: 66.97 [94mAcc_c: 62.87 [94mAcc_g: 57.52 [95mCEU_cue_audio: 0.3424 [95mCEU_cue_video: 0.8484 [95mCEU_synergy: 0.2131 [95mCEU_coexistence: 0.9327 
2025-11-08 15:08:59,556 - Agent - INFO - [37mVal Epoch 5 step 5 with [31mce_loss_combined : 1.228169 [31mtotal : 1.228169 [94mAcc_combined: 69.25 [94mAcc_c: 60.93 [94mAcc_g: 57.86 [95mCEU_cue_audio: 0.3699 [95mCEU_cue_video: 0.8547 [95mCEU_synergy: 0.2376 [95mCEU_coexistence: 0.9596 
2025-11-08 15:15:52,342 - Agent - INFO - [37mVal Epoch 6 step 6 with [31mce_loss_combined : 1.284844 [31mtotal : 1.284844 [94mAcc_combined: 68.34 [94mAcc_c: 61.96 [94mAcc_g: 57.29 [95mCEU_cue_audio: 0.3471 [95mCEU_cue_video: 0.8606 [95mCEU_synergy: 0.2952 [95mCEU_coexistence: 0.9301 
2025-11-08 15:22:39,214 - Agent - INFO - [37mVal Epoch 7 step 7 with [31mce_loss_combined : 1.266360 [31mtotal : 1.266360 [94mAcc_combined: 68.00 [94mAcc_c: 61.50 [94mAcc_g: 56.26 [95mCEU_cue_audio: 0.3789 [95mCEU_cue_video: 0.8425 [95mCEU_synergy: 0.2541 [95mCEU_coexistence: 0.9247 
2025-11-08 15:29:27,291 - Agent - INFO - [37mVal Epoch 8 step 8 with [31mce_loss_combined : 1.310568 [31mtotal : 1.310568 [94mAcc_combined: 66.74 [94mAcc_c: 61.96 [94mAcc_g: 56.49 [95mCEU_cue_audio: 0.3152 [95mCEU_cue_video: 0.8665 [95mCEU_synergy: 0.2786 [95mCEU_coexistence: 0.9141 
2025-11-08 15:36:14,648 - Agent - INFO - [37mVal Epoch 9 step 9 with [31mce_loss_combined : 1.325277 [31mtotal : 1.325277 [94mAcc_combined: 67.43 [94mAcc_c: 58.31 [94mAcc_g: 55.81 [95mCEU_cue_audio: 0.3288 [95mCEU_cue_video: 0.8547 [95mCEU_synergy: 0.2541 [95mCEU_coexistence: 0.9356 
2025-11-08 15:43:05,118 - Agent - INFO - [37mVal Epoch 10 step 10 with [31mce_loss_combined : 1.345485 [31mtotal : 1.345485 [94mAcc_combined: 66.86 [94mAcc_c: 59.23 [94mAcc_g: 55.92 [95mCEU_cue_audio: 0.3516 [95mCEU_cue_video: 0.8362 [95mCEU_synergy: 0.2705 [95mCEU_coexistence: 0.9113 
2025-11-08 15:50:02,122 - Agent - INFO - [37mVal Epoch 11 step 11 with [31mce_loss_combined : 1.367669 [31mtotal : 1.367669 [94mAcc_combined: 65.72 [94mAcc_c: 58.54 [94mAcc_g: 55.92 [95mCEU_cue_audio: 0.3014 [95mCEU_cue_video: 0.8362 [95mCEU_synergy: 0.3197 [95mCEU_coexistence: 0.8978 
2025-11-08 15:57:09,331 - Agent - INFO - [37mVal Epoch 12 step 12 with [31mce_loss_combined : 1.401212 [31mtotal : 1.401212 [94mAcc_combined: 65.83 [94mAcc_c: 59.91 [94mAcc_g: 54.78 [95mCEU_cue_audio: 0.3152 [95mCEU_cue_video: 0.8606 [95mCEU_synergy: 0.3197 [95mCEU_coexistence: 0.8818 
2025-11-08 16:04:18,804 - Agent - INFO - [37mVal Epoch 13 step 13 with [31mce_loss_combined : 1.411239 [31mtotal : 1.411239 [94mAcc_combined: 65.60 [94mAcc_c: 60.36 [94mAcc_g: 56.15 [95mCEU_cue_audio: 0.2923 [95mCEU_cue_video: 0.8547 [95mCEU_synergy: 0.3115 [95mCEU_coexistence: 0.8952 
2025-11-08 16:11:25,502 - Agent - INFO - [37mVal Epoch 14 step 14 with [31mce_loss_combined : 1.205603 [31mtotal : 1.205603 [94mAcc_combined: 68.79 [94mAcc_c: 60.82 [94mAcc_g: 56.83 [95mCEU_cue_audio: 0.3653 [95mCEU_cue_video: 0.8606 [95mCEU_synergy: 0.2871 [95mCEU_coexistence: 0.9327 
2025-11-08 16:18:31,799 - Agent - INFO - [37mVal Epoch 15 step 15 with [31mce_loss_combined : 1.305396 [31mtotal : 1.305396 [94mAcc_combined: 67.08 [94mAcc_c: 62.19 [94mAcc_g: 55.69 [95mCEU_cue_audio: 0.3196 [95mCEU_cue_video: 0.8787 [95mCEU_synergy: 0.2952 [95mCEU_coexistence: 0.9087 
2025-11-08 16:25:20,183 - Agent - INFO - [37mVal Epoch 16 step 16 with [31mce_loss_combined : 1.374971 [31mtotal : 1.374971 [94mAcc_combined: 65.49 [94mAcc_c: 61.96 [94mAcc_g: 55.35 [95mCEU_cue_audio: 0.3471 [95mCEU_cue_video: 0.7999 [95mCEU_synergy: 0.3281 [95mCEU_coexistence: 0.8789 
2025-11-08 16:32:08,344 - Agent - INFO - [37mVal Epoch 17 step 17 with [31mce_loss_combined : 1.315138 [31mtotal : 1.315138 [94mAcc_combined: 67.54 [94mAcc_c: 59.11 [94mAcc_g: 55.92 [95mCEU_cue_audio: 0.3424 [95mCEU_cue_video: 0.8665 [95mCEU_synergy: 0.2786 [95mCEU_coexistence: 0.9167 
2025-11-08 16:38:54,264 - Agent - INFO - [37mVal Epoch 18 step 18 with [31mce_loss_combined : 1.126095 [31mtotal : 1.126095 [94mAcc_combined: 72.78 [94mAcc_c: 57.29 [94mAcc_g: 57.97 [95mCEU_cue_audio: 0.4749 [95mCEU_cue_video: 0.8547 [95mCEU_synergy: 0.2786 [95mCEU_coexistence: 0.9677 
2025-11-08 16:45:40,680 - Agent - INFO - [37mVal Epoch 19 step 19 with [31mce_loss_combined : 1.207231 [31mtotal : 1.207231 [94mAcc_combined: 70.16 [94mAcc_c: 60.14 [94mAcc_g: 56.26 [95mCEU_cue_audio: 0.3974 [95mCEU_cue_video: 0.8606 [95mCEU_synergy: 0.2952 [95mCEU_coexistence: 0.9436 
2025-11-08 16:52:33,553 - Agent - INFO - [37mVal Epoch 20 step 20 with [31mce_loss_combined : 1.092934 [31mtotal : 1.092934 [94mAcc_combined: 71.18 [94mAcc_c: 60.02 [94mAcc_g: 56.83 [95mCEU_cue_audio: 0.4749 [95mCEU_cue_video: 0.8181 [95mCEU_synergy: 0.2705 [95mCEU_coexistence: 0.9490 
2025-11-08 16:52:36,943 - Agent - INFO - We are in the final state.
2025-11-08 16:52:37,323 - root - INFO - Loaded best model from /esat/smcdata/users/kkontras/Image_Dataset/no_backup/data/2025_data/synergy/Synprom_IB_fold0_l0.05_contrcoeff1_perturbgennoise_lr0.0001_wd0.0001_clsmlp_pre.pth.tar
2025-11-08 16:53:00,187 - Agent - INFO - [37mVal Epoch 20 step 0 with [31mce_loss_combined : 0.694139 [31mtotal : 0.694139 [94mAcc_combined: 76.88 [94mAcc_c: 60.02 [94mAcc_g: 59.79 [95mCEU_cue_audio: 0.7351 [95mCEU_cue_video: 0.7271 [95mCEU_synergy: 0.2376 [95mCEU_coexistence: 0.9811 
2025-11-08 16:53:23,772 - Agent - INFO - [37mTest Epoch 20 step 0 with [31mce_loss_combined : 0.883724 [31mtotal : 0.883724 [94mAcc_combined: 68.97 [94mAcc_c: 53.73 [94mAcc_g: 53.84 
2025-11-08 16:53:25,425 - Agent - INFO - [37mModels has saved successfully in /esat/smcdata/users/kkontras/Image_Dataset/no_backup/data/2025_data/synergy/Synprom_IB_fold0_l0.05_contrcoeff1_perturbgennoise_lr0.0001_wd0.0001_clsmlp_pre.pth.tar
Job finished
