000 (014.004.000) 2025-11-08 14:33:03 Job submitted from host: <10.87.28.209:9618?addrs=10.87.28.209-9618&alias=krakas.esat.kuleuven.be&noUDP&sock=schedd_1611_9729>
...
001 (014.004.000) 2025-11-08 14:33:14 Job executing on host: <10.87.24.25:9618?addrs=10.87.24.25-9618+[--1]-9618&alias=estragon.esat.kuleuven.be&noUDP&sock=startd_2009_95db>
	SlotName: slot1_3@estragon.esat.kuleuven.be
	AvailableGPUs = { GPUs_GPU_193a1cfd }
	CondorScratchDir = "/usr/data/condor/execute/dir_290912"
	Cpus = 8
	Disk = 1054592
	GPUs = 1
	GPUs_GPU_193a1cfd = [ Id = "GPU-193a1cfd"; ClockMhz = 1328.5; Capability = 6.0; CoresPerCU = 64; DeviceName = "Tesla P100-PCIE-16GB"; DeviceUuid = "193a1cfd-3ef5-207c-3098-c99b2d71fabc"; ECCEnabled = true; ComputeUnits = 56; NvidiaDriver = "580.95.05"; DriverVersion = 13.0; DevicePciBusId = "0000:0E:00.0"; GlobalMemoryMb = 16269; MaxSupportedVersion = 13000 ]
	Memory = 71680
...
006 (014.004.000) 2025-11-08 14:33:23 Image size of job updated: 256616
	251  -  MemoryUsage of job (MB)
	256616  -  ResidentSetSize of job (KB)
...
006 (014.004.000) 2025-11-08 14:38:24 Image size of job updated: 1342284
	1233  -  MemoryUsage of job (MB)
	1261928  -  ResidentSetSize of job (KB)
...
006 (014.004.000) 2025-11-08 14:43:24 Image size of job updated: 1488616
	1401  -  MemoryUsage of job (MB)
	1434372  -  ResidentSetSize of job (KB)
...
006 (014.004.000) 2025-11-08 14:48:25 Image size of job updated: 1519884
	1485  -  MemoryUsage of job (MB)
	1519884  -  ResidentSetSize of job (KB)
...
006 (014.004.000) 2025-11-08 14:58:26 Image size of job updated: 1527180
	1485  -  MemoryUsage of job (MB)
	1519884  -  ResidentSetSize of job (KB)
...
006 (014.004.000) 2025-11-08 15:03:26 Image size of job updated: 1528408
	1485  -  MemoryUsage of job (MB)
	1519884  -  ResidentSetSize of job (KB)
...
006 (014.004.000) 2025-11-08 15:13:27 Image size of job updated: 1529624
	1485  -  MemoryUsage of job (MB)
	1519884  -  ResidentSetSize of job (KB)
...
006 (014.004.000) 2025-11-08 15:18:27 Image size of job updated: 1531492
	1485  -  MemoryUsage of job (MB)
	1519884  -  ResidentSetSize of job (KB)
...
006 (014.004.000) 2025-11-08 15:43:30 Image size of job updated: 1532640
	1485  -  MemoryUsage of job (MB)
	1519884  -  ResidentSetSize of job (KB)
...
006 (014.004.000) 2025-11-08 15:48:31 Image size of job updated: 1533360
	1485  -  MemoryUsage of job (MB)
	1519884  -  ResidentSetSize of job (KB)
...
006 (014.004.000) 2025-11-08 16:03:33 Image size of job updated: 1536072
	1485  -  MemoryUsage of job (MB)
	1519884  -  ResidentSetSize of job (KB)
...
006 (014.004.000) 2025-11-08 16:23:35 Image size of job updated: 1549772
	1485  -  MemoryUsage of job (MB)
	1519884  -  ResidentSetSize of job (KB)
...
005 (014.004.000) 2025-11-08 17:00:54 Job terminated.
	(1) Normal termination (return value 0)
		Usr 0 06:20:51, Sys 0 00:34:58  -  Run Remote Usage
		Usr 0 00:00:00, Sys 0 00:00:00  -  Run Local Usage
		Usr 0 06:20:51, Sys 0 00:34:58  -  Total Remote Usage
		Usr 0 00:00:00, Sys 0 00:00:00  -  Total Local Usage
	0  -  Run Bytes Sent By Job
	0  -  Run Bytes Received By Job
	0  -  Total Bytes Sent By Job
	0  -  Total Bytes Received By Job
	Partitionable Resources :    Usage  Request Allocated Assigned
	   Cpus                 :     2.54        8         8 
	   Disk (KB)            :     2     1048576   1054592 
	   GPUs                 :     0.63        1         1 "GPU-193a1cfd"
	   GpusMemory (MB)      :  9049                       
	   Memory (MB)          :  1485       71680     71680 
	   TimeExecute (s)      :  8860                       
	   TimeSlotBusy (s)     :  8860                       
...
