Starting Job
/esat/smcdata/users/kkontras/Image_Dataset/no_backup/git/Synergy/train.py
/esat/smcdata/users/kkontras/Image_Dataset/no_backup/envs/balance_env/bin/python
Python 3.9.18
/esat/smcdata/users/kkontras/Image_Dataset/no_backup/git/Synergy
We have 1 GPU
/esat/smcdata/users/kkontras/Image_Dataset/no_backup/git/Synergy/train.py
config-./configs/CREMA_D/synergy/nov/synprom_ib.json
Executing command: accelerate launch /esat/smcdata/users/kkontras/Image_Dataset/no_backup/git/Synergy/train.py --config ./configs/CREMA_D/synergy/nov/synprom_ib.json --default_config ./configs/CREMA_D/default_config_cremad_res_syn.json --fold 1 --pre  --l 0.05 --contrcoeff 1 --lr 0.0001 --wd 0.0001 --cls mlp --perturb gennoise
Namespace(config='./configs/CREMA_D/synergy/nov/synprom_ib.json', default_config='./configs/CREMA_D/default_config_cremad_res_syn.json', fold='1', alpha=None, tanh_mode=None, tanh_mode_beta=None, regby=None, clip=None, batch_size=None, l='0.05', multil=None, l_diffsq=None, lib=None, ratio_us=None, ratio_snr=None, kmepoch=None, num_samples=None, pow=None, nstep=None, contrcoeff='1', kde_coeff=None, etube=None, temperature=None, contr_type=None, shuffle_type=None, validate_with=None, transform_type=None, trasform_before=None, num_classes=None, base_alpha=None, alpha_var=None, base_beta=None, beta_var=None, optim_method=None, ilr_c=None, ilr_g=None, mmcosine_scaling=None, ending_epoch=None, load_ongoing=None, commonlayers=None, recon_weight1=None, recon_weight2=None, recon_epochstages=None, recon_ensemblestages=None, lr='0.0001', wd='0.0001', mm=None, cls='mlp', perturb='gennoise', pre=True, frozen=False, tdqm_disable=False, start_over=False)
2025-11-08 14:33:38,942 - Config - INFO - ./configs/CREMA_D/synergy/nov/synprom_ib.json
2025-11-08 14:33:38,947 - Config - INFO -  THE Configuration of your experiment ..
{'agent': 'Agent',
 'dataset': {'data_roots': '/esat/smcdata/users/kkontras/Image_Dataset/no_backup/CremaD/CREMA-D',
             'data_split': {'fold': 0, 'method': 'non_inclusive'},
             'dataloader_class': 'CramedD_Dataloader',
             'fps': 1,
             'norm': False,
             'norm_face_path': './mydatasets/CREMAD/norm_face_path_fold{}.pkl',
             'norm_wav_path': './mydatasets/CREMAD/wav_norm_16000_fold{}.pkl',
             'num_frame': 3,
             'return_data': {'audio': False,
                             'face': False,
                             'spectrogram': True,
                             'video': True},
             'sampling_rate': 22050},
 'early_stopping': {'end_of_epoch_check': True,
                    'log_interval': 10,
                    'max_epoch': 1500,
                    'n_steps_stop': 20,
                    'n_steps_stop_after': 0,
                    'save_every_step': 3000,
                    'save_every_valstep': 10,
                    'validate_after': 0,
                    'validate_every': 25,
                    'validate_with': 'accuracy'},
 'exp_name': 'CREMAD Experiment',
 'model': {'args': {'bias_infusion': {'ending_epoch': 1500,
                                      'l': 0.1,
                                      'method': 'false',
                                      'plot': False,
                                      'starting_epoch': 0,
                                      'use': True},
                    'clip_grad': False,
                    'cls_type': 'linear',
                    'd_model': 512,
                    'dropout': 0.1,
                    'fc_inner': 64,
                    'multi_loss': {'multi_supervised_w': {'c': 0,
                                                          'combined': 1,
                                                          'g': 0}},
                    'num_classes': 6},
           'encoders': [{'args': {'d_model': 512,
                                  'dropout': 0.1,
                                  'fc_inner': 64,
                                  'freeze_encoder': False,
                                  'num_classes': 6},
                         'model': 'Audio_ResNet',
                         'pretrainedEncoder': {'dir': 'unimodal_audio_fold{}_lr0.001_wd0.0001.pth.tar',
                                               'use': False}},
                        {'args': {'d_model': 512,
                                  'dropout': 0.1,
                                  'fc_inner': 64,
                                  'freeze_encoder': False,
                                  'num_classes': 6},
                         'model': 'Video_ResNet',
                         'pretrainedEncoder': {'dir': 'unimodal_video_fold{}_lr0.001_wd0.0001.pth.tar',
                                               'use': False}}],
           'load_ongoing': False,
           'model_class': 'Fusion_Synprom_IB',
           'save_base_dir': '/esat/smcdata/users/kkontras/Image_Dataset/no_backup/data/2025_data/synergy',
           'save_dir': 'Synprom_IB_{}.pth.tar'},
 'optimizer': {'beta1': 0.9,
               'beta2': 0.999,
               'learning_rate': 1e-05,
               'momentum': 0.9,
               'type': 'Adam',
               'weight_decay': 1e-05},
 'scheduler': {'max_lr': 0.03, 'type': 'cosanneal', 'warm_up_steps': 780},
 'training_params': {'adversarial_training': {'adv_epsilon': 0.01,
                                              'use': False},
                     'async_loading': True,
                     'batch_size': 32,
                     'cuda': True,
                     'data_loader_workers': 8,
                     'gpu_device': [0],
                     'pin_memory': False,
                     'rec_test': True,
                     'res': True,
                     'seed': 109,
                     'tdqm_disable': False,
                     'test_batch_size': 32,
                     'test_on_bottoms': False,
                     'use_test_set': True,
                     'validation': True,
                     'verbose': True,
                     'wandb_disable': False}}
2025-11-08 14:33:38,950 - Config - INFO -  *************************************** 
2025-11-08 14:33:38,950 - Config - INFO - The experiment name is CREMAD Experiment
2025-11-08 14:33:38,951 - Config - INFO -  *************************************** 
2025-11-08 14:33:38,951 - root - INFO - save_dir: Synprom_IB_fold1_l0.05_contrcoeff1_perturbgennoise_lr0.0001_wd0.0001_clsmlp_pre.pth.tar
2025-11-08 14:33:39,169 - Cuda Statistics - INFO - __Python VERSION:  3.9.18 (main, Sep 11 2023, 13:41:44) 
[GCC 11.2.0]
2025-11-08 14:33:39,169 - Cuda Statistics - INFO - __pyTorch VERSION:  2.0.1+cu118
2025-11-08 14:33:39,169 - Cuda Statistics - INFO - __CUDA VERSION
2025-11-08 14:33:39,174 - Cuda Statistics - INFO - __CUDNN VERSION:  8700
2025-11-08 14:33:39,218 - Cuda Statistics - INFO - __Number CUDA Devices:  1
2025-11-08 14:33:39,218 - Cuda Statistics - INFO - __Devices
2025-11-08 14:33:39,218 - Cuda Statistics - INFO - index, name, driver_version, memory.total [MiB], memory.used [MiB], memory.free [MiB]
2025-11-08 14:33:39,218 - Cuda Statistics - INFO - 0, Tesla P100-PCIE-16GB, 580.95.05, 16384 MiB, 3 MiB, 16268 MiB
2025-11-08 14:33:39,221 - Cuda Statistics - INFO - Active CUDA Device: GPU 0
2025-11-08 14:33:39,221 - Cuda Statistics - INFO - Available devices  1
2025-11-08 14:33:39,221 - Cuda Statistics - INFO - Current cuda device  0
This path does not exist /esat/smcdata/users/kkontras/Image_Dataset/no_backup/CremaD/CREMA-D/AudioWAV/1076_MTI_SAD_XX.wav or /esat/smcdata/users/kkontras/Image_Dataset/no_backup/CremaD/CREMA-D/Image-01-FPS/1076_MTI_SAD_XX or /esat/smcdata/users/kkontras/Image_Dataset/no_backup/CremaD/CREMA-D/Face_features/1076_MTI_SAD_XX.npy
2025-11-08 14:33:41,769 - root - INFO - Loaded wav norm from ./mydatasets/CREMAD/wav_norm_16000_fold1.pkl
2025-11-08 14:33:41,776 - root - INFO - Norm values are {'mean': tensor(-2.6751e-05), 'std': tensor(0.0610), 'max_duration': 5.005}
2025-11-08 14:33:42,021 - root - INFO - Loaded wav norm from ./mydatasets/CREMAD/wav_norm_16000_fold1.pkl
2025-11-08 14:33:42,023 - root - INFO - Norm values are {'mean': tensor(-2.6751e-05), 'std': tensor(0.0610), 'max_duration': 5.005}
2025-11-08 14:33:42,156 - root - INFO - Loaded wav norm from ./mydatasets/CREMAD/wav_norm_16000_fold1.pkl
2025-11-08 14:33:42,157 - root - INFO - Norm values are {'mean': tensor(-2.6751e-05), 'std': tensor(0.0610), 'max_duration': 5.005}
Available cores 8
We are changing dataloader workers to num of cores 0
2025-11-08 14:33:42,162 - Agent - INFO - Device: cuda:0
2025-11-08 14:33:42,162 - Agent - INFO - Total training batches: 126, validate every 25 batches, steps per epoch: 6
2025-11-08 14:33:48,810 - Agent - INFO - Loss Weights are {'total': 1, 'combined': 1, 'c': 0, 'g': 0}
2025-11-08 14:33:50,279 - root - INFO - Loading enc best model state dict from /esat/smcdata/users/kkontras/Image_Dataset/no_backup/data/2025_data/synergy/unimodal_audio_fold1_lr0.001_wd0.0001.pth.tar
Replacing module
2025-11-08 14:33:50,748 - root - INFO - Loading enc best model state dict from /esat/smcdata/users/kkontras/Image_Dataset/no_backup/data/2025_data/synergy/unimodal_video_fold1_lr0.001_wd0.0001.pth.tar
Replacing module
2025-11-08 14:33:50,838 - Agent - INFO - Total number of trainable parameters are: 23483032
2025-11-08 14:33:50,857 - Agent - INFO - Total number of trainable parameters are: 23483032
2025-11-08 14:41:20,967 - Agent - INFO - [37mVal Epoch 1 step 1 with [31mce_loss_combined : 0.744083 [31mtotal : 0.744083 [94mAcc_combined: 75.60 [94mAcc_c: 61.18 [94mAcc_g: 51.87 [95mCEU_cue_audio: 0.8319 [95mCEU_cue_video: 0.6832 [95mCEU_synergy: 0.2205 [95mCEU_coexistence: 0.9874 
2025-11-08 14:41:21,000 - Agent - INFO - [37mTest Epoch 1 step 1 with [31mce_loss_combined : 0.718387 [31mtotal : 0.718387 [94mAcc_combined: 76.39 [94mAcc_c: 61.97 [94mAcc_g: 60.11 
2025-11-08 14:41:22,113 - Agent - INFO - [37mModels has saved successfully in /esat/smcdata/users/kkontras/Image_Dataset/no_backup/data/2025_data/synergy/Synprom_IB_fold1_l0.05_contrcoeff1_perturbgennoise_lr0.0001_wd0.0001_clsmlp_pre.pth.tar
2025-11-08 14:48:39,931 - Agent - INFO - [37mVal Epoch 2 step 2 with [31mce_loss_combined : 0.908949 [31mtotal : 0.908949 [94mAcc_combined: 68.10 [94mAcc_c: 55.85 [94mAcc_g: 51.53 [95mCEU_cue_audio: 0.5209 [95mCEU_cue_video: 0.7925 [95mCEU_synergy: 0.2345 [95mCEU_coexistence: 0.9429 
2025-11-08 14:55:56,579 - Agent - INFO - [37mVal Epoch 3 step 3 with [31mce_loss_combined : 1.256910 [31mtotal : 1.256910 [94mAcc_combined: 59.14 [94mAcc_c: 55.96 [94mAcc_g: 50.85 [95mCEU_cue_audio: 0.3613 [95mCEU_cue_video: 0.7323 [95mCEU_synergy: 0.1447 [95mCEU_coexistence: 0.8890 
2025-11-08 15:03:12,321 - Agent - INFO - [37mVal Epoch 4 step 4 with [31mce_loss_combined : 1.461496 [31mtotal : 1.461496 [94mAcc_combined: 59.02 [94mAcc_c: 54.03 [94mAcc_g: 50.06 [95mCEU_cue_audio: 0.2899 [95mCEU_cue_video: 0.7925 [95mCEU_synergy: 0.1586 [95mCEU_coexistence: 0.8985 
2025-11-08 15:10:26,204 - Agent - INFO - [37mVal Epoch 5 step 5 with [31mce_loss_combined : 1.404144 [31mtotal : 1.404144 [94mAcc_combined: 60.95 [94mAcc_c: 56.30 [94mAcc_g: 50.85 [95mCEU_cue_audio: 0.3068 [95mCEU_cue_video: 0.8359 [95mCEU_synergy: 0.1379 [95mCEU_coexistence: 0.9239 
2025-11-08 15:17:45,769 - Agent - INFO - [37mVal Epoch 6 step 6 with [31mce_loss_combined : 1.575274 [31mtotal : 1.575274 [94mAcc_combined: 56.07 [94mAcc_c: 53.92 [94mAcc_g: 50.17 [95mCEU_cue_audio: 0.2310 [95mCEU_cue_video: 0.7814 [95mCEU_synergy: 0.1586 [95mCEU_coexistence: 0.8666 
2025-11-08 15:25:01,855 - Agent - INFO - [37mVal Epoch 7 step 7 with [31mce_loss_combined : 1.522358 [31mtotal : 1.522358 [94mAcc_combined: 58.57 [94mAcc_c: 53.35 [94mAcc_g: 50.62 [95mCEU_cue_audio: 0.2857 [95mCEU_cue_video: 0.7978 [95mCEU_synergy: 0.1519 [95mCEU_coexistence: 0.8890 
2025-11-08 15:32:19,962 - Agent - INFO - [37mVal Epoch 8 step 8 with [31mce_loss_combined : 1.406647 [31mtotal : 1.406647 [94mAcc_combined: 62.20 [94mAcc_c: 54.94 [94mAcc_g: 51.65 [95mCEU_cue_audio: 0.3571 [95mCEU_cue_video: 0.8032 [95mCEU_synergy: 0.1586 [95mCEU_coexistence: 0.9301 
2025-11-08 15:39:35,590 - Agent - INFO - [37mVal Epoch 9 step 9 with [31mce_loss_combined : 1.334853 [31mtotal : 1.334853 [94mAcc_combined: 64.02 [94mAcc_c: 56.64 [94mAcc_g: 54.14 [95mCEU_cue_audio: 0.3782 [95mCEU_cue_video: 0.8416 [95mCEU_synergy: 0.1239 [95mCEU_coexistence: 0.9586 
2025-11-08 15:46:51,627 - Agent - INFO - [37mVal Epoch 10 step 10 with [31mce_loss_combined : 1.426287 [31mtotal : 1.426287 [94mAcc_combined: 61.52 [94mAcc_c: 55.28 [94mAcc_g: 51.08 [95mCEU_cue_audio: 0.3025 [95mCEU_cue_video: 0.8359 [95mCEU_synergy: 0.1519 [95mCEU_coexistence: 0.9365 
2025-11-08 15:54:09,834 - Agent - INFO - [37mVal Epoch 11 step 11 with [31mce_loss_combined : 1.486901 [31mtotal : 1.486901 [94mAcc_combined: 59.48 [94mAcc_c: 52.33 [94mAcc_g: 50.06 [95mCEU_cue_audio: 0.2899 [95mCEU_cue_video: 0.8032 [95mCEU_synergy: 0.1586 [95mCEU_coexistence: 0.9046 
2025-11-08 16:01:26,349 - Agent - INFO - [37mVal Epoch 12 step 12 with [31mce_loss_combined : 1.336336 [31mtotal : 1.336336 [94mAcc_combined: 62.66 [94mAcc_c: 51.42 [94mAcc_g: 52.21 [95mCEU_cue_audio: 0.3528 [95mCEU_cue_video: 0.8305 [95mCEU_synergy: 0.1519 [95mCEU_coexistence: 0.9334 
2025-11-08 16:08:40,916 - Agent - INFO - [37mVal Epoch 13 step 13 with [31mce_loss_combined : 1.379127 [31mtotal : 1.379127 [94mAcc_combined: 62.43 [94mAcc_c: 57.55 [94mAcc_g: 51.31 [95mCEU_cue_audio: 0.3277 [95mCEU_cue_video: 0.8142 [95mCEU_synergy: 0.1792 [95mCEU_coexistence: 0.9429 
2025-11-08 16:15:58,063 - Agent - INFO - [37mVal Epoch 14 step 14 with [31mce_loss_combined : 1.474396 [31mtotal : 1.474396 [94mAcc_combined: 60.39 [94mAcc_c: 54.26 [94mAcc_g: 51.31 [95mCEU_cue_audio: 0.3109 [95mCEU_cue_video: 0.8089 [95mCEU_synergy: 0.1586 [95mCEU_coexistence: 0.9111 
2025-11-08 16:23:15,277 - Agent - INFO - [37mVal Epoch 15 step 15 with [31mce_loss_combined : 1.307720 [31mtotal : 1.307720 [94mAcc_combined: 63.56 [94mAcc_c: 56.75 [94mAcc_g: 52.78 [95mCEU_cue_audio: 0.3402 [95mCEU_cue_video: 0.8469 [95mCEU_synergy: 0.1653 [95mCEU_coexistence: 0.9524 
2025-11-08 16:30:35,414 - Agent - INFO - [37mVal Epoch 16 step 16 with [31mce_loss_combined : 1.347401 [31mtotal : 1.347401 [94mAcc_combined: 62.54 [94mAcc_c: 57.43 [94mAcc_g: 51.99 [95mCEU_cue_audio: 0.3277 [95mCEU_cue_video: 0.8252 [95mCEU_synergy: 0.1725 [95mCEU_coexistence: 0.9429 
2025-11-08 16:37:55,939 - Agent - INFO - [37mVal Epoch 17 step 17 with [31mce_loss_combined : 1.366936 [31mtotal : 1.366936 [94mAcc_combined: 61.63 [94mAcc_c: 54.26 [94mAcc_g: 51.76 [95mCEU_cue_audio: 0.3068 [95mCEU_cue_video: 0.8305 [95mCEU_synergy: 0.1725 [95mCEU_coexistence: 0.9301 
2025-11-08 16:45:15,189 - Agent - INFO - [37mVal Epoch 18 step 18 with [31mce_loss_combined : 1.366253 [31mtotal : 1.366253 [94mAcc_combined: 62.32 [94mAcc_c: 54.94 [94mAcc_g: 50.17 [95mCEU_cue_audio: 0.3194 [95mCEU_cue_video: 0.8252 [95mCEU_synergy: 0.2072 [95mCEU_coexistence: 0.9270 
2025-11-08 16:52:35,801 - Agent - INFO - [37mVal Epoch 19 step 19 with [31mce_loss_combined : 1.291217 [31mtotal : 1.291217 [94mAcc_combined: 63.68 [94mAcc_c: 54.71 [94mAcc_g: 53.92 [95mCEU_cue_audio: 0.3613 [95mCEU_cue_video: 0.8305 [95mCEU_synergy: 0.1653 [95mCEU_coexistence: 0.9491 
2025-11-08 16:59:52,287 - Agent - INFO - [37mVal Epoch 20 step 20 with [31mce_loss_combined : 1.299900 [31mtotal : 1.299900 [94mAcc_combined: 63.22 [94mAcc_c: 53.12 [94mAcc_g: 50.96 [95mCEU_cue_audio: 0.3782 [95mCEU_cue_video: 0.7868 [95mCEU_synergy: 0.1932 [95mCEU_coexistence: 0.9365 
2025-11-08 16:59:55,481 - Agent - INFO - We are in the final state.
2025-11-08 16:59:55,856 - root - INFO - Loaded best model from /esat/smcdata/users/kkontras/Image_Dataset/no_backup/data/2025_data/synergy/Synprom_IB_fold1_l0.05_contrcoeff1_perturbgennoise_lr0.0001_wd0.0001_clsmlp_pre.pth.tar
2025-11-08 17:00:19,484 - Agent - INFO - [37mVal Epoch 20 step 0 with [31mce_loss_combined : 0.744083 [31mtotal : 0.744083 [94mAcc_combined: 75.60 [94mAcc_c: 61.18 [94mAcc_g: 51.87 [95mCEU_cue_audio: 0.8319 [95mCEU_cue_video: 0.6832 [95mCEU_synergy: 0.2205 [95mCEU_coexistence: 0.9874 
2025-11-08 17:00:43,728 - Agent - INFO - [37mTest Epoch 20 step 0 with [31mce_loss_combined : 0.718387 [31mtotal : 0.718387 [94mAcc_combined: 76.39 [94mAcc_c: 61.97 [94mAcc_g: 60.11 
2025-11-08 17:00:45,428 - Agent - INFO - [37mModels has saved successfully in /esat/smcdata/users/kkontras/Image_Dataset/no_backup/data/2025_data/synergy/Synprom_IB_fold1_l0.05_contrcoeff1_perturbgennoise_lr0.0001_wd0.0001_clsmlp_pre.pth.tar
Job finished
