000 (014.005.000) 2025-11-08 14:33:03 Job submitted from host: <10.87.28.209:9618?addrs=10.87.28.209-9618&alias=krakas.esat.kuleuven.be&noUDP&sock=schedd_1611_9729>
...
001 (014.005.000) 2025-11-08 15:50:26 Job executing on host: <10.87.28.117:9618?addrs=10.87.28.117-9618&alias=stadius-nc-4.esat.kuleuven.be&noUDP&sock=startd_3335_1c6f>
	SlotName: slot1_1@stadius-nc-4.esat.kuleuven.be
	AvailableGPUs = { GPUs_GPU_1236270c }
	CondorScratchDir = "/volume1/condor/execute/dir_1303911"
	Cpus = 8
	Disk = 1050150
	GPUs = 1
	GPUs_GPU_1236270c = [ Id = "GPU-1236270c"; ClockMhz = 1545.0; Capability = 7.5; CoresPerCU = 64; DeviceName = "NVIDIA GeForce RTX 2080 Ti"; DeviceUuid = "1236270c-ad23-648a-e65a-80b2ab2cf0c3"; ECCEnabled = false; ComputeUnits = 68; NvidiaDriver = "570.153.02"; DriverVersion = 12.8; DevicePciBusId = "0000:25:00.0"; GlobalMemoryMb = 10823; MaxSupportedVersion = 12080 ]
	Memory = 71680
...
006 (014.005.000) 2025-11-08 15:50:34 Image size of job updated: 450700
	441  -  MemoryUsage of job (MB)
	450700  -  ResidentSetSize of job (KB)
...
006 (014.005.000) 2025-11-08 15:55:35 Image size of job updated: 1621976
	1488  -  MemoryUsage of job (MB)
	1522752  -  ResidentSetSize of job (KB)
...
006 (014.005.000) 2025-11-08 16:00:36 Image size of job updated: 1635224
	1551  -  MemoryUsage of job (MB)
	1587220  -  ResidentSetSize of job (KB)
...
006 (014.005.000) 2025-11-08 16:05:36 Image size of job updated: 1649428
	1581  -  MemoryUsage of job (MB)
	1618008  -  ResidentSetSize of job (KB)
...
006 (014.005.000) 2025-11-08 16:10:37 Image size of job updated: 1692616
	1581  -  MemoryUsage of job (MB)
	1618008  -  ResidentSetSize of job (KB)
...
006 (014.005.000) 2025-11-08 16:15:37 Image size of job updated: 1692616
	1601  -  MemoryUsage of job (MB)
	1638704  -  ResidentSetSize of job (KB)
...
006 (014.005.000) 2025-11-08 16:20:37 Image size of job updated: 1711984
	1614  -  MemoryUsage of job (MB)
	1651728  -  ResidentSetSize of job (KB)
...
006 (014.005.000) 2025-11-08 16:50:40 Image size of job updated: 1711984
	1672  -  MemoryUsage of job (MB)
	1711820  -  ResidentSetSize of job (KB)
...
006 (014.005.000) 2025-11-08 16:55:41 Image size of job updated: 1730972
	1672  -  MemoryUsage of job (MB)
	1711820  -  ResidentSetSize of job (KB)
...
006 (014.005.000) 2025-11-08 17:00:41 Image size of job updated: 1731004
	1672  -  MemoryUsage of job (MB)
	1711820  -  ResidentSetSize of job (KB)
...
006 (014.005.000) 2025-11-08 17:05:42 Image size of job updated: 1731352
	1672  -  MemoryUsage of job (MB)
	1711820  -  ResidentSetSize of job (KB)
...
006 (014.005.000) 2025-11-08 17:13:27 Image size of job updated: 1970168
	1672  -  MemoryUsage of job (MB)
	1711820  -  ResidentSetSize of job (KB)
...
005 (014.005.000) 2025-11-08 17:13:27 Job terminated.
	(1) Normal termination (return value 0)
		Usr 0 04:07:09, Sys 0 00:28:59  -  Run Remote Usage
		Usr 0 00:00:00, Sys 0 00:00:00  -  Run Local Usage
		Usr 0 04:07:09, Sys 0 00:28:59  -  Total Remote Usage
		Usr 0 00:00:00, Sys 0 00:00:00  -  Total Local Usage
	0  -  Run Bytes Sent By Job
	0  -  Run Bytes Received By Job
	0  -  Total Bytes Sent By Job
	0  -  Total Bytes Received By Job
	Partitionable Resources :    Usage  Request Allocated Assigned
	   Cpus                 :     5.57        8         8 
	   Disk (KB)            :     2     1048576   1050150 
	   GPUs                 :     0.59        1         1 "GPU-1236270c"
	   GpusMemory (MB)      :  9266                       
	   Memory (MB)          :  1672       71680     71680 
	   TimeExecute (s)      :  4981                       
	   TimeSlotBusy (s)     :  4981                       
...
