Starting Job
/esat/smcdata/users/kkontras/Image_Dataset/no_backup/git/Synergy/train.py
/esat/smcdata/users/kkontras/Image_Dataset/no_backup/envs/balance_env/bin/python
Python 3.9.18
/esat/smcdata/users/kkontras/Image_Dataset/no_backup/git/Synergy
We have 1 GPU
/esat/smcdata/users/kkontras/Image_Dataset/no_backup/git/Synergy/train.py
config-./configs/CREMA_D/synergy/nov/synprom_ib.json
Executing command: accelerate launch /esat/smcdata/users/kkontras/Image_Dataset/no_backup/git/Synergy/train.py --config ./configs/CREMA_D/synergy/nov/synprom_ib.json --default_config ./configs/CREMA_D/default_config_cremad_res_syn.json --fold 2 --pre  --l 0.05 --contrcoeff 1 --lr 0.0001 --wd 0.0001 --cls mlp --perturb gennoise
Namespace(config='./configs/CREMA_D/synergy/nov/synprom_ib.json', default_config='./configs/CREMA_D/default_config_cremad_res_syn.json', fold='2', alpha=None, tanh_mode=None, tanh_mode_beta=None, regby=None, clip=None, batch_size=None, l='0.05', multil=None, l_diffsq=None, lib=None, ratio_us=None, ratio_snr=None, kmepoch=None, num_samples=None, pow=None, nstep=None, contrcoeff='1', kde_coeff=None, etube=None, temperature=None, contr_type=None, shuffle_type=None, validate_with=None, transform_type=None, trasform_before=None, num_classes=None, base_alpha=None, alpha_var=None, base_beta=None, beta_var=None, optim_method=None, ilr_c=None, ilr_g=None, mmcosine_scaling=None, ending_epoch=None, load_ongoing=None, commonlayers=None, recon_weight1=None, recon_weight2=None, recon_epochstages=None, recon_ensemblestages=None, lr='0.0001', wd='0.0001', mm=None, cls='mlp', perturb='gennoise', pre=True, frozen=False, tdqm_disable=False, start_over=False)
2025-11-08 15:50:42,077 - Config - INFO - ./configs/CREMA_D/synergy/nov/synprom_ib.json
2025-11-08 15:50:42,079 - Config - INFO -  THE Configuration of your experiment ..
{'agent': 'Agent',
 'dataset': {'data_roots': '/esat/smcdata/users/kkontras/Image_Dataset/no_backup/CremaD/CREMA-D',
             'data_split': {'fold': 0, 'method': 'non_inclusive'},
             'dataloader_class': 'CramedD_Dataloader',
             'fps': 1,
             'norm': False,
             'norm_face_path': './mydatasets/CREMAD/norm_face_path_fold{}.pkl',
             'norm_wav_path': './mydatasets/CREMAD/wav_norm_16000_fold{}.pkl',
             'num_frame': 3,
             'return_data': {'audio': False,
                             'face': False,
                             'spectrogram': True,
                             'video': True},
             'sampling_rate': 22050},
 'early_stopping': {'end_of_epoch_check': True,
                    'log_interval': 10,
                    'max_epoch': 1500,
                    'n_steps_stop': 20,
                    'n_steps_stop_after': 0,
                    'save_every_step': 3000,
                    'save_every_valstep': 10,
                    'validate_after': 0,
                    'validate_every': 25,
                    'validate_with': 'accuracy'},
 'exp_name': 'CREMAD Experiment',
 'model': {'args': {'bias_infusion': {'ending_epoch': 1500,
                                      'l': 0.1,
                                      'method': 'false',
                                      'plot': False,
                                      'starting_epoch': 0,
                                      'use': True},
                    'clip_grad': False,
                    'cls_type': 'linear',
                    'd_model': 512,
                    'dropout': 0.1,
                    'fc_inner': 64,
                    'multi_loss': {'multi_supervised_w': {'c': 0,
                                                          'combined': 1,
                                                          'g': 0}},
                    'num_classes': 6},
           'encoders': [{'args': {'d_model': 512,
                                  'dropout': 0.1,
                                  'fc_inner': 64,
                                  'freeze_encoder': False,
                                  'num_classes': 6},
                         'model': 'Audio_ResNet',
                         'pretrainedEncoder': {'dir': 'unimodal_audio_fold{}_lr0.001_wd0.0001.pth.tar',
                                               'use': False}},
                        {'args': {'d_model': 512,
                                  'dropout': 0.1,
                                  'fc_inner': 64,
                                  'freeze_encoder': False,
                                  'num_classes': 6},
                         'model': 'Video_ResNet',
                         'pretrainedEncoder': {'dir': 'unimodal_video_fold{}_lr0.001_wd0.0001.pth.tar',
                                               'use': False}}],
           'load_ongoing': False,
           'model_class': 'Fusion_Synprom_IB',
           'save_base_dir': '/esat/smcdata/users/kkontras/Image_Dataset/no_backup/data/2025_data/synergy',
           'save_dir': 'Synprom_IB_{}.pth.tar'},
 'optimizer': {'beta1': 0.9,
               'beta2': 0.999,
               'learning_rate': 1e-05,
               'momentum': 0.9,
               'type': 'Adam',
               'weight_decay': 1e-05},
 'scheduler': {'max_lr': 0.03, 'type': 'cosanneal', 'warm_up_steps': 780},
 'training_params': {'adversarial_training': {'adv_epsilon': 0.01,
                                              'use': False},
                     'async_loading': True,
                     'batch_size': 32,
                     'cuda': True,
                     'data_loader_workers': 8,
                     'gpu_device': [0],
                     'pin_memory': False,
                     'rec_test': True,
                     'res': True,
                     'seed': 109,
                     'tdqm_disable': False,
                     'test_batch_size': 32,
                     'test_on_bottoms': False,
                     'use_test_set': True,
                     'validation': True,
                     'verbose': True,
                     'wandb_disable': False}}
2025-11-08 15:50:42,080 - Config - INFO -  *************************************** 
2025-11-08 15:50:42,081 - Config - INFO - The experiment name is CREMAD Experiment
2025-11-08 15:50:42,081 - Config - INFO -  *************************************** 
2025-11-08 15:50:42,081 - root - INFO - save_dir: Synprom_IB_fold2_l0.05_contrcoeff1_perturbgennoise_lr0.0001_wd0.0001_clsmlp_pre.pth.tar
2025-11-08 15:50:42,208 - Cuda Statistics - INFO - __Python VERSION:  3.9.18 (main, Sep 11 2023, 13:41:44) 
[GCC 11.2.0]
2025-11-08 15:50:42,209 - Cuda Statistics - INFO - __pyTorch VERSION:  2.0.1+cu118
2025-11-08 15:50:42,209 - Cuda Statistics - INFO - __CUDA VERSION
2025-11-08 15:50:42,214 - Cuda Statistics - INFO - __CUDNN VERSION:  8700
2025-11-08 15:50:42,231 - Cuda Statistics - INFO - __Number CUDA Devices:  1
2025-11-08 15:50:42,231 - Cuda Statistics - INFO - __Devices
2025-11-08 15:50:42,231 - Cuda Statistics - INFO - index, name, driver_version, memory.total [MiB], memory.used [MiB], memory.free [MiB]
2025-11-08 15:50:42,231 - Cuda Statistics - INFO - 0, NVIDIA GeForce RTX 2080 Ti, 570.153.02, 11264 MiB, 3 MiB, 10821 MiB
2025-11-08 15:50:42,237 - Cuda Statistics - INFO - Active CUDA Device: GPU 0
2025-11-08 15:50:42,237 - Cuda Statistics - INFO - Available devices  1
2025-11-08 15:50:42,237 - Cuda Statistics - INFO - Current cuda device  0
This path does not exist /esat/smcdata/users/kkontras/Image_Dataset/no_backup/CremaD/CREMA-D/AudioWAV/1076_MTI_SAD_XX.wav or /esat/smcdata/users/kkontras/Image_Dataset/no_backup/CremaD/CREMA-D/Image-01-FPS/1076_MTI_SAD_XX or /esat/smcdata/users/kkontras/Image_Dataset/no_backup/CremaD/CREMA-D/Face_features/1076_MTI_SAD_XX.npy
2025-11-08 15:50:43,880 - root - INFO - Loaded wav norm from ./mydatasets/CREMAD/wav_norm_16000_fold2.pkl
2025-11-08 15:50:43,885 - root - INFO - Norm values are {'mean': tensor(-2.7781e-05), 'std': tensor(0.0615), 'max_duration': 5.005}
2025-11-08 15:50:44,051 - root - INFO - Loaded wav norm from ./mydatasets/CREMAD/wav_norm_16000_fold2.pkl
2025-11-08 15:50:44,051 - root - INFO - Norm values are {'mean': tensor(-2.7781e-05), 'std': tensor(0.0615), 'max_duration': 5.005}
2025-11-08 15:50:44,431 - root - INFO - Loaded wav norm from ./mydatasets/CREMAD/wav_norm_16000_fold2.pkl
2025-11-08 15:50:44,432 - root - INFO - Norm values are {'mean': tensor(-2.7781e-05), 'std': tensor(0.0615), 'max_duration': 5.005}
Available cores 8
We are changing dataloader workers to num of cores 0
2025-11-08 15:50:44,434 - Agent - INFO - Device: cuda:0
2025-11-08 15:50:44,434 - Agent - INFO - Total training batches: 126, validate every 25 batches, steps per epoch: 6
2025-11-08 15:50:47,810 - Agent - INFO - Loss Weights are {'total': 1, 'combined': 1, 'c': 0, 'g': 0}
2025-11-08 15:50:48,230 - root - INFO - Loading enc best model state dict from /esat/smcdata/users/kkontras/Image_Dataset/no_backup/data/2025_data/synergy/unimodal_audio_fold2_lr0.001_wd0.0001.pth.tar
Replacing module
2025-11-08 15:50:48,569 - root - INFO - Loading enc best model state dict from /esat/smcdata/users/kkontras/Image_Dataset/no_backup/data/2025_data/synergy/unimodal_video_fold2_lr0.001_wd0.0001.pth.tar
Replacing module
2025-11-08 15:50:48,627 - Agent - INFO - Total number of trainable parameters are: 23483032
2025-11-08 15:50:48,638 - Agent - INFO - Total number of trainable parameters are: 23483032
2025-11-08 15:54:35,401 - Agent - INFO - [37mVal Epoch 1 step 1 with [31mce_loss_combined : 0.857278 [31mtotal : 0.857278 [94mAcc_combined: 71.35 [94mAcc_c: 57.77 [94mAcc_g: 63.75 [95mCEU_cue_audio: 0.8676 [95mCEU_cue_video: 0.4887 [95mCEU_synergy: 0.2204 [95mCEU_coexistence: 0.9666 
2025-11-08 15:54:35,415 - Agent - INFO - [37mTest Epoch 1 step 1 with [31mce_loss_combined : 0.775438 [31mtotal : 0.775438 [94mAcc_combined: 74.09 [94mAcc_c: 61.88 [94mAcc_g: 55.14 
2025-11-08 15:54:35,979 - Agent - INFO - [37mModels has saved successfully in /esat/smcdata/users/kkontras/Image_Dataset/no_backup/data/2025_data/synergy/Synprom_IB_fold2_l0.05_contrcoeff1_perturbgennoise_lr0.0001_wd0.0001_clsmlp_pre.pth.tar
2025-11-08 15:58:23,941 - Agent - INFO - [37mVal Epoch 2 step 2 with [31mce_loss_combined : 0.715388 [31mtotal : 0.715388 [94mAcc_combined: 76.99 [94mAcc_c: 55.47 [94mAcc_g: 67.43 [95mCEU_cue_audio: 0.8414 [95mCEU_cue_video: 0.6726 [95mCEU_synergy: 0.2991 [95mCEU_coexistence: 0.9758 
2025-11-08 15:58:23,958 - Agent - INFO - [37mTest Epoch 2 step 2 with [31mce_loss_combined : 0.817258 [31mtotal : 0.817258 [94mAcc_combined: 72.59 [94mAcc_c: 61.24 [94mAcc_g: 53.96 
2025-11-08 15:58:24,721 - Agent - INFO - [37mModels has saved successfully in /esat/smcdata/users/kkontras/Image_Dataset/no_backup/data/2025_data/synergy/Synprom_IB_fold2_l0.05_contrcoeff1_perturbgennoise_lr0.0001_wd0.0001_clsmlp_pre.pth.tar
2025-11-08 16:02:10,285 - Agent - INFO - [37mVal Epoch 3 step 3 with [31mce_loss_combined : 0.671022 [31mtotal : 0.671022 [94mAcc_combined: 78.37 [94mAcc_c: 58.46 [94mAcc_g: 65.13 [95mCEU_cue_audio: 0.7674 [95mCEU_cue_video: 0.7849 [95mCEU_synergy: 0.2756 [95mCEU_coexistence: 0.9879 
2025-11-08 16:02:10,302 - Agent - INFO - [37mTest Epoch 3 step 3 with [31mce_loss_combined : 0.872514 [31mtotal : 0.872514 [94mAcc_combined: 72.27 [94mAcc_c: 62.10 [94mAcc_g: 53.32 
2025-11-08 16:02:11,102 - Agent - INFO - [37mModels has saved successfully in /esat/smcdata/users/kkontras/Image_Dataset/no_backup/data/2025_data/synergy/Synprom_IB_fold2_l0.05_contrcoeff1_perturbgennoise_lr0.0001_wd0.0001_clsmlp_pre.pth.tar
2025-11-08 16:05:53,793 - Agent - INFO - [37mVal Epoch 4 step 4 with [31mce_loss_combined : 0.735274 [31mtotal : 0.735274 [94mAcc_combined: 78.37 [94mAcc_c: 55.81 [94mAcc_g: 64.90 [95mCEU_cue_audio: 0.6932 [95mCEU_cue_video: 0.8566 [95mCEU_synergy: 0.2834 [95mCEU_coexistence: 0.9787 
2025-11-08 16:09:34,296 - Agent - INFO - [37mVal Epoch 5 step 5 with [31mce_loss_combined : 0.899432 [31mtotal : 0.899432 [94mAcc_combined: 73.07 [94mAcc_c: 56.04 [94mAcc_g: 61.22 [95mCEU_cue_audio: 0.5977 [95mCEU_cue_video: 0.8250 [95mCEU_synergy: 0.2676 [95mCEU_coexistence: 0.9213 
2025-11-08 16:13:15,022 - Agent - INFO - [37mVal Epoch 6 step 6 with [31mce_loss_combined : 0.908923 [31mtotal : 0.908923 [94mAcc_combined: 74.45 [94mAcc_c: 54.20 [94mAcc_g: 61.80 [95mCEU_cue_audio: 0.5609 [95mCEU_cue_video: 0.8566 [95mCEU_synergy: 0.2756 [95mCEU_coexistence: 0.9544 
2025-11-08 16:17:00,274 - Agent - INFO - [37mVal Epoch 7 step 7 with [31mce_loss_combined : 0.784505 [31mtotal : 0.784505 [94mAcc_combined: 75.26 [94mAcc_c: 53.05 [94mAcc_g: 63.75 [95mCEU_cue_audio: 0.6244 [95mCEU_cue_video: 0.8429 [95mCEU_synergy: 0.2127 [95mCEU_coexistence: 0.9726 
2025-11-08 16:20:43,457 - Agent - INFO - [37mVal Epoch 8 step 8 with [31mce_loss_combined : 0.817338 [31mtotal : 0.817338 [94mAcc_combined: 75.72 [94mAcc_c: 52.93 [94mAcc_g: 62.95 [95mCEU_cue_audio: 0.6561 [95mCEU_cue_video: 0.8387 [95mCEU_synergy: 0.2127 [95mCEU_coexistence: 0.9697 
2025-11-08 16:24:25,651 - Agent - INFO - [37mVal Epoch 9 step 9 with [31mce_loss_combined : 0.820168 [31mtotal : 0.820168 [94mAcc_combined: 75.03 [94mAcc_c: 56.62 [94mAcc_g: 62.03 [95mCEU_cue_audio: 0.6400 [95mCEU_cue_video: 0.8387 [95mCEU_synergy: 0.2127 [95mCEU_coexistence: 0.9605 
2025-11-08 16:28:10,474 - Agent - INFO - [37mVal Epoch 10 step 10 with [31mce_loss_combined : 0.942926 [31mtotal : 0.942926 [94mAcc_combined: 73.88 [94mAcc_c: 51.32 [94mAcc_g: 61.45 [95mCEU_cue_audio: 0.5926 [95mCEU_cue_video: 0.8476 [95mCEU_synergy: 0.2047 [95mCEU_coexistence: 0.9544 
2025-11-08 16:31:52,214 - Agent - INFO - [37mVal Epoch 11 step 11 with [31mce_loss_combined : 0.868552 [31mtotal : 0.868552 [94mAcc_combined: 74.91 [94mAcc_c: 53.51 [94mAcc_g: 59.84 [95mCEU_cue_audio: 0.5977 [95mCEU_cue_video: 0.8519 [95mCEU_synergy: 0.2756 [95mCEU_coexistence: 0.9484 
2025-11-08 16:35:38,075 - Agent - INFO - [37mVal Epoch 12 step 12 with [31mce_loss_combined : 0.939371 [31mtotal : 0.939371 [94mAcc_combined: 74.57 [94mAcc_c: 50.75 [94mAcc_g: 61.45 [95mCEU_cue_audio: 0.6083 [95mCEU_cue_video: 0.8519 [95mCEU_synergy: 0.1889 [95mCEU_coexistence: 0.9666 
2025-11-08 16:39:22,727 - Agent - INFO - [37mVal Epoch 13 step 13 with [31mce_loss_combined : 0.862018 [31mtotal : 0.862018 [94mAcc_combined: 75.60 [94mAcc_c: 52.01 [94mAcc_g: 62.72 [95mCEU_cue_audio: 0.6455 [95mCEU_cue_video: 0.8476 [95mCEU_synergy: 0.2047 [95mCEU_coexistence: 0.9697 
2025-11-08 16:43:04,455 - Agent - INFO - [37mVal Epoch 14 step 14 with [31mce_loss_combined : 0.871940 [31mtotal : 0.871940 [94mAcc_combined: 77.91 [94mAcc_c: 53.28 [94mAcc_g: 63.41 [95mCEU_cue_audio: 0.6878 [95mCEU_cue_video: 0.8924 [95mCEU_synergy: 0.2127 [95mCEU_coexistence: 0.9726 
2025-11-08 16:46:51,139 - Agent - INFO - [37mVal Epoch 15 step 15 with [31mce_loss_combined : 0.976031 [31mtotal : 0.976031 [94mAcc_combined: 73.65 [94mAcc_c: 51.09 [94mAcc_g: 62.95 [95mCEU_cue_audio: 0.6189 [95mCEU_cue_video: 0.8297 [95mCEU_synergy: 0.1574 [95mCEU_coexistence: 0.9637 
2025-11-08 16:50:43,579 - Agent - INFO - [37mVal Epoch 16 step 16 with [31mce_loss_combined : 0.899544 [31mtotal : 0.899544 [94mAcc_combined: 74.11 [94mAcc_c: 52.82 [94mAcc_g: 60.53 [95mCEU_cue_audio: 0.5977 [95mCEU_cue_video: 0.8519 [95mCEU_synergy: 0.2285 [95mCEU_coexistence: 0.9455 
2025-11-08 16:54:22,879 - Agent - INFO - [37mVal Epoch 17 step 17 with [31mce_loss_combined : 1.003638 [31mtotal : 1.003638 [94mAcc_combined: 74.11 [94mAcc_c: 56.04 [94mAcc_g: 59.72 [95mCEU_cue_audio: 0.5871 [95mCEU_cue_video: 0.8566 [95mCEU_synergy: 0.1970 [95mCEU_coexistence: 0.9605 
2025-11-08 16:58:05,249 - Agent - INFO - [37mVal Epoch 18 step 18 with [31mce_loss_combined : 0.975226 [31mtotal : 0.975226 [94mAcc_combined: 76.64 [94mAcc_c: 55.35 [94mAcc_g: 60.53 [95mCEU_cue_audio: 0.6667 [95mCEU_cue_video: 0.8566 [95mCEU_synergy: 0.2361 [95mCEU_coexistence: 0.9666 
2025-11-08 17:01:43,512 - Agent - INFO - [37mVal Epoch 19 step 19 with [31mce_loss_combined : 0.942613 [31mtotal : 0.942613 [94mAcc_combined: 75.26 [94mAcc_c: 49.83 [94mAcc_g: 63.52 [95mCEU_cue_audio: 0.6349 [95mCEU_cue_video: 0.8519 [95mCEU_synergy: 0.1970 [95mCEU_coexistence: 0.9666 
2025-11-08 17:05:25,680 - Agent - INFO - [37mVal Epoch 20 step 20 with [31mce_loss_combined : 1.016561 [31mtotal : 1.016561 [94mAcc_combined: 73.65 [94mAcc_c: 50.86 [94mAcc_g: 63.41 [95mCEU_cue_audio: 0.6189 [95mCEU_cue_video: 0.8429 [95mCEU_synergy: 0.1498 [95mCEU_coexistence: 0.9576 
2025-11-08 17:09:07,812 - Agent - INFO - [37mVal Epoch 21 step 21 with [31mce_loss_combined : 1.048212 [31mtotal : 1.048212 [94mAcc_combined: 72.50 [94mAcc_c: 51.32 [94mAcc_g: 59.84 [95mCEU_cue_audio: 0.5871 [95mCEU_cue_video: 0.8519 [95mCEU_synergy: 0.1813 [95mCEU_coexistence: 0.9273 
2025-11-08 17:12:47,498 - Agent - INFO - [37mVal Epoch 22 step 22 with [31mce_loss_combined : 0.952346 [31mtotal : 0.952346 [94mAcc_combined: 75.60 [94mAcc_c: 53.62 [94mAcc_g: 64.79 [95mCEU_cue_audio: 0.6667 [95mCEU_cue_video: 0.8340 [95mCEU_synergy: 0.2127 [95mCEU_coexistence: 0.9637 
2025-11-08 17:12:48,260 - Agent - INFO - We are in the final state.
2025-11-08 17:12:48,908 - root - INFO - Loaded best model from /esat/smcdata/users/kkontras/Image_Dataset/no_backup/data/2025_data/synergy/Synprom_IB_fold2_l0.05_contrcoeff1_perturbgennoise_lr0.0001_wd0.0001_clsmlp_pre.pth.tar
2025-11-08 17:13:02,587 - Agent - INFO - [37mVal Epoch 22 step 0 with [31mce_loss_combined : 0.671022 [31mtotal : 0.671022 [94mAcc_combined: 78.37 [94mAcc_c: 58.46 [94mAcc_g: 65.13 [95mCEU_cue_audio: 0.7674 [95mCEU_cue_video: 0.7849 [95mCEU_synergy: 0.2756 [95mCEU_coexistence: 0.9879 
2025-11-08 17:13:17,107 - Agent - INFO - [37mTest Epoch 22 step 0 with [31mce_loss_combined : 0.872514 [31mtotal : 0.872514 [94mAcc_combined: 72.27 [94mAcc_c: 62.10 [94mAcc_g: 53.32 
2025-11-08 17:13:18,818 - Agent - INFO - [37mModels has saved successfully in /esat/smcdata/users/kkontras/Image_Dataset/no_backup/data/2025_data/synergy/Synprom_IB_fold2_l0.05_contrcoeff1_perturbgennoise_lr0.0001_wd0.0001_clsmlp_pre.pth.tar
Job finished
