Starting Job
/esat/smcdata/users/kkontras/Image_Dataset/no_backup/git/Synergy/train.py
/esat/smcdata/users/kkontras/Image_Dataset/no_backup/envs/balance_env/bin/python
Python 3.9.18
/esat/smcdata/users/kkontras/Image_Dataset/no_backup/git/Synergy
We have 1 GPU
/esat/smcdata/users/kkontras/Image_Dataset/no_backup/git/Synergy/train.py
config-./configs/CREMA_D/synergy/nov/synprom_ib.json
Executing command: accelerate launch /esat/smcdata/users/kkontras/Image_Dataset/no_backup/git/Synergy/train.py --config ./configs/CREMA_D/synergy/nov/synprom_ib.json --default_config ./configs/CREMA_D/default_config_cremad_res_syn.json --fold 0 --pre  --l 0.1 --contrcoeff 1 --lr 0.0001 --wd 0.0001 --cls mlp --perturb gennoise
Namespace(config='./configs/CREMA_D/synergy/nov/synprom_ib.json', default_config='./configs/CREMA_D/default_config_cremad_res_syn.json', fold='0', alpha=None, tanh_mode=None, tanh_mode_beta=None, regby=None, clip=None, batch_size=None, l='0.1', multil=None, l_diffsq=None, lib=None, ratio_us=None, ratio_snr=None, kmepoch=None, num_samples=None, pow=None, nstep=None, contrcoeff='1', kde_coeff=None, etube=None, temperature=None, contr_type=None, shuffle_type=None, validate_with=None, transform_type=None, trasform_before=None, num_classes=None, base_alpha=None, alpha_var=None, base_beta=None, beta_var=None, optim_method=None, ilr_c=None, ilr_g=None, mmcosine_scaling=None, ending_epoch=None, load_ongoing=None, commonlayers=None, recon_weight1=None, recon_weight2=None, recon_epochstages=None, recon_ensemblestages=None, lr='0.0001', wd='0.0001', mm=None, cls='mlp', perturb='gennoise', pre=True, frozen=False, tdqm_disable=False, start_over=False)
2025-11-08 15:59:46,148 - Config - INFO - ./configs/CREMA_D/synergy/nov/synprom_ib.json
2025-11-08 15:59:46,153 - Config - INFO -  THE Configuration of your experiment ..
{'agent': 'Agent',
 'dataset': {'data_roots': '/esat/smcdata/users/kkontras/Image_Dataset/no_backup/CremaD/CREMA-D',
             'data_split': {'fold': 0, 'method': 'non_inclusive'},
             'dataloader_class': 'CramedD_Dataloader',
             'fps': 1,
             'norm': False,
             'norm_face_path': './mydatasets/CREMAD/norm_face_path_fold{}.pkl',
             'norm_wav_path': './mydatasets/CREMAD/wav_norm_16000_fold{}.pkl',
             'num_frame': 3,
             'return_data': {'audio': False,
                             'face': False,
                             'spectrogram': True,
                             'video': True},
             'sampling_rate': 22050},
 'early_stopping': {'end_of_epoch_check': True,
                    'log_interval': 10,
                    'max_epoch': 1500,
                    'n_steps_stop': 20,
                    'n_steps_stop_after': 0,
                    'save_every_step': 3000,
                    'save_every_valstep': 10,
                    'validate_after': 0,
                    'validate_every': 25,
                    'validate_with': 'accuracy'},
 'exp_name': 'CREMAD Experiment',
 'model': {'args': {'bias_infusion': {'ending_epoch': 1500,
                                      'l': 0.1,
                                      'method': 'false',
                                      'plot': False,
                                      'starting_epoch': 0,
                                      'use': True},
                    'clip_grad': False,
                    'cls_type': 'linear',
                    'd_model': 512,
                    'dropout': 0.1,
                    'fc_inner': 64,
                    'multi_loss': {'multi_supervised_w': {'c': 0,
                                                          'combined': 1,
                                                          'g': 0}},
                    'num_classes': 6},
           'encoders': [{'args': {'d_model': 512,
                                  'dropout': 0.1,
                                  'fc_inner': 64,
                                  'freeze_encoder': False,
                                  'num_classes': 6},
                         'model': 'Audio_ResNet',
                         'pretrainedEncoder': {'dir': 'unimodal_audio_fold{}_lr0.001_wd0.0001.pth.tar',
                                               'use': False}},
                        {'args': {'d_model': 512,
                                  'dropout': 0.1,
                                  'fc_inner': 64,
                                  'freeze_encoder': False,
                                  'num_classes': 6},
                         'model': 'Video_ResNet',
                         'pretrainedEncoder': {'dir': 'unimodal_video_fold{}_lr0.001_wd0.0001.pth.tar',
                                               'use': False}}],
           'load_ongoing': False,
           'model_class': 'Fusion_Synprom_IB',
           'save_base_dir': '/esat/smcdata/users/kkontras/Image_Dataset/no_backup/data/2025_data/synergy',
           'save_dir': 'Synprom_IB_{}.pth.tar'},
 'optimizer': {'beta1': 0.9,
               'beta2': 0.999,
               'learning_rate': 1e-05,
               'momentum': 0.9,
               'type': 'Adam',
               'weight_decay': 1e-05},
 'scheduler': {'max_lr': 0.03, 'type': 'cosanneal', 'warm_up_steps': 780},
 'training_params': {'adversarial_training': {'adv_epsilon': 0.01,
                                              'use': False},
                     'async_loading': True,
                     'batch_size': 32,
                     'cuda': True,
                     'data_loader_workers': 8,
                     'gpu_device': [0],
                     'pin_memory': False,
                     'rec_test': True,
                     'res': True,
                     'seed': 109,
                     'tdqm_disable': False,
                     'test_batch_size': 32,
                     'test_on_bottoms': False,
                     'use_test_set': True,
                     'validation': True,
                     'verbose': True,
                     'wandb_disable': False}}
2025-11-08 15:59:46,154 - Config - INFO -  *************************************** 
2025-11-08 15:59:46,155 - Config - INFO - The experiment name is CREMAD Experiment
2025-11-08 15:59:46,155 - Config - INFO -  *************************************** 
2025-11-08 15:59:46,155 - root - INFO - save_dir: Synprom_IB_fold0_l0.1_contrcoeff1_perturbgennoise_lr0.0001_wd0.0001_clsmlp_pre.pth.tar
2025-11-08 15:59:46,279 - Cuda Statistics - INFO - __Python VERSION:  3.9.18 (main, Sep 11 2023, 13:41:44) 
[GCC 11.2.0]
2025-11-08 15:59:46,279 - Cuda Statistics - INFO - __pyTorch VERSION:  2.0.1+cu118
2025-11-08 15:59:46,279 - Cuda Statistics - INFO - __CUDA VERSION
2025-11-08 15:59:46,284 - Cuda Statistics - INFO - __CUDNN VERSION:  8700
2025-11-08 15:59:46,299 - Cuda Statistics - INFO - __Number CUDA Devices:  1
2025-11-08 15:59:46,299 - Cuda Statistics - INFO - __Devices
2025-11-08 15:59:46,299 - Cuda Statistics - INFO - index, name, driver_version, memory.total [MiB], memory.used [MiB], memory.free [MiB]
2025-11-08 15:59:46,299 - Cuda Statistics - INFO - 0, NVIDIA GeForce RTX 2080 Ti, 570.153.02, 11264 MiB, 3 MiB, 10821 MiB
2025-11-08 15:59:46,305 - Cuda Statistics - INFO - Active CUDA Device: GPU 0
2025-11-08 15:59:46,306 - Cuda Statistics - INFO - Available devices  1
2025-11-08 15:59:46,306 - Cuda Statistics - INFO - Current cuda device  0
This path does not exist /esat/smcdata/users/kkontras/Image_Dataset/no_backup/CremaD/CREMA-D/AudioWAV/1076_MTI_SAD_XX.wav or /esat/smcdata/users/kkontras/Image_Dataset/no_backup/CremaD/CREMA-D/Image-01-FPS/1076_MTI_SAD_XX or /esat/smcdata/users/kkontras/Image_Dataset/no_backup/CremaD/CREMA-D/Face_features/1076_MTI_SAD_XX.npy
2025-11-08 15:59:47,853 - root - INFO - Loaded wav norm from ./mydatasets/CREMAD/wav_norm_16000_fold0.pkl
2025-11-08 15:59:47,857 - root - INFO - Norm values are {'mean': tensor(-2.7937e-05), 'std': tensor(0.0613), 'max_duration': 4.8715625}
2025-11-08 15:59:48,186 - root - INFO - Loaded wav norm from ./mydatasets/CREMAD/wav_norm_16000_fold0.pkl
2025-11-08 15:59:48,187 - root - INFO - Norm values are {'mean': tensor(-2.7937e-05), 'std': tensor(0.0613), 'max_duration': 4.8715625}
2025-11-08 15:59:48,588 - root - INFO - Loaded wav norm from ./mydatasets/CREMAD/wav_norm_16000_fold0.pkl
2025-11-08 15:59:48,589 - root - INFO - Norm values are {'mean': tensor(-2.7937e-05), 'std': tensor(0.0613), 'max_duration': 4.8715625}
Available cores 8
We are changing dataloader workers to num of cores 0
2025-11-08 15:59:48,591 - Agent - INFO - Device: cuda:0
2025-11-08 15:59:48,591 - Agent - INFO - Total training batches: 127, validate every 25 batches, steps per epoch: 6
2025-11-08 15:59:52,295 - Agent - INFO - Loss Weights are {'total': 1, 'combined': 1, 'c': 0, 'g': 0}
2025-11-08 15:59:52,713 - root - INFO - Loading enc best model state dict from /esat/smcdata/users/kkontras/Image_Dataset/no_backup/data/2025_data/synergy/unimodal_audio_fold0_lr0.001_wd0.0001.pth.tar
Replacing module
2025-11-08 15:59:53,121 - root - INFO - Loading enc best model state dict from /esat/smcdata/users/kkontras/Image_Dataset/no_backup/data/2025_data/synergy/unimodal_video_fold0_lr0.001_wd0.0001.pth.tar
Replacing module
2025-11-08 15:59:53,279 - Agent - INFO - Total number of trainable parameters are: 23483032
2025-11-08 15:59:53,286 - Agent - INFO - Total number of trainable parameters are: 23483032
2025-11-08 16:03:40,900 - Agent - INFO - [37mVal Epoch 1 step 1 with [31mce_loss_combined : 0.739836 [31mtotal : 0.739836 [94mAcc_combined: 77.33 [94mAcc_c: 60.71 [94mAcc_g: 59.91 [95mCEU_cue_audio: 0.7169 [95mCEU_cue_video: 0.7818 [95mCEU_synergy: 0.2295 [95mCEU_coexistence: 0.9811 
2025-11-08 16:03:40,914 - Agent - INFO - [37mTest Epoch 1 step 1 with [31mce_loss_combined : 0.920760 [31mtotal : 0.920760 [94mAcc_combined: 67.30 [94mAcc_c: 54.06 [94mAcc_g: 53.95 
2025-11-08 16:03:41,713 - Agent - INFO - [37mModels has saved successfully in /esat/smcdata/users/kkontras/Image_Dataset/no_backup/data/2025_data/synergy/Synprom_IB_fold0_l0.1_contrcoeff1_perturbgennoise_lr0.0001_wd0.0001_clsmlp_pre.pth.tar
2025-11-08 16:07:31,747 - Agent - INFO - [37mVal Epoch 2 step 2 with [31mce_loss_combined : 0.922002 [31mtotal : 0.922002 [94mAcc_combined: 70.39 [94mAcc_c: 62.87 [94mAcc_g: 56.83 [95mCEU_cue_audio: 0.4338 [95mCEU_cue_video: 0.8362 [95mCEU_synergy: 0.2952 [95mCEU_coexistence: 0.9382 
2025-11-08 16:11:18,087 - Agent - INFO - [37mVal Epoch 3 step 3 with [31mce_loss_combined : 1.243927 [31mtotal : 1.243927 [94mAcc_combined: 65.60 [94mAcc_c: 62.30 [94mAcc_g: 55.58 [95mCEU_cue_audio: 0.3424 [95mCEU_cue_video: 0.8302 [95mCEU_synergy: 0.3031 [95mCEU_coexistence: 0.8789 
2025-11-08 16:15:07,887 - Agent - INFO - [37mVal Epoch 4 step 4 with [31mce_loss_combined : 1.218648 [31mtotal : 1.218648 [94mAcc_combined: 65.83 [94mAcc_c: 62.53 [94mAcc_g: 56.95 [95mCEU_cue_audio: 0.3152 [95mCEU_cue_video: 0.8484 [95mCEU_synergy: 0.2131 [95mCEU_coexistence: 0.9221 
2025-11-08 16:18:58,040 - Agent - INFO - [37mVal Epoch 5 step 5 with [31mce_loss_combined : 1.211503 [31mtotal : 1.211503 [94mAcc_combined: 69.13 [94mAcc_c: 60.48 [94mAcc_g: 57.74 [95mCEU_cue_audio: 0.3471 [95mCEU_cue_video: 0.8606 [95mCEU_synergy: 0.2295 [95mCEU_coexistence: 0.9705 
2025-11-08 16:22:45,460 - Agent - INFO - [37mVal Epoch 6 step 6 with [31mce_loss_combined : 1.239341 [31mtotal : 1.239341 [94mAcc_combined: 66.97 [94mAcc_c: 62.64 [94mAcc_g: 57.29 [95mCEU_cue_audio: 0.3196 [95mCEU_cue_video: 0.8484 [95mCEU_synergy: 0.2871 [95mCEU_coexistence: 0.9221 
2025-11-08 16:26:33,066 - Agent - INFO - [37mVal Epoch 7 step 7 with [31mce_loss_combined : 1.240129 [31mtotal : 1.240129 [94mAcc_combined: 67.77 [94mAcc_c: 62.19 [94mAcc_g: 56.72 [95mCEU_cue_audio: 0.3607 [95mCEU_cue_video: 0.8425 [95mCEU_synergy: 0.2621 [95mCEU_coexistence: 0.9273 
2025-11-08 16:30:18,885 - Agent - INFO - [37mVal Epoch 8 step 8 with [31mce_loss_combined : 1.276612 [31mtotal : 1.276612 [94mAcc_combined: 66.86 [94mAcc_c: 61.50 [94mAcc_g: 55.81 [95mCEU_cue_audio: 0.3152 [95mCEU_cue_video: 0.8665 [95mCEU_synergy: 0.2705 [95mCEU_coexistence: 0.9193 
2025-11-08 16:34:06,398 - Agent - INFO - [37mVal Epoch 9 step 9 with [31mce_loss_combined : 1.300418 [31mtotal : 1.300418 [94mAcc_combined: 67.65 [94mAcc_c: 58.43 [94mAcc_g: 55.47 [95mCEU_cue_audio: 0.3332 [95mCEU_cue_video: 0.8425 [95mCEU_synergy: 0.2786 [95mCEU_coexistence: 0.9356 
2025-11-08 16:38:03,403 - Agent - INFO - [37mVal Epoch 10 step 10 with [31mce_loss_combined : 1.281558 [31mtotal : 1.281558 [94mAcc_combined: 66.74 [94mAcc_c: 59.57 [94mAcc_g: 55.81 [95mCEU_cue_audio: 0.3332 [95mCEU_cue_video: 0.8302 [95mCEU_synergy: 0.2952 [95mCEU_coexistence: 0.9141 
2025-11-08 16:41:50,223 - Agent - INFO - [37mVal Epoch 11 step 11 with [31mce_loss_combined : 1.291662 [31mtotal : 1.291662 [94mAcc_combined: 65.83 [94mAcc_c: 58.20 [94mAcc_g: 55.69 [95mCEU_cue_audio: 0.2923 [95mCEU_cue_video: 0.8425 [95mCEU_synergy: 0.3115 [95mCEU_coexistence: 0.9058 
2025-11-08 16:45:36,245 - Agent - INFO - [37mVal Epoch 12 step 12 with [31mce_loss_combined : 1.309440 [31mtotal : 1.309440 [94mAcc_combined: 66.17 [94mAcc_c: 60.59 [94mAcc_g: 55.01 [95mCEU_cue_audio: 0.3288 [95mCEU_cue_video: 0.8547 [95mCEU_synergy: 0.3281 [95mCEU_coexistence: 0.8818 
2025-11-08 16:49:36,717 - Agent - INFO - [37mVal Epoch 13 step 13 with [31mce_loss_combined : 1.328612 [31mtotal : 1.328612 [94mAcc_combined: 65.95 [94mAcc_c: 59.68 [94mAcc_g: 55.24 [95mCEU_cue_audio: 0.3014 [95mCEU_cue_video: 0.8547 [95mCEU_synergy: 0.3197 [95mCEU_coexistence: 0.8952 
2025-11-08 16:53:18,797 - Agent - INFO - [37mVal Epoch 14 step 14 with [31mce_loss_combined : 1.146792 [31mtotal : 1.146792 [94mAcc_combined: 69.70 [94mAcc_c: 61.28 [94mAcc_g: 56.72 [95mCEU_cue_audio: 0.3789 [95mCEU_cue_video: 0.8665 [95mCEU_synergy: 0.2952 [95mCEU_coexistence: 0.9408 
2025-11-08 16:57:04,398 - Agent - INFO - [37mVal Epoch 15 step 15 with [31mce_loss_combined : 1.232265 [31mtotal : 1.232265 [94mAcc_combined: 67.43 [94mAcc_c: 62.19 [94mAcc_g: 55.81 [95mCEU_cue_audio: 0.3380 [95mCEU_cue_video: 0.8728 [95mCEU_synergy: 0.2952 [95mCEU_coexistence: 0.9087 
2025-11-08 17:00:52,992 - Agent - INFO - [37mVal Epoch 16 step 16 with [31mce_loss_combined : 1.298969 [31mtotal : 1.298969 [94mAcc_combined: 65.83 [94mAcc_c: 61.16 [94mAcc_g: 55.24 [95mCEU_cue_audio: 0.3745 [95mCEU_cue_video: 0.7818 [95mCEU_synergy: 0.3197 [95mCEU_coexistence: 0.8818 
2025-11-08 17:04:46,947 - Agent - INFO - [37mVal Epoch 17 step 17 with [31mce_loss_combined : 1.257054 [31mtotal : 1.257054 [94mAcc_combined: 68.22 [94mAcc_c: 60.02 [94mAcc_g: 56.15 [95mCEU_cue_audio: 0.3607 [95mCEU_cue_video: 0.8665 [95mCEU_synergy: 0.2871 [95mCEU_coexistence: 0.9193 
2025-11-08 17:08:44,626 - Agent - INFO - [37mVal Epoch 18 step 18 with [31mce_loss_combined : 1.098526 [31mtotal : 1.098526 [94mAcc_combined: 72.78 [94mAcc_c: 58.88 [94mAcc_g: 57.18 [95mCEU_cue_audio: 0.4657 [95mCEU_cue_video: 0.8606 [95mCEU_synergy: 0.2952 [95mCEU_coexistence: 0.9651 
2025-11-08 17:12:28,461 - Agent - INFO - [37mVal Epoch 19 step 19 with [31mce_loss_combined : 1.219952 [31mtotal : 1.219952 [94mAcc_combined: 69.36 [94mAcc_c: 59.68 [94mAcc_g: 57.29 [95mCEU_cue_audio: 0.3925 [95mCEU_cue_video: 0.8606 [95mCEU_synergy: 0.3115 [95mCEU_coexistence: 0.9221 
2025-11-08 17:16:20,656 - Agent - INFO - [37mVal Epoch 20 step 20 with [31mce_loss_combined : 1.100946 [31mtotal : 1.100946 [94mAcc_combined: 71.87 [94mAcc_c: 57.97 [94mAcc_g: 56.83 [95mCEU_cue_audio: 0.4840 [95mCEU_cue_video: 0.8181 [95mCEU_synergy: 0.2786 [95mCEU_coexistence: 0.9570 
2025-11-08 17:16:22,590 - Agent - INFO - We are in the final state.
2025-11-08 17:16:22,821 - root - INFO - Loaded best model from /esat/smcdata/users/kkontras/Image_Dataset/no_backup/data/2025_data/synergy/Synprom_IB_fold0_l0.1_contrcoeff1_perturbgennoise_lr0.0001_wd0.0001_clsmlp_pre.pth.tar
2025-11-08 17:16:37,352 - Agent - INFO - [37mVal Epoch 20 step 0 with [31mce_loss_combined : 0.739836 [31mtotal : 0.739836 [94mAcc_combined: 77.33 [94mAcc_c: 60.71 [94mAcc_g: 59.91 [95mCEU_cue_audio: 0.7169 [95mCEU_cue_video: 0.7818 [95mCEU_synergy: 0.2295 [95mCEU_coexistence: 0.9811 
2025-11-08 17:16:54,913 - Agent - INFO - [37mTest Epoch 20 step 0 with [31mce_loss_combined : 0.920760 [31mtotal : 0.920760 [94mAcc_combined: 67.30 [94mAcc_c: 54.06 [94mAcc_g: 53.95 
2025-11-08 17:16:56,598 - Agent - INFO - [37mModels has saved successfully in /esat/smcdata/users/kkontras/Image_Dataset/no_backup/data/2025_data/synergy/Synprom_IB_fold0_l0.1_contrcoeff1_perturbgennoise_lr0.0001_wd0.0001_clsmlp_pre.pth.tar
Job finished
