Starting Job
/esat/smcdata/users/kkontras/Image_Dataset/no_backup/git/Synergy/train.py
/esat/smcdata/users/kkontras/Image_Dataset/no_backup/envs/balance_env/bin/python
Python 3.9.18
/esat/smcdata/users/kkontras/Image_Dataset/no_backup/git/Synergy
We have 1 GPU
/esat/smcdata/users/kkontras/Image_Dataset/no_backup/git/Synergy/train.py
config-./configs/CREMA_D/synergy/nov/synprom_ib.json
Executing command: accelerate launch /esat/smcdata/users/kkontras/Image_Dataset/no_backup/git/Synergy/train.py --config ./configs/CREMA_D/synergy/nov/synprom_ib.json --default_config ./configs/CREMA_D/default_config_cremad_res_syn.json --fold 1 --pre  --l 0.1 --contrcoeff 1 --lr 0.0001 --wd 0.0001 --cls mlp --perturb gennoise
Namespace(config='./configs/CREMA_D/synergy/nov/synprom_ib.json', default_config='./configs/CREMA_D/default_config_cremad_res_syn.json', fold='1', alpha=None, tanh_mode=None, tanh_mode_beta=None, regby=None, clip=None, batch_size=None, l='0.1', multil=None, l_diffsq=None, lib=None, ratio_us=None, ratio_snr=None, kmepoch=None, num_samples=None, pow=None, nstep=None, contrcoeff='1', kde_coeff=None, etube=None, temperature=None, contr_type=None, shuffle_type=None, validate_with=None, transform_type=None, trasform_before=None, num_classes=None, base_alpha=None, alpha_var=None, base_beta=None, beta_var=None, optim_method=None, ilr_c=None, ilr_g=None, mmcosine_scaling=None, ending_epoch=None, load_ongoing=None, commonlayers=None, recon_weight1=None, recon_weight2=None, recon_epochstages=None, recon_ensemblestages=None, lr='0.0001', wd='0.0001', mm=None, cls='mlp', perturb='gennoise', pre=True, frozen=False, tdqm_disable=False, start_over=False)
2025-11-08 16:54:38,214 - Config - INFO - ./configs/CREMA_D/synergy/nov/synprom_ib.json
2025-11-08 16:54:38,220 - Config - INFO -  THE Configuration of your experiment ..
{'agent': 'Agent',
 'dataset': {'data_roots': '/esat/smcdata/users/kkontras/Image_Dataset/no_backup/CremaD/CREMA-D',
             'data_split': {'fold': 0, 'method': 'non_inclusive'},
             'dataloader_class': 'CramedD_Dataloader',
             'fps': 1,
             'norm': False,
             'norm_face_path': './mydatasets/CREMAD/norm_face_path_fold{}.pkl',
             'norm_wav_path': './mydatasets/CREMAD/wav_norm_16000_fold{}.pkl',
             'num_frame': 3,
             'return_data': {'audio': False,
                             'face': False,
                             'spectrogram': True,
                             'video': True},
             'sampling_rate': 22050},
 'early_stopping': {'end_of_epoch_check': True,
                    'log_interval': 10,
                    'max_epoch': 1500,
                    'n_steps_stop': 20,
                    'n_steps_stop_after': 0,
                    'save_every_step': 3000,
                    'save_every_valstep': 10,
                    'validate_after': 0,
                    'validate_every': 25,
                    'validate_with': 'accuracy'},
 'exp_name': 'CREMAD Experiment',
 'model': {'args': {'bias_infusion': {'ending_epoch': 1500,
                                      'l': 0.1,
                                      'method': 'false',
                                      'plot': False,
                                      'starting_epoch': 0,
                                      'use': True},
                    'clip_grad': False,
                    'cls_type': 'linear',
                    'd_model': 512,
                    'dropout': 0.1,
                    'fc_inner': 64,
                    'multi_loss': {'multi_supervised_w': {'c': 0,
                                                          'combined': 1,
                                                          'g': 0}},
                    'num_classes': 6},
           'encoders': [{'args': {'d_model': 512,
                                  'dropout': 0.1,
                                  'fc_inner': 64,
                                  'freeze_encoder': False,
                                  'num_classes': 6},
                         'model': 'Audio_ResNet',
                         'pretrainedEncoder': {'dir': 'unimodal_audio_fold{}_lr0.001_wd0.0001.pth.tar',
                                               'use': False}},
                        {'args': {'d_model': 512,
                                  'dropout': 0.1,
                                  'fc_inner': 64,
                                  'freeze_encoder': False,
                                  'num_classes': 6},
                         'model': 'Video_ResNet',
                         'pretrainedEncoder': {'dir': 'unimodal_video_fold{}_lr0.001_wd0.0001.pth.tar',
                                               'use': False}}],
           'load_ongoing': False,
           'model_class': 'Fusion_Synprom_IB',
           'save_base_dir': '/esat/smcdata/users/kkontras/Image_Dataset/no_backup/data/2025_data/synergy',
           'save_dir': 'Synprom_IB_{}.pth.tar'},
 'optimizer': {'beta1': 0.9,
               'beta2': 0.999,
               'learning_rate': 1e-05,
               'momentum': 0.9,
               'type': 'Adam',
               'weight_decay': 1e-05},
 'scheduler': {'max_lr': 0.03, 'type': 'cosanneal', 'warm_up_steps': 780},
 'training_params': {'adversarial_training': {'adv_epsilon': 0.01,
                                              'use': False},
                     'async_loading': True,
                     'batch_size': 32,
                     'cuda': True,
                     'data_loader_workers': 8,
                     'gpu_device': [0],
                     'pin_memory': False,
                     'rec_test': True,
                     'res': True,
                     'seed': 109,
                     'tdqm_disable': False,
                     'test_batch_size': 32,
                     'test_on_bottoms': False,
                     'use_test_set': True,
                     'validation': True,
                     'verbose': True,
                     'wandb_disable': False}}
2025-11-08 16:54:38,223 - Config - INFO -  *************************************** 
2025-11-08 16:54:38,223 - Config - INFO - The experiment name is CREMAD Experiment
2025-11-08 16:54:38,223 - Config - INFO -  *************************************** 
2025-11-08 16:54:38,223 - root - INFO - save_dir: Synprom_IB_fold1_l0.1_contrcoeff1_perturbgennoise_lr0.0001_wd0.0001_clsmlp_pre.pth.tar
2025-11-08 16:54:38,419 - Cuda Statistics - INFO - __Python VERSION:  3.9.18 (main, Sep 11 2023, 13:41:44) 
[GCC 11.2.0]
2025-11-08 16:54:38,419 - Cuda Statistics - INFO - __pyTorch VERSION:  2.0.1+cu118
2025-11-08 16:54:38,419 - Cuda Statistics - INFO - __CUDA VERSION
2025-11-08 16:54:38,423 - Cuda Statistics - INFO - __CUDNN VERSION:  8700
2025-11-08 16:54:38,465 - Cuda Statistics - INFO - __Number CUDA Devices:  1
2025-11-08 16:54:38,465 - Cuda Statistics - INFO - __Devices
2025-11-08 16:54:38,466 - Cuda Statistics - INFO - index, name, driver_version, memory.total [MiB], memory.used [MiB], memory.free [MiB]
2025-11-08 16:54:38,466 - Cuda Statistics - INFO - 0, Tesla P100-PCIE-16GB, 580.95.05, 16384 MiB, 3 MiB, 16268 MiB
2025-11-08 16:54:38,468 - Cuda Statistics - INFO - Active CUDA Device: GPU 0
2025-11-08 16:54:38,468 - Cuda Statistics - INFO - Available devices  1
2025-11-08 16:54:38,468 - Cuda Statistics - INFO - Current cuda device  0
This path does not exist /esat/smcdata/users/kkontras/Image_Dataset/no_backup/CremaD/CREMA-D/AudioWAV/1076_MTI_SAD_XX.wav or /esat/smcdata/users/kkontras/Image_Dataset/no_backup/CremaD/CREMA-D/Image-01-FPS/1076_MTI_SAD_XX or /esat/smcdata/users/kkontras/Image_Dataset/no_backup/CremaD/CREMA-D/Face_features/1076_MTI_SAD_XX.npy
2025-11-08 16:54:40,708 - root - INFO - Loaded wav norm from ./mydatasets/CREMAD/wav_norm_16000_fold1.pkl
2025-11-08 16:54:40,714 - root - INFO - Norm values are {'mean': tensor(-2.6751e-05), 'std': tensor(0.0610), 'max_duration': 5.005}
2025-11-08 16:54:41,247 - root - INFO - Loaded wav norm from ./mydatasets/CREMAD/wav_norm_16000_fold1.pkl
2025-11-08 16:54:41,249 - root - INFO - Norm values are {'mean': tensor(-2.6751e-05), 'std': tensor(0.0610), 'max_duration': 5.005}
2025-11-08 16:54:41,786 - root - INFO - Loaded wav norm from ./mydatasets/CREMAD/wav_norm_16000_fold1.pkl
2025-11-08 16:54:41,787 - root - INFO - Norm values are {'mean': tensor(-2.6751e-05), 'std': tensor(0.0610), 'max_duration': 5.005}
Available cores 8
We are changing dataloader workers to num of cores 0
2025-11-08 16:54:41,791 - Agent - INFO - Device: cuda:0
2025-11-08 16:54:41,791 - Agent - INFO - Total training batches: 126, validate every 25 batches, steps per epoch: 6
2025-11-08 16:54:48,176 - Agent - INFO - Loss Weights are {'total': 1, 'combined': 1, 'c': 0, 'g': 0}
2025-11-08 16:54:48,969 - root - INFO - Loading enc best model state dict from /esat/smcdata/users/kkontras/Image_Dataset/no_backup/data/2025_data/synergy/unimodal_audio_fold1_lr0.001_wd0.0001.pth.tar
Replacing module
2025-11-08 16:54:49,432 - root - INFO - Loading enc best model state dict from /esat/smcdata/users/kkontras/Image_Dataset/no_backup/data/2025_data/synergy/unimodal_video_fold1_lr0.001_wd0.0001.pth.tar
Replacing module
2025-11-08 16:54:49,481 - Agent - INFO - Total number of trainable parameters are: 23483032
2025-11-08 16:54:49,491 - Agent - INFO - Total number of trainable parameters are: 23483032
2025-11-08 17:02:16,204 - Agent - INFO - [37mVal Epoch 1 step 1 with [31mce_loss_combined : 0.791178 [31mtotal : 0.791178 [94mAcc_combined: 75.71 [94mAcc_c: 61.75 [94mAcc_g: 51.42 [95mCEU_cue_audio: 0.8067 [95mCEU_cue_video: 0.7212 [95mCEU_synergy: 0.2205 [95mCEU_coexistence: 0.9874 
2025-11-08 17:02:16,230 - Agent - INFO - [37mTest Epoch 1 step 1 with [31mce_loss_combined : 0.753542 [31mtotal : 0.753542 [94mAcc_combined: 76.61 [94mAcc_c: 61.75 [94mAcc_g: 60.00 
2025-11-08 17:02:17,470 - Agent - INFO - [37mModels has saved successfully in /esat/smcdata/users/kkontras/Image_Dataset/no_backup/data/2025_data/synergy/Synprom_IB_fold1_l0.1_contrcoeff1_perturbgennoise_lr0.0001_wd0.0001_clsmlp_pre.pth.tar
2025-11-08 17:09:41,649 - Agent - INFO - [37mVal Epoch 2 step 2 with [31mce_loss_combined : 1.002173 [31mtotal : 1.002173 [94mAcc_combined: 66.06 [94mAcc_c: 56.41 [94mAcc_g: 52.44 [95mCEU_cue_audio: 0.4580 [95mCEU_cue_video: 0.8142 [95mCEU_synergy: 0.2139 [95mCEU_coexistence: 0.9301 
2025-11-08 17:17:08,886 - Agent - INFO - [37mVal Epoch 3 step 3 with [31mce_loss_combined : 1.295802 [31mtotal : 1.295802 [94mAcc_combined: 58.23 [94mAcc_c: 53.80 [94mAcc_g: 51.99 [95mCEU_cue_audio: 0.3025 [95mCEU_cue_video: 0.7540 [95mCEU_synergy: 0.1586 [95mCEU_coexistence: 0.8890 
2025-11-08 17:24:32,996 - Agent - INFO - [37mVal Epoch 4 step 4 with [31mce_loss_combined : 1.404752 [31mtotal : 1.404752 [94mAcc_combined: 60.16 [94mAcc_c: 53.58 [94mAcc_g: 50.51 [95mCEU_cue_audio: 0.2942 [95mCEU_cue_video: 0.8032 [95mCEU_synergy: 0.1586 [95mCEU_coexistence: 0.9206 
2025-11-08 17:31:55,451 - Agent - INFO - [37mVal Epoch 5 step 5 with [31mce_loss_combined : 1.376228 [31mtotal : 1.376228 [94mAcc_combined: 59.93 [94mAcc_c: 56.41 [94mAcc_g: 51.87 [95mCEU_cue_audio: 0.2857 [95mCEU_cue_video: 0.8252 [95mCEU_synergy: 0.1312 [95mCEU_coexistence: 0.9206 
2025-11-08 17:39:17,209 - Agent - INFO - [37mVal Epoch 6 step 6 with [31mce_loss_combined : 1.514730 [31mtotal : 1.514730 [94mAcc_combined: 57.09 [94mAcc_c: 53.58 [94mAcc_g: 50.40 [95mCEU_cue_audio: 0.2480 [95mCEU_cue_video: 0.7868 [95mCEU_synergy: 0.1725 [95mCEU_coexistence: 0.8730 
2025-11-08 17:46:40,811 - Agent - INFO - [37mVal Epoch 7 step 7 with [31mce_loss_combined : 1.444357 [31mtotal : 1.444357 [94mAcc_combined: 58.68 [94mAcc_c: 53.35 [94mAcc_g: 50.51 [95mCEU_cue_audio: 0.2814 [95mCEU_cue_video: 0.8032 [95mCEU_synergy: 0.1519 [95mCEU_coexistence: 0.8921 
2025-11-08 17:54:02,852 - Agent - INFO - [37mVal Epoch 8 step 8 with [31mce_loss_combined : 1.340879 [31mtotal : 1.340879 [94mAcc_combined: 62.43 [94mAcc_c: 54.60 [94mAcc_g: 51.87 [95mCEU_cue_audio: 0.3528 [95mCEU_cue_video: 0.8089 [95mCEU_synergy: 0.1653 [95mCEU_coexistence: 0.9334 
2025-11-08 18:01:24,228 - Agent - INFO - [37mVal Epoch 9 step 9 with [31mce_loss_combined : 1.261670 [31mtotal : 1.261670 [94mAcc_combined: 64.70 [94mAcc_c: 56.30 [94mAcc_g: 54.71 [95mCEU_cue_audio: 0.3865 [95mCEU_cue_video: 0.8469 [95mCEU_synergy: 0.1379 [95mCEU_coexistence: 0.9620 
2025-11-08 18:08:49,751 - Agent - INFO - [37mVal Epoch 10 step 10 with [31mce_loss_combined : 1.368288 [31mtotal : 1.368288 [94mAcc_combined: 61.75 [94mAcc_c: 54.94 [94mAcc_g: 51.53 [95mCEU_cue_audio: 0.3109 [95mCEU_cue_video: 0.8359 [95mCEU_synergy: 0.1447 [95mCEU_coexistence: 0.9396 
2025-11-08 18:16:16,405 - Agent - INFO - [37mVal Epoch 11 step 11 with [31mce_loss_combined : 1.463943 [31mtotal : 1.463943 [94mAcc_combined: 58.80 [94mAcc_c: 52.33 [94mAcc_g: 50.06 [95mCEU_cue_audio: 0.2773 [95mCEU_cue_video: 0.7925 [95mCEU_synergy: 0.1586 [95mCEU_coexistence: 0.9016 
2025-11-08 18:23:41,452 - Agent - INFO - [37mVal Epoch 12 step 12 with [31mce_loss_combined : 1.278817 [31mtotal : 1.278817 [94mAcc_combined: 62.88 [94mAcc_c: 52.67 [94mAcc_g: 53.01 [95mCEU_cue_audio: 0.3446 [95mCEU_cue_video: 0.8359 [95mCEU_synergy: 0.1586 [95mCEU_coexistence: 0.9396 
2025-11-08 18:31:05,580 - Agent - INFO - [37mVal Epoch 13 step 13 with [31mce_loss_combined : 1.336091 [31mtotal : 1.336091 [94mAcc_combined: 63.11 [94mAcc_c: 56.75 [94mAcc_g: 51.42 [95mCEU_cue_audio: 0.3402 [95mCEU_cue_video: 0.8305 [95mCEU_synergy: 0.1792 [95mCEU_coexistence: 0.9429 
2025-11-08 18:38:33,741 - Agent - INFO - [37mVal Epoch 14 step 14 with [31mce_loss_combined : 1.399991 [31mtotal : 1.399991 [94mAcc_combined: 61.18 [94mAcc_c: 54.82 [94mAcc_g: 51.99 [95mCEU_cue_audio: 0.3194 [95mCEU_cue_video: 0.8305 [95mCEU_synergy: 0.1586 [95mCEU_coexistence: 0.9144 
2025-11-08 18:46:00,211 - Agent - INFO - [37mVal Epoch 15 step 15 with [31mce_loss_combined : 1.262075 [31mtotal : 1.262075 [94mAcc_combined: 64.25 [94mAcc_c: 56.53 [94mAcc_g: 53.69 [95mCEU_cue_audio: 0.3402 [95mCEU_cue_video: 0.8469 [95mCEU_synergy: 0.1860 [95mCEU_coexistence: 0.9620 
2025-11-08 18:53:24,202 - Agent - INFO - [37mVal Epoch 16 step 16 with [31mce_loss_combined : 1.297194 [31mtotal : 1.297194 [94mAcc_combined: 63.00 [94mAcc_c: 56.19 [94mAcc_g: 52.10 [95mCEU_cue_audio: 0.3362 [95mCEU_cue_video: 0.8252 [95mCEU_synergy: 0.1792 [95mCEU_coexistence: 0.9460 
2025-11-08 19:00:47,415 - Agent - INFO - [37mVal Epoch 17 step 17 with [31mce_loss_combined : 1.367369 [31mtotal : 1.367369 [94mAcc_combined: 61.18 [94mAcc_c: 53.23 [94mAcc_g: 51.76 [95mCEU_cue_audio: 0.3025 [95mCEU_cue_video: 0.8142 [95mCEU_synergy: 0.1792 [95mCEU_coexistence: 0.9270 
2025-11-08 19:08:11,945 - Agent - INFO - [37mVal Epoch 18 step 18 with [31mce_loss_combined : 1.345753 [31mtotal : 1.345753 [94mAcc_combined: 61.86 [94mAcc_c: 53.92 [94mAcc_g: 50.74 [95mCEU_cue_audio: 0.3194 [95mCEU_cue_video: 0.8089 [95mCEU_synergy: 0.1932 [95mCEU_coexistence: 0.9301 
2025-11-08 19:15:35,486 - Agent - INFO - [37mVal Epoch 19 step 19 with [31mce_loss_combined : 1.280035 [31mtotal : 1.280035 [94mAcc_combined: 64.02 [94mAcc_c: 55.96 [94mAcc_g: 53.12 [95mCEU_cue_audio: 0.3613 [95mCEU_cue_video: 0.8305 [95mCEU_synergy: 0.1653 [95mCEU_coexistence: 0.9586 
2025-11-08 19:22:57,049 - Agent - INFO - [37mVal Epoch 20 step 20 with [31mce_loss_combined : 1.342548 [31mtotal : 1.342548 [94mAcc_combined: 63.22 [94mAcc_c: 51.31 [94mAcc_g: 51.19 [95mCEU_cue_audio: 0.3823 [95mCEU_cue_video: 0.7978 [95mCEU_synergy: 0.1999 [95mCEU_coexistence: 0.9239 
2025-11-08 19:23:00,413 - Agent - INFO - We are in the final state.
2025-11-08 19:23:00,803 - root - INFO - Loaded best model from /esat/smcdata/users/kkontras/Image_Dataset/no_backup/data/2025_data/synergy/Synprom_IB_fold1_l0.1_contrcoeff1_perturbgennoise_lr0.0001_wd0.0001_clsmlp_pre.pth.tar
2025-11-08 19:23:25,784 - Agent - INFO - [37mVal Epoch 20 step 0 with [31mce_loss_combined : 0.791178 [31mtotal : 0.791178 [94mAcc_combined: 75.71 [94mAcc_c: 61.75 [94mAcc_g: 51.42 [95mCEU_cue_audio: 0.8067 [95mCEU_cue_video: 0.7212 [95mCEU_synergy: 0.2205 [95mCEU_coexistence: 0.9874 
2025-11-08 19:23:51,599 - Agent - INFO - [37mTest Epoch 20 step 0 with [31mce_loss_combined : 0.753542 [31mtotal : 0.753542 [94mAcc_combined: 76.61 [94mAcc_c: 61.75 [94mAcc_g: 60.00 
2025-11-08 19:23:53,254 - Agent - INFO - [37mModels has saved successfully in /esat/smcdata/users/kkontras/Image_Dataset/no_backup/data/2025_data/synergy/Synprom_IB_fold1_l0.1_contrcoeff1_perturbgennoise_lr0.0001_wd0.0001_clsmlp_pre.pth.tar
Job finished
