000 (014.007.000) 2025-11-08 14:33:03 Job submitted from host: <10.87.28.209:9618?addrs=10.87.28.209-9618&alias=krakas.esat.kuleuven.be&noUDP&sock=schedd_1611_9729>
...
001 (014.007.000) 2025-11-08 16:54:06 Job executing on host: <10.87.24.25:9618?addrs=10.87.24.25-9618+[--1]-9618&alias=estragon.esat.kuleuven.be&noUDP&sock=startd_2009_95db>
	SlotName: slot1_2@estragon.esat.kuleuven.be
	AvailableGPUs = { GPUs_GPU_c7741362 }
	CondorScratchDir = "/usr/data/condor/execute/dir_298425"
	Cpus = 8
	Disk = 1054592
	GPUs = 1
	GPUs_GPU_c7741362 = [ Id = "GPU-c7741362"; ClockMhz = 1328.5; Capability = 6.0; CoresPerCU = 64; DeviceName = "Tesla P100-PCIE-16GB"; DeviceUuid = "c7741362-0fc2-057f-631c-ffc90d1eb010"; ECCEnabled = true; ComputeUnits = 56; NvidiaDriver = "580.95.05"; DriverVersion = 13.0; DevicePciBusId = "0000:0B:00.0"; GlobalMemoryMb = 16269; MaxSupportedVersion = 13000 ]
	Memory = 71680
...
006 (014.007.000) 2025-11-08 16:54:15 Image size of job updated: 218824
	214  -  MemoryUsage of job (MB)
	218824  -  ResidentSetSize of job (KB)
...
006 (014.007.000) 2025-11-08 16:59:16 Image size of job updated: 1330516
	1251  -  MemoryUsage of job (MB)
	1280112  -  ResidentSetSize of job (KB)
...
006 (014.007.000) 2025-11-08 17:04:16 Image size of job updated: 1453692
	1383  -  MemoryUsage of job (MB)
	1415772  -  ResidentSetSize of job (KB)
...
006 (014.007.000) 2025-11-08 17:09:17 Image size of job updated: 1493980
	1424  -  MemoryUsage of job (MB)
	1457784  -  ResidentSetSize of job (KB)
...
006 (014.007.000) 2025-11-08 17:14:17 Image size of job updated: 1514236
	1424  -  MemoryUsage of job (MB)
	1457784  -  ResidentSetSize of job (KB)
...
006 (014.007.000) 2025-11-08 17:19:18 Image size of job updated: 1517176
	1424  -  MemoryUsage of job (MB)
	1457784  -  ResidentSetSize of job (KB)
...
006 (014.007.000) 2025-11-08 17:24:19 Image size of job updated: 1518048
	1424  -  MemoryUsage of job (MB)
	1458100  -  ResidentSetSize of job (KB)
...
006 (014.007.000) 2025-11-08 18:09:23 Image size of job updated: 1525384
	1424  -  MemoryUsage of job (MB)
	1458100  -  ResidentSetSize of job (KB)
...
006 (014.007.000) 2025-11-08 18:24:24 Image size of job updated: 1525384
	1428  -  MemoryUsage of job (MB)
	1461268  -  ResidentSetSize of job (KB)
...
006 (014.007.000) 2025-11-08 18:34:25 Image size of job updated: 1539856
	1428  -  MemoryUsage of job (MB)
	1461268  -  ResidentSetSize of job (KB)
...
006 (014.007.000) 2025-11-08 18:54:26 Image size of job updated: 1539856
	1428  -  MemoryUsage of job (MB)
	1461372  -  ResidentSetSize of job (KB)
...
006 (014.007.000) 2025-11-08 18:59:27 Image size of job updated: 1539856
	1428  -  MemoryUsage of job (MB)
	1462004  -  ResidentSetSize of job (KB)
...
006 (014.007.000) 2025-11-08 19:19:29 Image size of job updated: 1542512
	1428  -  MemoryUsage of job (MB)
	1462004  -  ResidentSetSize of job (KB)
...
006 (014.007.000) 2025-11-08 19:24:02 Image size of job updated: 1735060
	1428  -  MemoryUsage of job (MB)
	1462004  -  ResidentSetSize of job (KB)
...
005 (014.007.000) 2025-11-08 19:24:02 Job terminated.
	(1) Normal termination (return value 0)
		Usr 0 06:38:42, Sys 0 00:34:12  -  Run Remote Usage
		Usr 0 00:00:00, Sys 0 00:00:00  -  Run Local Usage
		Usr 0 06:38:42, Sys 0 00:34:12  -  Total Remote Usage
		Usr 0 00:00:00, Sys 0 00:00:00  -  Total Local Usage
	0  -  Run Bytes Sent By Job
	0  -  Run Bytes Received By Job
	0  -  Total Bytes Sent By Job
	0  -  Total Bytes Received By Job
	Partitionable Resources :    Usage  Request Allocated Assigned
	   Cpus                 :     2.63        8         8 
	   Disk (KB)            :     2     1048576   1054592 
	   GPUs                 :     0.58        1         1 "GPU-c7741362"
	   GpusMemory (MB)      :  9049                       
	   Memory (MB)          :  1428       71680     71680 
	   TimeExecute (s)      :  8996                       
	   TimeSlotBusy (s)     :  8996                       
...
