Starting Job
/esat/smcdata/users/kkontras/Image_Dataset/no_backup/git/Synergy/train.py
/esat/smcdata/users/kkontras/Image_Dataset/no_backup/envs/balance_env/bin/python
Python 3.9.18
/esat/smcdata/users/kkontras/Image_Dataset/no_backup/git/Synergy
We have 1 GPU
/esat/smcdata/users/kkontras/Image_Dataset/no_backup/git/Synergy/train.py
config-./configs/CREMA_D/synergy/nov/synprom_ib.json
Executing command: accelerate launch /esat/smcdata/users/kkontras/Image_Dataset/no_backup/git/Synergy/train.py --config ./configs/CREMA_D/synergy/nov/synprom_ib.json --default_config ./configs/CREMA_D/default_config_cremad_res_syn.json --fold 2 --pre  --l 0.1 --contrcoeff 1 --lr 0.0001 --wd 0.0001 --cls mlp --perturb gennoise
Namespace(config='./configs/CREMA_D/synergy/nov/synprom_ib.json', default_config='./configs/CREMA_D/default_config_cremad_res_syn.json', fold='2', alpha=None, tanh_mode=None, tanh_mode_beta=None, regby=None, clip=None, batch_size=None, l='0.1', multil=None, l_diffsq=None, lib=None, ratio_us=None, ratio_snr=None, kmepoch=None, num_samples=None, pow=None, nstep=None, contrcoeff='1', kde_coeff=None, etube=None, temperature=None, contr_type=None, shuffle_type=None, validate_with=None, transform_type=None, trasform_before=None, num_classes=None, base_alpha=None, alpha_var=None, base_beta=None, beta_var=None, optim_method=None, ilr_c=None, ilr_g=None, mmcosine_scaling=None, ending_epoch=None, load_ongoing=None, commonlayers=None, recon_weight1=None, recon_weight2=None, recon_epochstages=None, recon_ensemblestages=None, lr='0.0001', wd='0.0001', mm=None, cls='mlp', perturb='gennoise', pre=True, frozen=False, tdqm_disable=False, start_over=False)
2025-11-08 17:01:43,558 - Config - INFO - ./configs/CREMA_D/synergy/nov/synprom_ib.json
2025-11-08 17:01:43,562 - Config - INFO -  THE Configuration of your experiment ..
{'agent': 'Agent',
 'dataset': {'data_roots': '/esat/smcdata/users/kkontras/Image_Dataset/no_backup/CremaD/CREMA-D',
             'data_split': {'fold': 0, 'method': 'non_inclusive'},
             'dataloader_class': 'CramedD_Dataloader',
             'fps': 1,
             'norm': False,
             'norm_face_path': './mydatasets/CREMAD/norm_face_path_fold{}.pkl',
             'norm_wav_path': './mydatasets/CREMAD/wav_norm_16000_fold{}.pkl',
             'num_frame': 3,
             'return_data': {'audio': False,
                             'face': False,
                             'spectrogram': True,
                             'video': True},
             'sampling_rate': 22050},
 'early_stopping': {'end_of_epoch_check': True,
                    'log_interval': 10,
                    'max_epoch': 1500,
                    'n_steps_stop': 20,
                    'n_steps_stop_after': 0,
                    'save_every_step': 3000,
                    'save_every_valstep': 10,
                    'validate_after': 0,
                    'validate_every': 25,
                    'validate_with': 'accuracy'},
 'exp_name': 'CREMAD Experiment',
 'model': {'args': {'bias_infusion': {'ending_epoch': 1500,
                                      'l': 0.1,
                                      'method': 'false',
                                      'plot': False,
                                      'starting_epoch': 0,
                                      'use': True},
                    'clip_grad': False,
                    'cls_type': 'linear',
                    'd_model': 512,
                    'dropout': 0.1,
                    'fc_inner': 64,
                    'multi_loss': {'multi_supervised_w': {'c': 0,
                                                          'combined': 1,
                                                          'g': 0}},
                    'num_classes': 6},
           'encoders': [{'args': {'d_model': 512,
                                  'dropout': 0.1,
                                  'fc_inner': 64,
                                  'freeze_encoder': False,
                                  'num_classes': 6},
                         'model': 'Audio_ResNet',
                         'pretrainedEncoder': {'dir': 'unimodal_audio_fold{}_lr0.001_wd0.0001.pth.tar',
                                               'use': False}},
                        {'args': {'d_model': 512,
                                  'dropout': 0.1,
                                  'fc_inner': 64,
                                  'freeze_encoder': False,
                                  'num_classes': 6},
                         'model': 'Video_ResNet',
                         'pretrainedEncoder': {'dir': 'unimodal_video_fold{}_lr0.001_wd0.0001.pth.tar',
                                               'use': False}}],
           'load_ongoing': False,
           'model_class': 'Fusion_Synprom_IB',
           'save_base_dir': '/esat/smcdata/users/kkontras/Image_Dataset/no_backup/data/2025_data/synergy',
           'save_dir': 'Synprom_IB_{}.pth.tar'},
 'optimizer': {'beta1': 0.9,
               'beta2': 0.999,
               'learning_rate': 1e-05,
               'momentum': 0.9,
               'type': 'Adam',
               'weight_decay': 1e-05},
 'scheduler': {'max_lr': 0.03, 'type': 'cosanneal', 'warm_up_steps': 780},
 'training_params': {'adversarial_training': {'adv_epsilon': 0.01,
                                              'use': False},
                     'async_loading': True,
                     'batch_size': 32,
                     'cuda': True,
                     'data_loader_workers': 8,
                     'gpu_device': [0],
                     'pin_memory': False,
                     'rec_test': True,
                     'res': True,
                     'seed': 109,
                     'tdqm_disable': False,
                     'test_batch_size': 32,
                     'test_on_bottoms': False,
                     'use_test_set': True,
                     'validation': True,
                     'verbose': True,
                     'wandb_disable': False}}
2025-11-08 17:01:43,566 - Config - INFO -  *************************************** 
2025-11-08 17:01:43,566 - Config - INFO - The experiment name is CREMAD Experiment
2025-11-08 17:01:43,566 - Config - INFO -  *************************************** 
2025-11-08 17:01:43,566 - root - INFO - save_dir: Synprom_IB_fold2_l0.1_contrcoeff1_perturbgennoise_lr0.0001_wd0.0001_clsmlp_pre.pth.tar
2025-11-08 17:01:43,789 - Cuda Statistics - INFO - __Python VERSION:  3.9.18 (main, Sep 11 2023, 13:41:44) 
[GCC 11.2.0]
2025-11-08 17:01:43,790 - Cuda Statistics - INFO - __pyTorch VERSION:  2.0.1+cu118
2025-11-08 17:01:43,790 - Cuda Statistics - INFO - __CUDA VERSION
2025-11-08 17:01:43,793 - Cuda Statistics - INFO - __CUDNN VERSION:  8700
2025-11-08 17:01:43,838 - Cuda Statistics - INFO - __Number CUDA Devices:  1
2025-11-08 17:01:43,838 - Cuda Statistics - INFO - __Devices
2025-11-08 17:01:43,839 - Cuda Statistics - INFO - index, name, driver_version, memory.total [MiB], memory.used [MiB], memory.free [MiB]
2025-11-08 17:01:43,839 - Cuda Statistics - INFO - 0, Tesla P100-PCIE-16GB, 580.95.05, 16384 MiB, 3 MiB, 16268 MiB
2025-11-08 17:01:43,841 - Cuda Statistics - INFO - Active CUDA Device: GPU 0
2025-11-08 17:01:43,841 - Cuda Statistics - INFO - Available devices  1
2025-11-08 17:01:43,841 - Cuda Statistics - INFO - Current cuda device  0
This path does not exist /esat/smcdata/users/kkontras/Image_Dataset/no_backup/CremaD/CREMA-D/AudioWAV/1076_MTI_SAD_XX.wav or /esat/smcdata/users/kkontras/Image_Dataset/no_backup/CremaD/CREMA-D/Image-01-FPS/1076_MTI_SAD_XX or /esat/smcdata/users/kkontras/Image_Dataset/no_backup/CremaD/CREMA-D/Face_features/1076_MTI_SAD_XX.npy
2025-11-08 17:01:45,980 - root - INFO - Loaded wav norm from ./mydatasets/CREMAD/wav_norm_16000_fold2.pkl
2025-11-08 17:01:45,985 - root - INFO - Norm values are {'mean': tensor(-2.7781e-05), 'std': tensor(0.0615), 'max_duration': 5.005}
2025-11-08 17:01:46,160 - root - INFO - Loaded wav norm from ./mydatasets/CREMAD/wav_norm_16000_fold2.pkl
2025-11-08 17:01:46,161 - root - INFO - Norm values are {'mean': tensor(-2.7781e-05), 'std': tensor(0.0615), 'max_duration': 5.005}
2025-11-08 17:01:46,255 - root - INFO - Loaded wav norm from ./mydatasets/CREMAD/wav_norm_16000_fold2.pkl
2025-11-08 17:01:46,256 - root - INFO - Norm values are {'mean': tensor(-2.7781e-05), 'std': tensor(0.0615), 'max_duration': 5.005}
Available cores 8
We are changing dataloader workers to num of cores 0
2025-11-08 17:01:46,260 - Agent - INFO - Device: cuda:0
2025-11-08 17:01:46,260 - Agent - INFO - Total training batches: 126, validate every 25 batches, steps per epoch: 6
2025-11-08 17:01:51,802 - Agent - INFO - Loss Weights are {'total': 1, 'combined': 1, 'c': 0, 'g': 0}
2025-11-08 17:01:52,928 - root - INFO - Loading enc best model state dict from /esat/smcdata/users/kkontras/Image_Dataset/no_backup/data/2025_data/synergy/unimodal_audio_fold2_lr0.001_wd0.0001.pth.tar
Replacing module
2025-11-08 17:01:53,412 - root - INFO - Loading enc best model state dict from /esat/smcdata/users/kkontras/Image_Dataset/no_backup/data/2025_data/synergy/unimodal_video_fold2_lr0.001_wd0.0001.pth.tar
Replacing module
2025-11-08 17:01:53,476 - Agent - INFO - Total number of trainable parameters are: 23483032
2025-11-08 17:01:53,487 - Agent - INFO - Total number of trainable parameters are: 23483032
2025-11-08 17:09:11,692 - Agent - INFO - [37mVal Epoch 1 step 1 with [31mce_loss_combined : 0.867574 [31mtotal : 0.867574 [94mAcc_combined: 72.96 [94mAcc_c: 57.88 [94mAcc_g: 64.33 [95mCEU_cue_audio: 0.8731 [95mCEU_cue_video: 0.5292 [95mCEU_synergy: 0.2204 [95mCEU_coexistence: 0.9787 
2025-11-08 17:09:11,717 - Agent - INFO - [37mTest Epoch 1 step 1 with [31mce_loss_combined : 0.816793 [31mtotal : 0.816793 [94mAcc_combined: 73.45 [94mAcc_c: 61.56 [94mAcc_g: 54.93 
2025-11-08 17:09:12,687 - Agent - INFO - [37mModels has saved successfully in /esat/smcdata/users/kkontras/Image_Dataset/no_backup/data/2025_data/synergy/Synprom_IB_fold2_l0.1_contrcoeff1_perturbgennoise_lr0.0001_wd0.0001_clsmlp_pre.pth.tar
2025-11-08 17:16:28,913 - Agent - INFO - [37mVal Epoch 2 step 2 with [31mce_loss_combined : 0.730222 [31mtotal : 0.730222 [94mAcc_combined: 77.33 [94mAcc_c: 54.20 [94mAcc_g: 66.74 [95mCEU_cue_audio: 0.8147 [95mCEU_cue_video: 0.7132 [95mCEU_synergy: 0.3071 [95mCEU_coexistence: 0.9697 
2025-11-08 17:16:28,960 - Agent - INFO - [37mTest Epoch 2 step 2 with [31mce_loss_combined : 0.886696 [31mtotal : 0.886696 [94mAcc_combined: 71.31 [94mAcc_c: 61.56 [94mAcc_g: 53.85 
2025-11-08 17:16:29,870 - Agent - INFO - [37mModels has saved successfully in /esat/smcdata/users/kkontras/Image_Dataset/no_backup/data/2025_data/synergy/Synprom_IB_fold2_l0.1_contrcoeff1_perturbgennoise_lr0.0001_wd0.0001_clsmlp_pre.pth.tar
2025-11-08 17:23:45,801 - Agent - INFO - [37mVal Epoch 3 step 3 with [31mce_loss_combined : 0.709976 [31mtotal : 0.709976 [94mAcc_combined: 76.99 [94mAcc_c: 57.88 [94mAcc_g: 63.87 [95mCEU_cue_audio: 0.6878 [95mCEU_cue_video: 0.8387 [95mCEU_synergy: 0.2442 [95mCEU_coexistence: 0.9726 
2025-11-08 17:31:00,975 - Agent - INFO - [37mVal Epoch 4 step 4 with [31mce_loss_combined : 0.772249 [31mtotal : 0.772249 [94mAcc_combined: 76.75 [94mAcc_c: 55.24 [94mAcc_g: 65.25 [95mCEU_cue_audio: 0.6667 [95mCEU_cue_video: 0.8655 [95mCEU_synergy: 0.2204 [95mCEU_coexistence: 0.9697 
2025-11-08 17:38:12,681 - Agent - INFO - [37mVal Epoch 5 step 5 with [31mce_loss_combined : 0.938622 [31mtotal : 0.938622 [94mAcc_combined: 72.15 [94mAcc_c: 55.81 [94mAcc_g: 61.91 [95mCEU_cue_audio: 0.5448 [95mCEU_cue_video: 0.8519 [95mCEU_synergy: 0.2519 [95mCEU_coexistence: 0.9152 
2025-11-08 17:45:27,858 - Agent - INFO - [37mVal Epoch 6 step 6 with [31mce_loss_combined : 0.917151 [31mtotal : 0.917151 [94mAcc_combined: 73.65 [94mAcc_c: 55.01 [94mAcc_g: 62.14 [95mCEU_cue_audio: 0.5237 [95mCEU_cue_video: 0.8698 [95mCEU_synergy: 0.2756 [95mCEU_coexistence: 0.9455 
2025-11-08 17:52:41,375 - Agent - INFO - [37mVal Epoch 7 step 7 with [31mce_loss_combined : 0.810111 [31mtotal : 0.810111 [94mAcc_combined: 74.91 [94mAcc_c: 53.05 [94mAcc_g: 63.64 [95mCEU_cue_audio: 0.5871 [95mCEU_cue_video: 0.8655 [95mCEU_synergy: 0.2047 [95mCEU_coexistence: 0.9726 
2025-11-08 17:59:56,579 - Agent - INFO - [37mVal Epoch 8 step 8 with [31mce_loss_combined : 0.835770 [31mtotal : 0.835770 [94mAcc_combined: 75.49 [94mAcc_c: 52.47 [94mAcc_g: 63.52 [95mCEU_cue_audio: 0.6294 [95mCEU_cue_video: 0.8698 [95mCEU_synergy: 0.1889 [95mCEU_coexistence: 0.9666 
2025-11-08 18:07:11,226 - Agent - INFO - [37mVal Epoch 9 step 9 with [31mce_loss_combined : 0.845640 [31mtotal : 0.845640 [94mAcc_combined: 73.30 [94mAcc_c: 56.39 [94mAcc_g: 61.22 [95mCEU_cue_audio: 0.5766 [95mCEU_cue_video: 0.8340 [95mCEU_synergy: 0.1889 [95mCEU_coexistence: 0.9637 
2025-11-08 18:14:22,738 - Agent - INFO - [37mVal Epoch 10 step 10 with [31mce_loss_combined : 0.957656 [31mtotal : 0.957656 [94mAcc_combined: 72.96 [94mAcc_c: 50.98 [94mAcc_g: 60.64 [95mCEU_cue_audio: 0.5503 [95mCEU_cue_video: 0.8429 [95mCEU_synergy: 0.2127 [95mCEU_coexistence: 0.9544 
2025-11-08 18:21:37,423 - Agent - INFO - [37mVal Epoch 11 step 11 with [31mce_loss_combined : 0.880107 [31mtotal : 0.880107 [94mAcc_combined: 74.57 [94mAcc_c: 51.90 [94mAcc_g: 59.72 [95mCEU_cue_audio: 0.5821 [95mCEU_cue_video: 0.8566 [95mCEU_synergy: 0.2519 [95mCEU_coexistence: 0.9544 
2025-11-08 18:28:53,439 - Agent - INFO - [37mVal Epoch 12 step 12 with [31mce_loss_combined : 0.967152 [31mtotal : 0.967152 [94mAcc_combined: 73.76 [94mAcc_c: 51.21 [94mAcc_g: 61.10 [95mCEU_cue_audio: 0.5766 [95mCEU_cue_video: 0.8566 [95mCEU_synergy: 0.1813 [95mCEU_coexistence: 0.9637 
2025-11-08 18:36:08,626 - Agent - INFO - [37mVal Epoch 13 step 13 with [31mce_loss_combined : 0.867093 [31mtotal : 0.867093 [94mAcc_combined: 75.60 [94mAcc_c: 52.36 [94mAcc_g: 62.83 [95mCEU_cue_audio: 0.6455 [95mCEU_cue_video: 0.8566 [95mCEU_synergy: 0.2047 [95mCEU_coexistence: 0.9637 
2025-11-08 18:43:24,083 - Agent - INFO - [37mVal Epoch 14 step 14 with [31mce_loss_combined : 0.881804 [31mtotal : 0.881804 [94mAcc_combined: 77.45 [94mAcc_c: 53.39 [94mAcc_g: 63.75 [95mCEU_cue_audio: 0.6615 [95mCEU_cue_video: 0.9014 [95mCEU_synergy: 0.1970 [95mCEU_coexistence: 0.9758 
2025-11-08 18:43:24,111 - Agent - INFO - [37mTest Epoch 14 step 14 with [31mce_loss_combined : 1.198738 [31mtotal : 1.198738 [94mAcc_combined: 65.95 [94mAcc_c: 53.43 [94mAcc_g: 52.46 
2025-11-08 18:43:25,043 - Agent - INFO - [37mModels has saved successfully in /esat/smcdata/users/kkontras/Image_Dataset/no_backup/data/2025_data/synergy/Synprom_IB_fold2_l0.1_contrcoeff1_perturbgennoise_lr0.0001_wd0.0001_clsmlp_pre.pth.tar
2025-11-08 18:50:40,972 - Agent - INFO - [37mVal Epoch 15 step 15 with [31mce_loss_combined : 0.988225 [31mtotal : 0.988225 [94mAcc_combined: 73.30 [94mAcc_c: 52.59 [94mAcc_g: 62.83 [95mCEU_cue_audio: 0.5871 [95mCEU_cue_video: 0.8429 [95mCEU_synergy: 0.1574 [95mCEU_coexistence: 0.9637 
2025-11-08 18:57:55,768 - Agent - INFO - [37mVal Epoch 16 step 16 with [31mce_loss_combined : 0.906390 [31mtotal : 0.906390 [94mAcc_combined: 73.99 [94mAcc_c: 53.05 [94mAcc_g: 60.87 [95mCEU_cue_audio: 0.5821 [95mCEU_cue_video: 0.8655 [95mCEU_synergy: 0.2204 [95mCEU_coexistence: 0.9455 
2025-11-08 19:05:09,863 - Agent - INFO - [37mVal Epoch 17 step 17 with [31mce_loss_combined : 1.010401 [31mtotal : 1.010401 [94mAcc_combined: 74.57 [94mAcc_c: 52.70 [94mAcc_g: 60.76 [95mCEU_cue_audio: 0.6032 [95mCEU_cue_video: 0.8609 [95mCEU_synergy: 0.2047 [95mCEU_coexistence: 0.9576 
2025-11-08 19:12:22,592 - Agent - INFO - [37mVal Epoch 18 step 18 with [31mce_loss_combined : 0.985013 [31mtotal : 0.985013 [94mAcc_combined: 76.41 [94mAcc_c: 54.55 [94mAcc_g: 61.33 [95mCEU_cue_audio: 0.6244 [95mCEU_cue_video: 0.8788 [95mCEU_synergy: 0.2361 [95mCEU_coexistence: 0.9697 
2025-11-08 19:19:36,469 - Agent - INFO - [37mVal Epoch 19 step 19 with [31mce_loss_combined : 0.963773 [31mtotal : 0.963773 [94mAcc_combined: 75.03 [94mAcc_c: 48.79 [94mAcc_g: 62.72 [95mCEU_cue_audio: 0.6244 [95mCEU_cue_video: 0.8519 [95mCEU_synergy: 0.1889 [95mCEU_coexistence: 0.9697 
2025-11-08 19:26:53,482 - Agent - INFO - [37mVal Epoch 20 step 20 with [31mce_loss_combined : 1.021565 [31mtotal : 1.021565 [94mAcc_combined: 74.22 [94mAcc_c: 51.09 [94mAcc_g: 62.37 [95mCEU_cue_audio: 0.6244 [95mCEU_cue_video: 0.8655 [95mCEU_synergy: 0.1574 [95mCEU_coexistence: 0.9515 
2025-11-08 19:34:13,910 - Agent - INFO - [37mVal Epoch 21 step 21 with [31mce_loss_combined : 1.071630 [31mtotal : 1.071630 [94mAcc_combined: 72.38 [94mAcc_c: 51.78 [94mAcc_g: 59.84 [95mCEU_cue_audio: 0.5715 [95mCEU_cue_video: 0.8387 [95mCEU_synergy: 0.2127 [95mCEU_coexistence: 0.9302 
2025-11-08 19:41:28,022 - Agent - INFO - [37mVal Epoch 22 step 22 with [31mce_loss_combined : 0.977865 [31mtotal : 0.977865 [94mAcc_combined: 75.37 [94mAcc_c: 52.82 [94mAcc_g: 64.10 [95mCEU_cue_audio: 0.6509 [95mCEU_cue_video: 0.8340 [95mCEU_synergy: 0.2442 [95mCEU_coexistence: 0.9544 
2025-11-08 19:48:46,017 - Agent - INFO - [37mVal Epoch 23 step 23 with [31mce_loss_combined : 0.997870 [31mtotal : 0.997870 [94mAcc_combined: 75.49 [94mAcc_c: 51.44 [94mAcc_g: 63.18 [95mCEU_cue_audio: 0.6400 [95mCEU_cue_video: 0.8519 [95mCEU_synergy: 0.2047 [95mCEU_coexistence: 0.9666 
2025-11-08 19:56:02,323 - Agent - INFO - [37mVal Epoch 24 step 24 with [31mce_loss_combined : 0.996884 [31mtotal : 0.996884 [94mAcc_combined: 74.22 [94mAcc_c: 55.47 [94mAcc_g: 61.45 [95mCEU_cue_audio: 0.6138 [95mCEU_cue_video: 0.8340 [95mCEU_synergy: 0.2127 [95mCEU_coexistence: 0.9576 
2025-11-08 20:03:20,420 - Agent - INFO - [37mVal Epoch 25 step 25 with [31mce_loss_combined : 0.987954 [31mtotal : 0.987954 [94mAcc_combined: 76.06 [94mAcc_c: 54.43 [94mAcc_g: 63.29 [95mCEU_cue_audio: 0.6615 [95mCEU_cue_video: 0.8519 [95mCEU_synergy: 0.2442 [95mCEU_coexistence: 0.9544 
2025-11-08 20:10:38,661 - Agent - INFO - [37mVal Epoch 26 step 26 with [31mce_loss_combined : 1.059045 [31mtotal : 1.059045 [94mAcc_combined: 74.80 [94mAcc_c: 54.09 [94mAcc_g: 61.57 [95mCEU_cue_audio: 0.6244 [95mCEU_cue_video: 0.8476 [95mCEU_synergy: 0.2204 [95mCEU_coexistence: 0.9544 
2025-11-08 20:17:56,009 - Agent - INFO - [37mVal Epoch 27 step 27 with [31mce_loss_combined : 1.023018 [31mtotal : 1.023018 [94mAcc_combined: 75.26 [94mAcc_c: 52.93 [94mAcc_g: 62.95 [95mCEU_cue_audio: 0.6400 [95mCEU_cue_video: 0.8698 [95mCEU_synergy: 0.1970 [95mCEU_coexistence: 0.9515 
2025-11-08 20:25:09,483 - Agent - INFO - [37mVal Epoch 28 step 28 with [31mce_loss_combined : 1.162181 [31mtotal : 1.162181 [94mAcc_combined: 73.99 [94mAcc_c: 52.13 [94mAcc_g: 61.68 [95mCEU_cue_audio: 0.6294 [95mCEU_cue_video: 0.8387 [95mCEU_synergy: 0.1889 [95mCEU_coexistence: 0.9484 
2025-11-08 20:32:25,930 - Agent - INFO - [37mVal Epoch 29 step 29 with [31mce_loss_combined : 1.011245 [31mtotal : 1.011245 [94mAcc_combined: 75.14 [94mAcc_c: 55.35 [94mAcc_g: 62.83 [95mCEU_cue_audio: 0.6561 [95mCEU_cue_video: 0.8387 [95mCEU_synergy: 0.2127 [95mCEU_coexistence: 0.9544 
2025-11-08 20:39:41,562 - Agent - INFO - [37mVal Epoch 30 step 30 with [31mce_loss_combined : 1.035005 [31mtotal : 1.035005 [94mAcc_combined: 74.68 [94mAcc_c: 54.43 [94mAcc_g: 63.41 [95mCEU_cue_audio: 0.6509 [95mCEU_cue_video: 0.8297 [95mCEU_synergy: 0.2127 [95mCEU_coexistence: 0.9515 
2025-11-08 20:46:58,059 - Agent - INFO - [37mVal Epoch 31 step 31 with [31mce_loss_combined : 1.062009 [31mtotal : 1.062009 [94mAcc_combined: 74.45 [94mAcc_c: 54.89 [94mAcc_g: 61.22 [95mCEU_cue_audio: 0.6244 [95mCEU_cue_video: 0.8519 [95mCEU_synergy: 0.2127 [95mCEU_coexistence: 0.9455 
2025-11-08 20:54:12,363 - Agent - INFO - [37mVal Epoch 32 step 32 with [31mce_loss_combined : 1.160291 [31mtotal : 1.160291 [94mAcc_combined: 74.34 [94mAcc_c: 51.78 [94mAcc_g: 63.98 [95mCEU_cue_audio: 0.6349 [95mCEU_cue_video: 0.8297 [95mCEU_synergy: 0.2047 [95mCEU_coexistence: 0.9544 
2025-11-08 21:01:25,951 - Agent - INFO - [37mVal Epoch 33 step 33 with [31mce_loss_combined : 1.055057 [31mtotal : 1.055057 [94mAcc_combined: 73.76 [94mAcc_c: 50.63 [94mAcc_g: 62.60 [95mCEU_cue_audio: 0.6349 [95mCEU_cue_video: 0.8118 [95mCEU_synergy: 0.2204 [95mCEU_coexistence: 0.9455 
2025-11-08 21:01:27,320 - Agent - INFO - We are in the final state.
2025-11-08 21:01:27,681 - root - INFO - Loaded best model from /esat/smcdata/users/kkontras/Image_Dataset/no_backup/data/2025_data/synergy/Synprom_IB_fold2_l0.1_contrcoeff1_perturbgennoise_lr0.0001_wd0.0001_clsmlp_pre.pth.tar
2025-11-08 21:01:51,985 - Agent - INFO - [37mVal Epoch 33 step 0 with [31mce_loss_combined : 0.881804 [31mtotal : 0.881804 [94mAcc_combined: 77.45 [94mAcc_c: 53.39 [94mAcc_g: 63.75 [95mCEU_cue_audio: 0.6615 [95mCEU_cue_video: 0.9014 [95mCEU_synergy: 0.1970 [95mCEU_coexistence: 0.9758 
2025-11-08 21:02:17,937 - Agent - INFO - [37mTest Epoch 33 step 0 with [31mce_loss_combined : 1.198738 [31mtotal : 1.198738 [94mAcc_combined: 65.95 [94mAcc_c: 53.43 [94mAcc_g: 52.46 
2025-11-08 21:02:19,623 - Agent - INFO - [37mModels has saved successfully in /esat/smcdata/users/kkontras/Image_Dataset/no_backup/data/2025_data/synergy/Synprom_IB_fold2_l0.1_contrcoeff1_perturbgennoise_lr0.0001_wd0.0001_clsmlp_pre.pth.tar
Job finished
