Starting Job
/esat/smcdata/users/kkontras/Image_Dataset/no_backup/git/Synergy/train.py
/esat/smcdata/users/kkontras/Image_Dataset/no_backup/envs/balance_env/bin/python
Python 3.9.18
/esat/smcdata/users/kkontras/Image_Dataset/no_backup/git/Synergy
We have 1 GPU
/esat/smcdata/users/kkontras/Image_Dataset/no_backup/git/Synergy/train.py
config-./configs/CREMA_D/synergy/nov/synprom_ib.json
Executing command: accelerate launch /esat/smcdata/users/kkontras/Image_Dataset/no_backup/git/Synergy/train.py --config ./configs/CREMA_D/synergy/nov/synprom_ib.json --default_config ./configs/CREMA_D/default_config_cremad_res_syn.json --fold 0 --pre  --l 0.5 --contrcoeff 1 --lr 0.0001 --wd 0.0001 --cls mlp --perturb gennoise
Namespace(config='./configs/CREMA_D/synergy/nov/synprom_ib.json', default_config='./configs/CREMA_D/default_config_cremad_res_syn.json', fold='0', alpha=None, tanh_mode=None, tanh_mode_beta=None, regby=None, clip=None, batch_size=None, l='0.5', multil=None, l_diffsq=None, lib=None, ratio_us=None, ratio_snr=None, kmepoch=None, num_samples=None, pow=None, nstep=None, contrcoeff='1', kde_coeff=None, etube=None, temperature=None, contr_type=None, shuffle_type=None, validate_with=None, transform_type=None, trasform_before=None, num_classes=None, base_alpha=None, alpha_var=None, base_beta=None, beta_var=None, optim_method=None, ilr_c=None, ilr_g=None, mmcosine_scaling=None, ending_epoch=None, load_ongoing=None, commonlayers=None, recon_weight1=None, recon_weight2=None, recon_epochstages=None, recon_ensemblestages=None, lr='0.0001', wd='0.0001', mm=None, cls='mlp', perturb='gennoise', pre=True, frozen=False, tdqm_disable=False, start_over=False)
2025-11-08 17:01:43,547 - Config - INFO - ./configs/CREMA_D/synergy/nov/synprom_ib.json
2025-11-08 17:01:43,553 - Config - INFO -  THE Configuration of your experiment ..
{'agent': 'Agent',
 'dataset': {'data_roots': '/esat/smcdata/users/kkontras/Image_Dataset/no_backup/CremaD/CREMA-D',
             'data_split': {'fold': 0, 'method': 'non_inclusive'},
             'dataloader_class': 'CramedD_Dataloader',
             'fps': 1,
             'norm': False,
             'norm_face_path': './mydatasets/CREMAD/norm_face_path_fold{}.pkl',
             'norm_wav_path': './mydatasets/CREMAD/wav_norm_16000_fold{}.pkl',
             'num_frame': 3,
             'return_data': {'audio': False,
                             'face': False,
                             'spectrogram': True,
                             'video': True},
             'sampling_rate': 22050},
 'early_stopping': {'end_of_epoch_check': True,
                    'log_interval': 10,
                    'max_epoch': 1500,
                    'n_steps_stop': 20,
                    'n_steps_stop_after': 0,
                    'save_every_step': 3000,
                    'save_every_valstep': 10,
                    'validate_after': 0,
                    'validate_every': 25,
                    'validate_with': 'accuracy'},
 'exp_name': 'CREMAD Experiment',
 'model': {'args': {'bias_infusion': {'ending_epoch': 1500,
                                      'l': 0.1,
                                      'method': 'false',
                                      'plot': False,
                                      'starting_epoch': 0,
                                      'use': True},
                    'clip_grad': False,
                    'cls_type': 'linear',
                    'd_model': 512,
                    'dropout': 0.1,
                    'fc_inner': 64,
                    'multi_loss': {'multi_supervised_w': {'c': 0,
                                                          'combined': 1,
                                                          'g': 0}},
                    'num_classes': 6},
           'encoders': [{'args': {'d_model': 512,
                                  'dropout': 0.1,
                                  'fc_inner': 64,
                                  'freeze_encoder': False,
                                  'num_classes': 6},
                         'model': 'Audio_ResNet',
                         'pretrainedEncoder': {'dir': 'unimodal_audio_fold{}_lr0.001_wd0.0001.pth.tar',
                                               'use': False}},
                        {'args': {'d_model': 512,
                                  'dropout': 0.1,
                                  'fc_inner': 64,
                                  'freeze_encoder': False,
                                  'num_classes': 6},
                         'model': 'Video_ResNet',
                         'pretrainedEncoder': {'dir': 'unimodal_video_fold{}_lr0.001_wd0.0001.pth.tar',
                                               'use': False}}],
           'load_ongoing': False,
           'model_class': 'Fusion_Synprom_IB',
           'save_base_dir': '/esat/smcdata/users/kkontras/Image_Dataset/no_backup/data/2025_data/synergy',
           'save_dir': 'Synprom_IB_{}.pth.tar'},
 'optimizer': {'beta1': 0.9,
               'beta2': 0.999,
               'learning_rate': 1e-05,
               'momentum': 0.9,
               'type': 'Adam',
               'weight_decay': 1e-05},
 'scheduler': {'max_lr': 0.03, 'type': 'cosanneal', 'warm_up_steps': 780},
 'training_params': {'adversarial_training': {'adv_epsilon': 0.01,
                                              'use': False},
                     'async_loading': True,
                     'batch_size': 32,
                     'cuda': True,
                     'data_loader_workers': 8,
                     'gpu_device': [0],
                     'pin_memory': False,
                     'rec_test': True,
                     'res': True,
                     'seed': 109,
                     'tdqm_disable': False,
                     'test_batch_size': 32,
                     'test_on_bottoms': False,
                     'use_test_set': True,
                     'validation': True,
                     'verbose': True,
                     'wandb_disable': False}}
2025-11-08 17:01:43,557 - Config - INFO -  *************************************** 
2025-11-08 17:01:43,557 - Config - INFO - The experiment name is CREMAD Experiment
2025-11-08 17:01:43,557 - Config - INFO -  *************************************** 
2025-11-08 17:01:43,557 - root - INFO - save_dir: Synprom_IB_fold0_l0.5_contrcoeff1_perturbgennoise_lr0.0001_wd0.0001_clsmlp_pre.pth.tar
2025-11-08 17:01:43,772 - Cuda Statistics - INFO - __Python VERSION:  3.9.18 (main, Sep 11 2023, 13:41:44) 
[GCC 11.2.0]
2025-11-08 17:01:43,772 - Cuda Statistics - INFO - __pyTorch VERSION:  2.0.1+cu118
2025-11-08 17:01:43,773 - Cuda Statistics - INFO - __CUDA VERSION
2025-11-08 17:01:43,776 - Cuda Statistics - INFO - __CUDNN VERSION:  8700
2025-11-08 17:01:43,822 - Cuda Statistics - INFO - __Number CUDA Devices:  1
2025-11-08 17:01:43,822 - Cuda Statistics - INFO - __Devices
2025-11-08 17:01:43,822 - Cuda Statistics - INFO - index, name, driver_version, memory.total [MiB], memory.used [MiB], memory.free [MiB]
2025-11-08 17:01:43,822 - Cuda Statistics - INFO - 0, Tesla P100-PCIE-16GB, 580.95.05, 16384 MiB, 3 MiB, 16268 MiB
2025-11-08 17:01:43,824 - Cuda Statistics - INFO - Active CUDA Device: GPU 0
2025-11-08 17:01:43,824 - Cuda Statistics - INFO - Available devices  1
2025-11-08 17:01:43,825 - Cuda Statistics - INFO - Current cuda device  0
This path does not exist /esat/smcdata/users/kkontras/Image_Dataset/no_backup/CremaD/CREMA-D/AudioWAV/1076_MTI_SAD_XX.wav or /esat/smcdata/users/kkontras/Image_Dataset/no_backup/CremaD/CREMA-D/Image-01-FPS/1076_MTI_SAD_XX or /esat/smcdata/users/kkontras/Image_Dataset/no_backup/CremaD/CREMA-D/Face_features/1076_MTI_SAD_XX.npy
2025-11-08 17:01:45,980 - root - INFO - Loaded wav norm from ./mydatasets/CREMAD/wav_norm_16000_fold0.pkl
2025-11-08 17:01:45,986 - root - INFO - Norm values are {'mean': tensor(-2.7937e-05), 'std': tensor(0.0613), 'max_duration': 4.8715625}
2025-11-08 17:01:46,157 - root - INFO - Loaded wav norm from ./mydatasets/CREMAD/wav_norm_16000_fold0.pkl
2025-11-08 17:01:46,159 - root - INFO - Norm values are {'mean': tensor(-2.7937e-05), 'std': tensor(0.0613), 'max_duration': 4.8715625}
2025-11-08 17:01:46,255 - root - INFO - Loaded wav norm from ./mydatasets/CREMAD/wav_norm_16000_fold0.pkl
2025-11-08 17:01:46,257 - root - INFO - Norm values are {'mean': tensor(-2.7937e-05), 'std': tensor(0.0613), 'max_duration': 4.8715625}
Available cores 8
We are changing dataloader workers to num of cores 0
2025-11-08 17:01:46,260 - Agent - INFO - Device: cuda:0
2025-11-08 17:01:46,261 - Agent - INFO - Total training batches: 127, validate every 25 batches, steps per epoch: 6
2025-11-08 17:01:51,803 - Agent - INFO - Loss Weights are {'total': 1, 'combined': 1, 'c': 0, 'g': 0}
2025-11-08 17:01:52,871 - root - INFO - Loading enc best model state dict from /esat/smcdata/users/kkontras/Image_Dataset/no_backup/data/2025_data/synergy/unimodal_audio_fold0_lr0.001_wd0.0001.pth.tar
Replacing module
2025-11-08 17:01:53,336 - root - INFO - Loading enc best model state dict from /esat/smcdata/users/kkontras/Image_Dataset/no_backup/data/2025_data/synergy/unimodal_video_fold0_lr0.001_wd0.0001.pth.tar
Replacing module
2025-11-08 17:01:53,449 - Agent - INFO - Total number of trainable parameters are: 23483032
2025-11-08 17:01:53,469 - Agent - INFO - Total number of trainable parameters are: 23483032
2025-11-08 17:09:08,229 - Agent - INFO - [37mVal Epoch 1 step 1 with [31mce_loss_combined : 0.937658 [31mtotal : 0.937658 [94mAcc_combined: 74.83 [94mAcc_c: 60.36 [94mAcc_g: 60.71 [95mCEU_cue_audio: 0.5936 [95mCEU_cue_video: 0.8244 [95mCEU_synergy: 0.2295 [95mCEU_coexistence: 0.9757 
2025-11-08 17:09:08,254 - Agent - INFO - [37mTest Epoch 1 step 1 with [31mce_loss_combined : 1.099631 [31mtotal : 1.099631 [94mAcc_combined: 64.07 [94mAcc_c: 55.84 [94mAcc_g: 54.73 
2025-11-08 17:09:09,261 - Agent - INFO - [37mModels has saved successfully in /esat/smcdata/users/kkontras/Image_Dataset/no_backup/data/2025_data/synergy/Synprom_IB_fold0_l0.5_contrcoeff1_perturbgennoise_lr0.0001_wd0.0001_clsmlp_pre.pth.tar
2025-11-08 17:16:23,307 - Agent - INFO - [37mVal Epoch 2 step 2 with [31mce_loss_combined : 0.996497 [31mtotal : 0.996497 [94mAcc_combined: 66.97 [94mAcc_c: 62.98 [94mAcc_g: 57.52 [95mCEU_cue_audio: 0.3380 [95mCEU_cue_video: 0.7999 [95mCEU_synergy: 0.3031 [95mCEU_coexistence: 0.9273 
2025-11-08 17:23:38,931 - Agent - INFO - [37mVal Epoch 3 step 3 with [31mce_loss_combined : 1.138447 [31mtotal : 1.138447 [94mAcc_combined: 65.15 [94mAcc_c: 62.19 [94mAcc_g: 55.92 [95mCEU_cue_audio: 0.3242 [95mCEU_cue_video: 0.8181 [95mCEU_synergy: 0.3031 [95mCEU_coexistence: 0.8844 
2025-11-08 17:30:56,729 - Agent - INFO - [37mVal Epoch 4 step 4 with [31mce_loss_combined : 1.153181 [31mtotal : 1.153181 [94mAcc_combined: 66.29 [94mAcc_c: 63.10 [94mAcc_g: 56.95 [95mCEU_cue_audio: 0.2878 [95mCEU_cue_video: 0.8728 [95mCEU_synergy: 0.2705 [95mCEU_coexistence: 0.9193 
2025-11-08 17:38:12,110 - Agent - INFO - [37mVal Epoch 5 step 5 with [31mce_loss_combined : 1.058256 [31mtotal : 1.058256 [94mAcc_combined: 69.36 [94mAcc_c: 61.28 [94mAcc_g: 57.40 [95mCEU_cue_audio: 0.3607 [95mCEU_cue_video: 0.8665 [95mCEU_synergy: 0.2131 [95mCEU_coexistence: 0.9705 
2025-11-08 17:45:27,815 - Agent - INFO - [37mVal Epoch 6 step 6 with [31mce_loss_combined : 1.055996 [31mtotal : 1.055996 [94mAcc_combined: 68.00 [94mAcc_c: 62.53 [94mAcc_g: 57.29 [95mCEU_cue_audio: 0.3380 [95mCEU_cue_video: 0.8665 [95mCEU_synergy: 0.2705 [95mCEU_coexistence: 0.9327 
2025-11-08 17:52:42,620 - Agent - INFO - [37mVal Epoch 7 step 7 with [31mce_loss_combined : 1.087172 [31mtotal : 1.087172 [94mAcc_combined: 68.56 [94mAcc_c: 62.76 [94mAcc_g: 56.04 [95mCEU_cue_audio: 0.3789 [95mCEU_cue_video: 0.8606 [95mCEU_synergy: 0.2621 [95mCEU_coexistence: 0.9273 
2025-11-08 17:59:56,850 - Agent - INFO - [37mVal Epoch 8 step 8 with [31mce_loss_combined : 1.113159 [31mtotal : 1.113159 [94mAcc_combined: 67.20 [94mAcc_c: 62.41 [94mAcc_g: 57.18 [95mCEU_cue_audio: 0.3242 [95mCEU_cue_video: 0.8728 [95mCEU_synergy: 0.2871 [95mCEU_coexistence: 0.9141 
2025-11-08 18:07:10,300 - Agent - INFO - [37mVal Epoch 9 step 9 with [31mce_loss_combined : 1.177651 [31mtotal : 1.177651 [94mAcc_combined: 68.00 [94mAcc_c: 58.20 [94mAcc_g: 55.13 [95mCEU_cue_audio: 0.3424 [95mCEU_cue_video: 0.8362 [95mCEU_synergy: 0.2871 [95mCEU_coexistence: 0.9382 
2025-11-08 18:14:23,668 - Agent - INFO - [37mVal Epoch 10 step 10 with [31mce_loss_combined : 1.115487 [31mtotal : 1.115487 [94mAcc_combined: 68.11 [94mAcc_c: 59.91 [94mAcc_g: 54.78 [95mCEU_cue_audio: 0.3607 [95mCEU_cue_video: 0.8302 [95mCEU_synergy: 0.3115 [95mCEU_coexistence: 0.9247 
2025-11-08 18:21:38,765 - Agent - INFO - [37mVal Epoch 11 step 11 with [31mce_loss_combined : 1.148172 [31mtotal : 1.148172 [94mAcc_combined: 67.31 [94mAcc_c: 60.59 [94mAcc_g: 55.81 [95mCEU_cue_audio: 0.3152 [95mCEU_cue_video: 0.8547 [95mCEU_synergy: 0.3197 [95mCEU_coexistence: 0.9193 
2025-11-08 18:28:53,857 - Agent - INFO - [37mVal Epoch 12 step 12 with [31mce_loss_combined : 1.174580 [31mtotal : 1.174580 [94mAcc_combined: 67.20 [94mAcc_c: 60.48 [94mAcc_g: 55.01 [95mCEU_cue_audio: 0.3242 [95mCEU_cue_video: 0.8547 [95mCEU_synergy: 0.3441 [95mCEU_coexistence: 0.9032 
2025-11-08 18:36:09,841 - Agent - INFO - [37mVal Epoch 13 step 13 with [31mce_loss_combined : 1.195328 [31mtotal : 1.195328 [94mAcc_combined: 67.88 [94mAcc_c: 59.11 [94mAcc_g: 56.04 [95mCEU_cue_audio: 0.3288 [95mCEU_cue_video: 0.8547 [95mCEU_synergy: 0.3281 [95mCEU_coexistence: 0.9221 
2025-11-08 18:43:25,132 - Agent - INFO - [37mVal Epoch 14 step 14 with [31mce_loss_combined : 1.062498 [31mtotal : 1.062498 [94mAcc_combined: 71.98 [94mAcc_c: 60.82 [94mAcc_g: 56.61 [95mCEU_cue_audio: 0.4429 [95mCEU_cue_video: 0.8665 [95mCEU_synergy: 0.2871 [95mCEU_coexistence: 0.9596 
2025-11-08 18:50:41,741 - Agent - INFO - [37mVal Epoch 15 step 15 with [31mce_loss_combined : 1.113614 [31mtotal : 1.113614 [94mAcc_combined: 69.59 [94mAcc_c: 61.62 [94mAcc_g: 55.69 [95mCEU_cue_audio: 0.3745 [95mCEU_cue_video: 0.8728 [95mCEU_synergy: 0.3197 [95mCEU_coexistence: 0.9301 
2025-11-08 18:57:55,279 - Agent - INFO - [37mVal Epoch 16 step 16 with [31mce_loss_combined : 1.187960 [31mtotal : 1.187960 [94mAcc_combined: 66.86 [94mAcc_c: 60.82 [94mAcc_g: 53.53 [95mCEU_cue_audio: 0.3881 [95mCEU_cue_video: 0.7878 [95mCEU_synergy: 0.3197 [95mCEU_coexistence: 0.8952 
2025-11-08 19:05:07,122 - Agent - INFO - [37mVal Epoch 17 step 17 with [31mce_loss_combined : 1.214193 [31mtotal : 1.214193 [94mAcc_combined: 69.59 [94mAcc_c: 61.96 [94mAcc_g: 56.15 [95mCEU_cue_audio: 0.3881 [95mCEU_cue_video: 0.8606 [95mCEU_synergy: 0.3115 [95mCEU_coexistence: 0.9301 
2025-11-08 19:12:18,939 - Agent - INFO - [37mVal Epoch 18 step 18 with [31mce_loss_combined : 1.077352 [31mtotal : 1.077352 [94mAcc_combined: 73.01 [94mAcc_c: 57.97 [94mAcc_g: 56.83 [95mCEU_cue_audio: 0.4567 [95mCEU_cue_video: 0.8484 [95mCEU_synergy: 0.3441 [95mCEU_coexistence: 0.9651 
2025-11-08 19:19:35,340 - Agent - INFO - [37mVal Epoch 19 step 19 with [31mce_loss_combined : 1.224480 [31mtotal : 1.224480 [94mAcc_combined: 69.36 [94mAcc_c: 59.11 [94mAcc_g: 55.47 [95mCEU_cue_audio: 0.4064 [95mCEU_cue_video: 0.8484 [95mCEU_synergy: 0.3281 [95mCEU_coexistence: 0.9141 
2025-11-08 19:26:52,489 - Agent - INFO - [37mVal Epoch 20 step 20 with [31mce_loss_combined : 1.115623 [31mtotal : 1.115623 [94mAcc_combined: 71.53 [94mAcc_c: 60.25 [94mAcc_g: 56.15 [95mCEU_cue_audio: 0.4840 [95mCEU_cue_video: 0.8181 [95mCEU_synergy: 0.2952 [95mCEU_coexistence: 0.9436 
2025-11-08 19:26:55,823 - Agent - INFO - We are in the final state.
2025-11-08 19:26:56,792 - root - INFO - Loaded best model from /esat/smcdata/users/kkontras/Image_Dataset/no_backup/data/2025_data/synergy/Synprom_IB_fold0_l0.5_contrcoeff1_perturbgennoise_lr0.0001_wd0.0001_clsmlp_pre.pth.tar
2025-11-08 19:27:21,637 - Agent - INFO - [37mVal Epoch 20 step 0 with [31mce_loss_combined : 0.937658 [31mtotal : 0.937658 [94mAcc_combined: 74.83 [94mAcc_c: 60.36 [94mAcc_g: 60.71 [95mCEU_cue_audio: 0.5936 [95mCEU_cue_video: 0.8244 [95mCEU_synergy: 0.2295 [95mCEU_coexistence: 0.9757 
2025-11-08 19:27:46,581 - Agent - INFO - [37mTest Epoch 20 step 0 with [31mce_loss_combined : 1.099631 [31mtotal : 1.099631 [94mAcc_combined: 64.07 [94mAcc_c: 55.84 [94mAcc_g: 54.73 
2025-11-08 19:27:48,268 - Agent - INFO - [37mModels has saved successfully in /esat/smcdata/users/kkontras/Image_Dataset/no_backup/data/2025_data/synergy/Synprom_IB_fold0_l0.5_contrcoeff1_perturbgennoise_lr0.0001_wd0.0001_clsmlp_pre.pth.tar
Job finished
