000 (014.009.000) 2025-11-08 14:33:03 Job submitted from host: <10.87.28.209:9618?addrs=10.87.28.209-9618&alias=krakas.esat.kuleuven.be&noUDP&sock=schedd_1611_9729>
...
001 (014.009.000) 2025-11-08 17:01:13 Job executing on host: <10.87.24.25:9618?addrs=10.87.24.25-9618+[--1]-9618&alias=estragon.esat.kuleuven.be&noUDP&sock=startd_2009_95db>
	SlotName: slot1_3@estragon.esat.kuleuven.be
	AvailableGPUs = { GPUs_GPU_193a1cfd }
	CondorScratchDir = "/usr/data/condor/execute/dir_298908"
	Cpus = 8
	Disk = 1054592
	GPUs = 1
	GPUs_GPU_193a1cfd = [ Id = "GPU-193a1cfd"; ClockMhz = 1328.5; Capability = 6.0; CoresPerCU = 64; DeviceName = "Tesla P100-PCIE-16GB"; DeviceUuid = "193a1cfd-3ef5-207c-3098-c99b2d71fabc"; ECCEnabled = true; ComputeUnits = 56; NvidiaDriver = "580.95.05"; DriverVersion = 13.0; DevicePciBusId = "0000:0E:00.0"; GlobalMemoryMb = 16269; MaxSupportedVersion = 13000 ]
	Memory = 71680
...
006 (014.009.000) 2025-11-08 17:01:21 Image size of job updated: 216684
	212  -  MemoryUsage of job (MB)
	216684  -  ResidentSetSize of job (KB)
...
006 (014.009.000) 2025-11-08 17:06:21 Image size of job updated: 1338684
	1302  -  MemoryUsage of job (MB)
	1332648  -  ResidentSetSize of job (KB)
...
006 (014.009.000) 2025-11-08 17:11:22 Image size of job updated: 1436904
	1404  -  MemoryUsage of job (MB)
	1436892  -  ResidentSetSize of job (KB)
...
006 (014.009.000) 2025-11-08 17:16:23 Image size of job updated: 1463072
	1404  -  MemoryUsage of job (MB)
	1436892  -  ResidentSetSize of job (KB)
...
006 (014.009.000) 2025-11-08 17:26:24 Image size of job updated: 1463088
	1404  -  MemoryUsage of job (MB)
	1436892  -  ResidentSetSize of job (KB)
...
006 (014.009.000) 2025-11-08 17:31:24 Image size of job updated: 1470008
	1404  -  MemoryUsage of job (MB)
	1436892  -  ResidentSetSize of job (KB)
...
006 (014.009.000) 2025-11-08 17:41:25 Image size of job updated: 1470008
	1419  -  MemoryUsage of job (MB)
	1452404  -  ResidentSetSize of job (KB)
...
006 (014.009.000) 2025-11-08 17:56:26 Image size of job updated: 1470008
	1422  -  MemoryUsage of job (MB)
	1456060  -  ResidentSetSize of job (KB)
...
006 (014.009.000) 2025-11-08 18:01:27 Image size of job updated: 1470008
	1434  -  MemoryUsage of job (MB)
	1467536  -  ResidentSetSize of job (KB)
...
006 (014.009.000) 2025-11-08 18:06:27 Image size of job updated: 1471768
	1438  -  MemoryUsage of job (MB)
	1471768  -  ResidentSetSize of job (KB)
...
006 (014.009.000) 2025-11-08 18:11:28 Image size of job updated: 1489408
	1438  -  MemoryUsage of job (MB)
	1471768  -  ResidentSetSize of job (KB)
...
006 (014.009.000) 2025-11-08 18:16:29 Image size of job updated: 1534800
	1438  -  MemoryUsage of job (MB)
	1471768  -  ResidentSetSize of job (KB)
...
006 (014.009.000) 2025-11-08 18:26:30 Image size of job updated: 1534800
	1439  -  MemoryUsage of job (MB)
	1472820  -  ResidentSetSize of job (KB)
...
006 (014.009.000) 2025-11-08 18:56:33 Image size of job updated: 1534800
	1449  -  MemoryUsage of job (MB)
	1483600  -  ResidentSetSize of job (KB)
...
005 (014.009.000) 2025-11-08 19:27:56 Job terminated.
	(1) Normal termination (return value 0)
		Usr 0 06:16:41, Sys 0 00:35:02  -  Run Remote Usage
		Usr 0 00:00:00, Sys 0 00:00:00  -  Run Local Usage
		Usr 0 06:16:41, Sys 0 00:35:02  -  Total Remote Usage
		Usr 0 00:00:00, Sys 0 00:00:00  -  Total Local Usage
	0  -  Run Bytes Sent By Job
	0  -  Run Bytes Received By Job
	0  -  Total Bytes Sent By Job
	0  -  Total Bytes Received By Job
	Partitionable Resources :    Usage  Request Allocated Assigned
	   Cpus                 :     2.58        8         8 
	   Disk (KB)            :     2     1048576   1054592 
	   GPUs                 :     0.63        1         1 "GPU-193a1cfd"
	   GpusMemory (MB)      :  9049                       
	   Memory (MB)          :  1449       71680     71680 
	   TimeExecute (s)      :  8803                       
	   TimeSlotBusy (s)     :  8803                       
...
