000 (015.000.000) 2025-11-08 14:36:29 Job submitted from host: <10.87.28.209:9618?addrs=10.87.28.209-9618&alias=krakas.esat.kuleuven.be&noUDP&sock=schedd_1611_9729>
...
001 (015.000.000) 2025-11-08 22:40:47 Job executing on host: <10.87.28.117:9618?addrs=10.87.28.117-9618&alias=stadius-nc-4.esat.kuleuven.be&noUDP&sock=startd_3335_1c6f>
	SlotName: slot1_1@stadius-nc-4.esat.kuleuven.be
	AvailableGPUs = { GPUs_GPU_1236270c }
	CondorScratchDir = "/volume1/condor/execute/dir_1316961"
	Cpus = 8
	Disk = 1050150
	GPUs = 1
	GPUs_GPU_1236270c = [ Id = "GPU-1236270c"; ClockMhz = 1545.0; Capability = 7.5; CoresPerCU = 64; DeviceName = "NVIDIA GeForce RTX 2080 Ti"; DeviceUuid = "1236270c-ad23-648a-e65a-80b2ab2cf0c3"; ECCEnabled = false; ComputeUnits = 68; NvidiaDriver = "570.153.02"; DriverVersion = 12.8; DevicePciBusId = "0000:25:00.0"; GlobalMemoryMb = 10823; MaxSupportedVersion = 12080 ]
	Memory = 71680
...
006 (015.000.000) 2025-11-08 22:40:56 Image size of job updated: 460800
	450  -  MemoryUsage of job (MB)
	460800  -  ResidentSetSize of job (KB)
...
006 (015.000.000) 2025-11-08 22:45:57 Image size of job updated: 1570668
	1478  -  MemoryUsage of job (MB)
	1513336  -  ResidentSetSize of job (KB)
...
006 (015.000.000) 2025-11-08 22:50:57 Image size of job updated: 1620216
	1525  -  MemoryUsage of job (MB)
	1560812  -  ResidentSetSize of job (KB)
...
006 (015.000.000) 2025-11-08 22:55:58 Image size of job updated: 1628648
	1536  -  MemoryUsage of job (MB)
	1572792  -  ResidentSetSize of job (KB)
...
006 (015.000.000) 2025-11-08 23:00:58 Image size of job updated: 1651424
	1549  -  MemoryUsage of job (MB)
	1585156  -  ResidentSetSize of job (KB)
...
006 (015.000.000) 2025-11-08 23:05:58 Image size of job updated: 1651424
	1553  -  MemoryUsage of job (MB)
	1589972  -  ResidentSetSize of job (KB)
...
006 (015.000.000) 2025-11-08 23:10:59 Image size of job updated: 1658920
	1553  -  MemoryUsage of job (MB)
	1589972  -  ResidentSetSize of job (KB)
...
006 (015.000.000) 2025-11-08 23:15:59 Image size of job updated: 1658920
	1613  -  MemoryUsage of job (MB)
	1651004  -  ResidentSetSize of job (KB)
...
006 (015.000.000) 2025-11-08 23:20:59 Image size of job updated: 1711272
	1613  -  MemoryUsage of job (MB)
	1651004  -  ResidentSetSize of job (KB)
...
006 (015.000.000) 2025-11-08 23:26:00 Image size of job updated: 1711272
	1618  -  MemoryUsage of job (MB)
	1656744  -  ResidentSetSize of job (KB)
...
006 (015.000.000) 2025-11-08 23:41:01 Image size of job updated: 1711272
	1632  -  MemoryUsage of job (MB)
	1670280  -  ResidentSetSize of job (KB)
...
005 (015.000.000) 2025-11-09 00:00:29 Job terminated.
	(1) Normal termination (return value 0)
		Usr 0 03:56:12, Sys 0 00:28:07  -  Run Remote Usage
		Usr 0 00:00:00, Sys 0 00:00:00  -  Run Local Usage
		Usr 0 03:56:12, Sys 0 00:28:07  -  Total Remote Usage
		Usr 0 00:00:00, Sys 0 00:00:00  -  Total Local Usage
	0  -  Run Bytes Sent By Job
	0  -  Run Bytes Received By Job
	0  -  Total Bytes Sent By Job
	0  -  Total Bytes Received By Job
	Partitionable Resources :    Usage  Request Allocated Assigned
	   Cpus                 :     2.79        8         8 
	   Disk (KB)            :     2     1048576   1050150 
	   GPUs                 :     0.59        1         1 "GPU-1236270c"
	   GpusMemory (MB)      :  9266                       
	   Memory (MB)          :  1632       71680     71680 
	   TimeExecute (s)      :  4782                       
	   TimeSlotBusy (s)     :  4782                       
...
