000 (016.013.000) 2025-11-09 11:29:26 Job submitted from host: <10.87.28.209:9618?addrs=10.87.28.209-9618&alias=krakas.esat.kuleuven.be&noUDP&sock=schedd_1611_9729>
...
001 (016.013.000) 2025-11-09 12:36:53 Job executing on host: <10.87.24.139:9618?addrs=10.87.24.139-9618&alias=fig.esat.kuleuven.be&noUDP&sock=startd_2022_8096>
	SlotName: slot1_1@fig.esat.kuleuven.be
	AvailableGPUs = { GPUs_GPU_cedc718d }
	CondorScratchDir = "/usr/data/condor/execute/dir_196913"
	Cpus = 8
	Disk = 1049995
	GPUs = 1
	GPUs_GPU_cedc718d = [ Id = "GPU-cedc718d"; ClockMhz = 1695.0; Capability = 8.6; CoresPerCU = 128; DeviceName = "NVIDIA GeForce RTX 3090"; DeviceUuid = "cedc718d-8ccd-1c5c-42ee-9f07bacbde5e"; ECCEnabled = false; ComputeUnits = 82; NvidiaDriver = "580.95.05"; DriverVersion = 13.0; DevicePciBusId = "0000:09:00.0"; GlobalMemoryMb = 24124; MaxSupportedVersion = 13000 ]
	Memory = 71680
...
006 (016.013.000) 2025-11-09 12:37:01 Image size of job updated: 426416
	417  -  MemoryUsage of job (MB)
	426416  -  ResidentSetSize of job (KB)
...
006 (016.013.000) 2025-11-09 12:42:01 Image size of job updated: 1625756
	1543  -  MemoryUsage of job (MB)
	1579668  -  ResidentSetSize of job (KB)
...
006 (016.013.000) 2025-11-09 12:47:02 Image size of job updated: 1702968
	1543  -  MemoryUsage of job (MB)
	1579668  -  ResidentSetSize of job (KB)
...
006 (016.013.000) 2025-11-09 13:02:04 Image size of job updated: 1702968
	1572  -  MemoryUsage of job (MB)
	1609000  -  ResidentSetSize of job (KB)
...
006 (016.013.000) 2025-11-09 13:32:06 Image size of job updated: 1702968
	1583  -  MemoryUsage of job (MB)
	1620076  -  ResidentSetSize of job (KB)
...
006 (016.013.000) 2025-11-09 13:42:07 Image size of job updated: 1702968
	1600  -  MemoryUsage of job (MB)
	1638344  -  ResidentSetSize of job (KB)
...
006 (016.013.000) 2025-11-09 13:43:07 Image size of job updated: 1804588
	1600  -  MemoryUsage of job (MB)
	1638344  -  ResidentSetSize of job (KB)
...
005 (016.013.000) 2025-11-09 13:43:08 Job terminated.
	(1) Normal termination (return value 0)
		Usr 0 02:00:15, Sys 0 00:23:19  -  Run Remote Usage
		Usr 0 00:00:00, Sys 0 00:00:00  -  Run Local Usage
		Usr 0 02:00:15, Sys 0 00:23:19  -  Total Remote Usage
		Usr 0 00:00:00, Sys 0 00:00:00  -  Total Local Usage
	0  -  Run Bytes Sent By Job
	0  -  Run Bytes Received By Job
	0  -  Total Bytes Sent By Job
	0  -  Total Bytes Received By Job
	Partitionable Resources :    Usage  Request Allocated Assigned
	   Cpus                 :     3.06        8         8 
	   Disk (KB)            :     2     1048576   1049995 
	   GPUs                 :     0.52        1         1 "GPU-cedc718d"
	   GpusMemory (MB)      :  9403                       
	   Memory (MB)          :  1600       71680     71680 
	   TimeExecute (s)      :  3974                       
	   TimeSlotBusy (s)     :  3974                       
...
