Starting Job
/esat/smcdata/users/kkontras/Image_Dataset/no_backup/git/Synergy/train.py
/esat/smcdata/users/kkontras/Image_Dataset/no_backup/envs/balance_env/bin/python
Python 3.9.18
/esat/smcdata/users/kkontras/Image_Dataset/no_backup/git/Synergy
We have 1 GPU
/esat/smcdata/users/kkontras/Image_Dataset/no_backup/git/Synergy/train.py
config-./configs/CREMA_D/synergy/nov/synprom_ib.json
Executing command: accelerate launch /esat/smcdata/users/kkontras/Image_Dataset/no_backup/git/Synergy/train.py --config ./configs/CREMA_D/synergy/nov/synprom_ib.json --default_config ./configs/CREMA_D/default_config_cremad_res_syn.json --fold 2 --pre  --l 5 --contrcoeff 0 --lr 0.0001 --wd 0.0001 --cls mlp --perturb gennoise
Namespace(config='./configs/CREMA_D/synergy/nov/synprom_ib.json', default_config='./configs/CREMA_D/default_config_cremad_res_syn.json', fold='2', alpha=None, tanh_mode=None, tanh_mode_beta=None, regby=None, clip=None, batch_size=None, l='5', multil=None, l_diffsq=None, lib=None, ratio_us=None, ratio_snr=None, kmepoch=None, num_samples=None, pow=None, nstep=None, contrcoeff='0', kde_coeff=None, etube=None, temperature=None, contr_type=None, shuffle_type=None, validate_with=None, transform_type=None, trasform_before=None, num_classes=None, base_alpha=None, alpha_var=None, base_beta=None, beta_var=None, optim_method=None, ilr_c=None, ilr_g=None, mmcosine_scaling=None, ending_epoch=None, load_ongoing=None, commonlayers=None, recon_weight1=None, recon_weight2=None, recon_epochstages=None, recon_ensemblestages=None, lr='0.0001', wd='0.0001', mm=None, cls='mlp', perturb='gennoise', pre=True, frozen=False, tdqm_disable=False, start_over=False)
2025-11-09 12:49:10,493 - Config - INFO - ./configs/CREMA_D/synergy/nov/synprom_ib.json
2025-11-09 12:49:10,496 - Config - INFO -  THE Configuration of your experiment ..
{'agent': 'Agent',
 'dataset': {'data_roots': '/esat/smcdata/users/kkontras/Image_Dataset/no_backup/CremaD/CREMA-D',
             'data_split': {'fold': 0, 'method': 'non_inclusive'},
             'dataloader_class': 'CramedD_Dataloader',
             'fps': 1,
             'norm': False,
             'norm_face_path': './mydatasets/CREMAD/norm_face_path_fold{}.pkl',
             'norm_wav_path': './mydatasets/CREMAD/wav_norm_16000_fold{}.pkl',
             'num_frame': 3,
             'return_data': {'audio': False,
                             'face': False,
                             'spectrogram': True,
                             'video': True},
             'sampling_rate': 22050},
 'early_stopping': {'end_of_epoch_check': True,
                    'log_interval': 10,
                    'max_epoch': 1500,
                    'n_steps_stop': 20,
                    'n_steps_stop_after': 0,
                    'save_every_step': 3000,
                    'save_every_valstep': 10,
                    'validate_after': 0,
                    'validate_every': 25,
                    'validate_with': 'accuracy'},
 'exp_name': 'CREMAD Experiment',
 'model': {'args': {'bias_infusion': {'ending_epoch': 1500,
                                      'l': 0.1,
                                      'method': 'false',
                                      'plot': False,
                                      'starting_epoch': 0,
                                      'use': True},
                    'clip_grad': False,
                    'cls_type': 'linear',
                    'd_model': 512,
                    'dropout': 0.1,
                    'fc_inner': 64,
                    'multi_loss': {'multi_supervised_w': {'c': 0,
                                                          'combined': 1,
                                                          'g': 0}},
                    'num_classes': 6},
           'encoders': [{'args': {'d_model': 512,
                                  'dropout': 0.1,
                                  'fc_inner': 64,
                                  'freeze_encoder': False,
                                  'num_classes': 6},
                         'model': 'Audio_ResNet',
                         'pretrainedEncoder': {'dir': 'unimodal_audio_fold{}_lr0.001_wd0.0001.pth.tar',
                                               'use': False}},
                        {'args': {'d_model': 512,
                                  'dropout': 0.1,
                                  'fc_inner': 64,
                                  'freeze_encoder': False,
                                  'num_classes': 6},
                         'model': 'Video_ResNet',
                         'pretrainedEncoder': {'dir': 'unimodal_video_fold{}_lr0.001_wd0.0001.pth.tar',
                                               'use': False}}],
           'load_ongoing': False,
           'model_class': 'Fusion_Synprom_IB',
           'save_base_dir': '/esat/smcdata/users/kkontras/Image_Dataset/no_backup/data/2025_data/synergy',
           'save_dir': 'Synprom_IB_{}.pth.tar'},
 'optimizer': {'beta1': 0.9,
               'beta2': 0.999,
               'learning_rate': 1e-05,
               'momentum': 0.9,
               'type': 'Adam',
               'weight_decay': 1e-05},
 'scheduler': {'max_lr': 0.03, 'type': 'cosanneal', 'warm_up_steps': 780},
 'training_params': {'adversarial_training': {'adv_epsilon': 0.01,
                                              'use': False},
                     'async_loading': True,
                     'batch_size': 32,
                     'cuda': True,
                     'data_loader_workers': 8,
                     'gpu_device': [0],
                     'pin_memory': False,
                     'rec_test': True,
                     'res': True,
                     'seed': 109,
                     'tdqm_disable': False,
                     'test_batch_size': 32,
                     'test_on_bottoms': False,
                     'use_test_set': True,
                     'validation': True,
                     'verbose': True,
                     'wandb_disable': False}}
2025-11-09 12:49:10,497 - Config - INFO -  *************************************** 
2025-11-09 12:49:10,497 - Config - INFO - The experiment name is CREMAD Experiment
2025-11-09 12:49:10,497 - Config - INFO -  *************************************** 
2025-11-09 12:49:10,497 - root - INFO - save_dir: Synprom_IB_fold2_l5_contrcoeff0_perturbgennoise_lr0.0001_wd0.0001_clsmlp_pre.pth.tar
2025-11-09 12:49:10,608 - Cuda Statistics - INFO - __Python VERSION:  3.9.18 (main, Sep 11 2023, 13:41:44) 
[GCC 11.2.0]
2025-11-09 12:49:10,608 - Cuda Statistics - INFO - __pyTorch VERSION:  2.0.1+cu118
2025-11-09 12:49:10,608 - Cuda Statistics - INFO - __CUDA VERSION
2025-11-09 12:49:10,610 - Cuda Statistics - INFO - __CUDNN VERSION:  8700
2025-11-09 12:49:10,624 - Cuda Statistics - INFO - __Number CUDA Devices:  1
2025-11-09 12:49:10,624 - Cuda Statistics - INFO - __Devices
2025-11-09 12:49:10,624 - Cuda Statistics - INFO - index, name, driver_version, memory.total [MiB], memory.used [MiB], memory.free [MiB]
2025-11-09 12:49:10,624 - Cuda Statistics - INFO - 0, NVIDIA GeForce RTX 2080 Ti, 570.153.02, 11264 MiB, 3 MiB, 10821 MiB
2025-11-09 12:49:10,630 - Cuda Statistics - INFO - Active CUDA Device: GPU 0
2025-11-09 12:49:10,630 - Cuda Statistics - INFO - Available devices  1
2025-11-09 12:49:10,630 - Cuda Statistics - INFO - Current cuda device  0
This path does not exist /esat/smcdata/users/kkontras/Image_Dataset/no_backup/CremaD/CREMA-D/AudioWAV/1076_MTI_SAD_XX.wav or /esat/smcdata/users/kkontras/Image_Dataset/no_backup/CremaD/CREMA-D/Image-01-FPS/1076_MTI_SAD_XX or /esat/smcdata/users/kkontras/Image_Dataset/no_backup/CremaD/CREMA-D/Face_features/1076_MTI_SAD_XX.npy
2025-11-09 12:49:12,577 - root - INFO - Loaded wav norm from ./mydatasets/CREMAD/wav_norm_16000_fold2.pkl
2025-11-09 12:49:12,580 - root - INFO - Norm values are {'mean': tensor(-2.7781e-05), 'std': tensor(0.0615), 'max_duration': 5.005}
2025-11-09 12:49:12,951 - root - INFO - Loaded wav norm from ./mydatasets/CREMAD/wav_norm_16000_fold2.pkl
2025-11-09 12:49:12,951 - root - INFO - Norm values are {'mean': tensor(-2.7781e-05), 'std': tensor(0.0615), 'max_duration': 5.005}
2025-11-09 12:49:13,403 - root - INFO - Loaded wav norm from ./mydatasets/CREMAD/wav_norm_16000_fold2.pkl
2025-11-09 12:49:13,404 - root - INFO - Norm values are {'mean': tensor(-2.7781e-05), 'std': tensor(0.0615), 'max_duration': 5.005}
Available cores 8
We are changing dataloader workers to num of cores 0
2025-11-09 12:49:13,405 - Agent - INFO - Device: cuda:0
2025-11-09 12:49:13,405 - Agent - INFO - Total training batches: 126, validate every 25 batches, steps per epoch: 6
2025-11-09 12:49:17,287 - Agent - INFO - Loss Weights are {'total': 1, 'combined': 1, 'c': 0, 'g': 0}
2025-11-09 12:49:17,925 - root - INFO - Loading enc best model state dict from /esat/smcdata/users/kkontras/Image_Dataset/no_backup/data/2025_data/synergy/unimodal_audio_fold2_lr0.001_wd0.0001.pth.tar
Replacing module
2025-11-09 12:49:18,554 - root - INFO - Loading enc best model state dict from /esat/smcdata/users/kkontras/Image_Dataset/no_backup/data/2025_data/synergy/unimodal_video_fold2_lr0.001_wd0.0001.pth.tar
Replacing module
2025-11-09 12:49:18,717 - Agent - INFO - Total number of trainable parameters are: 23483032
2025-11-09 12:49:18,725 - Agent - INFO - Total number of trainable parameters are: 23483032
2025-11-09 12:53:07,424 - Agent - INFO - [37mVal Epoch 1 step 1 with [31mce_loss_combined : 1.449844 [31mtotal : 1.449844 [94mAcc_combined: 69.74 [94mAcc_c: 59.72 [94mAcc_g: 62.72 [95mCEU_cue_audio: 0.7991 [95mCEU_cue_video: 0.5382 [95mCEU_synergy: 0.2442 [95mCEU_coexistence: 0.9213 
2025-11-09 12:53:07,438 - Agent - INFO - [37mTest Epoch 1 step 1 with [31mce_loss_combined : 1.440624 [31mtotal : 1.440624 [94mAcc_combined: 69.27 [94mAcc_c: 62.10 [94mAcc_g: 53.85 
2025-11-09 12:53:08,053 - Agent - INFO - [37mModels has saved successfully in /esat/smcdata/users/kkontras/Image_Dataset/no_backup/data/2025_data/synergy/Synprom_IB_fold2_l5_contrcoeff0_perturbgennoise_lr0.0001_wd0.0001_clsmlp_pre.pth.tar
2025-11-09 12:56:53,163 - Agent - INFO - [37mVal Epoch 2 step 2 with [31mce_loss_combined : 1.042636 [31mtotal : 1.042636 [94mAcc_combined: 73.76 [94mAcc_c: 57.77 [94mAcc_g: 56.50 [95mCEU_cue_audio: 0.6720 [95mCEU_cue_video: 0.7401 [95mCEU_synergy: 0.2991 [95mCEU_coexistence: 0.9423 
2025-11-09 12:56:53,177 - Agent - INFO - [37mTest Epoch 2 step 2 with [31mce_loss_combined : 1.093715 [31mtotal : 1.093715 [94mAcc_combined: 67.88 [94mAcc_c: 60.60 [94mAcc_g: 49.25 
2025-11-09 12:56:53,942 - Agent - INFO - [37mModels has saved successfully in /esat/smcdata/users/kkontras/Image_Dataset/no_backup/data/2025_data/synergy/Synprom_IB_fold2_l5_contrcoeff0_perturbgennoise_lr0.0001_wd0.0001_clsmlp_pre.pth.tar
2025-11-09 13:00:36,574 - Agent - INFO - [37mVal Epoch 3 step 3 with [31mce_loss_combined : 0.819639 [31mtotal : 0.819639 [94mAcc_combined: 73.42 [94mAcc_c: 59.38 [94mAcc_g: 54.89 [95mCEU_cue_audio: 0.6138 [95mCEU_cue_video: 0.8028 [95mCEU_synergy: 0.2519 [95mCEU_coexistence: 0.9423 
2025-11-09 13:04:26,617 - Agent - INFO - [37mVal Epoch 4 step 4 with [31mce_loss_combined : 0.786827 [31mtotal : 0.786827 [94mAcc_combined: 73.76 [94mAcc_c: 59.49 [94mAcc_g: 55.35 [95mCEU_cue_audio: 0.5766 [95mCEU_cue_video: 0.8566 [95mCEU_synergy: 0.2442 [95mCEU_coexistence: 0.9394 
2025-11-09 13:08:09,889 - Agent - INFO - [37mVal Epoch 5 step 5 with [31mce_loss_combined : 0.890180 [31mtotal : 0.890180 [94mAcc_combined: 70.20 [94mAcc_c: 59.72 [94mAcc_g: 53.28 [95mCEU_cue_audio: 0.5554 [95mCEU_cue_video: 0.8071 [95mCEU_synergy: 0.2519 [95mCEU_coexistence: 0.8878 
2025-11-09 13:11:51,776 - Agent - INFO - [37mVal Epoch 6 step 6 with [31mce_loss_combined : 1.028704 [31mtotal : 1.028704 [94mAcc_combined: 68.47 [94mAcc_c: 55.70 [94mAcc_g: 54.89 [95mCEU_cue_audio: 0.5237 [95mCEU_cue_video: 0.7623 [95mCEU_synergy: 0.2676 [95mCEU_coexistence: 0.8849 
2025-11-09 13:15:42,714 - Agent - INFO - [37mVal Epoch 7 step 7 with [31mce_loss_combined : 0.764435 [31mtotal : 0.764435 [94mAcc_combined: 77.33 [94mAcc_c: 54.89 [94mAcc_g: 55.12 [95mCEU_cue_audio: 0.6772 [95mCEU_cue_video: 0.8519 [95mCEU_synergy: 0.2756 [95mCEU_coexistence: 0.9666 
2025-11-09 13:15:42,728 - Agent - INFO - [37mTest Epoch 7 step 7 with [31mce_loss_combined : 0.903798 [31mtotal : 0.903798 [94mAcc_combined: 71.73 [94mAcc_c: 61.88 [94mAcc_g: 47.32 
2025-11-09 13:15:43,523 - Agent - INFO - [37mModels has saved successfully in /esat/smcdata/users/kkontras/Image_Dataset/no_backup/data/2025_data/synergy/Synprom_IB_fold2_l5_contrcoeff0_perturbgennoise_lr0.0001_wd0.0001_clsmlp_pre.pth.tar
2025-11-09 13:19:32,118 - Agent - INFO - [37mVal Epoch 8 step 8 with [31mce_loss_combined : 0.756432 [31mtotal : 0.756432 [94mAcc_combined: 77.22 [94mAcc_c: 54.89 [94mAcc_g: 53.74 [95mCEU_cue_audio: 0.6826 [95mCEU_cue_video: 0.8429 [95mCEU_synergy: 0.2676 [95mCEU_coexistence: 0.9697 
2025-11-09 13:23:18,141 - Agent - INFO - [37mVal Epoch 9 step 9 with [31mce_loss_combined : 0.844068 [31mtotal : 0.844068 [94mAcc_combined: 73.88 [94mAcc_c: 54.43 [94mAcc_g: 53.05 [95mCEU_cue_audio: 0.6032 [95mCEU_cue_video: 0.8161 [95mCEU_synergy: 0.2285 [95mCEU_coexistence: 0.9605 
2025-11-09 13:27:05,429 - Agent - INFO - [37mVal Epoch 10 step 10 with [31mce_loss_combined : 0.913785 [31mtotal : 0.913785 [94mAcc_combined: 71.81 [94mAcc_c: 53.28 [94mAcc_g: 53.97 [95mCEU_cue_audio: 0.5609 [95mCEU_cue_video: 0.8028 [95mCEU_synergy: 0.2361 [95mCEU_coexistence: 0.9363 
2025-11-09 13:30:49,891 - Agent - INFO - [37mVal Epoch 11 step 11 with [31mce_loss_combined : 0.856750 [31mtotal : 0.856750 [94mAcc_combined: 75.72 [94mAcc_c: 54.32 [94mAcc_g: 49.37 [95mCEU_cue_audio: 0.6509 [95mCEU_cue_video: 0.8161 [95mCEU_synergy: 0.2914 [95mCEU_coexistence: 0.9576 
2025-11-09 13:34:29,590 - Agent - INFO - [37mVal Epoch 12 step 12 with [31mce_loss_combined : 1.055198 [31mtotal : 1.055198 [94mAcc_combined: 70.89 [94mAcc_c: 52.59 [94mAcc_g: 52.82 [95mCEU_cue_audio: 0.5554 [95mCEU_cue_video: 0.7580 [95mCEU_synergy: 0.2285 [95mCEU_coexistence: 0.9484 
2025-11-09 13:38:13,686 - Agent - INFO - [37mVal Epoch 13 step 13 with [31mce_loss_combined : 0.890912 [31mtotal : 0.890912 [94mAcc_combined: 74.80 [94mAcc_c: 53.86 [94mAcc_g: 51.32 [95mCEU_cue_audio: 0.6667 [95mCEU_cue_video: 0.8028 [95mCEU_synergy: 0.2285 [95mCEU_coexistence: 0.9576 
2025-11-09 13:41:57,615 - Agent - INFO - [37mVal Epoch 14 step 14 with [31mce_loss_combined : 0.855500 [31mtotal : 0.855500 [94mAcc_combined: 76.52 [94mAcc_c: 54.66 [94mAcc_g: 54.20 [95mCEU_cue_audio: 0.7038 [95mCEU_cue_video: 0.8250 [95mCEU_synergy: 0.2361 [95mCEU_coexistence: 0.9637 
2025-11-09 13:45:42,487 - Agent - INFO - [37mVal Epoch 15 step 15 with [31mce_loss_combined : 0.999675 [31mtotal : 0.999675 [94mAcc_combined: 73.65 [94mAcc_c: 53.28 [94mAcc_g: 53.16 [95mCEU_cue_audio: 0.6349 [95mCEU_cue_video: 0.8071 [95mCEU_synergy: 0.2047 [95mCEU_coexistence: 0.9515 
2025-11-09 13:49:28,586 - Agent - INFO - [37mVal Epoch 16 step 16 with [31mce_loss_combined : 0.919544 [31mtotal : 0.919544 [94mAcc_combined: 74.68 [94mAcc_c: 53.86 [94mAcc_g: 51.67 [95mCEU_cue_audio: 0.6455 [95mCEU_cue_video: 0.8118 [95mCEU_synergy: 0.2442 [95mCEU_coexistence: 0.9544 
2025-11-09 13:53:15,428 - Agent - INFO - [37mVal Epoch 17 step 17 with [31mce_loss_combined : 0.985804 [31mtotal : 0.985804 [94mAcc_combined: 75.60 [94mAcc_c: 52.24 [94mAcc_g: 50.29 [95mCEU_cue_audio: 0.6455 [95mCEU_cue_video: 0.8429 [95mCEU_synergy: 0.2127 [95mCEU_coexistence: 0.9697 
2025-11-09 13:57:01,377 - Agent - INFO - [37mVal Epoch 18 step 18 with [31mce_loss_combined : 0.908267 [31mtotal : 0.908267 [94mAcc_combined: 76.99 [94mAcc_c: 52.93 [94mAcc_g: 49.94 [95mCEU_cue_audio: 0.6826 [95mCEU_cue_video: 0.8297 [95mCEU_synergy: 0.2834 [95mCEU_coexistence: 0.9666 
2025-11-09 14:00:45,014 - Agent - INFO - [37mVal Epoch 19 step 19 with [31mce_loss_combined : 0.937147 [31mtotal : 0.937147 [94mAcc_combined: 75.03 [94mAcc_c: 53.16 [94mAcc_g: 49.48 [95mCEU_cue_audio: 0.6509 [95mCEU_cue_video: 0.8161 [95mCEU_synergy: 0.2442 [95mCEU_coexistence: 0.9576 
2025-11-09 14:04:31,097 - Agent - INFO - [37mVal Epoch 20 step 20 with [31mce_loss_combined : 1.019174 [31mtotal : 1.019174 [94mAcc_combined: 73.42 [94mAcc_c: 48.45 [94mAcc_g: 50.52 [95mCEU_cue_audio: 0.6509 [95mCEU_cue_video: 0.7802 [95mCEU_synergy: 0.2127 [95mCEU_coexistence: 0.9515 
2025-11-09 14:08:15,703 - Agent - INFO - [37mVal Epoch 21 step 21 with [31mce_loss_combined : 1.074114 [31mtotal : 1.074114 [94mAcc_combined: 73.30 [94mAcc_c: 53.62 [94mAcc_g: 48.33 [95mCEU_cue_audio: 0.6294 [95mCEU_cue_video: 0.7849 [95mCEU_synergy: 0.2442 [95mCEU_coexistence: 0.9455 
2025-11-09 14:12:02,615 - Agent - INFO - [37mVal Epoch 22 step 22 with [31mce_loss_combined : 1.035389 [31mtotal : 1.035389 [94mAcc_combined: 74.11 [94mAcc_c: 50.63 [94mAcc_g: 49.83 [95mCEU_cue_audio: 0.6400 [95mCEU_cue_video: 0.7981 [95mCEU_synergy: 0.2519 [95mCEU_coexistence: 0.9484 
2025-11-09 14:15:50,355 - Agent - INFO - [37mVal Epoch 23 step 23 with [31mce_loss_combined : 0.992566 [31mtotal : 0.992566 [94mAcc_combined: 75.95 [94mAcc_c: 53.86 [94mAcc_g: 46.61 [95mCEU_cue_audio: 0.6878 [95mCEU_cue_video: 0.8207 [95mCEU_synergy: 0.2442 [95mCEU_coexistence: 0.9576 
2025-11-09 14:19:33,797 - Agent - INFO - [37mVal Epoch 24 step 24 with [31mce_loss_combined : 1.044658 [31mtotal : 1.044658 [94mAcc_combined: 75.37 [94mAcc_c: 53.74 [94mAcc_g: 46.72 [95mCEU_cue_audio: 0.6561 [95mCEU_cue_video: 0.8250 [95mCEU_synergy: 0.2599 [95mCEU_coexistence: 0.9515 
2025-11-09 14:23:14,949 - Agent - INFO - [37mVal Epoch 25 step 25 with [31mce_loss_combined : 0.918726 [31mtotal : 0.918726 [94mAcc_combined: 76.99 [94mAcc_c: 54.20 [94mAcc_g: 45.91 [95mCEU_cue_audio: 0.7038 [95mCEU_cue_video: 0.8207 [95mCEU_synergy: 0.2676 [95mCEU_coexistence: 0.9666 
2025-11-09 14:26:53,577 - Agent - INFO - [37mVal Epoch 26 step 26 with [31mce_loss_combined : 0.969098 [31mtotal : 0.969098 [94mAcc_combined: 75.83 [94mAcc_c: 52.13 [94mAcc_g: 42.35 [95mCEU_cue_audio: 0.6772 [95mCEU_cue_video: 0.7938 [95mCEU_synergy: 0.2599 [95mCEU_coexistence: 0.9726 
2025-11-09 14:26:54,425 - Agent - INFO - We are in the final state.
2025-11-09 14:26:54,658 - root - INFO - Loaded best model from /esat/smcdata/users/kkontras/Image_Dataset/no_backup/data/2025_data/synergy/Synprom_IB_fold2_l5_contrcoeff0_perturbgennoise_lr0.0001_wd0.0001_clsmlp_pre.pth.tar
2025-11-09 14:27:08,504 - Agent - INFO - [37mVal Epoch 26 step 0 with [31mce_loss_combined : 0.764435 [31mtotal : 0.764435 [94mAcc_combined: 77.33 [94mAcc_c: 54.89 [94mAcc_g: 55.12 [95mCEU_cue_audio: 0.6772 [95mCEU_cue_video: 0.8519 [95mCEU_synergy: 0.2756 [95mCEU_coexistence: 0.9666 
2025-11-09 14:27:22,953 - Agent - INFO - [37mTest Epoch 26 step 0 with [31mce_loss_combined : 0.903798 [31mtotal : 0.903798 [94mAcc_combined: 71.73 [94mAcc_c: 61.88 [94mAcc_g: 47.32 
2025-11-09 14:27:24,454 - Agent - INFO - [37mModels has saved successfully in /esat/smcdata/users/kkontras/Image_Dataset/no_backup/data/2025_data/synergy/Synprom_IB_fold2_l5_contrcoeff0_perturbgennoise_lr0.0001_wd0.0001_clsmlp_pre.pth.tar
Job finished
