000 (016.001.000) 2025-11-09 11:29:26 Job submitted from host: <10.87.28.209:9618?addrs=10.87.28.209-9618&alias=krakas.esat.kuleuven.be&noUDP&sock=schedd_1611_9729>
...
001 (016.001.000) 2025-11-09 11:29:27 Job executing on host: <10.87.24.139:9618?addrs=10.87.24.139-9618&alias=fig.esat.kuleuven.be&noUDP&sock=startd_2022_8096>
	SlotName: slot1_1@fig.esat.kuleuven.be
	AvailableGPUs = { GPUs_GPU_cedc718d }
	CondorScratchDir = "/usr/data/condor/execute/dir_193820"
	Cpus = 8
	Disk = 1049995
	GPUs = 1
	GPUs_GPU_cedc718d = [ Id = "GPU-cedc718d"; ClockMhz = 1695.0; Capability = 8.6; CoresPerCU = 128; DeviceName = "NVIDIA GeForce RTX 3090"; DeviceUuid = "cedc718d-8ccd-1c5c-42ee-9f07bacbde5e"; ECCEnabled = false; ComputeUnits = 82; NvidiaDriver = "580.95.05"; DriverVersion = 13.0; DevicePciBusId = "0000:09:00.0"; GlobalMemoryMb = 24124; MaxSupportedVersion = 13000 ]
	Memory = 71680
...
006 (016.001.000) 2025-11-09 11:29:36 Image size of job updated: 229756
	225  -  MemoryUsage of job (MB)
	229756  -  ResidentSetSize of job (KB)
...
006 (016.001.000) 2025-11-09 11:34:37 Image size of job updated: 1592436
	1540  -  MemoryUsage of job (MB)
	1576236  -  ResidentSetSize of job (KB)
...
006 (016.001.000) 2025-11-09 11:39:37 Image size of job updated: 1657956
	1540  -  MemoryUsage of job (MB)
	1576236  -  ResidentSetSize of job (KB)
...
006 (016.001.000) 2025-11-09 11:44:38 Image size of job updated: 1673552
	1576  -  MemoryUsage of job (MB)
	1612908  -  ResidentSetSize of job (KB)
...
006 (016.001.000) 2025-11-09 11:59:39 Image size of job updated: 1684912
	1621  -  MemoryUsage of job (MB)
	1659772  -  ResidentSetSize of job (KB)
...
006 (016.001.000) 2025-11-09 12:36:27 Image size of job updated: 1723948
	1621  -  MemoryUsage of job (MB)
	1659772  -  ResidentSetSize of job (KB)
...
005 (016.001.000) 2025-11-09 12:36:27 Job terminated.
	(1) Normal termination (return value 0)
		Usr 0 02:00:07, Sys 0 00:23:30  -  Run Remote Usage
		Usr 0 00:00:00, Sys 0 00:00:00  -  Run Local Usage
		Usr 0 02:00:07, Sys 0 00:23:30  -  Total Remote Usage
		Usr 0 00:00:00, Sys 0 00:00:00  -  Total Local Usage
	0  -  Run Bytes Sent By Job
	0  -  Run Bytes Received By Job
	0  -  Total Bytes Sent By Job
	0  -  Total Bytes Received By Job
	Partitionable Resources :    Usage  Request Allocated Assigned
	   Cpus                 :     2.03        8         8 
	   Disk (KB)            :     2     1048576   1049995 
	   GPUs                 :     0.52        1         1 "GPU-cedc718d"
	   GpusMemory (MB)      :  9403                       
	   Memory (MB)          :  1621       71680     71680 
	   TimeExecute (s)      :  4020                       
	   TimeSlotBusy (s)     :  4020                       
...
