000 (016.015.000) 2025-11-09 11:29:26 Job submitted from host: <10.87.28.209:9618?addrs=10.87.28.209-9618&alias=krakas.esat.kuleuven.be&noUDP&sock=schedd_1611_9729>
...
001 (016.015.000) 2025-11-09 12:45:52 Job executing on host: <10.87.28.117:9618?addrs=10.87.28.117-9618&alias=stadius-nc-4.esat.kuleuven.be&noUDP&sock=startd_3335_1c6f>
	SlotName: slot1_1@stadius-nc-4.esat.kuleuven.be
	AvailableGPUs = { GPUs_GPU_1236270c }
	CondorScratchDir = "/volume1/condor/execute/dir_1338664"
	Cpus = 8
	Disk = 1050150
	GPUs = 1
	GPUs_GPU_1236270c = [ Id = "GPU-1236270c"; ClockMhz = 1545.0; Capability = 7.5; CoresPerCU = 64; DeviceName = "NVIDIA GeForce RTX 2080 Ti"; DeviceUuid = "1236270c-ad23-648a-e65a-80b2ab2cf0c3"; ECCEnabled = false; ComputeUnits = 68; NvidiaDriver = "570.153.02"; DriverVersion = 12.8; DevicePciBusId = "0000:25:00.0"; GlobalMemoryMb = 10823; MaxSupportedVersion = 12080 ]
	Memory = 71680
...
006 (016.015.000) 2025-11-09 12:46:01 Image size of job updated: 412436
	403  -  MemoryUsage of job (MB)
	412436  -  ResidentSetSize of job (KB)
...
006 (016.015.000) 2025-11-09 12:51:01 Image size of job updated: 1571704
	1479  -  MemoryUsage of job (MB)
	1514436  -  ResidentSetSize of job (KB)
...
006 (016.015.000) 2025-11-09 12:56:01 Image size of job updated: 1619800
	1582  -  MemoryUsage of job (MB)
	1619800  -  ResidentSetSize of job (KB)
...
006 (016.015.000) 2025-11-09 13:01:02 Image size of job updated: 1633496
	1592  -  MemoryUsage of job (MB)
	1629624  -  ResidentSetSize of job (KB)
...
006 (016.015.000) 2025-11-09 13:06:02 Image size of job updated: 1690660
	1602  -  MemoryUsage of job (MB)
	1639844  -  ResidentSetSize of job (KB)
...
006 (016.015.000) 2025-11-09 13:16:04 Image size of job updated: 1690660
	1610  -  MemoryUsage of job (MB)
	1648080  -  ResidentSetSize of job (KB)
...
006 (016.015.000) 2025-11-09 13:21:04 Image size of job updated: 1693280
	1610  -  MemoryUsage of job (MB)
	1648080  -  ResidentSetSize of job (KB)
...
006 (016.015.000) 2025-11-09 13:41:07 Image size of job updated: 1693280
	1617  -  MemoryUsage of job (MB)
	1655532  -  ResidentSetSize of job (KB)
...
006 (016.015.000) 2025-11-09 13:46:07 Image size of job updated: 1701404
	1617  -  MemoryUsage of job (MB)
	1655532  -  ResidentSetSize of job (KB)
...
006 (016.015.000) 2025-11-09 14:26:11 Image size of job updated: 1701404
	1620  -  MemoryUsage of job (MB)
	1658068  -  ResidentSetSize of job (KB)
...
006 (016.015.000) 2025-11-09 14:51:13 Image size of job updated: 1701404
	1626  -  MemoryUsage of job (MB)
	1664448  -  ResidentSetSize of job (KB)
...
006 (016.015.000) 2025-11-09 14:56:13 Image size of job updated: 1701404
	1626  -  MemoryUsage of job (MB)
	1664552  -  ResidentSetSize of job (KB)
...
006 (016.015.000) 2025-11-09 15:01:13 Image size of job updated: 1701404
	1626  -  MemoryUsage of job (MB)
	1664712  -  ResidentSetSize of job (KB)
...
006 (016.015.000) 2025-11-09 15:06:14 Image size of job updated: 1701404
	1626  -  MemoryUsage of job (MB)
	1664776  -  ResidentSetSize of job (KB)
...
005 (016.015.000) 2025-11-09 15:31:08 Job terminated.
	(1) Normal termination (return value 0)
		Usr 0 08:07:14, Sys 0 01:00:26  -  Run Remote Usage
		Usr 0 00:00:00, Sys 0 00:00:00  -  Run Local Usage
		Usr 0 08:07:14, Sys 0 01:00:26  -  Total Remote Usage
		Usr 0 00:00:00, Sys 0 00:00:00  -  Total Local Usage
	0  -  Run Bytes Sent By Job
	0  -  Run Bytes Received By Job
	0  -  Total Bytes Sent By Job
	0  -  Total Bytes Received By Job
	Partitionable Resources :    Usage  Request Allocated Assigned
	   Cpus                 :     2.88        8         8 
	   Disk (KB)            :     2     1048576   1050150 
	   GPUs                 :                 1         1 "GPU-1236270c"
	   GpusMemory (MB)      :  9266                       
	   Memory (MB)          :  1626       71680     71680 
	   TimeExecute (s)      :  9916                       
	   TimeSlotBusy (s)     :  9916                       
...
