000 (016.012.000) 2025-11-09 11:29:26 Job submitted from host: <10.87.28.209:9618?addrs=10.87.28.209-9618&alias=krakas.esat.kuleuven.be&noUDP&sock=schedd_1611_9729>
...
001 (016.012.000) 2025-11-09 12:36:53 Job executing on host: <10.87.24.28:9618?addrs=10.87.24.28-9618&alias=z4-demo.esat.kuleuven.be&noUDP&sock=startd_1821_a20d>
	SlotName: slot1_1@z4-demo.esat.kuleuven.be
	AvailableGPUs = { GPUs_GPU_3a8a5d5c }
	CondorScratchDir = "/usr/data/condor/execute/dir_828579"
	Cpus = 8
	Disk = 1049600
	GPUs = 1
	GPUs_GPU_3a8a5d5c = [ Id = "GPU-3a8a5d5c"; ClockMhz = 1695.0; Capability = 8.6; CoresPerCU = 128; DeviceName = "NVIDIA GeForce RTX 3090"; DeviceUuid = "3a8a5d5c-a24a-7f66-bb71-a1b798b11468"; ECCEnabled = false; ComputeUnits = 82; NvidiaDriver = "580.95.05"; DriverVersion = 13.0; DevicePciBusId = "0000:21:00.0"; GlobalMemoryMb = 24114; MaxSupportedVersion = 13000 ]
	Memory = 71680
...
006 (016.012.000) 2025-11-09 12:37:01 Image size of job updated: 218984
	214  -  MemoryUsage of job (MB)
	218984  -  ResidentSetSize of job (KB)
...
006 (016.012.000) 2025-11-09 12:42:01 Image size of job updated: 1567992
	1532  -  MemoryUsage of job (MB)
	1567992  -  ResidentSetSize of job (KB)
...
006 (016.012.000) 2025-11-09 12:47:02 Image size of job updated: 1631292
	1532  -  MemoryUsage of job (MB)
	1567992  -  ResidentSetSize of job (KB)
...
006 (016.012.000) 2025-11-09 12:52:03 Image size of job updated: 1631292
	1568  -  MemoryUsage of job (MB)
	1605144  -  ResidentSetSize of job (KB)
...
006 (016.012.000) 2025-11-09 13:07:04 Image size of job updated: 1631292
	1580  -  MemoryUsage of job (MB)
	1617660  -  ResidentSetSize of job (KB)
...
006 (016.012.000) 2025-11-09 13:22:05 Image size of job updated: 1636988
	1580  -  MemoryUsage of job (MB)
	1617660  -  ResidentSetSize of job (KB)
...
006 (016.012.000) 2025-11-09 13:27:05 Image size of job updated: 1636988
	1593  -  MemoryUsage of job (MB)
	1631080  -  ResidentSetSize of job (KB)
...
006 (016.012.000) 2025-11-09 13:32:06 Image size of job updated: 1674180
	1593  -  MemoryUsage of job (MB)
	1631080  -  ResidentSetSize of job (KB)
...
005 (016.012.000) 2025-11-09 13:38:03 Job terminated.
	(1) Normal termination (return value 0)
		Usr 0 03:14:48, Sys 0 00:18:24  -  Run Remote Usage
		Usr 0 00:00:00, Sys 0 00:00:00  -  Run Local Usage
		Usr 0 03:14:48, Sys 0 00:18:24  -  Total Remote Usage
		Usr 0 00:00:00, Sys 0 00:00:00  -  Total Local Usage
	0  -  Run Bytes Sent By Job
	0  -  Run Bytes Received By Job
	0  -  Total Bytes Sent By Job
	0  -  Total Bytes Received By Job
	Partitionable Resources :    Usage  Request Allocated Assigned
	   Cpus                 :     3.14        8         8 
	   Disk (KB)            :     2     1048576   1049600 
	   GPUs                 :     0.59        1         1 "GPU-3a8a5d5c"
	   GpusMemory (MB)      :  9450                       
	   Memory (MB)          :  1593       71680     71680 
	   TimeExecute (s)      :  3670                       
	   TimeSlotBusy (s)     :  3670                       
...
