Starting Job
/esat/smcdata/users/kkontras/Image_Dataset/no_backup/git/Synergy/train.py
/esat/smcdata/users/kkontras/Image_Dataset/no_backup/envs/balance_env/bin/python
Python 3.9.18
/esat/smcdata/users/kkontras/Image_Dataset/no_backup/git/Synergy
We have 1 GPU
/esat/smcdata/users/kkontras/Image_Dataset/no_backup/git/Synergy/train.py
config-./configs/CREMA_D/synergy/nov/synprom_ib.json
Executing command: accelerate launch /esat/smcdata/users/kkontras/Image_Dataset/no_backup/git/Synergy/train.py --config ./configs/CREMA_D/synergy/nov/synprom_ib.json --default_config ./configs/CREMA_D/default_config_cremad_res_syn.json --fold 2 --pre  --l 1 --contrcoeff 0 --lr 0.0001 --wd 0.0001 --cls mlp --perturb gennoise
Namespace(config='./configs/CREMA_D/synergy/nov/synprom_ib.json', default_config='./configs/CREMA_D/default_config_cremad_res_syn.json', fold='2', alpha=None, tanh_mode=None, tanh_mode_beta=None, regby=None, clip=None, batch_size=None, l='1', multil=None, l_diffsq=None, lib=None, ratio_us=None, ratio_snr=None, kmepoch=None, num_samples=None, pow=None, nstep=None, contrcoeff='0', kde_coeff=None, etube=None, temperature=None, contr_type=None, shuffle_type=None, validate_with=None, transform_type=None, trasform_before=None, num_classes=None, base_alpha=None, alpha_var=None, base_beta=None, beta_var=None, optim_method=None, ilr_c=None, ilr_g=None, mmcosine_scaling=None, ending_epoch=None, load_ongoing=None, commonlayers=None, recon_weight1=None, recon_weight2=None, recon_epochstages=None, recon_ensemblestages=None, lr='0.0001', wd='0.0001', mm=None, cls='mlp', perturb='gennoise', pre=True, frozen=False, tdqm_disable=False, start_over=False)
2025-11-09 12:39:12,628 - Config - INFO - ./configs/CREMA_D/synergy/nov/synprom_ib.json
2025-11-09 12:39:12,632 - Config - INFO -  THE Configuration of your experiment ..
{'agent': 'Agent',
 'dataset': {'data_roots': '/esat/smcdata/users/kkontras/Image_Dataset/no_backup/CremaD/CREMA-D',
             'data_split': {'fold': 0, 'method': 'non_inclusive'},
             'dataloader_class': 'CramedD_Dataloader',
             'fps': 1,
             'norm': False,
             'norm_face_path': './mydatasets/CREMAD/norm_face_path_fold{}.pkl',
             'norm_wav_path': './mydatasets/CREMAD/wav_norm_16000_fold{}.pkl',
             'num_frame': 3,
             'return_data': {'audio': False,
                             'face': False,
                             'spectrogram': True,
                             'video': True},
             'sampling_rate': 22050},
 'early_stopping': {'end_of_epoch_check': True,
                    'log_interval': 10,
                    'max_epoch': 1500,
                    'n_steps_stop': 20,
                    'n_steps_stop_after': 0,
                    'save_every_step': 3000,
                    'save_every_valstep': 10,
                    'validate_after': 0,
                    'validate_every': 25,
                    'validate_with': 'accuracy'},
 'exp_name': 'CREMAD Experiment',
 'model': {'args': {'bias_infusion': {'ending_epoch': 1500,
                                      'l': 0.1,
                                      'method': 'false',
                                      'plot': False,
                                      'starting_epoch': 0,
                                      'use': True},
                    'clip_grad': False,
                    'cls_type': 'linear',
                    'd_model': 512,
                    'dropout': 0.1,
                    'fc_inner': 64,
                    'multi_loss': {'multi_supervised_w': {'c': 0,
                                                          'combined': 1,
                                                          'g': 0}},
                    'num_classes': 6},
           'encoders': [{'args': {'d_model': 512,
                                  'dropout': 0.1,
                                  'fc_inner': 64,
                                  'freeze_encoder': False,
                                  'num_classes': 6},
                         'model': 'Audio_ResNet',
                         'pretrainedEncoder': {'dir': 'unimodal_audio_fold{}_lr0.001_wd0.0001.pth.tar',
                                               'use': False}},
                        {'args': {'d_model': 512,
                                  'dropout': 0.1,
                                  'fc_inner': 64,
                                  'freeze_encoder': False,
                                  'num_classes': 6},
                         'model': 'Video_ResNet',
                         'pretrainedEncoder': {'dir': 'unimodal_video_fold{}_lr0.001_wd0.0001.pth.tar',
                                               'use': False}}],
           'load_ongoing': False,
           'model_class': 'Fusion_Synprom_IB',
           'save_base_dir': '/esat/smcdata/users/kkontras/Image_Dataset/no_backup/data/2025_data/synergy',
           'save_dir': 'Synprom_IB_{}.pth.tar'},
 'optimizer': {'beta1': 0.9,
               'beta2': 0.999,
               'learning_rate': 1e-05,
               'momentum': 0.9,
               'type': 'Adam',
               'weight_decay': 1e-05},
 'scheduler': {'max_lr': 0.03, 'type': 'cosanneal', 'warm_up_steps': 780},
 'training_params': {'adversarial_training': {'adv_epsilon': 0.01,
                                              'use': False},
                     'async_loading': True,
                     'batch_size': 32,
                     'cuda': True,
                     'data_loader_workers': 8,
                     'gpu_device': [0],
                     'pin_memory': False,
                     'rec_test': True,
                     'res': True,
                     'seed': 109,
                     'tdqm_disable': False,
                     'test_batch_size': 32,
                     'test_on_bottoms': False,
                     'use_test_set': True,
                     'validation': True,
                     'verbose': True,
                     'wandb_disable': False}}
2025-11-09 12:39:12,634 - Config - INFO -  *************************************** 
2025-11-09 12:39:12,634 - Config - INFO - The experiment name is CREMAD Experiment
2025-11-09 12:39:12,634 - Config - INFO -  *************************************** 
2025-11-09 12:39:12,634 - root - INFO - save_dir: Synprom_IB_fold2_l1_contrcoeff0_perturbgennoise_lr0.0001_wd0.0001_clsmlp_pre.pth.tar
2025-11-09 12:39:13,196 - Cuda Statistics - INFO - __Python VERSION:  3.9.18 (main, Sep 11 2023, 13:41:44) 
[GCC 11.2.0]
2025-11-09 12:39:13,196 - Cuda Statistics - INFO - __pyTorch VERSION:  2.0.1+cu118
2025-11-09 12:39:13,196 - Cuda Statistics - INFO - __CUDA VERSION
2025-11-09 12:39:13,198 - Cuda Statistics - INFO - __CUDNN VERSION:  8700
2025-11-09 12:39:13,227 - Cuda Statistics - INFO - __Number CUDA Devices:  1
2025-11-09 12:39:13,227 - Cuda Statistics - INFO - __Devices
2025-11-09 12:39:13,227 - Cuda Statistics - INFO - index, name, driver_version, memory.total [MiB], memory.used [MiB], memory.free [MiB]
2025-11-09 12:39:13,227 - Cuda Statistics - INFO - 0, NVIDIA A100-SXM4-80GB, 580.95.05, 81920 MiB, 4 MiB, 81150 MiB
2025-11-09 12:39:13,230 - Cuda Statistics - INFO - Active CUDA Device: GPU 0
2025-11-09 12:39:13,230 - Cuda Statistics - INFO - Available devices  1
2025-11-09 12:39:13,230 - Cuda Statistics - INFO - Current cuda device  0
This path does not exist /esat/smcdata/users/kkontras/Image_Dataset/no_backup/CremaD/CREMA-D/AudioWAV/1076_MTI_SAD_XX.wav or /esat/smcdata/users/kkontras/Image_Dataset/no_backup/CremaD/CREMA-D/Image-01-FPS/1076_MTI_SAD_XX or /esat/smcdata/users/kkontras/Image_Dataset/no_backup/CremaD/CREMA-D/Face_features/1076_MTI_SAD_XX.npy
2025-11-09 12:39:15,011 - root - INFO - Loaded wav norm from ./mydatasets/CREMAD/wav_norm_16000_fold2.pkl
2025-11-09 12:39:15,018 - root - INFO - Norm values are {'mean': tensor(-2.7781e-05), 'std': tensor(0.0615), 'max_duration': 5.005}
2025-11-09 12:39:15,254 - root - INFO - Loaded wav norm from ./mydatasets/CREMAD/wav_norm_16000_fold2.pkl
2025-11-09 12:39:15,254 - root - INFO - Norm values are {'mean': tensor(-2.7781e-05), 'std': tensor(0.0615), 'max_duration': 5.005}
2025-11-09 12:39:15,467 - root - INFO - Loaded wav norm from ./mydatasets/CREMAD/wav_norm_16000_fold2.pkl
2025-11-09 12:39:15,468 - root - INFO - Norm values are {'mean': tensor(-2.7781e-05), 'std': tensor(0.0615), 'max_duration': 5.005}
Available cores 8
We are changing dataloader workers to num of cores 0
2025-11-09 12:39:15,470 - Agent - INFO - Device: cuda:0
2025-11-09 12:39:15,470 - Agent - INFO - Total training batches: 126, validate every 25 batches, steps per epoch: 6
2025-11-09 12:39:20,036 - Agent - INFO - Loss Weights are {'total': 1, 'combined': 1, 'c': 0, 'g': 0}
2025-11-09 12:39:20,657 - root - INFO - Loading enc best model state dict from /esat/smcdata/users/kkontras/Image_Dataset/no_backup/data/2025_data/synergy/unimodal_audio_fold2_lr0.001_wd0.0001.pth.tar
Replacing module
2025-11-09 12:39:21,132 - root - INFO - Loading enc best model state dict from /esat/smcdata/users/kkontras/Image_Dataset/no_backup/data/2025_data/synergy/unimodal_video_fold2_lr0.001_wd0.0001.pth.tar
Replacing module
2025-11-09 12:39:21,189 - Agent - INFO - Total number of trainable parameters are: 23483032
2025-11-09 12:39:21,199 - Agent - INFO - Total number of trainable parameters are: 23483032
2025-11-09 12:42:46,002 - Agent - INFO - [37mVal Epoch 1 step 1 with [31mce_loss_combined : 1.036568 [31mtotal : 1.036568 [94mAcc_combined: 72.50 [94mAcc_c: 59.38 [94mAcc_g: 62.95 [95mCEU_cue_audio: 0.8147 [95mCEU_cue_video: 0.5830 [95mCEU_synergy: 0.2285 [95mCEU_coexistence: 0.9605 
2025-11-09 12:42:46,015 - Agent - INFO - [37mTest Epoch 1 step 1 with [31mce_loss_combined : 1.029150 [31mtotal : 1.029150 [94mAcc_combined: 72.06 [94mAcc_c: 62.96 [94mAcc_g: 52.89 
2025-11-09 12:42:46,508 - Agent - INFO - [37mModels has saved successfully in /esat/smcdata/users/kkontras/Image_Dataset/no_backup/data/2025_data/synergy/Synprom_IB_fold2_l1_contrcoeff0_perturbgennoise_lr0.0001_wd0.0001_clsmlp_pre.pth.tar
2025-11-09 12:46:03,200 - Agent - INFO - [37mVal Epoch 2 step 2 with [31mce_loss_combined : 0.790431 [31mtotal : 0.790431 [94mAcc_combined: 73.65 [94mAcc_c: 56.50 [94mAcc_g: 57.77 [95mCEU_cue_audio: 0.6932 [95mCEU_cue_video: 0.7264 [95mCEU_synergy: 0.2756 [95mCEU_coexistence: 0.9455 
2025-11-09 12:46:03,213 - Agent - INFO - [37mTest Epoch 2 step 2 with [31mce_loss_combined : 0.917770 [31mtotal : 0.917770 [94mAcc_combined: 69.91 [94mAcc_c: 61.24 [94mAcc_g: 50.00 
2025-11-09 12:46:03,840 - Agent - INFO - [37mModels has saved successfully in /esat/smcdata/users/kkontras/Image_Dataset/no_backup/data/2025_data/synergy/Synprom_IB_fold2_l1_contrcoeff0_perturbgennoise_lr0.0001_wd0.0001_clsmlp_pre.pth.tar
2025-11-09 12:49:29,748 - Agent - INFO - [37mVal Epoch 3 step 3 with [31mce_loss_combined : 0.751592 [31mtotal : 0.751592 [94mAcc_combined: 74.34 [94mAcc_c: 59.95 [94mAcc_g: 56.62 [95mCEU_cue_audio: 0.6138 [95mCEU_cue_video: 0.8071 [95mCEU_synergy: 0.2676 [95mCEU_coexistence: 0.9576 
2025-11-09 12:49:29,761 - Agent - INFO - [37mTest Epoch 3 step 3 with [31mce_loss_combined : 0.923073 [31mtotal : 0.923073 [94mAcc_combined: 69.27 [94mAcc_c: 62.63 [94mAcc_g: 49.36 
2025-11-09 12:49:30,407 - Agent - INFO - [37mModels has saved successfully in /esat/smcdata/users/kkontras/Image_Dataset/no_backup/data/2025_data/synergy/Synprom_IB_fold2_l1_contrcoeff0_perturbgennoise_lr0.0001_wd0.0001_clsmlp_pre.pth.tar
2025-11-09 12:52:51,317 - Agent - INFO - [37mVal Epoch 4 step 4 with [31mce_loss_combined : 0.789338 [31mtotal : 0.789338 [94mAcc_combined: 73.30 [94mAcc_c: 58.00 [94mAcc_g: 58.92 [95mCEU_cue_audio: 0.5715 [95mCEU_cue_video: 0.8071 [95mCEU_synergy: 0.2914 [95mCEU_coexistence: 0.9455 
2025-11-09 12:56:07,426 - Agent - INFO - [37mVal Epoch 5 step 5 with [31mce_loss_combined : 0.934414 [31mtotal : 0.934414 [94mAcc_combined: 68.70 [94mAcc_c: 58.57 [94mAcc_g: 56.96 [95mCEU_cue_audio: 0.5554 [95mCEU_cue_video: 0.7849 [95mCEU_synergy: 0.2285 [95mCEU_coexistence: 0.8728 
2025-11-09 12:59:25,692 - Agent - INFO - [37mVal Epoch 6 step 6 with [31mce_loss_combined : 0.943420 [31mtotal : 0.943420 [94mAcc_combined: 69.74 [94mAcc_c: 57.31 [94mAcc_g: 57.65 [95mCEU_cue_audio: 0.5343 [95mCEU_cue_video: 0.7892 [95mCEU_synergy: 0.2519 [95mCEU_coexistence: 0.8999 
2025-11-09 13:02:47,580 - Agent - INFO - [37mVal Epoch 7 step 7 with [31mce_loss_combined : 0.785088 [31mtotal : 0.785088 [94mAcc_combined: 75.03 [94mAcc_c: 54.09 [94mAcc_g: 58.57 [95mCEU_cue_audio: 0.6400 [95mCEU_cue_video: 0.8118 [95mCEU_synergy: 0.2442 [95mCEU_coexistence: 0.9666 
2025-11-09 13:02:47,596 - Agent - INFO - [37mTest Epoch 7 step 7 with [31mce_loss_combined : 0.925498 [31mtotal : 0.925498 [94mAcc_combined: 70.56 [94mAcc_c: 61.03 [94mAcc_g: 49.25 
2025-11-09 13:02:48,230 - Agent - INFO - [37mModels has saved successfully in /esat/smcdata/users/kkontras/Image_Dataset/no_backup/data/2025_data/synergy/Synprom_IB_fold2_l1_contrcoeff0_perturbgennoise_lr0.0001_wd0.0001_clsmlp_pre.pth.tar
2025-11-09 13:06:03,870 - Agent - INFO - [37mVal Epoch 8 step 8 with [31mce_loss_combined : 0.789500 [31mtotal : 0.789500 [94mAcc_combined: 75.26 [94mAcc_c: 55.93 [94mAcc_g: 58.00 [95mCEU_cue_audio: 0.6455 [95mCEU_cue_video: 0.8207 [95mCEU_synergy: 0.2285 [95mCEU_coexistence: 0.9697 
2025-11-09 13:06:03,885 - Agent - INFO - [37mTest Epoch 8 step 8 with [31mce_loss_combined : 0.945873 [31mtotal : 0.945873 [94mAcc_combined: 70.24 [94mAcc_c: 61.13 [94mAcc_g: 48.82 
2025-11-09 13:06:04,561 - Agent - INFO - [37mModels has saved successfully in /esat/smcdata/users/kkontras/Image_Dataset/no_backup/data/2025_data/synergy/Synprom_IB_fold2_l1_contrcoeff0_perturbgennoise_lr0.0001_wd0.0001_clsmlp_pre.pth.tar
2025-11-09 13:09:25,098 - Agent - INFO - [37mVal Epoch 9 step 9 with [31mce_loss_combined : 0.854900 [31mtotal : 0.854900 [94mAcc_combined: 74.22 [94mAcc_c: 56.27 [94mAcc_g: 57.31 [95mCEU_cue_audio: 0.6615 [95mCEU_cue_video: 0.7802 [95mCEU_synergy: 0.2127 [95mCEU_coexistence: 0.9666 
2025-11-09 13:12:41,220 - Agent - INFO - [37mVal Epoch 10 step 10 with [31mce_loss_combined : 0.856444 [31mtotal : 0.856444 [94mAcc_combined: 74.91 [94mAcc_c: 55.47 [94mAcc_g: 58.69 [95mCEU_cue_audio: 0.6400 [95mCEU_cue_video: 0.8250 [95mCEU_synergy: 0.2519 [95mCEU_coexistence: 0.9515 
2025-11-09 13:15:58,297 - Agent - INFO - [37mVal Epoch 11 step 11 with [31mce_loss_combined : 0.859698 [31mtotal : 0.859698 [94mAcc_combined: 73.99 [94mAcc_c: 55.35 [94mAcc_g: 55.35 [95mCEU_cue_audio: 0.6138 [95mCEU_cue_video: 0.8028 [95mCEU_synergy: 0.2676 [95mCEU_coexistence: 0.9515 
2025-11-09 13:19:16,944 - Agent - INFO - [37mVal Epoch 12 step 12 with [31mce_loss_combined : 1.068291 [31mtotal : 1.068291 [94mAcc_combined: 71.00 [94mAcc_c: 53.28 [94mAcc_g: 54.09 [95mCEU_cue_audio: 0.5926 [95mCEU_cue_video: 0.7443 [95mCEU_synergy: 0.2127 [95mCEU_coexistence: 0.9455 
2025-11-09 13:22:40,832 - Agent - INFO - [37mVal Epoch 13 step 13 with [31mce_loss_combined : 0.903071 [31mtotal : 0.903071 [94mAcc_combined: 75.72 [94mAcc_c: 55.12 [94mAcc_g: 55.24 [95mCEU_cue_audio: 0.7038 [95mCEU_cue_video: 0.8028 [95mCEU_synergy: 0.2204 [95mCEU_coexistence: 0.9637 
2025-11-09 13:22:40,848 - Agent - INFO - [37mTest Epoch 13 step 13 with [31mce_loss_combined : 1.214097 [31mtotal : 1.214097 [94mAcc_combined: 67.02 [94mAcc_c: 55.35 [94mAcc_g: 46.04 
2025-11-09 13:22:41,524 - Agent - INFO - [37mModels has saved successfully in /esat/smcdata/users/kkontras/Image_Dataset/no_backup/data/2025_data/synergy/Synprom_IB_fold2_l1_contrcoeff0_perturbgennoise_lr0.0001_wd0.0001_clsmlp_pre.pth.tar
2025-11-09 13:26:03,152 - Agent - INFO - [37mVal Epoch 14 step 14 with [31mce_loss_combined : 0.854942 [31mtotal : 0.854942 [94mAcc_combined: 76.75 [94mAcc_c: 54.89 [94mAcc_g: 57.88 [95mCEU_cue_audio: 0.6932 [95mCEU_cue_video: 0.8250 [95mCEU_synergy: 0.2442 [95mCEU_coexistence: 0.9726 
2025-11-09 13:26:03,169 - Agent - INFO - [37mTest Epoch 14 step 14 with [31mce_loss_combined : 1.166494 [31mtotal : 1.166494 [94mAcc_combined: 67.88 [94mAcc_c: 56.64 [94mAcc_g: 48.61 
2025-11-09 13:26:03,804 - Agent - INFO - [37mModels has saved successfully in /esat/smcdata/users/kkontras/Image_Dataset/no_backup/data/2025_data/synergy/Synprom_IB_fold2_l1_contrcoeff0_perturbgennoise_lr0.0001_wd0.0001_clsmlp_pre.pth.tar
2025-11-09 13:29:25,431 - Agent - INFO - [37mVal Epoch 15 step 15 with [31mce_loss_combined : 0.958884 [31mtotal : 0.958884 [94mAcc_combined: 75.26 [94mAcc_c: 53.05 [94mAcc_g: 56.96 [95mCEU_cue_audio: 0.6772 [95mCEU_cue_video: 0.8250 [95mCEU_synergy: 0.2127 [95mCEU_coexistence: 0.9544 
2025-11-09 13:32:49,962 - Agent - INFO - [37mVal Epoch 16 step 16 with [31mce_loss_combined : 0.895030 [31mtotal : 0.895030 [94mAcc_combined: 76.06 [94mAcc_c: 53.39 [94mAcc_g: 55.93 [95mCEU_cue_audio: 0.6772 [95mCEU_cue_video: 0.8207 [95mCEU_synergy: 0.2599 [95mCEU_coexistence: 0.9605 
2025-11-09 13:36:08,495 - Agent - INFO - [37mVal Epoch 17 step 17 with [31mce_loss_combined : 0.946658 [31mtotal : 0.946658 [94mAcc_combined: 75.83 [94mAcc_c: 53.51 [94mAcc_g: 53.05 [95mCEU_cue_audio: 0.6561 [95mCEU_cue_video: 0.8519 [95mCEU_synergy: 0.2127 [95mCEU_coexistence: 0.9637 
2025-11-09 13:39:26,891 - Agent - INFO - [37mVal Epoch 18 step 18 with [31mce_loss_combined : 0.940164 [31mtotal : 0.940164 [94mAcc_combined: 76.75 [94mAcc_c: 53.28 [94mAcc_g: 53.62 [95mCEU_cue_audio: 0.6932 [95mCEU_cue_video: 0.8250 [95mCEU_synergy: 0.2756 [95mCEU_coexistence: 0.9605 
2025-11-09 13:42:49,728 - Agent - INFO - [37mVal Epoch 19 step 19 with [31mce_loss_combined : 0.960249 [31mtotal : 0.960249 [94mAcc_combined: 75.83 [94mAcc_c: 49.25 [94mAcc_g: 53.62 [95mCEU_cue_audio: 0.6244 [95mCEU_cue_video: 0.8655 [95mCEU_synergy: 0.2676 [95mCEU_coexistence: 0.9515 
2025-11-09 13:46:06,925 - Agent - INFO - [37mVal Epoch 20 step 20 with [31mce_loss_combined : 1.037932 [31mtotal : 1.037932 [94mAcc_combined: 74.91 [94mAcc_c: 53.16 [94mAcc_g: 53.05 [95mCEU_cue_audio: 0.6455 [95mCEU_cue_video: 0.8161 [95mCEU_synergy: 0.2285 [95mCEU_coexistence: 0.9637 
2025-11-09 13:49:25,487 - Agent - INFO - [37mVal Epoch 21 step 21 with [31mce_loss_combined : 1.033273 [31mtotal : 1.033273 [94mAcc_combined: 74.80 [94mAcc_c: 53.86 [94mAcc_g: 52.70 [95mCEU_cue_audio: 0.6138 [95mCEU_cue_video: 0.8207 [95mCEU_synergy: 0.2676 [95mCEU_coexistence: 0.9605 
2025-11-09 13:52:44,488 - Agent - INFO - [37mVal Epoch 22 step 22 with [31mce_loss_combined : 1.069957 [31mtotal : 1.069957 [94mAcc_combined: 73.42 [94mAcc_c: 50.98 [94mAcc_g: 58.11 [95mCEU_cue_audio: 0.6138 [95mCEU_cue_video: 0.7981 [95mCEU_synergy: 0.2442 [95mCEU_coexistence: 0.9484 
2025-11-09 13:56:01,684 - Agent - INFO - [37mVal Epoch 23 step 23 with [31mce_loss_combined : 0.997165 [31mtotal : 0.997165 [94mAcc_combined: 75.37 [94mAcc_c: 54.20 [94mAcc_g: 52.01 [95mCEU_cue_audio: 0.6455 [95mCEU_cue_video: 0.8207 [95mCEU_synergy: 0.2599 [95mCEU_coexistence: 0.9605 
2025-11-09 13:59:17,721 - Agent - INFO - [37mVal Epoch 24 step 24 with [31mce_loss_combined : 1.032814 [31mtotal : 1.032814 [94mAcc_combined: 74.68 [94mAcc_c: 54.32 [94mAcc_g: 52.13 [95mCEU_cue_audio: 0.6294 [95mCEU_cue_video: 0.8071 [95mCEU_synergy: 0.2756 [95mCEU_coexistence: 0.9544 
2025-11-09 14:02:33,027 - Agent - INFO - [37mVal Epoch 25 step 25 with [31mce_loss_combined : 0.931656 [31mtotal : 0.931656 [94mAcc_combined: 75.37 [94mAcc_c: 53.62 [94mAcc_g: 52.24 [95mCEU_cue_audio: 0.6615 [95mCEU_cue_video: 0.8118 [95mCEU_synergy: 0.2442 [95mCEU_coexistence: 0.9637 
2025-11-09 14:05:49,968 - Agent - INFO - [37mVal Epoch 26 step 26 with [31mce_loss_combined : 0.976773 [31mtotal : 0.976773 [94mAcc_combined: 75.03 [94mAcc_c: 53.39 [94mAcc_g: 47.64 [95mCEU_cue_audio: 0.6561 [95mCEU_cue_video: 0.7981 [95mCEU_synergy: 0.2361 [95mCEU_coexistence: 0.9697 
2025-11-09 14:09:09,486 - Agent - INFO - [37mVal Epoch 27 step 27 with [31mce_loss_combined : 1.010641 [31mtotal : 1.010641 [94mAcc_combined: 74.34 [94mAcc_c: 53.39 [94mAcc_g: 50.86 [95mCEU_cue_audio: 0.6244 [95mCEU_cue_video: 0.8071 [95mCEU_synergy: 0.2442 [95mCEU_coexistence: 0.9605 
2025-11-09 14:12:24,227 - Agent - INFO - [37mVal Epoch 28 step 28 with [31mce_loss_combined : 1.075958 [31mtotal : 1.075958 [94mAcc_combined: 74.11 [94mAcc_c: 51.78 [94mAcc_g: 47.18 [95mCEU_cue_audio: 0.6400 [95mCEU_cue_video: 0.8071 [95mCEU_synergy: 0.2047 [95mCEU_coexistence: 0.9605 
2025-11-09 14:15:42,680 - Agent - INFO - [37mVal Epoch 29 step 29 with [31mce_loss_combined : 1.008264 [31mtotal : 1.008264 [94mAcc_combined: 73.99 [94mAcc_c: 54.78 [94mAcc_g: 47.99 [95mCEU_cue_audio: 0.6455 [95mCEU_cue_video: 0.7849 [95mCEU_synergy: 0.2285 [95mCEU_coexistence: 0.9605 
2025-11-09 14:19:04,986 - Agent - INFO - [37mVal Epoch 30 step 30 with [31mce_loss_combined : 1.016037 [31mtotal : 1.016037 [94mAcc_combined: 74.57 [94mAcc_c: 54.78 [94mAcc_g: 48.33 [95mCEU_cue_audio: 0.6561 [95mCEU_cue_video: 0.7938 [95mCEU_synergy: 0.2361 [95mCEU_coexistence: 0.9605 
2025-11-09 14:22:27,085 - Agent - INFO - [37mVal Epoch 31 step 31 with [31mce_loss_combined : 1.063757 [31mtotal : 1.063757 [94mAcc_combined: 74.22 [94mAcc_c: 53.86 [94mAcc_g: 42.58 [95mCEU_cue_audio: 0.6561 [95mCEU_cue_video: 0.7712 [95mCEU_synergy: 0.2285 [95mCEU_coexistence: 0.9697 
2025-11-09 14:25:47,878 - Agent - INFO - [37mVal Epoch 32 step 32 with [31mce_loss_combined : 1.105991 [31mtotal : 1.105991 [94mAcc_combined: 74.68 [94mAcc_c: 52.82 [94mAcc_g: 45.57 [95mCEU_cue_audio: 0.6615 [95mCEU_cue_video: 0.7892 [95mCEU_synergy: 0.2361 [95mCEU_coexistence: 0.9637 
2025-11-09 14:29:08,788 - Agent - INFO - [37mVal Epoch 33 step 33 with [31mce_loss_combined : 1.210571 [31mtotal : 1.210571 [94mAcc_combined: 71.23 [94mAcc_c: 49.48 [94mAcc_g: 51.09 [95mCEU_cue_audio: 0.5871 [95mCEU_cue_video: 0.7670 [95mCEU_synergy: 0.1889 [95mCEU_coexistence: 0.9484 
2025-11-09 14:29:09,559 - Agent - INFO - We are in the final state.
2025-11-09 14:29:09,827 - root - INFO - Loaded best model from /esat/smcdata/users/kkontras/Image_Dataset/no_backup/data/2025_data/synergy/Synprom_IB_fold2_l1_contrcoeff0_perturbgennoise_lr0.0001_wd0.0001_clsmlp_pre.pth.tar
2025-11-09 14:29:24,063 - Agent - INFO - [37mVal Epoch 33 step 0 with [31mce_loss_combined : 0.854942 [31mtotal : 0.854942 [94mAcc_combined: 76.75 [94mAcc_c: 54.89 [94mAcc_g: 57.88 [95mCEU_cue_audio: 0.6932 [95mCEU_cue_video: 0.8250 [95mCEU_synergy: 0.2442 [95mCEU_coexistence: 0.9726 
2025-11-09 14:29:38,813 - Agent - INFO - [37mTest Epoch 33 step 0 with [31mce_loss_combined : 1.166494 [31mtotal : 1.166494 [94mAcc_combined: 67.88 [94mAcc_c: 56.64 [94mAcc_g: 48.61 
2025-11-09 14:29:40,287 - Agent - INFO - [37mModels has saved successfully in /esat/smcdata/users/kkontras/Image_Dataset/no_backup/data/2025_data/synergy/Synprom_IB_fold2_l1_contrcoeff0_perturbgennoise_lr0.0001_wd0.0001_clsmlp_pre.pth.tar
Job finished
