Starting Job
/esat/smcdata/users/kkontras/Image_Dataset/no_backup/git/Synergy/train.py
/esat/smcdata/users/kkontras/Image_Dataset/no_backup/envs/balance_env/bin/python
Python 3.9.18
/esat/smcdata/users/kkontras/Image_Dataset/no_backup/git/Synergy
We have 1 GPU
/esat/smcdata/users/kkontras/Image_Dataset/no_backup/git/Synergy/train.py
config-./configs/CREMA_D/synergy/nov/synprom_ib.json
Executing command: accelerate launch /esat/smcdata/users/kkontras/Image_Dataset/no_backup/git/Synergy/train.py --config ./configs/CREMA_D/synergy/nov/synprom_ib.json --default_config ./configs/CREMA_D/default_config_cremad_res_syn.json --fold 0 --pre  --l 5 --contrcoeff 0 --lr 0.0001 --wd 0.0001 --cls mlp --perturb gennoise
Namespace(config='./configs/CREMA_D/synergy/nov/synprom_ib.json', default_config='./configs/CREMA_D/default_config_cremad_res_syn.json', fold='0', alpha=None, tanh_mode=None, tanh_mode_beta=None, regby=None, clip=None, batch_size=None, l='5', multil=None, l_diffsq=None, lib=None, ratio_us=None, ratio_snr=None, kmepoch=None, num_samples=None, pow=None, nstep=None, contrcoeff='0', kde_coeff=None, etube=None, temperature=None, contr_type=None, shuffle_type=None, validate_with=None, transform_type=None, trasform_before=None, num_classes=None, base_alpha=None, alpha_var=None, base_beta=None, beta_var=None, optim_method=None, ilr_c=None, ilr_g=None, mmcosine_scaling=None, ending_epoch=None, load_ongoing=None, commonlayers=None, recon_weight1=None, recon_weight2=None, recon_epochstages=None, recon_ensemblestages=None, lr='0.0001', wd='0.0001', mm=None, cls='mlp', perturb='gennoise', pre=True, frozen=False, tdqm_disable=False, start_over=False)
2025-11-09 12:46:09,660 - Config - INFO - ./configs/CREMA_D/synergy/nov/synprom_ib.json
2025-11-09 12:46:09,663 - Config - INFO -  THE Configuration of your experiment ..
{'agent': 'Agent',
 'dataset': {'data_roots': '/esat/smcdata/users/kkontras/Image_Dataset/no_backup/CremaD/CREMA-D',
             'data_split': {'fold': 0, 'method': 'non_inclusive'},
             'dataloader_class': 'CramedD_Dataloader',
             'fps': 1,
             'norm': False,
             'norm_face_path': './mydatasets/CREMAD/norm_face_path_fold{}.pkl',
             'norm_wav_path': './mydatasets/CREMAD/wav_norm_16000_fold{}.pkl',
             'num_frame': 3,
             'return_data': {'audio': False,
                             'face': False,
                             'spectrogram': True,
                             'video': True},
             'sampling_rate': 22050},
 'early_stopping': {'end_of_epoch_check': True,
                    'log_interval': 10,
                    'max_epoch': 1500,
                    'n_steps_stop': 20,
                    'n_steps_stop_after': 0,
                    'save_every_step': 3000,
                    'save_every_valstep': 10,
                    'validate_after': 0,
                    'validate_every': 25,
                    'validate_with': 'accuracy'},
 'exp_name': 'CREMAD Experiment',
 'model': {'args': {'bias_infusion': {'ending_epoch': 1500,
                                      'l': 0.1,
                                      'method': 'false',
                                      'plot': False,
                                      'starting_epoch': 0,
                                      'use': True},
                    'clip_grad': False,
                    'cls_type': 'linear',
                    'd_model': 512,
                    'dropout': 0.1,
                    'fc_inner': 64,
                    'multi_loss': {'multi_supervised_w': {'c': 0,
                                                          'combined': 1,
                                                          'g': 0}},
                    'num_classes': 6},
           'encoders': [{'args': {'d_model': 512,
                                  'dropout': 0.1,
                                  'fc_inner': 64,
                                  'freeze_encoder': False,
                                  'num_classes': 6},
                         'model': 'Audio_ResNet',
                         'pretrainedEncoder': {'dir': 'unimodal_audio_fold{}_lr0.001_wd0.0001.pth.tar',
                                               'use': False}},
                        {'args': {'d_model': 512,
                                  'dropout': 0.1,
                                  'fc_inner': 64,
                                  'freeze_encoder': False,
                                  'num_classes': 6},
                         'model': 'Video_ResNet',
                         'pretrainedEncoder': {'dir': 'unimodal_video_fold{}_lr0.001_wd0.0001.pth.tar',
                                               'use': False}}],
           'load_ongoing': False,
           'model_class': 'Fusion_Synprom_IB',
           'save_base_dir': '/esat/smcdata/users/kkontras/Image_Dataset/no_backup/data/2025_data/synergy',
           'save_dir': 'Synprom_IB_{}.pth.tar'},
 'optimizer': {'beta1': 0.9,
               'beta2': 0.999,
               'learning_rate': 1e-05,
               'momentum': 0.9,
               'type': 'Adam',
               'weight_decay': 1e-05},
 'scheduler': {'max_lr': 0.03, 'type': 'cosanneal', 'warm_up_steps': 780},
 'training_params': {'adversarial_training': {'adv_epsilon': 0.01,
                                              'use': False},
                     'async_loading': True,
                     'batch_size': 32,
                     'cuda': True,
                     'data_loader_workers': 8,
                     'gpu_device': [0],
                     'pin_memory': False,
                     'rec_test': True,
                     'res': True,
                     'seed': 109,
                     'tdqm_disable': False,
                     'test_batch_size': 32,
                     'test_on_bottoms': False,
                     'use_test_set': True,
                     'validation': True,
                     'verbose': True,
                     'wandb_disable': False}}
2025-11-09 12:46:09,664 - Config - INFO -  *************************************** 
2025-11-09 12:46:09,664 - Config - INFO - The experiment name is CREMAD Experiment
2025-11-09 12:46:09,664 - Config - INFO -  *************************************** 
2025-11-09 12:46:09,664 - root - INFO - save_dir: Synprom_IB_fold0_l5_contrcoeff0_perturbgennoise_lr0.0001_wd0.0001_clsmlp_pre.pth.tar
2025-11-09 12:46:09,799 - Cuda Statistics - INFO - __Python VERSION:  3.9.18 (main, Sep 11 2023, 13:41:44) 
[GCC 11.2.0]
2025-11-09 12:46:09,800 - Cuda Statistics - INFO - __pyTorch VERSION:  2.0.1+cu118
2025-11-09 12:46:09,800 - Cuda Statistics - INFO - __CUDA VERSION
2025-11-09 12:46:09,802 - Cuda Statistics - INFO - __CUDNN VERSION:  8700
2025-11-09 12:46:09,819 - Cuda Statistics - INFO - __Number CUDA Devices:  1
2025-11-09 12:46:09,819 - Cuda Statistics - INFO - __Devices
2025-11-09 12:46:09,819 - Cuda Statistics - INFO - index, name, driver_version, memory.total [MiB], memory.used [MiB], memory.free [MiB]
2025-11-09 12:46:09,819 - Cuda Statistics - INFO - 0, NVIDIA GeForce RTX 2080 Ti, 570.153.02, 11264 MiB, 3 MiB, 10821 MiB
2025-11-09 12:46:09,825 - Cuda Statistics - INFO - Active CUDA Device: GPU 0
2025-11-09 12:46:09,825 - Cuda Statistics - INFO - Available devices  1
2025-11-09 12:46:09,825 - Cuda Statistics - INFO - Current cuda device  0
This path does not exist /esat/smcdata/users/kkontras/Image_Dataset/no_backup/CremaD/CREMA-D/AudioWAV/1076_MTI_SAD_XX.wav or /esat/smcdata/users/kkontras/Image_Dataset/no_backup/CremaD/CREMA-D/Image-01-FPS/1076_MTI_SAD_XX or /esat/smcdata/users/kkontras/Image_Dataset/no_backup/CremaD/CREMA-D/Face_features/1076_MTI_SAD_XX.npy
2025-11-09 12:46:11,529 - root - INFO - Loaded wav norm from ./mydatasets/CREMAD/wav_norm_16000_fold0.pkl
2025-11-09 12:46:11,534 - root - INFO - Norm values are {'mean': tensor(-2.7937e-05), 'std': tensor(0.0613), 'max_duration': 4.8715625}
2025-11-09 12:46:11,960 - root - INFO - Loaded wav norm from ./mydatasets/CREMAD/wav_norm_16000_fold0.pkl
2025-11-09 12:46:11,961 - root - INFO - Norm values are {'mean': tensor(-2.7937e-05), 'std': tensor(0.0613), 'max_duration': 4.8715625}
2025-11-09 12:46:12,398 - root - INFO - Loaded wav norm from ./mydatasets/CREMAD/wav_norm_16000_fold0.pkl
2025-11-09 12:46:12,399 - root - INFO - Norm values are {'mean': tensor(-2.7937e-05), 'std': tensor(0.0613), 'max_duration': 4.8715625}
Available cores 8
We are changing dataloader workers to num of cores 0
2025-11-09 12:46:12,401 - Agent - INFO - Device: cuda:0
2025-11-09 12:46:12,401 - Agent - INFO - Total training batches: 127, validate every 25 batches, steps per epoch: 6
2025-11-09 12:46:16,057 - Agent - INFO - Loss Weights are {'total': 1, 'combined': 1, 'c': 0, 'g': 0}
2025-11-09 12:46:16,505 - root - INFO - Loading enc best model state dict from /esat/smcdata/users/kkontras/Image_Dataset/no_backup/data/2025_data/synergy/unimodal_audio_fold0_lr0.001_wd0.0001.pth.tar
Replacing module
2025-11-09 12:46:16,851 - root - INFO - Loading enc best model state dict from /esat/smcdata/users/kkontras/Image_Dataset/no_backup/data/2025_data/synergy/unimodal_video_fold0_lr0.001_wd0.0001.pth.tar
Replacing module
2025-11-09 12:46:16,903 - Agent - INFO - Total number of trainable parameters are: 23483032
2025-11-09 12:46:16,910 - Agent - INFO - Total number of trainable parameters are: 23483032
2025-11-09 12:50:00,731 - Agent - INFO - [37mVal Epoch 1 step 1 with [31mce_loss_combined : 1.312275 [31mtotal : 1.312275 [94mAcc_combined: 68.11 [94mAcc_c: 61.73 [94mAcc_g: 62.41 [95mCEU_cue_audio: 0.4657 [95mCEU_cue_video: 0.7940 [95mCEU_synergy: 0.1640 [95mCEU_coexistence: 0.9273 
2025-11-09 12:50:00,748 - Agent - INFO - [37mTest Epoch 1 step 1 with [31mce_loss_combined : 1.362765 [31mtotal : 1.362765 [94mAcc_combined: 61.62 [94mAcc_c: 56.73 [94mAcc_g: 53.73 
2025-11-09 12:50:01,757 - Agent - INFO - [37mModels has saved successfully in /esat/smcdata/users/kkontras/Image_Dataset/no_backup/data/2025_data/synergy/Synprom_IB_fold0_l5_contrcoeff0_perturbgennoise_lr0.0001_wd0.0001_clsmlp_pre.pth.tar
2025-11-09 12:53:48,027 - Agent - INFO - [37mVal Epoch 2 step 2 with [31mce_loss_combined : 0.999464 [31mtotal : 0.999464 [94mAcc_combined: 66.06 [94mAcc_c: 59.45 [94mAcc_g: 58.43 [95mCEU_cue_audio: 0.3974 [95mCEU_cue_video: 0.7818 [95mCEU_synergy: 0.2705 [95mCEU_coexistence: 0.8898 
2025-11-09 12:57:34,449 - Agent - INFO - [37mVal Epoch 3 step 3 with [31mce_loss_combined : 0.963734 [31mtotal : 0.963734 [94mAcc_combined: 67.43 [94mAcc_c: 61.96 [94mAcc_g: 58.20 [95mCEU_cue_audio: 0.4064 [95mCEU_cue_video: 0.8063 [95mCEU_synergy: 0.2871 [95mCEU_coexistence: 0.9006 
2025-11-09 13:01:20,826 - Agent - INFO - [37mVal Epoch 4 step 4 with [31mce_loss_combined : 0.966646 [31mtotal : 0.966646 [94mAcc_combined: 69.02 [94mAcc_c: 62.41 [94mAcc_g: 58.31 [95mCEU_cue_audio: 0.3789 [95mCEU_cue_video: 0.8484 [95mCEU_synergy: 0.2952 [95mCEU_coexistence: 0.9327 
2025-11-09 13:01:20,843 - Agent - INFO - [37mTest Epoch 4 step 4 with [31mce_loss_combined : 1.292930 [31mtotal : 1.292930 [94mAcc_combined: 61.29 [94mAcc_c: 55.06 [94mAcc_g: 52.06 
2025-11-09 13:01:21,603 - Agent - INFO - [37mModels has saved successfully in /esat/smcdata/users/kkontras/Image_Dataset/no_backup/data/2025_data/synergy/Synprom_IB_fold0_l5_contrcoeff0_perturbgennoise_lr0.0001_wd0.0001_clsmlp_pre.pth.tar
2025-11-09 13:05:08,348 - Agent - INFO - [37mVal Epoch 5 step 5 with [31mce_loss_combined : 0.998612 [31mtotal : 0.998612 [94mAcc_combined: 70.62 [94mAcc_c: 60.93 [94mAcc_g: 60.59 [95mCEU_cue_audio: 0.3745 [95mCEU_cue_video: 0.8909 [95mCEU_synergy: 0.2050 [95mCEU_coexistence: 0.9840 
2025-11-09 13:05:08,362 - Agent - INFO - [37mTest Epoch 5 step 5 with [31mce_loss_combined : 1.473761 [31mtotal : 1.473761 [94mAcc_combined: 59.73 [94mAcc_c: 56.28 [94mAcc_g: 51.61 
2025-11-09 13:05:09,131 - Agent - INFO - [37mModels has saved successfully in /esat/smcdata/users/kkontras/Image_Dataset/no_backup/data/2025_data/synergy/Synprom_IB_fold0_l5_contrcoeff0_perturbgennoise_lr0.0001_wd0.0001_clsmlp_pre.pth.tar
2025-11-09 13:08:48,467 - Agent - INFO - [37mVal Epoch 6 step 6 with [31mce_loss_combined : 1.195939 [31mtotal : 1.195939 [94mAcc_combined: 68.11 [94mAcc_c: 59.11 [94mAcc_g: 59.23 [95mCEU_cue_audio: 0.3653 [95mCEU_cue_video: 0.8484 [95mCEU_synergy: 0.3197 [95mCEU_coexistence: 0.9113 
2025-11-09 13:12:27,728 - Agent - INFO - [37mVal Epoch 7 step 7 with [31mce_loss_combined : 1.143377 [31mtotal : 1.143377 [94mAcc_combined: 69.48 [94mAcc_c: 62.19 [94mAcc_g: 56.61 [95mCEU_cue_audio: 0.4429 [95mCEU_cue_video: 0.8484 [95mCEU_synergy: 0.3031 [95mCEU_coexistence: 0.9032 
2025-11-09 13:16:13,742 - Agent - INFO - [37mVal Epoch 8 step 8 with [31mce_loss_combined : 1.137554 [31mtotal : 1.137554 [94mAcc_combined: 68.91 [94mAcc_c: 60.59 [94mAcc_g: 57.52 [95mCEU_cue_audio: 0.3881 [95mCEU_cue_video: 0.8606 [95mCEU_synergy: 0.3031 [95mCEU_coexistence: 0.9167 
2025-11-09 13:19:54,746 - Agent - INFO - [37mVal Epoch 9 step 9 with [31mce_loss_combined : 1.221601 [31mtotal : 1.221601 [94mAcc_combined: 68.68 [94mAcc_c: 58.54 [94mAcc_g: 57.86 [95mCEU_cue_audio: 0.3653 [95mCEU_cue_video: 0.8302 [95mCEU_synergy: 0.3115 [95mCEU_coexistence: 0.9356 
2025-11-09 13:23:36,576 - Agent - INFO - [37mVal Epoch 10 step 10 with [31mce_loss_combined : 1.209960 [31mtotal : 1.209960 [94mAcc_combined: 68.79 [94mAcc_c: 58.88 [94mAcc_g: 56.61 [95mCEU_cue_audio: 0.3881 [95mCEU_cue_video: 0.8121 [95mCEU_synergy: 0.3115 [95mCEU_coexistence: 0.9327 
2025-11-09 13:27:19,318 - Agent - INFO - [37mVal Epoch 11 step 11 with [31mce_loss_combined : 1.350019 [31mtotal : 1.350019 [94mAcc_combined: 66.74 [94mAcc_c: 58.43 [94mAcc_g: 56.95 [95mCEU_cue_audio: 0.3471 [95mCEU_cue_video: 0.8244 [95mCEU_synergy: 0.3115 [95mCEU_coexistence: 0.9032 
2025-11-09 13:31:02,480 - Agent - INFO - [37mVal Epoch 12 step 12 with [31mce_loss_combined : 1.379987 [31mtotal : 1.379987 [94mAcc_combined: 67.54 [94mAcc_c: 59.57 [94mAcc_g: 57.97 [95mCEU_cue_audio: 0.3424 [95mCEU_cue_video: 0.8425 [95mCEU_synergy: 0.3607 [95mCEU_coexistence: 0.9006 
2025-11-09 13:34:46,627 - Agent - INFO - [37mVal Epoch 13 step 13 with [31mce_loss_combined : 1.330138 [31mtotal : 1.330138 [94mAcc_combined: 68.56 [94mAcc_c: 59.00 [94mAcc_g: 57.63 [95mCEU_cue_audio: 0.3607 [95mCEU_cue_video: 0.8728 [95mCEU_synergy: 0.3115 [95mCEU_coexistence: 0.9167 
2025-11-09 13:38:29,950 - Agent - INFO - [37mVal Epoch 14 step 14 with [31mce_loss_combined : 1.215050 [31mtotal : 1.215050 [94mAcc_combined: 70.73 [94mAcc_c: 60.14 [94mAcc_g: 56.49 [95mCEU_cue_audio: 0.4293 [95mCEU_cue_video: 0.8425 [95mCEU_synergy: 0.2952 [95mCEU_coexistence: 0.9462 
2025-11-09 13:38:29,964 - Agent - INFO - [37mTest Epoch 14 step 14 with [31mce_loss_combined : 1.641898 [31mtotal : 1.641898 [94mAcc_combined: 63.85 [94mAcc_c: 54.51 [94mAcc_g: 51.72 
2025-11-09 13:38:30,725 - Agent - INFO - [37mModels has saved successfully in /esat/smcdata/users/kkontras/Image_Dataset/no_backup/data/2025_data/synergy/Synprom_IB_fold0_l5_contrcoeff0_perturbgennoise_lr0.0001_wd0.0001_clsmlp_pre.pth.tar
2025-11-09 13:42:13,577 - Agent - INFO - [37mVal Epoch 15 step 15 with [31mce_loss_combined : 1.258814 [31mtotal : 1.258814 [94mAcc_combined: 70.27 [94mAcc_c: 60.48 [94mAcc_g: 57.18 [95mCEU_cue_audio: 0.3974 [95mCEU_cue_video: 0.8665 [95mCEU_synergy: 0.3115 [95mCEU_coexistence: 0.9382 
2025-11-09 13:45:57,572 - Agent - INFO - [37mVal Epoch 16 step 16 with [31mce_loss_combined : 1.387716 [31mtotal : 1.387716 [94mAcc_combined: 67.08 [94mAcc_c: 60.59 [94mAcc_g: 54.90 [95mCEU_cue_audio: 0.3974 [95mCEU_cue_video: 0.7999 [95mCEU_synergy: 0.3360 [95mCEU_coexistence: 0.8844 
2025-11-09 13:49:39,332 - Agent - INFO - [37mVal Epoch 17 step 17 with [31mce_loss_combined : 1.499090 [31mtotal : 1.499090 [94mAcc_combined: 67.43 [94mAcc_c: 58.31 [94mAcc_g: 56.26 [95mCEU_cue_audio: 0.3745 [95mCEU_cue_video: 0.8302 [95mCEU_synergy: 0.3360 [95mCEU_coexistence: 0.8924 
2025-11-09 13:53:20,179 - Agent - INFO - [37mVal Epoch 18 step 18 with [31mce_loss_combined : 1.198902 [31mtotal : 1.198902 [94mAcc_combined: 71.98 [94mAcc_c: 60.02 [94mAcc_g: 57.18 [95mCEU_cue_audio: 0.4521 [95mCEU_cue_video: 0.8606 [95mCEU_synergy: 0.3360 [95mCEU_coexistence: 0.9408 
2025-11-09 13:53:20,193 - Agent - INFO - [37mTest Epoch 18 step 18 with [31mce_loss_combined : 1.699802 [31mtotal : 1.699802 [94mAcc_combined: 61.74 [94mAcc_c: 56.95 [94mAcc_g: 50.72 
2025-11-09 13:53:21,095 - Agent - INFO - [37mModels has saved successfully in /esat/smcdata/users/kkontras/Image_Dataset/no_backup/data/2025_data/synergy/Synprom_IB_fold0_l5_contrcoeff0_perturbgennoise_lr0.0001_wd0.0001_clsmlp_pre.pth.tar
2025-11-09 13:57:03,442 - Agent - INFO - [37mVal Epoch 19 step 19 with [31mce_loss_combined : 1.293547 [31mtotal : 1.293547 [94mAcc_combined: 69.02 [94mAcc_c: 56.04 [94mAcc_g: 56.04 [95mCEU_cue_audio: 0.4246 [95mCEU_cue_video: 0.8362 [95mCEU_synergy: 0.2871 [95mCEU_coexistence: 0.9141 
2025-11-09 14:00:47,990 - Agent - INFO - [37mVal Epoch 20 step 20 with [31mce_loss_combined : 1.294257 [31mtotal : 1.294257 [94mAcc_combined: 70.05 [94mAcc_c: 58.66 [94mAcc_g: 56.61 [95mCEU_cue_audio: 0.4611 [95mCEU_cue_video: 0.8302 [95mCEU_synergy: 0.3360 [95mCEU_coexistence: 0.9032 
2025-11-09 14:04:32,224 - Agent - INFO - [37mVal Epoch 21 step 21 with [31mce_loss_combined : 1.302971 [31mtotal : 1.302971 [94mAcc_combined: 68.11 [94mAcc_c: 55.81 [94mAcc_g: 55.92 [95mCEU_cue_audio: 0.4521 [95mCEU_cue_video: 0.7759 [95mCEU_synergy: 0.3360 [95mCEU_coexistence: 0.8872 
2025-11-09 14:08:13,884 - Agent - INFO - [37mVal Epoch 22 step 22 with [31mce_loss_combined : 1.328775 [31mtotal : 1.328775 [94mAcc_combined: 70.27 [94mAcc_c: 60.14 [94mAcc_g: 55.92 [95mCEU_cue_audio: 0.4749 [95mCEU_cue_video: 0.8425 [95mCEU_synergy: 0.3607 [95mCEU_coexistence: 0.8872 
2025-11-09 14:12:00,070 - Agent - INFO - [37mVal Epoch 23 step 23 with [31mce_loss_combined : 1.268433 [31mtotal : 1.268433 [94mAcc_combined: 70.96 [94mAcc_c: 60.48 [94mAcc_g: 56.04 [95mCEU_cue_audio: 0.4796 [95mCEU_cue_video: 0.8547 [95mCEU_synergy: 0.2952 [95mCEU_coexistence: 0.9167 
2025-11-09 14:15:43,831 - Agent - INFO - [37mVal Epoch 24 step 24 with [31mce_loss_combined : 1.338391 [31mtotal : 1.338391 [94mAcc_combined: 68.00 [94mAcc_c: 58.20 [94mAcc_g: 55.47 [95mCEU_cue_audio: 0.4110 [95mCEU_cue_video: 0.8362 [95mCEU_synergy: 0.3360 [95mCEU_coexistence: 0.8818 
2025-11-09 14:19:25,813 - Agent - INFO - [37mVal Epoch 25 step 25 with [31mce_loss_combined : 1.112291 [31mtotal : 1.112291 [94mAcc_combined: 73.69 [94mAcc_c: 59.34 [94mAcc_g: 55.13 [95mCEU_cue_audio: 0.4932 [95mCEU_cue_video: 0.8787 [95mCEU_synergy: 0.2871 [95mCEU_coexistence: 0.9651 
2025-11-09 14:19:25,830 - Agent - INFO - [37mTest Epoch 25 step 25 with [31mce_loss_combined : 1.608607 [31mtotal : 1.608607 [94mAcc_combined: 63.74 [94mAcc_c: 53.84 [94mAcc_g: 49.61 
2025-11-09 14:19:26,647 - Agent - INFO - [37mModels has saved successfully in /esat/smcdata/users/kkontras/Image_Dataset/no_backup/data/2025_data/synergy/Synprom_IB_fold0_l5_contrcoeff0_perturbgennoise_lr0.0001_wd0.0001_clsmlp_pre.pth.tar
2025-11-09 14:23:10,661 - Agent - INFO - [37mVal Epoch 26 step 26 with [31mce_loss_combined : 1.219898 [31mtotal : 1.219898 [94mAcc_combined: 70.84 [94mAcc_c: 55.58 [94mAcc_g: 52.85 [95mCEU_cue_audio: 0.5068 [95mCEU_cue_video: 0.8302 [95mCEU_synergy: 0.2705 [95mCEU_coexistence: 0.9167 
2025-11-09 14:26:55,584 - Agent - INFO - [37mVal Epoch 27 step 27 with [31mce_loss_combined : 1.263660 [31mtotal : 1.263660 [94mAcc_combined: 72.55 [94mAcc_c: 60.25 [94mAcc_g: 53.19 [95mCEU_cue_audio: 0.5251 [95mCEU_cue_video: 0.8181 [95mCEU_synergy: 0.3281 [95mCEU_coexistence: 0.9327 
2025-11-09 14:30:36,360 - Agent - INFO - [37mVal Epoch 28 step 28 with [31mce_loss_combined : 1.215470 [31mtotal : 1.215470 [94mAcc_combined: 72.55 [94mAcc_c: 59.11 [94mAcc_g: 57.52 [95mCEU_cue_audio: 0.4293 [95mCEU_cue_video: 0.8909 [95mCEU_synergy: 0.3115 [95mCEU_coexistence: 0.9625 
2025-11-09 14:34:19,591 - Agent - INFO - [37mVal Epoch 29 step 29 with [31mce_loss_combined : 1.209360 [31mtotal : 1.209360 [94mAcc_combined: 71.75 [94mAcc_c: 58.09 [94mAcc_g: 55.01 [95mCEU_cue_audio: 0.4886 [95mCEU_cue_video: 0.8547 [95mCEU_synergy: 0.3115 [95mCEU_coexistence: 0.9247 
2025-11-09 14:38:01,619 - Agent - INFO - [37mVal Epoch 30 step 30 with [31mce_loss_combined : 1.166952 [31mtotal : 1.166952 [94mAcc_combined: 72.32 [94mAcc_c: 59.23 [94mAcc_g: 53.42 [95mCEU_cue_audio: 0.5068 [95mCEU_cue_video: 0.8425 [95mCEU_synergy: 0.2871 [95mCEU_coexistence: 0.9408 
2025-11-09 14:41:42,797 - Agent - INFO - [37mVal Epoch 31 step 31 with [31mce_loss_combined : 1.161044 [31mtotal : 1.161044 [94mAcc_combined: 72.10 [94mAcc_c: 58.88 [94mAcc_g: 57.29 [95mCEU_cue_audio: 0.4475 [95mCEU_cue_video: 0.8728 [95mCEU_synergy: 0.3031 [95mCEU_coexistence: 0.9516 
2025-11-09 14:45:25,255 - Agent - INFO - [37mVal Epoch 32 step 32 with [31mce_loss_combined : 1.172270 [31mtotal : 1.172270 [94mAcc_combined: 71.98 [94mAcc_c: 58.54 [94mAcc_g: 53.76 [95mCEU_cue_audio: 0.5160 [95mCEU_cue_video: 0.8121 [95mCEU_synergy: 0.3197 [95mCEU_coexistence: 0.9301 
2025-11-09 14:49:09,245 - Agent - INFO - [37mVal Epoch 33 step 33 with [31mce_loss_combined : 1.397500 [31mtotal : 1.397500 [94mAcc_combined: 70.39 [94mAcc_c: 59.45 [94mAcc_g: 53.19 [95mCEU_cue_audio: 0.4840 [95mCEU_cue_video: 0.7940 [95mCEU_synergy: 0.3360 [95mCEU_coexistence: 0.9141 
2025-11-09 14:52:57,630 - Agent - INFO - [37mVal Epoch 34 step 34 with [31mce_loss_combined : 1.344690 [31mtotal : 1.344690 [94mAcc_combined: 69.25 [94mAcc_c: 56.49 [94mAcc_g: 52.39 [95mCEU_cue_audio: 0.4521 [95mCEU_cue_video: 0.7818 [95mCEU_synergy: 0.3852 [95mCEU_coexistence: 0.8952 
2025-11-09 14:56:41,844 - Agent - INFO - [37mVal Epoch 35 step 35 with [31mce_loss_combined : 1.181741 [31mtotal : 1.181741 [94mAcc_combined: 66.97 [94mAcc_c: 57.74 [94mAcc_g: 53.87 [95mCEU_cue_audio: 0.3471 [95mCEU_cue_video: 0.8181 [95mCEU_synergy: 0.3281 [95mCEU_coexistence: 0.9058 
2025-11-09 15:00:28,018 - Agent - INFO - [37mVal Epoch 36 step 36 with [31mce_loss_combined : 1.735754 [31mtotal : 1.735754 [94mAcc_combined: 67.08 [94mAcc_c: 56.61 [94mAcc_g: 52.85 [95mCEU_cue_audio: 0.4567 [95mCEU_cue_video: 0.7696 [95mCEU_synergy: 0.3115 [95mCEU_coexistence: 0.8709 
2025-11-09 15:04:11,480 - Agent - INFO - [37mVal Epoch 37 step 37 with [31mce_loss_combined : 1.268526 [31mtotal : 1.268526 [94mAcc_combined: 68.45 [94mAcc_c: 54.21 [94mAcc_g: 57.52 [95mCEU_cue_audio: 0.3745 [95mCEU_cue_video: 0.8665 [95mCEU_synergy: 0.2952 [95mCEU_coexistence: 0.9141 
2025-11-09 15:07:54,333 - Agent - INFO - [37mVal Epoch 38 step 38 with [31mce_loss_combined : 1.515114 [31mtotal : 1.515114 [94mAcc_combined: 70.39 [94mAcc_c: 59.11 [94mAcc_g: 56.15 [95mCEU_cue_audio: 0.4521 [95mCEU_cue_video: 0.8425 [95mCEU_synergy: 0.3197 [95mCEU_coexistence: 0.9167 
2025-11-09 15:11:38,836 - Agent - INFO - [37mVal Epoch 39 step 39 with [31mce_loss_combined : 1.427827 [31mtotal : 1.427827 [94mAcc_combined: 68.45 [94mAcc_c: 56.61 [94mAcc_g: 53.30 [95mCEU_cue_audio: 0.4018 [95mCEU_cue_video: 0.8181 [95mCEU_synergy: 0.3525 [95mCEU_coexistence: 0.9006 
2025-11-09 15:15:22,220 - Agent - INFO - [37mVal Epoch 40 step 40 with [31mce_loss_combined : 1.578717 [31mtotal : 1.578717 [94mAcc_combined: 68.68 [94mAcc_c: 55.81 [94mAcc_g: 56.15 [95mCEU_cue_audio: 0.3925 [95mCEU_cue_video: 0.8425 [95mCEU_synergy: 0.2871 [95mCEU_coexistence: 0.9221 
2025-11-09 15:19:09,686 - Agent - INFO - [37mVal Epoch 41 step 41 with [31mce_loss_combined : 1.400685 [31mtotal : 1.400685 [94mAcc_combined: 70.27 [94mAcc_c: 55.35 [94mAcc_g: 54.78 [95mCEU_cue_audio: 0.4293 [95mCEU_cue_video: 0.8547 [95mCEU_synergy: 0.3031 [95mCEU_coexistence: 0.9273 
2025-11-09 15:22:56,740 - Agent - INFO - [37mVal Epoch 42 step 42 with [31mce_loss_combined : 1.226887 [31mtotal : 1.226887 [94mAcc_combined: 72.55 [94mAcc_c: 58.88 [94mAcc_g: 52.39 [95mCEU_cue_audio: 0.5024 [95mCEU_cue_video: 0.8547 [95mCEU_synergy: 0.2376 [95mCEU_coexistence: 0.9596 
2025-11-09 15:26:44,680 - Agent - INFO - [37mVal Epoch 43 step 43 with [31mce_loss_combined : 1.322071 [31mtotal : 1.322071 [94mAcc_combined: 71.18 [94mAcc_c: 55.81 [94mAcc_g: 50.57 [95mCEU_cue_audio: 0.4475 [95mCEU_cue_video: 0.8665 [95mCEU_synergy: 0.3031 [95mCEU_coexistence: 0.9327 
2025-11-09 15:30:27,272 - Agent - INFO - [37mVal Epoch 44 step 44 with [31mce_loss_combined : 1.328406 [31mtotal : 1.328406 [94mAcc_combined: 71.53 [94mAcc_c: 57.40 [94mAcc_g: 50.00 [95mCEU_cue_audio: 0.4703 [95mCEU_cue_video: 0.8244 [95mCEU_synergy: 0.3115 [95mCEU_coexistence: 0.9436 
2025-11-09 15:30:28,076 - Agent - INFO - We are in the final state.
2025-11-09 15:30:28,756 - root - INFO - Loaded best model from /esat/smcdata/users/kkontras/Image_Dataset/no_backup/data/2025_data/synergy/Synprom_IB_fold0_l5_contrcoeff0_perturbgennoise_lr0.0001_wd0.0001_clsmlp_pre.pth.tar
2025-11-09 15:30:43,174 - Agent - INFO - [37mVal Epoch 44 step 0 with [31mce_loss_combined : 1.112291 [31mtotal : 1.112291 [94mAcc_combined: 73.69 [94mAcc_c: 59.34 [94mAcc_g: 55.13 [95mCEU_cue_audio: 0.4932 [95mCEU_cue_video: 0.8787 [95mCEU_synergy: 0.2871 [95mCEU_coexistence: 0.9651 
2025-11-09 15:30:58,152 - Agent - INFO - [37mTest Epoch 44 step 0 with [31mce_loss_combined : 1.608607 [31mtotal : 1.608607 [94mAcc_combined: 63.74 [94mAcc_c: 53.84 [94mAcc_g: 49.61 
2025-11-09 15:30:59,688 - Agent - INFO - [37mModels has saved successfully in /esat/smcdata/users/kkontras/Image_Dataset/no_backup/data/2025_data/synergy/Synprom_IB_fold0_l5_contrcoeff0_perturbgennoise_lr0.0001_wd0.0001_clsmlp_pre.pth.tar
Job finished
