Starting Job
/esat/smcdata/users/kkontras/Image_Dataset/no_backup/git/Synergy/train.py
/esat/smcdata/users/kkontras/Image_Dataset/no_backup/envs/balance_env/bin/python
Python 3.9.18
/esat/smcdata/users/kkontras/Image_Dataset/no_backup/git/Synergy
We have 1 GPU
/esat/smcdata/users/kkontras/Image_Dataset/no_backup/git/Synergy/train.py
config-./configs/CREMA_D/synergy/nov/synprom_ib.json
Executing command: accelerate launch /esat/smcdata/users/kkontras/Image_Dataset/no_backup/git/Synergy/train.py --config ./configs/CREMA_D/synergy/nov/synprom_ib.json --default_config ./configs/CREMA_D/default_config_cremad_res_syn.json --fold 1 --pre  --l 5 --contrcoeff 0 --lr 0.0001 --wd 0.0001 --cls mlp --perturb gennoise
Namespace(config='./configs/CREMA_D/synergy/nov/synprom_ib.json', default_config='./configs/CREMA_D/default_config_cremad_res_syn.json', fold='1', alpha=None, tanh_mode=None, tanh_mode_beta=None, regby=None, clip=None, batch_size=None, l='5', multil=None, l_diffsq=None, lib=None, ratio_us=None, ratio_snr=None, kmepoch=None, num_samples=None, pow=None, nstep=None, contrcoeff='0', kde_coeff=None, etube=None, temperature=None, contr_type=None, shuffle_type=None, validate_with=None, transform_type=None, trasform_before=None, num_classes=None, base_alpha=None, alpha_var=None, base_beta=None, beta_var=None, optim_method=None, ilr_c=None, ilr_g=None, mmcosine_scaling=None, ending_epoch=None, load_ongoing=None, commonlayers=None, recon_weight1=None, recon_weight2=None, recon_epochstages=None, recon_ensemblestages=None, lr='0.0001', wd='0.0001', mm=None, cls='mlp', perturb='gennoise', pre=True, frozen=False, tdqm_disable=False, start_over=False)
2025-11-09 12:49:11,946 - Config - INFO - ./configs/CREMA_D/synergy/nov/synprom_ib.json
2025-11-09 12:49:11,950 - Config - INFO -  THE Configuration of your experiment ..
{'agent': 'Agent',
 'dataset': {'data_roots': '/esat/smcdata/users/kkontras/Image_Dataset/no_backup/CremaD/CREMA-D',
             'data_split': {'fold': 0, 'method': 'non_inclusive'},
             'dataloader_class': 'CramedD_Dataloader',
             'fps': 1,
             'norm': False,
             'norm_face_path': './mydatasets/CREMAD/norm_face_path_fold{}.pkl',
             'norm_wav_path': './mydatasets/CREMAD/wav_norm_16000_fold{}.pkl',
             'num_frame': 3,
             'return_data': {'audio': False,
                             'face': False,
                             'spectrogram': True,
                             'video': True},
             'sampling_rate': 22050},
 'early_stopping': {'end_of_epoch_check': True,
                    'log_interval': 10,
                    'max_epoch': 1500,
                    'n_steps_stop': 20,
                    'n_steps_stop_after': 0,
                    'save_every_step': 3000,
                    'save_every_valstep': 10,
                    'validate_after': 0,
                    'validate_every': 25,
                    'validate_with': 'accuracy'},
 'exp_name': 'CREMAD Experiment',
 'model': {'args': {'bias_infusion': {'ending_epoch': 1500,
                                      'l': 0.1,
                                      'method': 'false',
                                      'plot': False,
                                      'starting_epoch': 0,
                                      'use': True},
                    'clip_grad': False,
                    'cls_type': 'linear',
                    'd_model': 512,
                    'dropout': 0.1,
                    'fc_inner': 64,
                    'multi_loss': {'multi_supervised_w': {'c': 0,
                                                          'combined': 1,
                                                          'g': 0}},
                    'num_classes': 6},
           'encoders': [{'args': {'d_model': 512,
                                  'dropout': 0.1,
                                  'fc_inner': 64,
                                  'freeze_encoder': False,
                                  'num_classes': 6},
                         'model': 'Audio_ResNet',
                         'pretrainedEncoder': {'dir': 'unimodal_audio_fold{}_lr0.001_wd0.0001.pth.tar',
                                               'use': False}},
                        {'args': {'d_model': 512,
                                  'dropout': 0.1,
                                  'fc_inner': 64,
                                  'freeze_encoder': False,
                                  'num_classes': 6},
                         'model': 'Video_ResNet',
                         'pretrainedEncoder': {'dir': 'unimodal_video_fold{}_lr0.001_wd0.0001.pth.tar',
                                               'use': False}}],
           'load_ongoing': False,
           'model_class': 'Fusion_Synprom_IB',
           'save_base_dir': '/esat/smcdata/users/kkontras/Image_Dataset/no_backup/data/2025_data/synergy',
           'save_dir': 'Synprom_IB_{}.pth.tar'},
 'optimizer': {'beta1': 0.9,
               'beta2': 0.999,
               'learning_rate': 1e-05,
               'momentum': 0.9,
               'type': 'Adam',
               'weight_decay': 1e-05},
 'scheduler': {'max_lr': 0.03, 'type': 'cosanneal', 'warm_up_steps': 780},
 'training_params': {'adversarial_training': {'adv_epsilon': 0.01,
                                              'use': False},
                     'async_loading': True,
                     'batch_size': 32,
                     'cuda': True,
                     'data_loader_workers': 8,
                     'gpu_device': [0],
                     'pin_memory': False,
                     'rec_test': True,
                     'res': True,
                     'seed': 109,
                     'tdqm_disable': False,
                     'test_batch_size': 32,
                     'test_on_bottoms': False,
                     'use_test_set': True,
                     'validation': True,
                     'verbose': True,
                     'wandb_disable': False}}
2025-11-09 12:49:11,952 - Config - INFO -  *************************************** 
2025-11-09 12:49:11,952 - Config - INFO - The experiment name is CREMAD Experiment
2025-11-09 12:49:11,952 - Config - INFO -  *************************************** 
2025-11-09 12:49:11,952 - root - INFO - save_dir: Synprom_IB_fold1_l5_contrcoeff0_perturbgennoise_lr0.0001_wd0.0001_clsmlp_pre.pth.tar
2025-11-09 12:49:12,509 - Cuda Statistics - INFO - __Python VERSION:  3.9.18 (main, Sep 11 2023, 13:41:44) 
[GCC 11.2.0]
2025-11-09 12:49:12,509 - Cuda Statistics - INFO - __pyTorch VERSION:  2.0.1+cu118
2025-11-09 12:49:12,510 - Cuda Statistics - INFO - __CUDA VERSION
2025-11-09 12:49:12,512 - Cuda Statistics - INFO - __CUDNN VERSION:  8700
2025-11-09 12:49:12,541 - Cuda Statistics - INFO - __Number CUDA Devices:  1
2025-11-09 12:49:12,541 - Cuda Statistics - INFO - __Devices
2025-11-09 12:49:12,541 - Cuda Statistics - INFO - index, name, driver_version, memory.total [MiB], memory.used [MiB], memory.free [MiB]
2025-11-09 12:49:12,541 - Cuda Statistics - INFO - 0, NVIDIA A100-SXM4-80GB, 580.95.05, 81920 MiB, 4 MiB, 81150 MiB
2025-11-09 12:49:12,545 - Cuda Statistics - INFO - Active CUDA Device: GPU 0
2025-11-09 12:49:12,545 - Cuda Statistics - INFO - Available devices  1
2025-11-09 12:49:12,545 - Cuda Statistics - INFO - Current cuda device  0
This path does not exist /esat/smcdata/users/kkontras/Image_Dataset/no_backup/CremaD/CREMA-D/AudioWAV/1076_MTI_SAD_XX.wav or /esat/smcdata/users/kkontras/Image_Dataset/no_backup/CremaD/CREMA-D/Image-01-FPS/1076_MTI_SAD_XX or /esat/smcdata/users/kkontras/Image_Dataset/no_backup/CremaD/CREMA-D/Face_features/1076_MTI_SAD_XX.npy
2025-11-09 12:49:14,206 - root - INFO - Loaded wav norm from ./mydatasets/CREMAD/wav_norm_16000_fold1.pkl
2025-11-09 12:49:14,213 - root - INFO - Norm values are {'mean': tensor(-2.6751e-05), 'std': tensor(0.0610), 'max_duration': 5.005}
2025-11-09 12:49:14,600 - root - INFO - Loaded wav norm from ./mydatasets/CREMAD/wav_norm_16000_fold1.pkl
2025-11-09 12:49:14,602 - root - INFO - Norm values are {'mean': tensor(-2.6751e-05), 'std': tensor(0.0610), 'max_duration': 5.005}
2025-11-09 12:49:15,031 - root - INFO - Loaded wav norm from ./mydatasets/CREMAD/wav_norm_16000_fold1.pkl
2025-11-09 12:49:15,032 - root - INFO - Norm values are {'mean': tensor(-2.6751e-05), 'std': tensor(0.0610), 'max_duration': 5.005}
Available cores 8
We are changing dataloader workers to num of cores 0
2025-11-09 12:49:15,035 - Agent - INFO - Device: cuda:0
2025-11-09 12:49:15,035 - Agent - INFO - Total training batches: 126, validate every 25 batches, steps per epoch: 6
2025-11-09 12:49:19,795 - Agent - INFO - Loss Weights are {'total': 1, 'combined': 1, 'c': 0, 'g': 0}
2025-11-09 12:49:20,274 - root - INFO - Loading enc best model state dict from /esat/smcdata/users/kkontras/Image_Dataset/no_backup/data/2025_data/synergy/unimodal_audio_fold1_lr0.001_wd0.0001.pth.tar
Replacing module
2025-11-09 12:49:20,702 - root - INFO - Loading enc best model state dict from /esat/smcdata/users/kkontras/Image_Dataset/no_backup/data/2025_data/synergy/unimodal_video_fold1_lr0.001_wd0.0001.pth.tar
Replacing module
2025-11-09 12:49:20,794 - Agent - INFO - Total number of trainable parameters are: 23483032
2025-11-09 12:49:20,802 - Agent - INFO - Total number of trainable parameters are: 23483032
2025-11-09 12:52:56,580 - Agent - INFO - [37mVal Epoch 1 step 1 with [31mce_loss_combined : 1.327582 [31mtotal : 1.327582 [94mAcc_combined: 66.97 [94mAcc_c: 62.66 [94mAcc_g: 52.78 [95mCEU_cue_audio: 0.5966 [95mCEU_cue_video: 0.6774 [95mCEU_synergy: 0.2205 [95mCEU_coexistence: 0.9270 
2025-11-09 12:52:56,636 - Agent - INFO - [37mTest Epoch 1 step 1 with [31mce_loss_combined : 1.319669 [31mtotal : 1.319669 [94mAcc_combined: 70.16 [94mAcc_c: 62.62 [94mAcc_g: 58.14 
2025-11-09 12:52:57,431 - Agent - INFO - [37mModels has saved successfully in /esat/smcdata/users/kkontras/Image_Dataset/no_backup/data/2025_data/synergy/Synprom_IB_fold1_l5_contrcoeff0_perturbgennoise_lr0.0001_wd0.0001_clsmlp_pre.pth.tar
2025-11-09 12:56:38,924 - Agent - INFO - [37mVal Epoch 2 step 2 with [31mce_loss_combined : 0.989458 [31mtotal : 0.989458 [94mAcc_combined: 67.65 [94mAcc_c: 58.46 [94mAcc_g: 50.74 [95mCEU_cue_audio: 0.4957 [95mCEU_cue_video: 0.8252 [95mCEU_synergy: 0.2412 [95mCEU_coexistence: 0.9270 
2025-11-09 12:56:38,938 - Agent - INFO - [37mTest Epoch 2 step 2 with [31mce_loss_combined : 0.948888 [31mtotal : 0.948888 [94mAcc_combined: 72.46 [94mAcc_c: 62.40 [94mAcc_g: 58.36 
2025-11-09 12:56:39,562 - Agent - INFO - [37mModels has saved successfully in /esat/smcdata/users/kkontras/Image_Dataset/no_backup/data/2025_data/synergy/Synprom_IB_fold1_l5_contrcoeff0_perturbgennoise_lr0.0001_wd0.0001_clsmlp_pre.pth.tar
2025-11-09 13:00:13,141 - Agent - INFO - [37mVal Epoch 3 step 3 with [31mce_loss_combined : 1.080339 [31mtotal : 1.080339 [94mAcc_combined: 63.34 [94mAcc_c: 60.50 [94mAcc_g: 50.74 [95mCEU_cue_audio: 0.3908 [95mCEU_cue_video: 0.7978 [95mCEU_synergy: 0.2072 [95mCEU_coexistence: 0.9175 
2025-11-09 13:03:45,117 - Agent - INFO - [37mVal Epoch 4 step 4 with [31mce_loss_combined : 1.131761 [31mtotal : 1.131761 [94mAcc_combined: 63.90 [94mAcc_c: 56.98 [94mAcc_g: 54.03 [95mCEU_cue_audio: 0.3782 [95mCEU_cue_video: 0.8359 [95mCEU_synergy: 0.1999 [95mCEU_coexistence: 0.9239 
2025-11-09 13:07:22,030 - Agent - INFO - [37mVal Epoch 5 step 5 with [31mce_loss_combined : 1.112517 [31mtotal : 1.112517 [94mAcc_combined: 64.25 [94mAcc_c: 57.89 [94mAcc_g: 53.23 [95mCEU_cue_audio: 0.3949 [95mCEU_cue_video: 0.8359 [95mCEU_synergy: 0.1932 [95mCEU_coexistence: 0.9239 
2025-11-09 13:11:02,166 - Agent - INFO - [37mVal Epoch 6 step 6 with [31mce_loss_combined : 1.491222 [31mtotal : 1.491222 [94mAcc_combined: 58.46 [94mAcc_c: 56.19 [94mAcc_g: 50.40 [95mCEU_cue_audio: 0.3151 [95mCEU_cue_video: 0.7376 [95mCEU_synergy: 0.2827 [95mCEU_coexistence: 0.8381 
2025-11-09 13:14:32,020 - Agent - INFO - [37mVal Epoch 7 step 7 with [31mce_loss_combined : 1.318478 [31mtotal : 1.318478 [94mAcc_combined: 62.20 [94mAcc_c: 54.48 [94mAcc_g: 52.44 [95mCEU_cue_audio: 0.3488 [95mCEU_cue_video: 0.7814 [95mCEU_synergy: 0.2345 [95mCEU_coexistence: 0.9144 
2025-11-09 13:18:07,514 - Agent - INFO - [37mVal Epoch 8 step 8 with [31mce_loss_combined : 1.172436 [31mtotal : 1.172436 [94mAcc_combined: 65.95 [94mAcc_c: 55.51 [94mAcc_g: 53.35 [95mCEU_cue_audio: 0.4202 [95mCEU_cue_video: 0.8195 [95mCEU_synergy: 0.2412 [95mCEU_coexistence: 0.9396 
2025-11-09 13:21:59,694 - Agent - INFO - [37mVal Epoch 9 step 9 with [31mce_loss_combined : 1.156150 [31mtotal : 1.156150 [94mAcc_combined: 65.95 [94mAcc_c: 58.80 [94mAcc_g: 53.12 [95mCEU_cue_audio: 0.4076 [95mCEU_cue_video: 0.8580 [95mCEU_synergy: 0.1860 [95mCEU_coexistence: 0.9524 
2025-11-09 13:25:39,686 - Agent - INFO - [37mVal Epoch 10 step 10 with [31mce_loss_combined : 1.261845 [31mtotal : 1.261845 [94mAcc_combined: 63.34 [94mAcc_c: 56.87 [94mAcc_g: 54.14 [95mCEU_cue_audio: 0.3908 [95mCEU_cue_video: 0.7868 [95mCEU_synergy: 0.1932 [95mCEU_coexistence: 0.9301 
2025-11-09 13:29:29,808 - Agent - INFO - [37mVal Epoch 11 step 11 with [31mce_loss_combined : 1.326871 [31mtotal : 1.326871 [94mAcc_combined: 64.59 [94mAcc_c: 52.55 [94mAcc_g: 51.76 [95mCEU_cue_audio: 0.3908 [95mCEU_cue_video: 0.8305 [95mCEU_synergy: 0.2205 [95mCEU_coexistence: 0.9270 
2025-11-09 13:33:16,726 - Agent - INFO - [37mVal Epoch 12 step 12 with [31mce_loss_combined : 1.163312 [31mtotal : 1.163312 [94mAcc_combined: 67.08 [94mAcc_c: 56.07 [94mAcc_g: 54.82 [95mCEU_cue_audio: 0.4202 [95mCEU_cue_video: 0.8305 [95mCEU_synergy: 0.2618 [95mCEU_coexistence: 0.9555 
2025-11-09 13:37:03,388 - Agent - INFO - [37mVal Epoch 13 step 13 with [31mce_loss_combined : 1.288695 [31mtotal : 1.288695 [94mAcc_combined: 66.63 [94mAcc_c: 56.64 [94mAcc_g: 53.12 [95mCEU_cue_audio: 0.4243 [95mCEU_cue_video: 0.8305 [95mCEU_synergy: 0.2485 [95mCEU_coexistence: 0.9460 
2025-11-09 13:40:43,444 - Agent - INFO - [37mVal Epoch 14 step 14 with [31mce_loss_combined : 1.317445 [31mtotal : 1.317445 [94mAcc_combined: 64.59 [94mAcc_c: 53.69 [94mAcc_g: 54.37 [95mCEU_cue_audio: 0.3908 [95mCEU_cue_video: 0.8032 [95mCEU_synergy: 0.2345 [95mCEU_coexistence: 0.9365 
2025-11-09 13:44:23,120 - Agent - INFO - [37mVal Epoch 15 step 15 with [31mce_loss_combined : 1.213035 [31mtotal : 1.213035 [94mAcc_combined: 67.65 [94mAcc_c: 56.41 [94mAcc_g: 53.69 [95mCEU_cue_audio: 0.4497 [95mCEU_cue_video: 0.8305 [95mCEU_synergy: 0.2485 [95mCEU_coexistence: 0.9555 
2025-11-09 13:48:07,468 - Agent - INFO - [37mVal Epoch 16 step 16 with [31mce_loss_combined : 1.272967 [31mtotal : 1.272967 [94mAcc_combined: 66.06 [94mAcc_c: 56.64 [94mAcc_g: 53.80 [95mCEU_cue_audio: 0.4117 [95mCEU_cue_video: 0.8252 [95mCEU_synergy: 0.2278 [95mCEU_coexistence: 0.9524 
2025-11-09 13:51:37,394 - Agent - INFO - [37mVal Epoch 17 step 17 with [31mce_loss_combined : 1.314829 [31mtotal : 1.314829 [94mAcc_combined: 65.95 [94mAcc_c: 52.78 [94mAcc_g: 53.23 [95mCEU_cue_audio: 0.4202 [95mCEU_cue_video: 0.8416 [95mCEU_synergy: 0.2072 [95mCEU_coexistence: 0.9429 
2025-11-09 13:55:05,477 - Agent - INFO - [37mVal Epoch 18 step 18 with [31mce_loss_combined : 1.393680 [31mtotal : 1.393680 [94mAcc_combined: 61.63 [94mAcc_c: 56.87 [94mAcc_g: 53.01 [95mCEU_cue_audio: 0.3528 [95mCEU_cue_video: 0.8089 [95mCEU_synergy: 0.1999 [95mCEU_coexistence: 0.8951 
2025-11-09 13:58:48,690 - Agent - INFO - [37mVal Epoch 19 step 19 with [31mce_loss_combined : 1.415884 [31mtotal : 1.415884 [94mAcc_combined: 63.79 [94mAcc_c: 54.03 [94mAcc_g: 52.67 [95mCEU_cue_audio: 0.3908 [95mCEU_cue_video: 0.8089 [95mCEU_synergy: 0.1999 [95mCEU_coexistence: 0.9270 
2025-11-09 14:02:29,530 - Agent - INFO - [37mVal Epoch 20 step 20 with [31mce_loss_combined : 1.460759 [31mtotal : 1.460759 [94mAcc_combined: 64.81 [94mAcc_c: 55.39 [94mAcc_g: 50.62 [95mCEU_cue_audio: 0.4076 [95mCEU_cue_video: 0.8359 [95mCEU_synergy: 0.2345 [95mCEU_coexistence: 0.9111 
2025-11-09 14:06:09,769 - Agent - INFO - [37mVal Epoch 21 step 21 with [31mce_loss_combined : 1.365534 [31mtotal : 1.365534 [94mAcc_combined: 66.17 [94mAcc_c: 55.51 [94mAcc_g: 50.74 [95mCEU_cue_audio: 0.4034 [95mCEU_cue_video: 0.8252 [95mCEU_synergy: 0.2552 [95mCEU_coexistence: 0.9491 
2025-11-09 14:06:11,206 - Agent - INFO - We are in the final state.
2025-11-09 14:06:11,456 - root - INFO - Loaded best model from /esat/smcdata/users/kkontras/Image_Dataset/no_backup/data/2025_data/synergy/Synprom_IB_fold1_l5_contrcoeff0_perturbgennoise_lr0.0001_wd0.0001_clsmlp_pre.pth.tar
2025-11-09 14:06:29,463 - Agent - INFO - [37mVal Epoch 21 step 0 with [31mce_loss_combined : 0.989458 [31mtotal : 0.989458 [94mAcc_combined: 67.65 [94mAcc_c: 58.46 [94mAcc_g: 50.74 [95mCEU_cue_audio: 0.4957 [95mCEU_cue_video: 0.8252 [95mCEU_synergy: 0.2412 [95mCEU_coexistence: 0.9270 
2025-11-09 14:06:45,321 - Agent - INFO - [37mTest Epoch 21 step 0 with [31mce_loss_combined : 0.948888 [31mtotal : 0.948888 [94mAcc_combined: 72.46 [94mAcc_c: 62.40 [94mAcc_g: 58.36 
2025-11-09 14:06:46,919 - Agent - INFO - [37mModels has saved successfully in /esat/smcdata/users/kkontras/Image_Dataset/no_backup/data/2025_data/synergy/Synprom_IB_fold1_l5_contrcoeff0_perturbgennoise_lr0.0001_wd0.0001_clsmlp_pre.pth.tar
Job finished
