Starting Job
/esat/smcdata/users/kkontras/Image_Dataset/no_backup/git/Synergy/train.py
/esat/smcdata/users/kkontras/Image_Dataset/no_backup/envs/balance_env/bin/python
Python 3.9.18
/esat/smcdata/users/kkontras/Image_Dataset/no_backup/git/Synergy
We have 1 GPU
/esat/smcdata/users/kkontras/Image_Dataset/no_backup/git/Synergy/train.py
config-./configs/CREMA_D/synergy/nov/synprom_ib.json
Executing command: accelerate launch /esat/smcdata/users/kkontras/Image_Dataset/no_backup/git/Synergy/train.py --config ./configs/CREMA_D/synergy/nov/synprom_ib.json --default_config ./configs/CREMA_D/default_config_cremad_res_syn.json --fold 0 --pre  --l 100 --contrcoeff 0 --lr 0.0001 --wd 0.0001 --cls mlp --perturb gennoise
Namespace(config='./configs/CREMA_D/synergy/nov/synprom_ib.json', default_config='./configs/CREMA_D/default_config_cremad_res_syn.json', fold='0', alpha=None, tanh_mode=None, tanh_mode_beta=None, regby=None, clip=None, batch_size=None, l='100', multil=None, l_diffsq=None, lib=None, ratio_us=None, ratio_snr=None, kmepoch=None, num_samples=None, pow=None, nstep=None, contrcoeff='0', kde_coeff=None, etube=None, temperature=None, contr_type=None, shuffle_type=None, validate_with=None, transform_type=None, trasform_before=None, num_classes=None, base_alpha=None, alpha_var=None, base_beta=None, beta_var=None, optim_method=None, ilr_c=None, ilr_g=None, mmcosine_scaling=None, ending_epoch=None, load_ongoing=None, commonlayers=None, recon_weight1=None, recon_weight2=None, recon_epochstages=None, recon_ensemblestages=None, lr='0.0001', wd='0.0001', mm=None, cls='mlp', perturb='gennoise', pre=True, frozen=False, tdqm_disable=False, start_over=False)
2025-11-09 14:05:26,611 - Config - INFO - ./configs/CREMA_D/synergy/nov/synprom_ib.json
2025-11-09 14:05:26,616 - Config - INFO -  THE Configuration of your experiment ..
{'agent': 'Agent',
 'dataset': {'data_roots': '/esat/smcdata/users/kkontras/Image_Dataset/no_backup/CremaD/CREMA-D',
             'data_split': {'fold': 0, 'method': 'non_inclusive'},
             'dataloader_class': 'CramedD_Dataloader',
             'fps': 1,
             'norm': False,
             'norm_face_path': './mydatasets/CREMAD/norm_face_path_fold{}.pkl',
             'norm_wav_path': './mydatasets/CREMAD/wav_norm_16000_fold{}.pkl',
             'num_frame': 3,
             'return_data': {'audio': False,
                             'face': False,
                             'spectrogram': True,
                             'video': True},
             'sampling_rate': 22050},
 'early_stopping': {'end_of_epoch_check': True,
                    'log_interval': 10,
                    'max_epoch': 1500,
                    'n_steps_stop': 20,
                    'n_steps_stop_after': 0,
                    'save_every_step': 3000,
                    'save_every_valstep': 10,
                    'validate_after': 0,
                    'validate_every': 25,
                    'validate_with': 'accuracy'},
 'exp_name': 'CREMAD Experiment',
 'model': {'args': {'bias_infusion': {'ending_epoch': 1500,
                                      'l': 0.1,
                                      'method': 'false',
                                      'plot': False,
                                      'starting_epoch': 0,
                                      'use': True},
                    'clip_grad': False,
                    'cls_type': 'linear',
                    'd_model': 512,
                    'dropout': 0.1,
                    'fc_inner': 64,
                    'multi_loss': {'multi_supervised_w': {'c': 0,
                                                          'combined': 1,
                                                          'g': 0}},
                    'num_classes': 6},
           'encoders': [{'args': {'d_model': 512,
                                  'dropout': 0.1,
                                  'fc_inner': 64,
                                  'freeze_encoder': False,
                                  'num_classes': 6},
                         'model': 'Audio_ResNet',
                         'pretrainedEncoder': {'dir': 'unimodal_audio_fold{}_lr0.001_wd0.0001.pth.tar',
                                               'use': False}},
                        {'args': {'d_model': 512,
                                  'dropout': 0.1,
                                  'fc_inner': 64,
                                  'freeze_encoder': False,
                                  'num_classes': 6},
                         'model': 'Video_ResNet',
                         'pretrainedEncoder': {'dir': 'unimodal_video_fold{}_lr0.001_wd0.0001.pth.tar',
                                               'use': False}}],
           'load_ongoing': False,
           'model_class': 'Fusion_Synprom_IB',
           'save_base_dir': '/esat/smcdata/users/kkontras/Image_Dataset/no_backup/data/2025_data/synergy',
           'save_dir': 'Synprom_IB_{}.pth.tar'},
 'optimizer': {'beta1': 0.9,
               'beta2': 0.999,
               'learning_rate': 1e-05,
               'momentum': 0.9,
               'type': 'Adam',
               'weight_decay': 1e-05},
 'scheduler': {'max_lr': 0.03, 'type': 'cosanneal', 'warm_up_steps': 780},
 'training_params': {'adversarial_training': {'adv_epsilon': 0.01,
                                              'use': False},
                     'async_loading': True,
                     'batch_size': 32,
                     'cuda': True,
                     'data_loader_workers': 8,
                     'gpu_device': [0],
                     'pin_memory': False,
                     'rec_test': True,
                     'res': True,
                     'seed': 109,
                     'tdqm_disable': False,
                     'test_batch_size': 32,
                     'test_on_bottoms': False,
                     'use_test_set': True,
                     'validation': True,
                     'verbose': True,
                     'wandb_disable': False}}
2025-11-09 14:05:26,620 - Config - INFO -  *************************************** 
2025-11-09 14:05:26,620 - Config - INFO - The experiment name is CREMAD Experiment
2025-11-09 14:05:26,620 - Config - INFO -  *************************************** 
2025-11-09 14:05:26,620 - root - INFO - save_dir: Synprom_IB_fold0_l100_contrcoeff0_perturbgennoise_lr0.0001_wd0.0001_clsmlp_pre.pth.tar
2025-11-09 14:05:26,835 - Cuda Statistics - INFO - __Python VERSION:  3.9.18 (main, Sep 11 2023, 13:41:44) 
[GCC 11.2.0]
2025-11-09 14:05:26,835 - Cuda Statistics - INFO - __pyTorch VERSION:  2.0.1+cu118
2025-11-09 14:05:26,835 - Cuda Statistics - INFO - __CUDA VERSION
2025-11-09 14:05:26,839 - Cuda Statistics - INFO - __CUDNN VERSION:  8700
2025-11-09 14:05:26,884 - Cuda Statistics - INFO - __Number CUDA Devices:  1
2025-11-09 14:05:26,884 - Cuda Statistics - INFO - __Devices
2025-11-09 14:05:26,884 - Cuda Statistics - INFO - index, name, driver_version, memory.total [MiB], memory.used [MiB], memory.free [MiB]
2025-11-09 14:05:26,884 - Cuda Statistics - INFO - 0, Tesla P100-PCIE-16GB, 580.95.05, 16384 MiB, 3 MiB, 16268 MiB
2025-11-09 14:05:26,887 - Cuda Statistics - INFO - Active CUDA Device: GPU 0
2025-11-09 14:05:26,887 - Cuda Statistics - INFO - Available devices  1
2025-11-09 14:05:26,887 - Cuda Statistics - INFO - Current cuda device  0
This path does not exist /esat/smcdata/users/kkontras/Image_Dataset/no_backup/CremaD/CREMA-D/AudioWAV/1076_MTI_SAD_XX.wav or /esat/smcdata/users/kkontras/Image_Dataset/no_backup/CremaD/CREMA-D/Image-01-FPS/1076_MTI_SAD_XX or /esat/smcdata/users/kkontras/Image_Dataset/no_backup/CremaD/CREMA-D/Face_features/1076_MTI_SAD_XX.npy
2025-11-09 14:05:29,110 - root - INFO - Loaded wav norm from ./mydatasets/CREMAD/wav_norm_16000_fold0.pkl
2025-11-09 14:05:29,117 - root - INFO - Norm values are {'mean': tensor(-2.7937e-05), 'std': tensor(0.0613), 'max_duration': 4.8715625}
2025-11-09 14:05:29,616 - root - INFO - Loaded wav norm from ./mydatasets/CREMAD/wav_norm_16000_fold0.pkl
2025-11-09 14:05:29,618 - root - INFO - Norm values are {'mean': tensor(-2.7937e-05), 'std': tensor(0.0613), 'max_duration': 4.8715625}
2025-11-09 14:05:30,132 - root - INFO - Loaded wav norm from ./mydatasets/CREMAD/wav_norm_16000_fold0.pkl
2025-11-09 14:05:30,133 - root - INFO - Norm values are {'mean': tensor(-2.7937e-05), 'std': tensor(0.0613), 'max_duration': 4.8715625}
Available cores 8
We are changing dataloader workers to num of cores 0
2025-11-09 14:05:30,139 - Agent - INFO - Device: cuda:0
2025-11-09 14:05:30,139 - Agent - INFO - Total training batches: 127, validate every 25 batches, steps per epoch: 6
2025-11-09 14:05:36,710 - Agent - INFO - Loss Weights are {'total': 1, 'combined': 1, 'c': 0, 'g': 0}
2025-11-09 14:05:37,438 - root - INFO - Loading enc best model state dict from /esat/smcdata/users/kkontras/Image_Dataset/no_backup/data/2025_data/synergy/unimodal_audio_fold0_lr0.001_wd0.0001.pth.tar
Replacing module
2025-11-09 14:05:37,836 - root - INFO - Loading enc best model state dict from /esat/smcdata/users/kkontras/Image_Dataset/no_backup/data/2025_data/synergy/unimodal_video_fold0_lr0.001_wd0.0001.pth.tar
Replacing module
2025-11-09 14:05:37,879 - Agent - INFO - Total number of trainable parameters are: 23483032
2025-11-09 14:05:38,880 - Agent - INFO - Loading checkpoint: /esat/smcdata/users/kkontras/Image_Dataset/no_backup/data/2025_data/synergy/Synprom_IB_fold0_l100_contrcoeff0_perturbgennoise_lr0.0001_wd0.0001_clsmlp_pre.pth.tar
2025-11-09 14:05:41,499 - Agent - INFO - Checkpoint loaded successfully
2025-11-09 14:05:41,499 - Agent - INFO - [37mThe best in step: 48 so far 
[31mce_loss_combined : 1.403728 [31mtotal : 1.403728 [94mAcc_combined: 69.82 [94mAcc_c: 44.08 [94mAcc_g: 49.66 [92mF1_combined: 68.12 [92mF1_c: 39.90 [92mF1_g: 44.69 [92mK_combined: 0.6356 [92mK_c: 0.3193 [92mK_g: 0.3944 
2025-11-09 14:05:41,549 - Agent - INFO - We are in the final state.
2025-11-09 14:05:41,760 - root - INFO - Loaded best model from /esat/smcdata/users/kkontras/Image_Dataset/no_backup/data/2025_data/synergy/Synprom_IB_fold0_l100_contrcoeff0_perturbgennoise_lr0.0001_wd0.0001_clsmlp_pre.pth.tar
2025-11-09 14:06:58,802 - Agent - INFO - [37mVal Epoch 67 step 0 with [31mce_loss_combined : 1.403728 [31mtotal : 1.403728 [94mAcc_combined: 69.82 [94mAcc_c: 44.08 [94mAcc_g: 49.66 [95mCEU_cue_audio: 0.3607 [95mCEU_cue_video: 0.8968 [95mCEU_synergy: 0.2621 [95mCEU_coexistence: 0.9516 
2025-11-09 14:07:23,272 - Agent - INFO - [37mTest Epoch 67 step 0 with [31mce_loss_combined : 2.187165 [31mtotal : 2.187165 [94mAcc_combined: 59.29 [94mAcc_c: 40.38 [94mAcc_g: 45.72 
2025-11-09 14:07:24,926 - Agent - INFO - [37mModels has saved successfully in /esat/smcdata/users/kkontras/Image_Dataset/no_backup/data/2025_data/synergy/Synprom_IB_fold0_l100_contrcoeff0_perturbgennoise_lr0.0001_wd0.0001_clsmlp_pre.pth.tar
Job finished
