Starting Job
/esat/smcdata/users/kkontras/Image_Dataset/no_backup/git/Synergy/train.py
/esat/smcdata/users/kkontras/Image_Dataset/no_backup/envs/balance_env/bin/python
Python 3.9.18
/esat/smcdata/users/kkontras/Image_Dataset/no_backup/git/Synergy
We have 1 GPU
/esat/smcdata/users/kkontras/Image_Dataset/no_backup/git/Synergy/train.py
config-./configs/CREMA_D/synergy/nov/synprom_ib.json
Executing command: accelerate launch /esat/smcdata/users/kkontras/Image_Dataset/no_backup/git/Synergy/train.py --config ./configs/CREMA_D/synergy/nov/synprom_ib.json --default_config ./configs/CREMA_D/default_config_cremad_res_syn.json --fold 0 --pre  --l 50 --contrcoeff 0 --lr 0.0001 --wd 0.0001 --cls mlp --perturb gennoise
Namespace(config='./configs/CREMA_D/synergy/nov/synprom_ib.json', default_config='./configs/CREMA_D/default_config_cremad_res_syn.json', fold='0', alpha=None, tanh_mode=None, tanh_mode_beta=None, regby=None, clip=None, batch_size=None, l='50', multil=None, l_diffsq=None, lib=None, ratio_us=None, ratio_snr=None, kmepoch=None, num_samples=None, pow=None, nstep=None, contrcoeff='0', kde_coeff=None, etube=None, temperature=None, contr_type=None, shuffle_type=None, validate_with=None, transform_type=None, trasform_before=None, num_classes=None, base_alpha=None, alpha_var=None, base_beta=None, beta_var=None, optim_method=None, ilr_c=None, ilr_g=None, mmcosine_scaling=None, ending_epoch=None, load_ongoing=None, commonlayers=None, recon_weight1=None, recon_weight2=None, recon_epochstages=None, recon_ensemblestages=None, lr='0.0001', wd='0.0001', mm=None, cls='mlp', perturb='gennoise', pre=True, frozen=False, tdqm_disable=False, start_over=False)
2025-11-09 13:44:11,043 - Config - INFO - ./configs/CREMA_D/synergy/nov/synprom_ib.json
2025-11-09 13:44:11,047 - Config - INFO -  THE Configuration of your experiment ..
{'agent': 'Agent',
 'dataset': {'data_roots': '/esat/smcdata/users/kkontras/Image_Dataset/no_backup/CremaD/CREMA-D',
             'data_split': {'fold': 0, 'method': 'non_inclusive'},
             'dataloader_class': 'CramedD_Dataloader',
             'fps': 1,
             'norm': False,
             'norm_face_path': './mydatasets/CREMAD/norm_face_path_fold{}.pkl',
             'norm_wav_path': './mydatasets/CREMAD/wav_norm_16000_fold{}.pkl',
             'num_frame': 3,
             'return_data': {'audio': False,
                             'face': False,
                             'spectrogram': True,
                             'video': True},
             'sampling_rate': 22050},
 'early_stopping': {'end_of_epoch_check': True,
                    'log_interval': 10,
                    'max_epoch': 1500,
                    'n_steps_stop': 20,
                    'n_steps_stop_after': 0,
                    'save_every_step': 3000,
                    'save_every_valstep': 10,
                    'validate_after': 0,
                    'validate_every': 25,
                    'validate_with': 'accuracy'},
 'exp_name': 'CREMAD Experiment',
 'model': {'args': {'bias_infusion': {'ending_epoch': 1500,
                                      'l': 0.1,
                                      'method': 'false',
                                      'plot': False,
                                      'starting_epoch': 0,
                                      'use': True},
                    'clip_grad': False,
                    'cls_type': 'linear',
                    'd_model': 512,
                    'dropout': 0.1,
                    'fc_inner': 64,
                    'multi_loss': {'multi_supervised_w': {'c': 0,
                                                          'combined': 1,
                                                          'g': 0}},
                    'num_classes': 6},
           'encoders': [{'args': {'d_model': 512,
                                  'dropout': 0.1,
                                  'fc_inner': 64,
                                  'freeze_encoder': False,
                                  'num_classes': 6},
                         'model': 'Audio_ResNet',
                         'pretrainedEncoder': {'dir': 'unimodal_audio_fold{}_lr0.001_wd0.0001.pth.tar',
                                               'use': False}},
                        {'args': {'d_model': 512,
                                  'dropout': 0.1,
                                  'fc_inner': 64,
                                  'freeze_encoder': False,
                                  'num_classes': 6},
                         'model': 'Video_ResNet',
                         'pretrainedEncoder': {'dir': 'unimodal_video_fold{}_lr0.001_wd0.0001.pth.tar',
                                               'use': False}}],
           'load_ongoing': False,
           'model_class': 'Fusion_Synprom_IB',
           'save_base_dir': '/esat/smcdata/users/kkontras/Image_Dataset/no_backup/data/2025_data/synergy',
           'save_dir': 'Synprom_IB_{}.pth.tar'},
 'optimizer': {'beta1': 0.9,
               'beta2': 0.999,
               'learning_rate': 1e-05,
               'momentum': 0.9,
               'type': 'Adam',
               'weight_decay': 1e-05},
 'scheduler': {'max_lr': 0.03, 'type': 'cosanneal', 'warm_up_steps': 780},
 'training_params': {'adversarial_training': {'adv_epsilon': 0.01,
                                              'use': False},
                     'async_loading': True,
                     'batch_size': 32,
                     'cuda': True,
                     'data_loader_workers': 8,
                     'gpu_device': [0],
                     'pin_memory': False,
                     'rec_test': True,
                     'res': True,
                     'seed': 109,
                     'tdqm_disable': False,
                     'test_batch_size': 32,
                     'test_on_bottoms': False,
                     'use_test_set': True,
                     'validation': True,
                     'verbose': True,
                     'wandb_disable': False}}
2025-11-09 13:44:11,048 - Config - INFO -  *************************************** 
2025-11-09 13:44:11,048 - Config - INFO - The experiment name is CREMAD Experiment
2025-11-09 13:44:11,048 - Config - INFO -  *************************************** 
2025-11-09 13:44:11,048 - root - INFO - save_dir: Synprom_IB_fold0_l50_contrcoeff0_perturbgennoise_lr0.0001_wd0.0001_clsmlp_pre.pth.tar
2025-11-09 13:44:11,229 - Cuda Statistics - INFO - __Python VERSION:  3.9.18 (main, Sep 11 2023, 13:41:44) 
[GCC 11.2.0]
2025-11-09 13:44:11,229 - Cuda Statistics - INFO - __pyTorch VERSION:  2.0.1+cu118
2025-11-09 13:44:11,229 - Cuda Statistics - INFO - __CUDA VERSION
2025-11-09 13:44:11,232 - Cuda Statistics - INFO - __CUDNN VERSION:  8700
2025-11-09 13:44:11,271 - Cuda Statistics - INFO - __Number CUDA Devices:  1
2025-11-09 13:44:11,271 - Cuda Statistics - INFO - __Devices
2025-11-09 13:44:11,271 - Cuda Statistics - INFO - index, name, driver_version, memory.total [MiB], memory.used [MiB], memory.free [MiB]
2025-11-09 13:44:11,271 - Cuda Statistics - INFO - 0, NVIDIA GeForce RTX 3090, 580.95.05, 24576 MiB, 4 MiB, 24121 MiB
2025-11-09 13:44:11,276 - Cuda Statistics - INFO - Active CUDA Device: GPU 0
2025-11-09 13:44:11,276 - Cuda Statistics - INFO - Available devices  1
2025-11-09 13:44:11,276 - Cuda Statistics - INFO - Current cuda device  0
This path does not exist /esat/smcdata/users/kkontras/Image_Dataset/no_backup/CremaD/CREMA-D/AudioWAV/1076_MTI_SAD_XX.wav or /esat/smcdata/users/kkontras/Image_Dataset/no_backup/CremaD/CREMA-D/Image-01-FPS/1076_MTI_SAD_XX or /esat/smcdata/users/kkontras/Image_Dataset/no_backup/CremaD/CREMA-D/Face_features/1076_MTI_SAD_XX.npy
2025-11-09 13:44:13,550 - root - INFO - Loaded wav norm from ./mydatasets/CREMAD/wav_norm_16000_fold0.pkl
2025-11-09 13:44:13,553 - root - INFO - Norm values are {'mean': tensor(-2.7937e-05), 'std': tensor(0.0613), 'max_duration': 4.8715625}
2025-11-09 13:44:14,055 - root - INFO - Loaded wav norm from ./mydatasets/CREMAD/wav_norm_16000_fold0.pkl
2025-11-09 13:44:14,055 - root - INFO - Norm values are {'mean': tensor(-2.7937e-05), 'std': tensor(0.0613), 'max_duration': 4.8715625}
2025-11-09 13:44:14,579 - root - INFO - Loaded wav norm from ./mydatasets/CREMAD/wav_norm_16000_fold0.pkl
2025-11-09 13:44:14,580 - root - INFO - Norm values are {'mean': tensor(-2.7937e-05), 'std': tensor(0.0613), 'max_duration': 4.8715625}
Available cores 8
We are changing dataloader workers to num of cores 0
2025-11-09 13:44:14,582 - Agent - INFO - Device: cuda:0
2025-11-09 13:44:14,582 - Agent - INFO - Total training batches: 127, validate every 25 batches, steps per epoch: 6
2025-11-09 13:44:18,412 - Agent - INFO - Loss Weights are {'total': 1, 'combined': 1, 'c': 0, 'g': 0}
2025-11-09 13:44:19,118 - root - INFO - Loading enc best model state dict from /esat/smcdata/users/kkontras/Image_Dataset/no_backup/data/2025_data/synergy/unimodal_audio_fold0_lr0.001_wd0.0001.pth.tar
Replacing module
2025-11-09 13:44:19,631 - root - INFO - Loading enc best model state dict from /esat/smcdata/users/kkontras/Image_Dataset/no_backup/data/2025_data/synergy/unimodal_video_fold0_lr0.001_wd0.0001.pth.tar
Replacing module
2025-11-09 13:44:19,667 - Agent - INFO - Total number of trainable parameters are: 23483032
2025-11-09 13:44:19,674 - Agent - INFO - Total number of trainable parameters are: 23483032
2025-11-09 13:47:36,011 - Agent - INFO - [37mVal Epoch 1 step 1 with [31mce_loss_combined : 1.775464 [31mtotal : 1.775464 [94mAcc_combined: 69.13 [94mAcc_c: 60.93 [94mAcc_g: 57.52 [95mCEU_cue_audio: 0.6164 [95mCEU_cue_video: 0.6000 [95mCEU_synergy: 0.1640 [95mCEU_coexistence: 0.9490 
2025-11-09 13:47:36,026 - Agent - INFO - [37mTest Epoch 1 step 1 with [31mce_loss_combined : 1.777287 [31mtotal : 1.777287 [94mAcc_combined: 60.18 [94mAcc_c: 53.73 [94mAcc_g: 50.95 
2025-11-09 13:47:36,694 - Agent - INFO - [37mModels has saved successfully in /esat/smcdata/users/kkontras/Image_Dataset/no_backup/data/2025_data/synergy/Synprom_IB_fold0_l50_contrcoeff0_perturbgennoise_lr0.0001_wd0.0001_clsmlp_pre.pth.tar
2025-11-09 13:50:53,306 - Agent - INFO - [37mVal Epoch 2 step 2 with [31mce_loss_combined : 1.764964 [31mtotal : 1.764964 [94mAcc_combined: 68.79 [94mAcc_c: 54.78 [94mAcc_g: 57.74 [95mCEU_cue_audio: 0.5068 [95mCEU_cue_video: 0.7271 [95mCEU_synergy: 0.2621 [95mCEU_coexistence: 0.9167 
2025-11-09 13:54:08,238 - Agent - INFO - [37mVal Epoch 3 step 3 with [31mce_loss_combined : 1.720391 [31mtotal : 1.720391 [94mAcc_combined: 60.14 [94mAcc_c: 52.62 [94mAcc_g: 56.61 [95mCEU_cue_audio: 0.2602 [95mCEU_cue_video: 0.7394 [95mCEU_synergy: 0.2050 [95mCEU_coexistence: 0.8709 
2025-11-09 13:57:23,275 - Agent - INFO - [37mVal Epoch 4 step 4 with [31mce_loss_combined : 1.503009 [31mtotal : 1.503009 [94mAcc_combined: 57.86 [94mAcc_c: 55.13 [94mAcc_g: 57.74 [95mCEU_cue_audio: 0.2281 [95mCEU_cue_video: 0.7334 [95mCEU_synergy: 0.1555 [95mCEU_coexistence: 0.8549 
2025-11-09 14:00:38,454 - Agent - INFO - [37mVal Epoch 5 step 5 with [31mce_loss_combined : 1.264742 [31mtotal : 1.264742 [94mAcc_combined: 56.38 [94mAcc_c: 50.91 [94mAcc_g: 57.97 [95mCEU_cue_audio: 0.1644 [95mCEU_cue_video: 0.7574 [95mCEU_synergy: 0.1230 [95mCEU_coexistence: 0.8574 
2025-11-09 14:03:54,750 - Agent - INFO - [37mVal Epoch 6 step 6 with [31mce_loss_combined : 1.204438 [31mtotal : 1.204438 [94mAcc_combined: 61.85 [94mAcc_c: 58.09 [94mAcc_g: 59.34 [95mCEU_cue_audio: 0.2374 [95mCEU_cue_video: 0.8121 [95mCEU_synergy: 0.2705 [95mCEU_coexistence: 0.8709 
2025-11-09 14:07:11,581 - Agent - INFO - [37mVal Epoch 7 step 7 with [31mce_loss_combined : 1.138759 [31mtotal : 1.138759 [94mAcc_combined: 63.90 [94mAcc_c: 57.74 [94mAcc_g: 55.01 [95mCEU_cue_audio: 0.3103 [95mCEU_cue_video: 0.7999 [95mCEU_synergy: 0.3115 [95mCEU_coexistence: 0.8683 
2025-11-09 14:10:27,185 - Agent - INFO - [37mVal Epoch 8 step 8 with [31mce_loss_combined : 1.139157 [31mtotal : 1.139157 [94mAcc_combined: 64.58 [94mAcc_c: 56.26 [94mAcc_g: 56.95 [95mCEU_cue_audio: 0.2878 [95mCEU_cue_video: 0.8484 [95mCEU_synergy: 0.2952 [95mCEU_coexistence: 0.8818 
2025-11-09 14:13:44,453 - Agent - INFO - [37mVal Epoch 9 step 9 with [31mce_loss_combined : 1.310408 [31mtotal : 1.310408 [94mAcc_combined: 63.90 [94mAcc_c: 52.05 [94mAcc_g: 57.06 [95mCEU_cue_audio: 0.2237 [95mCEU_cue_video: 0.8547 [95mCEU_synergy: 0.3115 [95mCEU_coexistence: 0.8952 
2025-11-09 14:17:01,331 - Agent - INFO - [37mVal Epoch 10 step 10 with [31mce_loss_combined : 1.314631 [31mtotal : 1.314631 [94mAcc_combined: 65.38 [94mAcc_c: 59.34 [94mAcc_g: 55.24 [95mCEU_cue_audio: 0.3103 [95mCEU_cue_video: 0.8121 [95mCEU_synergy: 0.2871 [95mCEU_coexistence: 0.9058 
2025-11-09 14:20:20,178 - Agent - INFO - [37mVal Epoch 11 step 11 with [31mce_loss_combined : 1.363580 [31mtotal : 1.363580 [94mAcc_combined: 65.49 [94mAcc_c: 59.68 [94mAcc_g: 56.38 [95mCEU_cue_audio: 0.2967 [95mCEU_cue_video: 0.8547 [95mCEU_synergy: 0.3197 [95mCEU_coexistence: 0.8872 
2025-11-09 14:23:36,601 - Agent - INFO - [37mVal Epoch 12 step 12 with [31mce_loss_combined : 1.520800 [31mtotal : 1.520800 [94mAcc_combined: 65.38 [94mAcc_c: 58.66 [94mAcc_g: 55.24 [95mCEU_cue_audio: 0.2967 [95mCEU_cue_video: 0.8547 [95mCEU_synergy: 0.3197 [95mCEU_coexistence: 0.8844 
2025-11-09 14:26:52,734 - Agent - INFO - [37mVal Epoch 13 step 13 with [31mce_loss_combined : 1.470844 [31mtotal : 1.470844 [94mAcc_combined: 67.08 [94mAcc_c: 57.29 [94mAcc_g: 55.35 [95mCEU_cue_audio: 0.3288 [95mCEU_cue_video: 0.8728 [95mCEU_synergy: 0.3281 [95mCEU_coexistence: 0.8952 
2025-11-09 14:30:08,927 - Agent - INFO - [37mVal Epoch 14 step 14 with [31mce_loss_combined : 1.292795 [31mtotal : 1.292795 [94mAcc_combined: 68.68 [94mAcc_c: 58.88 [94mAcc_g: 54.44 [95mCEU_cue_audio: 0.3516 [95mCEU_cue_video: 0.8728 [95mCEU_synergy: 0.2952 [95mCEU_coexistence: 0.9301 
2025-11-09 14:33:24,636 - Agent - INFO - [37mVal Epoch 15 step 15 with [31mce_loss_combined : 1.420781 [31mtotal : 1.420781 [94mAcc_combined: 68.22 [94mAcc_c: 59.68 [94mAcc_g: 55.13 [95mCEU_cue_audio: 0.3516 [95mCEU_cue_video: 0.8728 [95mCEU_synergy: 0.3115 [95mCEU_coexistence: 0.9141 
2025-11-09 14:36:39,401 - Agent - INFO - [37mVal Epoch 16 step 16 with [31mce_loss_combined : 1.530954 [31mtotal : 1.530954 [94mAcc_combined: 65.60 [94mAcc_c: 58.77 [94mAcc_g: 52.05 [95mCEU_cue_audio: 0.3471 [95mCEU_cue_video: 0.8063 [95mCEU_synergy: 0.3197 [95mCEU_coexistence: 0.8818 
2025-11-09 14:39:55,710 - Agent - INFO - [37mVal Epoch 17 step 17 with [31mce_loss_combined : 1.512666 [31mtotal : 1.512666 [94mAcc_combined: 67.88 [94mAcc_c: 59.34 [94mAcc_g: 56.15 [95mCEU_cue_audio: 0.3380 [95mCEU_cue_video: 0.8728 [95mCEU_synergy: 0.3607 [95mCEU_coexistence: 0.8978 
2025-11-09 14:43:11,128 - Agent - INFO - [37mVal Epoch 18 step 18 with [31mce_loss_combined : 1.397634 [31mtotal : 1.397634 [94mAcc_combined: 69.02 [94mAcc_c: 59.91 [94mAcc_g: 58.09 [95mCEU_cue_audio: 0.3103 [95mCEU_cue_video: 0.8909 [95mCEU_synergy: 0.3031 [95mCEU_coexistence: 0.9516 
2025-11-09 14:46:25,606 - Agent - INFO - [37mVal Epoch 19 step 19 with [31mce_loss_combined : 1.388333 [31mtotal : 1.388333 [94mAcc_combined: 64.81 [94mAcc_c: 55.13 [94mAcc_g: 54.21 [95mCEU_cue_audio: 0.3471 [95mCEU_cue_video: 0.7878 [95mCEU_synergy: 0.3115 [95mCEU_coexistence: 0.8737 
2025-11-09 14:49:40,346 - Agent - INFO - [37mVal Epoch 20 step 20 with [31mce_loss_combined : 1.332851 [31mtotal : 1.332851 [94mAcc_combined: 68.22 [94mAcc_c: 58.43 [94mAcc_g: 56.38 [95mCEU_cue_audio: 0.3242 [95mCEU_cue_video: 0.8728 [95mCEU_synergy: 0.2871 [95mCEU_coexistence: 0.9382 
2025-11-09 14:49:42,264 - Agent - INFO - We are in the final state.
2025-11-09 14:49:42,975 - root - INFO - Loaded best model from /esat/smcdata/users/kkontras/Image_Dataset/no_backup/data/2025_data/synergy/Synprom_IB_fold0_l50_contrcoeff0_perturbgennoise_lr0.0001_wd0.0001_clsmlp_pre.pth.tar
2025-11-09 14:49:58,146 - Agent - INFO - [37mVal Epoch 20 step 0 with [31mce_loss_combined : 1.775464 [31mtotal : 1.775464 [94mAcc_combined: 69.13 [94mAcc_c: 60.93 [94mAcc_g: 57.52 [95mCEU_cue_audio: 0.6164 [95mCEU_cue_video: 0.6000 [95mCEU_synergy: 0.1640 [95mCEU_coexistence: 0.9490 
2025-11-09 14:50:13,557 - Agent - INFO - [37mTest Epoch 20 step 0 with [31mce_loss_combined : 1.777287 [31mtotal : 1.777287 [94mAcc_combined: 60.18 [94mAcc_c: 53.73 [94mAcc_g: 50.95 
2025-11-09 14:50:14,850 - Agent - INFO - [37mModels has saved successfully in /esat/smcdata/users/kkontras/Image_Dataset/no_backup/data/2025_data/synergy/Synprom_IB_fold0_l50_contrcoeff0_perturbgennoise_lr0.0001_wd0.0001_clsmlp_pre.pth.tar
Job finished
