Starting Job
/esat/smcdata/users/kkontras/Image_Dataset/no_backup/git/Synergy/train.py
/esat/smcdata/users/kkontras/Image_Dataset/no_backup/envs/balance_env/bin/python
Python 3.9.18
/esat/smcdata/users/kkontras/Image_Dataset/no_backup/git/Synergy
We have 1 GPU
/esat/smcdata/users/kkontras/Image_Dataset/no_backup/git/Synergy/train.py
config-./configs/CREMA_D/synergy/nov/synprom_ib.json
Executing command: accelerate launch /esat/smcdata/users/kkontras/Image_Dataset/no_backup/git/Synergy/train.py --config ./configs/CREMA_D/synergy/nov/synprom_ib.json --default_config ./configs/CREMA_D/default_config_cremad_res_syn.json --fold 2 --pre  --l 0.01 --contrcoeff 0 --lr 0.0001 --wd 0.0001 --cls mlp --perturb gennoise
Namespace(config='./configs/CREMA_D/synergy/nov/synprom_ib.json', default_config='./configs/CREMA_D/default_config_cremad_res_syn.json', fold='2', alpha=None, tanh_mode=None, tanh_mode_beta=None, regby=None, clip=None, batch_size=None, l='0.01', multil=None, l_diffsq=None, lib=None, ratio_us=None, ratio_snr=None, kmepoch=None, num_samples=None, pow=None, nstep=None, contrcoeff='0', kde_coeff=None, etube=None, temperature=None, contr_type=None, shuffle_type=None, validate_with=None, transform_type=None, trasform_before=None, num_classes=None, base_alpha=None, alpha_var=None, base_beta=None, beta_var=None, optim_method=None, ilr_c=None, ilr_g=None, mmcosine_scaling=None, ending_epoch=None, load_ongoing=None, commonlayers=None, recon_weight1=None, recon_weight2=None, recon_epochstages=None, recon_ensemblestages=None, lr='0.0001', wd='0.0001', mm=None, cls='mlp', perturb='gennoise', pre=True, frozen=False, tdqm_disable=False, start_over=False)
2025-11-09 11:29:50,503 - Config - INFO - ./configs/CREMA_D/synergy/nov/synprom_ib.json
2025-11-09 11:29:50,507 - Config - INFO -  THE Configuration of your experiment ..
{'agent': 'Agent',
 'dataset': {'data_roots': '/esat/smcdata/users/kkontras/Image_Dataset/no_backup/CremaD/CREMA-D',
             'data_split': {'fold': 0, 'method': 'non_inclusive'},
             'dataloader_class': 'CramedD_Dataloader',
             'fps': 1,
             'norm': False,
             'norm_face_path': './mydatasets/CREMAD/norm_face_path_fold{}.pkl',
             'norm_wav_path': './mydatasets/CREMAD/wav_norm_16000_fold{}.pkl',
             'num_frame': 3,
             'return_data': {'audio': False,
                             'face': False,
                             'spectrogram': True,
                             'video': True},
             'sampling_rate': 22050},
 'early_stopping': {'end_of_epoch_check': True,
                    'log_interval': 10,
                    'max_epoch': 1500,
                    'n_steps_stop': 20,
                    'n_steps_stop_after': 0,
                    'save_every_step': 3000,
                    'save_every_valstep': 10,
                    'validate_after': 0,
                    'validate_every': 25,
                    'validate_with': 'accuracy'},
 'exp_name': 'CREMAD Experiment',
 'model': {'args': {'bias_infusion': {'ending_epoch': 1500,
                                      'l': 0.1,
                                      'method': 'false',
                                      'plot': False,
                                      'starting_epoch': 0,
                                      'use': True},
                    'clip_grad': False,
                    'cls_type': 'linear',
                    'd_model': 512,
                    'dropout': 0.1,
                    'fc_inner': 64,
                    'multi_loss': {'multi_supervised_w': {'c': 0,
                                                          'combined': 1,
                                                          'g': 0}},
                    'num_classes': 6},
           'encoders': [{'args': {'d_model': 512,
                                  'dropout': 0.1,
                                  'fc_inner': 64,
                                  'freeze_encoder': False,
                                  'num_classes': 6},
                         'model': 'Audio_ResNet',
                         'pretrainedEncoder': {'dir': 'unimodal_audio_fold{}_lr0.001_wd0.0001.pth.tar',
                                               'use': False}},
                        {'args': {'d_model': 512,
                                  'dropout': 0.1,
                                  'fc_inner': 64,
                                  'freeze_encoder': False,
                                  'num_classes': 6},
                         'model': 'Video_ResNet',
                         'pretrainedEncoder': {'dir': 'unimodal_video_fold{}_lr0.001_wd0.0001.pth.tar',
                                               'use': False}}],
           'load_ongoing': False,
           'model_class': 'Fusion_Synprom_IB',
           'save_base_dir': '/esat/smcdata/users/kkontras/Image_Dataset/no_backup/data/2025_data/synergy',
           'save_dir': 'Synprom_IB_{}.pth.tar'},
 'optimizer': {'beta1': 0.9,
               'beta2': 0.999,
               'learning_rate': 1e-05,
               'momentum': 0.9,
               'type': 'Adam',
               'weight_decay': 1e-05},
 'scheduler': {'max_lr': 0.03, 'type': 'cosanneal', 'warm_up_steps': 780},
 'training_params': {'adversarial_training': {'adv_epsilon': 0.01,
                                              'use': False},
                     'async_loading': True,
                     'batch_size': 32,
                     'cuda': True,
                     'data_loader_workers': 8,
                     'gpu_device': [0],
                     'pin_memory': False,
                     'rec_test': True,
                     'res': True,
                     'seed': 109,
                     'tdqm_disable': False,
                     'test_batch_size': 32,
                     'test_on_bottoms': False,
                     'use_test_set': True,
                     'validation': True,
                     'verbose': True,
                     'wandb_disable': False}}
2025-11-09 11:29:50,508 - Config - INFO -  *************************************** 
2025-11-09 11:29:50,508 - Config - INFO - The experiment name is CREMAD Experiment
2025-11-09 11:29:50,508 - Config - INFO -  *************************************** 
2025-11-09 11:29:50,508 - root - INFO - save_dir: Synprom_IB_fold2_l0.01_contrcoeff0_perturbgennoise_lr0.0001_wd0.0001_clsmlp_pre.pth.tar
2025-11-09 11:29:51,192 - Cuda Statistics - INFO - __Python VERSION:  3.9.18 (main, Sep 11 2023, 13:41:44) 
[GCC 11.2.0]
2025-11-09 11:29:51,192 - Cuda Statistics - INFO - __pyTorch VERSION:  2.0.1+cu118
2025-11-09 11:29:51,192 - Cuda Statistics - INFO - __CUDA VERSION
2025-11-09 11:29:51,195 - Cuda Statistics - INFO - __CUDNN VERSION:  8700
2025-11-09 11:29:51,232 - Cuda Statistics - INFO - __Number CUDA Devices:  1
2025-11-09 11:29:51,232 - Cuda Statistics - INFO - __Devices
2025-11-09 11:29:51,232 - Cuda Statistics - INFO - index, name, driver_version, memory.total [MiB], memory.used [MiB], memory.free [MiB]
2025-11-09 11:29:51,232 - Cuda Statistics - INFO - 0, NVIDIA A100-SXM4-80GB, 580.95.05, 81920 MiB, 4 MiB, 81150 MiB
2025-11-09 11:29:51,236 - Cuda Statistics - INFO - Active CUDA Device: GPU 0
2025-11-09 11:29:51,236 - Cuda Statistics - INFO - Available devices  1
2025-11-09 11:29:51,236 - Cuda Statistics - INFO - Current cuda device  0
This path does not exist /esat/smcdata/users/kkontras/Image_Dataset/no_backup/CremaD/CREMA-D/AudioWAV/1076_MTI_SAD_XX.wav or /esat/smcdata/users/kkontras/Image_Dataset/no_backup/CremaD/CREMA-D/Image-01-FPS/1076_MTI_SAD_XX or /esat/smcdata/users/kkontras/Image_Dataset/no_backup/CremaD/CREMA-D/Face_features/1076_MTI_SAD_XX.npy
2025-11-09 11:29:54,004 - root - INFO - Loaded wav norm from ./mydatasets/CREMAD/wav_norm_16000_fold2.pkl
2025-11-09 11:29:54,011 - root - INFO - Norm values are {'mean': tensor(-2.7781e-05), 'std': tensor(0.0615), 'max_duration': 5.005}
2025-11-09 11:29:54,162 - root - INFO - Loaded wav norm from ./mydatasets/CREMAD/wav_norm_16000_fold2.pkl
2025-11-09 11:29:54,163 - root - INFO - Norm values are {'mean': tensor(-2.7781e-05), 'std': tensor(0.0615), 'max_duration': 5.005}
2025-11-09 11:29:54,351 - root - INFO - Loaded wav norm from ./mydatasets/CREMAD/wav_norm_16000_fold2.pkl
2025-11-09 11:29:54,352 - root - INFO - Norm values are {'mean': tensor(-2.7781e-05), 'std': tensor(0.0615), 'max_duration': 5.005}
Available cores 8
We are changing dataloader workers to num of cores 0
2025-11-09 11:29:54,355 - Agent - INFO - Device: cuda:0
2025-11-09 11:29:54,355 - Agent - INFO - Total training batches: 126, validate every 25 batches, steps per epoch: 6
2025-11-09 11:30:00,994 - Agent - INFO - Loss Weights are {'total': 1, 'combined': 1, 'c': 0, 'g': 0}
2025-11-09 11:30:01,898 - root - INFO - Loading enc best model state dict from /esat/smcdata/users/kkontras/Image_Dataset/no_backup/data/2025_data/synergy/unimodal_audio_fold2_lr0.001_wd0.0001.pth.tar
Replacing module
2025-11-09 11:30:02,252 - root - INFO - Loading enc best model state dict from /esat/smcdata/users/kkontras/Image_Dataset/no_backup/data/2025_data/synergy/unimodal_video_fold2_lr0.001_wd0.0001.pth.tar
Replacing module
2025-11-09 11:30:02,293 - Agent - INFO - Total number of trainable parameters are: 23483032
2025-11-09 11:30:02,301 - Agent - INFO - Total number of trainable parameters are: 23483032
2025-11-09 11:33:31,609 - Agent - INFO - [37mVal Epoch 1 step 1 with [31mce_loss_combined : 0.919244 [31mtotal : 0.919244 [94mAcc_combined: 67.89 [94mAcc_c: 59.15 [94mAcc_g: 60.87 [95mCEU_cue_audio: 0.8676 [95mCEU_cue_video: 0.3901 [95mCEU_synergy: 0.1813 [95mCEU_coexistence: 0.9576 
2025-11-09 11:33:31,623 - Agent - INFO - [37mTest Epoch 1 step 1 with [31mce_loss_combined : 0.785149 [31mtotal : 0.785149 [94mAcc_combined: 72.59 [94mAcc_c: 62.74 [94mAcc_g: 53.32 
2025-11-09 11:33:32,081 - Agent - INFO - [37mModels has saved successfully in /esat/smcdata/users/kkontras/Image_Dataset/no_backup/data/2025_data/synergy/Synprom_IB_fold2_l0.01_contrcoeff0_perturbgennoise_lr0.0001_wd0.0001_clsmlp_pre.pth.tar
2025-11-09 11:37:07,583 - Agent - INFO - [37mVal Epoch 2 step 2 with [31mce_loss_combined : 0.728624 [31mtotal : 0.728624 [94mAcc_combined: 75.49 [94mAcc_c: 57.65 [94mAcc_g: 63.52 [95mCEU_cue_audio: 0.8308 [95mCEU_cue_video: 0.6502 [95mCEU_synergy: 0.2361 [95mCEU_coexistence: 0.9818 
2025-11-09 11:37:07,597 - Agent - INFO - [37mTest Epoch 2 step 2 with [31mce_loss_combined : 0.731033 [31mtotal : 0.731033 [94mAcc_combined: 73.88 [94mAcc_c: 59.64 [94mAcc_g: 54.82 
2025-11-09 11:37:08,346 - Agent - INFO - [37mModels has saved successfully in /esat/smcdata/users/kkontras/Image_Dataset/no_backup/data/2025_data/synergy/Synprom_IB_fold2_l0.01_contrcoeff0_perturbgennoise_lr0.0001_wd0.0001_clsmlp_pre.pth.tar
2025-11-09 11:40:40,840 - Agent - INFO - [37mVal Epoch 3 step 3 with [31mce_loss_combined : 0.683660 [31mtotal : 0.683660 [94mAcc_combined: 77.33 [94mAcc_c: 60.18 [94mAcc_g: 60.99 [95mCEU_cue_audio: 0.8202 [95mCEU_cue_video: 0.7264 [95mCEU_synergy: 0.2361 [95mCEU_coexistence: 0.9847 
2025-11-09 11:40:40,854 - Agent - INFO - [37mTest Epoch 3 step 3 with [31mce_loss_combined : 0.828564 [31mtotal : 0.828564 [94mAcc_combined: 71.84 [94mAcc_c: 62.10 [94mAcc_g: 52.78 
2025-11-09 11:40:41,529 - Agent - INFO - [37mModels has saved successfully in /esat/smcdata/users/kkontras/Image_Dataset/no_backup/data/2025_data/synergy/Synprom_IB_fold2_l0.01_contrcoeff0_perturbgennoise_lr0.0001_wd0.0001_clsmlp_pre.pth.tar
2025-11-09 11:44:04,083 - Agent - INFO - [37mVal Epoch 4 step 4 with [31mce_loss_combined : 0.760222 [31mtotal : 0.760222 [94mAcc_combined: 76.06 [94mAcc_c: 54.66 [94mAcc_g: 60.18 [95mCEU_cue_audio: 0.7407 [95mCEU_cue_video: 0.7670 [95mCEU_synergy: 0.2361 [95mCEU_coexistence: 0.9697 
2025-11-09 11:47:31,668 - Agent - INFO - [37mVal Epoch 5 step 5 with [31mce_loss_combined : 0.816925 [31mtotal : 0.816925 [94mAcc_combined: 75.72 [94mAcc_c: 56.73 [94mAcc_g: 60.99 [95mCEU_cue_audio: 0.7407 [95mCEU_cue_video: 0.7670 [95mCEU_synergy: 0.1970 [95mCEU_coexistence: 0.9758 
2025-11-09 11:51:01,677 - Agent - INFO - [37mVal Epoch 6 step 6 with [31mce_loss_combined : 0.928411 [31mtotal : 0.928411 [94mAcc_combined: 73.42 [94mAcc_c: 55.35 [94mAcc_g: 59.95 [95mCEU_cue_audio: 0.6667 [95mCEU_cue_video: 0.7533 [95mCEU_synergy: 0.2127 [95mCEU_coexistence: 0.9605 
2025-11-09 11:54:30,753 - Agent - INFO - [37mVal Epoch 7 step 7 with [31mce_loss_combined : 0.824355 [31mtotal : 0.824355 [94mAcc_combined: 75.03 [94mAcc_c: 54.89 [94mAcc_g: 60.64 [95mCEU_cue_audio: 0.6878 [95mCEU_cue_video: 0.7712 [95mCEU_synergy: 0.2127 [95mCEU_coexistence: 0.9787 
2025-11-09 11:58:01,547 - Agent - INFO - [37mVal Epoch 8 step 8 with [31mce_loss_combined : 0.861438 [31mtotal : 0.861438 [94mAcc_combined: 75.26 [94mAcc_c: 55.70 [94mAcc_g: 60.53 [95mCEU_cue_audio: 0.6720 [95mCEU_cue_video: 0.7892 [95mCEU_synergy: 0.2127 [95mCEU_coexistence: 0.9818 
2025-11-09 12:01:29,056 - Agent - INFO - [37mVal Epoch 9 step 9 with [31mce_loss_combined : 0.855996 [31mtotal : 0.855996 [94mAcc_combined: 75.49 [94mAcc_c: 56.85 [94mAcc_g: 60.64 [95mCEU_cue_audio: 0.7090 [95mCEU_cue_video: 0.7849 [95mCEU_synergy: 0.1732 [95mCEU_coexistence: 0.9847 
2025-11-09 12:05:07,164 - Agent - INFO - [37mVal Epoch 10 step 10 with [31mce_loss_combined : 0.907209 [31mtotal : 0.907209 [94mAcc_combined: 75.14 [94mAcc_c: 55.01 [94mAcc_g: 62.03 [95mCEU_cue_audio: 0.6826 [95mCEU_cue_video: 0.7938 [95mCEU_synergy: 0.2127 [95mCEU_coexistence: 0.9697 
2025-11-09 12:08:34,975 - Agent - INFO - [37mVal Epoch 11 step 11 with [31mce_loss_combined : 0.908047 [31mtotal : 0.908047 [94mAcc_combined: 74.57 [94mAcc_c: 55.35 [94mAcc_g: 60.99 [95mCEU_cue_audio: 0.6349 [95mCEU_cue_video: 0.8028 [95mCEU_synergy: 0.2442 [95mCEU_coexistence: 0.9637 
2025-11-09 12:12:04,519 - Agent - INFO - [37mVal Epoch 12 step 12 with [31mce_loss_combined : 1.031797 [31mtotal : 1.031797 [94mAcc_combined: 71.69 [94mAcc_c: 53.86 [94mAcc_g: 60.64 [95mCEU_cue_audio: 0.6349 [95mCEU_cue_video: 0.7490 [95mCEU_synergy: 0.1417 [95mCEU_coexistence: 0.9637 
2025-11-09 12:15:36,298 - Agent - INFO - [37mVal Epoch 13 step 13 with [31mce_loss_combined : 0.904572 [31mtotal : 0.904572 [94mAcc_combined: 75.83 [94mAcc_c: 55.01 [94mAcc_g: 61.45 [95mCEU_cue_audio: 0.6826 [95mCEU_cue_video: 0.7892 [95mCEU_synergy: 0.2442 [95mCEU_coexistence: 0.9787 
2025-11-09 12:19:04,672 - Agent - INFO - [37mVal Epoch 14 step 14 with [31mce_loss_combined : 0.896062 [31mtotal : 0.896062 [94mAcc_combined: 76.29 [94mAcc_c: 54.89 [94mAcc_g: 60.76 [95mCEU_cue_audio: 0.6878 [95mCEU_cue_video: 0.8118 [95mCEU_synergy: 0.2285 [95mCEU_coexistence: 0.9787 
2025-11-09 12:22:40,139 - Agent - INFO - [37mVal Epoch 15 step 15 with [31mce_loss_combined : 0.956049 [31mtotal : 0.956049 [94mAcc_combined: 75.26 [94mAcc_c: 53.62 [94mAcc_g: 60.76 [95mCEU_cue_audio: 0.6667 [95mCEU_cue_video: 0.8250 [95mCEU_synergy: 0.2047 [95mCEU_coexistence: 0.9637 
2025-11-09 12:26:16,673 - Agent - INFO - [37mVal Epoch 16 step 16 with [31mce_loss_combined : 0.905987 [31mtotal : 0.905987 [94mAcc_combined: 74.45 [94mAcc_c: 54.09 [94mAcc_g: 61.80 [95mCEU_cue_audio: 0.6561 [95mCEU_cue_video: 0.8118 [95mCEU_synergy: 0.1813 [95mCEU_coexistence: 0.9666 
2025-11-09 12:29:55,607 - Agent - INFO - [37mVal Epoch 17 step 17 with [31mce_loss_combined : 0.975269 [31mtotal : 0.975269 [94mAcc_combined: 74.34 [94mAcc_c: 53.16 [94mAcc_g: 60.07 [95mCEU_cue_audio: 0.6400 [95mCEU_cue_video: 0.8118 [95mCEU_synergy: 0.1970 [95mCEU_coexistence: 0.9666 
2025-11-09 12:33:27,911 - Agent - INFO - [37mVal Epoch 18 step 18 with [31mce_loss_combined : 0.965850 [31mtotal : 0.965850 [94mAcc_combined: 75.83 [94mAcc_c: 54.43 [94mAcc_g: 61.91 [95mCEU_cue_audio: 0.6615 [95mCEU_cue_video: 0.7981 [95mCEU_synergy: 0.2599 [95mCEU_coexistence: 0.9787 
2025-11-09 12:37:10,547 - Agent - INFO - [37mVal Epoch 19 step 19 with [31mce_loss_combined : 0.971011 [31mtotal : 0.971011 [94mAcc_combined: 74.68 [94mAcc_c: 49.25 [94mAcc_g: 61.57 [95mCEU_cue_audio: 0.6400 [95mCEU_cue_video: 0.8297 [95mCEU_synergy: 0.1732 [95mCEU_coexistence: 0.9726 
2025-11-09 12:40:44,835 - Agent - INFO - [37mVal Epoch 20 step 20 with [31mce_loss_combined : 1.047144 [31mtotal : 1.047144 [94mAcc_combined: 73.53 [94mAcc_c: 54.20 [94mAcc_g: 60.99 [95mCEU_cue_audio: 0.6244 [95mCEU_cue_video: 0.8028 [95mCEU_synergy: 0.1732 [95mCEU_coexistence: 0.9697 
2025-11-09 12:44:20,004 - Agent - INFO - [37mVal Epoch 21 step 21 with [31mce_loss_combined : 1.021973 [31mtotal : 1.021973 [94mAcc_combined: 74.11 [94mAcc_c: 55.12 [94mAcc_g: 60.18 [95mCEU_cue_audio: 0.6294 [95mCEU_cue_video: 0.8028 [95mCEU_synergy: 0.1970 [95mCEU_coexistence: 0.9726 
2025-11-09 12:47:48,841 - Agent - INFO - [37mVal Epoch 22 step 22 with [31mce_loss_combined : 1.066404 [31mtotal : 1.066404 [94mAcc_combined: 73.30 [94mAcc_c: 53.86 [94mAcc_g: 63.18 [95mCEU_cue_audio: 0.6083 [95mCEU_cue_video: 0.8071 [95mCEU_synergy: 0.2047 [95mCEU_coexistence: 0.9576 
2025-11-09 12:47:49,607 - Agent - INFO - We are in the final state.
2025-11-09 12:47:50,162 - root - INFO - Loaded best model from /esat/smcdata/users/kkontras/Image_Dataset/no_backup/data/2025_data/synergy/Synprom_IB_fold2_l0.01_contrcoeff0_perturbgennoise_lr0.0001_wd0.0001_clsmlp_pre.pth.tar
2025-11-09 12:48:09,187 - Agent - INFO - [37mVal Epoch 22 step 0 with [31mce_loss_combined : 0.683660 [31mtotal : 0.683660 [94mAcc_combined: 77.33 [94mAcc_c: 60.18 [94mAcc_g: 60.99 [95mCEU_cue_audio: 0.8202 [95mCEU_cue_video: 0.7264 [95mCEU_synergy: 0.2361 [95mCEU_coexistence: 0.9847 
2025-11-09 12:48:28,408 - Agent - INFO - [37mTest Epoch 22 step 0 with [31mce_loss_combined : 0.828564 [31mtotal : 0.828564 [94mAcc_combined: 71.84 [94mAcc_c: 62.10 [94mAcc_g: 52.78 
2025-11-09 12:48:29,659 - Agent - INFO - [37mModels has saved successfully in /esat/smcdata/users/kkontras/Image_Dataset/no_backup/data/2025_data/synergy/Synprom_IB_fold2_l0.01_contrcoeff0_perturbgennoise_lr0.0001_wd0.0001_clsmlp_pre.pth.tar
Job finished
