Starting Job
/esat/smcdata/users/kkontras/Image_Dataset/no_backup/git/Synergy/train.py
/esat/smcdata/users/kkontras/Image_Dataset/no_backup/envs/balance_env/bin/python
Python 3.9.18
/esat/smcdata/users/kkontras/Image_Dataset/no_backup/git/Synergy
We have 1 GPU
/esat/smcdata/users/kkontras/Image_Dataset/no_backup/git/Synergy/train.py
config-./configs/CREMA_D/synergy/nov/synprom_ib.json
Executing command: accelerate launch /esat/smcdata/users/kkontras/Image_Dataset/no_backup/git/Synergy/train.py --config ./configs/CREMA_D/synergy/nov/synprom_ib.json --default_config ./configs/CREMA_D/default_config_cremad_res_syn.json --fold 1 --pre  --l 100 --contrcoeff 0 --lr 0.0001 --wd 0.0001 --cls mlp --perturb gennoise
Namespace(config='./configs/CREMA_D/synergy/nov/synprom_ib.json', default_config='./configs/CREMA_D/default_config_cremad_res_syn.json', fold='1', alpha=None, tanh_mode=None, tanh_mode_beta=None, regby=None, clip=None, batch_size=None, l='100', multil=None, l_diffsq=None, lib=None, ratio_us=None, ratio_snr=None, kmepoch=None, num_samples=None, pow=None, nstep=None, contrcoeff='0', kde_coeff=None, etube=None, temperature=None, contr_type=None, shuffle_type=None, validate_with=None, transform_type=None, trasform_before=None, num_classes=None, base_alpha=None, alpha_var=None, base_beta=None, beta_var=None, optim_method=None, ilr_c=None, ilr_g=None, mmcosine_scaling=None, ending_epoch=None, load_ongoing=None, commonlayers=None, recon_weight1=None, recon_weight2=None, recon_epochstages=None, recon_ensemblestages=None, lr='0.0001', wd='0.0001', mm=None, cls='mlp', perturb='gennoise', pre=True, frozen=False, tdqm_disable=False, start_over=False)
2025-11-09 14:08:05,701 - Config - INFO - ./configs/CREMA_D/synergy/nov/synprom_ib.json
2025-11-09 14:08:05,707 - Config - INFO -  THE Configuration of your experiment ..
{'agent': 'Agent',
 'dataset': {'data_roots': '/esat/smcdata/users/kkontras/Image_Dataset/no_backup/CremaD/CREMA-D',
             'data_split': {'fold': 0, 'method': 'non_inclusive'},
             'dataloader_class': 'CramedD_Dataloader',
             'fps': 1,
             'norm': False,
             'norm_face_path': './mydatasets/CREMAD/norm_face_path_fold{}.pkl',
             'norm_wav_path': './mydatasets/CREMAD/wav_norm_16000_fold{}.pkl',
             'num_frame': 3,
             'return_data': {'audio': False,
                             'face': False,
                             'spectrogram': True,
                             'video': True},
             'sampling_rate': 22050},
 'early_stopping': {'end_of_epoch_check': True,
                    'log_interval': 10,
                    'max_epoch': 1500,
                    'n_steps_stop': 20,
                    'n_steps_stop_after': 0,
                    'save_every_step': 3000,
                    'save_every_valstep': 10,
                    'validate_after': 0,
                    'validate_every': 25,
                    'validate_with': 'accuracy'},
 'exp_name': 'CREMAD Experiment',
 'model': {'args': {'bias_infusion': {'ending_epoch': 1500,
                                      'l': 0.1,
                                      'method': 'false',
                                      'plot': False,
                                      'starting_epoch': 0,
                                      'use': True},
                    'clip_grad': False,
                    'cls_type': 'linear',
                    'd_model': 512,
                    'dropout': 0.1,
                    'fc_inner': 64,
                    'multi_loss': {'multi_supervised_w': {'c': 0,
                                                          'combined': 1,
                                                          'g': 0}},
                    'num_classes': 6},
           'encoders': [{'args': {'d_model': 512,
                                  'dropout': 0.1,
                                  'fc_inner': 64,
                                  'freeze_encoder': False,
                                  'num_classes': 6},
                         'model': 'Audio_ResNet',
                         'pretrainedEncoder': {'dir': 'unimodal_audio_fold{}_lr0.001_wd0.0001.pth.tar',
                                               'use': False}},
                        {'args': {'d_model': 512,
                                  'dropout': 0.1,
                                  'fc_inner': 64,
                                  'freeze_encoder': False,
                                  'num_classes': 6},
                         'model': 'Video_ResNet',
                         'pretrainedEncoder': {'dir': 'unimodal_video_fold{}_lr0.001_wd0.0001.pth.tar',
                                               'use': False}}],
           'load_ongoing': False,
           'model_class': 'Fusion_Synprom_IB',
           'save_base_dir': '/esat/smcdata/users/kkontras/Image_Dataset/no_backup/data/2025_data/synergy',
           'save_dir': 'Synprom_IB_{}.pth.tar'},
 'optimizer': {'beta1': 0.9,
               'beta2': 0.999,
               'learning_rate': 1e-05,
               'momentum': 0.9,
               'type': 'Adam',
               'weight_decay': 1e-05},
 'scheduler': {'max_lr': 0.03, 'type': 'cosanneal', 'warm_up_steps': 780},
 'training_params': {'adversarial_training': {'adv_epsilon': 0.01,
                                              'use': False},
                     'async_loading': True,
                     'batch_size': 32,
                     'cuda': True,
                     'data_loader_workers': 8,
                     'gpu_device': [0],
                     'pin_memory': False,
                     'rec_test': True,
                     'res': True,
                     'seed': 109,
                     'tdqm_disable': False,
                     'test_batch_size': 32,
                     'test_on_bottoms': False,
                     'use_test_set': True,
                     'validation': True,
                     'verbose': True,
                     'wandb_disable': False}}
2025-11-09 14:08:05,710 - Config - INFO -  *************************************** 
2025-11-09 14:08:05,711 - Config - INFO - The experiment name is CREMAD Experiment
2025-11-09 14:08:05,711 - Config - INFO -  *************************************** 
2025-11-09 14:08:05,711 - root - INFO - save_dir: Synprom_IB_fold1_l100_contrcoeff0_perturbgennoise_lr0.0001_wd0.0001_clsmlp_pre.pth.tar
2025-11-09 14:08:05,921 - Cuda Statistics - INFO - __Python VERSION:  3.9.18 (main, Sep 11 2023, 13:41:44) 
[GCC 11.2.0]
2025-11-09 14:08:05,921 - Cuda Statistics - INFO - __pyTorch VERSION:  2.0.1+cu118
2025-11-09 14:08:05,922 - Cuda Statistics - INFO - __CUDA VERSION
2025-11-09 14:08:05,925 - Cuda Statistics - INFO - __CUDNN VERSION:  8700
2025-11-09 14:08:05,969 - Cuda Statistics - INFO - __Number CUDA Devices:  1
2025-11-09 14:08:05,969 - Cuda Statistics - INFO - __Devices
2025-11-09 14:08:05,970 - Cuda Statistics - INFO - index, name, driver_version, memory.total [MiB], memory.used [MiB], memory.free [MiB]
2025-11-09 14:08:05,970 - Cuda Statistics - INFO - 0, Tesla P100-PCIE-16GB, 580.95.05, 16384 MiB, 3 MiB, 16268 MiB
2025-11-09 14:08:05,972 - Cuda Statistics - INFO - Active CUDA Device: GPU 0
2025-11-09 14:08:05,972 - Cuda Statistics - INFO - Available devices  1
2025-11-09 14:08:05,972 - Cuda Statistics - INFO - Current cuda device  0
This path does not exist /esat/smcdata/users/kkontras/Image_Dataset/no_backup/CremaD/CREMA-D/AudioWAV/1076_MTI_SAD_XX.wav or /esat/smcdata/users/kkontras/Image_Dataset/no_backup/CremaD/CREMA-D/Image-01-FPS/1076_MTI_SAD_XX or /esat/smcdata/users/kkontras/Image_Dataset/no_backup/CremaD/CREMA-D/Face_features/1076_MTI_SAD_XX.npy
2025-11-09 14:08:07,841 - root - INFO - Loaded wav norm from ./mydatasets/CREMAD/wav_norm_16000_fold1.pkl
2025-11-09 14:08:07,847 - root - INFO - Norm values are {'mean': tensor(-2.6751e-05), 'std': tensor(0.0610), 'max_duration': 5.005}
2025-11-09 14:08:08,308 - root - INFO - Loaded wav norm from ./mydatasets/CREMAD/wav_norm_16000_fold1.pkl
2025-11-09 14:08:08,309 - root - INFO - Norm values are {'mean': tensor(-2.6751e-05), 'std': tensor(0.0610), 'max_duration': 5.005}
2025-11-09 14:08:08,852 - root - INFO - Loaded wav norm from ./mydatasets/CREMAD/wav_norm_16000_fold1.pkl
2025-11-09 14:08:08,853 - root - INFO - Norm values are {'mean': tensor(-2.6751e-05), 'std': tensor(0.0610), 'max_duration': 5.005}
Available cores 8
We are changing dataloader workers to num of cores 0
2025-11-09 14:08:08,858 - Agent - INFO - Device: cuda:0
2025-11-09 14:08:08,859 - Agent - INFO - Total training batches: 126, validate every 25 batches, steps per epoch: 6
2025-11-09 14:08:15,574 - Agent - INFO - Loss Weights are {'total': 1, 'combined': 1, 'c': 0, 'g': 0}
2025-11-09 14:08:16,292 - root - INFO - Loading enc best model state dict from /esat/smcdata/users/kkontras/Image_Dataset/no_backup/data/2025_data/synergy/unimodal_audio_fold1_lr0.001_wd0.0001.pth.tar
Replacing module
2025-11-09 14:08:16,847 - root - INFO - Loading enc best model state dict from /esat/smcdata/users/kkontras/Image_Dataset/no_backup/data/2025_data/synergy/unimodal_video_fold1_lr0.001_wd0.0001.pth.tar
Replacing module
2025-11-09 14:08:16,897 - Agent - INFO - Total number of trainable parameters are: 23483032
2025-11-09 14:08:16,907 - Agent - INFO - Total number of trainable parameters are: 23483032
2025-11-09 14:15:34,397 - Agent - INFO - [37mVal Epoch 1 step 1 with [31mce_loss_combined : 1.786709 [31mtotal : 1.786709 [94mAcc_combined: 57.32 [94mAcc_c: 53.92 [94mAcc_g: 46.65 [95mCEU_cue_audio: 0.5631 [95mCEU_cue_video: 0.4153 [95mCEU_synergy: 0.2485 [95mCEU_coexistence: 0.8221 
2025-11-09 14:15:34,423 - Agent - INFO - [37mTest Epoch 1 step 1 with [31mce_loss_combined : 1.786694 [31mtotal : 1.786694 [94mAcc_combined: 58.80 [94mAcc_c: 53.33 [94mAcc_g: 47.21 
2025-11-09 14:15:35,446 - Agent - INFO - [37mModels has saved successfully in /esat/smcdata/users/kkontras/Image_Dataset/no_backup/data/2025_data/synergy/Synprom_IB_fold1_l100_contrcoeff0_perturbgennoise_lr0.0001_wd0.0001_clsmlp_pre.pth.tar
2025-11-09 14:22:50,534 - Agent - INFO - [37mVal Epoch 2 step 2 with [31mce_loss_combined : 1.787162 [31mtotal : 1.787162 [94mAcc_combined: 58.57 [94mAcc_c: 50.17 [94mAcc_g: 29.17 [95mCEU_cue_audio: 0.6135 [95mCEU_cue_video: 0.4319 [95mCEU_synergy: 0.2072 [95mCEU_coexistence: 0.8286 
2025-11-09 14:22:50,559 - Agent - INFO - [37mTest Epoch 2 step 2 with [31mce_loss_combined : 1.787149 [31mtotal : 1.787149 [94mAcc_combined: 54.21 [94mAcc_c: 50.38 [94mAcc_g: 36.28 
2025-11-09 14:22:51,479 - Agent - INFO - [37mModels has saved successfully in /esat/smcdata/users/kkontras/Image_Dataset/no_backup/data/2025_data/synergy/Synprom_IB_fold1_l100_contrcoeff0_perturbgennoise_lr0.0001_wd0.0001_clsmlp_pre.pth.tar
2025-11-09 14:30:09,928 - Agent - INFO - [37mVal Epoch 3 step 3 with [31mce_loss_combined : 1.787238 [31mtotal : 1.787238 [94mAcc_combined: 57.89 [94mAcc_c: 51.42 [94mAcc_g: 21.91 [95mCEU_cue_audio: 0.6638 [95mCEU_cue_video: 0.3495 [95mCEU_synergy: 0.2412 [95mCEU_coexistence: 0.8031 
2025-11-09 14:37:25,127 - Agent - INFO - [37mVal Epoch 4 step 4 with [31mce_loss_combined : 1.786369 [31mtotal : 1.786369 [94mAcc_combined: 54.60 [94mAcc_c: 52.55 [94mAcc_g: 23.38 [95mCEU_cue_audio: 0.5631 [95mCEU_cue_video: 0.4044 [95mCEU_synergy: 0.1653 [95mCEU_coexistence: 0.7905 
2025-11-09 14:44:38,725 - Agent - INFO - [37mVal Epoch 5 step 5 with [31mce_loss_combined : 1.785144 [31mtotal : 1.785144 [94mAcc_combined: 64.02 [94mAcc_c: 51.19 [94mAcc_g: 23.72 [95mCEU_cue_audio: 0.6218 [95mCEU_cue_video: 0.5575 [95mCEU_synergy: 0.1725 [95mCEU_coexistence: 0.9175 
2025-11-09 14:44:38,750 - Agent - INFO - [37mTest Epoch 5 step 5 with [31mce_loss_combined : 1.785043 [31mtotal : 1.785043 [94mAcc_combined: 62.19 [94mAcc_c: 50.93 [94mAcc_g: 33.99 
2025-11-09 14:44:39,671 - Agent - INFO - [37mModels has saved successfully in /esat/smcdata/users/kkontras/Image_Dataset/no_backup/data/2025_data/synergy/Synprom_IB_fold1_l100_contrcoeff0_perturbgennoise_lr0.0001_wd0.0001_clsmlp_pre.pth.tar
2025-11-09 14:51:52,966 - Agent - INFO - [37mVal Epoch 6 step 6 with [31mce_loss_combined : 1.781400 [31mtotal : 1.781400 [94mAcc_combined: 61.07 [94mAcc_c: 51.99 [94mAcc_g: 32.01 [95mCEU_cue_audio: 0.5294 [95mCEU_cue_video: 0.5575 [95mCEU_synergy: 0.2552 [95mCEU_coexistence: 0.8666 
2025-11-09 14:59:09,037 - Agent - INFO - [37mVal Epoch 7 step 7 with [31mce_loss_combined : 1.777350 [31mtotal : 1.777350 [94mAcc_combined: 63.56 [94mAcc_c: 48.24 [94mAcc_g: 33.71 [95mCEU_cue_audio: 0.5126 [95mCEU_cue_video: 0.6774 [95mCEU_synergy: 0.2485 [95mCEU_coexistence: 0.8826 
2025-11-09 15:06:24,633 - Agent - INFO - [37mVal Epoch 8 step 8 with [31mce_loss_combined : 1.775869 [31mtotal : 1.775869 [94mAcc_combined: 66.52 [94mAcc_c: 50.17 [94mAcc_g: 36.78 [95mCEU_cue_audio: 0.5924 [95mCEU_cue_video: 0.6610 [95mCEU_synergy: 0.2345 [95mCEU_coexistence: 0.9206 
2025-11-09 15:06:24,659 - Agent - INFO - [37mTest Epoch 8 step 8 with [31mce_loss_combined : 1.775963 [31mtotal : 1.775963 [94mAcc_combined: 67.32 [94mAcc_c: 50.27 [94mAcc_g: 46.45 
2025-11-09 15:06:25,496 - Agent - INFO - [37mModels has saved successfully in /esat/smcdata/users/kkontras/Image_Dataset/no_backup/data/2025_data/synergy/Synprom_IB_fold1_l100_contrcoeff0_perturbgennoise_lr0.0001_wd0.0001_clsmlp_pre.pth.tar
2025-11-09 15:13:40,520 - Agent - INFO - [37mVal Epoch 9 step 9 with [31mce_loss_combined : 1.745242 [31mtotal : 1.745242 [94mAcc_combined: 57.78 [94mAcc_c: 52.55 [94mAcc_g: 45.63 [95mCEU_cue_audio: 0.5083 [95mCEU_cue_video: 0.5301 [95mCEU_synergy: 0.2139 [95mCEU_coexistence: 0.8255 
2025-11-09 15:20:57,615 - Agent - INFO - [37mVal Epoch 10 step 10 with [31mce_loss_combined : 1.530102 [31mtotal : 1.530102 [94mAcc_combined: 42.11 [94mAcc_c: 40.75 [94mAcc_g: 40.52 [95mCEU_cue_audio: 0.2395 [95mCEU_cue_video: 0.5026 [95mCEU_synergy: 0.2827 [95mCEU_coexistence: 0.5745 
2025-11-09 15:28:14,505 - Agent - INFO - [37mVal Epoch 11 step 11 with [31mce_loss_combined : 1.451918 [31mtotal : 1.451918 [94mAcc_combined: 49.38 [94mAcc_c: 42.68 [94mAcc_g: 41.20 [95mCEU_cue_audio: 0.2143 [95mCEU_cue_video: 0.6996 [95mCEU_synergy: 0.2965 [95mCEU_coexistence: 0.6762 
2025-11-09 15:35:30,273 - Agent - INFO - [37mVal Epoch 12 step 12 with [31mce_loss_combined : 1.378174 [31mtotal : 1.378174 [94mAcc_combined: 51.99 [94mAcc_c: 41.54 [94mAcc_g: 45.52 [95mCEU_cue_audio: 0.2143 [95mCEU_cue_video: 0.7323 [95mCEU_synergy: 0.3033 [95mCEU_coexistence: 0.7270 
2025-11-09 15:42:46,960 - Agent - INFO - [37mVal Epoch 13 step 13 with [31mce_loss_combined : 1.437373 [31mtotal : 1.437373 [94mAcc_combined: 53.12 [94mAcc_c: 55.28 [94mAcc_g: 44.38 [95mCEU_cue_audio: 0.2436 [95mCEU_cue_video: 0.7376 [95mCEU_synergy: 0.2691 [95mCEU_coexistence: 0.7492 
2025-11-09 15:50:02,268 - Agent - INFO - [37mVal Epoch 14 step 14 with [31mce_loss_combined : 1.401010 [31mtotal : 1.401010 [94mAcc_combined: 52.55 [94mAcc_c: 55.16 [94mAcc_g: 46.31 [95mCEU_cue_audio: 0.2102 [95mCEU_cue_video: 0.7267 [95mCEU_synergy: 0.2965 [95mCEU_coexistence: 0.7524 
2025-11-09 15:57:18,927 - Agent - INFO - [37mVal Epoch 15 step 15 with [31mce_loss_combined : 1.327491 [31mtotal : 1.327491 [94mAcc_combined: 54.94 [94mAcc_c: 57.89 [94mAcc_g: 48.81 [95mCEU_cue_audio: 0.2731 [95mCEU_cue_video: 0.7540 [95mCEU_synergy: 0.3033 [95mCEU_coexistence: 0.7524 
2025-11-09 16:04:35,259 - Agent - INFO - [37mVal Epoch 16 step 16 with [31mce_loss_combined : 1.405833 [31mtotal : 1.405833 [94mAcc_combined: 53.12 [94mAcc_c: 59.02 [94mAcc_g: 46.65 [95mCEU_cue_audio: 0.2354 [95mCEU_cue_video: 0.7376 [95mCEU_synergy: 0.2758 [95mCEU_coexistence: 0.7524 
2025-11-09 16:11:51,364 - Agent - INFO - [37mVal Epoch 17 step 17 with [31mce_loss_combined : 1.441717 [31mtotal : 1.441717 [94mAcc_combined: 55.73 [94mAcc_c: 52.21 [94mAcc_g: 45.97 [95mCEU_cue_audio: 0.2310 [95mCEU_cue_video: 0.7267 [95mCEU_synergy: 0.3033 [95mCEU_coexistence: 0.8221 
2025-11-09 16:19:06,570 - Agent - INFO - [37mVal Epoch 18 step 18 with [31mce_loss_combined : 1.436791 [31mtotal : 1.436791 [94mAcc_combined: 53.69 [94mAcc_c: 44.95 [94mAcc_g: 42.34 [95mCEU_cue_audio: 0.2143 [95mCEU_cue_video: 0.7597 [95mCEU_synergy: 0.1725 [95mCEU_coexistence: 0.8190 
2025-11-09 16:26:22,455 - Agent - INFO - [37mVal Epoch 19 step 19 with [31mce_loss_combined : 1.240950 [31mtotal : 1.240950 [94mAcc_combined: 61.75 [94mAcc_c: 54.14 [94mAcc_g: 49.72 [95mCEU_cue_audio: 0.3571 [95mCEU_cue_video: 0.8359 [95mCEU_synergy: 0.1792 [95mCEU_coexistence: 0.8890 
2025-11-09 16:33:35,065 - Agent - INFO - [37mVal Epoch 20 step 20 with [31mce_loss_combined : 1.494592 [31mtotal : 1.494592 [94mAcc_combined: 55.85 [94mAcc_c: 50.40 [94mAcc_g: 45.74 [95mCEU_cue_audio: 0.3109 [95mCEU_cue_video: 0.7323 [95mCEU_synergy: 0.1860 [95mCEU_coexistence: 0.8159 
2025-11-09 16:40:56,230 - Agent - INFO - [37mVal Epoch 21 step 21 with [31mce_loss_combined : 1.556400 [31mtotal : 1.556400 [94mAcc_combined: 58.00 [94mAcc_c: 40.18 [94mAcc_g: 48.47 [95mCEU_cue_audio: 0.2942 [95mCEU_cue_video: 0.7761 [95mCEU_synergy: 0.1586 [95mCEU_coexistence: 0.8761 
2025-11-09 16:48:14,938 - Agent - INFO - [37mVal Epoch 22 step 22 with [31mce_loss_combined : 1.547138 [31mtotal : 1.547138 [94mAcc_combined: 60.16 [94mAcc_c: 41.09 [94mAcc_g: 48.69 [95mCEU_cue_audio: 0.3571 [95mCEU_cue_video: 0.7703 [95mCEU_synergy: 0.2205 [95mCEU_coexistence: 0.8635 
2025-11-09 16:55:34,002 - Agent - INFO - [37mVal Epoch 23 step 23 with [31mce_loss_combined : 1.573638 [31mtotal : 1.573638 [94mAcc_combined: 59.70 [94mAcc_c: 45.29 [94mAcc_g: 47.79 [95mCEU_cue_audio: 0.3528 [95mCEU_cue_video: 0.7814 [95mCEU_synergy: 0.2278 [95mCEU_coexistence: 0.8445 
2025-11-09 17:02:53,709 - Agent - INFO - [37mVal Epoch 24 step 24 with [31mce_loss_combined : 1.621499 [31mtotal : 1.621499 [94mAcc_combined: 59.14 [94mAcc_c: 38.82 [94mAcc_g: 48.69 [95mCEU_cue_audio: 0.3025 [95mCEU_cue_video: 0.7761 [95mCEU_synergy: 0.1725 [95mCEU_coexistence: 0.8951 
2025-11-09 17:10:12,821 - Agent - INFO - [37mVal Epoch 25 step 25 with [31mce_loss_combined : 1.494893 [31mtotal : 1.494893 [94mAcc_combined: 60.61 [94mAcc_c: 42.79 [94mAcc_g: 50.62 [95mCEU_cue_audio: 0.3194 [95mCEU_cue_video: 0.7761 [95mCEU_synergy: 0.2072 [95mCEU_coexistence: 0.9080 
2025-11-09 17:17:32,431 - Agent - INFO - [37mVal Epoch 26 step 26 with [31mce_loss_combined : 1.690334 [31mtotal : 1.690334 [94mAcc_combined: 60.50 [94mAcc_c: 49.26 [94mAcc_g: 49.15 [95mCEU_cue_audio: 0.3236 [95mCEU_cue_video: 0.7540 [95mCEU_synergy: 0.2345 [95mCEU_coexistence: 0.9016 
2025-11-09 17:24:54,322 - Agent - INFO - [37mVal Epoch 27 step 27 with [31mce_loss_combined : 1.575067 [31mtotal : 1.575067 [94mAcc_combined: 61.18 [94mAcc_c: 46.88 [94mAcc_g: 48.92 [95mCEU_cue_audio: 0.3151 [95mCEU_cue_video: 0.8032 [95mCEU_synergy: 0.2205 [95mCEU_coexistence: 0.9046 
2025-11-09 17:24:55,715 - Agent - INFO - We are in the final state.
2025-11-09 17:24:56,081 - root - INFO - Loaded best model from /esat/smcdata/users/kkontras/Image_Dataset/no_backup/data/2025_data/synergy/Synprom_IB_fold1_l100_contrcoeff0_perturbgennoise_lr0.0001_wd0.0001_clsmlp_pre.pth.tar
2025-11-09 17:25:20,813 - Agent - INFO - [37mVal Epoch 27 step 0 with [31mce_loss_combined : 1.775869 [31mtotal : 1.775869 [94mAcc_combined: 66.52 [94mAcc_c: 50.17 [94mAcc_g: 36.78 [95mCEU_cue_audio: 0.5924 [95mCEU_cue_video: 0.6610 [95mCEU_synergy: 0.2345 [95mCEU_coexistence: 0.9206 
2025-11-09 17:25:46,628 - Agent - INFO - [37mTest Epoch 27 step 0 with [31mce_loss_combined : 1.775963 [31mtotal : 1.775963 [94mAcc_combined: 67.32 [94mAcc_c: 50.27 [94mAcc_g: 46.45 
2025-11-09 17:25:48,307 - Agent - INFO - [37mModels has saved successfully in /esat/smcdata/users/kkontras/Image_Dataset/no_backup/data/2025_data/synergy/Synprom_IB_fold1_l100_contrcoeff0_perturbgennoise_lr0.0001_wd0.0001_clsmlp_pre.pth.tar
Job finished
