000 (016.023.000) 2025-11-09 11:29:26 Job submitted from host: <10.87.28.209:9618?addrs=10.87.28.209-9618&alias=krakas.esat.kuleuven.be&noUDP&sock=schedd_1611_9729>
...
001 (016.023.000) 2025-11-09 13:59:53 Job executing on host: <10.87.24.25:9618?addrs=10.87.24.25-9618+[--1]-9618&alias=estragon.esat.kuleuven.be&noUDP&sock=startd_2009_95db>
	SlotName: slot1_2@estragon.esat.kuleuven.be
	AvailableGPUs = { GPUs_GPU_c7741362 }
	CondorScratchDir = "/usr/data/condor/execute/dir_362841"
	Cpus = 8
	Disk = 1054592
	GPUs = 1
	GPUs_GPU_c7741362 = [ Id = "GPU-c7741362"; ClockMhz = 1328.5; Capability = 6.0; CoresPerCU = 64; DeviceName = "Tesla P100-PCIE-16GB"; DeviceUuid = "c7741362-0fc2-057f-631c-ffc90d1eb010"; ECCEnabled = true; ComputeUnits = 56; NvidiaDriver = "580.95.05"; DriverVersion = 13.0; DevicePciBusId = "0000:0B:00.0"; GlobalMemoryMb = 16269; MaxSupportedVersion = 13000 ]
	Memory = 71680
...
006 (016.023.000) 2025-11-09 14:00:02 Image size of job updated: 218804
	214  -  MemoryUsage of job (MB)
	218804  -  ResidentSetSize of job (KB)
...
006 (016.023.000) 2025-11-09 14:05:03 Image size of job updated: 1334872
	1247  -  MemoryUsage of job (MB)
	1276380  -  ResidentSetSize of job (KB)
...
006 (016.023.000) 2025-11-09 14:10:03 Image size of job updated: 1466552
	1325  -  MemoryUsage of job (MB)
	1356500  -  ResidentSetSize of job (KB)
...
006 (016.023.000) 2025-11-09 14:15:04 Image size of job updated: 1494960
	1456  -  MemoryUsage of job (MB)
	1490276  -  ResidentSetSize of job (KB)
...
006 (016.023.000) 2025-11-09 14:25:05 Image size of job updated: 1524600
	1456  -  MemoryUsage of job (MB)
	1490276  -  ResidentSetSize of job (KB)
...
006 (016.023.000) 2025-11-09 14:30:06 Image size of job updated: 1524600
	1465  -  MemoryUsage of job (MB)
	1500072  -  ResidentSetSize of job (KB)
...
006 (016.023.000) 2025-11-09 14:50:08 Image size of job updated: 1524600
	1470  -  MemoryUsage of job (MB)
	1504876  -  ResidentSetSize of job (KB)
...
006 (016.023.000) 2025-11-09 15:10:09 Image size of job updated: 1525832
	1470  -  MemoryUsage of job (MB)
	1504876  -  ResidentSetSize of job (KB)
...
006 (016.023.000) 2025-11-09 15:40:13 Image size of job updated: 1527056
	1470  -  MemoryUsage of job (MB)
	1504876  -  ResidentSetSize of job (KB)
...
006 (016.023.000) 2025-11-09 16:00:15 Image size of job updated: 1530360
	1470  -  MemoryUsage of job (MB)
	1504876  -  ResidentSetSize of job (KB)
...
006 (016.023.000) 2025-11-09 16:10:16 Image size of job updated: 1532728
	1470  -  MemoryUsage of job (MB)
	1504876  -  ResidentSetSize of job (KB)
...
006 (016.023.000) 2025-11-09 17:20:24 Image size of job updated: 1532728
	1492  -  MemoryUsage of job (MB)
	1527448  -  ResidentSetSize of job (KB)
...
006 (016.023.000) 2025-11-09 18:15:28 Image size of job updated: 1533044
	1492  -  MemoryUsage of job (MB)
	1527448  -  ResidentSetSize of job (KB)
...
006 (016.023.000) 2025-11-09 18:40:30 Image size of job updated: 1565988
	1492  -  MemoryUsage of job (MB)
	1527448  -  ResidentSetSize of job (KB)
...
006 (016.023.000) 2025-11-09 19:50:38 Image size of job updated: 1569516
	1495  -  MemoryUsage of job (MB)
	1530632  -  ResidentSetSize of job (KB)
...
006 (016.023.000) 2025-11-09 20:50:43 Image size of job updated: 1569516
	1499  -  MemoryUsage of job (MB)
	1534524  -  ResidentSetSize of job (KB)
...
005 (016.023.000) 2025-11-09 21:22:32 Job terminated.
	(1) Normal termination (return value 0)
		Usr 0 19:41:51, Sys 0 01:42:50  -  Run Remote Usage
		Usr 0 00:00:00, Sys 0 00:00:00  -  Run Local Usage
		Usr 0 19:41:51, Sys 0 01:42:50  -  Total Remote Usage
		Usr 0 00:00:00, Sys 0 00:00:00  -  Total Local Usage
	0  -  Run Bytes Sent By Job
	0  -  Run Bytes Received By Job
	0  -  Total Bytes Sent By Job
	0  -  Total Bytes Received By Job
	Partitionable Resources :    Usage  Request Allocated Assigned
	   Cpus                 :     5.09        8         8 
	   Disk (KB)            :     2     1048576   1054592 
	   GPUs                 :     0.18        1         1 "GPU-c7741362"
	   GpusMemory (MB)      :  9049                       
	   Memory (MB)          :  1499       71680     71680 
	   TimeExecute (s)      : 26559                       
	   TimeSlotBusy (s)     : 26559                       
...
