000 (016.022.000) 2025-11-09 11:29:26 Job submitted from host: <10.87.28.209:9618?addrs=10.87.28.209-9618&alias=krakas.esat.kuleuven.be&noUDP&sock=schedd_1611_9729>
...
001 (016.022.000) 2025-11-09 13:57:54 Job executing on host: <10.87.24.25:9618?addrs=10.87.24.25-9618+[--1]-9618&alias=estragon.esat.kuleuven.be&noUDP&sock=startd_2009_95db>
	SlotName: slot1_1@estragon.esat.kuleuven.be
	AvailableGPUs = { GPUs_GPU_fd0ce06a }
	CondorScratchDir = "/usr/data/condor/execute/dir_362611"
	Cpus = 8
	Disk = 1054592
	GPUs = 1
	GPUs_GPU_fd0ce06a = [ Id = "GPU-fd0ce06a"; ClockMhz = 1328.5; Capability = 6.0; CoresPerCU = 64; DeviceName = "Tesla P100-PCIE-16GB"; DeviceUuid = "fd0ce06a-713e-f0de-00ac-18e3e9780412"; ECCEnabled = true; ComputeUnits = 56; NvidiaDriver = "580.95.05"; DriverVersion = 13.0; DevicePciBusId = "0000:08:00.0"; GlobalMemoryMb = 16269; MaxSupportedVersion = 13000 ]
	Memory = 71680
...
006 (016.022.000) 2025-11-09 13:58:02 Image size of job updated: 216968
	212  -  MemoryUsage of job (MB)
	216968  -  ResidentSetSize of job (KB)
...
006 (016.022.000) 2025-11-09 14:03:02 Image size of job updated: 1362764
	1245  -  MemoryUsage of job (MB)
	1274608  -  ResidentSetSize of job (KB)
...
006 (016.022.000) 2025-11-09 14:08:03 Image size of job updated: 1477288
	1337  -  MemoryUsage of job (MB)
	1368352  -  ResidentSetSize of job (KB)
...
006 (016.022.000) 2025-11-09 14:13:03 Image size of job updated: 1514408
	1424  -  MemoryUsage of job (MB)
	1457956  -  ResidentSetSize of job (KB)
...
006 (016.022.000) 2025-11-09 14:23:04 Image size of job updated: 1517156
	1424  -  MemoryUsage of job (MB)
	1457956  -  ResidentSetSize of job (KB)
...
006 (016.022.000) 2025-11-09 14:28:05 Image size of job updated: 1520636
	1424  -  MemoryUsage of job (MB)
	1457956  -  ResidentSetSize of job (KB)
...
006 (016.022.000) 2025-11-09 14:38:06 Image size of job updated: 1520636
	1428  -  MemoryUsage of job (MB)
	1462136  -  ResidentSetSize of job (KB)
...
006 (016.022.000) 2025-11-09 14:53:08 Image size of job updated: 1522104
	1428  -  MemoryUsage of job (MB)
	1462136  -  ResidentSetSize of job (KB)
...
006 (016.022.000) 2025-11-09 14:58:09 Image size of job updated: 1533512
	1440  -  MemoryUsage of job (MB)
	1474172  -  ResidentSetSize of job (KB)
...
006 (016.022.000) 2025-11-09 15:03:09 Image size of job updated: 1533512
	1443  -  MemoryUsage of job (MB)
	1477548  -  ResidentSetSize of job (KB)
...
006 (016.022.000) 2025-11-09 15:08:10 Image size of job updated: 1540088
	1443  -  MemoryUsage of job (MB)
	1477548  -  ResidentSetSize of job (KB)
...
006 (016.022.000) 2025-11-09 16:33:00 Image size of job updated: 1905816
	1443  -  MemoryUsage of job (MB)
	1477548  -  ResidentSetSize of job (KB)
...
005 (016.022.000) 2025-11-09 16:33:00 Job terminated.
	(1) Normal termination (return value 0)
		Usr 0 06:40:13, Sys 0 00:36:19  -  Run Remote Usage
		Usr 0 00:00:00, Sys 0 00:00:00  -  Run Local Usage
		Usr 0 06:40:13, Sys 0 00:36:19  -  Total Remote Usage
		Usr 0 00:00:00, Sys 0 00:00:00  -  Total Local Usage
	0  -  Run Bytes Sent By Job
	0  -  Run Bytes Received By Job
	0  -  Total Bytes Sent By Job
	0  -  Total Bytes Received By Job
	Partitionable Resources :    Usage  Request Allocated Assigned
	   Cpus                 :     2.51        8         8 
	   Disk (KB)            :     2     1048576   1054592 
	   GPUs                 :                 1         1 "GPU-fd0ce06a"
	   GpusMemory (MB)      :  9049                       
	   Memory (MB)          :  1443       71680     71680 
	   TimeExecute (s)      :  9306                       
	   TimeSlotBusy (s)     :  9306                       
...
