000 (016.004.000) 2025-11-09 11:29:26 Job submitted from host: <10.87.28.209:9618?addrs=10.87.28.209-9618&alias=krakas.esat.kuleuven.be&noUDP&sock=schedd_1611_9729>
...
001 (016.004.000) 2025-11-09 11:29:31 Job executing on host: <10.87.28.117:9618?addrs=10.87.28.117-9618&alias=stadius-nc-4.esat.kuleuven.be&noUDP&sock=startd_3335_1c6f>
	SlotName: slot1_1@stadius-nc-4.esat.kuleuven.be
	AvailableGPUs = { GPUs_GPU_1236270c }
	CondorScratchDir = "/volume1/condor/execute/dir_1336065"
	Cpus = 8
	Disk = 1050150
	GPUs = 1
	GPUs_GPU_1236270c = [ Id = "GPU-1236270c"; ClockMhz = 1545.0; Capability = 7.5; CoresPerCU = 64; DeviceName = "NVIDIA GeForce RTX 2080 Ti"; DeviceUuid = "1236270c-ad23-648a-e65a-80b2ab2cf0c3"; ECCEnabled = false; ComputeUnits = 68; NvidiaDriver = "570.153.02"; DriverVersion = 12.8; DevicePciBusId = "0000:25:00.0"; GlobalMemoryMb = 10823; MaxSupportedVersion = 12080 ]
	Memory = 71680
...
006 (016.004.000) 2025-11-09 11:29:40 Image size of job updated: 242612
	237  -  MemoryUsage of job (MB)
	242612  -  ResidentSetSize of job (KB)
...
006 (016.004.000) 2025-11-09 11:34:41 Image size of job updated: 1607372
	1557  -  MemoryUsage of job (MB)
	1593980  -  ResidentSetSize of job (KB)
...
006 (016.004.000) 2025-11-09 11:39:41 Image size of job updated: 1644632
	1557  -  MemoryUsage of job (MB)
	1593980  -  ResidentSetSize of job (KB)
...
006 (016.004.000) 2025-11-09 11:44:42 Image size of job updated: 1647816
	1557  -  MemoryUsage of job (MB)
	1593980  -  ResidentSetSize of job (KB)
...
006 (016.004.000) 2025-11-09 11:49:43 Image size of job updated: 1652012
	1557  -  MemoryUsage of job (MB)
	1593980  -  ResidentSetSize of job (KB)
...
006 (016.004.000) 2025-11-09 11:54:43 Image size of job updated: 1656364
	1557  -  MemoryUsage of job (MB)
	1593980  -  ResidentSetSize of job (KB)
...
006 (016.004.000) 2025-11-09 11:59:44 Image size of job updated: 1692080
	1653  -  MemoryUsage of job (MB)
	1692080  -  ResidentSetSize of job (KB)
...
006 (016.004.000) 2025-11-09 12:04:44 Image size of job updated: 1703068
	1653  -  MemoryUsage of job (MB)
	1692080  -  ResidentSetSize of job (KB)
...
006 (016.004.000) 2025-11-09 12:45:21 Image size of job updated: 2019184
	1653  -  MemoryUsage of job (MB)
	1692080  -  ResidentSetSize of job (KB)
...
005 (016.004.000) 2025-11-09 12:45:21 Job terminated.
	(1) Normal termination (return value 0)
		Usr 0 03:44:18, Sys 0 00:27:15  -  Run Remote Usage
		Usr 0 00:00:00, Sys 0 00:00:00  -  Run Local Usage
		Usr 0 03:44:18, Sys 0 00:27:15  -  Total Remote Usage
		Usr 0 00:00:00, Sys 0 00:00:00  -  Total Local Usage
	0  -  Run Bytes Sent By Job
	0  -  Run Bytes Received By Job
	0  -  Total Bytes Sent By Job
	0  -  Total Bytes Received By Job
	Partitionable Resources :    Usage  Request Allocated Assigned
	   Cpus                 :     5.36        8         8 
	   Disk (KB)            :     2     1048576   1050150 
	   GPUs                 :     0.63        1         1 "GPU-1236270c"
	   GpusMemory (MB)      :  9266                       
	   Memory (MB)          :  1653       71680     71680 
	   TimeExecute (s)      :  4550                       
	   TimeSlotBusy (s)     :  4550                       
...
