Starting Job
/esat/smcdata/users/kkontras/Image_Dataset/no_backup/git/Synergy/train.py
/esat/smcdata/users/kkontras/Image_Dataset/no_backup/envs/balance_env/bin/python
Python 3.9.18
/esat/smcdata/users/kkontras/Image_Dataset/no_backup/git/Synergy
We have 1 GPU
/esat/smcdata/users/kkontras/Image_Dataset/no_backup/git/Synergy/train.py
config-./configs/CREMA_D/synergy/nov/synprom_ib.json
Executing command: accelerate launch /esat/smcdata/users/kkontras/Image_Dataset/no_backup/git/Synergy/train.py --config ./configs/CREMA_D/synergy/nov/synprom_ib.json --default_config ./configs/CREMA_D/default_config_cremad_res_syn.json --fold 1 --pre  --l 0.05 --contrcoeff 0 --lr 0.0001 --wd 0.0001 --cls mlp --perturb gennoise
Namespace(config='./configs/CREMA_D/synergy/nov/synprom_ib.json', default_config='./configs/CREMA_D/default_config_cremad_res_syn.json', fold='1', alpha=None, tanh_mode=None, tanh_mode_beta=None, regby=None, clip=None, batch_size=None, l='0.05', multil=None, l_diffsq=None, lib=None, ratio_us=None, ratio_snr=None, kmepoch=None, num_samples=None, pow=None, nstep=None, contrcoeff='0', kde_coeff=None, etube=None, temperature=None, contr_type=None, shuffle_type=None, validate_with=None, transform_type=None, trasform_before=None, num_classes=None, base_alpha=None, alpha_var=None, base_beta=None, beta_var=None, optim_method=None, ilr_c=None, ilr_g=None, mmcosine_scaling=None, ending_epoch=None, load_ongoing=None, commonlayers=None, recon_weight1=None, recon_weight2=None, recon_epochstages=None, recon_ensemblestages=None, lr='0.0001', wd='0.0001', mm=None, cls='mlp', perturb='gennoise', pre=True, frozen=False, tdqm_disable=False, start_over=False)
2025-11-09 11:29:56,804 - Config - INFO - ./configs/CREMA_D/synergy/nov/synprom_ib.json
2025-11-09 11:29:56,809 - Config - INFO -  THE Configuration of your experiment ..
{'agent': 'Agent',
 'dataset': {'data_roots': '/esat/smcdata/users/kkontras/Image_Dataset/no_backup/CremaD/CREMA-D',
             'data_split': {'fold': 0, 'method': 'non_inclusive'},
             'dataloader_class': 'CramedD_Dataloader',
             'fps': 1,
             'norm': False,
             'norm_face_path': './mydatasets/CREMAD/norm_face_path_fold{}.pkl',
             'norm_wav_path': './mydatasets/CREMAD/wav_norm_16000_fold{}.pkl',
             'num_frame': 3,
             'return_data': {'audio': False,
                             'face': False,
                             'spectrogram': True,
                             'video': True},
             'sampling_rate': 22050},
 'early_stopping': {'end_of_epoch_check': True,
                    'log_interval': 10,
                    'max_epoch': 1500,
                    'n_steps_stop': 20,
                    'n_steps_stop_after': 0,
                    'save_every_step': 3000,
                    'save_every_valstep': 10,
                    'validate_after': 0,
                    'validate_every': 25,
                    'validate_with': 'accuracy'},
 'exp_name': 'CREMAD Experiment',
 'model': {'args': {'bias_infusion': {'ending_epoch': 1500,
                                      'l': 0.1,
                                      'method': 'false',
                                      'plot': False,
                                      'starting_epoch': 0,
                                      'use': True},
                    'clip_grad': False,
                    'cls_type': 'linear',
                    'd_model': 512,
                    'dropout': 0.1,
                    'fc_inner': 64,
                    'multi_loss': {'multi_supervised_w': {'c': 0,
                                                          'combined': 1,
                                                          'g': 0}},
                    'num_classes': 6},
           'encoders': [{'args': {'d_model': 512,
                                  'dropout': 0.1,
                                  'fc_inner': 64,
                                  'freeze_encoder': False,
                                  'num_classes': 6},
                         'model': 'Audio_ResNet',
                         'pretrainedEncoder': {'dir': 'unimodal_audio_fold{}_lr0.001_wd0.0001.pth.tar',
                                               'use': False}},
                        {'args': {'d_model': 512,
                                  'dropout': 0.1,
                                  'fc_inner': 64,
                                  'freeze_encoder': False,
                                  'num_classes': 6},
                         'model': 'Video_ResNet',
                         'pretrainedEncoder': {'dir': 'unimodal_video_fold{}_lr0.001_wd0.0001.pth.tar',
                                               'use': False}}],
           'load_ongoing': False,
           'model_class': 'Fusion_Synprom_IB',
           'save_base_dir': '/esat/smcdata/users/kkontras/Image_Dataset/no_backup/data/2025_data/synergy',
           'save_dir': 'Synprom_IB_{}.pth.tar'},
 'optimizer': {'beta1': 0.9,
               'beta2': 0.999,
               'learning_rate': 1e-05,
               'momentum': 0.9,
               'type': 'Adam',
               'weight_decay': 1e-05},
 'scheduler': {'max_lr': 0.03, 'type': 'cosanneal', 'warm_up_steps': 780},
 'training_params': {'adversarial_training': {'adv_epsilon': 0.01,
                                              'use': False},
                     'async_loading': True,
                     'batch_size': 32,
                     'cuda': True,
                     'data_loader_workers': 8,
                     'gpu_device': [0],
                     'pin_memory': False,
                     'rec_test': True,
                     'res': True,
                     'seed': 109,
                     'tdqm_disable': False,
                     'test_batch_size': 32,
                     'test_on_bottoms': False,
                     'use_test_set': True,
                     'validation': True,
                     'verbose': True,
                     'wandb_disable': False}}
2025-11-09 11:29:56,810 - Config - INFO -  *************************************** 
2025-11-09 11:29:56,810 - Config - INFO - The experiment name is CREMAD Experiment
2025-11-09 11:29:56,810 - Config - INFO -  *************************************** 
2025-11-09 11:29:56,810 - root - INFO - save_dir: Synprom_IB_fold1_l0.05_contrcoeff0_perturbgennoise_lr0.0001_wd0.0001_clsmlp_pre.pth.tar
2025-11-09 11:29:56,937 - Cuda Statistics - INFO - __Python VERSION:  3.9.18 (main, Sep 11 2023, 13:41:44) 
[GCC 11.2.0]
2025-11-09 11:29:56,937 - Cuda Statistics - INFO - __pyTorch VERSION:  2.0.1+cu118
2025-11-09 11:29:56,937 - Cuda Statistics - INFO - __CUDA VERSION
2025-11-09 11:29:56,944 - Cuda Statistics - INFO - __CUDNN VERSION:  8700
2025-11-09 11:29:56,960 - Cuda Statistics - INFO - __Number CUDA Devices:  1
2025-11-09 11:29:56,960 - Cuda Statistics - INFO - __Devices
2025-11-09 11:29:56,960 - Cuda Statistics - INFO - index, name, driver_version, memory.total [MiB], memory.used [MiB], memory.free [MiB]
2025-11-09 11:29:56,960 - Cuda Statistics - INFO - 0, NVIDIA GeForce RTX 2080 Ti, 570.153.02, 11264 MiB, 3 MiB, 10821 MiB
2025-11-09 11:29:56,968 - Cuda Statistics - INFO - Active CUDA Device: GPU 0
2025-11-09 11:29:56,968 - Cuda Statistics - INFO - Available devices  1
2025-11-09 11:29:56,968 - Cuda Statistics - INFO - Current cuda device  0
This path does not exist /esat/smcdata/users/kkontras/Image_Dataset/no_backup/CremaD/CREMA-D/AudioWAV/1076_MTI_SAD_XX.wav or /esat/smcdata/users/kkontras/Image_Dataset/no_backup/CremaD/CREMA-D/Image-01-FPS/1076_MTI_SAD_XX or /esat/smcdata/users/kkontras/Image_Dataset/no_backup/CremaD/CREMA-D/Face_features/1076_MTI_SAD_XX.npy
2025-11-09 11:29:59,514 - root - INFO - Loaded wav norm from ./mydatasets/CREMAD/wav_norm_16000_fold1.pkl
2025-11-09 11:29:59,545 - root - INFO - Norm values are {'mean': tensor(-2.6751e-05), 'std': tensor(0.0610), 'max_duration': 5.005}
2025-11-09 11:29:59,781 - root - INFO - Loaded wav norm from ./mydatasets/CREMAD/wav_norm_16000_fold1.pkl
2025-11-09 11:29:59,782 - root - INFO - Norm values are {'mean': tensor(-2.6751e-05), 'std': tensor(0.0610), 'max_duration': 5.005}
2025-11-09 11:29:59,934 - root - INFO - Loaded wav norm from ./mydatasets/CREMAD/wav_norm_16000_fold1.pkl
2025-11-09 11:29:59,935 - root - INFO - Norm values are {'mean': tensor(-2.6751e-05), 'std': tensor(0.0610), 'max_duration': 5.005}
Available cores 8
We are changing dataloader workers to num of cores 0
2025-11-09 11:29:59,936 - Agent - INFO - Device: cuda:0
2025-11-09 11:29:59,936 - Agent - INFO - Total training batches: 126, validate every 25 batches, steps per epoch: 6
2025-11-09 11:30:04,505 - Agent - INFO - Loss Weights are {'total': 1, 'combined': 1, 'c': 0, 'g': 0}
2025-11-09 11:30:05,398 - root - INFO - Loading enc best model state dict from /esat/smcdata/users/kkontras/Image_Dataset/no_backup/data/2025_data/synergy/unimodal_audio_fold1_lr0.001_wd0.0001.pth.tar
Replacing module
2025-11-09 11:30:06,015 - root - INFO - Loading enc best model state dict from /esat/smcdata/users/kkontras/Image_Dataset/no_backup/data/2025_data/synergy/unimodal_video_fold1_lr0.001_wd0.0001.pth.tar
Replacing module
2025-11-09 11:30:06,064 - Agent - INFO - Total number of trainable parameters are: 23483032
2025-11-09 11:30:06,072 - Agent - INFO - Total number of trainable parameters are: 23483032
2025-11-09 11:34:01,966 - Agent - INFO - [37mVal Epoch 1 step 1 with [31mce_loss_combined : 0.751338 [31mtotal : 0.751338 [94mAcc_combined: 75.14 [94mAcc_c: 61.18 [94mAcc_g: 51.42 [95mCEU_cue_audio: 0.8360 [95mCEU_cue_video: 0.6558 [95mCEU_synergy: 0.2412 [95mCEU_coexistence: 0.9779 
2025-11-09 11:34:01,980 - Agent - INFO - [37mTest Epoch 1 step 1 with [31mce_loss_combined : 0.729962 [31mtotal : 0.729962 [94mAcc_combined: 76.39 [94mAcc_c: 60.87 [94mAcc_g: 58.03 
2025-11-09 11:34:02,862 - Agent - INFO - [37mModels has saved successfully in /esat/smcdata/users/kkontras/Image_Dataset/no_backup/data/2025_data/synergy/Synprom_IB_fold1_l0.05_contrcoeff0_perturbgennoise_lr0.0001_wd0.0001_clsmlp_pre.pth.tar
2025-11-09 11:37:51,928 - Agent - INFO - [37mVal Epoch 2 step 2 with [31mce_loss_combined : 0.950366 [31mtotal : 0.950366 [94mAcc_combined: 67.65 [94mAcc_c: 58.68 [94mAcc_g: 49.15 [95mCEU_cue_audio: 0.5126 [95mCEU_cue_video: 0.8089 [95mCEU_synergy: 0.2412 [95mCEU_coexistence: 0.9239 
2025-11-09 11:41:34,478 - Agent - INFO - [37mVal Epoch 3 step 3 with [31mce_loss_combined : 1.125392 [31mtotal : 1.125392 [94mAcc_combined: 63.79 [94mAcc_c: 59.48 [94mAcc_g: 50.51 [95mCEU_cue_audio: 0.4243 [95mCEU_cue_video: 0.7814 [95mCEU_synergy: 0.2072 [95mCEU_coexistence: 0.9144 
2025-11-09 11:45:14,835 - Agent - INFO - [37mVal Epoch 4 step 4 with [31mce_loss_combined : 1.417633 [31mtotal : 1.417633 [94mAcc_combined: 62.54 [94mAcc_c: 57.66 [94mAcc_g: 50.17 [95mCEU_cue_audio: 0.3571 [95mCEU_cue_video: 0.8032 [95mCEU_synergy: 0.2139 [95mCEU_coexistence: 0.9144 
2025-11-09 11:48:54,608 - Agent - INFO - [37mVal Epoch 5 step 5 with [31mce_loss_combined : 1.383192 [31mtotal : 1.383192 [94mAcc_combined: 61.07 [94mAcc_c: 58.80 [94mAcc_g: 50.40 [95mCEU_cue_audio: 0.3109 [95mCEU_cue_video: 0.8195 [95mCEU_synergy: 0.1932 [95mCEU_coexistence: 0.9080 
2025-11-09 11:52:33,751 - Agent - INFO - [37mVal Epoch 6 step 6 with [31mce_loss_combined : 1.569658 [31mtotal : 1.569658 [94mAcc_combined: 58.57 [94mAcc_c: 53.58 [94mAcc_g: 49.83 [95mCEU_cue_audio: 0.2731 [95mCEU_cue_video: 0.7868 [95mCEU_synergy: 0.2345 [95mCEU_coexistence: 0.8666 
2025-11-09 11:56:17,248 - Agent - INFO - [37mVal Epoch 7 step 7 with [31mce_loss_combined : 1.521706 [31mtotal : 1.521706 [94mAcc_combined: 60.84 [94mAcc_c: 54.03 [94mAcc_g: 49.94 [95mCEU_cue_audio: 0.3151 [95mCEU_cue_video: 0.8089 [95mCEU_synergy: 0.2072 [95mCEU_coexistence: 0.8985 
2025-11-09 11:59:56,553 - Agent - INFO - [37mVal Epoch 8 step 8 with [31mce_loss_combined : 1.390179 [31mtotal : 1.390179 [94mAcc_combined: 63.68 [94mAcc_c: 54.71 [94mAcc_g: 50.96 [95mCEU_cue_audio: 0.3657 [95mCEU_cue_video: 0.8195 [95mCEU_synergy: 0.2205 [95mCEU_coexistence: 0.9270 
2025-11-09 12:03:39,074 - Agent - INFO - [37mVal Epoch 9 step 9 with [31mce_loss_combined : 1.346246 [31mtotal : 1.346246 [94mAcc_combined: 66.29 [94mAcc_c: 57.32 [94mAcc_g: 51.99 [95mCEU_cue_audio: 0.4160 [95mCEU_cue_video: 0.8469 [95mCEU_synergy: 0.1792 [95mCEU_coexistence: 0.9650 
2025-11-09 12:07:30,685 - Agent - INFO - [37mVal Epoch 10 step 10 with [31mce_loss_combined : 1.494212 [31mtotal : 1.494212 [94mAcc_combined: 61.75 [94mAcc_c: 55.85 [94mAcc_g: 51.99 [95mCEU_cue_audio: 0.3277 [95mCEU_cue_video: 0.8142 [95mCEU_synergy: 0.1653 [95mCEU_coexistence: 0.9301 
2025-11-09 12:11:14,500 - Agent - INFO - [37mVal Epoch 11 step 11 with [31mce_loss_combined : 1.610620 [31mtotal : 1.610620 [94mAcc_combined: 59.59 [94mAcc_c: 54.03 [94mAcc_g: 48.13 [95mCEU_cue_audio: 0.2857 [95mCEU_cue_video: 0.8089 [95mCEU_synergy: 0.2072 [95mCEU_coexistence: 0.8856 
2025-11-09 12:14:57,374 - Agent - INFO - [37mVal Epoch 12 step 12 with [31mce_loss_combined : 1.447788 [31mtotal : 1.447788 [94mAcc_combined: 62.32 [94mAcc_c: 52.78 [94mAcc_g: 51.87 [95mCEU_cue_audio: 0.3362 [95mCEU_cue_video: 0.8305 [95mCEU_synergy: 0.1792 [95mCEU_coexistence: 0.9239 
2025-11-09 12:18:39,996 - Agent - INFO - [37mVal Epoch 13 step 13 with [31mce_loss_combined : 1.502106 [31mtotal : 1.502106 [94mAcc_combined: 63.68 [94mAcc_c: 55.73 [94mAcc_g: 50.85 [95mCEU_cue_audio: 0.3488 [95mCEU_cue_video: 0.8252 [95mCEU_synergy: 0.2139 [95mCEU_coexistence: 0.9396 
2025-11-09 12:22:21,115 - Agent - INFO - [37mVal Epoch 14 step 14 with [31mce_loss_combined : 1.622765 [31mtotal : 1.622765 [94mAcc_combined: 60.50 [94mAcc_c: 54.71 [94mAcc_g: 52.55 [95mCEU_cue_audio: 0.3068 [95mCEU_cue_video: 0.7925 [95mCEU_synergy: 0.1860 [95mCEU_coexistence: 0.9144 
2025-11-09 12:26:07,220 - Agent - INFO - [37mVal Epoch 15 step 15 with [31mce_loss_combined : 1.463659 [31mtotal : 1.463659 [94mAcc_combined: 65.49 [94mAcc_c: 55.05 [94mAcc_g: 52.55 [95mCEU_cue_audio: 0.3739 [95mCEU_cue_video: 0.8359 [95mCEU_synergy: 0.2412 [95mCEU_coexistence: 0.9524 
2025-11-09 12:29:49,050 - Agent - INFO - [37mVal Epoch 16 step 16 with [31mce_loss_combined : 1.546115 [31mtotal : 1.546115 [94mAcc_combined: 63.11 [94mAcc_c: 56.19 [94mAcc_g: 51.19 [95mCEU_cue_audio: 0.3528 [95mCEU_cue_video: 0.8089 [95mCEU_synergy: 0.2072 [95mCEU_coexistence: 0.9334 
2025-11-09 12:33:34,004 - Agent - INFO - [37mVal Epoch 17 step 17 with [31mce_loss_combined : 1.564674 [31mtotal : 1.564674 [94mAcc_combined: 58.91 [94mAcc_c: 49.15 [94mAcc_g: 51.42 [95mCEU_cue_audio: 0.2857 [95mCEU_cue_video: 0.8252 [95mCEU_synergy: 0.1653 [95mCEU_coexistence: 0.8761 
2025-11-09 12:37:14,897 - Agent - INFO - [37mVal Epoch 18 step 18 with [31mce_loss_combined : 1.485054 [31mtotal : 1.485054 [94mAcc_combined: 61.52 [94mAcc_c: 55.28 [94mAcc_g: 49.15 [95mCEU_cue_audio: 0.3277 [95mCEU_cue_video: 0.8032 [95mCEU_synergy: 0.1792 [95mCEU_coexistence: 0.9239 
2025-11-09 12:40:56,213 - Agent - INFO - [37mVal Epoch 19 step 19 with [31mce_loss_combined : 1.472302 [31mtotal : 1.472302 [94mAcc_combined: 62.20 [94mAcc_c: 52.67 [94mAcc_g: 53.12 [95mCEU_cue_audio: 0.3277 [95mCEU_cue_video: 0.8195 [95mCEU_synergy: 0.1792 [95mCEU_coexistence: 0.9334 
2025-11-09 12:44:40,775 - Agent - INFO - [37mVal Epoch 20 step 20 with [31mce_loss_combined : 1.484269 [31mtotal : 1.484269 [94mAcc_combined: 62.43 [94mAcc_c: 52.44 [94mAcc_g: 49.49 [95mCEU_cue_audio: 0.3277 [95mCEU_cue_video: 0.8032 [95mCEU_synergy: 0.2205 [95mCEU_coexistence: 0.9301 
2025-11-09 12:44:42,867 - Agent - INFO - We are in the final state.
2025-11-09 12:44:43,096 - root - INFO - Loaded best model from /esat/smcdata/users/kkontras/Image_Dataset/no_backup/data/2025_data/synergy/Synprom_IB_fold1_l0.05_contrcoeff0_perturbgennoise_lr0.0001_wd0.0001_clsmlp_pre.pth.tar
2025-11-09 12:44:58,622 - Agent - INFO - [37mVal Epoch 20 step 0 with [31mce_loss_combined : 0.751338 [31mtotal : 0.751338 [94mAcc_combined: 75.14 [94mAcc_c: 61.18 [94mAcc_g: 51.42 [95mCEU_cue_audio: 0.8360 [95mCEU_cue_video: 0.6558 [95mCEU_synergy: 0.2412 [95mCEU_coexistence: 0.9779 
2025-11-09 12:45:12,985 - Agent - INFO - [37mTest Epoch 20 step 0 with [31mce_loss_combined : 0.729962 [31mtotal : 0.729962 [94mAcc_combined: 76.39 [94mAcc_c: 60.87 [94mAcc_g: 58.03 
2025-11-09 12:45:14,315 - Agent - INFO - [37mModels has saved successfully in /esat/smcdata/users/kkontras/Image_Dataset/no_backup/data/2025_data/synergy/Synprom_IB_fold1_l0.05_contrcoeff0_perturbgennoise_lr0.0001_wd0.0001_clsmlp_pre.pth.tar
Job finished
