000 (016.006.000) 2025-11-09 11:29:26 Job submitted from host: <10.87.28.209:9618?addrs=10.87.28.209-9618&alias=krakas.esat.kuleuven.be&noUDP&sock=schedd_1611_9729>
...
001 (016.006.000) 2025-11-09 11:29:34 Job executing on host: <10.87.28.117:9618?addrs=10.87.28.117-9618&alias=stadius-nc-4.esat.kuleuven.be&noUDP&sock=startd_3335_1c6f>
	SlotName: slot1_2@stadius-nc-4.esat.kuleuven.be
	AvailableGPUs = { GPUs_GPU_8c3c8db2 }
	CondorScratchDir = "/volume1/condor/execute/dir_1336129"
	Cpus = 8
	Disk = 1050150
	GPUs = 1
	GPUs_GPU_8c3c8db2 = [ Id = "GPU-8c3c8db2"; ClockMhz = 1545.0; Capability = 7.5; CoresPerCU = 64; DeviceName = "NVIDIA GeForce RTX 2080 Ti"; DeviceUuid = "8c3c8db2-06a6-9e0e-a6ee-a948fb2f7f27"; ECCEnabled = false; ComputeUnits = 68; NvidiaDriver = "570.153.02"; DriverVersion = 12.8; DevicePciBusId = "0000:5B:00.0"; GlobalMemoryMb = 10823; MaxSupportedVersion = 12080 ]
	Memory = 71680
...
006 (016.006.000) 2025-11-09 11:29:42 Image size of job updated: 248444
	243  -  MemoryUsage of job (MB)
	248444  -  ResidentSetSize of job (KB)
...
006 (016.006.000) 2025-11-09 11:34:42 Image size of job updated: 1574752
	1483  -  MemoryUsage of job (MB)
	1518416  -  ResidentSetSize of job (KB)
...
006 (016.006.000) 2025-11-09 11:39:43 Image size of job updated: 1602168
	1525  -  MemoryUsage of job (MB)
	1560696  -  ResidentSetSize of job (KB)
...
006 (016.006.000) 2025-11-09 11:44:44 Image size of job updated: 1633676
	1530  -  MemoryUsage of job (MB)
	1566624  -  ResidentSetSize of job (KB)
...
006 (016.006.000) 2025-11-09 11:49:44 Image size of job updated: 1645308
	1600  -  MemoryUsage of job (MB)
	1637548  -  ResidentSetSize of job (KB)
...
006 (016.006.000) 2025-11-09 11:59:45 Image size of job updated: 1645308
	1605  -  MemoryUsage of job (MB)
	1642664  -  ResidentSetSize of job (KB)
...
006 (016.006.000) 2025-11-09 12:04:45 Image size of job updated: 1645672
	1605  -  MemoryUsage of job (MB)
	1642664  -  ResidentSetSize of job (KB)
...
006 (016.006.000) 2025-11-09 12:19:47 Image size of job updated: 1706132
	1605  -  MemoryUsage of job (MB)
	1642664  -  ResidentSetSize of job (KB)
...
006 (016.006.000) 2025-11-09 12:24:48 Image size of job updated: 1706132
	1623  -  MemoryUsage of job (MB)
	1661872  -  ResidentSetSize of job (KB)
...
006 (016.006.000) 2025-11-09 12:47:54 Image size of job updated: 2111544
	1623  -  MemoryUsage of job (MB)
	1661872  -  ResidentSetSize of job (KB)
...
005 (016.006.000) 2025-11-09 12:47:54 Job terminated.
	(1) Normal termination (return value 0)
		Usr 0 03:56:05, Sys 0 00:28:55  -  Run Remote Usage
		Usr 0 00:00:00, Sys 0 00:00:00  -  Run Local Usage
		Usr 0 03:56:05, Sys 0 00:28:55  -  Total Remote Usage
		Usr 0 00:00:00, Sys 0 00:00:00  -  Total Local Usage
	0  -  Run Bytes Sent By Job
	0  -  Run Bytes Received By Job
	0  -  Total Bytes Sent By Job
	0  -  Total Bytes Received By Job
	Partitionable Resources :    Usage  Request Allocated Assigned
	   Cpus                 :     2.88        8         8 
	   Disk (KB)            :     2     1048576   1050150 
	   GPUs                 :     0.62        1         1 "GPU-8c3c8db2"
	   GpusMemory (MB)      :  9266                       
	   Memory (MB)          :  1623       71680     71680 
	   TimeExecute (s)      :  4700                       
	   TimeSlotBusy (s)     :  4700                       
...
