Starting Job
/esat/smcdata/users/kkontras/Image_Dataset/no_backup/git/Synergy/train.py
/esat/smcdata/users/kkontras/Image_Dataset/no_backup/envs/balance_env/bin/python
Python 3.9.18
/esat/smcdata/users/kkontras/Image_Dataset/no_backup/git/Synergy
We have 1 GPU
/esat/smcdata/users/kkontras/Image_Dataset/no_backup/git/Synergy/train.py
config-./configs/CREMA_D/synergy/nov/synprom_ib.json
Executing command: accelerate launch /esat/smcdata/users/kkontras/Image_Dataset/no_backup/git/Synergy/train.py --config ./configs/CREMA_D/synergy/nov/synprom_ib.json --default_config ./configs/CREMA_D/default_config_cremad_res_syn.json --fold 1 --pre  --l 0.1 --contrcoeff 0 --lr 0.0001 --wd 0.0001 --cls mlp --perturb gennoise
Namespace(config='./configs/CREMA_D/synergy/nov/synprom_ib.json', default_config='./configs/CREMA_D/default_config_cremad_res_syn.json', fold='1', alpha=None, tanh_mode=None, tanh_mode_beta=None, regby=None, clip=None, batch_size=None, l='0.1', multil=None, l_diffsq=None, lib=None, ratio_us=None, ratio_snr=None, kmepoch=None, num_samples=None, pow=None, nstep=None, contrcoeff='0', kde_coeff=None, etube=None, temperature=None, contr_type=None, shuffle_type=None, validate_with=None, transform_type=None, trasform_before=None, num_classes=None, base_alpha=None, alpha_var=None, base_beta=None, beta_var=None, optim_method=None, ilr_c=None, ilr_g=None, mmcosine_scaling=None, ending_epoch=None, load_ongoing=None, commonlayers=None, recon_weight1=None, recon_weight2=None, recon_epochstages=None, recon_ensemblestages=None, lr='0.0001', wd='0.0001', mm=None, cls='mlp', perturb='gennoise', pre=True, frozen=False, tdqm_disable=False, start_over=False)
2025-11-09 11:30:09,883 - Config - INFO - ./configs/CREMA_D/synergy/nov/synprom_ib.json
2025-11-09 11:30:09,888 - Config - INFO -  THE Configuration of your experiment ..
{'agent': 'Agent',
 'dataset': {'data_roots': '/esat/smcdata/users/kkontras/Image_Dataset/no_backup/CremaD/CREMA-D',
             'data_split': {'fold': 0, 'method': 'non_inclusive'},
             'dataloader_class': 'CramedD_Dataloader',
             'fps': 1,
             'norm': False,
             'norm_face_path': './mydatasets/CREMAD/norm_face_path_fold{}.pkl',
             'norm_wav_path': './mydatasets/CREMAD/wav_norm_16000_fold{}.pkl',
             'num_frame': 3,
             'return_data': {'audio': False,
                             'face': False,
                             'spectrogram': True,
                             'video': True},
             'sampling_rate': 22050},
 'early_stopping': {'end_of_epoch_check': True,
                    'log_interval': 10,
                    'max_epoch': 1500,
                    'n_steps_stop': 20,
                    'n_steps_stop_after': 0,
                    'save_every_step': 3000,
                    'save_every_valstep': 10,
                    'validate_after': 0,
                    'validate_every': 25,
                    'validate_with': 'accuracy'},
 'exp_name': 'CREMAD Experiment',
 'model': {'args': {'bias_infusion': {'ending_epoch': 1500,
                                      'l': 0.1,
                                      'method': 'false',
                                      'plot': False,
                                      'starting_epoch': 0,
                                      'use': True},
                    'clip_grad': False,
                    'cls_type': 'linear',
                    'd_model': 512,
                    'dropout': 0.1,
                    'fc_inner': 64,
                    'multi_loss': {'multi_supervised_w': {'c': 0,
                                                          'combined': 1,
                                                          'g': 0}},
                    'num_classes': 6},
           'encoders': [{'args': {'d_model': 512,
                                  'dropout': 0.1,
                                  'fc_inner': 64,
                                  'freeze_encoder': False,
                                  'num_classes': 6},
                         'model': 'Audio_ResNet',
                         'pretrainedEncoder': {'dir': 'unimodal_audio_fold{}_lr0.001_wd0.0001.pth.tar',
                                               'use': False}},
                        {'args': {'d_model': 512,
                                  'dropout': 0.1,
                                  'fc_inner': 64,
                                  'freeze_encoder': False,
                                  'num_classes': 6},
                         'model': 'Video_ResNet',
                         'pretrainedEncoder': {'dir': 'unimodal_video_fold{}_lr0.001_wd0.0001.pth.tar',
                                               'use': False}}],
           'load_ongoing': False,
           'model_class': 'Fusion_Synprom_IB',
           'save_base_dir': '/esat/smcdata/users/kkontras/Image_Dataset/no_backup/data/2025_data/synergy',
           'save_dir': 'Synprom_IB_{}.pth.tar'},
 'optimizer': {'beta1': 0.9,
               'beta2': 0.999,
               'learning_rate': 1e-05,
               'momentum': 0.9,
               'type': 'Adam',
               'weight_decay': 1e-05},
 'scheduler': {'max_lr': 0.03, 'type': 'cosanneal', 'warm_up_steps': 780},
 'training_params': {'adversarial_training': {'adv_epsilon': 0.01,
                                              'use': False},
                     'async_loading': True,
                     'batch_size': 32,
                     'cuda': True,
                     'data_loader_workers': 8,
                     'gpu_device': [0],
                     'pin_memory': False,
                     'rec_test': True,
                     'res': True,
                     'seed': 109,
                     'tdqm_disable': False,
                     'test_batch_size': 32,
                     'test_on_bottoms': False,
                     'use_test_set': True,
                     'validation': True,
                     'verbose': True,
                     'wandb_disable': False}}
2025-11-09 11:30:09,891 - Config - INFO -  *************************************** 
2025-11-09 11:30:09,891 - Config - INFO - The experiment name is CREMAD Experiment
2025-11-09 11:30:09,891 - Config - INFO -  *************************************** 
2025-11-09 11:30:09,892 - root - INFO - save_dir: Synprom_IB_fold1_l0.1_contrcoeff0_perturbgennoise_lr0.0001_wd0.0001_clsmlp_pre.pth.tar
2025-11-09 11:30:10,129 - Cuda Statistics - INFO - __Python VERSION:  3.9.18 (main, Sep 11 2023, 13:41:44) 
[GCC 11.2.0]
2025-11-09 11:30:10,130 - Cuda Statistics - INFO - __pyTorch VERSION:  2.0.1+cu118
2025-11-09 11:30:10,130 - Cuda Statistics - INFO - __CUDA VERSION
2025-11-09 11:30:10,229 - Cuda Statistics - INFO - __CUDNN VERSION:  8700
2025-11-09 11:30:10,276 - Cuda Statistics - INFO - __Number CUDA Devices:  1
2025-11-09 11:30:10,276 - Cuda Statistics - INFO - __Devices
2025-11-09 11:30:10,276 - Cuda Statistics - INFO - index, name, driver_version, memory.total [MiB], memory.used [MiB], memory.free [MiB]
2025-11-09 11:30:10,276 - Cuda Statistics - INFO - 0, Tesla P100-PCIE-16GB, 580.95.05, 16384 MiB, 3 MiB, 16268 MiB
2025-11-09 11:30:10,281 - Cuda Statistics - INFO - Active CUDA Device: GPU 0
2025-11-09 11:30:10,281 - Cuda Statistics - INFO - Available devices  1
2025-11-09 11:30:10,281 - Cuda Statistics - INFO - Current cuda device  0
This path does not exist /esat/smcdata/users/kkontras/Image_Dataset/no_backup/CremaD/CREMA-D/AudioWAV/1076_MTI_SAD_XX.wav or /esat/smcdata/users/kkontras/Image_Dataset/no_backup/CremaD/CREMA-D/Image-01-FPS/1076_MTI_SAD_XX or /esat/smcdata/users/kkontras/Image_Dataset/no_backup/CremaD/CREMA-D/Face_features/1076_MTI_SAD_XX.npy
2025-11-09 11:30:12,713 - root - INFO - Loaded wav norm from ./mydatasets/CREMAD/wav_norm_16000_fold1.pkl
2025-11-09 11:30:12,785 - root - INFO - Norm values are {'mean': tensor(-2.6751e-05), 'std': tensor(0.0610), 'max_duration': 5.005}
2025-11-09 11:30:12,886 - root - INFO - Loaded wav norm from ./mydatasets/CREMAD/wav_norm_16000_fold1.pkl
2025-11-09 11:30:12,888 - root - INFO - Norm values are {'mean': tensor(-2.6751e-05), 'std': tensor(0.0610), 'max_duration': 5.005}
2025-11-09 11:30:12,941 - root - INFO - Loaded wav norm from ./mydatasets/CREMAD/wav_norm_16000_fold1.pkl
2025-11-09 11:30:12,943 - root - INFO - Norm values are {'mean': tensor(-2.6751e-05), 'std': tensor(0.0610), 'max_duration': 5.005}
Available cores 8
We are changing dataloader workers to num of cores 0
2025-11-09 11:30:12,948 - Agent - INFO - Device: cuda:0
2025-11-09 11:30:12,948 - Agent - INFO - Total training batches: 126, validate every 25 batches, steps per epoch: 6
2025-11-09 11:30:20,360 - Agent - INFO - Loss Weights are {'total': 1, 'combined': 1, 'c': 0, 'g': 0}
2025-11-09 11:30:22,484 - root - INFO - Loading enc best model state dict from /esat/smcdata/users/kkontras/Image_Dataset/no_backup/data/2025_data/synergy/unimodal_audio_fold1_lr0.001_wd0.0001.pth.tar
Replacing module
2025-11-09 11:30:23,583 - root - INFO - Loading enc best model state dict from /esat/smcdata/users/kkontras/Image_Dataset/no_backup/data/2025_data/synergy/unimodal_video_fold1_lr0.001_wd0.0001.pth.tar
Replacing module
2025-11-09 11:30:23,672 - Agent - INFO - Total number of trainable parameters are: 23483032
2025-11-09 11:30:23,691 - Agent - INFO - Total number of trainable parameters are: 23483032
2025-11-09 11:38:00,930 - Agent - INFO - [37mVal Epoch 1 step 1 with [31mce_loss_combined : 0.796306 [31mtotal : 0.796306 [94mAcc_combined: 75.03 [94mAcc_c: 61.52 [94mAcc_g: 51.08 [95mCEU_cue_audio: 0.8067 [95mCEU_cue_video: 0.6996 [95mCEU_synergy: 0.2345 [95mCEU_coexistence: 0.9746 
2025-11-09 11:38:00,956 - Agent - INFO - [37mTest Epoch 1 step 1 with [31mce_loss_combined : 0.764958 [31mtotal : 0.764958 [94mAcc_combined: 76.28 [94mAcc_c: 61.20 [94mAcc_g: 59.23 
2025-11-09 11:38:02,129 - Agent - INFO - [37mModels has saved successfully in /esat/smcdata/users/kkontras/Image_Dataset/no_backup/data/2025_data/synergy/Synprom_IB_fold1_l0.1_contrcoeff0_perturbgennoise_lr0.0001_wd0.0001_clsmlp_pre.pth.tar
2025-11-09 11:45:27,363 - Agent - INFO - [37mVal Epoch 2 step 2 with [31mce_loss_combined : 1.033824 [31mtotal : 1.033824 [94mAcc_combined: 66.63 [94mAcc_c: 58.80 [94mAcc_g: 48.69 [95mCEU_cue_audio: 0.4706 [95mCEU_cue_video: 0.8252 [95mCEU_synergy: 0.2139 [95mCEU_coexistence: 0.9301 
2025-11-09 11:52:53,232 - Agent - INFO - [37mVal Epoch 3 step 3 with [31mce_loss_combined : 1.177266 [31mtotal : 1.177266 [94mAcc_combined: 64.02 [94mAcc_c: 59.48 [94mAcc_g: 50.74 [95mCEU_cue_audio: 0.3949 [95mCEU_cue_video: 0.8032 [95mCEU_synergy: 0.2205 [95mCEU_coexistence: 0.9239 
2025-11-09 12:00:16,799 - Agent - INFO - [37mVal Epoch 4 step 4 with [31mce_loss_combined : 1.406073 [31mtotal : 1.406073 [94mAcc_combined: 61.86 [94mAcc_c: 56.98 [94mAcc_g: 51.87 [95mCEU_cue_audio: 0.3109 [95mCEU_cue_video: 0.8305 [95mCEU_synergy: 0.1932 [95mCEU_coexistence: 0.9239 
2025-11-09 12:07:39,990 - Agent - INFO - [37mVal Epoch 5 step 5 with [31mce_loss_combined : 1.361374 [31mtotal : 1.361374 [94mAcc_combined: 61.86 [94mAcc_c: 58.57 [94mAcc_g: 50.96 [95mCEU_cue_audio: 0.3109 [95mCEU_cue_video: 0.8416 [95mCEU_synergy: 0.1792 [95mCEU_coexistence: 0.9239 
2025-11-09 12:15:00,818 - Agent - INFO - [37mVal Epoch 6 step 6 with [31mce_loss_combined : 1.577310 [31mtotal : 1.577310 [94mAcc_combined: 56.98 [94mAcc_c: 53.35 [94mAcc_g: 50.28 [95mCEU_cue_audio: 0.2436 [95mCEU_cue_video: 0.7814 [95mCEU_synergy: 0.2278 [95mCEU_coexistence: 0.8509 
2025-11-09 12:22:21,496 - Agent - INFO - [37mVal Epoch 7 step 7 with [31mce_loss_combined : 1.499965 [31mtotal : 1.499965 [94mAcc_combined: 60.16 [94mAcc_c: 53.80 [94mAcc_g: 51.19 [95mCEU_cue_audio: 0.2857 [95mCEU_cue_video: 0.8142 [95mCEU_synergy: 0.2072 [95mCEU_coexistence: 0.8985 
2025-11-09 12:29:43,767 - Agent - INFO - [37mVal Epoch 8 step 8 with [31mce_loss_combined : 1.377232 [31mtotal : 1.377232 [94mAcc_combined: 63.11 [94mAcc_c: 54.37 [94mAcc_g: 51.76 [95mCEU_cue_audio: 0.3320 [95mCEU_cue_video: 0.8305 [95mCEU_synergy: 0.2205 [95mCEU_coexistence: 0.9301 
2025-11-09 12:37:03,860 - Agent - INFO - [37mVal Epoch 9 step 9 with [31mce_loss_combined : 1.334828 [31mtotal : 1.334828 [94mAcc_combined: 65.38 [94mAcc_c: 57.78 [94mAcc_g: 52.33 [95mCEU_cue_audio: 0.3865 [95mCEU_cue_video: 0.8527 [95mCEU_synergy: 0.1792 [95mCEU_coexistence: 0.9586 
2025-11-09 12:44:22,281 - Agent - INFO - [37mVal Epoch 10 step 10 with [31mce_loss_combined : 1.435242 [31mtotal : 1.435242 [94mAcc_combined: 62.09 [94mAcc_c: 56.07 [94mAcc_g: 51.65 [95mCEU_cue_audio: 0.3277 [95mCEU_cue_video: 0.8142 [95mCEU_synergy: 0.1653 [95mCEU_coexistence: 0.9396 
2025-11-09 12:51:48,068 - Agent - INFO - [37mVal Epoch 11 step 11 with [31mce_loss_combined : 1.567906 [31mtotal : 1.567906 [94mAcc_combined: 59.70 [94mAcc_c: 53.35 [94mAcc_g: 48.69 [95mCEU_cue_audio: 0.2773 [95mCEU_cue_video: 0.8142 [95mCEU_synergy: 0.2205 [95mCEU_coexistence: 0.8856 
2025-11-09 12:59:10,025 - Agent - INFO - [37mVal Epoch 12 step 12 with [31mce_loss_combined : 1.399729 [31mtotal : 1.399729 [94mAcc_combined: 62.77 [94mAcc_c: 52.78 [94mAcc_g: 52.78 [95mCEU_cue_audio: 0.3402 [95mCEU_cue_video: 0.8252 [95mCEU_synergy: 0.1860 [95mCEU_coexistence: 0.9334 
2025-11-09 13:06:31,366 - Agent - INFO - [37mVal Epoch 13 step 13 with [31mce_loss_combined : 1.462328 [31mtotal : 1.462328 [94mAcc_combined: 63.11 [94mAcc_c: 55.39 [94mAcc_g: 50.40 [95mCEU_cue_audio: 0.3362 [95mCEU_cue_video: 0.8252 [95mCEU_synergy: 0.2139 [95mCEU_coexistence: 0.9334 
2025-11-09 13:13:58,887 - Agent - INFO - [37mVal Epoch 14 step 14 with [31mce_loss_combined : 1.557082 [31mtotal : 1.557082 [94mAcc_combined: 61.07 [94mAcc_c: 53.80 [94mAcc_g: 52.10 [95mCEU_cue_audio: 0.3151 [95mCEU_cue_video: 0.7978 [95mCEU_synergy: 0.1860 [95mCEU_coexistence: 0.9206 
2025-11-09 13:21:26,467 - Agent - INFO - [37mVal Epoch 15 step 15 with [31mce_loss_combined : 1.415737 [31mtotal : 1.415737 [94mAcc_combined: 65.04 [94mAcc_c: 55.16 [94mAcc_g: 52.33 [95mCEU_cue_audio: 0.3697 [95mCEU_cue_video: 0.8195 [95mCEU_synergy: 0.2412 [95mCEU_coexistence: 0.9524 
2025-11-09 13:28:52,188 - Agent - INFO - [37mVal Epoch 16 step 16 with [31mce_loss_combined : 1.482470 [31mtotal : 1.482470 [94mAcc_combined: 62.88 [94mAcc_c: 56.30 [94mAcc_g: 51.42 [95mCEU_cue_audio: 0.3528 [95mCEU_cue_video: 0.8032 [95mCEU_synergy: 0.1932 [95mCEU_coexistence: 0.9365 
2025-11-09 13:36:15,311 - Agent - INFO - [37mVal Epoch 17 step 17 with [31mce_loss_combined : 1.482573 [31mtotal : 1.482573 [94mAcc_combined: 60.39 [94mAcc_c: 49.26 [94mAcc_g: 51.42 [95mCEU_cue_audio: 0.3109 [95mCEU_cue_video: 0.8305 [95mCEU_synergy: 0.1860 [95mCEU_coexistence: 0.8856 
2025-11-09 13:43:37,140 - Agent - INFO - [37mVal Epoch 18 step 18 with [31mce_loss_combined : 1.434660 [31mtotal : 1.434660 [94mAcc_combined: 61.29 [94mAcc_c: 55.05 [94mAcc_g: 49.72 [95mCEU_cue_audio: 0.3236 [95mCEU_cue_video: 0.8089 [95mCEU_synergy: 0.1792 [95mCEU_coexistence: 0.9175 
2025-11-09 13:50:58,503 - Agent - INFO - [37mVal Epoch 19 step 19 with [31mce_loss_combined : 1.420808 [31mtotal : 1.420808 [94mAcc_combined: 63.00 [94mAcc_c: 52.21 [94mAcc_g: 54.14 [95mCEU_cue_audio: 0.3320 [95mCEU_cue_video: 0.8195 [95mCEU_synergy: 0.1860 [95mCEU_coexistence: 0.9491 
2025-11-09 13:58:26,419 - Agent - INFO - [37mVal Epoch 20 step 20 with [31mce_loss_combined : 1.447693 [31mtotal : 1.447693 [94mAcc_combined: 62.77 [94mAcc_c: 51.42 [94mAcc_g: 50.62 [95mCEU_cue_audio: 0.3446 [95mCEU_cue_video: 0.8032 [95mCEU_synergy: 0.2139 [95mCEU_coexistence: 0.9301 
2025-11-09 13:58:29,688 - Agent - INFO - We are in the final state.
2025-11-09 13:58:30,742 - root - INFO - Loaded best model from /esat/smcdata/users/kkontras/Image_Dataset/no_backup/data/2025_data/synergy/Synprom_IB_fold1_l0.1_contrcoeff0_perturbgennoise_lr0.0001_wd0.0001_clsmlp_pre.pth.tar
2025-11-09 13:58:57,110 - Agent - INFO - [37mVal Epoch 20 step 0 with [31mce_loss_combined : 0.796306 [31mtotal : 0.796306 [94mAcc_combined: 75.03 [94mAcc_c: 61.52 [94mAcc_g: 51.08 [95mCEU_cue_audio: 0.8067 [95mCEU_cue_video: 0.6996 [95mCEU_synergy: 0.2345 [95mCEU_coexistence: 0.9746 
2025-11-09 13:59:22,795 - Agent - INFO - [37mTest Epoch 20 step 0 with [31mce_loss_combined : 0.764958 [31mtotal : 0.764958 [94mAcc_combined: 76.28 [94mAcc_c: 61.20 [94mAcc_g: 59.23 
2025-11-09 13:59:24,483 - Agent - INFO - [37mModels has saved successfully in /esat/smcdata/users/kkontras/Image_Dataset/no_backup/data/2025_data/synergy/Synprom_IB_fold1_l0.1_contrcoeff0_perturbgennoise_lr0.0001_wd0.0001_clsmlp_pre.pth.tar
Job finished
