000 (016.008.000) 2025-11-09 11:29:26 Job submitted from host: <10.87.28.209:9618?addrs=10.87.28.209-9618&alias=krakas.esat.kuleuven.be&noUDP&sock=schedd_1611_9729>
...
001 (016.008.000) 2025-11-09 11:29:36 Job executing on host: <10.87.24.25:9618?addrs=10.87.24.25-9618+[--1]-9618&alias=estragon.esat.kuleuven.be&noUDP&sock=startd_2009_95db>
	SlotName: slot1_3@estragon.esat.kuleuven.be
	AvailableGPUs = { GPUs_GPU_193a1cfd }
	CondorScratchDir = "/usr/data/condor/execute/dir_354760"
	Cpus = 8
	Disk = 1054592
	GPUs = 1
	GPUs_GPU_193a1cfd = [ Id = "GPU-193a1cfd"; ClockMhz = 1328.5; Capability = 6.0; CoresPerCU = 64; DeviceName = "Tesla P100-PCIE-16GB"; DeviceUuid = "193a1cfd-3ef5-207c-3098-c99b2d71fabc"; ECCEnabled = true; ComputeUnits = 56; NvidiaDriver = "580.95.05"; DriverVersion = 13.0; DevicePciBusId = "0000:0E:00.0"; GlobalMemoryMb = 16269; MaxSupportedVersion = 13000 ]
	Memory = 71680
...
006 (016.008.000) 2025-11-09 11:29:44 Image size of job updated: 221792
	217  -  MemoryUsage of job (MB)
	221792  -  ResidentSetSize of job (KB)
...
006 (016.008.000) 2025-11-09 11:34:44 Image size of job updated: 1373004
	1259  -  MemoryUsage of job (MB)
	1288240  -  ResidentSetSize of job (KB)
...
006 (016.008.000) 2025-11-09 11:39:45 Image size of job updated: 1476936
	1392  -  MemoryUsage of job (MB)
	1424484  -  ResidentSetSize of job (KB)
...
006 (016.008.000) 2025-11-09 11:44:45 Image size of job updated: 1492376
	1458  -  MemoryUsage of job (MB)
	1492376  -  ResidentSetSize of job (KB)
...
006 (016.008.000) 2025-11-09 11:54:46 Image size of job updated: 1507632
	1458  -  MemoryUsage of job (MB)
	1492376  -  ResidentSetSize of job (KB)
...
006 (016.008.000) 2025-11-09 11:59:47 Image size of job updated: 1509200
	1458  -  MemoryUsage of job (MB)
	1492376  -  ResidentSetSize of job (KB)
...
006 (016.008.000) 2025-11-09 12:09:48 Image size of job updated: 1512092
	1458  -  MemoryUsage of job (MB)
	1492376  -  ResidentSetSize of job (KB)
...
006 (016.008.000) 2025-11-09 12:14:49 Image size of job updated: 1512544
	1458  -  MemoryUsage of job (MB)
	1492376  -  ResidentSetSize of job (KB)
...
006 (016.008.000) 2025-11-09 12:29:51 Image size of job updated: 1526536
	1458  -  MemoryUsage of job (MB)
	1492376  -  ResidentSetSize of job (KB)
...
006 (016.008.000) 2025-11-09 13:04:54 Image size of job updated: 1526536
	1482  -  MemoryUsage of job (MB)
	1516968  -  ResidentSetSize of job (KB)
...
006 (016.008.000) 2025-11-09 13:59:59 Image size of job updated: 1656720
	1482  -  MemoryUsage of job (MB)
	1516968  -  ResidentSetSize of job (KB)
...
005 (016.008.000) 2025-11-09 14:04:28 Job terminated.
	(1) Normal termination (return value 0)
		Usr 0 06:38:44, Sys 0 00:36:36  -  Run Remote Usage
		Usr 0 00:00:00, Sys 0 00:00:00  -  Run Local Usage
		Usr 0 06:38:44, Sys 0 00:36:36  -  Total Remote Usage
		Usr 0 00:00:00, Sys 0 00:00:00  -  Total Local Usage
	0  -  Run Bytes Sent By Job
	0  -  Run Bytes Received By Job
	0  -  Total Bytes Sent By Job
	0  -  Total Bytes Received By Job
	Partitionable Resources :    Usage  Request Allocated Assigned
	   Cpus                 :     2.58        8         8 
	   Disk (KB)            :     2     1048576   1054592 
	   GPUs                 :     0.62        1         1 "GPU-193a1cfd"
	   GpusMemory (MB)      :  9049                       
	   Memory (MB)          :  1482       71680     71680 
	   TimeExecute (s)      :  9292                       
	   TimeSlotBusy (s)     :  9292                       
...
