Starting Job
/esat/smcdata/users/kkontras/Image_Dataset/no_backup/git/Synergy/train.py
/esat/smcdata/users/kkontras/Image_Dataset/no_backup/envs/balance_env/bin/python
Python 3.9.18
/esat/smcdata/users/kkontras/Image_Dataset/no_backup/git/Synergy
We have 1 GPU
/esat/smcdata/users/kkontras/Image_Dataset/no_backup/git/Synergy/train.py
config-./configs/CREMA_D/synergy/nov/synprom_ib.json
Executing command: accelerate launch /esat/smcdata/users/kkontras/Image_Dataset/no_backup/git/Synergy/train.py --config ./configs/CREMA_D/synergy/nov/synprom_ib.json --default_config ./configs/CREMA_D/default_config_cremad_res_syn.json --fold 2 --pre  --l 0.1 --contrcoeff 0 --lr 0.0001 --wd 0.0001 --cls mlp --perturb gennoise
Namespace(config='./configs/CREMA_D/synergy/nov/synprom_ib.json', default_config='./configs/CREMA_D/default_config_cremad_res_syn.json', fold='2', alpha=None, tanh_mode=None, tanh_mode_beta=None, regby=None, clip=None, batch_size=None, l='0.1', multil=None, l_diffsq=None, lib=None, ratio_us=None, ratio_snr=None, kmepoch=None, num_samples=None, pow=None, nstep=None, contrcoeff='0', kde_coeff=None, etube=None, temperature=None, contr_type=None, shuffle_type=None, validate_with=None, transform_type=None, trasform_before=None, num_classes=None, base_alpha=None, alpha_var=None, base_beta=None, beta_var=None, optim_method=None, ilr_c=None, ilr_g=None, mmcosine_scaling=None, ending_epoch=None, load_ongoing=None, commonlayers=None, recon_weight1=None, recon_weight2=None, recon_epochstages=None, recon_ensemblestages=None, lr='0.0001', wd='0.0001', mm=None, cls='mlp', perturb='gennoise', pre=True, frozen=False, tdqm_disable=False, start_over=False)
2025-11-09 11:30:09,882 - Config - INFO - ./configs/CREMA_D/synergy/nov/synprom_ib.json
2025-11-09 11:30:09,887 - Config - INFO -  THE Configuration of your experiment ..
{'agent': 'Agent',
 'dataset': {'data_roots': '/esat/smcdata/users/kkontras/Image_Dataset/no_backup/CremaD/CREMA-D',
             'data_split': {'fold': 0, 'method': 'non_inclusive'},
             'dataloader_class': 'CramedD_Dataloader',
             'fps': 1,
             'norm': False,
             'norm_face_path': './mydatasets/CREMAD/norm_face_path_fold{}.pkl',
             'norm_wav_path': './mydatasets/CREMAD/wav_norm_16000_fold{}.pkl',
             'num_frame': 3,
             'return_data': {'audio': False,
                             'face': False,
                             'spectrogram': True,
                             'video': True},
             'sampling_rate': 22050},
 'early_stopping': {'end_of_epoch_check': True,
                    'log_interval': 10,
                    'max_epoch': 1500,
                    'n_steps_stop': 20,
                    'n_steps_stop_after': 0,
                    'save_every_step': 3000,
                    'save_every_valstep': 10,
                    'validate_after': 0,
                    'validate_every': 25,
                    'validate_with': 'accuracy'},
 'exp_name': 'CREMAD Experiment',
 'model': {'args': {'bias_infusion': {'ending_epoch': 1500,
                                      'l': 0.1,
                                      'method': 'false',
                                      'plot': False,
                                      'starting_epoch': 0,
                                      'use': True},
                    'clip_grad': False,
                    'cls_type': 'linear',
                    'd_model': 512,
                    'dropout': 0.1,
                    'fc_inner': 64,
                    'multi_loss': {'multi_supervised_w': {'c': 0,
                                                          'combined': 1,
                                                          'g': 0}},
                    'num_classes': 6},
           'encoders': [{'args': {'d_model': 512,
                                  'dropout': 0.1,
                                  'fc_inner': 64,
                                  'freeze_encoder': False,
                                  'num_classes': 6},
                         'model': 'Audio_ResNet',
                         'pretrainedEncoder': {'dir': 'unimodal_audio_fold{}_lr0.001_wd0.0001.pth.tar',
                                               'use': False}},
                        {'args': {'d_model': 512,
                                  'dropout': 0.1,
                                  'fc_inner': 64,
                                  'freeze_encoder': False,
                                  'num_classes': 6},
                         'model': 'Video_ResNet',
                         'pretrainedEncoder': {'dir': 'unimodal_video_fold{}_lr0.001_wd0.0001.pth.tar',
                                               'use': False}}],
           'load_ongoing': False,
           'model_class': 'Fusion_Synprom_IB',
           'save_base_dir': '/esat/smcdata/users/kkontras/Image_Dataset/no_backup/data/2025_data/synergy',
           'save_dir': 'Synprom_IB_{}.pth.tar'},
 'optimizer': {'beta1': 0.9,
               'beta2': 0.999,
               'learning_rate': 1e-05,
               'momentum': 0.9,
               'type': 'Adam',
               'weight_decay': 1e-05},
 'scheduler': {'max_lr': 0.03, 'type': 'cosanneal', 'warm_up_steps': 780},
 'training_params': {'adversarial_training': {'adv_epsilon': 0.01,
                                              'use': False},
                     'async_loading': True,
                     'batch_size': 32,
                     'cuda': True,
                     'data_loader_workers': 8,
                     'gpu_device': [0],
                     'pin_memory': False,
                     'rec_test': True,
                     'res': True,
                     'seed': 109,
                     'tdqm_disable': False,
                     'test_batch_size': 32,
                     'test_on_bottoms': False,
                     'use_test_set': True,
                     'validation': True,
                     'verbose': True,
                     'wandb_disable': False}}
2025-11-09 11:30:09,891 - Config - INFO -  *************************************** 
2025-11-09 11:30:09,891 - Config - INFO - The experiment name is CREMAD Experiment
2025-11-09 11:30:09,891 - Config - INFO -  *************************************** 
2025-11-09 11:30:09,891 - root - INFO - save_dir: Synprom_IB_fold2_l0.1_contrcoeff0_perturbgennoise_lr0.0001_wd0.0001_clsmlp_pre.pth.tar
2025-11-09 11:30:10,127 - Cuda Statistics - INFO - __Python VERSION:  3.9.18 (main, Sep 11 2023, 13:41:44) 
[GCC 11.2.0]
2025-11-09 11:30:10,127 - Cuda Statistics - INFO - __pyTorch VERSION:  2.0.1+cu118
2025-11-09 11:30:10,127 - Cuda Statistics - INFO - __CUDA VERSION
2025-11-09 11:30:10,238 - Cuda Statistics - INFO - __CUDNN VERSION:  8700
2025-11-09 11:30:10,283 - Cuda Statistics - INFO - __Number CUDA Devices:  1
2025-11-09 11:30:10,283 - Cuda Statistics - INFO - __Devices
2025-11-09 11:30:10,283 - Cuda Statistics - INFO - index, name, driver_version, memory.total [MiB], memory.used [MiB], memory.free [MiB]
2025-11-09 11:30:10,283 - Cuda Statistics - INFO - 0, Tesla P100-PCIE-16GB, 580.95.05, 16384 MiB, 3 MiB, 16268 MiB
2025-11-09 11:30:10,286 - Cuda Statistics - INFO - Active CUDA Device: GPU 0
2025-11-09 11:30:10,286 - Cuda Statistics - INFO - Available devices  1
2025-11-09 11:30:10,286 - Cuda Statistics - INFO - Current cuda device  0
This path does not exist /esat/smcdata/users/kkontras/Image_Dataset/no_backup/CremaD/CREMA-D/AudioWAV/1076_MTI_SAD_XX.wav or /esat/smcdata/users/kkontras/Image_Dataset/no_backup/CremaD/CREMA-D/Image-01-FPS/1076_MTI_SAD_XX or /esat/smcdata/users/kkontras/Image_Dataset/no_backup/CremaD/CREMA-D/Face_features/1076_MTI_SAD_XX.npy
2025-11-09 11:30:12,713 - root - INFO - Loaded wav norm from ./mydatasets/CREMAD/wav_norm_16000_fold2.pkl
2025-11-09 11:30:12,785 - root - INFO - Norm values are {'mean': tensor(-2.7781e-05), 'std': tensor(0.0615), 'max_duration': 5.005}
2025-11-09 11:30:12,886 - root - INFO - Loaded wav norm from ./mydatasets/CREMAD/wav_norm_16000_fold2.pkl
2025-11-09 11:30:12,887 - root - INFO - Norm values are {'mean': tensor(-2.7781e-05), 'std': tensor(0.0615), 'max_duration': 5.005}
2025-11-09 11:30:12,941 - root - INFO - Loaded wav norm from ./mydatasets/CREMAD/wav_norm_16000_fold2.pkl
2025-11-09 11:30:12,942 - root - INFO - Norm values are {'mean': tensor(-2.7781e-05), 'std': tensor(0.0615), 'max_duration': 5.005}
Available cores 8
We are changing dataloader workers to num of cores 0
2025-11-09 11:30:12,947 - Agent - INFO - Device: cuda:0
2025-11-09 11:30:12,948 - Agent - INFO - Total training batches: 126, validate every 25 batches, steps per epoch: 6
2025-11-09 11:30:20,359 - Agent - INFO - Loss Weights are {'total': 1, 'combined': 1, 'c': 0, 'g': 0}
2025-11-09 11:30:22,486 - root - INFO - Loading enc best model state dict from /esat/smcdata/users/kkontras/Image_Dataset/no_backup/data/2025_data/synergy/unimodal_audio_fold2_lr0.001_wd0.0001.pth.tar
Replacing module
2025-11-09 11:30:23,573 - root - INFO - Loading enc best model state dict from /esat/smcdata/users/kkontras/Image_Dataset/no_backup/data/2025_data/synergy/unimodal_video_fold2_lr0.001_wd0.0001.pth.tar
Replacing module
2025-11-09 11:30:23,664 - Agent - INFO - Total number of trainable parameters are: 23483032
2025-11-09 11:30:23,684 - Agent - INFO - Total number of trainable parameters are: 23483032
2025-11-09 11:37:53,495 - Agent - INFO - [37mVal Epoch 1 step 1 with [31mce_loss_combined : 0.897286 [31mtotal : 0.897286 [94mAcc_combined: 69.85 [94mAcc_c: 59.15 [94mAcc_g: 63.52 [95mCEU_cue_audio: 0.8782 [95mCEU_cue_video: 0.4486 [95mCEU_synergy: 0.1574 [95mCEU_coexistence: 0.9726 
2025-11-09 11:37:53,544 - Agent - INFO - [37mTest Epoch 1 step 1 with [31mce_loss_combined : 0.843155 [31mtotal : 0.843155 [94mAcc_combined: 73.88 [94mAcc_c: 63.28 [94mAcc_g: 53.43 
2025-11-09 11:37:54,257 - Agent - INFO - [37mModels has saved successfully in /esat/smcdata/users/kkontras/Image_Dataset/no_backup/data/2025_data/synergy/Synprom_IB_fold2_l0.1_contrcoeff0_perturbgennoise_lr0.0001_wd0.0001_clsmlp_pre.pth.tar
2025-11-09 11:45:10,440 - Agent - INFO - [37mVal Epoch 2 step 2 with [31mce_loss_combined : 0.748561 [31mtotal : 0.748561 [94mAcc_combined: 76.41 [94mAcc_c: 56.50 [94mAcc_g: 64.44 [95mCEU_cue_audio: 0.7991 [95mCEU_cue_video: 0.6995 [95mCEU_synergy: 0.2756 [95mCEU_coexistence: 0.9758 
2025-11-09 11:45:10,467 - Agent - INFO - [37mTest Epoch 2 step 2 with [31mce_loss_combined : 0.870832 [31mtotal : 0.870832 [94mAcc_combined: 71.84 [94mAcc_c: 61.99 [94mAcc_g: 54.60 
2025-11-09 11:45:11,284 - Agent - INFO - [37mModels has saved successfully in /esat/smcdata/users/kkontras/Image_Dataset/no_backup/data/2025_data/synergy/Synprom_IB_fold2_l0.1_contrcoeff0_perturbgennoise_lr0.0001_wd0.0001_clsmlp_pre.pth.tar
2025-11-09 11:52:26,098 - Agent - INFO - [37mVal Epoch 3 step 3 with [31mce_loss_combined : 0.742526 [31mtotal : 0.742526 [94mAcc_combined: 75.72 [94mAcc_c: 58.57 [94mAcc_g: 62.83 [95mCEU_cue_audio: 0.6826 [95mCEU_cue_video: 0.7938 [95mCEU_synergy: 0.2442 [95mCEU_coexistence: 0.9726 
2025-11-09 11:59:43,018 - Agent - INFO - [37mVal Epoch 4 step 4 with [31mce_loss_combined : 0.809730 [31mtotal : 0.809730 [94mAcc_combined: 73.99 [94mAcc_c: 56.04 [94mAcc_g: 63.87 [95mCEU_cue_audio: 0.5977 [95mCEU_cue_video: 0.8071 [95mCEU_synergy: 0.2676 [95mCEU_coexistence: 0.9576 
2025-11-09 12:06:59,619 - Agent - INFO - [37mVal Epoch 5 step 5 with [31mce_loss_combined : 0.896388 [31mtotal : 0.896388 [94mAcc_combined: 71.92 [94mAcc_c: 58.00 [94mAcc_g: 62.26 [95mCEU_cue_audio: 0.5503 [95mCEU_cue_video: 0.8297 [95mCEU_synergy: 0.2285 [95mCEU_coexistence: 0.9302 
2025-11-09 12:14:13,062 - Agent - INFO - [37mVal Epoch 6 step 6 with [31mce_loss_combined : 0.969124 [31mtotal : 0.969124 [94mAcc_combined: 71.12 [94mAcc_c: 57.88 [94mAcc_g: 60.53 [95mCEU_cue_audio: 0.5186 [95mCEU_cue_video: 0.8207 [95mCEU_synergy: 0.2361 [95mCEU_coexistence: 0.9302 
2025-11-09 12:21:30,135 - Agent - INFO - [37mVal Epoch 7 step 7 with [31mce_loss_combined : 0.825340 [31mtotal : 0.825340 [94mAcc_combined: 74.68 [94mAcc_c: 55.81 [94mAcc_g: 62.83 [95mCEU_cue_audio: 0.5715 [95mCEU_cue_video: 0.8476 [95mCEU_synergy: 0.2204 [95mCEU_coexistence: 0.9818 
2025-11-09 12:28:44,990 - Agent - INFO - [37mVal Epoch 8 step 8 with [31mce_loss_combined : 0.830680 [31mtotal : 0.830680 [94mAcc_combined: 74.80 [94mAcc_c: 56.85 [94mAcc_g: 63.29 [95mCEU_cue_audio: 0.5871 [95mCEU_cue_video: 0.8566 [95mCEU_synergy: 0.2047 [95mCEU_coexistence: 0.9758 
2025-11-09 12:35:59,788 - Agent - INFO - [37mVal Epoch 9 step 9 with [31mce_loss_combined : 0.857924 [31mtotal : 0.857924 [94mAcc_combined: 74.11 [94mAcc_c: 56.27 [94mAcc_g: 61.80 [95mCEU_cue_audio: 0.6083 [95mCEU_cue_video: 0.8297 [95mCEU_synergy: 0.1889 [95mCEU_coexistence: 0.9697 
2025-11-09 12:43:17,438 - Agent - INFO - [37mVal Epoch 10 step 10 with [31mce_loss_combined : 0.859701 [31mtotal : 0.859701 [94mAcc_combined: 73.88 [94mAcc_c: 55.58 [94mAcc_g: 63.41 [95mCEU_cue_audio: 0.5660 [95mCEU_cue_video: 0.8566 [95mCEU_synergy: 0.2047 [95mCEU_coexistence: 0.9637 
2025-11-09 12:50:38,434 - Agent - INFO - [37mVal Epoch 11 step 11 with [31mce_loss_combined : 0.823303 [31mtotal : 0.823303 [94mAcc_combined: 75.37 [94mAcc_c: 54.55 [94mAcc_g: 60.30 [95mCEU_cue_audio: 0.5766 [95mCEU_cue_video: 0.8655 [95mCEU_synergy: 0.2599 [95mCEU_coexistence: 0.9697 
2025-11-09 12:57:54,608 - Agent - INFO - [37mVal Epoch 12 step 12 with [31mce_loss_combined : 1.026993 [31mtotal : 1.026993 [94mAcc_combined: 70.43 [94mAcc_c: 52.01 [94mAcc_g: 61.22 [95mCEU_cue_audio: 0.5186 [95mCEU_cue_video: 0.8028 [95mCEU_synergy: 0.1417 [95mCEU_coexistence: 0.9605 
2025-11-09 13:05:09,431 - Agent - INFO - [37mVal Epoch 13 step 13 with [31mce_loss_combined : 0.887066 [31mtotal : 0.887066 [94mAcc_combined: 74.11 [94mAcc_c: 52.13 [94mAcc_g: 61.80 [95mCEU_cue_audio: 0.5766 [95mCEU_cue_video: 0.8429 [95mCEU_synergy: 0.2127 [95mCEU_coexistence: 0.9697 
2025-11-09 13:12:25,511 - Agent - INFO - [37mVal Epoch 14 step 14 with [31mce_loss_combined : 0.869205 [31mtotal : 0.869205 [94mAcc_combined: 74.68 [94mAcc_c: 54.43 [94mAcc_g: 61.80 [95mCEU_cue_audio: 0.5871 [95mCEU_cue_video: 0.8609 [95mCEU_synergy: 0.1970 [95mCEU_coexistence: 0.9726 
2025-11-09 13:19:43,895 - Agent - INFO - [37mVal Epoch 15 step 15 with [31mce_loss_combined : 0.946634 [31mtotal : 0.946634 [94mAcc_combined: 73.88 [94mAcc_c: 54.32 [94mAcc_g: 62.26 [95mCEU_cue_audio: 0.5766 [95mCEU_cue_video: 0.8609 [95mCEU_synergy: 0.1889 [95mCEU_coexistence: 0.9605 
2025-11-09 13:27:01,648 - Agent - INFO - [37mVal Epoch 16 step 16 with [31mce_loss_combined : 0.901353 [31mtotal : 0.901353 [94mAcc_combined: 72.61 [94mAcc_c: 54.55 [94mAcc_g: 61.80 [95mCEU_cue_audio: 0.5343 [95mCEU_cue_video: 0.8519 [95mCEU_synergy: 0.2047 [95mCEU_coexistence: 0.9515 
2025-11-09 13:34:18,634 - Agent - INFO - [37mVal Epoch 17 step 17 with [31mce_loss_combined : 0.986449 [31mtotal : 0.986449 [94mAcc_combined: 74.11 [94mAcc_c: 52.13 [94mAcc_g: 57.54 [95mCEU_cue_audio: 0.5926 [95mCEU_cue_video: 0.8609 [95mCEU_synergy: 0.1889 [95mCEU_coexistence: 0.9576 
2025-11-09 13:41:33,432 - Agent - INFO - [37mVal Epoch 18 step 18 with [31mce_loss_combined : 0.912618 [31mtotal : 0.912618 [94mAcc_combined: 75.83 [94mAcc_c: 53.16 [94mAcc_g: 60.41 [95mCEU_cue_audio: 0.6189 [95mCEU_cue_video: 0.8476 [95mCEU_synergy: 0.2599 [95mCEU_coexistence: 0.9697 
2025-11-09 13:48:49,198 - Agent - INFO - [37mVal Epoch 19 step 19 with [31mce_loss_combined : 0.954686 [31mtotal : 0.954686 [94mAcc_combined: 74.11 [94mAcc_c: 49.94 [94mAcc_g: 60.87 [95mCEU_cue_audio: 0.5609 [95mCEU_cue_video: 0.8609 [95mCEU_synergy: 0.2127 [95mCEU_coexistence: 0.9666 
2025-11-09 13:56:07,092 - Agent - INFO - [37mVal Epoch 20 step 20 with [31mce_loss_combined : 0.975316 [31mtotal : 0.975316 [94mAcc_combined: 73.99 [94mAcc_c: 52.36 [94mAcc_g: 60.64 [95mCEU_cue_audio: 0.5715 [95mCEU_cue_video: 0.8476 [95mCEU_synergy: 0.2204 [95mCEU_coexistence: 0.9637 
2025-11-09 14:03:26,432 - Agent - INFO - [37mVal Epoch 21 step 21 with [31mce_loss_combined : 1.001131 [31mtotal : 1.001131 [94mAcc_combined: 73.53 [94mAcc_c: 55.35 [94mAcc_g: 59.03 [95mCEU_cue_audio: 0.5715 [95mCEU_cue_video: 0.8566 [95mCEU_synergy: 0.2047 [95mCEU_coexistence: 0.9515 
2025-11-09 14:03:27,880 - Agent - INFO - We are in the final state.
2025-11-09 14:03:28,256 - root - INFO - Loaded best model from /esat/smcdata/users/kkontras/Image_Dataset/no_backup/data/2025_data/synergy/Synprom_IB_fold2_l0.1_contrcoeff0_perturbgennoise_lr0.0001_wd0.0001_clsmlp_pre.pth.tar
2025-11-09 14:03:52,393 - Agent - INFO - [37mVal Epoch 21 step 0 with [31mce_loss_combined : 0.748561 [31mtotal : 0.748561 [94mAcc_combined: 76.41 [94mAcc_c: 56.50 [94mAcc_g: 64.44 [95mCEU_cue_audio: 0.7991 [95mCEU_cue_video: 0.6995 [95mCEU_synergy: 0.2756 [95mCEU_coexistence: 0.9758 
2025-11-09 14:04:18,351 - Agent - INFO - [37mTest Epoch 21 step 0 with [31mce_loss_combined : 0.870832 [31mtotal : 0.870832 [94mAcc_combined: 71.84 [94mAcc_c: 61.99 [94mAcc_g: 54.60 
2025-11-09 14:04:20,072 - Agent - INFO - [37mModels has saved successfully in /esat/smcdata/users/kkontras/Image_Dataset/no_backup/data/2025_data/synergy/Synprom_IB_fold2_l0.1_contrcoeff0_perturbgennoise_lr0.0001_wd0.0001_clsmlp_pre.pth.tar
Job finished
