000 (016.009.000) 2025-11-09 11:29:26 Job submitted from host: <10.87.28.209:9618?addrs=10.87.28.209-9618&alias=krakas.esat.kuleuven.be&noUDP&sock=schedd_1611_9729>
...
001 (016.009.000) 2025-11-09 11:31:02 Job executing on host: <10.87.24.28:9618?addrs=10.87.24.28-9618&alias=z4-demo.esat.kuleuven.be&noUDP&sock=startd_1821_a20d>
	SlotName: slot1_1@z4-demo.esat.kuleuven.be
	AvailableGPUs = { GPUs_GPU_3a8a5d5c }
	CondorScratchDir = "/usr/data/condor/execute/dir_825844"
	Cpus = 8
	Disk = 1049600
	GPUs = 1
	GPUs_GPU_3a8a5d5c = [ Id = "GPU-3a8a5d5c"; ClockMhz = 1695.0; Capability = 8.6; CoresPerCU = 128; DeviceName = "NVIDIA GeForce RTX 3090"; DeviceUuid = "3a8a5d5c-a24a-7f66-bb71-a1b798b11468"; ECCEnabled = false; ComputeUnits = 82; NvidiaDriver = "580.95.05"; DriverVersion = 13.0; DevicePciBusId = "0000:21:00.0"; GlobalMemoryMb = 24114; MaxSupportedVersion = 13000 ]
	Memory = 71680
...
006 (016.009.000) 2025-11-09 11:31:11 Image size of job updated: 240904
	236  -  MemoryUsage of job (MB)
	240904  -  ResidentSetSize of job (KB)
...
006 (016.009.000) 2025-11-09 11:36:12 Image size of job updated: 1575404
	1485  -  MemoryUsage of job (MB)
	1520536  -  ResidentSetSize of job (KB)
...
006 (016.009.000) 2025-11-09 11:41:13 Image size of job updated: 1608520
	1566  -  MemoryUsage of job (MB)
	1603048  -  ResidentSetSize of job (KB)
...
006 (016.009.000) 2025-11-09 11:46:13 Image size of job updated: 1617584
	1575  -  MemoryUsage of job (MB)
	1611864  -  ResidentSetSize of job (KB)
...
006 (016.009.000) 2025-11-09 11:56:15 Image size of job updated: 1620908
	1575  -  MemoryUsage of job (MB)
	1611864  -  ResidentSetSize of job (KB)
...
006 (016.009.000) 2025-11-09 12:01:15 Image size of job updated: 1620908
	1575  -  MemoryUsage of job (MB)
	1612428  -  ResidentSetSize of job (KB)
...
006 (016.009.000) 2025-11-09 12:06:16 Image size of job updated: 1632040
	1575  -  MemoryUsage of job (MB)
	1612428  -  ResidentSetSize of job (KB)
...
006 (016.009.000) 2025-11-09 12:16:16 Image size of job updated: 1632040
	1576  -  MemoryUsage of job (MB)
	1613608  -  ResidentSetSize of job (KB)
...
006 (016.009.000) 2025-11-09 12:26:17 Image size of job updated: 1633592
	1576  -  MemoryUsage of job (MB)
	1613608  -  ResidentSetSize of job (KB)
...
006 (016.009.000) 2025-11-09 12:31:18 Image size of job updated: 1672996
	1576  -  MemoryUsage of job (MB)
	1613608  -  ResidentSetSize of job (KB)
...
005 (016.009.000) 2025-11-09 12:31:41 Job terminated.
	(1) Normal termination (return value 0)
		Usr 0 03:12:21, Sys 0 00:18:19  -  Run Remote Usage
		Usr 0 00:00:00, Sys 0 00:00:00  -  Run Local Usage
		Usr 0 03:12:21, Sys 0 00:18:19  -  Total Remote Usage
		Usr 0 00:00:00, Sys 0 00:00:00  -  Total Local Usage
	0  -  Run Bytes Sent By Job
	0  -  Run Bytes Received By Job
	0  -  Total Bytes Sent By Job
	0  -  Total Bytes Received By Job
	Partitionable Resources :    Usage  Request Allocated Assigned
	   Cpus                 :     6.03        8         8 
	   Disk (KB)            :     2     1048576   1049600 
	   GPUs                 :     0.59        1         1 "GPU-3a8a5d5c"
	   GpusMemory (MB)      :  9450                       
	   Memory (MB)          :  1576       71680     71680 
	   TimeExecute (s)      :  3639                       
	   TimeSlotBusy (s)     :  3639                       
...
