000 (017.000.000) 2025-11-09 11:30:15 Job submitted from host: <10.87.28.209:9618?addrs=10.87.28.209-9618&alias=krakas.esat.kuleuven.be&noUDP&sock=schedd_1611_9729>
...
001 (017.000.000) 2025-11-09 14:27:54 Job executing on host: <10.87.28.117:9618?addrs=10.87.28.117-9618&alias=stadius-nc-4.esat.kuleuven.be&noUDP&sock=startd_3335_1c6f>
	SlotName: slot1_2@stadius-nc-4.esat.kuleuven.be
	AvailableGPUs = { GPUs_GPU_8c3c8db2 }
	CondorScratchDir = "/volume1/condor/execute/dir_1341954"
	Cpus = 8
	Disk = 1050150
	GPUs = 1
	GPUs_GPU_8c3c8db2 = [ Id = "GPU-8c3c8db2"; ClockMhz = 1545.0; Capability = 7.5; CoresPerCU = 64; DeviceName = "NVIDIA GeForce RTX 2080 Ti"; DeviceUuid = "8c3c8db2-06a6-9e0e-a6ee-a948fb2f7f27"; ECCEnabled = false; ComputeUnits = 68; NvidiaDriver = "570.153.02"; DriverVersion = 12.8; DevicePciBusId = "0000:5B:00.0"; GlobalMemoryMb = 10823; MaxSupportedVersion = 12080 ]
	Memory = 71680
...
006 (017.000.000) 2025-11-09 14:28:02 Image size of job updated: 448756
	439  -  MemoryUsage of job (MB)
	448756  -  ResidentSetSize of job (KB)
...
006 (017.000.000) 2025-11-09 14:33:02 Image size of job updated: 1568232
	1531  -  MemoryUsage of job (MB)
	1567032  -  ResidentSetSize of job (KB)
...
006 (017.000.000) 2025-11-09 14:38:03 Image size of job updated: 1600088
	1560  -  MemoryUsage of job (MB)
	1597172  -  ResidentSetSize of job (KB)
...
006 (017.000.000) 2025-11-09 14:53:04 Image size of job updated: 1602036
	1565  -  MemoryUsage of job (MB)
	1602036  -  ResidentSetSize of job (KB)
...
006 (017.000.000) 2025-11-09 14:58:04 Image size of job updated: 1623740
	1565  -  MemoryUsage of job (MB)
	1602036  -  ResidentSetSize of job (KB)
...
006 (017.000.000) 2025-11-09 15:03:05 Image size of job updated: 1667324
	1565  -  MemoryUsage of job (MB)
	1602036  -  ResidentSetSize of job (KB)
...
006 (017.000.000) 2025-11-09 15:13:06 Image size of job updated: 1687116
	1608  -  MemoryUsage of job (MB)
	1646584  -  ResidentSetSize of job (KB)
...
006 (017.000.000) 2025-11-09 15:18:07 Image size of job updated: 1688680
	1608  -  MemoryUsage of job (MB)
	1646584  -  ResidentSetSize of job (KB)
...
006 (017.000.000) 2025-11-09 15:28:08 Image size of job updated: 1688680
	1609  -  MemoryUsage of job (MB)
	1647180  -  ResidentSetSize of job (KB)
...
006 (017.000.000) 2025-11-09 15:43:09 Image size of job updated: 1688680
	1623  -  MemoryUsage of job (MB)
	1661880  -  ResidentSetSize of job (KB)
...
006 (017.000.000) 2025-11-09 15:48:10 Image size of job updated: 1781124
	1623  -  MemoryUsage of job (MB)
	1661880  -  ResidentSetSize of job (KB)
...
006 (017.000.000) 2025-11-09 15:49:22 Image size of job updated: 2109888
	1623  -  MemoryUsage of job (MB)
	1661880  -  ResidentSetSize of job (KB)
...
005 (017.000.000) 2025-11-09 15:49:23 Job terminated.
	(1) Normal termination (return value 0)
		Usr 0 04:05:11, Sys 0 00:30:22  -  Run Remote Usage
		Usr 0 00:00:00, Sys 0 00:00:00  -  Run Local Usage
		Usr 0 04:05:11, Sys 0 00:30:22  -  Total Remote Usage
		Usr 0 00:00:00, Sys 0 00:00:00  -  Total Local Usage
	0  -  Run Bytes Sent By Job
	0  -  Run Bytes Received By Job
	0  -  Total Bytes Sent By Job
	0  -  Total Bytes Received By Job
	Partitionable Resources :    Usage  Request Allocated Assigned
	   Cpus                 :     2.61        8         8 
	   Disk (KB)            :     2     1048576   1050150 
	   GPUs                 :     0.62        1         1 "GPU-8c3c8db2"
	   GpusMemory (MB)      :  9266                       
	   Memory (MB)          :  1623       71680     71680 
	   TimeExecute (s)      :  4888                       
	   TimeSlotBusy (s)     :  4889                       
...
