000 (017.001.000) 2025-11-09 11:30:15 Job submitted from host: <10.87.28.209:9618?addrs=10.87.28.209-9618&alias=krakas.esat.kuleuven.be&noUDP&sock=schedd_1611_9729>
...
001 (017.001.000) 2025-11-09 14:29:53 Job executing on host: <10.87.24.4:9618?addrs=10.87.24.4-9618&alias=aristoteles.esat.kuleuven.be&noUDP&sock=startd_12050_e04e>
	SlotName: slot1_6@aristoteles.esat.kuleuven.be
	AvailableGPUs = { GPUs_GPU_edd4a9d8 }
	CondorScratchDir = "/usr/data/condor/execute/dir_464018"
	Cpus = 8
	Disk = 1050529
	GPUs = 1
	GPUs_GPU_edd4a9d8 = [ Id = "GPU-edd4a9d8"; ClockMhz = 1410.0; Capability = 8.0; CoresPerCU = 64; DeviceName = "NVIDIA A100-SXM4-80GB"; DeviceUuid = "edd4a9d8-371c-bb9a-e898-24b94b410094"; ECCEnabled = true; ComputeUnits = 108; NvidiaDriver = "580.95.05"; DriverVersion = 13.0; DevicePciBusId = "0000:8D:00.0"; GlobalMemoryMb = 81153; MaxSupportedVersion = 13000 ]
	Memory = 71680
...
006 (017.001.000) 2025-11-09 14:30:02 Image size of job updated: 355284
	347  -  MemoryUsage of job (MB)
	355284  -  ResidentSetSize of job (KB)
...
006 (017.001.000) 2025-11-09 14:35:03 Image size of job updated: 1621912
	1531  -  MemoryUsage of job (MB)
	1566728  -  ResidentSetSize of job (KB)
...
006 (017.001.000) 2025-11-09 14:40:04 Image size of job updated: 1664568
	1535  -  MemoryUsage of job (MB)
	1571516  -  ResidentSetSize of job (KB)
...
006 (017.001.000) 2025-11-09 14:50:05 Image size of job updated: 1664568
	1561  -  MemoryUsage of job (MB)
	1597744  -  ResidentSetSize of job (KB)
...
006 (017.001.000) 2025-11-09 14:55:05 Image size of job updated: 1694760
	1561  -  MemoryUsage of job (MB)
	1597744  -  ResidentSetSize of job (KB)
...
006 (017.001.000) 2025-11-09 15:00:06 Image size of job updated: 1699072
	1605  -  MemoryUsage of job (MB)
	1642620  -  ResidentSetSize of job (KB)
...
006 (017.001.000) 2025-11-09 15:05:07 Image size of job updated: 1716812
	1605  -  MemoryUsage of job (MB)
	1642620  -  ResidentSetSize of job (KB)
...
006 (017.001.000) 2025-11-09 15:10:07 Image size of job updated: 1716812
	1620  -  MemoryUsage of job (MB)
	1658128  -  ResidentSetSize of job (KB)
...
006 (017.001.000) 2025-11-09 15:30:09 Image size of job updated: 1716812
	1637  -  MemoryUsage of job (MB)
	1675916  -  ResidentSetSize of job (KB)
...
006 (017.001.000) 2025-11-09 15:37:36 Image size of job updated: 2050180
	1637  -  MemoryUsage of job (MB)
	1675916  -  ResidentSetSize of job (KB)
...
005 (017.001.000) 2025-11-09 15:37:36 Job terminated.
	(1) Normal termination (return value 0)
		Usr 0 04:05:49, Sys 0 00:19:57  -  Run Remote Usage
		Usr 0 00:00:00, Sys 0 00:00:00  -  Run Local Usage
		Usr 0 04:05:49, Sys 0 00:19:57  -  Total Remote Usage
		Usr 0 00:00:00, Sys 0 00:00:00  -  Total Local Usage
	0  -  Run Bytes Sent By Job
	0  -  Run Bytes Received By Job
	0  -  Total Bytes Sent By Job
	0  -  Total Bytes Received By Job
	Partitionable Resources :    Usage  Request Allocated Assigned
	   Cpus                 :     3.72        8         8 
	   Disk (KB)            :     2     1048576   1050529 
	   GPUs                 :                 1         1 "GPU-edd4a9d8"
	   Memory (MB)          :  1637       71680     71680 
	   TimeExecute (s)      :  4063                       
	   TimeSlotBusy (s)     :  4063                       
...
