Starting Job
/esat/smcdata/users/kkontras/Image_Dataset/no_backup/git/Synergy/train.py
/esat/smcdata/users/kkontras/Image_Dataset/no_backup/envs/balance_env/bin/python
Python 3.9.18
/esat/smcdata/users/kkontras/Image_Dataset/no_backup/git/Synergy
We have 1 GPU
/esat/smcdata/users/kkontras/Image_Dataset/no_backup/git/Synergy/train.py
config-./configs/CREMA_D/synergy/nov/synprom_ib.json
Executing command: accelerate launch /esat/smcdata/users/kkontras/Image_Dataset/no_backup/git/Synergy/train.py --config ./configs/CREMA_D/synergy/nov/synprom_ib.json --default_config ./configs/CREMA_D/default_config_cremad_res_syn.json --fold 1 --pre  --l 50 --contrcoeff 1 --lr 0.0001 --wd 0.0001 --cls mlp --perturb gennoise
Namespace(config='./configs/CREMA_D/synergy/nov/synprom_ib.json', default_config='./configs/CREMA_D/default_config_cremad_res_syn.json', fold='1', alpha=None, tanh_mode=None, tanh_mode_beta=None, regby=None, clip=None, batch_size=None, l='50', multil=None, l_diffsq=None, lib=None, ratio_us=None, ratio_snr=None, kmepoch=None, num_samples=None, pow=None, nstep=None, contrcoeff='1', kde_coeff=None, etube=None, temperature=None, contr_type=None, shuffle_type=None, validate_with=None, transform_type=None, trasform_before=None, num_classes=None, base_alpha=None, alpha_var=None, base_beta=None, beta_var=None, optim_method=None, ilr_c=None, ilr_g=None, mmcosine_scaling=None, ending_epoch=None, load_ongoing=None, commonlayers=None, recon_weight1=None, recon_weight2=None, recon_epochstages=None, recon_ensemblestages=None, lr='0.0001', wd='0.0001', mm=None, cls='mlp', perturb='gennoise', pre=True, frozen=False, tdqm_disable=False, start_over=False)
2025-11-09 15:50:15,008 - Config - INFO - ./configs/CREMA_D/synergy/nov/synprom_ib.json
2025-11-09 15:50:15,011 - Config - INFO -  THE Configuration of your experiment ..
{'agent': 'Agent',
 'dataset': {'data_roots': '/esat/smcdata/users/kkontras/Image_Dataset/no_backup/CremaD/CREMA-D',
             'data_split': {'fold': 0, 'method': 'non_inclusive'},
             'dataloader_class': 'CramedD_Dataloader',
             'fps': 1,
             'norm': False,
             'norm_face_path': './mydatasets/CREMAD/norm_face_path_fold{}.pkl',
             'norm_wav_path': './mydatasets/CREMAD/wav_norm_16000_fold{}.pkl',
             'num_frame': 3,
             'return_data': {'audio': False,
                             'face': False,
                             'spectrogram': True,
                             'video': True},
             'sampling_rate': 22050},
 'early_stopping': {'end_of_epoch_check': True,
                    'log_interval': 10,
                    'max_epoch': 1500,
                    'n_steps_stop': 20,
                    'n_steps_stop_after': 0,
                    'save_every_step': 3000,
                    'save_every_valstep': 10,
                    'validate_after': 0,
                    'validate_every': 25,
                    'validate_with': 'accuracy'},
 'exp_name': 'CREMAD Experiment',
 'model': {'args': {'bias_infusion': {'ending_epoch': 1500,
                                      'l': 0.1,
                                      'method': 'false',
                                      'plot': False,
                                      'starting_epoch': 0,
                                      'use': True},
                    'clip_grad': False,
                    'cls_type': 'linear',
                    'd_model': 512,
                    'dropout': 0.1,
                    'fc_inner': 64,
                    'multi_loss': {'multi_supervised_w': {'c': 0,
                                                          'combined': 1,
                                                          'g': 0}},
                    'num_classes': 6},
           'encoders': [{'args': {'d_model': 512,
                                  'dropout': 0.1,
                                  'fc_inner': 64,
                                  'freeze_encoder': False,
                                  'num_classes': 6},
                         'model': 'Audio_ResNet',
                         'pretrainedEncoder': {'dir': 'unimodal_audio_fold{}_lr0.001_wd0.0001.pth.tar',
                                               'use': False}},
                        {'args': {'d_model': 512,
                                  'dropout': 0.1,
                                  'fc_inner': 64,
                                  'freeze_encoder': False,
                                  'num_classes': 6},
                         'model': 'Video_ResNet',
                         'pretrainedEncoder': {'dir': 'unimodal_video_fold{}_lr0.001_wd0.0001.pth.tar',
                                               'use': False}}],
           'load_ongoing': False,
           'model_class': 'Fusion_Synprom_IB',
           'save_base_dir': '/esat/smcdata/users/kkontras/Image_Dataset/no_backup/data/2025_data/synergy',
           'save_dir': 'Synprom_IB_{}.pth.tar'},
 'optimizer': {'beta1': 0.9,
               'beta2': 0.999,
               'learning_rate': 1e-05,
               'momentum': 0.9,
               'type': 'Adam',
               'weight_decay': 1e-05},
 'scheduler': {'max_lr': 0.03, 'type': 'cosanneal', 'warm_up_steps': 780},
 'training_params': {'adversarial_training': {'adv_epsilon': 0.01,
                                              'use': False},
                     'async_loading': True,
                     'batch_size': 32,
                     'cuda': True,
                     'data_loader_workers': 8,
                     'gpu_device': [0],
                     'pin_memory': False,
                     'rec_test': True,
                     'res': True,
                     'seed': 109,
                     'tdqm_disable': False,
                     'test_batch_size': 32,
                     'test_on_bottoms': False,
                     'use_test_set': True,
                     'validation': True,
                     'verbose': True,
                     'wandb_disable': False}}
2025-11-09 15:50:15,012 - Config - INFO -  *************************************** 
2025-11-09 15:50:15,012 - Config - INFO - The experiment name is CREMAD Experiment
2025-11-09 15:50:15,012 - Config - INFO -  *************************************** 
2025-11-09 15:50:15,012 - root - INFO - save_dir: Synprom_IB_fold1_l50_contrcoeff1_perturbgennoise_lr0.0001_wd0.0001_clsmlp_pre.pth.tar
2025-11-09 15:50:15,124 - Cuda Statistics - INFO - __Python VERSION:  3.9.18 (main, Sep 11 2023, 13:41:44) 
[GCC 11.2.0]
2025-11-09 15:50:15,124 - Cuda Statistics - INFO - __pyTorch VERSION:  2.0.1+cu118
2025-11-09 15:50:15,124 - Cuda Statistics - INFO - __CUDA VERSION
2025-11-09 15:50:15,126 - Cuda Statistics - INFO - __CUDNN VERSION:  8700
2025-11-09 15:50:15,140 - Cuda Statistics - INFO - __Number CUDA Devices:  1
2025-11-09 15:50:15,140 - Cuda Statistics - INFO - __Devices
2025-11-09 15:50:15,140 - Cuda Statistics - INFO - index, name, driver_version, memory.total [MiB], memory.used [MiB], memory.free [MiB]
2025-11-09 15:50:15,140 - Cuda Statistics - INFO - 0, NVIDIA GeForce RTX 2080 Ti, 570.153.02, 11264 MiB, 3 MiB, 10821 MiB
2025-11-09 15:50:15,146 - Cuda Statistics - INFO - Active CUDA Device: GPU 0
2025-11-09 15:50:15,146 - Cuda Statistics - INFO - Available devices  1
2025-11-09 15:50:15,146 - Cuda Statistics - INFO - Current cuda device  0
This path does not exist /esat/smcdata/users/kkontras/Image_Dataset/no_backup/CremaD/CREMA-D/AudioWAV/1076_MTI_SAD_XX.wav or /esat/smcdata/users/kkontras/Image_Dataset/no_backup/CremaD/CREMA-D/Image-01-FPS/1076_MTI_SAD_XX or /esat/smcdata/users/kkontras/Image_Dataset/no_backup/CremaD/CREMA-D/Face_features/1076_MTI_SAD_XX.npy
2025-11-09 15:50:17,086 - root - INFO - Loaded wav norm from ./mydatasets/CREMAD/wav_norm_16000_fold1.pkl
2025-11-09 15:50:17,090 - root - INFO - Norm values are {'mean': tensor(-2.6751e-05), 'std': tensor(0.0610), 'max_duration': 5.005}
2025-11-09 15:50:17,238 - root - INFO - Loaded wav norm from ./mydatasets/CREMAD/wav_norm_16000_fold1.pkl
2025-11-09 15:50:17,239 - root - INFO - Norm values are {'mean': tensor(-2.6751e-05), 'std': tensor(0.0610), 'max_duration': 5.005}
2025-11-09 15:50:17,290 - root - INFO - Loaded wav norm from ./mydatasets/CREMAD/wav_norm_16000_fold1.pkl
2025-11-09 15:50:17,291 - root - INFO - Norm values are {'mean': tensor(-2.6751e-05), 'std': tensor(0.0610), 'max_duration': 5.005}
Available cores 8
We are changing dataloader workers to num of cores 0
2025-11-09 15:50:17,292 - Agent - INFO - Device: cuda:0
2025-11-09 15:50:17,292 - Agent - INFO - Total training batches: 126, validate every 25 batches, steps per epoch: 6
2025-11-09 15:50:26,130 - Agent - INFO - Loss Weights are {'total': 1, 'combined': 1, 'c': 0, 'g': 0}
2025-11-09 15:50:26,546 - root - INFO - Loading enc best model state dict from /esat/smcdata/users/kkontras/Image_Dataset/no_backup/data/2025_data/synergy/unimodal_audio_fold1_lr0.001_wd0.0001.pth.tar
Replacing module
2025-11-09 15:50:26,940 - root - INFO - Loading enc best model state dict from /esat/smcdata/users/kkontras/Image_Dataset/no_backup/data/2025_data/synergy/unimodal_video_fold1_lr0.001_wd0.0001.pth.tar
Replacing module
2025-11-09 15:50:27,109 - Agent - INFO - Total number of trainable parameters are: 23483032
2025-11-09 15:50:27,116 - Agent - INFO - Total number of trainable parameters are: 23483032
2025-11-09 15:54:16,841 - Agent - INFO - [37mVal Epoch 1 step 1 with [31mce_loss_combined : 1.775038 [31mtotal : 1.775038 [94mAcc_combined: 69.47 [94mAcc_c: 57.21 [94mAcc_g: 49.38 [95mCEU_cue_audio: 0.6723 [95mCEU_cue_video: 0.6230 [95mCEU_synergy: 0.2139 [95mCEU_coexistence: 0.9746 
2025-11-09 15:54:16,859 - Agent - INFO - [37mTest Epoch 1 step 1 with [31mce_loss_combined : 1.774293 [31mtotal : 1.774293 [94mAcc_combined: 71.15 [94mAcc_c: 50.82 [94mAcc_g: 58.25 
2025-11-09 15:54:17,915 - Agent - INFO - [37mModels has saved successfully in /esat/smcdata/users/kkontras/Image_Dataset/no_backup/data/2025_data/synergy/Synprom_IB_fold1_l50_contrcoeff1_perturbgennoise_lr0.0001_wd0.0001_clsmlp_pre.pth.tar
2025-11-09 15:58:03,547 - Agent - INFO - [37mVal Epoch 2 step 2 with [31mce_loss_combined : 1.759903 [31mtotal : 1.759903 [94mAcc_combined: 59.93 [94mAcc_c: 44.84 [94mAcc_g: 46.77 [95mCEU_cue_audio: 0.4537 [95mCEU_cue_video: 0.6558 [95mCEU_synergy: 0.1999 [95mCEU_coexistence: 0.8604 
2025-11-09 16:01:48,364 - Agent - INFO - [37mVal Epoch 3 step 3 with [31mce_loss_combined : 1.679775 [31mtotal : 1.679775 [94mAcc_combined: 57.55 [94mAcc_c: 51.76 [94mAcc_g: 49.04 [95mCEU_cue_audio: 0.3823 [95mCEU_cue_video: 0.6505 [95mCEU_synergy: 0.1792 [95mCEU_coexistence: 0.8604 
2025-11-09 16:05:30,416 - Agent - INFO - [37mVal Epoch 4 step 4 with [31mce_loss_combined : 1.381495 [31mtotal : 1.381495 [94mAcc_combined: 54.60 [94mAcc_c: 46.65 [94mAcc_g: 47.11 [95mCEU_cue_audio: 0.2731 [95mCEU_cue_video: 0.7103 [95mCEU_synergy: 0.1792 [95mCEU_coexistence: 0.8255 
2025-11-09 16:09:17,476 - Agent - INFO - [37mVal Epoch 5 step 5 with [31mce_loss_combined : 1.160267 [31mtotal : 1.160267 [94mAcc_combined: 58.23 [94mAcc_c: 59.25 [94mAcc_g: 49.15 [95mCEU_cue_audio: 0.2983 [95mCEU_cue_video: 0.7540 [95mCEU_synergy: 0.1653 [95mCEU_coexistence: 0.8890 
2025-11-09 16:12:59,830 - Agent - INFO - [37mVal Epoch 6 step 6 with [31mce_loss_combined : 1.189117 [31mtotal : 1.189117 [94mAcc_combined: 55.62 [94mAcc_c: 44.84 [94mAcc_g: 48.69 [95mCEU_cue_audio: 0.2605 [95mCEU_cue_video: 0.7376 [95mCEU_synergy: 0.1653 [95mCEU_coexistence: 0.8540 
2025-11-09 16:16:43,115 - Agent - INFO - [37mVal Epoch 7 step 7 with [31mce_loss_combined : 1.124061 [31mtotal : 1.124061 [94mAcc_combined: 57.43 [94mAcc_c: 48.69 [94mAcc_g: 47.45 [95mCEU_cue_audio: 0.2688 [95mCEU_cue_video: 0.7650 [95mCEU_synergy: 0.1653 [95mCEU_coexistence: 0.8826 
2025-11-09 16:20:28,662 - Agent - INFO - [37mVal Epoch 8 step 8 with [31mce_loss_combined : 1.042190 [31mtotal : 1.042190 [94mAcc_combined: 60.50 [94mAcc_c: 51.42 [94mAcc_g: 49.49 [95mCEU_cue_audio: 0.3236 [95mCEU_cue_video: 0.8089 [95mCEU_synergy: 0.1653 [95mCEU_coexistence: 0.9016 
2025-11-09 16:24:16,246 - Agent - INFO - [37mVal Epoch 9 step 9 with [31mce_loss_combined : 1.125553 [31mtotal : 1.125553 [94mAcc_combined: 60.84 [94mAcc_c: 47.45 [94mAcc_g: 49.94 [95mCEU_cue_audio: 0.3109 [95mCEU_cue_video: 0.8195 [95mCEU_synergy: 0.1447 [95mCEU_coexistence: 0.9239 
2025-11-09 16:28:00,507 - Agent - INFO - [37mVal Epoch 10 step 10 with [31mce_loss_combined : 1.096439 [31mtotal : 1.096439 [94mAcc_combined: 61.41 [94mAcc_c: 51.65 [94mAcc_g: 48.81 [95mCEU_cue_audio: 0.3236 [95mCEU_cue_video: 0.8252 [95mCEU_synergy: 0.1379 [95mCEU_coexistence: 0.9301 
2025-11-09 16:31:43,932 - Agent - INFO - [37mVal Epoch 11 step 11 with [31mce_loss_combined : 1.218029 [31mtotal : 1.218029 [94mAcc_combined: 59.48 [94mAcc_c: 50.74 [94mAcc_g: 48.92 [95mCEU_cue_audio: 0.3151 [95mCEU_cue_video: 0.8032 [95mCEU_synergy: 0.1725 [95mCEU_coexistence: 0.8794 
2025-11-09 16:35:23,641 - Agent - INFO - [37mVal Epoch 12 step 12 with [31mce_loss_combined : 1.095527 [31mtotal : 1.095527 [94mAcc_combined: 63.11 [94mAcc_c: 50.85 [94mAcc_g: 50.96 [95mCEU_cue_audio: 0.3613 [95mCEU_cue_video: 0.8252 [95mCEU_synergy: 0.1447 [95mCEU_coexistence: 0.9460 
2025-11-09 16:39:05,449 - Agent - INFO - [37mVal Epoch 13 step 13 with [31mce_loss_combined : 1.128836 [31mtotal : 1.128836 [94mAcc_combined: 61.63 [94mAcc_c: 51.76 [94mAcc_g: 50.74 [95mCEU_cue_audio: 0.3277 [95mCEU_cue_video: 0.8359 [95mCEU_synergy: 0.1586 [95mCEU_coexistence: 0.9175 
2025-11-09 16:42:44,771 - Agent - INFO - [37mVal Epoch 14 step 14 with [31mce_loss_combined : 1.137470 [31mtotal : 1.137470 [94mAcc_combined: 61.18 [94mAcc_c: 49.04 [94mAcc_g: 50.06 [95mCEU_cue_audio: 0.3320 [95mCEU_cue_video: 0.8195 [95mCEU_synergy: 0.1653 [95mCEU_coexistence: 0.9080 
2025-11-09 16:46:26,136 - Agent - INFO - [37mVal Epoch 15 step 15 with [31mce_loss_combined : 1.037461 [31mtotal : 1.037461 [94mAcc_combined: 64.13 [94mAcc_c: 52.10 [94mAcc_g: 51.42 [95mCEU_cue_audio: 0.3739 [95mCEU_cue_video: 0.8580 [95mCEU_synergy: 0.1725 [95mCEU_coexistence: 0.9334 
2025-11-09 16:50:08,261 - Agent - INFO - [37mVal Epoch 16 step 16 with [31mce_loss_combined : 1.080160 [31mtotal : 1.080160 [94mAcc_combined: 62.09 [94mAcc_c: 52.55 [94mAcc_g: 50.96 [95mCEU_cue_audio: 0.3528 [95mCEU_cue_video: 0.8195 [95mCEU_synergy: 0.1586 [95mCEU_coexistence: 0.9206 
2025-11-09 16:53:50,579 - Agent - INFO - [37mVal Epoch 17 step 17 with [31mce_loss_combined : 1.279105 [31mtotal : 1.279105 [94mAcc_combined: 60.73 [94mAcc_c: 54.48 [94mAcc_g: 49.94 [95mCEU_cue_audio: 0.3109 [95mCEU_cue_video: 0.8195 [95mCEU_synergy: 0.1519 [95mCEU_coexistence: 0.9175 
2025-11-09 16:57:32,197 - Agent - INFO - [37mVal Epoch 18 step 18 with [31mce_loss_combined : 1.170026 [31mtotal : 1.170026 [94mAcc_combined: 62.77 [94mAcc_c: 54.82 [94mAcc_g: 52.10 [95mCEU_cue_audio: 0.3571 [95mCEU_cue_video: 0.8089 [95mCEU_synergy: 0.2072 [95mCEU_coexistence: 0.9206 
2025-11-09 17:01:16,411 - Agent - INFO - [37mVal Epoch 19 step 19 with [31mce_loss_combined : 1.111505 [31mtotal : 1.111505 [94mAcc_combined: 65.61 [94mAcc_c: 54.37 [94mAcc_g: 50.85 [95mCEU_cue_audio: 0.4076 [95mCEU_cue_video: 0.8469 [95mCEU_synergy: 0.1932 [95mCEU_coexistence: 0.9460 
2025-11-09 17:04:59,798 - Agent - INFO - [37mVal Epoch 20 step 20 with [31mce_loss_combined : 1.150720 [31mtotal : 1.150720 [94mAcc_combined: 63.79 [94mAcc_c: 48.01 [94mAcc_g: 48.92 [95mCEU_cue_audio: 0.4034 [95mCEU_cue_video: 0.7868 [95mCEU_synergy: 0.1860 [95mCEU_coexistence: 0.9365 
2025-11-09 17:05:01,892 - Agent - INFO - We are in the final state.
2025-11-09 17:05:02,149 - root - INFO - Loaded best model from /esat/smcdata/users/kkontras/Image_Dataset/no_backup/data/2025_data/synergy/Synprom_IB_fold1_l50_contrcoeff1_perturbgennoise_lr0.0001_wd0.0001_clsmlp_pre.pth.tar
2025-11-09 17:05:16,383 - Agent - INFO - [37mVal Epoch 20 step 0 with [31mce_loss_combined : 1.775038 [31mtotal : 1.775038 [94mAcc_combined: 69.47 [94mAcc_c: 57.21 [94mAcc_g: 49.38 [95mCEU_cue_audio: 0.6723 [95mCEU_cue_video: 0.6230 [95mCEU_synergy: 0.2139 [95mCEU_coexistence: 0.9746 
2025-11-09 17:05:31,735 - Agent - INFO - [37mTest Epoch 20 step 0 with [31mce_loss_combined : 1.774293 [31mtotal : 1.774293 [94mAcc_combined: 71.15 [94mAcc_c: 50.82 [94mAcc_g: 58.25 
2025-11-09 17:05:33,177 - Agent - INFO - [37mModels has saved successfully in /esat/smcdata/users/kkontras/Image_Dataset/no_backup/data/2025_data/synergy/Synprom_IB_fold1_l50_contrcoeff1_perturbgennoise_lr0.0001_wd0.0001_clsmlp_pre.pth.tar
Job finished
