Starting Job
/esat/smcdata/users/kkontras/Image_Dataset/no_backup/git/Synergy/train.py
/esat/smcdata/users/kkontras/Image_Dataset/no_backup/envs/balance_env/bin/python
Python 3.9.18
/esat/smcdata/users/kkontras/Image_Dataset/no_backup/git/Synergy
We have 1 GPU
/esat/smcdata/users/kkontras/Image_Dataset/no_backup/git/Synergy/train.py
config-./configs/CREMA_D/synergy/nov/synprom_ib.json
Executing command: accelerate launch /esat/smcdata/users/kkontras/Image_Dataset/no_backup/git/Synergy/train.py --config ./configs/CREMA_D/synergy/nov/synprom_ib.json --default_config ./configs/CREMA_D/default_config_cremad_res_syn.json --fold 2 --pre  --l 0 --contrcoeff 0 --lr 0.0001 --wd 0.0001 --cls mlp --perturb gennoise
Namespace(config='./configs/CREMA_D/synergy/nov/synprom_ib.json', default_config='./configs/CREMA_D/default_config_cremad_res_syn.json', fold='2', alpha=None, tanh_mode=None, tanh_mode_beta=None, regby=None, clip=None, batch_size=None, l='0', multil=None, l_diffsq=None, lib=None, ratio_us=None, ratio_snr=None, kmepoch=None, num_samples=None, pow=None, nstep=None, contrcoeff='0', kde_coeff=None, etube=None, temperature=None, contr_type=None, shuffle_type=None, validate_with=None, transform_type=None, trasform_before=None, num_classes=None, base_alpha=None, alpha_var=None, base_beta=None, beta_var=None, optim_method=None, ilr_c=None, ilr_g=None, mmcosine_scaling=None, ending_epoch=None, load_ongoing=None, commonlayers=None, recon_weight1=None, recon_weight2=None, recon_epochstages=None, recon_ensemblestages=None, lr='0.0001', wd='0.0001', mm=None, cls='mlp', perturb='gennoise', pre=True, frozen=False, tdqm_disable=False, start_over=False)
2025-11-09 14:51:10,481 - Config - INFO - ./configs/CREMA_D/synergy/nov/synprom_ib.json
2025-11-09 14:51:10,484 - Config - INFO -  THE Configuration of your experiment ..
{'agent': 'Agent',
 'dataset': {'data_roots': '/esat/smcdata/users/kkontras/Image_Dataset/no_backup/CremaD/CREMA-D',
             'data_split': {'fold': 0, 'method': 'non_inclusive'},
             'dataloader_class': 'CramedD_Dataloader',
             'fps': 1,
             'norm': False,
             'norm_face_path': './mydatasets/CREMAD/norm_face_path_fold{}.pkl',
             'norm_wav_path': './mydatasets/CREMAD/wav_norm_16000_fold{}.pkl',
             'num_frame': 3,
             'return_data': {'audio': False,
                             'face': False,
                             'spectrogram': True,
                             'video': True},
             'sampling_rate': 22050},
 'early_stopping': {'end_of_epoch_check': True,
                    'log_interval': 10,
                    'max_epoch': 1500,
                    'n_steps_stop': 20,
                    'n_steps_stop_after': 0,
                    'save_every_step': 3000,
                    'save_every_valstep': 10,
                    'validate_after': 0,
                    'validate_every': 25,
                    'validate_with': 'accuracy'},
 'exp_name': 'CREMAD Experiment',
 'model': {'args': {'bias_infusion': {'ending_epoch': 1500,
                                      'l': 0.1,
                                      'method': 'false',
                                      'plot': False,
                                      'starting_epoch': 0,
                                      'use': True},
                    'clip_grad': False,
                    'cls_type': 'linear',
                    'd_model': 512,
                    'dropout': 0.1,
                    'fc_inner': 64,
                    'multi_loss': {'multi_supervised_w': {'c': 0,
                                                          'combined': 1,
                                                          'g': 0}},
                    'num_classes': 6},
           'encoders': [{'args': {'d_model': 512,
                                  'dropout': 0.1,
                                  'fc_inner': 64,
                                  'freeze_encoder': False,
                                  'num_classes': 6},
                         'model': 'Audio_ResNet',
                         'pretrainedEncoder': {'dir': 'unimodal_audio_fold{}_lr0.001_wd0.0001.pth.tar',
                                               'use': False}},
                        {'args': {'d_model': 512,
                                  'dropout': 0.1,
                                  'fc_inner': 64,
                                  'freeze_encoder': False,
                                  'num_classes': 6},
                         'model': 'Video_ResNet',
                         'pretrainedEncoder': {'dir': 'unimodal_video_fold{}_lr0.001_wd0.0001.pth.tar',
                                               'use': False}}],
           'load_ongoing': False,
           'model_class': 'Fusion_Synprom_IB',
           'save_base_dir': '/esat/smcdata/users/kkontras/Image_Dataset/no_backup/data/2025_data/synergy',
           'save_dir': 'Synprom_IB_{}.pth.tar'},
 'optimizer': {'beta1': 0.9,
               'beta2': 0.999,
               'learning_rate': 1e-05,
               'momentum': 0.9,
               'type': 'Adam',
               'weight_decay': 1e-05},
 'scheduler': {'max_lr': 0.03, 'type': 'cosanneal', 'warm_up_steps': 780},
 'training_params': {'adversarial_training': {'adv_epsilon': 0.01,
                                              'use': False},
                     'async_loading': True,
                     'batch_size': 32,
                     'cuda': True,
                     'data_loader_workers': 8,
                     'gpu_device': [0],
                     'pin_memory': False,
                     'rec_test': True,
                     'res': True,
                     'seed': 109,
                     'tdqm_disable': False,
                     'test_batch_size': 32,
                     'test_on_bottoms': False,
                     'use_test_set': True,
                     'validation': True,
                     'verbose': True,
                     'wandb_disable': False}}
2025-11-09 14:51:10,485 - Config - INFO -  *************************************** 
2025-11-09 14:51:10,485 - Config - INFO - The experiment name is CREMAD Experiment
2025-11-09 14:51:10,485 - Config - INFO -  *************************************** 
2025-11-09 14:51:10,485 - root - INFO - save_dir: Synprom_IB_fold2_l0_contrcoeff0_perturbgennoise_lr0.0001_wd0.0001_clsmlp_pre.pth.tar
2025-11-09 14:51:10,663 - Cuda Statistics - INFO - __Python VERSION:  3.9.18 (main, Sep 11 2023, 13:41:44) 
[GCC 11.2.0]
2025-11-09 14:51:10,663 - Cuda Statistics - INFO - __pyTorch VERSION:  2.0.1+cu118
2025-11-09 14:51:10,663 - Cuda Statistics - INFO - __CUDA VERSION
2025-11-09 14:51:10,665 - Cuda Statistics - INFO - __CUDNN VERSION:  8700
2025-11-09 14:51:10,703 - Cuda Statistics - INFO - __Number CUDA Devices:  1
2025-11-09 14:51:10,704 - Cuda Statistics - INFO - __Devices
2025-11-09 14:51:10,704 - Cuda Statistics - INFO - index, name, driver_version, memory.total [MiB], memory.used [MiB], memory.free [MiB]
2025-11-09 14:51:10,704 - Cuda Statistics - INFO - 0, NVIDIA GeForce RTX 3090, 580.95.05, 24576 MiB, 4 MiB, 24121 MiB
2025-11-09 14:51:10,709 - Cuda Statistics - INFO - Active CUDA Device: GPU 0
2025-11-09 14:51:10,710 - Cuda Statistics - INFO - Available devices  1
2025-11-09 14:51:10,710 - Cuda Statistics - INFO - Current cuda device  0
This path does not exist /esat/smcdata/users/kkontras/Image_Dataset/no_backup/CremaD/CREMA-D/AudioWAV/1076_MTI_SAD_XX.wav or /esat/smcdata/users/kkontras/Image_Dataset/no_backup/CremaD/CREMA-D/Image-01-FPS/1076_MTI_SAD_XX or /esat/smcdata/users/kkontras/Image_Dataset/no_backup/CremaD/CREMA-D/Face_features/1076_MTI_SAD_XX.npy
2025-11-09 14:51:12,796 - root - INFO - Loaded wav norm from ./mydatasets/CREMAD/wav_norm_16000_fold2.pkl
2025-11-09 14:51:12,800 - root - INFO - Norm values are {'mean': tensor(-2.7781e-05), 'std': tensor(0.0615), 'max_duration': 5.005}
2025-11-09 14:51:13,310 - root - INFO - Loaded wav norm from ./mydatasets/CREMAD/wav_norm_16000_fold2.pkl
2025-11-09 14:51:13,311 - root - INFO - Norm values are {'mean': tensor(-2.7781e-05), 'std': tensor(0.0615), 'max_duration': 5.005}
2025-11-09 14:51:13,874 - root - INFO - Loaded wav norm from ./mydatasets/CREMAD/wav_norm_16000_fold2.pkl
2025-11-09 14:51:13,875 - root - INFO - Norm values are {'mean': tensor(-2.7781e-05), 'std': tensor(0.0615), 'max_duration': 5.005}
Available cores 8
We are changing dataloader workers to num of cores 0
2025-11-09 14:51:13,877 - Agent - INFO - Device: cuda:0
2025-11-09 14:51:13,877 - Agent - INFO - Total training batches: 126, validate every 25 batches, steps per epoch: 6
2025-11-09 14:51:17,716 - Agent - INFO - Loss Weights are {'total': 1, 'combined': 1, 'c': 0, 'g': 0}
2025-11-09 14:51:18,389 - root - INFO - Loading enc best model state dict from /esat/smcdata/users/kkontras/Image_Dataset/no_backup/data/2025_data/synergy/unimodal_audio_fold2_lr0.001_wd0.0001.pth.tar
Replacing module
2025-11-09 14:51:18,916 - root - INFO - Loading enc best model state dict from /esat/smcdata/users/kkontras/Image_Dataset/no_backup/data/2025_data/synergy/unimodal_video_fold2_lr0.001_wd0.0001.pth.tar
Replacing module
2025-11-09 14:51:18,962 - Agent - INFO - Total number of trainable parameters are: 23483032
2025-11-09 14:51:18,969 - Agent - INFO - Total number of trainable parameters are: 23483032
2025-11-09 14:54:33,409 - Agent - INFO - [37mVal Epoch 1 step 1 with [31mce_loss_combined : 0.979951 [31mtotal : 0.979951 [94mAcc_combined: 66.74 [94mAcc_c: 58.69 [94mAcc_g: 60.30 [95mCEU_cue_audio: 0.8731 [95mCEU_cue_video: 0.3722 [95mCEU_synergy: 0.1732 [95mCEU_coexistence: 0.9394 
2025-11-09 14:54:33,423 - Agent - INFO - [37mTest Epoch 1 step 1 with [31mce_loss_combined : 0.797541 [31mtotal : 0.797541 [94mAcc_combined: 72.38 [94mAcc_c: 61.24 [94mAcc_g: 53.75 
2025-11-09 14:54:33,895 - Agent - INFO - [37mModels has saved successfully in /esat/smcdata/users/kkontras/Image_Dataset/no_backup/data/2025_data/synergy/Synprom_IB_fold2_l0_contrcoeff0_perturbgennoise_lr0.0001_wd0.0001_clsmlp_pre.pth.tar
2025-11-09 14:57:49,232 - Agent - INFO - [37mVal Epoch 2 step 2 with [31mce_loss_combined : 0.797424 [31mtotal : 0.797424 [94mAcc_combined: 74.22 [94mAcc_c: 57.19 [94mAcc_g: 62.26 [95mCEU_cue_audio: 0.8414 [95mCEU_cue_video: 0.6054 [95mCEU_synergy: 0.2285 [95mCEU_coexistence: 0.9758 
2025-11-09 14:57:49,247 - Agent - INFO - [37mTest Epoch 2 step 2 with [31mce_loss_combined : 0.745172 [31mtotal : 0.745172 [94mAcc_combined: 74.41 [94mAcc_c: 57.82 [94mAcc_g: 54.60 
2025-11-09 14:57:49,834 - Agent - INFO - [37mModels has saved successfully in /esat/smcdata/users/kkontras/Image_Dataset/no_backup/data/2025_data/synergy/Synprom_IB_fold2_l0_contrcoeff0_perturbgennoise_lr0.0001_wd0.0001_clsmlp_pre.pth.tar
2025-11-09 15:01:04,439 - Agent - INFO - [37mVal Epoch 3 step 3 with [31mce_loss_combined : 0.723785 [31mtotal : 0.723785 [94mAcc_combined: 76.52 [94mAcc_c: 58.92 [94mAcc_g: 60.99 [95mCEU_cue_audio: 0.8359 [95mCEU_cue_video: 0.6681 [95mCEU_synergy: 0.2442 [95mCEU_coexistence: 0.9908 
2025-11-09 15:01:04,454 - Agent - INFO - [37mTest Epoch 3 step 3 with [31mce_loss_combined : 0.793716 [31mtotal : 0.793716 [94mAcc_combined: 73.66 [94mAcc_c: 61.67 [94mAcc_g: 52.46 
2025-11-09 15:01:05,065 - Agent - INFO - [37mModels has saved successfully in /esat/smcdata/users/kkontras/Image_Dataset/no_backup/data/2025_data/synergy/Synprom_IB_fold2_l0_contrcoeff0_perturbgennoise_lr0.0001_wd0.0001_clsmlp_pre.pth.tar
2025-11-09 15:04:20,646 - Agent - INFO - [37mVal Epoch 4 step 4 with [31mce_loss_combined : 0.861872 [31mtotal : 0.861872 [94mAcc_combined: 74.91 [94mAcc_c: 54.43 [94mAcc_g: 60.30 [95mCEU_cue_audio: 0.7618 [95mCEU_cue_video: 0.7132 [95mCEU_synergy: 0.2519 [95mCEU_coexistence: 0.9576 
2025-11-09 15:07:36,443 - Agent - INFO - [37mVal Epoch 5 step 5 with [31mce_loss_combined : 0.887680 [31mtotal : 0.887680 [94mAcc_combined: 76.87 [94mAcc_c: 56.27 [94mAcc_g: 60.18 [95mCEU_cue_audio: 0.7936 [95mCEU_cue_video: 0.7401 [95mCEU_synergy: 0.2442 [95mCEU_coexistence: 0.9758 
2025-11-09 15:07:36,457 - Agent - INFO - [37mTest Epoch 5 step 5 with [31mce_loss_combined : 1.055400 [31mtotal : 1.055400 [94mAcc_combined: 72.91 [94mAcc_c: 58.14 [94mAcc_g: 52.78 
2025-11-09 15:07:37,110 - Agent - INFO - [37mModels has saved successfully in /esat/smcdata/users/kkontras/Image_Dataset/no_backup/data/2025_data/synergy/Synprom_IB_fold2_l0_contrcoeff0_perturbgennoise_lr0.0001_wd0.0001_clsmlp_pre.pth.tar
2025-11-09 15:10:52,153 - Agent - INFO - [37mVal Epoch 6 step 6 with [31mce_loss_combined : 1.011037 [31mtotal : 1.011037 [94mAcc_combined: 74.91 [94mAcc_c: 56.04 [94mAcc_g: 59.15 [95mCEU_cue_audio: 0.7513 [95mCEU_cue_video: 0.7175 [95mCEU_synergy: 0.2442 [95mCEU_coexistence: 0.9637 
2025-11-09 15:14:06,346 - Agent - INFO - [37mVal Epoch 7 step 7 with [31mce_loss_combined : 0.954553 [31mtotal : 0.954553 [94mAcc_combined: 75.72 [94mAcc_c: 55.47 [94mAcc_g: 59.49 [95mCEU_cue_audio: 0.7830 [95mCEU_cue_video: 0.6995 [95mCEU_synergy: 0.2361 [95mCEU_coexistence: 0.9818 
2025-11-09 15:17:19,859 - Agent - INFO - [37mVal Epoch 8 step 8 with [31mce_loss_combined : 1.011211 [31mtotal : 1.011211 [94mAcc_combined: 75.49 [94mAcc_c: 55.35 [94mAcc_g: 59.72 [95mCEU_cue_audio: 0.7618 [95mCEU_cue_video: 0.7132 [95mCEU_synergy: 0.2285 [95mCEU_coexistence: 0.9818 
2025-11-09 15:20:33,678 - Agent - INFO - [37mVal Epoch 9 step 9 with [31mce_loss_combined : 1.046114 [31mtotal : 1.046114 [94mAcc_combined: 75.26 [94mAcc_c: 56.85 [94mAcc_g: 61.22 [95mCEU_cue_audio: 0.7513 [95mCEU_cue_video: 0.7175 [95mCEU_synergy: 0.2127 [95mCEU_coexistence: 0.9847 
2025-11-09 15:23:49,331 - Agent - INFO - [37mVal Epoch 10 step 10 with [31mce_loss_combined : 1.037186 [31mtotal : 1.037186 [94mAcc_combined: 75.72 [94mAcc_c: 55.24 [94mAcc_g: 60.76 [95mCEU_cue_audio: 0.7301 [95mCEU_cue_video: 0.7533 [95mCEU_synergy: 0.2361 [95mCEU_coexistence: 0.9758 
2025-11-09 15:27:04,480 - Agent - INFO - [37mVal Epoch 11 step 11 with [31mce_loss_combined : 1.141826 [31mtotal : 1.141826 [94mAcc_combined: 74.91 [94mAcc_c: 54.89 [94mAcc_g: 61.10 [95mCEU_cue_audio: 0.7301 [95mCEU_cue_video: 0.7311 [95mCEU_synergy: 0.2442 [95mCEU_coexistence: 0.9666 
2025-11-09 15:30:19,471 - Agent - INFO - [37mVal Epoch 12 step 12 with [31mce_loss_combined : 1.301702 [31mtotal : 1.301702 [94mAcc_combined: 71.92 [94mAcc_c: 53.39 [94mAcc_g: 60.76 [95mCEU_cue_audio: 0.7038 [95mCEU_cue_video: 0.6726 [95mCEU_synergy: 0.1732 [95mCEU_coexistence: 0.9697 
2025-11-09 15:33:33,070 - Agent - INFO - [37mVal Epoch 13 step 13 with [31mce_loss_combined : 1.119123 [31mtotal : 1.119123 [94mAcc_combined: 75.26 [94mAcc_c: 53.62 [94mAcc_g: 61.57 [95mCEU_cue_audio: 0.7356 [95mCEU_cue_video: 0.7354 [95mCEU_synergy: 0.2285 [95mCEU_coexistence: 0.9758 
2025-11-09 15:36:48,786 - Agent - INFO - [37mVal Epoch 14 step 14 with [31mce_loss_combined : 1.151755 [31mtotal : 1.151755 [94mAcc_combined: 76.29 [94mAcc_c: 54.09 [94mAcc_g: 60.87 [95mCEU_cue_audio: 0.7779 [95mCEU_cue_video: 0.7311 [95mCEU_synergy: 0.2285 [95mCEU_coexistence: 0.9818 
2025-11-09 15:40:02,304 - Agent - INFO - [37mVal Epoch 15 step 15 with [31mce_loss_combined : 1.238713 [31mtotal : 1.238713 [94mAcc_combined: 75.03 [94mAcc_c: 53.39 [94mAcc_g: 60.18 [95mCEU_cue_audio: 0.7513 [95mCEU_cue_video: 0.7490 [95mCEU_synergy: 0.1970 [95mCEU_coexistence: 0.9637 
2025-11-09 15:43:17,287 - Agent - INFO - [37mVal Epoch 16 step 16 with [31mce_loss_combined : 1.142012 [31mtotal : 1.142012 [94mAcc_combined: 76.64 [94mAcc_c: 55.24 [94mAcc_g: 60.64 [95mCEU_cue_audio: 0.7885 [95mCEU_cue_video: 0.7401 [95mCEU_synergy: 0.2519 [95mCEU_coexistence: 0.9697 
2025-11-09 15:46:33,239 - Agent - INFO - [37mVal Epoch 17 step 17 with [31mce_loss_combined : 1.400440 [31mtotal : 1.400440 [94mAcc_combined: 74.22 [94mAcc_c: 55.24 [94mAcc_g: 60.53 [95mCEU_cue_audio: 0.7618 [95mCEU_cue_video: 0.6726 [95mCEU_synergy: 0.2599 [95mCEU_coexistence: 0.9637 
2025-11-09 15:49:47,819 - Agent - INFO - [37mVal Epoch 18 step 18 with [31mce_loss_combined : 1.270288 [31mtotal : 1.270288 [94mAcc_combined: 75.95 [94mAcc_c: 52.59 [94mAcc_g: 61.91 [95mCEU_cue_audio: 0.7568 [95mCEU_cue_video: 0.7311 [95mCEU_synergy: 0.2599 [95mCEU_coexistence: 0.9726 
2025-11-09 15:53:02,759 - Agent - INFO - [37mVal Epoch 19 step 19 with [31mce_loss_combined : 1.311125 [31mtotal : 1.311125 [94mAcc_combined: 73.19 [94mAcc_c: 47.87 [94mAcc_g: 60.53 [95mCEU_cue_audio: 0.6984 [95mCEU_cue_video: 0.7085 [95mCEU_synergy: 0.1889 [95mCEU_coexistence: 0.9758 
2025-11-09 15:56:18,253 - Agent - INFO - [37mVal Epoch 20 step 20 with [31mce_loss_combined : 1.442308 [31mtotal : 1.442308 [94mAcc_combined: 71.69 [94mAcc_c: 50.40 [94mAcc_g: 60.53 [95mCEU_cue_audio: 0.6826 [95mCEU_cue_video: 0.6995 [95mCEU_synergy: 0.1970 [95mCEU_coexistence: 0.9484 
2025-11-09 15:59:32,106 - Agent - INFO - [37mVal Epoch 21 step 21 with [31mce_loss_combined : 1.427314 [31mtotal : 1.427314 [94mAcc_combined: 75.03 [94mAcc_c: 52.93 [94mAcc_g: 60.76 [95mCEU_cue_audio: 0.7674 [95mCEU_cue_video: 0.7311 [95mCEU_synergy: 0.2519 [95mCEU_coexistence: 0.9455 
2025-11-09 16:02:47,128 - Agent - INFO - [37mVal Epoch 22 step 22 with [31mce_loss_combined : 1.352445 [31mtotal : 1.352445 [94mAcc_combined: 74.80 [94mAcc_c: 51.67 [94mAcc_g: 62.95 [95mCEU_cue_audio: 0.7301 [95mCEU_cue_video: 0.7354 [95mCEU_synergy: 0.2285 [95mCEU_coexistence: 0.9666 
2025-11-09 16:06:01,791 - Agent - INFO - [37mVal Epoch 23 step 23 with [31mce_loss_combined : 1.326947 [31mtotal : 1.326947 [94mAcc_combined: 76.18 [94mAcc_c: 55.24 [94mAcc_g: 61.80 [95mCEU_cue_audio: 0.7779 [95mCEU_cue_video: 0.7490 [95mCEU_synergy: 0.2127 [95mCEU_coexistence: 0.9726 
2025-11-09 16:09:14,977 - Agent - INFO - [37mVal Epoch 24 step 24 with [31mce_loss_combined : 1.341538 [31mtotal : 1.341538 [94mAcc_combined: 76.18 [94mAcc_c: 55.35 [94mAcc_g: 62.03 [95mCEU_cue_audio: 0.7885 [95mCEU_cue_video: 0.7354 [95mCEU_synergy: 0.2599 [95mCEU_coexistence: 0.9576 
2025-11-09 16:09:15,714 - Agent - INFO - We are in the final state.
2025-11-09 16:09:15,930 - root - INFO - Loaded best model from /esat/smcdata/users/kkontras/Image_Dataset/no_backup/data/2025_data/synergy/Synprom_IB_fold2_l0_contrcoeff0_perturbgennoise_lr0.0001_wd0.0001_clsmlp_pre.pth.tar
2025-11-09 16:09:30,760 - Agent - INFO - [37mVal Epoch 24 step 0 with [31mce_loss_combined : 0.887680 [31mtotal : 0.887680 [94mAcc_combined: 76.87 [94mAcc_c: 56.27 [94mAcc_g: 60.18 [95mCEU_cue_audio: 0.7936 [95mCEU_cue_video: 0.7401 [95mCEU_synergy: 0.2442 [95mCEU_coexistence: 0.9758 
2025-11-09 16:09:46,588 - Agent - INFO - [37mTest Epoch 24 step 0 with [31mce_loss_combined : 1.055400 [31mtotal : 1.055400 [94mAcc_combined: 72.91 [94mAcc_c: 58.14 [94mAcc_g: 52.78 
2025-11-09 16:09:47,842 - Agent - INFO - [37mModels has saved successfully in /esat/smcdata/users/kkontras/Image_Dataset/no_backup/data/2025_data/synergy/Synprom_IB_fold2_l0_contrcoeff0_perturbgennoise_lr0.0001_wd0.0001_clsmlp_pre.pth.tar
Job finished
