Starting Job
/esat/smcdata/users/kkontras/Image_Dataset/no_backup/git/Synergy/train.py
/esat/smcdata/users/kkontras/Image_Dataset/no_backup/envs/balance_env/bin/python
Python 3.9.18
/esat/smcdata/users/kkontras/Image_Dataset/no_backup/git/Synergy
We have 1 GPU
/esat/smcdata/users/kkontras/Image_Dataset/no_backup/git/Synergy/train.py
config-./configs/CREMA_D/synergy/nov/synprom_ib.json
Executing command: accelerate launch /esat/smcdata/users/kkontras/Image_Dataset/no_backup/git/Synergy/train.py --config ./configs/CREMA_D/synergy/nov/synprom_ib.json --default_config ./configs/CREMA_D/default_config_cremad_res_syn.json --fold 2 --pre  --l 50 --contrcoeff 1 --lr 0.0001 --wd 0.0001 --cls mlp --perturb gennoise
Namespace(config='./configs/CREMA_D/synergy/nov/synprom_ib.json', default_config='./configs/CREMA_D/default_config_cremad_res_syn.json', fold='2', alpha=None, tanh_mode=None, tanh_mode_beta=None, regby=None, clip=None, batch_size=None, l='50', multil=None, l_diffsq=None, lib=None, ratio_us=None, ratio_snr=None, kmepoch=None, num_samples=None, pow=None, nstep=None, contrcoeff='1', kde_coeff=None, etube=None, temperature=None, contr_type=None, shuffle_type=None, validate_with=None, transform_type=None, trasform_before=None, num_classes=None, base_alpha=None, alpha_var=None, base_beta=None, beta_var=None, optim_method=None, ilr_c=None, ilr_g=None, mmcosine_scaling=None, ending_epoch=None, load_ongoing=None, commonlayers=None, recon_weight1=None, recon_weight2=None, recon_epochstages=None, recon_ensemblestages=None, lr='0.0001', wd='0.0001', mm=None, cls='mlp', perturb='gennoise', pre=True, frozen=False, tdqm_disable=False, start_over=False)
2025-11-09 15:51:43,223 - Config - INFO - ./configs/CREMA_D/synergy/nov/synprom_ib.json
2025-11-09 15:51:43,226 - Config - INFO -  THE Configuration of your experiment ..
{'agent': 'Agent',
 'dataset': {'data_roots': '/esat/smcdata/users/kkontras/Image_Dataset/no_backup/CremaD/CREMA-D',
             'data_split': {'fold': 0, 'method': 'non_inclusive'},
             'dataloader_class': 'CramedD_Dataloader',
             'fps': 1,
             'norm': False,
             'norm_face_path': './mydatasets/CREMAD/norm_face_path_fold{}.pkl',
             'norm_wav_path': './mydatasets/CREMAD/wav_norm_16000_fold{}.pkl',
             'num_frame': 3,
             'return_data': {'audio': False,
                             'face': False,
                             'spectrogram': True,
                             'video': True},
             'sampling_rate': 22050},
 'early_stopping': {'end_of_epoch_check': True,
                    'log_interval': 10,
                    'max_epoch': 1500,
                    'n_steps_stop': 20,
                    'n_steps_stop_after': 0,
                    'save_every_step': 3000,
                    'save_every_valstep': 10,
                    'validate_after': 0,
                    'validate_every': 25,
                    'validate_with': 'accuracy'},
 'exp_name': 'CREMAD Experiment',
 'model': {'args': {'bias_infusion': {'ending_epoch': 1500,
                                      'l': 0.1,
                                      'method': 'false',
                                      'plot': False,
                                      'starting_epoch': 0,
                                      'use': True},
                    'clip_grad': False,
                    'cls_type': 'linear',
                    'd_model': 512,
                    'dropout': 0.1,
                    'fc_inner': 64,
                    'multi_loss': {'multi_supervised_w': {'c': 0,
                                                          'combined': 1,
                                                          'g': 0}},
                    'num_classes': 6},
           'encoders': [{'args': {'d_model': 512,
                                  'dropout': 0.1,
                                  'fc_inner': 64,
                                  'freeze_encoder': False,
                                  'num_classes': 6},
                         'model': 'Audio_ResNet',
                         'pretrainedEncoder': {'dir': 'unimodal_audio_fold{}_lr0.001_wd0.0001.pth.tar',
                                               'use': False}},
                        {'args': {'d_model': 512,
                                  'dropout': 0.1,
                                  'fc_inner': 64,
                                  'freeze_encoder': False,
                                  'num_classes': 6},
                         'model': 'Video_ResNet',
                         'pretrainedEncoder': {'dir': 'unimodal_video_fold{}_lr0.001_wd0.0001.pth.tar',
                                               'use': False}}],
           'load_ongoing': False,
           'model_class': 'Fusion_Synprom_IB',
           'save_base_dir': '/esat/smcdata/users/kkontras/Image_Dataset/no_backup/data/2025_data/synergy',
           'save_dir': 'Synprom_IB_{}.pth.tar'},
 'optimizer': {'beta1': 0.9,
               'beta2': 0.999,
               'learning_rate': 1e-05,
               'momentum': 0.9,
               'type': 'Adam',
               'weight_decay': 1e-05},
 'scheduler': {'max_lr': 0.03, 'type': 'cosanneal', 'warm_up_steps': 780},
 'training_params': {'adversarial_training': {'adv_epsilon': 0.01,
                                              'use': False},
                     'async_loading': True,
                     'batch_size': 32,
                     'cuda': True,
                     'data_loader_workers': 8,
                     'gpu_device': [0],
                     'pin_memory': False,
                     'rec_test': True,
                     'res': True,
                     'seed': 109,
                     'tdqm_disable': False,
                     'test_batch_size': 32,
                     'test_on_bottoms': False,
                     'use_test_set': True,
                     'validation': True,
                     'verbose': True,
                     'wandb_disable': False}}
2025-11-09 15:51:43,227 - Config - INFO -  *************************************** 
2025-11-09 15:51:43,227 - Config - INFO - The experiment name is CREMAD Experiment
2025-11-09 15:51:43,227 - Config - INFO -  *************************************** 
2025-11-09 15:51:43,227 - root - INFO - save_dir: Synprom_IB_fold2_l50_contrcoeff1_perturbgennoise_lr0.0001_wd0.0001_clsmlp_pre.pth.tar
2025-11-09 15:51:43,805 - Cuda Statistics - INFO - __Python VERSION:  3.9.18 (main, Sep 11 2023, 13:41:44) 
[GCC 11.2.0]
2025-11-09 15:51:43,806 - Cuda Statistics - INFO - __pyTorch VERSION:  2.0.1+cu118
2025-11-09 15:51:43,806 - Cuda Statistics - INFO - __CUDA VERSION
2025-11-09 15:51:43,808 - Cuda Statistics - INFO - __CUDNN VERSION:  8700
2025-11-09 15:51:43,836 - Cuda Statistics - INFO - __Number CUDA Devices:  1
2025-11-09 15:51:43,836 - Cuda Statistics - INFO - __Devices
2025-11-09 15:51:43,836 - Cuda Statistics - INFO - index, name, driver_version, memory.total [MiB], memory.used [MiB], memory.free [MiB]
2025-11-09 15:51:43,836 - Cuda Statistics - INFO - 0, NVIDIA A100-SXM4-80GB, 580.95.05, 81920 MiB, 4 MiB, 81150 MiB
2025-11-09 15:51:43,839 - Cuda Statistics - INFO - Active CUDA Device: GPU 0
2025-11-09 15:51:43,839 - Cuda Statistics - INFO - Available devices  1
2025-11-09 15:51:43,839 - Cuda Statistics - INFO - Current cuda device  0
This path does not exist /esat/smcdata/users/kkontras/Image_Dataset/no_backup/CremaD/CREMA-D/AudioWAV/1076_MTI_SAD_XX.wav or /esat/smcdata/users/kkontras/Image_Dataset/no_backup/CremaD/CREMA-D/Image-01-FPS/1076_MTI_SAD_XX or /esat/smcdata/users/kkontras/Image_Dataset/no_backup/CremaD/CREMA-D/Face_features/1076_MTI_SAD_XX.npy
2025-11-09 15:51:45,302 - root - INFO - Loaded wav norm from ./mydatasets/CREMAD/wav_norm_16000_fold2.pkl
2025-11-09 15:51:45,305 - root - INFO - Norm values are {'mean': tensor(-2.7781e-05), 'std': tensor(0.0615), 'max_duration': 5.005}
2025-11-09 15:51:45,597 - root - INFO - Loaded wav norm from ./mydatasets/CREMAD/wav_norm_16000_fold2.pkl
2025-11-09 15:51:45,598 - root - INFO - Norm values are {'mean': tensor(-2.7781e-05), 'std': tensor(0.0615), 'max_duration': 5.005}
2025-11-09 15:51:45,827 - root - INFO - Loaded wav norm from ./mydatasets/CREMAD/wav_norm_16000_fold2.pkl
2025-11-09 15:51:45,828 - root - INFO - Norm values are {'mean': tensor(-2.7781e-05), 'std': tensor(0.0615), 'max_duration': 5.005}
Available cores 8
We are changing dataloader workers to num of cores 0
2025-11-09 15:51:45,831 - Agent - INFO - Device: cuda:0
2025-11-09 15:51:45,831 - Agent - INFO - Total training batches: 126, validate every 25 batches, steps per epoch: 6
2025-11-09 15:51:50,244 - Agent - INFO - Loss Weights are {'total': 1, 'combined': 1, 'c': 0, 'g': 0}
2025-11-09 15:51:50,781 - root - INFO - Loading enc best model state dict from /esat/smcdata/users/kkontras/Image_Dataset/no_backup/data/2025_data/synergy/unimodal_audio_fold2_lr0.001_wd0.0001.pth.tar
Replacing module
2025-11-09 15:51:51,273 - root - INFO - Loading enc best model state dict from /esat/smcdata/users/kkontras/Image_Dataset/no_backup/data/2025_data/synergy/unimodal_video_fold2_lr0.001_wd0.0001.pth.tar
Replacing module
2025-11-09 15:51:51,329 - Agent - INFO - Total number of trainable parameters are: 23483032
2025-11-09 15:51:51,340 - Agent - INFO - Total number of trainable parameters are: 23483032
2025-11-09 15:55:14,258 - Agent - INFO - [37mVal Epoch 1 step 1 with [31mce_loss_combined : 1.771817 [31mtotal : 1.771817 [94mAcc_combined: 72.50 [94mAcc_c: 57.42 [94mAcc_g: 65.48 [95mCEU_cue_audio: 0.8202 [95mCEU_cue_video: 0.5651 [95mCEU_synergy: 0.2285 [95mCEU_coexistence: 0.9697 
2025-11-09 15:55:14,272 - Agent - INFO - [37mTest Epoch 1 step 1 with [31mce_loss_combined : 1.772020 [31mtotal : 1.772020 [94mAcc_combined: 66.81 [94mAcc_c: 58.46 [94mAcc_g: 53.32 
2025-11-09 15:55:14,771 - Agent - INFO - [37mModels has saved successfully in /esat/smcdata/users/kkontras/Image_Dataset/no_backup/data/2025_data/synergy/Synprom_IB_fold2_l50_contrcoeff1_perturbgennoise_lr0.0001_wd0.0001_clsmlp_pre.pth.tar
2025-11-09 15:58:37,600 - Agent - INFO - [37mVal Epoch 2 step 2 with [31mce_loss_combined : 1.763926 [31mtotal : 1.763926 [94mAcc_combined: 76.64 [94mAcc_c: 52.01 [94mAcc_g: 64.79 [95mCEU_cue_audio: 0.7038 [95mCEU_cue_video: 0.7802 [95mCEU_synergy: 0.3149 [95mCEU_coexistence: 0.9666 
2025-11-09 15:58:37,613 - Agent - INFO - [37mTest Epoch 2 step 2 with [31mce_loss_combined : 1.765280 [31mtotal : 1.765280 [94mAcc_combined: 65.95 [94mAcc_c: 49.79 [94mAcc_g: 49.25 
2025-11-09 15:58:38,532 - Agent - INFO - [37mModels has saved successfully in /esat/smcdata/users/kkontras/Image_Dataset/no_backup/data/2025_data/synergy/Synprom_IB_fold2_l50_contrcoeff1_perturbgennoise_lr0.0001_wd0.0001_clsmlp_pre.pth.tar
2025-11-09 16:01:56,111 - Agent - INFO - [37mVal Epoch 3 step 3 with [31mce_loss_combined : 1.727790 [31mtotal : 1.727790 [94mAcc_combined: 74.91 [94mAcc_c: 52.24 [94mAcc_g: 65.59 [95mCEU_cue_audio: 0.6244 [95mCEU_cue_video: 0.8161 [95mCEU_synergy: 0.3306 [95mCEU_coexistence: 0.9363 
2025-11-09 16:05:10,882 - Agent - INFO - [37mVal Epoch 4 step 4 with [31mce_loss_combined : 1.598751 [31mtotal : 1.598751 [94mAcc_combined: 70.77 [94mAcc_c: 53.86 [94mAcc_g: 65.02 [95mCEU_cue_audio: 0.5715 [95mCEU_cue_video: 0.7938 [95mCEU_synergy: 0.3306 [95mCEU_coexistence: 0.8728 
2025-11-09 16:08:26,562 - Agent - INFO - [37mVal Epoch 5 step 5 with [31mce_loss_combined : 1.258565 [31mtotal : 1.258565 [94mAcc_combined: 63.18 [94mAcc_c: 52.70 [94mAcc_g: 60.99 [95mCEU_cue_audio: 0.4446 [95mCEU_cue_video: 0.7712 [95mCEU_synergy: 0.2991 [95mCEU_coexistence: 0.7727 
2025-11-09 16:11:40,780 - Agent - INFO - [37mVal Epoch 6 step 6 with [31mce_loss_combined : 1.137655 [31mtotal : 1.137655 [94mAcc_combined: 63.98 [94mAcc_c: 52.59 [94mAcc_g: 59.95 [95mCEU_cue_audio: 0.3968 [95mCEU_cue_video: 0.8118 [95mCEU_synergy: 0.2676 [95mCEU_coexistence: 0.8062 
2025-11-09 16:14:55,288 - Agent - INFO - [37mVal Epoch 7 step 7 with [31mce_loss_combined : 0.950612 [31mtotal : 0.950612 [94mAcc_combined: 70.31 [94mAcc_c: 51.78 [94mAcc_g: 63.98 [95mCEU_cue_audio: 0.4602 [95mCEU_cue_video: 0.8655 [95mCEU_synergy: 0.3071 [95mCEU_coexistence: 0.8849 
2025-11-09 16:18:15,841 - Agent - INFO - [37mVal Epoch 8 step 8 with [31mce_loss_combined : 0.962097 [31mtotal : 0.962097 [94mAcc_combined: 71.23 [94mAcc_c: 50.86 [94mAcc_g: 63.64 [95mCEU_cue_audio: 0.4814 [95mCEU_cue_video: 0.8655 [95mCEU_synergy: 0.2756 [95mCEU_coexistence: 0.9091 
2025-11-09 16:21:32,496 - Agent - INFO - [37mVal Epoch 9 step 9 with [31mce_loss_combined : 0.895938 [31mtotal : 0.895938 [94mAcc_combined: 73.30 [94mAcc_c: 52.24 [94mAcc_g: 62.95 [95mCEU_cue_audio: 0.4814 [95mCEU_cue_video: 0.8655 [95mCEU_synergy: 0.3071 [95mCEU_coexistence: 0.9515 
2025-11-09 16:24:51,613 - Agent - INFO - [37mVal Epoch 10 step 10 with [31mce_loss_combined : 0.856150 [31mtotal : 0.856150 [94mAcc_combined: 71.23 [94mAcc_c: 48.79 [94mAcc_g: 63.41 [95mCEU_cue_audio: 0.4602 [95mCEU_cue_video: 0.8566 [95mCEU_synergy: 0.2834 [95mCEU_coexistence: 0.9242 
2025-11-09 16:28:10,796 - Agent - INFO - [37mVal Epoch 11 step 11 with [31mce_loss_combined : 0.877618 [31mtotal : 0.877618 [94mAcc_combined: 70.66 [94mAcc_c: 50.52 [94mAcc_g: 61.33 [95mCEU_cue_audio: 0.4708 [95mCEU_cue_video: 0.8340 [95mCEU_synergy: 0.2442 [95mCEU_coexistence: 0.9334 
2025-11-09 16:31:27,732 - Agent - INFO - [37mVal Epoch 12 step 12 with [31mce_loss_combined : 0.878352 [31mtotal : 0.878352 [94mAcc_combined: 71.12 [94mAcc_c: 49.37 [94mAcc_g: 63.18 [95mCEU_cue_audio: 0.5131 [95mCEU_cue_video: 0.8028 [95mCEU_synergy: 0.1970 [95mCEU_coexistence: 0.9605 
2025-11-09 16:34:42,961 - Agent - INFO - [37mVal Epoch 13 step 13 with [31mce_loss_combined : 0.805922 [31mtotal : 0.805922 [94mAcc_combined: 73.30 [94mAcc_c: 52.82 [94mAcc_g: 64.10 [95mCEU_cue_audio: 0.5660 [95mCEU_cue_video: 0.8519 [95mCEU_synergy: 0.2047 [95mCEU_coexistence: 0.9515 
2025-11-09 16:37:52,616 - Agent - INFO - [37mVal Epoch 14 step 14 with [31mce_loss_combined : 0.803808 [31mtotal : 0.803808 [94mAcc_combined: 75.14 [94mAcc_c: 50.86 [94mAcc_g: 63.52 [95mCEU_cue_audio: 0.6189 [95mCEU_cue_video: 0.8429 [95mCEU_synergy: 0.2519 [95mCEU_coexistence: 0.9576 
2025-11-09 16:41:10,353 - Agent - INFO - [37mVal Epoch 15 step 15 with [31mce_loss_combined : 0.871945 [31mtotal : 0.871945 [94mAcc_combined: 72.61 [94mAcc_c: 51.44 [94mAcc_g: 63.64 [95mCEU_cue_audio: 0.5766 [95mCEU_cue_video: 0.8161 [95mCEU_synergy: 0.1813 [95mCEU_coexistence: 0.9605 
2025-11-09 16:44:23,681 - Agent - INFO - [37mVal Epoch 16 step 16 with [31mce_loss_combined : 0.859473 [31mtotal : 0.859473 [94mAcc_combined: 71.58 [94mAcc_c: 51.55 [94mAcc_g: 61.57 [95mCEU_cue_audio: 0.5503 [95mCEU_cue_video: 0.8118 [95mCEU_synergy: 0.2361 [95mCEU_coexistence: 0.9302 
2025-11-09 16:47:38,232 - Agent - INFO - [37mVal Epoch 17 step 17 with [31mce_loss_combined : 0.944747 [31mtotal : 0.944747 [94mAcc_combined: 71.69 [94mAcc_c: 49.48 [94mAcc_g: 61.10 [95mCEU_cue_audio: 0.5292 [95mCEU_cue_video: 0.8476 [95mCEU_synergy: 0.2047 [95mCEU_coexistence: 0.9334 
2025-11-09 16:50:45,161 - Agent - INFO - [37mVal Epoch 18 step 18 with [31mce_loss_combined : 0.905776 [31mtotal : 0.905776 [94mAcc_combined: 71.81 [94mAcc_c: 51.32 [94mAcc_g: 62.49 [95mCEU_cue_audio: 0.5343 [95mCEU_cue_video: 0.8429 [95mCEU_synergy: 0.1813 [95mCEU_coexistence: 0.9455 
2025-11-09 16:53:57,491 - Agent - INFO - [37mVal Epoch 19 step 19 with [31mce_loss_combined : 0.914165 [31mtotal : 0.914165 [94mAcc_combined: 71.81 [94mAcc_c: 49.94 [94mAcc_g: 62.83 [95mCEU_cue_audio: 0.5766 [95mCEU_cue_video: 0.8071 [95mCEU_synergy: 0.1970 [95mCEU_coexistence: 0.9394 
2025-11-09 16:57:17,637 - Agent - INFO - [37mVal Epoch 20 step 20 with [31mce_loss_combined : 0.987131 [31mtotal : 0.987131 [94mAcc_combined: 69.04 [94mAcc_c: 49.25 [94mAcc_g: 64.10 [95mCEU_cue_audio: 0.5237 [95mCEU_cue_video: 0.7849 [95mCEU_synergy: 0.1498 [95mCEU_coexistence: 0.9302 
2025-11-09 17:00:32,014 - Agent - INFO - [37mVal Epoch 21 step 21 with [31mce_loss_combined : 0.940630 [31mtotal : 0.940630 [94mAcc_combined: 71.81 [94mAcc_c: 50.52 [94mAcc_g: 62.37 [95mCEU_cue_audio: 0.5237 [95mCEU_cue_video: 0.8519 [95mCEU_synergy: 0.1889 [95mCEU_coexistence: 0.9423 
2025-11-09 17:00:32,718 - Agent - INFO - We are in the final state.
2025-11-09 17:00:32,961 - root - INFO - Loaded best model from /esat/smcdata/users/kkontras/Image_Dataset/no_backup/data/2025_data/synergy/Synprom_IB_fold2_l50_contrcoeff1_perturbgennoise_lr0.0001_wd0.0001_clsmlp_pre.pth.tar
2025-11-09 17:00:45,764 - Agent - INFO - [37mVal Epoch 21 step 0 with [31mce_loss_combined : 1.763926 [31mtotal : 1.763926 [94mAcc_combined: 76.64 [94mAcc_c: 52.01 [94mAcc_g: 64.79 [95mCEU_cue_audio: 0.7038 [95mCEU_cue_video: 0.7802 [95mCEU_synergy: 0.3149 [95mCEU_coexistence: 0.9666 
2025-11-09 17:00:59,960 - Agent - INFO - [37mTest Epoch 21 step 0 with [31mce_loss_combined : 1.765280 [31mtotal : 1.765280 [94mAcc_combined: 65.95 [94mAcc_c: 49.79 [94mAcc_g: 49.25 
2025-11-09 17:01:01,483 - Agent - INFO - [37mModels has saved successfully in /esat/smcdata/users/kkontras/Image_Dataset/no_backup/data/2025_data/synergy/Synprom_IB_fold2_l50_contrcoeff1_perturbgennoise_lr0.0001_wd0.0001_clsmlp_pre.pth.tar
Job finished
