Starting Job
/esat/smcdata/users/kkontras/Image_Dataset/no_backup/git/Synergy/train.py
/esat/smcdata/users/kkontras/Image_Dataset/no_backup/envs/balance_env/bin/python
Python 3.9.18
/esat/smcdata/users/kkontras/Image_Dataset/no_backup/git/Synergy
We have 1 GPU
/esat/smcdata/users/kkontras/Image_Dataset/no_backup/git/Synergy/train.py
config-./configs/CREMA_D/synergy/nov/synprom_ib.json
Executing command: accelerate launch /esat/smcdata/users/kkontras/Image_Dataset/no_backup/git/Synergy/train.py --config ./configs/CREMA_D/synergy/nov/synprom_ib.json --default_config ./configs/CREMA_D/default_config_cremad_res_syn.json --fold 0 --pre  --l 50 --contrcoeff 1 --lr 0.0001 --wd 0.0001 --cls mlp --perturb gennoise
Namespace(config='./configs/CREMA_D/synergy/nov/synprom_ib.json', default_config='./configs/CREMA_D/default_config_cremad_res_syn.json', fold='0', alpha=None, tanh_mode=None, tanh_mode_beta=None, regby=None, clip=None, batch_size=None, l='50', multil=None, l_diffsq=None, lib=None, ratio_us=None, ratio_snr=None, kmepoch=None, num_samples=None, pow=None, nstep=None, contrcoeff='1', kde_coeff=None, etube=None, temperature=None, contr_type=None, shuffle_type=None, validate_with=None, transform_type=None, trasform_before=None, num_classes=None, base_alpha=None, alpha_var=None, base_beta=None, beta_var=None, optim_method=None, ilr_c=None, ilr_g=None, mmcosine_scaling=None, ending_epoch=None, load_ongoing=None, commonlayers=None, recon_weight1=None, recon_weight2=None, recon_epochstages=None, recon_ensemblestages=None, lr='0.0001', wd='0.0001', mm=None, cls='mlp', perturb='gennoise', pre=True, frozen=False, tdqm_disable=False, start_over=False)
2025-11-09 15:50:14,724 - Config - INFO - ./configs/CREMA_D/synergy/nov/synprom_ib.json
2025-11-09 15:50:14,729 - Config - INFO -  THE Configuration of your experiment ..
{'agent': 'Agent',
 'dataset': {'data_roots': '/esat/smcdata/users/kkontras/Image_Dataset/no_backup/CremaD/CREMA-D',
             'data_split': {'fold': 0, 'method': 'non_inclusive'},
             'dataloader_class': 'CramedD_Dataloader',
             'fps': 1,
             'norm': False,
             'norm_face_path': './mydatasets/CREMAD/norm_face_path_fold{}.pkl',
             'norm_wav_path': './mydatasets/CREMAD/wav_norm_16000_fold{}.pkl',
             'num_frame': 3,
             'return_data': {'audio': False,
                             'face': False,
                             'spectrogram': True,
                             'video': True},
             'sampling_rate': 22050},
 'early_stopping': {'end_of_epoch_check': True,
                    'log_interval': 10,
                    'max_epoch': 1500,
                    'n_steps_stop': 20,
                    'n_steps_stop_after': 0,
                    'save_every_step': 3000,
                    'save_every_valstep': 10,
                    'validate_after': 0,
                    'validate_every': 25,
                    'validate_with': 'accuracy'},
 'exp_name': 'CREMAD Experiment',
 'model': {'args': {'bias_infusion': {'ending_epoch': 1500,
                                      'l': 0.1,
                                      'method': 'false',
                                      'plot': False,
                                      'starting_epoch': 0,
                                      'use': True},
                    'clip_grad': False,
                    'cls_type': 'linear',
                    'd_model': 512,
                    'dropout': 0.1,
                    'fc_inner': 64,
                    'multi_loss': {'multi_supervised_w': {'c': 0,
                                                          'combined': 1,
                                                          'g': 0}},
                    'num_classes': 6},
           'encoders': [{'args': {'d_model': 512,
                                  'dropout': 0.1,
                                  'fc_inner': 64,
                                  'freeze_encoder': False,
                                  'num_classes': 6},
                         'model': 'Audio_ResNet',
                         'pretrainedEncoder': {'dir': 'unimodal_audio_fold{}_lr0.001_wd0.0001.pth.tar',
                                               'use': False}},
                        {'args': {'d_model': 512,
                                  'dropout': 0.1,
                                  'fc_inner': 64,
                                  'freeze_encoder': False,
                                  'num_classes': 6},
                         'model': 'Video_ResNet',
                         'pretrainedEncoder': {'dir': 'unimodal_video_fold{}_lr0.001_wd0.0001.pth.tar',
                                               'use': False}}],
           'load_ongoing': False,
           'model_class': 'Fusion_Synprom_IB',
           'save_base_dir': '/esat/smcdata/users/kkontras/Image_Dataset/no_backup/data/2025_data/synergy',
           'save_dir': 'Synprom_IB_{}.pth.tar'},
 'optimizer': {'beta1': 0.9,
               'beta2': 0.999,
               'learning_rate': 1e-05,
               'momentum': 0.9,
               'type': 'Adam',
               'weight_decay': 1e-05},
 'scheduler': {'max_lr': 0.03, 'type': 'cosanneal', 'warm_up_steps': 780},
 'training_params': {'adversarial_training': {'adv_epsilon': 0.01,
                                              'use': False},
                     'async_loading': True,
                     'batch_size': 32,
                     'cuda': True,
                     'data_loader_workers': 8,
                     'gpu_device': [0],
                     'pin_memory': False,
                     'rec_test': True,
                     'res': True,
                     'seed': 109,
                     'tdqm_disable': False,
                     'test_batch_size': 32,
                     'test_on_bottoms': False,
                     'use_test_set': True,
                     'validation': True,
                     'verbose': True,
                     'wandb_disable': False}}
2025-11-09 15:50:14,730 - Config - INFO -  *************************************** 
2025-11-09 15:50:14,730 - Config - INFO - The experiment name is CREMAD Experiment
2025-11-09 15:50:14,730 - Config - INFO -  *************************************** 
2025-11-09 15:50:14,730 - root - INFO - save_dir: Synprom_IB_fold0_l50_contrcoeff1_perturbgennoise_lr0.0001_wd0.0001_clsmlp_pre.pth.tar
2025-11-09 15:50:14,843 - Cuda Statistics - INFO - __Python VERSION:  3.9.18 (main, Sep 11 2023, 13:41:44) 
[GCC 11.2.0]
2025-11-09 15:50:14,843 - Cuda Statistics - INFO - __pyTorch VERSION:  2.0.1+cu118
2025-11-09 15:50:14,843 - Cuda Statistics - INFO - __CUDA VERSION
2025-11-09 15:50:14,845 - Cuda Statistics - INFO - __CUDNN VERSION:  8700
2025-11-09 15:50:14,859 - Cuda Statistics - INFO - __Number CUDA Devices:  1
2025-11-09 15:50:14,859 - Cuda Statistics - INFO - __Devices
2025-11-09 15:50:14,859 - Cuda Statistics - INFO - index, name, driver_version, memory.total [MiB], memory.used [MiB], memory.free [MiB]
2025-11-09 15:50:14,859 - Cuda Statistics - INFO - 0, NVIDIA GeForce RTX 2080 Ti, 570.153.02, 11264 MiB, 3 MiB, 10821 MiB
2025-11-09 15:50:14,865 - Cuda Statistics - INFO - Active CUDA Device: GPU 0
2025-11-09 15:50:14,865 - Cuda Statistics - INFO - Available devices  1
2025-11-09 15:50:14,865 - Cuda Statistics - INFO - Current cuda device  0
This path does not exist /esat/smcdata/users/kkontras/Image_Dataset/no_backup/CremaD/CREMA-D/AudioWAV/1076_MTI_SAD_XX.wav or /esat/smcdata/users/kkontras/Image_Dataset/no_backup/CremaD/CREMA-D/Image-01-FPS/1076_MTI_SAD_XX or /esat/smcdata/users/kkontras/Image_Dataset/no_backup/CremaD/CREMA-D/Face_features/1076_MTI_SAD_XX.npy
2025-11-09 15:50:17,086 - root - INFO - Loaded wav norm from ./mydatasets/CREMAD/wav_norm_16000_fold0.pkl
2025-11-09 15:50:17,090 - root - INFO - Norm values are {'mean': tensor(-2.7937e-05), 'std': tensor(0.0613), 'max_duration': 4.8715625}
2025-11-09 15:50:17,239 - root - INFO - Loaded wav norm from ./mydatasets/CREMAD/wav_norm_16000_fold0.pkl
2025-11-09 15:50:17,239 - root - INFO - Norm values are {'mean': tensor(-2.7937e-05), 'std': tensor(0.0613), 'max_duration': 4.8715625}
2025-11-09 15:50:17,290 - root - INFO - Loaded wav norm from ./mydatasets/CREMAD/wav_norm_16000_fold0.pkl
2025-11-09 15:50:17,291 - root - INFO - Norm values are {'mean': tensor(-2.7937e-05), 'std': tensor(0.0613), 'max_duration': 4.8715625}
Available cores 8
We are changing dataloader workers to num of cores 0
2025-11-09 15:50:17,292 - Agent - INFO - Device: cuda:0
2025-11-09 15:50:17,292 - Agent - INFO - Total training batches: 127, validate every 25 batches, steps per epoch: 6
2025-11-09 15:50:21,293 - Agent - INFO - Loss Weights are {'total': 1, 'combined': 1, 'c': 0, 'g': 0}
2025-11-09 15:50:21,706 - root - INFO - Loading enc best model state dict from /esat/smcdata/users/kkontras/Image_Dataset/no_backup/data/2025_data/synergy/unimodal_audio_fold0_lr0.001_wd0.0001.pth.tar
Replacing module
2025-11-09 15:50:22,097 - root - INFO - Loading enc best model state dict from /esat/smcdata/users/kkontras/Image_Dataset/no_backup/data/2025_data/synergy/unimodal_video_fold0_lr0.001_wd0.0001.pth.tar
Replacing module
2025-11-09 15:50:22,251 - Agent - INFO - Total number of trainable parameters are: 23483032
2025-11-09 15:50:22,258 - Agent - INFO - Total number of trainable parameters are: 23483032
2025-11-09 15:54:11,835 - Agent - INFO - [37mVal Epoch 1 step 1 with [31mce_loss_combined : 1.773636 [31mtotal : 1.773636 [94mAcc_combined: 68.45 [94mAcc_c: 60.14 [94mAcc_g: 60.25 [95mCEU_cue_audio: 0.6075 [95mCEU_cue_video: 0.6484 [95mCEU_synergy: 0.1396 [95mCEU_coexistence: 0.9247 
2025-11-09 15:54:11,850 - Agent - INFO - [37mTest Epoch 1 step 1 with [31mce_loss_combined : 1.775842 [31mtotal : 1.775842 [94mAcc_combined: 60.73 [94mAcc_c: 55.51 [94mAcc_g: 52.73 
2025-11-09 15:54:12,883 - Agent - INFO - [37mModels has saved successfully in /esat/smcdata/users/kkontras/Image_Dataset/no_backup/data/2025_data/synergy/Synprom_IB_fold0_l50_contrcoeff1_perturbgennoise_lr0.0001_wd0.0001_clsmlp_pre.pth.tar
2025-11-09 15:57:59,912 - Agent - INFO - [37mVal Epoch 2 step 2 with [31mce_loss_combined : 1.754534 [31mtotal : 1.754534 [94mAcc_combined: 61.50 [94mAcc_c: 61.50 [94mAcc_g: 54.21 [95mCEU_cue_audio: 0.3745 [95mCEU_cue_video: 0.7090 [95mCEU_synergy: 0.1721 [95mCEU_coexistence: 0.8603 
2025-11-09 16:01:48,801 - Agent - INFO - [37mVal Epoch 3 step 3 with [31mce_loss_combined : 1.693822 [31mtotal : 1.693822 [94mAcc_combined: 56.72 [94mAcc_c: 60.48 [94mAcc_g: 53.87 [95mCEU_cue_audio: 0.2786 [95mCEU_cue_video: 0.6484 [95mCEU_synergy: 0.1396 [95mCEU_coexistence: 0.8414 
2025-11-09 16:05:33,261 - Agent - INFO - [37mVal Epoch 4 step 4 with [31mce_loss_combined : 1.451834 [31mtotal : 1.451834 [94mAcc_combined: 57.97 [94mAcc_c: 56.95 [94mAcc_g: 55.69 [95mCEU_cue_audio: 0.2923 [95mCEU_cue_video: 0.6668 [95mCEU_synergy: 0.1806 [95mCEU_coexistence: 0.8414 
2025-11-09 16:09:21,737 - Agent - INFO - [37mVal Epoch 5 step 5 with [31mce_loss_combined : 1.141061 [31mtotal : 1.141061 [94mAcc_combined: 61.73 [94mAcc_c: 58.88 [94mAcc_g: 58.31 [95mCEU_cue_audio: 0.3332 [95mCEU_cue_video: 0.7334 [95mCEU_synergy: 0.1640 [95mCEU_coexistence: 0.8818 
2025-11-09 16:13:06,018 - Agent - INFO - [37mVal Epoch 6 step 6 with [31mce_loss_combined : 1.040743 [31mtotal : 1.040743 [94mAcc_combined: 61.73 [94mAcc_c: 59.23 [94mAcc_g: 57.74 [95mCEU_cue_audio: 0.2374 [95mCEU_cue_video: 0.8302 [95mCEU_synergy: 0.1640 [95mCEU_coexistence: 0.8952 
2025-11-09 16:16:55,593 - Agent - INFO - [37mVal Epoch 7 step 7 with [31mce_loss_combined : 1.021047 [31mtotal : 1.021047 [94mAcc_combined: 62.41 [94mAcc_c: 62.87 [94mAcc_g: 56.72 [95mCEU_cue_audio: 0.2967 [95mCEU_cue_video: 0.7878 [95mCEU_synergy: 0.2216 [95mCEU_coexistence: 0.8763 
2025-11-09 16:20:40,450 - Agent - INFO - [37mVal Epoch 8 step 8 with [31mce_loss_combined : 1.003823 [31mtotal : 1.003823 [94mAcc_combined: 62.53 [94mAcc_c: 61.39 [94mAcc_g: 56.95 [95mCEU_cue_audio: 0.2739 [95mCEU_cue_video: 0.8063 [95mCEU_synergy: 0.2131 [95mCEU_coexistence: 0.8872 
2025-11-09 16:24:29,644 - Agent - INFO - [37mVal Epoch 9 step 9 with [31mce_loss_combined : 0.950554 [31mtotal : 0.950554 [94mAcc_combined: 68.45 [94mAcc_c: 61.96 [94mAcc_g: 56.61 [95mCEU_cue_audio: 0.3288 [95mCEU_cue_video: 0.9090 [95mCEU_synergy: 0.2705 [95mCEU_coexistence: 0.9301 
2025-11-09 16:28:17,761 - Agent - INFO - [37mVal Epoch 10 step 10 with [31mce_loss_combined : 0.991019 [31mtotal : 0.991019 [94mAcc_combined: 65.83 [94mAcc_c: 63.90 [94mAcc_g: 54.44 [95mCEU_cue_audio: 0.3242 [95mCEU_cue_video: 0.8362 [95mCEU_synergy: 0.3441 [95mCEU_coexistence: 0.8789 
2025-11-09 16:32:06,831 - Agent - INFO - [37mVal Epoch 11 step 11 with [31mce_loss_combined : 1.056994 [31mtotal : 1.056994 [94mAcc_combined: 65.38 [94mAcc_c: 59.57 [94mAcc_g: 53.53 [95mCEU_cue_audio: 0.3014 [95mCEU_cue_video: 0.8362 [95mCEU_synergy: 0.3852 [95mCEU_coexistence: 0.8683 
2025-11-09 16:35:49,506 - Agent - INFO - [37mVal Epoch 12 step 12 with [31mce_loss_combined : 1.080326 [31mtotal : 1.080326 [94mAcc_combined: 64.81 [94mAcc_c: 58.31 [94mAcc_g: 54.56 [95mCEU_cue_audio: 0.3103 [95mCEU_cue_video: 0.8244 [95mCEU_synergy: 0.3360 [95mCEU_coexistence: 0.8709 
2025-11-09 16:39:37,191 - Agent - INFO - [37mVal Epoch 13 step 13 with [31mce_loss_combined : 1.047380 [31mtotal : 1.047380 [94mAcc_combined: 66.86 [94mAcc_c: 60.48 [94mAcc_g: 53.08 [95mCEU_cue_audio: 0.3103 [95mCEU_cue_video: 0.8787 [95mCEU_synergy: 0.3360 [95mCEU_coexistence: 0.8952 
2025-11-09 16:43:29,216 - Agent - INFO - [37mVal Epoch 14 step 14 with [31mce_loss_combined : 0.975651 [31mtotal : 0.975651 [94mAcc_combined: 69.48 [94mAcc_c: 61.73 [94mAcc_g: 52.96 [95mCEU_cue_audio: 0.3836 [95mCEU_cue_video: 0.8728 [95mCEU_synergy: 0.3031 [95mCEU_coexistence: 0.9273 
2025-11-09 16:43:29,230 - Agent - INFO - [37mTest Epoch 14 step 14 with [31mce_loss_combined : 1.225568 [31mtotal : 1.225568 [94mAcc_combined: 62.07 [94mAcc_c: 57.51 [94mAcc_g: 50.83 
2025-11-09 16:43:30,029 - Agent - INFO - [37mModels has saved successfully in /esat/smcdata/users/kkontras/Image_Dataset/no_backup/data/2025_data/synergy/Synprom_IB_fold0_l50_contrcoeff1_perturbgennoise_lr0.0001_wd0.0001_clsmlp_pre.pth.tar
2025-11-09 16:47:19,045 - Agent - INFO - [37mVal Epoch 15 step 15 with [31mce_loss_combined : 1.047977 [31mtotal : 1.047977 [94mAcc_combined: 67.88 [94mAcc_c: 61.85 [94mAcc_g: 53.53 [95mCEU_cue_audio: 0.3332 [95mCEU_cue_video: 0.8787 [95mCEU_synergy: 0.3115 [95mCEU_coexistence: 0.9141 
2025-11-09 16:51:08,644 - Agent - INFO - [37mVal Epoch 16 step 16 with [31mce_loss_combined : 1.094926 [31mtotal : 1.094926 [94mAcc_combined: 66.29 [94mAcc_c: 60.82 [94mAcc_g: 52.05 [95mCEU_cue_audio: 0.3561 [95mCEU_cue_video: 0.8302 [95mCEU_synergy: 0.3360 [95mCEU_coexistence: 0.8763 
2025-11-09 16:55:09,958 - Agent - INFO - [37mVal Epoch 17 step 17 with [31mce_loss_combined : 1.080929 [31mtotal : 1.080929 [94mAcc_combined: 66.63 [94mAcc_c: 61.62 [94mAcc_g: 52.73 [95mCEU_cue_audio: 0.3196 [95mCEU_cue_video: 0.8547 [95mCEU_synergy: 0.3525 [95mCEU_coexistence: 0.8898 
2025-11-09 16:58:57,151 - Agent - INFO - [37mVal Epoch 18 step 18 with [31mce_loss_combined : 1.039430 [31mtotal : 1.039430 [94mAcc_combined: 69.93 [94mAcc_c: 61.39 [94mAcc_g: 55.35 [95mCEU_cue_audio: 0.3516 [95mCEU_cue_video: 0.8665 [95mCEU_synergy: 0.3525 [95mCEU_coexistence: 0.9436 
2025-11-09 16:58:57,165 - Agent - INFO - [37mTest Epoch 18 step 18 with [31mce_loss_combined : 1.168389 [31mtotal : 1.168389 [94mAcc_combined: 61.96 [94mAcc_c: 59.84 [94mAcc_g: 51.50 
2025-11-09 16:58:57,983 - Agent - INFO - [37mModels has saved successfully in /esat/smcdata/users/kkontras/Image_Dataset/no_backup/data/2025_data/synergy/Synprom_IB_fold0_l50_contrcoeff1_perturbgennoise_lr0.0001_wd0.0001_clsmlp_pre.pth.tar
2025-11-09 17:02:44,480 - Agent - INFO - [37mVal Epoch 19 step 19 with [31mce_loss_combined : 1.067944 [31mtotal : 1.067944 [94mAcc_combined: 67.54 [94mAcc_c: 59.57 [94mAcc_g: 52.96 [95mCEU_cue_audio: 0.3789 [95mCEU_cue_video: 0.8425 [95mCEU_synergy: 0.3281 [95mCEU_coexistence: 0.8898 
2025-11-09 17:06:36,650 - Agent - INFO - [37mVal Epoch 20 step 20 with [31mce_loss_combined : 1.093505 [31mtotal : 1.093505 [94mAcc_combined: 68.34 [94mAcc_c: 59.45 [94mAcc_g: 52.62 [95mCEU_cue_audio: 0.3699 [95mCEU_cue_video: 0.8362 [95mCEU_synergy: 0.3197 [95mCEU_coexistence: 0.9193 
2025-11-09 17:10:34,666 - Agent - INFO - [37mVal Epoch 21 step 21 with [31mce_loss_combined : 1.157355 [31mtotal : 1.157355 [94mAcc_combined: 66.63 [94mAcc_c: 57.40 [94mAcc_g: 51.94 [95mCEU_cue_audio: 0.3836 [95mCEU_cue_video: 0.8121 [95mCEU_synergy: 0.3441 [95mCEU_coexistence: 0.8737 
2025-11-09 17:14:31,623 - Agent - INFO - [37mVal Epoch 22 step 22 with [31mce_loss_combined : 1.164322 [31mtotal : 1.164322 [94mAcc_combined: 68.22 [94mAcc_c: 60.82 [94mAcc_g: 51.37 [95mCEU_cue_audio: 0.3974 [95mCEU_cue_video: 0.8121 [95mCEU_synergy: 0.3691 [95mCEU_coexistence: 0.8952 
2025-11-09 17:18:29,847 - Agent - INFO - [37mVal Epoch 23 step 23 with [31mce_loss_combined : 1.050161 [31mtotal : 1.050161 [94mAcc_combined: 71.30 [94mAcc_c: 60.93 [94mAcc_g: 51.71 [95mCEU_cue_audio: 0.4293 [95mCEU_cue_video: 0.8484 [95mCEU_synergy: 0.3115 [95mCEU_coexistence: 0.9516 
2025-11-09 17:18:29,861 - Agent - INFO - [37mTest Epoch 23 step 23 with [31mce_loss_combined : 1.240991 [31mtotal : 1.240991 [94mAcc_combined: 62.51 [94mAcc_c: 56.62 [94mAcc_g: 51.39 
2025-11-09 17:18:30,752 - Agent - INFO - [37mModels has saved successfully in /esat/smcdata/users/kkontras/Image_Dataset/no_backup/data/2025_data/synergy/Synprom_IB_fold0_l50_contrcoeff1_perturbgennoise_lr0.0001_wd0.0001_clsmlp_pre.pth.tar
2025-11-09 17:22:23,558 - Agent - INFO - [37mVal Epoch 24 step 24 with [31mce_loss_combined : 1.150923 [31mtotal : 1.150923 [94mAcc_combined: 68.00 [94mAcc_c: 59.00 [94mAcc_g: 51.37 [95mCEU_cue_audio: 0.3836 [95mCEU_cue_video: 0.8244 [95mCEU_synergy: 0.3197 [95mCEU_coexistence: 0.9087 
2025-11-09 17:26:34,007 - Agent - INFO - [37mVal Epoch 25 step 25 with [31mce_loss_combined : 1.046230 [31mtotal : 1.046230 [94mAcc_combined: 73.12 [94mAcc_c: 59.91 [94mAcc_g: 53.64 [95mCEU_cue_audio: 0.4703 [95mCEU_cue_video: 0.8606 [95mCEU_synergy: 0.2952 [95mCEU_coexistence: 0.9705 
2025-11-09 17:26:34,021 - Agent - INFO - [37mTest Epoch 25 step 25 with [31mce_loss_combined : 1.290115 [31mtotal : 1.290115 [94mAcc_combined: 62.29 [94mAcc_c: 55.06 [94mAcc_g: 50.39 
2025-11-09 17:26:34,851 - Agent - INFO - [37mModels has saved successfully in /esat/smcdata/users/kkontras/Image_Dataset/no_backup/data/2025_data/synergy/Synprom_IB_fold0_l50_contrcoeff1_perturbgennoise_lr0.0001_wd0.0001_clsmlp_pre.pth.tar
2025-11-09 17:30:33,331 - Agent - INFO - [37mVal Epoch 26 step 26 with [31mce_loss_combined : 1.075974 [31mtotal : 1.075974 [94mAcc_combined: 71.64 [94mAcc_c: 60.93 [94mAcc_g: 53.64 [95mCEU_cue_audio: 0.4932 [95mCEU_cue_video: 0.8484 [95mCEU_synergy: 0.2952 [95mCEU_coexistence: 0.9273 
2025-11-09 17:34:27,395 - Agent - INFO - [37mVal Epoch 27 step 27 with [31mce_loss_combined : 1.131248 [31mtotal : 1.131248 [94mAcc_combined: 70.96 [94mAcc_c: 61.16 [94mAcc_g: 52.39 [95mCEU_cue_audio: 0.4567 [95mCEU_cue_video: 0.8302 [95mCEU_synergy: 0.3441 [95mCEU_coexistence: 0.9247 
2025-11-09 17:38:30,253 - Agent - INFO - [37mVal Epoch 28 step 28 with [31mce_loss_combined : 1.084434 [31mtotal : 1.084434 [94mAcc_combined: 69.93 [94mAcc_c: 59.91 [94mAcc_g: 53.53 [95mCEU_cue_audio: 0.3789 [95mCEU_cue_video: 0.8606 [95mCEU_synergy: 0.3115 [95mCEU_coexistence: 0.9436 
2025-11-09 17:42:23,775 - Agent - INFO - [37mVal Epoch 29 step 29 with [31mce_loss_combined : 1.096047 [31mtotal : 1.096047 [94mAcc_combined: 70.39 [94mAcc_c: 61.62 [94mAcc_g: 51.71 [95mCEU_cue_audio: 0.4338 [95mCEU_cue_video: 0.8181 [95mCEU_synergy: 0.3197 [95mCEU_coexistence: 0.9382 
2025-11-09 17:46:20,894 - Agent - INFO - [37mVal Epoch 30 step 30 with [31mce_loss_combined : 1.064509 [31mtotal : 1.064509 [94mAcc_combined: 71.75 [94mAcc_c: 60.82 [94mAcc_g: 52.85 [95mCEU_cue_audio: 0.4567 [95mCEU_cue_video: 0.8362 [95mCEU_synergy: 0.3360 [95mCEU_coexistence: 0.9436 
2025-11-09 17:50:23,451 - Agent - INFO - [37mVal Epoch 31 step 31 with [31mce_loss_combined : 1.039800 [31mtotal : 1.039800 [94mAcc_combined: 71.75 [94mAcc_c: 59.79 [94mAcc_g: 53.76 [95mCEU_cue_audio: 0.4246 [95mCEU_cue_video: 0.8606 [95mCEU_synergy: 0.3281 [95mCEU_coexistence: 0.9542 
2025-11-09 17:54:20,597 - Agent - INFO - [37mVal Epoch 32 step 32 with [31mce_loss_combined : 1.060827 [31mtotal : 1.060827 [94mAcc_combined: 72.44 [94mAcc_c: 59.79 [94mAcc_g: 53.08 [95mCEU_cue_audio: 0.4886 [95mCEU_cue_video: 0.8302 [95mCEU_synergy: 0.3525 [95mCEU_coexistence: 0.9382 
2025-11-09 17:58:19,901 - Agent - INFO - [37mVal Epoch 33 step 33 with [31mce_loss_combined : 1.224921 [31mtotal : 1.224921 [94mAcc_combined: 66.74 [94mAcc_c: 57.06 [94mAcc_g: 52.05 [95mCEU_cue_audio: 0.3881 [95mCEU_cue_video: 0.7878 [95mCEU_synergy: 0.3360 [95mCEU_coexistence: 0.8872 
2025-11-09 18:02:12,636 - Agent - INFO - [37mVal Epoch 34 step 34 with [31mce_loss_combined : 1.014294 [31mtotal : 1.014294 [94mAcc_combined: 73.12 [94mAcc_c: 60.71 [94mAcc_g: 53.99 [95mCEU_cue_audio: 0.4886 [95mCEU_cue_video: 0.8547 [95mCEU_synergy: 0.3281 [95mCEU_coexistence: 0.9516 
2025-11-09 18:06:16,548 - Agent - INFO - [37mVal Epoch 35 step 35 with [31mce_loss_combined : 1.113151 [31mtotal : 1.113151 [94mAcc_combined: 73.12 [94mAcc_c: 60.48 [94mAcc_g: 52.73 [95mCEU_cue_audio: 0.5251 [95mCEU_cue_video: 0.8362 [95mCEU_synergy: 0.3691 [95mCEU_coexistence: 0.9247 
2025-11-09 18:10:22,487 - Agent - INFO - [37mVal Epoch 36 step 36 with [31mce_loss_combined : 1.083734 [31mtotal : 1.083734 [94mAcc_combined: 71.87 [94mAcc_c: 60.14 [94mAcc_g: 53.42 [95mCEU_cue_audio: 0.4886 [95mCEU_cue_video: 0.8244 [95mCEU_synergy: 0.3691 [95mCEU_coexistence: 0.9221 
2025-11-09 18:14:26,036 - Agent - INFO - [37mVal Epoch 37 step 37 with [31mce_loss_combined : 1.045099 [31mtotal : 1.045099 [94mAcc_combined: 71.64 [94mAcc_c: 58.88 [94mAcc_g: 53.76 [95mCEU_cue_audio: 0.4202 [95mCEU_cue_video: 0.8425 [95mCEU_synergy: 0.3691 [95mCEU_coexistence: 0.9490 
2025-11-09 18:18:26,708 - Agent - INFO - [37mVal Epoch 38 step 38 with [31mce_loss_combined : 1.148888 [31mtotal : 1.148888 [94mAcc_combined: 72.78 [94mAcc_c: 60.02 [94mAcc_g: 54.10 [95mCEU_cue_audio: 0.4567 [95mCEU_cue_video: 0.8606 [95mCEU_synergy: 0.3770 [95mCEU_coexistence: 0.9436 
2025-11-09 18:22:29,065 - Agent - INFO - [37mVal Epoch 39 step 39 with [31mce_loss_combined : 1.007676 [31mtotal : 1.007676 [94mAcc_combined: 72.10 [94mAcc_c: 59.57 [94mAcc_g: 53.53 [95mCEU_cue_audio: 0.4932 [95mCEU_cue_video: 0.8547 [95mCEU_synergy: 0.3031 [95mCEU_coexistence: 0.9327 
2025-11-09 18:26:38,612 - Agent - INFO - [37mVal Epoch 40 step 40 with [31mce_loss_combined : 1.193452 [31mtotal : 1.193452 [94mAcc_combined: 68.22 [94mAcc_c: 59.45 [94mAcc_g: 54.10 [95mCEU_cue_audio: 0.3881 [95mCEU_cue_video: 0.8063 [95mCEU_synergy: 0.3281 [95mCEU_coexistence: 0.9167 
2025-11-09 18:30:36,873 - Agent - INFO - [37mVal Epoch 41 step 41 with [31mce_loss_combined : 1.120733 [31mtotal : 1.120733 [94mAcc_combined: 69.48 [94mAcc_c: 57.74 [94mAcc_g: 52.39 [95mCEU_cue_audio: 0.4064 [95mCEU_cue_video: 0.8302 [95mCEU_synergy: 0.3441 [95mCEU_coexistence: 0.9193 
2025-11-09 18:34:33,412 - Agent - INFO - [37mVal Epoch 42 step 42 with [31mce_loss_combined : 1.070825 [31mtotal : 1.070825 [94mAcc_combined: 74.26 [94mAcc_c: 60.36 [94mAcc_g: 53.76 [95mCEU_cue_audio: 0.5936 [95mCEU_cue_video: 0.8181 [95mCEU_synergy: 0.3281 [95mCEU_coexistence: 0.9327 
2025-11-09 18:34:33,426 - Agent - INFO - [37mTest Epoch 42 step 42 with [31mce_loss_combined : 1.292972 [31mtotal : 1.292972 [94mAcc_combined: 65.96 [94mAcc_c: 55.51 [94mAcc_g: 52.95 
2025-11-09 18:34:34,286 - Agent - INFO - [37mModels has saved successfully in /esat/smcdata/users/kkontras/Image_Dataset/no_backup/data/2025_data/synergy/Synprom_IB_fold0_l50_contrcoeff1_perturbgennoise_lr0.0001_wd0.0001_clsmlp_pre.pth.tar
2025-11-09 18:38:26,093 - Agent - INFO - [37mVal Epoch 43 step 43 with [31mce_loss_combined : 1.247147 [31mtotal : 1.247147 [94mAcc_combined: 68.34 [94mAcc_c: 51.94 [94mAcc_g: 54.44 [95mCEU_cue_audio: 0.5024 [95mCEU_cue_video: 0.7818 [95mCEU_synergy: 0.2541 [95mCEU_coexistence: 0.8872 
2025-11-09 18:42:28,212 - Agent - INFO - [37mVal Epoch 44 step 44 with [31mce_loss_combined : 1.074615 [31mtotal : 1.074615 [94mAcc_combined: 72.44 [94mAcc_c: 60.02 [94mAcc_g: 53.76 [95mCEU_cue_audio: 0.5890 [95mCEU_cue_video: 0.7818 [95mCEU_synergy: 0.3441 [95mCEU_coexistence: 0.9032 
2025-11-09 18:46:27,307 - Agent - INFO - [37mVal Epoch 45 step 45 with [31mce_loss_combined : 1.041244 [31mtotal : 1.041244 [94mAcc_combined: 72.44 [94mAcc_c: 60.14 [94mAcc_g: 54.56 [95mCEU_cue_audio: 0.5343 [95mCEU_cue_video: 0.7818 [95mCEU_synergy: 0.3441 [95mCEU_coexistence: 0.9356 
2025-11-09 18:50:24,230 - Agent - INFO - [37mVal Epoch 46 step 46 with [31mce_loss_combined : 1.098216 [31mtotal : 1.098216 [94mAcc_combined: 69.13 [94mAcc_c: 57.97 [94mAcc_g: 56.26 [95mCEU_cue_audio: 0.4064 [95mCEU_cue_video: 0.8362 [95mCEU_synergy: 0.3115 [95mCEU_coexistence: 0.9193 
2025-11-09 18:54:24,045 - Agent - INFO - [37mVal Epoch 47 step 47 with [31mce_loss_combined : 1.014317 [31mtotal : 1.014317 [94mAcc_combined: 74.72 [94mAcc_c: 60.82 [94mAcc_g: 55.01 [95mCEU_cue_audio: 0.5846 [95mCEU_cue_video: 0.8244 [95mCEU_synergy: 0.3525 [95mCEU_coexistence: 0.9382 
2025-11-09 18:54:24,059 - Agent - INFO - [37mTest Epoch 47 step 47 with [31mce_loss_combined : 1.257559 [31mtotal : 1.257559 [94mAcc_combined: 66.74 [94mAcc_c: 56.62 [94mAcc_g: 51.84 
2025-11-09 18:54:24,923 - Agent - INFO - [37mModels has saved successfully in /esat/smcdata/users/kkontras/Image_Dataset/no_backup/data/2025_data/synergy/Synprom_IB_fold0_l50_contrcoeff1_perturbgennoise_lr0.0001_wd0.0001_clsmlp_pre.pth.tar
2025-11-09 18:58:16,746 - Agent - INFO - [37mVal Epoch 48 step 48 with [31mce_loss_combined : 1.045038 [31mtotal : 1.045038 [94mAcc_combined: 73.35 [94mAcc_c: 58.77 [94mAcc_g: 56.95 [95mCEU_cue_audio: 0.5662 [95mCEU_cue_video: 0.8484 [95mCEU_synergy: 0.2786 [95mCEU_coexistence: 0.9301 
2025-11-09 19:02:18,880 - Agent - INFO - [37mVal Epoch 49 step 49 with [31mce_loss_combined : 1.044565 [31mtotal : 1.044565 [94mAcc_combined: 72.89 [94mAcc_c: 61.73 [94mAcc_g: 55.13 [95mCEU_cue_audio: 0.5890 [95mCEU_cue_video: 0.7515 [95mCEU_synergy: 0.3441 [95mCEU_coexistence: 0.9273 
2025-11-09 19:06:08,776 - Agent - INFO - [37mVal Epoch 50 step 50 with [31mce_loss_combined : 1.102723 [31mtotal : 1.102723 [94mAcc_combined: 72.10 [94mAcc_c: 59.79 [94mAcc_g: 55.47 [95mCEU_cue_audio: 0.5525 [95mCEU_cue_video: 0.7999 [95mCEU_synergy: 0.3691 [95mCEU_coexistence: 0.9006 
2025-11-09 19:10:14,710 - Agent - INFO - [37mVal Epoch 51 step 51 with [31mce_loss_combined : 1.040910 [31mtotal : 1.040910 [94mAcc_combined: 73.01 [94mAcc_c: 59.91 [94mAcc_g: 55.69 [95mCEU_cue_audio: 0.5798 [95mCEU_cue_video: 0.8063 [95mCEU_synergy: 0.3281 [95mCEU_coexistence: 0.9167 
2025-11-09 19:14:11,154 - Agent - INFO - [37mVal Epoch 52 step 52 with [31mce_loss_combined : 1.172682 [31mtotal : 1.172682 [94mAcc_combined: 70.39 [94mAcc_c: 57.29 [94mAcc_g: 55.47 [95mCEU_cue_audio: 0.4611 [95mCEU_cue_video: 0.8121 [95mCEU_synergy: 0.3441 [95mCEU_coexistence: 0.9167 
2025-11-09 19:18:16,822 - Agent - INFO - [37mVal Epoch 53 step 53 with [31mce_loss_combined : 1.104058 [31mtotal : 1.104058 [94mAcc_combined: 73.35 [94mAcc_c: 59.79 [94mAcc_g: 55.35 [95mCEU_cue_audio: 0.5479 [95mCEU_cue_video: 0.8484 [95mCEU_synergy: 0.2952 [95mCEU_coexistence: 0.9356 
2025-11-09 19:22:24,869 - Agent - INFO - [37mVal Epoch 54 step 54 with [31mce_loss_combined : 1.027302 [31mtotal : 1.027302 [94mAcc_combined: 73.23 [94mAcc_c: 59.23 [94mAcc_g: 56.15 [95mCEU_cue_audio: 0.5571 [95mCEU_cue_video: 0.8244 [95mCEU_synergy: 0.2871 [95mCEU_coexistence: 0.9408 
2025-11-09 19:26:17,247 - Agent - INFO - [37mVal Epoch 55 step 55 with [31mce_loss_combined : 1.037485 [31mtotal : 1.037485 [94mAcc_combined: 74.94 [94mAcc_c: 60.48 [94mAcc_g: 56.72 [95mCEU_cue_audio: 0.5707 [95mCEU_cue_video: 0.8362 [95mCEU_synergy: 0.3360 [95mCEU_coexistence: 0.9516 
2025-11-09 19:26:17,261 - Agent - INFO - [37mTest Epoch 55 step 55 with [31mce_loss_combined : 1.246765 [31mtotal : 1.246765 [94mAcc_combined: 65.74 [94mAcc_c: 55.62 [94mAcc_g: 52.84 
2025-11-09 19:26:18,055 - Agent - INFO - [37mModels has saved successfully in /esat/smcdata/users/kkontras/Image_Dataset/no_backup/data/2025_data/synergy/Synprom_IB_fold0_l50_contrcoeff1_perturbgennoise_lr0.0001_wd0.0001_clsmlp_pre.pth.tar
2025-11-09 19:30:16,437 - Agent - INFO - [37mVal Epoch 56 step 56 with [31mce_loss_combined : 1.015303 [31mtotal : 1.015303 [94mAcc_combined: 74.26 [94mAcc_c: 60.93 [94mAcc_g: 56.61 [95mCEU_cue_audio: 0.6026 [95mCEU_cue_video: 0.8063 [95mCEU_synergy: 0.2952 [95mCEU_coexistence: 0.9436 
2025-11-09 19:34:04,814 - Agent - INFO - [37mVal Epoch 57 step 57 with [31mce_loss_combined : 1.079469 [31mtotal : 1.079469 [94mAcc_combined: 73.92 [94mAcc_c: 60.25 [94mAcc_g: 55.92 [95mCEU_cue_audio: 0.5662 [95mCEU_cue_video: 0.8302 [95mCEU_synergy: 0.3031 [95mCEU_coexistence: 0.9436 
2025-11-09 19:38:07,350 - Agent - INFO - [37mVal Epoch 58 step 58 with [31mce_loss_combined : 1.076645 [31mtotal : 1.076645 [94mAcc_combined: 72.67 [94mAcc_c: 60.48 [94mAcc_g: 56.38 [95mCEU_cue_audio: 0.5433 [95mCEU_cue_video: 0.8362 [95mCEU_synergy: 0.2952 [95mCEU_coexistence: 0.9273 
2025-11-09 19:42:04,064 - Agent - INFO - [37mVal Epoch 59 step 59 with [31mce_loss_combined : 1.048751 [31mtotal : 1.048751 [94mAcc_combined: 74.72 [94mAcc_c: 60.02 [94mAcc_g: 54.67 [95mCEU_cue_audio: 0.6848 [95mCEU_cue_video: 0.7394 [95mCEU_synergy: 0.3115 [95mCEU_coexistence: 0.9301 
2025-11-09 19:46:03,648 - Agent - INFO - [37mVal Epoch 60 step 60 with [31mce_loss_combined : 1.021424 [31mtotal : 1.021424 [94mAcc_combined: 74.83 [94mAcc_c: 61.28 [94mAcc_g: 55.24 [95mCEU_cue_audio: 0.6347 [95mCEU_cue_video: 0.7696 [95mCEU_synergy: 0.3031 [95mCEU_coexistence: 0.9516 
2025-11-09 19:50:01,456 - Agent - INFO - [37mVal Epoch 61 step 61 with [31mce_loss_combined : 1.065178 [31mtotal : 1.065178 [94mAcc_combined: 73.46 [94mAcc_c: 59.11 [94mAcc_g: 55.69 [95mCEU_cue_audio: 0.5707 [95mCEU_cue_video: 0.8121 [95mCEU_synergy: 0.2952 [95mCEU_coexistence: 0.9408 
2025-11-09 19:53:54,406 - Agent - INFO - [37mVal Epoch 62 step 62 with [31mce_loss_combined : 1.085005 [31mtotal : 1.085005 [94mAcc_combined: 71.75 [94mAcc_c: 58.54 [94mAcc_g: 55.92 [95mCEU_cue_audio: 0.5251 [95mCEU_cue_video: 0.8063 [95mCEU_synergy: 0.2952 [95mCEU_coexistence: 0.9301 
2025-11-09 19:57:51,573 - Agent - INFO - [37mVal Epoch 63 step 63 with [31mce_loss_combined : 1.027700 [31mtotal : 1.027700 [94mAcc_combined: 73.23 [94mAcc_c: 59.45 [94mAcc_g: 56.04 [95mCEU_cue_audio: 0.5754 [95mCEU_cue_video: 0.7878 [95mCEU_synergy: 0.3031 [95mCEU_coexistence: 0.9408 
2025-11-09 20:01:57,685 - Agent - INFO - [37mVal Epoch 64 step 64 with [31mce_loss_combined : 1.069666 [31mtotal : 1.069666 [94mAcc_combined: 73.35 [94mAcc_c: 58.77 [94mAcc_g: 54.67 [95mCEU_cue_audio: 0.6211 [95mCEU_cue_video: 0.7759 [95mCEU_synergy: 0.2871 [95mCEU_coexistence: 0.9273 
2025-11-09 20:05:58,825 - Agent - INFO - [37mVal Epoch 65 step 65 with [31mce_loss_combined : 1.037703 [31mtotal : 1.037703 [94mAcc_combined: 72.21 [94mAcc_c: 61.28 [94mAcc_g: 54.33 [95mCEU_cue_audio: 0.5707 [95mCEU_cue_video: 0.7637 [95mCEU_synergy: 0.3197 [95mCEU_coexistence: 0.9247 
2025-11-09 20:09:52,797 - Agent - INFO - [37mVal Epoch 66 step 66 with [31mce_loss_combined : 1.063172 [31mtotal : 1.063172 [94mAcc_combined: 70.27 [94mAcc_c: 54.90 [94mAcc_g: 58.09 [95mCEU_cue_audio: 0.5297 [95mCEU_cue_video: 0.7637 [95mCEU_synergy: 0.2541 [95mCEU_coexistence: 0.9247 
2025-11-09 20:13:54,267 - Agent - INFO - [37mVal Epoch 67 step 67 with [31mce_loss_combined : 1.052083 [31mtotal : 1.052083 [94mAcc_combined: 71.64 [94mAcc_c: 59.68 [94mAcc_g: 55.69 [95mCEU_cue_audio: 0.5798 [95mCEU_cue_video: 0.7090 [95mCEU_synergy: 0.2871 [95mCEU_coexistence: 0.9408 
2025-11-09 20:17:40,009 - Agent - INFO - [37mVal Epoch 68 step 68 with [31mce_loss_combined : 1.104221 [31mtotal : 1.104221 [94mAcc_combined: 70.73 [94mAcc_c: 57.40 [94mAcc_g: 56.38 [95mCEU_cue_audio: 0.5389 [95mCEU_cue_video: 0.7759 [95mCEU_synergy: 0.2952 [95mCEU_coexistence: 0.9113 
2025-11-09 20:21:36,103 - Agent - INFO - [37mVal Epoch 69 step 69 with [31mce_loss_combined : 1.154040 [31mtotal : 1.154040 [94mAcc_combined: 73.23 [94mAcc_c: 59.68 [94mAcc_g: 56.26 [95mCEU_cue_audio: 0.5846 [95mCEU_cue_video: 0.7759 [95mCEU_synergy: 0.3115 [95mCEU_coexistence: 0.9382 
2025-11-09 20:25:39,590 - Agent - INFO - [37mVal Epoch 70 step 70 with [31mce_loss_combined : 1.213014 [31mtotal : 1.213014 [94mAcc_combined: 72.32 [94mAcc_c: 59.23 [94mAcc_g: 54.67 [95mCEU_cue_audio: 0.6301 [95mCEU_cue_video: 0.7394 [95mCEU_synergy: 0.3691 [95mCEU_coexistence: 0.8872 
2025-11-09 20:29:48,346 - Agent - INFO - [37mVal Epoch 71 step 71 with [31mce_loss_combined : 1.162279 [31mtotal : 1.162279 [94mAcc_combined: 68.68 [94mAcc_c: 54.56 [94mAcc_g: 54.33 [95mCEU_cue_audio: 0.4429 [95mCEU_cue_video: 0.7940 [95mCEU_synergy: 0.3281 [95mCEU_coexistence: 0.9006 
2025-11-09 20:33:53,080 - Agent - INFO - [37mVal Epoch 72 step 72 with [31mce_loss_combined : 1.096345 [31mtotal : 1.096345 [94mAcc_combined: 72.55 [94mAcc_c: 58.54 [94mAcc_g: 57.06 [95mCEU_cue_audio: 0.6026 [95mCEU_cue_video: 0.7271 [95mCEU_synergy: 0.2705 [95mCEU_coexistence: 0.9462 
2025-11-09 20:37:48,526 - Agent - INFO - [37mVal Epoch 73 step 73 with [31mce_loss_combined : 1.161318 [31mtotal : 1.161318 [94mAcc_combined: 74.72 [94mAcc_c: 59.79 [94mAcc_g: 56.83 [95mCEU_cue_audio: 0.6484 [95mCEU_cue_video: 0.7818 [95mCEU_synergy: 0.2952 [95mCEU_coexistence: 0.9382 
2025-11-09 20:41:53,390 - Agent - INFO - [37mVal Epoch 74 step 74 with [31mce_loss_combined : 1.077509 [31mtotal : 1.077509 [94mAcc_combined: 70.62 [94mAcc_c: 59.11 [94mAcc_g: 54.90 [95mCEU_cue_audio: 0.6301 [95mCEU_cue_video: 0.6605 [95mCEU_synergy: 0.2871 [95mCEU_coexistence: 0.9087 
2025-11-09 20:41:54,177 - Agent - INFO - We are in the final state.
2025-11-09 20:41:54,467 - root - INFO - Loaded best model from /esat/smcdata/users/kkontras/Image_Dataset/no_backup/data/2025_data/synergy/Synprom_IB_fold0_l50_contrcoeff1_perturbgennoise_lr0.0001_wd0.0001_clsmlp_pre.pth.tar
2025-11-09 20:42:11,084 - Agent - INFO - [37mVal Epoch 74 step 0 with [31mce_loss_combined : 1.037485 [31mtotal : 1.037485 [94mAcc_combined: 74.94 [94mAcc_c: 60.48 [94mAcc_g: 56.72 [95mCEU_cue_audio: 0.5707 [95mCEU_cue_video: 0.8362 [95mCEU_synergy: 0.3360 [95mCEU_coexistence: 0.9516 
2025-11-09 20:42:25,284 - Agent - INFO - [37mTest Epoch 74 step 0 with [31mce_loss_combined : 1.246765 [31mtotal : 1.246765 [94mAcc_combined: 65.74 [94mAcc_c: 55.62 [94mAcc_g: 52.84 
2025-11-09 20:42:26,818 - Agent - INFO - [37mModels has saved successfully in /esat/smcdata/users/kkontras/Image_Dataset/no_backup/data/2025_data/synergy/Synprom_IB_fold0_l50_contrcoeff1_perturbgennoise_lr0.0001_wd0.0001_clsmlp_pre.pth.tar
Job finished
