000 (017.028.000) 2025-11-09 11:30:15 Job submitted from host: <10.87.28.209:9618?addrs=10.87.28.209-9618&alias=krakas.esat.kuleuven.be&noUDP&sock=schedd_1611_9729>
...
001 (017.028.000) 2025-11-09 15:50:02 Job executing on host: <10.87.28.117:9618?addrs=10.87.28.117-9618&alias=stadius-nc-4.esat.kuleuven.be&noUDP&sock=startd_3335_1c6f>
	SlotName: slot1_1@stadius-nc-4.esat.kuleuven.be
	AvailableGPUs = { GPUs_GPU_1236270c }
	CondorScratchDir = "/volume1/condor/execute/dir_1346535"
	Cpus = 8
	Disk = 1050150
	GPUs = 1
	GPUs_GPU_1236270c = [ Id = "GPU-1236270c"; ClockMhz = 1545.0; Capability = 7.5; CoresPerCU = 64; DeviceName = "NVIDIA GeForce RTX 2080 Ti"; DeviceUuid = "1236270c-ad23-648a-e65a-80b2ab2cf0c3"; ECCEnabled = false; ComputeUnits = 68; NvidiaDriver = "570.153.02"; DriverVersion = 12.8; DevicePciBusId = "0000:25:00.0"; GlobalMemoryMb = 10823; MaxSupportedVersion = 12080 ]
	Memory = 71680
...
006 (017.028.000) 2025-11-09 15:50:10 Image size of job updated: 511272
	500  -  MemoryUsage of job (MB)
	511272  -  ResidentSetSize of job (KB)
...
006 (017.028.000) 2025-11-09 15:55:10 Image size of job updated: 1589004
	1511  -  MemoryUsage of job (MB)
	1546368  -  ResidentSetSize of job (KB)
...
006 (017.028.000) 2025-11-09 16:00:11 Image size of job updated: 1634840
	1545  -  MemoryUsage of job (MB)
	1581068  -  ResidentSetSize of job (KB)
...
006 (017.028.000) 2025-11-09 16:05:11 Image size of job updated: 1642652
	1603  -  MemoryUsage of job (MB)
	1640564  -  ResidentSetSize of job (KB)
...
006 (017.028.000) 2025-11-09 16:10:11 Image size of job updated: 1659724
	1603  -  MemoryUsage of job (MB)
	1640564  -  ResidentSetSize of job (KB)
...
006 (017.028.000) 2025-11-09 16:15:12 Image size of job updated: 1678584
	1603  -  MemoryUsage of job (MB)
	1640564  -  ResidentSetSize of job (KB)
...
006 (017.028.000) 2025-11-09 16:20:12 Image size of job updated: 1704548
	1652  -  MemoryUsage of job (MB)
	1691244  -  ResidentSetSize of job (KB)
...
006 (017.028.000) 2025-11-09 16:25:12 Image size of job updated: 1715392
	1664  -  MemoryUsage of job (MB)
	1703532  -  ResidentSetSize of job (KB)
...
006 (017.028.000) 2025-11-09 17:05:17 Image size of job updated: 1717256
	1664  -  MemoryUsage of job (MB)
	1703532  -  ResidentSetSize of job (KB)
...
005 (017.028.000) 2025-11-09 17:05:41 Job terminated.
	(1) Normal termination (return value 0)
		Usr 0 03:44:33, Sys 0 00:27:07  -  Run Remote Usage
		Usr 0 00:00:00, Sys 0 00:00:00  -  Run Local Usage
		Usr 0 03:44:33, Sys 0 00:27:07  -  Total Remote Usage
		Usr 0 00:00:00, Sys 0 00:00:00  -  Total Local Usage
	0  -  Run Bytes Sent By Job
	0  -  Run Bytes Received By Job
	0  -  Total Bytes Sent By Job
	0  -  Total Bytes Received By Job
	Partitionable Resources :    Usage  Request Allocated Assigned
	   Cpus                 :     2.90        8         8 
	   Disk (KB)            :     2     1048576   1050150 
	   GPUs                 :     0.63        1         1 "GPU-1236270c"
	   GpusMemory (MB)      :  9266                       
	   Memory (MB)          :  1664       71680     71680 
	   TimeExecute (s)      :  4539                       
	   TimeSlotBusy (s)     :  4539                       
...
