000 (017.032.000) 2025-11-09 11:30:15 Job submitted from host: <10.87.28.209:9618?addrs=10.87.28.209-9618&alias=krakas.esat.kuleuven.be&noUDP&sock=schedd_1611_9729>
...
001 (017.032.000) 2025-11-09 15:58:46 Job executing on host: <10.87.24.4:9618?addrs=10.87.24.4-9618&alias=aristoteles.esat.kuleuven.be&noUDP&sock=startd_12050_e04e>
	SlotName: slot1_2@aristoteles.esat.kuleuven.be
	AvailableGPUs = { GPUs_GPU_54c371e8 }
	CondorScratchDir = "/usr/data/condor/execute/dir_744394"
	Cpus = 8
	Disk = 1050529
	GPUs = 1
	GPUs_GPU_54c371e8 = [ Id = "GPU-54c371e8"; ClockMhz = 1410.0; Capability = 8.0; CoresPerCU = 64; DeviceName = "NVIDIA A100-SXM4-80GB"; DeviceUuid = "54c371e8-0248-653b-6bb3-a267a149ca71"; ECCEnabled = true; ComputeUnits = 108; NvidiaDriver = "580.95.05"; DriverVersion = 13.0; DevicePciBusId = "0000:0A:00.0"; GlobalMemoryMb = 81153; MaxSupportedVersion = 13000 ]
	Memory = 71680
...
006 (017.032.000) 2025-11-09 15:58:54 Image size of job updated: 353852
	346  -  MemoryUsage of job (MB)
	353852  -  ResidentSetSize of job (KB)
...
006 (017.032.000) 2025-11-09 15:59:09 Image size of job updated: 739592
	346  -  MemoryUsage of job (MB)
	353852  -  ResidentSetSize of job (KB)
...
005 (017.032.000) 2025-11-09 15:59:09 Job terminated.
	(1) Normal termination (return value 0)
		Usr 0 00:00:10, Sys 0 00:00:06  -  Run Remote Usage
		Usr 0 00:00:00, Sys 0 00:00:00  -  Run Local Usage
		Usr 0 00:00:10, Sys 0 00:00:06  -  Total Remote Usage
		Usr 0 00:00:00, Sys 0 00:00:00  -  Total Local Usage
	0  -  Run Bytes Sent By Job
	0  -  Run Bytes Received By Job
	0  -  Total Bytes Sent By Job
	0  -  Total Bytes Received By Job
	Partitionable Resources :    Usage  Request Allocated Assigned
	   Cpus                 :                 8         8 
	   Disk (KB)            :        2  1048576   1050529 
	   GPUs                 :                 1         1 "GPU-54c371e8"
	   Memory (MB)          :      346    71680     71680 
	   TimeExecute (s)      :       23                    
	   TimeSlotBusy (s)     :       24                    
...
