000 (017.003.000) 2025-11-09 11:30:15 Job submitted from host: <10.87.28.209:9618?addrs=10.87.28.209-9618&alias=krakas.esat.kuleuven.be&noUDP&sock=schedd_1611_9729>
...
001 (017.003.000) 2025-11-09 15:11:54 Job executing on host: <10.87.24.28:9618?addrs=10.87.24.28-9618&alias=z4-demo.esat.kuleuven.be&noUDP&sock=startd_1821_a20d>
	SlotName: slot1_1@z4-demo.esat.kuleuven.be
	AvailableGPUs = { GPUs_GPU_3a8a5d5c }
	CondorScratchDir = "/usr/data/condor/execute/dir_834945"
	Cpus = 8
	Disk = 1049600
	GPUs = 1
	GPUs_GPU_3a8a5d5c = [ Id = "GPU-3a8a5d5c"; ClockMhz = 1695.0; Capability = 8.6; CoresPerCU = 128; DeviceName = "NVIDIA GeForce RTX 3090"; DeviceUuid = "3a8a5d5c-a24a-7f66-bb71-a1b798b11468"; ECCEnabled = false; ComputeUnits = 82; NvidiaDriver = "580.95.05"; DriverVersion = 13.0; DevicePciBusId = "0000:21:00.0"; GlobalMemoryMb = 24114; MaxSupportedVersion = 13000 ]
	Memory = 71680
...
006 (017.003.000) 2025-11-09 15:12:03 Image size of job updated: 240904
	236  -  MemoryUsage of job (MB)
	240904  -  ResidentSetSize of job (KB)
...
006 (017.003.000) 2025-11-09 15:17:04 Image size of job updated: 1575964
	1538  -  MemoryUsage of job (MB)
	1574480  -  ResidentSetSize of job (KB)
...
006 (017.003.000) 2025-11-09 15:22:04 Image size of job updated: 1614056
	1538  -  MemoryUsage of job (MB)
	1574480  -  ResidentSetSize of job (KB)
...
006 (017.003.000) 2025-11-09 15:27:05 Image size of job updated: 1622748
	1584  -  MemoryUsage of job (MB)
	1621068  -  ResidentSetSize of job (KB)
...
006 (017.003.000) 2025-11-09 15:32:05 Image size of job updated: 1625596
	1585  -  MemoryUsage of job (MB)
	1622368  -  ResidentSetSize of job (KB)
...
006 (017.003.000) 2025-11-09 15:37:05 Image size of job updated: 1647868
	1586  -  MemoryUsage of job (MB)
	1623220  -  ResidentSetSize of job (KB)
...
006 (017.003.000) 2025-11-09 15:52:06 Image size of job updated: 1647868
	1599  -  MemoryUsage of job (MB)
	1637256  -  ResidentSetSize of job (KB)
...
006 (017.003.000) 2025-11-09 16:02:07 Image size of job updated: 1656800
	1599  -  MemoryUsage of job (MB)
	1637256  -  ResidentSetSize of job (KB)
...
006 (017.003.000) 2025-11-09 16:16:11 Image size of job updated: 1743684
	1599  -  MemoryUsage of job (MB)
	1637256  -  ResidentSetSize of job (KB)
...
005 (017.003.000) 2025-11-09 16:16:11 Job terminated.
	(1) Normal termination (return value 0)
		Usr 0 03:24:12, Sys 0 00:19:18  -  Run Remote Usage
		Usr 0 00:00:00, Sys 0 00:00:00  -  Run Local Usage
		Usr 0 03:24:12, Sys 0 00:19:18  -  Total Remote Usage
		Usr 0 00:00:00, Sys 0 00:00:00  -  Total Local Usage
	0  -  Run Bytes Sent By Job
	0  -  Run Bytes Received By Job
	0  -  Total Bytes Sent By Job
	0  -  Total Bytes Received By Job
	Partitionable Resources :    Usage  Request Allocated Assigned
	   Cpus                 :     6.12        8         8 
	   Disk (KB)            :     2     1048576   1049600 
	   GPUs                 :     0.58        1         1 "GPU-3a8a5d5c"
	   GpusMemory (MB)      :  9450                       
	   Memory (MB)          :  1599       71680     71680 
	   TimeExecute (s)      :  3857                       
	   TimeSlotBusy (s)     :  3857                       
...
