Starting Job
/esat/smcdata/users/kkontras/Image_Dataset/no_backup/git/Synergy/train.py
/esat/smcdata/users/kkontras/Image_Dataset/no_backup/envs/balance_env/bin/python
Python 3.9.18
/esat/smcdata/users/kkontras/Image_Dataset/no_backup/git/Synergy
We have 1 GPU
/esat/smcdata/users/kkontras/Image_Dataset/no_backup/git/Synergy/train.py
config-./configs/CREMA_D/synergy/nov/synprom_ib.json
Executing command: accelerate launch /esat/smcdata/users/kkontras/Image_Dataset/no_backup/git/Synergy/train.py --config ./configs/CREMA_D/synergy/nov/synprom_ib.json --default_config ./configs/CREMA_D/default_config_cremad_res_syn.json --fold 0 --pre  --l 0 --contrcoeff 1 --lr 0.0001 --wd 0.0001 --cls mlp --perturb gennoise
Namespace(config='./configs/CREMA_D/synergy/nov/synprom_ib.json', default_config='./configs/CREMA_D/default_config_cremad_res_syn.json', fold='0', alpha=None, tanh_mode=None, tanh_mode_beta=None, regby=None, clip=None, batch_size=None, l='0', multil=None, l_diffsq=None, lib=None, ratio_us=None, ratio_snr=None, kmepoch=None, num_samples=None, pow=None, nstep=None, contrcoeff='1', kde_coeff=None, etube=None, temperature=None, contr_type=None, shuffle_type=None, validate_with=None, transform_type=None, trasform_before=None, num_classes=None, base_alpha=None, alpha_var=None, base_beta=None, beta_var=None, optim_method=None, ilr_c=None, ilr_g=None, mmcosine_scaling=None, ending_epoch=None, load_ongoing=None, commonlayers=None, recon_weight1=None, recon_weight2=None, recon_epochstages=None, recon_ensemblestages=None, lr='0.0001', wd='0.0001', mm=None, cls='mlp', perturb='gennoise', pre=True, frozen=False, tdqm_disable=False, start_over=False)
2025-11-09 15:12:20,361 - Config - INFO - ./configs/CREMA_D/synergy/nov/synprom_ib.json
2025-11-09 15:12:20,365 - Config - INFO -  THE Configuration of your experiment ..
{'agent': 'Agent',
 'dataset': {'data_roots': '/esat/smcdata/users/kkontras/Image_Dataset/no_backup/CremaD/CREMA-D',
             'data_split': {'fold': 0, 'method': 'non_inclusive'},
             'dataloader_class': 'CramedD_Dataloader',
             'fps': 1,
             'norm': False,
             'norm_face_path': './mydatasets/CREMAD/norm_face_path_fold{}.pkl',
             'norm_wav_path': './mydatasets/CREMAD/wav_norm_16000_fold{}.pkl',
             'num_frame': 3,
             'return_data': {'audio': False,
                             'face': False,
                             'spectrogram': True,
                             'video': True},
             'sampling_rate': 22050},
 'early_stopping': {'end_of_epoch_check': True,
                    'log_interval': 10,
                    'max_epoch': 1500,
                    'n_steps_stop': 20,
                    'n_steps_stop_after': 0,
                    'save_every_step': 3000,
                    'save_every_valstep': 10,
                    'validate_after': 0,
                    'validate_every': 25,
                    'validate_with': 'accuracy'},
 'exp_name': 'CREMAD Experiment',
 'model': {'args': {'bias_infusion': {'ending_epoch': 1500,
                                      'l': 0.1,
                                      'method': 'false',
                                      'plot': False,
                                      'starting_epoch': 0,
                                      'use': True},
                    'clip_grad': False,
                    'cls_type': 'linear',
                    'd_model': 512,
                    'dropout': 0.1,
                    'fc_inner': 64,
                    'multi_loss': {'multi_supervised_w': {'c': 0,
                                                          'combined': 1,
                                                          'g': 0}},
                    'num_classes': 6},
           'encoders': [{'args': {'d_model': 512,
                                  'dropout': 0.1,
                                  'fc_inner': 64,
                                  'freeze_encoder': False,
                                  'num_classes': 6},
                         'model': 'Audio_ResNet',
                         'pretrainedEncoder': {'dir': 'unimodal_audio_fold{}_lr0.001_wd0.0001.pth.tar',
                                               'use': False}},
                        {'args': {'d_model': 512,
                                  'dropout': 0.1,
                                  'fc_inner': 64,
                                  'freeze_encoder': False,
                                  'num_classes': 6},
                         'model': 'Video_ResNet',
                         'pretrainedEncoder': {'dir': 'unimodal_video_fold{}_lr0.001_wd0.0001.pth.tar',
                                               'use': False}}],
           'load_ongoing': False,
           'model_class': 'Fusion_Synprom_IB',
           'save_base_dir': '/esat/smcdata/users/kkontras/Image_Dataset/no_backup/data/2025_data/synergy',
           'save_dir': 'Synprom_IB_{}.pth.tar'},
 'optimizer': {'beta1': 0.9,
               'beta2': 0.999,
               'learning_rate': 1e-05,
               'momentum': 0.9,
               'type': 'Adam',
               'weight_decay': 1e-05},
 'scheduler': {'max_lr': 0.03, 'type': 'cosanneal', 'warm_up_steps': 780},
 'training_params': {'adversarial_training': {'adv_epsilon': 0.01,
                                              'use': False},
                     'async_loading': True,
                     'batch_size': 32,
                     'cuda': True,
                     'data_loader_workers': 8,
                     'gpu_device': [0],
                     'pin_memory': False,
                     'rec_test': True,
                     'res': True,
                     'seed': 109,
                     'tdqm_disable': False,
                     'test_batch_size': 32,
                     'test_on_bottoms': False,
                     'use_test_set': True,
                     'validation': True,
                     'verbose': True,
                     'wandb_disable': False}}
2025-11-09 15:12:20,367 - Config - INFO -  *************************************** 
2025-11-09 15:12:20,367 - Config - INFO - The experiment name is CREMAD Experiment
2025-11-09 15:12:20,367 - Config - INFO -  *************************************** 
2025-11-09 15:12:20,368 - root - INFO - save_dir: Synprom_IB_fold0_l0_contrcoeff1_perturbgennoise_lr0.0001_wd0.0001_clsmlp_pre.pth.tar
2025-11-09 15:12:20,552 - Cuda Statistics - INFO - __Python VERSION:  3.9.18 (main, Sep 11 2023, 13:41:44) 
[GCC 11.2.0]
2025-11-09 15:12:20,553 - Cuda Statistics - INFO - __pyTorch VERSION:  2.0.1+cu118
2025-11-09 15:12:20,553 - Cuda Statistics - INFO - __CUDA VERSION
2025-11-09 15:12:20,558 - Cuda Statistics - INFO - __CUDNN VERSION:  8700
2025-11-09 15:12:20,577 - Cuda Statistics - INFO - __Number CUDA Devices:  1
2025-11-09 15:12:20,577 - Cuda Statistics - INFO - __Devices
2025-11-09 15:12:20,577 - Cuda Statistics - INFO - index, name, driver_version, memory.total [MiB], memory.used [MiB], memory.free [MiB]
2025-11-09 15:12:20,577 - Cuda Statistics - INFO - 0, NVIDIA GeForce RTX 3090, 580.95.05, 24576 MiB, 39 MiB, 24076 MiB
2025-11-09 15:12:20,586 - Cuda Statistics - INFO - Active CUDA Device: GPU 0
2025-11-09 15:12:20,586 - Cuda Statistics - INFO - Available devices  1
2025-11-09 15:12:20,586 - Cuda Statistics - INFO - Current cuda device  0
This path does not exist /esat/smcdata/users/kkontras/Image_Dataset/no_backup/CremaD/CREMA-D/AudioWAV/1076_MTI_SAD_XX.wav or /esat/smcdata/users/kkontras/Image_Dataset/no_backup/CremaD/CREMA-D/Image-01-FPS/1076_MTI_SAD_XX or /esat/smcdata/users/kkontras/Image_Dataset/no_backup/CremaD/CREMA-D/Face_features/1076_MTI_SAD_XX.npy
2025-11-09 15:12:23,157 - root - INFO - Loaded wav norm from ./mydatasets/CREMAD/wav_norm_16000_fold0.pkl
2025-11-09 15:12:23,187 - root - INFO - Norm values are {'mean': tensor(-2.7937e-05), 'std': tensor(0.0613), 'max_duration': 4.8715625}
2025-11-09 15:12:23,769 - root - INFO - Loaded wav norm from ./mydatasets/CREMAD/wav_norm_16000_fold0.pkl
2025-11-09 15:12:23,771 - root - INFO - Norm values are {'mean': tensor(-2.7937e-05), 'std': tensor(0.0613), 'max_duration': 4.8715625}
2025-11-09 15:12:24,380 - root - INFO - Loaded wav norm from ./mydatasets/CREMAD/wav_norm_16000_fold0.pkl
2025-11-09 15:12:24,381 - root - INFO - Norm values are {'mean': tensor(-2.7937e-05), 'std': tensor(0.0613), 'max_duration': 4.8715625}
Available cores 8
We are changing dataloader workers to num of cores 0
2025-11-09 15:12:24,385 - Agent - INFO - Device: cuda:0
2025-11-09 15:12:24,385 - Agent - INFO - Total training batches: 127, validate every 25 batches, steps per epoch: 6
2025-11-09 15:12:29,469 - Agent - INFO - Loss Weights are {'total': 1, 'combined': 1, 'c': 0, 'g': 0}
2025-11-09 15:12:29,947 - root - INFO - Loading enc best model state dict from /esat/smcdata/users/kkontras/Image_Dataset/no_backup/data/2025_data/synergy/unimodal_audio_fold0_lr0.001_wd0.0001.pth.tar
Replacing module
2025-11-09 15:12:30,330 - root - INFO - Loading enc best model state dict from /esat/smcdata/users/kkontras/Image_Dataset/no_backup/data/2025_data/synergy/unimodal_video_fold0_lr0.001_wd0.0001.pth.tar
Replacing module
2025-11-09 15:12:30,441 - Agent - INFO - Total number of trainable parameters are: 23483032
2025-11-09 15:12:30,451 - Agent - INFO - Total number of trainable parameters are: 23483032
2025-11-09 15:15:38,243 - Agent - INFO - [37mVal Epoch 1 step 1 with [31mce_loss_combined : 0.692140 [31mtotal : 0.692140 [94mAcc_combined: 73.92 [94mAcc_c: 59.68 [94mAcc_g: 60.02 [95mCEU_cue_audio: 0.7626 [95mCEU_cue_video: 0.6303 [95mCEU_synergy: 0.1885 [95mCEU_coexistence: 0.9542 
2025-11-09 15:15:38,258 - Agent - INFO - [37mTest Epoch 1 step 1 with [31mce_loss_combined : 0.941330 [31mtotal : 0.941330 [94mAcc_combined: 68.85 [94mAcc_c: 52.73 [94mAcc_g: 53.62 
2025-11-09 15:15:39,183 - Agent - INFO - [37mModels has saved successfully in /esat/smcdata/users/kkontras/Image_Dataset/no_backup/data/2025_data/synergy/Synprom_IB_fold0_l0_contrcoeff1_perturbgennoise_lr0.0001_wd0.0001_clsmlp_pre.pth.tar
2025-11-09 15:18:39,477 - Agent - INFO - [37mVal Epoch 2 step 2 with [31mce_loss_combined : 0.755975 [31mtotal : 0.755975 [94mAcc_combined: 76.08 [94mAcc_c: 61.28 [94mAcc_g: 56.95 [95mCEU_cue_audio: 0.6529 [95mCEU_cue_video: 0.7696 [95mCEU_synergy: 0.3281 [95mCEU_coexistence: 0.9625 
2025-11-09 15:18:39,491 - Agent - INFO - [37mTest Epoch 2 step 2 with [31mce_loss_combined : 1.090655 [31mtotal : 1.090655 [94mAcc_combined: 68.74 [94mAcc_c: 55.06 [94mAcc_g: 55.28 
2025-11-09 15:18:40,393 - Agent - INFO - [37mModels has saved successfully in /esat/smcdata/users/kkontras/Image_Dataset/no_backup/data/2025_data/synergy/Synprom_IB_fold0_l0_contrcoeff1_perturbgennoise_lr0.0001_wd0.0001_clsmlp_pre.pth.tar
2025-11-09 15:21:39,531 - Agent - INFO - [37mVal Epoch 3 step 3 with [31mce_loss_combined : 1.001289 [31mtotal : 1.001289 [94mAcc_combined: 72.32 [94mAcc_c: 61.62 [94mAcc_g: 56.26 [95mCEU_cue_audio: 0.5068 [95mCEU_cue_video: 0.7940 [95mCEU_synergy: 0.3281 [95mCEU_coexistence: 0.9490 
2025-11-09 15:24:41,729 - Agent - INFO - [37mVal Epoch 4 step 4 with [31mce_loss_combined : 1.093995 [31mtotal : 1.093995 [94mAcc_combined: 71.64 [94mAcc_c: 62.07 [94mAcc_g: 57.74 [95mCEU_cue_audio: 0.5160 [95mCEU_cue_video: 0.7818 [95mCEU_synergy: 0.2705 [95mCEU_coexistence: 0.9516 
2025-11-09 15:27:40,426 - Agent - INFO - [37mVal Epoch 5 step 5 with [31mce_loss_combined : 1.174898 [31mtotal : 1.174898 [94mAcc_combined: 72.67 [94mAcc_c: 59.45 [94mAcc_g: 57.74 [95mCEU_cue_audio: 0.4703 [95mCEU_cue_video: 0.8425 [95mCEU_synergy: 0.2541 [95mCEU_coexistence: 0.9811 
2025-11-09 15:30:39,058 - Agent - INFO - [37mVal Epoch 6 step 6 with [31mce_loss_combined : 1.262700 [31mtotal : 1.262700 [94mAcc_combined: 71.64 [94mAcc_c: 60.82 [94mAcc_g: 57.63 [95mCEU_cue_audio: 0.4429 [95mCEU_cue_video: 0.8425 [95mCEU_synergy: 0.2871 [95mCEU_coexistence: 0.9625 
2025-11-09 15:33:37,457 - Agent - INFO - [37mVal Epoch 7 step 7 with [31mce_loss_combined : 1.178217 [31mtotal : 1.178217 [94mAcc_combined: 72.44 [94mAcc_c: 61.85 [94mAcc_g: 57.63 [95mCEU_cue_audio: 0.5114 [95mCEU_cue_video: 0.8063 [95mCEU_synergy: 0.2705 [95mCEU_coexistence: 0.9625 
2025-11-09 15:36:36,707 - Agent - INFO - [37mVal Epoch 8 step 8 with [31mce_loss_combined : 1.180305 [31mtotal : 1.180305 [94mAcc_combined: 72.55 [94mAcc_c: 62.64 [94mAcc_g: 57.63 [95mCEU_cue_audio: 0.4976 [95mCEU_cue_video: 0.8362 [95mCEU_synergy: 0.3115 [95mCEU_coexistence: 0.9462 
2025-11-09 15:39:36,839 - Agent - INFO - [37mVal Epoch 9 step 9 with [31mce_loss_combined : 1.370864 [31mtotal : 1.370864 [94mAcc_combined: 71.18 [94mAcc_c: 58.77 [94mAcc_g: 55.01 [95mCEU_cue_audio: 0.4521 [95mCEU_cue_video: 0.8181 [95mCEU_synergy: 0.2871 [95mCEU_coexistence: 0.9570 
2025-11-09 15:42:38,083 - Agent - INFO - [37mVal Epoch 10 step 10 with [31mce_loss_combined : 1.331718 [31mtotal : 1.331718 [94mAcc_combined: 71.18 [94mAcc_c: 59.91 [94mAcc_g: 56.04 [95mCEU_cue_audio: 0.4976 [95mCEU_cue_video: 0.7940 [95mCEU_synergy: 0.3115 [95mCEU_coexistence: 0.9327 
2025-11-09 15:45:39,546 - Agent - INFO - [37mVal Epoch 11 step 11 with [31mce_loss_combined : 1.605730 [31mtotal : 1.605730 [94mAcc_combined: 69.13 [94mAcc_c: 59.79 [94mAcc_g: 54.33 [95mCEU_cue_audio: 0.4246 [95mCEU_cue_video: 0.8181 [95mCEU_synergy: 0.3031 [95mCEU_coexistence: 0.9193 
2025-11-09 15:48:39,655 - Agent - INFO - [37mVal Epoch 12 step 12 with [31mce_loss_combined : 1.633124 [31mtotal : 1.633124 [94mAcc_combined: 69.70 [94mAcc_c: 58.43 [94mAcc_g: 54.21 [95mCEU_cue_audio: 0.4567 [95mCEU_cue_video: 0.8181 [95mCEU_synergy: 0.3281 [95mCEU_coexistence: 0.9058 
2025-11-09 15:51:40,715 - Agent - INFO - [37mVal Epoch 13 step 13 with [31mce_loss_combined : 1.561118 [31mtotal : 1.561118 [94mAcc_combined: 69.48 [94mAcc_c: 59.23 [94mAcc_g: 54.33 [95mCEU_cue_audio: 0.4110 [95mCEU_cue_video: 0.8302 [95mCEU_synergy: 0.2952 [95mCEU_coexistence: 0.9327 
2025-11-09 15:54:39,624 - Agent - INFO - [37mVal Epoch 14 step 14 with [31mce_loss_combined : 1.256739 [31mtotal : 1.256739 [94mAcc_combined: 73.69 [94mAcc_c: 61.28 [94mAcc_g: 55.24 [95mCEU_cue_audio: 0.5525 [95mCEU_cue_video: 0.8181 [95mCEU_synergy: 0.2786 [95mCEU_coexistence: 0.9596 
2025-11-09 15:57:38,291 - Agent - INFO - [37mVal Epoch 15 step 15 with [31mce_loss_combined : 1.399619 [31mtotal : 1.399619 [94mAcc_combined: 72.67 [94mAcc_c: 60.82 [94mAcc_g: 54.44 [95mCEU_cue_audio: 0.5297 [95mCEU_cue_video: 0.8362 [95mCEU_synergy: 0.3031 [95mCEU_coexistence: 0.9327 
2025-11-09 16:00:34,635 - Agent - INFO - [37mVal Epoch 16 step 16 with [31mce_loss_combined : 1.577543 [31mtotal : 1.577543 [94mAcc_combined: 70.73 [94mAcc_c: 60.36 [94mAcc_g: 53.30 [95mCEU_cue_audio: 0.4749 [95mCEU_cue_video: 0.8063 [95mCEU_synergy: 0.3197 [95mCEU_coexistence: 0.9273 
2025-11-09 16:03:34,382 - Agent - INFO - [37mVal Epoch 17 step 17 with [31mce_loss_combined : 1.577748 [31mtotal : 1.577748 [94mAcc_combined: 72.44 [94mAcc_c: 59.00 [94mAcc_g: 55.24 [95mCEU_cue_audio: 0.4886 [95mCEU_cue_video: 0.8484 [95mCEU_synergy: 0.3441 [95mCEU_coexistence: 0.9327 
2025-11-09 16:06:34,029 - Agent - INFO - [37mVal Epoch 18 step 18 with [31mce_loss_combined : 1.284214 [31mtotal : 1.284214 [94mAcc_combined: 73.92 [94mAcc_c: 58.54 [94mAcc_g: 56.49 [95mCEU_cue_audio: 0.5617 [95mCEU_cue_video: 0.8121 [95mCEU_synergy: 0.2871 [95mCEU_coexistence: 0.9596 
2025-11-09 16:09:32,978 - Agent - INFO - [37mVal Epoch 19 step 19 with [31mce_loss_combined : 1.533872 [31mtotal : 1.533872 [94mAcc_combined: 71.41 [94mAcc_c: 59.34 [94mAcc_g: 55.01 [95mCEU_cue_audio: 0.4976 [95mCEU_cue_video: 0.8302 [95mCEU_synergy: 0.3197 [95mCEU_coexistence: 0.9193 
2025-11-09 16:12:33,166 - Agent - INFO - [37mVal Epoch 20 step 20 with [31mce_loss_combined : 1.349681 [31mtotal : 1.349681 [94mAcc_combined: 73.69 [94mAcc_c: 59.68 [94mAcc_g: 57.18 [95mCEU_cue_audio: 0.5617 [95mCEU_cue_video: 0.7940 [95mCEU_synergy: 0.2705 [95mCEU_coexistence: 0.9677 
2025-11-09 16:15:34,644 - Agent - INFO - [37mVal Epoch 21 step 21 with [31mce_loss_combined : 1.720010 [31mtotal : 1.720010 [94mAcc_combined: 67.20 [94mAcc_c: 55.69 [94mAcc_g: 54.10 [95mCEU_cue_audio: 0.4840 [95mCEU_cue_video: 0.7818 [95mCEU_synergy: 0.2786 [95mCEU_coexistence: 0.8629 
2025-11-09 16:15:35,268 - Agent - INFO - We are in the final state.
2025-11-09 16:15:35,459 - root - INFO - Loaded best model from /esat/smcdata/users/kkontras/Image_Dataset/no_backup/data/2025_data/synergy/Synprom_IB_fold0_l0_contrcoeff1_perturbgennoise_lr0.0001_wd0.0001_clsmlp_pre.pth.tar
2025-11-09 16:15:48,029 - Agent - INFO - [37mVal Epoch 21 step 0 with [31mce_loss_combined : 0.755975 [31mtotal : 0.755975 [94mAcc_combined: 76.08 [94mAcc_c: 61.28 [94mAcc_g: 56.95 [95mCEU_cue_audio: 0.6529 [95mCEU_cue_video: 0.7696 [95mCEU_synergy: 0.3281 [95mCEU_coexistence: 0.9625 
2025-11-09 16:16:01,053 - Agent - INFO - [37mTest Epoch 21 step 0 with [31mce_loss_combined : 1.090655 [31mtotal : 1.090655 [94mAcc_combined: 68.74 [94mAcc_c: 55.06 [94mAcc_g: 55.28 
2025-11-09 16:16:02,473 - Agent - INFO - [37mModels has saved successfully in /esat/smcdata/users/kkontras/Image_Dataset/no_backup/data/2025_data/synergy/Synprom_IB_fold0_l0_contrcoeff1_perturbgennoise_lr0.0001_wd0.0001_clsmlp_pre.pth.tar
Job finished
