000 (004.001.000) 2025-11-10 17:33:52 Job submitted from host: <10.87.28.129:9618?addrs=10.87.28.129-9618&alias=timmermans.esat.kuleuven.be&noUDP&sock=schedd_1428_1154>
...
001 (004.001.000) 2025-11-10 17:33:54 Job executing on host: <10.87.24.25:9618?addrs=10.87.24.25-9618+[--1]-9618&alias=estragon.esat.kuleuven.be&noUDP&sock=startd_2009_95db>
	SlotName: slot1_2@estragon.esat.kuleuven.be
	AvailableGPUs = { GPUs_GPU_c7741362 }
	CondorScratchDir = "/usr/data/condor/execute/dir_443102"
	Cpus = 8
	Disk = 1054592
	GPUs = 1
	GPUs_GPU_c7741362 = [ Id = "GPU-c7741362"; ClockMhz = 1328.5; Capability = 6.0; CoresPerCU = 64; DeviceName = "Tesla P100-PCIE-16GB"; DeviceUuid = "c7741362-0fc2-057f-631c-ffc90d1eb010"; ECCEnabled = true; ComputeUnits = 56; NvidiaDriver = "580.95.05"; DriverVersion = 13.0; DevicePciBusId = "0000:0B:00.0"; GlobalMemoryMb = 16269; MaxSupportedVersion = 13000 ]
	Memory = 71680
...
006 (004.001.000) 2025-11-10 17:34:02 Image size of job updated: 216572
	212  -  MemoryUsage of job (MB)
	216572  -  ResidentSetSize of job (KB)
...
006 (004.001.000) 2025-11-10 17:34:52 Image size of job updated: 1118516
	212  -  MemoryUsage of job (MB)
	216572  -  ResidentSetSize of job (KB)
...
005 (004.001.000) 2025-11-10 17:34:52 Job terminated.
	(1) Normal termination (return value 0)
		Usr 0 00:00:29, Sys 0 00:00:10  -  Run Remote Usage
		Usr 0 00:00:00, Sys 0 00:00:00  -  Run Local Usage
		Usr 0 00:00:29, Sys 0 00:00:10  -  Total Remote Usage
		Usr 0 00:00:00, Sys 0 00:00:00  -  Total Local Usage
	0  -  Run Bytes Sent By Job
	0  -  Run Bytes Received By Job
	0  -  Total Bytes Sent By Job
	0  -  Total Bytes Received By Job
	Partitionable Resources :    Usage  Request Allocated Assigned
	   Cpus                 :        0        8         8 
	   Disk (KB)            :        2  1048576   1054592 
	   GPUs                 :                 1         1 "GPU-c7741362"
	   Memory (MB)          :      212    71680     71680 
	   TimeExecute (s)      :       58                    
	   TimeSlotBusy (s)     :       58                    
...
000 (004.001.000) 2025-11-23 16:30:33 Job submitted from host: <10.87.28.3:9618?addrs=10.87.28.3-9618&alias=deanston.esat.kuleuven.be&noUDP&sock=schedd_1644_39c9>
...
001 (004.001.000) 2025-11-23 16:30:45 Job executing on host: <10.87.24.4:9618?addrs=10.87.24.4-9618&alias=aristoteles.esat.kuleuven.be&noUDP&sock=startd_2594_d8c2>
	SlotName: slot1_3@aristoteles.esat.kuleuven.be
	AvailableGPUs = { GPUs_GPU_edd4a9d8 }
	CondorScratchDir = "/usr/data/condor/execute/dir_2182833/scratch"
	Cpus = 8
	Disk = 1048576
	GPUs = 1
	GPUs_GPU_edd4a9d8 = [ Id = "GPU-edd4a9d8"; ClockMhz = 1410.0; Capability = 8.0; CoresPerCU = 64; DeviceName = "NVIDIA A100-SXM4-80GB"; DeviceUuid = "edd4a9d8-371c-bb9a-e898-24b94b410094"; ECCEnabled = true; ComputeUnits = 108; NvidiaDriver = "580.105.08"; DriverVersion = 13.0; DevicePciBusId = "0000:8D:00.0"; GlobalMemoryMb = 81153; MaxSupportedVersion = 13000 ]
	Memory = 71680
...
006 (004.001.000) 2025-11-23 16:30:54 Image size of job updated: 90704
	89  -  MemoryUsage of job (MB)
	90704  -  ResidentSetSize of job (KB)
...
006 (004.001.000) 2025-11-23 16:31:32 Image size of job updated: 286872
	89  -  MemoryUsage of job (MB)
	90704  -  ResidentSetSize of job (KB)
...
005 (004.001.000) 2025-11-23 16:31:33 Job terminated.
	(1) Normal termination (return value 0)
		Usr 0 00:00:05, Sys 0 00:00:03  -  Run Remote Usage
		Usr 0 00:00:00, Sys 0 00:00:00  -  Run Local Usage
		Usr 0 00:00:05, Sys 0 00:00:03  -  Total Remote Usage
		Usr 0 00:00:00, Sys 0 00:00:00  -  Total Local Usage
	0  -  Run Bytes Sent By Job
	0  -  Run Bytes Received By Job
	0  -  Total Bytes Sent By Job
	0  -  Total Bytes Received By Job
	Partitionable Resources :    Usage  Request Allocated Assigned
	   Cpus                 :        0        8         8 
	   Disk (KB)            :        2  1048576   1048576 
	   GPUs                 :                 1         1 "GPU-edd4a9d8"
	   Memory (MB)          :       89    71680     71680 
	   TimeExecute (s)      :       47                    
	   TimeSlotBusy (s)     :       47                    
...
