000 (004.012.000) 2025-11-10 17:33:52 Job submitted from host: <10.87.28.129:9618?addrs=10.87.28.129-9618&alias=timmermans.esat.kuleuven.be&noUDP&sock=schedd_1428_1154>
...
001 (004.012.000) 2025-11-10 17:36:55 Job executing on host: <10.87.28.117:9618?addrs=10.87.28.117-9618&alias=stadius-nc-4.esat.kuleuven.be&noUDP&sock=startd_3335_1c6f>
	SlotName: slot1_2@stadius-nc-4.esat.kuleuven.be
	AvailableGPUs = { GPUs_GPU_8c3c8db2 }
	CondorScratchDir = "/volume1/condor/execute/dir_1384869"
	Cpus = 8
	Disk = 1050150
	GPUs = 1
	GPUs_GPU_8c3c8db2 = [ Id = "GPU-8c3c8db2"; ClockMhz = 1545.0; Capability = 7.5; CoresPerCU = 64; DeviceName = "NVIDIA GeForce RTX 2080 Ti"; DeviceUuid = "8c3c8db2-06a6-9e0e-a6ee-a948fb2f7f27"; ECCEnabled = false; ComputeUnits = 68; NvidiaDriver = "570.153.02"; DriverVersion = 12.8; DevicePciBusId = "0000:5B:00.0"; GlobalMemoryMb = 10823; MaxSupportedVersion = 12080 ]
	Memory = 71680
...
006 (004.012.000) 2025-11-10 17:37:04 Image size of job updated: 500172
	489  -  MemoryUsage of job (MB)
	500172  -  ResidentSetSize of job (KB)
...
006 (004.012.000) 2025-11-10 17:42:05 Image size of job updated: 1521200
	1407  -  MemoryUsage of job (MB)
	1440332  -  ResidentSetSize of job (KB)
...
006 (004.012.000) 2025-11-10 17:47:05 Image size of job updated: 1563980
	1503  -  MemoryUsage of job (MB)
	1538576  -  ResidentSetSize of job (KB)
...
006 (004.012.000) 2025-11-10 18:07:07 Image size of job updated: 1563980
	1505  -  MemoryUsage of job (MB)
	1541080  -  ResidentSetSize of job (KB)
...
006 (004.012.000) 2025-11-10 18:27:09 Image size of job updated: 1572716
	1505  -  MemoryUsage of job (MB)
	1541080  -  ResidentSetSize of job (KB)
...
005 (004.012.000) 2025-11-10 18:29:35 Job terminated.
	(1) Normal termination (return value 0)
		Usr 0 03:31:34, Sys 0 00:15:01  -  Run Remote Usage
		Usr 0 00:00:00, Sys 0 00:00:00  -  Run Local Usage
		Usr 0 03:31:34, Sys 0 00:15:01  -  Total Remote Usage
		Usr 0 00:00:00, Sys 0 00:00:00  -  Total Local Usage
	0  -  Run Bytes Sent By Job
	0  -  Run Bytes Received By Job
	0  -  Total Bytes Sent By Job
	0  -  Total Bytes Received By Job
	Partitionable Resources :    Usage  Request Allocated Assigned
	   Cpus                 :     4.48        8         8 
	   Disk (KB)            :     2     1048576   1050150 
	   GPUs                 :     0.46        1         1 "GPU-8c3c8db2"
	   GpusMemory (MB)      :  1676                       
	   Memory (MB)          :  1505       71680     71680 
	   TimeExecute (s)      :  3160                       
	   TimeSlotBusy (s)     :  3160                       
...
000 (004.012.000) 2025-11-23 16:30:33 Job submitted from host: <10.87.28.3:9618?addrs=10.87.28.3-9618&alias=deanston.esat.kuleuven.be&noUDP&sock=schedd_1644_39c9>
...
001 (004.012.000) 2025-11-23 16:31:33 Job executing on host: <10.87.24.25:9618?addrs=10.87.24.25-9618+[--1]-9618&alias=estragon.esat.kuleuven.be&noUDP&sock=startd_2090_2506>
	SlotName: slot1_3@estragon.esat.kuleuven.be
	AvailableGPUs = { GPUs_GPU_193a1cfd }
	CondorScratchDir = "/usr/data/condor/execute/dir_198959/scratch"
	Cpus = 8
	Disk = 1048576
	GPUs = 1
	GPUs_GPU_193a1cfd = [ Id = "GPU-193a1cfd"; ClockMhz = 1328.5; Capability = 6.0; CoresPerCU = 64; DeviceName = "Tesla P100-PCIE-16GB"; DeviceUuid = "193a1cfd-3ef5-207c-3098-c99b2d71fabc"; ECCEnabled = true; ComputeUnits = 56; NvidiaDriver = "580.105.08"; DriverVersion = 13.0; DevicePciBusId = "0000:0E:00.0"; GlobalMemoryMb = 16269; MaxSupportedVersion = 13000 ]
	Memory = 71680
...
006 (004.012.000) 2025-11-23 16:31:41 Image size of job updated: 230976
	226  -  MemoryUsage of job (MB)
	230976  -  ResidentSetSize of job (KB)
...
006 (004.012.000) 2025-11-23 16:31:43 Image size of job updated: 288624
	226  -  MemoryUsage of job (MB)
	230976  -  ResidentSetSize of job (KB)
...
005 (004.012.000) 2025-11-23 16:31:43 Job terminated.
	(1) Normal termination (return value 0)
		Usr 0 00:00:07, Sys 0 00:00:02  -  Run Remote Usage
		Usr 0 00:00:00, Sys 0 00:00:00  -  Run Local Usage
		Usr 0 00:00:07, Sys 0 00:00:02  -  Total Remote Usage
		Usr 0 00:00:00, Sys 0 00:00:00  -  Total Local Usage
	0  -  Run Bytes Sent By Job
	0  -  Run Bytes Received By Job
	0  -  Total Bytes Sent By Job
	0  -  Total Bytes Received By Job
	Partitionable Resources :    Usage  Request Allocated Assigned
	   Cpus                 :        0        8         8 
	   Disk (KB)            :        2  1048576   1048576 
	   GPUs                 :        0        1         1 "GPU-193a1cfd"
	   Memory (MB)          :      226    71680     71680 
	   TimeExecute (s)      :       10                    
	   TimeSlotBusy (s)     :       10                    
...
