000 (004.158.000) 2025-11-23 16:30:33 Job submitted from host: <10.87.28.3:9618?addrs=10.87.28.3-9618&alias=deanston.esat.kuleuven.be&noUDP&sock=schedd_1644_39c9>
...
001 (004.158.000) 2025-11-23 16:33:14 Job executing on host: <10.87.24.139:9618?addrs=10.87.24.139-9618&alias=fig.esat.kuleuven.be&noUDP&sock=startd_2107_ce23>
	SlotName: slot1_1@fig.esat.kuleuven.be
	AvailableGPUs = { GPUs_GPU_cedc718d }
	CondorScratchDir = "/usr/data/condor/execute/dir_1379821/scratch"
	Cpus = 8
	Disk = 1048576
	GPUs = 1
	GPUs_GPU_cedc718d = [ Id = "GPU-cedc718d"; ClockMhz = 1695.0; Capability = 8.6; CoresPerCU = 128; DeviceName = "NVIDIA GeForce RTX 3090"; DeviceUuid = "cedc718d-8ccd-1c5c-42ee-9f07bacbde5e"; ECCEnabled = false; ComputeUnits = 82; NvidiaDriver = "580.105.08"; DriverVersion = 13.0; DevicePciBusId = "0000:09:00.0"; GlobalMemoryMb = 24124; MaxSupportedVersion = 13000 ]
	Memory = 71680
...
006 (004.158.000) 2025-11-23 16:33:19 Image size of job updated: 286840
	0  -  MemoryUsage of job (MB)
	0  -  ResidentSetSize of job (KB)
...
005 (004.158.000) 2025-11-23 16:33:19 Job terminated.
	(1) Normal termination (return value 0)
		Usr 0 00:00:02, Sys 0 00:00:01  -  Run Remote Usage
		Usr 0 00:00:00, Sys 0 00:00:00  -  Run Local Usage
		Usr 0 00:00:02, Sys 0 00:00:01  -  Total Remote Usage
		Usr 0 00:00:00, Sys 0 00:00:00  -  Total Local Usage
	0  -  Run Bytes Sent By Job
	0  -  Run Bytes Received By Job
	0  -  Total Bytes Sent By Job
	0  -  Total Bytes Received By Job
	Partitionable Resources :    Usage  Request Allocated Assigned
	   Cpus                 :        0        8         8 
	   Disk (KB)            :        2  1048576   1048576 
	   GPUs                 :        0        1         1 "GPU-cedc718d"
	   Memory (MB)          :        0    71680     71680 
	   TimeExecute (s)      :        5                    
	   TimeSlotBusy (s)     :        5                    
...
