000 (004.018.000) 2025-11-10 17:33:52 Job submitted from host: <10.87.28.129:9618?addrs=10.87.28.129-9618&alias=timmermans.esat.kuleuven.be&noUDP&sock=schedd_1428_1154>
...
001 (004.018.000) 2025-11-10 19:21:03 Job executing on host: <10.87.28.117:9618?addrs=10.87.28.117-9618&alias=stadius-nc-4.esat.kuleuven.be&noUDP&sock=startd_3335_1c6f>
	SlotName: slot1_1@stadius-nc-4.esat.kuleuven.be
	AvailableGPUs = { GPUs_GPU_1236270c }
	CondorScratchDir = "/volume1/condor/execute/dir_1388746"
	Cpus = 8
	Disk = 1050150
	GPUs = 1
	GPUs_GPU_1236270c = [ Id = "GPU-1236270c"; ClockMhz = 1545.0; Capability = 7.5; CoresPerCU = 64; DeviceName = "NVIDIA GeForce RTX 2080 Ti"; DeviceUuid = "1236270c-ad23-648a-e65a-80b2ab2cf0c3"; ECCEnabled = false; ComputeUnits = 68; NvidiaDriver = "570.153.02"; DriverVersion = 12.8; DevicePciBusId = "0000:25:00.0"; GlobalMemoryMb = 10823; MaxSupportedVersion = 12080 ]
	Memory = 71680
...
006 (004.018.000) 2025-11-10 19:21:12 Image size of job updated: 525460
	514  -  MemoryUsage of job (MB)
	525460  -  ResidentSetSize of job (KB)
...
006 (004.018.000) 2025-11-10 19:26:13 Image size of job updated: 1519192
	1429  -  MemoryUsage of job (MB)
	1462740  -  ResidentSetSize of job (KB)
...
006 (004.018.000) 2025-11-10 19:31:14 Image size of job updated: 1533704
	1489  -  MemoryUsage of job (MB)
	1524348  -  ResidentSetSize of job (KB)
...
006 (004.018.000) 2025-11-10 19:36:14 Image size of job updated: 1546200
	1489  -  MemoryUsage of job (MB)
	1524348  -  ResidentSetSize of job (KB)
...
006 (004.018.000) 2025-11-10 19:41:15 Image size of job updated: 1556500
	1521  -  MemoryUsage of job (MB)
	1556500  -  ResidentSetSize of job (KB)
...
006 (004.018.000) 2025-11-10 19:46:15 Image size of job updated: 1558796
	1521  -  MemoryUsage of job (MB)
	1556500  -  ResidentSetSize of job (KB)
...
006 (004.018.000) 2025-11-10 19:51:15 Image size of job updated: 1572332
	1530  -  MemoryUsage of job (MB)
	1566584  -  ResidentSetSize of job (KB)
...
006 (004.018.000) 2025-11-10 20:06:16 Image size of job updated: 1610444
	1530  -  MemoryUsage of job (MB)
	1566584  -  ResidentSetSize of job (KB)
...
006 (004.018.000) 2025-11-10 20:16:17 Image size of job updated: 1610444
	1535  -  MemoryUsage of job (MB)
	1571308  -  ResidentSetSize of job (KB)
...
005 (004.018.000) 2025-11-10 20:18:34 Job terminated.
	(1) Normal termination (return value 0)
		Usr 0 03:59:37, Sys 0 00:15:15  -  Run Remote Usage
		Usr 0 00:00:00, Sys 0 00:00:00  -  Run Local Usage
		Usr 0 03:59:37, Sys 0 00:15:15  -  Total Remote Usage
		Usr 0 00:00:00, Sys 0 00:00:00  -  Total Local Usage
	0  -  Run Bytes Sent By Job
	0  -  Run Bytes Received By Job
	0  -  Total Bytes Sent By Job
	0  -  Total Bytes Received By Job
	Partitionable Resources :    Usage  Request Allocated Assigned
	   Cpus                 :     4.40        8         8 
	   Disk (KB)            :     2     1048576   1050150 
	   GPUs                 :     0.39        1         1 "GPU-1236270c"
	   GpusMemory (MB)      :  1676                       
	   Memory (MB)          :  1535       71680     71680 
	   TimeExecute (s)      :  3451                       
	   TimeSlotBusy (s)     :  3451                       
...
000 (004.018.000) 2025-11-23 16:30:33 Job submitted from host: <10.87.28.3:9618?addrs=10.87.28.3-9618&alias=deanston.esat.kuleuven.be&noUDP&sock=schedd_1644_39c9>
...
001 (004.018.000) 2025-11-23 16:31:33 Job executing on host: <10.87.24.25:9618?addrs=10.87.24.25-9618+[--1]-9618&alias=estragon.esat.kuleuven.be&noUDP&sock=startd_2090_2506>
	SlotName: slot1_2@estragon.esat.kuleuven.be
	AvailableGPUs = { GPUs_GPU_c7741362 }
	CondorScratchDir = "/usr/data/condor/execute/dir_198961/scratch"
	Cpus = 8
	Disk = 1048576
	GPUs = 1
	GPUs_GPU_c7741362 = [ Id = "GPU-c7741362"; ClockMhz = 1328.5; Capability = 6.0; CoresPerCU = 64; DeviceName = "Tesla P100-PCIE-16GB"; DeviceUuid = "c7741362-0fc2-057f-631c-ffc90d1eb010"; ECCEnabled = true; ComputeUnits = 56; NvidiaDriver = "580.105.08"; DriverVersion = 13.0; DevicePciBusId = "0000:0B:00.0"; GlobalMemoryMb = 16269; MaxSupportedVersion = 13000 ]
	Memory = 71680
...
006 (004.018.000) 2025-11-23 16:31:41 Image size of job updated: 240444
	235  -  MemoryUsage of job (MB)
	240444  -  ResidentSetSize of job (KB)
...
006 (004.018.000) 2025-11-23 16:31:43 Image size of job updated: 288628
	235  -  MemoryUsage of job (MB)
	240444  -  ResidentSetSize of job (KB)
...
005 (004.018.000) 2025-11-23 16:31:43 Job terminated.
	(1) Normal termination (return value 0)
		Usr 0 00:00:07, Sys 0 00:00:02  -  Run Remote Usage
		Usr 0 00:00:00, Sys 0 00:00:00  -  Run Local Usage
		Usr 0 00:00:07, Sys 0 00:00:02  -  Total Remote Usage
		Usr 0 00:00:00, Sys 0 00:00:00  -  Total Local Usage
	0  -  Run Bytes Sent By Job
	0  -  Run Bytes Received By Job
	0  -  Total Bytes Sent By Job
	0  -  Total Bytes Received By Job
	Partitionable Resources :    Usage  Request Allocated Assigned
	   Cpus                 :        0        8         8 
	   Disk (KB)            :        2  1048576   1048576 
	   GPUs                 :        0        1         1 "GPU-c7741362"
	   Memory (MB)          :      235    71680     71680 
	   TimeExecute (s)      :       10                    
	   TimeSlotBusy (s)     :       10                    
...
