000 (004.020.000) 2025-11-10 17:33:52 Job submitted from host: <10.87.28.129:9618?addrs=10.87.28.129-9618&alias=timmermans.esat.kuleuven.be&noUDP&sock=schedd_1428_1154>
...
001 (004.020.000) 2025-11-10 20:17:37 Job executing on host: <10.87.28.117:9618?addrs=10.87.28.117-9618&alias=stadius-nc-4.esat.kuleuven.be&noUDP&sock=startd_3335_1c6f>
	SlotName: slot1_2@stadius-nc-4.esat.kuleuven.be
	AvailableGPUs = { GPUs_GPU_8c3c8db2 }
	CondorScratchDir = "/volume1/condor/execute/dir_1390785"
	Cpus = 8
	Disk = 1050150
	GPUs = 1
	GPUs_GPU_8c3c8db2 = [ Id = "GPU-8c3c8db2"; ClockMhz = 1545.0; Capability = 7.5; CoresPerCU = 64; DeviceName = "NVIDIA GeForce RTX 2080 Ti"; DeviceUuid = "8c3c8db2-06a6-9e0e-a6ee-a948fb2f7f27"; ECCEnabled = false; ComputeUnits = 68; NvidiaDriver = "570.153.02"; DriverVersion = 12.8; DevicePciBusId = "0000:5B:00.0"; GlobalMemoryMb = 10823; MaxSupportedVersion = 12080 ]
	Memory = 71680
...
006 (004.020.000) 2025-11-10 20:17:46 Image size of job updated: 503172
	492  -  MemoryUsage of job (MB)
	503172  -  ResidentSetSize of job (KB)
...
006 (004.020.000) 2025-11-10 20:22:47 Image size of job updated: 1571280
	1535  -  MemoryUsage of job (MB)
	1571280  -  ResidentSetSize of job (KB)
...
006 (004.020.000) 2025-11-10 20:27:47 Image size of job updated: 1590456
	1535  -  MemoryUsage of job (MB)
	1571280  -  ResidentSetSize of job (KB)
...
006 (004.020.000) 2025-11-10 20:32:48 Image size of job updated: 1639664
	1535  -  MemoryUsage of job (MB)
	1571280  -  ResidentSetSize of job (KB)
...
006 (004.020.000) 2025-11-10 20:37:48 Image size of job updated: 1654668
	1561  -  MemoryUsage of job (MB)
	1598264  -  ResidentSetSize of job (KB)
...
006 (004.020.000) 2025-11-10 20:42:48 Image size of job updated: 1654928
	1562  -  MemoryUsage of job (MB)
	1598528  -  ResidentSetSize of job (KB)
...
006 (004.020.000) 2025-11-10 20:47:49 Image size of job updated: 1655136
	1562  -  MemoryUsage of job (MB)
	1598744  -  ResidentSetSize of job (KB)
...
006 (004.020.000) 2025-11-10 20:52:49 Image size of job updated: 1655328
	1562  -  MemoryUsage of job (MB)
	1598944  -  ResidentSetSize of job (KB)
...
006 (004.020.000) 2025-11-10 20:57:50 Image size of job updated: 1655520
	1562  -  MemoryUsage of job (MB)
	1599116  -  ResidentSetSize of job (KB)
...
006 (004.020.000) 2025-11-10 21:02:51 Image size of job updated: 1655656
	1562  -  MemoryUsage of job (MB)
	1599116  -  ResidentSetSize of job (KB)
...
006 (004.020.000) 2025-11-10 21:07:51 Image size of job updated: 1657536
	1562  -  MemoryUsage of job (MB)
	1599116  -  ResidentSetSize of job (KB)
...
005 (004.020.000) 2025-11-10 21:22:24 Job terminated.
	(1) Normal termination (return value 0)
		Usr 0 04:27:59, Sys 0 00:18:18  -  Run Remote Usage
		Usr 0 00:00:00, Sys 0 00:00:00  -  Run Local Usage
		Usr 0 04:27:59, Sys 0 00:18:18  -  Total Remote Usage
		Usr 0 00:00:00, Sys 0 00:00:00  -  Total Local Usage
	0  -  Run Bytes Sent By Job
	0  -  Run Bytes Received By Job
	0  -  Total Bytes Sent By Job
	0  -  Total Bytes Received By Job
	Partitionable Resources :    Usage  Request Allocated Assigned
	   Cpus                 :     4.38        8         8 
	   Disk (KB)            :     2     1048576   1050150 
	   GPUs                 :                 1         1 "GPU-8c3c8db2"
	   GpusMemory (MB)      :  1676                       
	   Memory (MB)          :  1562       71680     71680 
	   TimeExecute (s)      :  3887                       
	   TimeSlotBusy (s)     :  3887                       
...
000 (004.020.000) 2025-11-23 16:30:33 Job submitted from host: <10.87.28.3:9618?addrs=10.87.28.3-9618&alias=deanston.esat.kuleuven.be&noUDP&sock=schedd_1644_39c9>
...
001 (004.020.000) 2025-11-23 16:31:39 Job executing on host: <10.87.24.139:9618?addrs=10.87.24.139-9618&alias=fig.esat.kuleuven.be&noUDP&sock=startd_2107_ce23>
	SlotName: slot1_1@fig.esat.kuleuven.be
	AvailableGPUs = { GPUs_GPU_cedc718d }
	CondorScratchDir = "/usr/data/condor/execute/dir_1379181/scratch"
	Cpus = 8
	Disk = 1048576
	GPUs = 1
	GPUs_GPU_cedc718d = [ Id = "GPU-cedc718d"; ClockMhz = 1695.0; Capability = 8.6; CoresPerCU = 128; DeviceName = "NVIDIA GeForce RTX 3090"; DeviceUuid = "cedc718d-8ccd-1c5c-42ee-9f07bacbde5e"; ECCEnabled = false; ComputeUnits = 82; NvidiaDriver = "580.105.08"; DriverVersion = 13.0; DevicePciBusId = "0000:09:00.0"; GlobalMemoryMb = 24124; MaxSupportedVersion = 13000 ]
	Memory = 71680
...
006 (004.020.000) 2025-11-23 16:31:44 Image size of job updated: 288612
	282  -  MemoryUsage of job (MB)
	288612  -  ResidentSetSize of job (KB)
...
005 (004.020.000) 2025-11-23 16:31:44 Job terminated.
	(1) Normal termination (return value 0)
		Usr 0 00:00:02, Sys 0 00:00:01  -  Run Remote Usage
		Usr 0 00:00:00, Sys 0 00:00:00  -  Run Local Usage
		Usr 0 00:00:02, Sys 0 00:00:01  -  Total Remote Usage
		Usr 0 00:00:00, Sys 0 00:00:00  -  Total Local Usage
	0  -  Run Bytes Sent By Job
	0  -  Run Bytes Received By Job
	0  -  Total Bytes Sent By Job
	0  -  Total Bytes Received By Job
	Partitionable Resources :    Usage  Request Allocated Assigned
	   Cpus                 :        0        8         8 
	   Disk (KB)            :        2  1048576   1048576 
	   GPUs                 :        0        1         1 "GPU-cedc718d"
	   Memory (MB)          :      282    71680     71680 
	   TimeExecute (s)      :        5                    
	   TimeSlotBusy (s)     :        5                    
...
