000 (004.023.000) 2025-11-10 17:33:52 Job submitted from host: <10.87.28.129:9618?addrs=10.87.28.129-9618&alias=timmermans.esat.kuleuven.be&noUDP&sock=schedd_1428_1154>
...
001 (004.023.000) 2025-11-10 20:37:37 Job executing on host: <10.87.24.25:9618?addrs=10.87.24.25-9618+[--1]-9618&alias=estragon.esat.kuleuven.be&noUDP&sock=startd_2009_95db>
	SlotName: slot1_1@estragon.esat.kuleuven.be
	AvailableGPUs = { GPUs_GPU_fd0ce06a }
	CondorScratchDir = "/usr/data/condor/execute/dir_454318"
	Cpus = 8
	Disk = 1054592
	GPUs = 1
	GPUs_GPU_fd0ce06a = [ Id = "GPU-fd0ce06a"; ClockMhz = 1328.5; Capability = 6.0; CoresPerCU = 64; DeviceName = "Tesla P100-PCIE-16GB"; DeviceUuid = "fd0ce06a-713e-f0de-00ac-18e3e9780412"; ECCEnabled = true; ComputeUnits = 56; NvidiaDriver = "580.95.05"; DriverVersion = 13.0; DevicePciBusId = "0000:08:00.0"; GlobalMemoryMb = 16269; MaxSupportedVersion = 13000 ]
	Memory = 71680
...
006 (004.023.000) 2025-11-10 20:37:46 Image size of job updated: 218712
	214  -  MemoryUsage of job (MB)
	218712  -  ResidentSetSize of job (KB)
...
006 (004.023.000) 2025-11-10 20:42:46 Image size of job updated: 1432892
	1391  -  MemoryUsage of job (MB)
	1423864  -  ResidentSetSize of job (KB)
...
006 (004.023.000) 2025-11-10 20:47:46 Image size of job updated: 1446664
	1391  -  MemoryUsage of job (MB)
	1423864  -  ResidentSetSize of job (KB)
...
006 (004.023.000) 2025-11-10 20:52:47 Image size of job updated: 1474704
	1391  -  MemoryUsage of job (MB)
	1423864  -  ResidentSetSize of job (KB)
...
006 (004.023.000) 2025-11-10 21:17:49 Image size of job updated: 1474704
	1412  -  MemoryUsage of job (MB)
	1445408  -  ResidentSetSize of job (KB)
...
006 (004.023.000) 2025-11-10 21:22:49 Image size of job updated: 1474704
	1412  -  MemoryUsage of job (MB)
	1445508  -  ResidentSetSize of job (KB)
...
006 (004.023.000) 2025-11-10 22:07:54 Image size of job updated: 1474704
	1422  -  MemoryUsage of job (MB)
	1455688  -  ResidentSetSize of job (KB)
...
005 (004.023.000) 2025-11-10 22:37:28 Job terminated.
	(1) Normal termination (return value 0)
		Usr 0 06:41:09, Sys 0 00:24:19  -  Run Remote Usage
		Usr 0 00:00:00, Sys 0 00:00:00  -  Run Local Usage
		Usr 0 06:41:09, Sys 0 00:24:19  -  Total Remote Usage
		Usr 0 00:00:00, Sys 0 00:00:00  -  Total Local Usage
	0  -  Run Bytes Sent By Job
	0  -  Run Bytes Received By Job
	0  -  Total Bytes Sent By Job
	0  -  Total Bytes Received By Job
	Partitionable Resources :    Usage  Request Allocated Assigned
	   Cpus                 :     3.52        8         8 
	   Disk (KB)            :     2     1048576   1054592 
	   GPUs                 :     0.49        1         1 "GPU-fd0ce06a"
	   GpusMemory (MB)      :  1459                       
	   Memory (MB)          :  1422       71680     71680 
	   TimeExecute (s)      :  7191                       
	   TimeSlotBusy (s)     :  7191                       
...
000 (004.023.000) 2025-11-23 16:30:33 Job submitted from host: <10.87.28.3:9618?addrs=10.87.28.3-9618&alias=deanston.esat.kuleuven.be&noUDP&sock=schedd_1644_39c9>
...
001 (004.023.000) 2025-11-23 16:31:40 Job executing on host: <10.87.28.117:9618?addrs=10.87.28.117-9618&alias=stadius-nc-4.esat.kuleuven.be&noUDP&sock=startd_3356_83ed>
	SlotName: slot1_1@stadius-nc-4.esat.kuleuven.be
	AvailableGPUs = { GPUs_GPU_1236270c }
	CondorScratchDir = "/volume1/condor/execute/dir_27000"
	Cpus = 8
	Disk = 1050150
	GPUs = 1
	GPUs_GPU_1236270c = [ Id = "GPU-1236270c"; ClockMhz = 1545.0; Capability = 7.5; CoresPerCU = 64; DeviceName = "NVIDIA GeForce RTX 2080 Ti"; DeviceUuid = "1236270c-ad23-648a-e65a-80b2ab2cf0c3"; ECCEnabled = false; ComputeUnits = 68; NvidiaDriver = "570.153.02"; DriverVersion = 12.8; DevicePciBusId = "0000:25:00.0"; GlobalMemoryMb = 10823; MaxSupportedVersion = 12080 ]
	Memory = 71680
...
006 (004.023.000) 2025-11-23 16:31:46 Image size of job updated: 249352
	0  -  MemoryUsage of job (MB)
	0  -  ResidentSetSize of job (KB)
...
005 (004.023.000) 2025-11-23 16:31:46 Job terminated.
	(1) Normal termination (return value 0)
		Usr 0 00:00:03, Sys 0 00:00:01  -  Run Remote Usage
		Usr 0 00:00:00, Sys 0 00:00:00  -  Run Local Usage
		Usr 0 00:00:03, Sys 0 00:00:01  -  Total Remote Usage
		Usr 0 00:00:00, Sys 0 00:00:00  -  Total Local Usage
	0  -  Run Bytes Sent By Job
	0  -  Run Bytes Received By Job
	0  -  Total Bytes Sent By Job
	0  -  Total Bytes Received By Job
	Partitionable Resources :    Usage  Request Allocated Assigned
	   Cpus                 :        0        8         8 
	   Disk (KB)            :        2  1048576   1050150 
	   GPUs                 :        0        1         1 "GPU-1236270c"
	   Memory (MB)          :        0    71680     71680 
	   TimeExecute (s)      :        6                    
	   TimeSlotBusy (s)     :        6                    
...
