000 (004.025.000) 2025-11-10 17:33:52 Job submitted from host: <10.87.28.129:9618?addrs=10.87.28.129-9618&alias=timmermans.esat.kuleuven.be&noUDP&sock=schedd_1428_1154>
...
001 (004.025.000) 2025-11-10 21:22:58 Job executing on host: <10.87.28.117:9618?addrs=10.87.28.117-9618&alias=stadius-nc-4.esat.kuleuven.be&noUDP&sock=startd_3335_1c6f>
	SlotName: slot1_2@stadius-nc-4.esat.kuleuven.be
	AvailableGPUs = { GPUs_GPU_8c3c8db2 }
	CondorScratchDir = "/volume1/condor/execute/dir_1393065"
	Cpus = 8
	Disk = 1050150
	GPUs = 1
	GPUs_GPU_8c3c8db2 = [ Id = "GPU-8c3c8db2"; ClockMhz = 1545.0; Capability = 7.5; CoresPerCU = 64; DeviceName = "NVIDIA GeForce RTX 2080 Ti"; DeviceUuid = "8c3c8db2-06a6-9e0e-a6ee-a948fb2f7f27"; ECCEnabled = false; ComputeUnits = 68; NvidiaDriver = "570.153.02"; DriverVersion = 12.8; DevicePciBusId = "0000:5B:00.0"; GlobalMemoryMb = 10823; MaxSupportedVersion = 12080 ]
	Memory = 71680
...
006 (004.025.000) 2025-11-10 21:23:06 Image size of job updated: 368664
	361  -  MemoryUsage of job (MB)
	368664  -  ResidentSetSize of job (KB)
...
006 (004.025.000) 2025-11-10 21:28:06 Image size of job updated: 1589012
	1552  -  MemoryUsage of job (MB)
	1589012  -  ResidentSetSize of job (KB)
...
006 (004.025.000) 2025-11-10 21:33:07 Image size of job updated: 1599688
	1552  -  MemoryUsage of job (MB)
	1589012  -  ResidentSetSize of job (KB)
...
006 (004.025.000) 2025-11-10 21:38:08 Image size of job updated: 1631764
	1552  -  MemoryUsage of job (MB)
	1589012  -  ResidentSetSize of job (KB)
...
006 (004.025.000) 2025-11-10 21:48:09 Image size of job updated: 1654944
	1552  -  MemoryUsage of job (MB)
	1589012  -  ResidentSetSize of job (KB)
...
006 (004.025.000) 2025-11-10 22:18:12 Image size of job updated: 1668732
	1552  -  MemoryUsage of job (MB)
	1589012  -  ResidentSetSize of job (KB)
...
005 (004.025.000) 2025-11-10 22:20:53 Job terminated.
	(1) Normal termination (return value 0)
		Usr 0 04:00:12, Sys 0 00:16:30  -  Run Remote Usage
		Usr 0 00:00:00, Sys 0 00:00:00  -  Run Local Usage
		Usr 0 04:00:12, Sys 0 00:16:30  -  Total Remote Usage
		Usr 0 00:00:00, Sys 0 00:00:00  -  Total Local Usage
	0  -  Run Bytes Sent By Job
	0  -  Run Bytes Received By Job
	0  -  Total Bytes Sent By Job
	0  -  Total Bytes Received By Job
	Partitionable Resources :    Usage  Request Allocated Assigned
	   Cpus                 :     4.45        8         8 
	   Disk (KB)            :     2     1048576   1050150 
	   GPUs                 :     0.45        1         1 "GPU-8c3c8db2"
	   GpusMemory (MB)      :  1674                       
	   Memory (MB)          :  1552       71680     71680 
	   TimeExecute (s)      :  3474                       
	   TimeSlotBusy (s)     :  3474                       
...
000 (004.025.000) 2025-11-23 16:30:33 Job submitted from host: <10.87.28.3:9618?addrs=10.87.28.3-9618&alias=deanston.esat.kuleuven.be&noUDP&sock=schedd_1644_39c9>
...
001 (004.025.000) 2025-11-23 16:31:41 Job executing on host: <10.87.24.4:9618?addrs=10.87.24.4-9618&alias=aristoteles.esat.kuleuven.be&noUDP&sock=startd_2594_d8c2>
	SlotName: slot1_2@aristoteles.esat.kuleuven.be
	AvailableGPUs = { GPUs_GPU_30152e2d }
	CondorScratchDir = "/usr/data/condor/execute/dir_2183055/scratch"
	Cpus = 8
	Disk = 1048576
	GPUs = 1
	GPUs_GPU_30152e2d = [ Id = "GPU-30152e2d"; ClockMhz = 1410.0; Capability = 8.0; CoresPerCU = 64; DeviceName = "NVIDIA A100-SXM4-80GB"; DeviceUuid = "30152e2d-c9ad-da16-21bc-bf9b07cb3dd0"; ECCEnabled = true; ComputeUnits = 108; NvidiaDriver = "580.105.08"; DriverVersion = 13.0; DevicePciBusId = "0000:4D:00.0"; GlobalMemoryMb = 81153; MaxSupportedVersion = 13000 ]
	Memory = 71680
...
006 (004.025.000) 2025-11-23 16:31:48 Image size of job updated: 240504
	0  -  MemoryUsage of job (MB)
	0  -  ResidentSetSize of job (KB)
...
005 (004.025.000) 2025-11-23 16:31:48 Job terminated.
	(1) Normal termination (return value 0)
		Usr 0 00:00:04, Sys 0 00:00:02  -  Run Remote Usage
		Usr 0 00:00:00, Sys 0 00:00:00  -  Run Local Usage
		Usr 0 00:00:04, Sys 0 00:00:02  -  Total Remote Usage
		Usr 0 00:00:00, Sys 0 00:00:00  -  Total Local Usage
	0  -  Run Bytes Sent By Job
	0  -  Run Bytes Received By Job
	0  -  Total Bytes Sent By Job
	0  -  Total Bytes Received By Job
	Partitionable Resources :    Usage  Request Allocated Assigned
	   Cpus                 :                 8         8 
	   Disk (KB)            :        2  1048576   1048576 
	   GPUs                 :                 1         1 "GPU-30152e2d"
	   Memory (MB)          :        0    71680     71680 
	   TimeExecute (s)      :        7                    
	   TimeSlotBusy (s)     :        8                    
...
