000 (004.026.000) 2025-11-10 17:33:52 Job submitted from host: <10.87.28.129:9618?addrs=10.87.28.129-9618&alias=timmermans.esat.kuleuven.be&noUDP&sock=schedd_1428_1154>
...
001 (004.026.000) 2025-11-10 21:55:00 Job executing on host: <10.87.28.117:9618?addrs=10.87.28.117-9618&alias=stadius-nc-4.esat.kuleuven.be&noUDP&sock=startd_3335_1c6f>
	SlotName: slot1_1@stadius-nc-4.esat.kuleuven.be
	AvailableGPUs = { GPUs_GPU_1236270c }
	CondorScratchDir = "/volume1/condor/execute/dir_1394295"
	Cpus = 8
	Disk = 1050150
	GPUs = 1
	GPUs_GPU_1236270c = [ Id = "GPU-1236270c"; ClockMhz = 1545.0; Capability = 7.5; CoresPerCU = 64; DeviceName = "NVIDIA GeForce RTX 2080 Ti"; DeviceUuid = "1236270c-ad23-648a-e65a-80b2ab2cf0c3"; ECCEnabled = false; ComputeUnits = 68; NvidiaDriver = "570.153.02"; DriverVersion = 12.8; DevicePciBusId = "0000:25:00.0"; GlobalMemoryMb = 10823; MaxSupportedVersion = 12080 ]
	Memory = 71680
...
006 (004.026.000) 2025-11-10 21:55:08 Image size of job updated: 430056
	420  -  MemoryUsage of job (MB)
	430056  -  ResidentSetSize of job (KB)
...
006 (004.026.000) 2025-11-10 22:00:08 Image size of job updated: 1575564
	1519  -  MemoryUsage of job (MB)
	1555424  -  ResidentSetSize of job (KB)
...
006 (004.026.000) 2025-11-10 22:10:09 Image size of job updated: 1598712
	1519  -  MemoryUsage of job (MB)
	1555424  -  ResidentSetSize of job (KB)
...
006 (004.026.000) 2025-11-10 22:15:09 Image size of job updated: 1601292
	1519  -  MemoryUsage of job (MB)
	1555424  -  ResidentSetSize of job (KB)
...
006 (004.026.000) 2025-11-10 22:25:10 Image size of job updated: 1608024
	1519  -  MemoryUsage of job (MB)
	1555424  -  ResidentSetSize of job (KB)
...
006 (004.026.000) 2025-11-10 22:30:11 Image size of job updated: 1617888
	1519  -  MemoryUsage of job (MB)
	1555424  -  ResidentSetSize of job (KB)
...
006 (004.026.000) 2025-11-10 22:50:13 Image size of job updated: 1620276
	1519  -  MemoryUsage of job (MB)
	1555424  -  ResidentSetSize of job (KB)
...
006 (004.026.000) 2025-11-10 23:00:14 Image size of job updated: 1620276
	1523  -  MemoryUsage of job (MB)
	1559464  -  ResidentSetSize of job (KB)
...
006 (004.026.000) 2025-11-10 23:05:14 Image size of job updated: 1620432
	1566  -  MemoryUsage of job (MB)
	1603088  -  ResidentSetSize of job (KB)
...
005 (004.026.000) 2025-11-10 23:09:12 Job terminated.
	(1) Normal termination (return value 0)
		Usr 0 05:08:43, Sys 0 00:20:06  -  Run Remote Usage
		Usr 0 00:00:00, Sys 0 00:00:00  -  Run Local Usage
		Usr 0 05:08:43, Sys 0 00:20:06  -  Total Remote Usage
		Usr 0 00:00:00, Sys 0 00:00:00  -  Total Local Usage
	0  -  Run Bytes Sent By Job
	0  -  Run Bytes Received By Job
	0  -  Total Bytes Sent By Job
	0  -  Total Bytes Received By Job
	Partitionable Resources :    Usage  Request Allocated Assigned
	   Cpus                 :     4.48        8         8 
	   Disk (KB)            :     2     1048576   1050150 
	   GPUs                 :     0.45        1         1 "GPU-1236270c"
	   GpusMemory (MB)      :  1676                       
	   Memory (MB)          :  1566       71680     71680 
	   TimeExecute (s)      :  4452                       
	   TimeSlotBusy (s)     :  4453                       
...
000 (004.026.000) 2025-11-23 16:30:33 Job submitted from host: <10.87.28.3:9618?addrs=10.87.28.3-9618&alias=deanston.esat.kuleuven.be&noUDP&sock=schedd_1644_39c9>
...
001 (004.026.000) 2025-11-23 16:31:41 Job executing on host: <10.87.24.4:9618?addrs=10.87.24.4-9618&alias=aristoteles.esat.kuleuven.be&noUDP&sock=startd_2594_d8c2>
	SlotName: slot1_3@aristoteles.esat.kuleuven.be
	AvailableGPUs = { GPUs_GPU_edd4a9d8 }
	CondorScratchDir = "/usr/data/condor/execute/dir_2183056/scratch"
	Cpus = 8
	Disk = 1048576
	GPUs = 1
	GPUs_GPU_edd4a9d8 = [ Id = "GPU-edd4a9d8"; ClockMhz = 1410.0; Capability = 8.0; CoresPerCU = 64; DeviceName = "NVIDIA A100-SXM4-80GB"; DeviceUuid = "edd4a9d8-371c-bb9a-e898-24b94b410094"; ECCEnabled = true; ComputeUnits = 108; NvidiaDriver = "580.105.08"; DriverVersion = 13.0; DevicePciBusId = "0000:8D:00.0"; GlobalMemoryMb = 81153; MaxSupportedVersion = 13000 ]
	Memory = 71680
...
006 (004.026.000) 2025-11-23 16:31:48 Image size of job updated: 240500
	0  -  MemoryUsage of job (MB)
	0  -  ResidentSetSize of job (KB)
...
005 (004.026.000) 2025-11-23 16:31:48 Job terminated.
	(1) Normal termination (return value 0)
		Usr 0 00:00:04, Sys 0 00:00:02  -  Run Remote Usage
		Usr 0 00:00:00, Sys 0 00:00:00  -  Run Local Usage
		Usr 0 00:00:04, Sys 0 00:00:02  -  Total Remote Usage
		Usr 0 00:00:00, Sys 0 00:00:00  -  Total Local Usage
	0  -  Run Bytes Sent By Job
	0  -  Run Bytes Received By Job
	0  -  Total Bytes Sent By Job
	0  -  Total Bytes Received By Job
	Partitionable Resources :    Usage  Request Allocated Assigned
	   Cpus                 :                 8         8 
	   Disk (KB)            :        2  1048576   1048576 
	   GPUs                 :                 1         1 "GPU-edd4a9d8"
	   Memory (MB)          :        0    71680     71680 
	   TimeExecute (s)      :        7                    
	   TimeSlotBusy (s)     :        7                    
...
