000 (004.028.000) 2025-11-10 17:33:52 Job submitted from host: <10.87.28.129:9618?addrs=10.87.28.129-9618&alias=timmermans.esat.kuleuven.be&noUDP&sock=schedd_1428_1154>
...
001 (004.028.000) 2025-11-10 22:21:03 Job executing on host: <10.87.28.117:9618?addrs=10.87.28.117-9618&alias=stadius-nc-4.esat.kuleuven.be&noUDP&sock=startd_3335_1c6f>
	SlotName: slot1_2@stadius-nc-4.esat.kuleuven.be
	AvailableGPUs = { GPUs_GPU_8c3c8db2 }
	CondorScratchDir = "/volume1/condor/execute/dir_1395234"
	Cpus = 8
	Disk = 1050150
	GPUs = 1
	GPUs_GPU_8c3c8db2 = [ Id = "GPU-8c3c8db2"; ClockMhz = 1545.0; Capability = 7.5; CoresPerCU = 64; DeviceName = "NVIDIA GeForce RTX 2080 Ti"; DeviceUuid = "8c3c8db2-06a6-9e0e-a6ee-a948fb2f7f27"; ECCEnabled = false; ComputeUnits = 68; NvidiaDriver = "570.153.02"; DriverVersion = 12.8; DevicePciBusId = "0000:5B:00.0"; GlobalMemoryMb = 10823; MaxSupportedVersion = 12080 ]
	Memory = 71680
...
006 (004.028.000) 2025-11-10 22:21:11 Image size of job updated: 341984
	334  -  MemoryUsage of job (MB)
	341984  -  ResidentSetSize of job (KB)
...
006 (004.028.000) 2025-11-10 22:26:11 Image size of job updated: 1555080
	1489  -  MemoryUsage of job (MB)
	1524616  -  ResidentSetSize of job (KB)
...
006 (004.028.000) 2025-11-10 22:31:12 Image size of job updated: 1611524
	1574  -  MemoryUsage of job (MB)
	1611524  -  ResidentSetSize of job (KB)
...
006 (004.028.000) 2025-11-10 22:36:12 Image size of job updated: 1653472
	1615  -  MemoryUsage of job (MB)
	1653472  -  ResidentSetSize of job (KB)
...
006 (004.028.000) 2025-11-10 22:41:12 Image size of job updated: 1653728
	1615  -  MemoryUsage of job (MB)
	1653472  -  ResidentSetSize of job (KB)
...
006 (004.028.000) 2025-11-10 22:46:13 Image size of job updated: 1660252
	1615  -  MemoryUsage of job (MB)
	1653472  -  ResidentSetSize of job (KB)
...
006 (004.028.000) 2025-11-10 22:51:13 Image size of job updated: 1663312
	1615  -  MemoryUsage of job (MB)
	1653472  -  ResidentSetSize of job (KB)
...
006 (004.028.000) 2025-11-10 22:56:14 Image size of job updated: 1665392
	1615  -  MemoryUsage of job (MB)
	1653472  -  ResidentSetSize of job (KB)
...
006 (004.028.000) 2025-11-10 23:01:15 Image size of job updated: 1665588
	1615  -  MemoryUsage of job (MB)
	1653472  -  ResidentSetSize of job (KB)
...
006 (004.028.000) 2025-11-10 23:06:15 Image size of job updated: 1665772
	1615  -  MemoryUsage of job (MB)
	1653472  -  ResidentSetSize of job (KB)
...
006 (004.028.000) 2025-11-10 23:11:16 Image size of job updated: 1665960
	1615  -  MemoryUsage of job (MB)
	1653472  -  ResidentSetSize of job (KB)
...
005 (004.028.000) 2025-11-10 23:18:28 Job terminated.
	(1) Normal termination (return value 0)
		Usr 0 03:57:16, Sys 0 00:16:19  -  Run Remote Usage
		Usr 0 00:00:00, Sys 0 00:00:00  -  Run Local Usage
		Usr 0 03:57:16, Sys 0 00:16:19  -  Total Remote Usage
		Usr 0 00:00:00, Sys 0 00:00:00  -  Total Local Usage
	0  -  Run Bytes Sent By Job
	0  -  Run Bytes Received By Job
	0  -  Total Bytes Sent By Job
	0  -  Total Bytes Received By Job
	Partitionable Resources :    Usage  Request Allocated Assigned
	   Cpus                 :     4.35        8         8 
	   Disk (KB)            :     2     1048576   1050150 
	   GPUs                 :     0.46        1         1 "GPU-8c3c8db2"
	   GpusMemory (MB)      :  1674                       
	   Memory (MB)          :  1615       71680     71680 
	   TimeExecute (s)      :  3445                       
	   TimeSlotBusy (s)     :  3445                       
...
000 (004.028.000) 2025-11-23 16:30:33 Job submitted from host: <10.87.28.3:9618?addrs=10.87.28.3-9618&alias=deanston.esat.kuleuven.be&noUDP&sock=schedd_1644_39c9>
...
001 (004.028.000) 2025-11-23 16:31:44 Job executing on host: <10.87.24.25:9618?addrs=10.87.24.25-9618+[--1]-9618&alias=estragon.esat.kuleuven.be&noUDP&sock=startd_2090_2506>
	SlotName: slot1_2@estragon.esat.kuleuven.be
	AvailableGPUs = { GPUs_GPU_c7741362 }
	CondorScratchDir = "/usr/data/condor/execute/dir_199057/scratch"
	Cpus = 8
	Disk = 1048576
	GPUs = 1
	GPUs_GPU_c7741362 = [ Id = "GPU-c7741362"; ClockMhz = 1328.5; Capability = 6.0; CoresPerCU = 64; DeviceName = "Tesla P100-PCIE-16GB"; DeviceUuid = "c7741362-0fc2-057f-631c-ffc90d1eb010"; ECCEnabled = true; ComputeUnits = 56; NvidiaDriver = "580.105.08"; DriverVersion = 13.0; DevicePciBusId = "0000:0B:00.0"; GlobalMemoryMb = 16269; MaxSupportedVersion = 13000 ]
	Memory = 71680
...
006 (004.028.000) 2025-11-23 16:31:52 Image size of job updated: 230584
	226  -  MemoryUsage of job (MB)
	230584  -  ResidentSetSize of job (KB)
...
006 (004.028.000) 2025-11-23 16:31:55 Image size of job updated: 271852
	226  -  MemoryUsage of job (MB)
	230584  -  ResidentSetSize of job (KB)
...
005 (004.028.000) 2025-11-23 16:31:55 Job terminated.
	(1) Normal termination (return value 0)
		Usr 0 00:00:07, Sys 0 00:00:02  -  Run Remote Usage
		Usr 0 00:00:00, Sys 0 00:00:00  -  Run Local Usage
		Usr 0 00:00:07, Sys 0 00:00:02  -  Total Remote Usage
		Usr 0 00:00:00, Sys 0 00:00:00  -  Total Local Usage
	0  -  Run Bytes Sent By Job
	0  -  Run Bytes Received By Job
	0  -  Total Bytes Sent By Job
	0  -  Total Bytes Received By Job
	Partitionable Resources :    Usage  Request Allocated Assigned
	   Cpus                 :                 8         8 
	   Disk (KB)            :        2  1048576   1048576 
	   GPUs                 :                 1         1 "GPU-c7741362"
	   Memory (MB)          :      226    71680     71680 
	   TimeExecute (s)      :       11                    
	   TimeSlotBusy (s)     :       12                    
...
