000 (004.032.000) 2025-11-10 17:33:52 Job submitted from host: <10.87.28.129:9618?addrs=10.87.28.129-9618&alias=timmermans.esat.kuleuven.be&noUDP&sock=schedd_1428_1154>
...
001 (004.032.000) 2025-11-10 23:18:40 Job executing on host: <10.87.28.117:9618?addrs=10.87.28.117-9618&alias=stadius-nc-4.esat.kuleuven.be&noUDP&sock=startd_3335_1c6f>
	SlotName: slot1_2@stadius-nc-4.esat.kuleuven.be
	AvailableGPUs = { GPUs_GPU_8c3c8db2 }
	CondorScratchDir = "/volume1/condor/execute/dir_1397110"
	Cpus = 8
	Disk = 1050150
	GPUs = 1
	GPUs_GPU_8c3c8db2 = [ Id = "GPU-8c3c8db2"; ClockMhz = 1545.0; Capability = 7.5; CoresPerCU = 64; DeviceName = "NVIDIA GeForce RTX 2080 Ti"; DeviceUuid = "8c3c8db2-06a6-9e0e-a6ee-a948fb2f7f27"; ECCEnabled = false; ComputeUnits = 68; NvidiaDriver = "570.153.02"; DriverVersion = 12.8; DevicePciBusId = "0000:5B:00.0"; GlobalMemoryMb = 10823; MaxSupportedVersion = 12080 ]
	Memory = 71680
...
006 (004.032.000) 2025-11-10 23:18:48 Image size of job updated: 344220
	337  -  MemoryUsage of job (MB)
	344220  -  ResidentSetSize of job (KB)
...
006 (004.032.000) 2025-11-10 23:23:48 Image size of job updated: 1559284
	1468  -  MemoryUsage of job (MB)
	1502832  -  ResidentSetSize of job (KB)
...
006 (004.032.000) 2025-11-10 23:28:49 Image size of job updated: 1599072
	1562  -  MemoryUsage of job (MB)
	1599072  -  ResidentSetSize of job (KB)
...
006 (004.032.000) 2025-11-10 23:33:49 Image size of job updated: 1616424
	1562  -  MemoryUsage of job (MB)
	1599072  -  ResidentSetSize of job (KB)
...
006 (004.032.000) 2025-11-10 23:43:51 Image size of job updated: 1625872
	1562  -  MemoryUsage of job (MB)
	1599072  -  ResidentSetSize of job (KB)
...
006 (004.032.000) 2025-11-10 23:53:52 Image size of job updated: 1632796
	1562  -  MemoryUsage of job (MB)
	1599072  -  ResidentSetSize of job (KB)
...
006 (004.032.000) 2025-11-10 23:58:52 Image size of job updated: 1633008
	1562  -  MemoryUsage of job (MB)
	1599072  -  ResidentSetSize of job (KB)
...
006 (004.032.000) 2025-11-11 00:03:52 Image size of job updated: 1644288
	1562  -  MemoryUsage of job (MB)
	1599072  -  ResidentSetSize of job (KB)
...
006 (004.032.000) 2025-11-11 00:08:53 Image size of job updated: 1645668
	1564  -  MemoryUsage of job (MB)
	1600524  -  ResidentSetSize of job (KB)
...
005 (004.032.000) 2025-11-11 00:47:56 Job terminated.
	(1) Normal termination (return value 0)
		Usr 0 06:08:55, Sys 0 00:25:26  -  Run Remote Usage
		Usr 0 00:00:00, Sys 0 00:00:00  -  Run Local Usage
		Usr 0 06:08:55, Sys 0 00:25:26  -  Total Remote Usage
		Usr 0 00:00:00, Sys 0 00:00:00  -  Total Local Usage
	0  -  Run Bytes Sent By Job
	0  -  Run Bytes Received By Job
	0  -  Total Bytes Sent By Job
	0  -  Total Bytes Received By Job
	Partitionable Resources :    Usage  Request Allocated Assigned
	   Cpus                 :     4.39        8         8 
	   Disk (KB)            :     2     1048576   1050150 
	   GPUs                 :     0.46        1         1 "GPU-8c3c8db2"
	   GpusMemory (MB)      :  1676                       
	   Memory (MB)          :  1564       71680     71680 
	   TimeExecute (s)      :  5355                       
	   TimeSlotBusy (s)     :  5355                       
...
000 (004.032.000) 2025-11-23 16:30:33 Job submitted from host: <10.87.28.3:9618?addrs=10.87.28.3-9618&alias=deanston.esat.kuleuven.be&noUDP&sock=schedd_1644_39c9>
...
001 (004.032.000) 2025-11-23 16:31:46 Job executing on host: <10.87.24.140:9618?addrs=10.87.24.140-9618&alias=hawberry.esat.kuleuven.be&noUDP&sock=startd_2130_94d0>
	SlotName: slot1_1@hawberry.esat.kuleuven.be
	AvailableGPUs = { GPUs_GPU_6bf32b01 }
	CondorScratchDir = "/usr/data/condor/execute/dir_721572/scratch"
	Cpus = 8
	Disk = 1048576
	GPUs = 1
	GPUs_GPU_6bf32b01 = [ Id = "GPU-6bf32b01"; ClockMhz = 1695.0; Capability = 8.6; CoresPerCU = 128; DeviceName = "NVIDIA GeForce RTX 3090"; DeviceUuid = "6bf32b01-56ae-80bd-52e0-98456c572cb9"; ECCEnabled = false; ComputeUnits = 82; NvidiaDriver = "580.105.08"; DriverVersion = 13.0; DevicePciBusId = "0000:09:00.0"; GlobalMemoryMb = 24124; MaxSupportedVersion = 13000 ]
	Memory = 71680
...
006 (004.032.000) 2025-11-23 16:31:52 Image size of job updated: 266868
	0  -  MemoryUsage of job (MB)
	0  -  ResidentSetSize of job (KB)
...
005 (004.032.000) 2025-11-23 16:31:52 Job terminated.
	(1) Normal termination (return value 0)
		Usr 0 00:00:03, Sys 0 00:00:01  -  Run Remote Usage
		Usr 0 00:00:00, Sys 0 00:00:00  -  Run Local Usage
		Usr 0 00:00:03, Sys 0 00:00:01  -  Total Remote Usage
		Usr 0 00:00:00, Sys 0 00:00:00  -  Total Local Usage
	0  -  Run Bytes Sent By Job
	0  -  Run Bytes Received By Job
	0  -  Total Bytes Sent By Job
	0  -  Total Bytes Received By Job
	Partitionable Resources :    Usage  Request Allocated Assigned
	   Cpus                 :        0        8         8 
	   Disk (KB)            :        2  1048576   1048576 
	   GPUs                 :        0        1         1 "GPU-6bf32b01"
	   Memory (MB)          :        0    71680     71680 
	   TimeExecute (s)      :        6                    
	   TimeSlotBusy (s)     :        6                    
...
