000 (004.033.000) 2025-11-10 17:33:52 Job submitted from host: <10.87.28.129:9618?addrs=10.87.28.129-9618&alias=timmermans.esat.kuleuven.be&noUDP&sock=schedd_1428_1154>
...
001 (004.033.000) 2025-11-11 00:31:23 Job executing on host: <10.87.24.4:9618?addrs=10.87.24.4-9618&alias=aristoteles.esat.kuleuven.be&noUDP&sock=startd_12050_e04e>
	SlotName: slot1_2@aristoteles.esat.kuleuven.be
	AvailableGPUs = { GPUs_GPU_edd4a9d8 }
	CondorScratchDir = "/usr/data/condor/execute/dir_2567778"
	Cpus = 8
	Disk = 1050529
	GPUs = 1
	GPUs_GPU_edd4a9d8 = [ Id = "GPU-edd4a9d8"; ClockMhz = 1410.0; Capability = 8.0; CoresPerCU = 64; DeviceName = "NVIDIA A100-SXM4-80GB"; DeviceUuid = "edd4a9d8-371c-bb9a-e898-24b94b410094"; ECCEnabled = true; ComputeUnits = 108; NvidiaDriver = "580.95.05"; DriverVersion = 13.0; DevicePciBusId = "0000:8D:00.0"; GlobalMemoryMb = 81153; MaxSupportedVersion = 13000 ]
	Memory = 71680
...
006 (004.033.000) 2025-11-11 00:31:31 Image size of job updated: 213772
	209  -  MemoryUsage of job (MB)
	213772  -  ResidentSetSize of job (KB)
...
006 (004.033.000) 2025-11-11 00:36:31 Image size of job updated: 1524468
	1434  -  MemoryUsage of job (MB)
	1468024  -  ResidentSetSize of job (KB)
...
006 (004.033.000) 2025-11-11 00:41:32 Image size of job updated: 1569856
	1507  -  MemoryUsage of job (MB)
	1542760  -  ResidentSetSize of job (KB)
...
006 (004.033.000) 2025-11-11 00:46:32 Image size of job updated: 1569856
	1526  -  MemoryUsage of job (MB)
	1562560  -  ResidentSetSize of job (KB)
...
006 (004.033.000) 2025-11-11 00:56:34 Image size of job updated: 1589544
	1526  -  MemoryUsage of job (MB)
	1562560  -  ResidentSetSize of job (KB)
...
006 (004.033.000) 2025-11-11 01:21:36 Image size of job updated: 1605036
	1526  -  MemoryUsage of job (MB)
	1562560  -  ResidentSetSize of job (KB)
...
006 (004.033.000) 2025-11-11 01:26:36 Image size of job updated: 1605036
	1527  -  MemoryUsage of job (MB)
	1562824  -  ResidentSetSize of job (KB)
...
006 (004.033.000) 2025-11-11 01:31:37 Image size of job updated: 1605036
	1527  -  MemoryUsage of job (MB)
	1562980  -  ResidentSetSize of job (KB)
...
006 (004.033.000) 2025-11-11 01:46:39 Image size of job updated: 1605036
	1528  -  MemoryUsage of job (MB)
	1564216  -  ResidentSetSize of job (KB)
...
006 (004.033.000) 2025-11-11 01:51:39 Image size of job updated: 1605036
	1528  -  MemoryUsage of job (MB)
	1564380  -  ResidentSetSize of job (KB)
...
006 (004.033.000) 2025-11-11 01:56:39 Image size of job updated: 1605036
	1528  -  MemoryUsage of job (MB)
	1564452  -  ResidentSetSize of job (KB)
...
006 (004.033.000) 2025-11-11 02:16:42 Image size of job updated: 1619660
	1528  -  MemoryUsage of job (MB)
	1564452  -  ResidentSetSize of job (KB)
...
005 (004.033.000) 2025-11-11 02:22:23 Job terminated.
	(1) Normal termination (return value 0)
		Usr 0 09:34:33, Sys 0 00:20:04  -  Run Remote Usage
		Usr 0 00:00:00, Sys 0 00:00:00  -  Run Local Usage
		Usr 0 09:34:33, Sys 0 00:20:04  -  Total Remote Usage
		Usr 0 00:00:00, Sys 0 00:00:00  -  Total Local Usage
	0  -  Run Bytes Sent By Job
	0  -  Run Bytes Received By Job
	0  -  Total Bytes Sent By Job
	0  -  Total Bytes Received By Job
	Partitionable Resources :    Usage  Request Allocated Assigned
	   Cpus                 :     5.44        8         8 
	   Disk (KB)            :     2     1048576   1050529 
	   GPUs                 :                 1         1 "GPU-edd4a9d8"
	   Memory (MB)          :  1528       71680     71680 
	   TimeExecute (s)      :  6659                       
	   TimeSlotBusy (s)     :  6659                       
...
000 (004.033.000) 2025-11-23 16:30:33 Job submitted from host: <10.87.28.3:9618?addrs=10.87.28.3-9618&alias=deanston.esat.kuleuven.be&noUDP&sock=schedd_1644_39c9>
...
001 (004.033.000) 2025-11-23 16:31:46 Job executing on host: <10.87.28.117:9618?addrs=10.87.28.117-9618&alias=stadius-nc-4.esat.kuleuven.be&noUDP&sock=startd_3356_83ed>
	SlotName: slot1_2@stadius-nc-4.esat.kuleuven.be
	AvailableGPUs = { GPUs_GPU_8c3c8db2 }
	CondorScratchDir = "/volume1/condor/execute/dir_27074"
	Cpus = 8
	Disk = 1050150
	GPUs = 1
	GPUs_GPU_8c3c8db2 = [ Id = "GPU-8c3c8db2"; ClockMhz = 1545.0; Capability = 7.5; CoresPerCU = 64; DeviceName = "NVIDIA GeForce RTX 2080 Ti"; DeviceUuid = "8c3c8db2-06a6-9e0e-a6ee-a948fb2f7f27"; ECCEnabled = false; ComputeUnits = 68; NvidiaDriver = "570.153.02"; DriverVersion = 12.8; DevicePciBusId = "0000:5B:00.0"; GlobalMemoryMb = 10823; MaxSupportedVersion = 12080 ]
	Memory = 71680
...
006 (004.033.000) 2025-11-23 16:31:52 Image size of job updated: 259568
	0  -  MemoryUsage of job (MB)
	0  -  ResidentSetSize of job (KB)
...
005 (004.033.000) 2025-11-23 16:31:52 Job terminated.
	(1) Normal termination (return value 0)
		Usr 0 00:00:03, Sys 0 00:00:01  -  Run Remote Usage
		Usr 0 00:00:00, Sys 0 00:00:00  -  Run Local Usage
		Usr 0 00:00:03, Sys 0 00:00:01  -  Total Remote Usage
		Usr 0 00:00:00, Sys 0 00:00:00  -  Total Local Usage
	0  -  Run Bytes Sent By Job
	0  -  Run Bytes Received By Job
	0  -  Total Bytes Sent By Job
	0  -  Total Bytes Received By Job
	Partitionable Resources :    Usage  Request Allocated Assigned
	   Cpus                 :        0        8         8 
	   Disk (KB)            :        2  1048576   1050150 
	   GPUs                 :        0        1         1 "GPU-8c3c8db2"
	   Memory (MB)          :        0    71680     71680 
	   TimeExecute (s)      :        6                    
	   TimeSlotBusy (s)     :        6                    
...
