000 (004.034.000) 2025-11-10 17:33:52 Job submitted from host: <10.87.28.129:9618?addrs=10.87.28.129-9618&alias=timmermans.esat.kuleuven.be&noUDP&sock=schedd_1428_1154>
...
001 (004.034.000) 2025-11-11 00:48:22 Job executing on host: <10.87.28.117:9618?addrs=10.87.28.117-9618&alias=stadius-nc-4.esat.kuleuven.be&noUDP&sock=startd_3335_1c6f>
	SlotName: slot1_2@stadius-nc-4.esat.kuleuven.be
	AvailableGPUs = { GPUs_GPU_8c3c8db2 }
	CondorScratchDir = "/volume1/condor/execute/dir_1399745"
	Cpus = 8
	Disk = 1050150
	GPUs = 1
	GPUs_GPU_8c3c8db2 = [ Id = "GPU-8c3c8db2"; ClockMhz = 1545.0; Capability = 7.5; CoresPerCU = 64; DeviceName = "NVIDIA GeForce RTX 2080 Ti"; DeviceUuid = "8c3c8db2-06a6-9e0e-a6ee-a948fb2f7f27"; ECCEnabled = false; ComputeUnits = 68; NvidiaDriver = "570.153.02"; DriverVersion = 12.8; DevicePciBusId = "0000:5B:00.0"; GlobalMemoryMb = 10823; MaxSupportedVersion = 12080 ]
	Memory = 71680
...
006 (004.034.000) 2025-11-11 00:48:31 Image size of job updated: 295272
	289  -  MemoryUsage of job (MB)
	295272  -  ResidentSetSize of job (KB)
...
006 (004.034.000) 2025-11-11 00:53:32 Image size of job updated: 1568596
	1477  -  MemoryUsage of job (MB)
	1512144  -  ResidentSetSize of job (KB)
...
006 (004.034.000) 2025-11-11 00:58:32 Image size of job updated: 1603200
	1516  -  MemoryUsage of job (MB)
	1551972  -  ResidentSetSize of job (KB)
...
006 (004.034.000) 2025-11-11 01:03:33 Image size of job updated: 1640216
	1516  -  MemoryUsage of job (MB)
	1551972  -  ResidentSetSize of job (KB)
...
006 (004.034.000) 2025-11-11 01:13:33 Image size of job updated: 1652480
	1516  -  MemoryUsage of job (MB)
	1551972  -  ResidentSetSize of job (KB)
...
006 (004.034.000) 2025-11-11 01:18:34 Image size of job updated: 1656836
	1516  -  MemoryUsage of job (MB)
	1551972  -  ResidentSetSize of job (KB)
...
006 (004.034.000) 2025-11-11 01:43:37 Image size of job updated: 1656836
	1536  -  MemoryUsage of job (MB)
	1572004  -  ResidentSetSize of job (KB)
...
006 (004.034.000) 2025-11-11 01:53:38 Image size of job updated: 1656836
	1540  -  MemoryUsage of job (MB)
	1576104  -  ResidentSetSize of job (KB)
...
006 (004.034.000) 2025-11-11 01:58:39 Image size of job updated: 1656836
	1540  -  MemoryUsage of job (MB)
	1576248  -  ResidentSetSize of job (KB)
...
005 (004.034.000) 2025-11-11 02:05:21 Job terminated.
	(1) Normal termination (return value 0)
		Usr 0 05:19:07, Sys 0 00:21:50  -  Run Remote Usage
		Usr 0 00:00:00, Sys 0 00:00:00  -  Run Local Usage
		Usr 0 05:19:07, Sys 0 00:21:50  -  Total Remote Usage
		Usr 0 00:00:00, Sys 0 00:00:00  -  Total Local Usage
	0  -  Run Bytes Sent By Job
	0  -  Run Bytes Received By Job
	0  -  Total Bytes Sent By Job
	0  -  Total Bytes Received By Job
	Partitionable Resources :    Usage  Request Allocated Assigned
	   Cpus                 :     4.45        8         8 
	   Disk (KB)            :     2     1048576   1050150 
	   GPUs                 :                 1         1 "GPU-8c3c8db2"
	   GpusMemory (MB)      :  1674                       
	   Memory (MB)          :  1540       71680     71680 
	   TimeExecute (s)      :  4619                       
	   TimeSlotBusy (s)     :  4619                       
...
000 (004.034.000) 2025-11-23 16:30:33 Job submitted from host: <10.87.28.3:9618?addrs=10.87.28.3-9618&alias=deanston.esat.kuleuven.be&noUDP&sock=schedd_1644_39c9>
...
001 (004.034.000) 2025-11-23 16:31:46 Job executing on host: <10.87.28.117:9618?addrs=10.87.28.117-9618&alias=stadius-nc-4.esat.kuleuven.be&noUDP&sock=startd_3356_83ed>
	SlotName: slot1_1@stadius-nc-4.esat.kuleuven.be
	AvailableGPUs = { GPUs_GPU_1236270c }
	CondorScratchDir = "/volume1/condor/execute/dir_27075"
	Cpus = 8
	Disk = 1050150
	GPUs = 1
	GPUs_GPU_1236270c = [ Id = "GPU-1236270c"; ClockMhz = 1545.0; Capability = 7.5; CoresPerCU = 64; DeviceName = "NVIDIA GeForce RTX 2080 Ti"; DeviceUuid = "1236270c-ad23-648a-e65a-80b2ab2cf0c3"; ECCEnabled = false; ComputeUnits = 68; NvidiaDriver = "570.153.02"; DriverVersion = 12.8; DevicePciBusId = "0000:25:00.0"; GlobalMemoryMb = 10823; MaxSupportedVersion = 12080 ]
	Memory = 71680
...
006 (004.034.000) 2025-11-23 16:31:52 Image size of job updated: 260724
	0  -  MemoryUsage of job (MB)
	0  -  ResidentSetSize of job (KB)
...
005 (004.034.000) 2025-11-23 16:31:52 Job terminated.
	(1) Normal termination (return value 0)
		Usr 0 00:00:03, Sys 0 00:00:01  -  Run Remote Usage
		Usr 0 00:00:00, Sys 0 00:00:00  -  Run Local Usage
		Usr 0 00:00:03, Sys 0 00:00:01  -  Total Remote Usage
		Usr 0 00:00:00, Sys 0 00:00:00  -  Total Local Usage
	0  -  Run Bytes Sent By Job
	0  -  Run Bytes Received By Job
	0  -  Total Bytes Sent By Job
	0  -  Total Bytes Received By Job
	Partitionable Resources :    Usage  Request Allocated Assigned
	   Cpus                 :        0        8         8 
	   Disk (KB)            :        2  1048576   1050150 
	   GPUs                 :        0        1         1 "GPU-1236270c"
	   Memory (MB)          :        0    71680     71680 
	   TimeExecute (s)      :        6                    
	   TimeSlotBusy (s)     :        6                    
...
