000 (005.010.000) 2025-11-10 20:12:36 Job submitted from host: <10.87.28.129:9618?addrs=10.87.28.129-9618&alias=timmermans.esat.kuleuven.be&noUDP&sock=schedd_1428_1154>
...
001 (005.010.000) 2025-11-11 03:02:35 Job executing on host: <10.87.28.117:9618?addrs=10.87.28.117-9618&alias=stadius-nc-4.esat.kuleuven.be&noUDP&sock=startd_3335_1c6f>
	SlotName: slot1_2@stadius-nc-4.esat.kuleuven.be
	AvailableGPUs = { GPUs_GPU_8c3c8db2 }
	CondorScratchDir = "/volume1/condor/execute/dir_1404266"
	Cpus = 8
	Disk = 1050150
	GPUs = 1
	GPUs_GPU_8c3c8db2 = [ Id = "GPU-8c3c8db2"; ClockMhz = 1545.0; Capability = 7.5; CoresPerCU = 64; DeviceName = "NVIDIA GeForce RTX 2080 Ti"; DeviceUuid = "8c3c8db2-06a6-9e0e-a6ee-a948fb2f7f27"; ECCEnabled = false; ComputeUnits = 68; NvidiaDriver = "570.153.02"; DriverVersion = 12.8; DevicePciBusId = "0000:5B:00.0"; GlobalMemoryMb = 10823; MaxSupportedVersion = 12080 ]
	Memory = 71680
...
006 (005.010.000) 2025-11-11 03:02:44 Image size of job updated: 462820
	452  -  MemoryUsage of job (MB)
	462820  -  ResidentSetSize of job (KB)
...
006 (005.010.000) 2025-11-11 03:07:45 Image size of job updated: 1554272
	1487  -  MemoryUsage of job (MB)
	1521768  -  ResidentSetSize of job (KB)
...
006 (005.010.000) 2025-11-11 03:12:45 Image size of job updated: 1608848
	1517  -  MemoryUsage of job (MB)
	1552396  -  ResidentSetSize of job (KB)
...
006 (005.010.000) 2025-11-11 03:17:45 Image size of job updated: 1610240
	1517  -  MemoryUsage of job (MB)
	1552396  -  ResidentSetSize of job (KB)
...
006 (005.010.000) 2025-11-11 03:27:46 Image size of job updated: 1617648
	1517  -  MemoryUsage of job (MB)
	1552396  -  ResidentSetSize of job (KB)
...
006 (005.010.000) 2025-11-11 03:32:47 Image size of job updated: 1633220
	1517  -  MemoryUsage of job (MB)
	1552396  -  ResidentSetSize of job (KB)
...
006 (005.010.000) 2025-11-11 03:37:48 Image size of job updated: 1633408
	1541  -  MemoryUsage of job (MB)
	1577024  -  ResidentSetSize of job (KB)
...
006 (005.010.000) 2025-11-11 03:42:48 Image size of job updated: 1633588
	1541  -  MemoryUsage of job (MB)
	1577208  -  ResidentSetSize of job (KB)
...
006 (005.010.000) 2025-11-11 03:47:49 Image size of job updated: 1635616
	1541  -  MemoryUsage of job (MB)
	1577208  -  ResidentSetSize of job (KB)
...
006 (005.010.000) 2025-11-11 03:52:49 Image size of job updated: 1688020
	1541  -  MemoryUsage of job (MB)
	1577208  -  ResidentSetSize of job (KB)
...
005 (005.010.000) 2025-11-11 03:55:04 Job terminated.
	(1) Normal termination (return value 0)
		Usr 0 03:36:13, Sys 0 00:14:56  -  Run Remote Usage
		Usr 0 00:00:00, Sys 0 00:00:00  -  Run Local Usage
		Usr 0 03:36:13, Sys 0 00:14:56  -  Total Remote Usage
		Usr 0 00:00:00, Sys 0 00:00:00  -  Total Local Usage
	0  -  Run Bytes Sent By Job
	0  -  Run Bytes Received By Job
	0  -  Total Bytes Sent By Job
	0  -  Total Bytes Received By Job
	Partitionable Resources :    Usage  Request Allocated Assigned
	   Cpus                 :     4.46        8         8 
	   Disk (KB)            :     2     1048576   1050150 
	   GPUs                 :     0.46        1         1 "GPU-8c3c8db2"
	   GpusMemory (MB)      :  1674                       
	   Memory (MB)          :  1541       71680     71680 
	   TimeExecute (s)      :  3149                       
	   TimeSlotBusy (s)     :  3149                       
...
000 (005.010.000) 2025-11-23 17:32:34 Job submitted from host: <10.87.28.3:9618?addrs=10.87.28.3-9618&alias=deanston.esat.kuleuven.be&noUDP&sock=schedd_1644_39c9>
...
001 (005.010.000) 2025-11-23 17:32:56 Job executing on host: <10.87.24.4:9618?addrs=10.87.24.4-9618&alias=aristoteles.esat.kuleuven.be&noUDP&sock=startd_2594_d8c2>
	SlotName: slot1_2@aristoteles.esat.kuleuven.be
	AvailableGPUs = { GPUs_GPU_30152e2d }
	CondorScratchDir = "/usr/data/condor/execute/dir_2190329/scratch"
	Cpus = 8
	Disk = 1048576
	GPUs = 1
	GPUs_GPU_30152e2d = [ Id = "GPU-30152e2d"; ClockMhz = 1410.0; Capability = 8.0; CoresPerCU = 64; DeviceName = "NVIDIA A100-SXM4-80GB"; DeviceUuid = "30152e2d-c9ad-da16-21bc-bf9b07cb3dd0"; ECCEnabled = true; ComputeUnits = 108; NvidiaDriver = "580.105.08"; DriverVersion = 13.0; DevicePciBusId = "0000:4D:00.0"; GlobalMemoryMb = 81153; MaxSupportedVersion = 13000 ]
	Memory = 71680
...
006 (005.010.000) 2025-11-23 17:33:02 Image size of job updated: 217376
	0  -  MemoryUsage of job (MB)
	0  -  ResidentSetSize of job (KB)
...
005 (005.010.000) 2025-11-23 17:33:02 Job terminated.
	(1) Normal termination (return value 0)
		Usr 0 00:00:03, Sys 0 00:00:01  -  Run Remote Usage
		Usr 0 00:00:00, Sys 0 00:00:00  -  Run Local Usage
		Usr 0 00:00:03, Sys 0 00:00:01  -  Total Remote Usage
		Usr 0 00:00:00, Sys 0 00:00:00  -  Total Local Usage
	0  -  Run Bytes Sent By Job
	0  -  Run Bytes Received By Job
	0  -  Total Bytes Sent By Job
	0  -  Total Bytes Received By Job
	Partitionable Resources :    Usage  Request Allocated Assigned
	   Cpus                 :        0        8         8 
	   Disk (KB)            :        2  1048576   1048576 
	   GPUs                 :                 1         1 "GPU-30152e2d"
	   Memory (MB)          :        0    71680     71680 
	   TimeExecute (s)      :        6                    
	   TimeSlotBusy (s)     :        6                    
...
