000 (005.019.000) 2025-11-10 20:12:36 Job submitted from host: <10.87.28.129:9618?addrs=10.87.28.129-9618&alias=timmermans.esat.kuleuven.be&noUDP&sock=schedd_1428_1154>
...
001 (005.019.000) 2025-11-11 03:59:27 Job executing on host: <10.87.28.117:9618?addrs=10.87.28.117-9618&alias=stadius-nc-4.esat.kuleuven.be&noUDP&sock=startd_3335_1c6f>
	SlotName: slot1_2@stadius-nc-4.esat.kuleuven.be
	AvailableGPUs = { GPUs_GPU_8c3c8db2 }
	CondorScratchDir = "/volume1/condor/execute/dir_1406515"
	Cpus = 8
	Disk = 1050150
	GPUs = 1
	GPUs_GPU_8c3c8db2 = [ Id = "GPU-8c3c8db2"; ClockMhz = 1545.0; Capability = 7.5; CoresPerCU = 64; DeviceName = "NVIDIA GeForce RTX 2080 Ti"; DeviceUuid = "8c3c8db2-06a6-9e0e-a6ee-a948fb2f7f27"; ECCEnabled = false; ComputeUnits = 68; NvidiaDriver = "570.153.02"; DriverVersion = 12.8; DevicePciBusId = "0000:5B:00.0"; GlobalMemoryMb = 10823; MaxSupportedVersion = 12080 ]
	Memory = 71680
...
006 (005.019.000) 2025-11-11 03:59:35 Image size of job updated: 441192
	431  -  MemoryUsage of job (MB)
	441192  -  ResidentSetSize of job (KB)
...
006 (005.019.000) 2025-11-11 04:00:55 Image size of job updated: 1493456
	432  -  MemoryUsage of job (MB)
	441384  -  ResidentSetSize of job (KB)
...
005 (005.019.000) 2025-11-11 04:00:56 Job terminated.
	(1) Normal termination (return value 0)
		Usr 0 00:04:33, Sys 0 00:00:20  -  Run Remote Usage
		Usr 0 00:00:00, Sys 0 00:00:00  -  Run Local Usage
		Usr 0 00:04:33, Sys 0 00:00:20  -  Total Remote Usage
		Usr 0 00:00:00, Sys 0 00:00:00  -  Total Local Usage
	0  -  Run Bytes Sent By Job
	0  -  Run Bytes Received By Job
	0  -  Total Bytes Sent By Job
	0  -  Total Bytes Received By Job
	Partitionable Resources :    Usage  Request Allocated Assigned
	   Cpus                 :        0        8         8 
	   Disk (KB)            :        2  1048576   1050150 
	   GPUs                 :        0        1         1 "GPU-8c3c8db2"
	   Memory (MB)          :      432    71680     71680 
	   TimeExecute (s)      :       88                    
	   TimeSlotBusy (s)     :       88                    
...
000 (005.019.000) 2025-11-23 17:32:34 Job submitted from host: <10.87.28.3:9618?addrs=10.87.28.3-9618&alias=deanston.esat.kuleuven.be&noUDP&sock=schedd_1644_39c9>
...
001 (005.019.000) 2025-11-23 17:33:16 Job executing on host: <10.87.24.139:9618?addrs=10.87.24.139-9618&alias=fig.esat.kuleuven.be&noUDP&sock=startd_2107_ce23>
	SlotName: slot1_1@fig.esat.kuleuven.be
	AvailableGPUs = { GPUs_GPU_cedc718d }
	CondorScratchDir = "/usr/data/condor/execute/dir_1382361/scratch"
	Cpus = 8
	Disk = 1048576
	GPUs = 1
	GPUs_GPU_cedc718d = [ Id = "GPU-cedc718d"; ClockMhz = 1695.0; Capability = 8.6; CoresPerCU = 128; DeviceName = "NVIDIA GeForce RTX 3090"; DeviceUuid = "cedc718d-8ccd-1c5c-42ee-9f07bacbde5e"; ECCEnabled = false; ComputeUnits = 82; NvidiaDriver = "580.105.08"; DriverVersion = 13.0; DevicePciBusId = "0000:09:00.0"; GlobalMemoryMb = 24124; MaxSupportedVersion = 13000 ]
	Memory = 71680
...
006 (005.019.000) 2025-11-23 17:33:25 Image size of job updated: 601744
	588  -  MemoryUsage of job (MB)
	601744  -  ResidentSetSize of job (KB)
...
006 (005.019.000) 2025-11-23 17:33:27 Image size of job updated: 612204
	588  -  MemoryUsage of job (MB)
	601744  -  ResidentSetSize of job (KB)
...
005 (005.019.000) 2025-11-23 17:33:27 Job terminated.
	(1) Normal termination (return value 0)
		Usr 0 00:00:06, Sys 0 00:00:03  -  Run Remote Usage
		Usr 0 00:00:00, Sys 0 00:00:00  -  Run Local Usage
		Usr 0 00:00:06, Sys 0 00:00:03  -  Total Remote Usage
		Usr 0 00:00:00, Sys 0 00:00:00  -  Total Local Usage
	0  -  Run Bytes Sent By Job
	0  -  Run Bytes Received By Job
	0  -  Total Bytes Sent By Job
	0  -  Total Bytes Received By Job
	Partitionable Resources :    Usage  Request Allocated Assigned
	   Cpus                 :        0        8         8 
	   Disk (KB)            :        2  1048576   1048576 
	   GPUs                 :        0        1         1 "GPU-cedc718d"
	   Memory (MB)          :      588    71680     71680 
	   TimeExecute (s)      :       11                    
	   TimeSlotBusy (s)     :       11                    
...
