000 (005.002.000) 2025-11-10 20:12:36 Job submitted from host: <10.87.28.129:9618?addrs=10.87.28.129-9618&alias=timmermans.esat.kuleuven.be&noUDP&sock=schedd_1428_1154>
...
001 (005.002.000) 2025-11-11 01:08:44 Job executing on host: <10.87.24.25:9618?addrs=10.87.24.25-9618+[--1]-9618&alias=estragon.esat.kuleuven.be&noUDP&sock=startd_2009_95db>
	SlotName: slot1_1@estragon.esat.kuleuven.be
	AvailableGPUs = { GPUs_GPU_fd0ce06a }
	CondorScratchDir = "/usr/data/condor/execute/dir_471055"
	Cpus = 8
	Disk = 1054592
	GPUs = 1
	GPUs_GPU_fd0ce06a = [ Id = "GPU-fd0ce06a"; ClockMhz = 1328.5; Capability = 6.0; CoresPerCU = 64; DeviceName = "Tesla P100-PCIE-16GB"; DeviceUuid = "fd0ce06a-713e-f0de-00ac-18e3e9780412"; ECCEnabled = true; ComputeUnits = 56; NvidiaDriver = "580.95.05"; DriverVersion = 13.0; DevicePciBusId = "0000:08:00.0"; GlobalMemoryMb = 16269; MaxSupportedVersion = 13000 ]
	Memory = 71680
...
006 (005.002.000) 2025-11-11 01:08:52 Image size of job updated: 217228
	213  -  MemoryUsage of job (MB)
	217228  -  ResidentSetSize of job (KB)
...
006 (005.002.000) 2025-11-11 01:13:52 Image size of job updated: 1426736
	1339  -  MemoryUsage of job (MB)
	1370284  -  ResidentSetSize of job (KB)
...
006 (005.002.000) 2025-11-11 01:18:53 Image size of job updated: 1436480
	1339  -  MemoryUsage of job (MB)
	1370284  -  ResidentSetSize of job (KB)
...
006 (005.002.000) 2025-11-11 01:23:53 Image size of job updated: 1476392
	1339  -  MemoryUsage of job (MB)
	1370284  -  ResidentSetSize of job (KB)
...
006 (005.002.000) 2025-11-11 01:28:53 Image size of job updated: 1476392
	1351  -  MemoryUsage of job (MB)
	1382472  -  ResidentSetSize of job (KB)
...
006 (005.002.000) 2025-11-11 01:43:55 Image size of job updated: 1476392
	1356  -  MemoryUsage of job (MB)
	1388048  -  ResidentSetSize of job (KB)
...
006 (005.002.000) 2025-11-11 01:48:55 Image size of job updated: 1479784
	1364  -  MemoryUsage of job (MB)
	1395972  -  ResidentSetSize of job (KB)
...
006 (005.002.000) 2025-11-11 01:58:57 Image size of job updated: 1479784
	1364  -  MemoryUsage of job (MB)
	1396268  -  ResidentSetSize of job (KB)
...
006 (005.002.000) 2025-11-11 02:03:57 Image size of job updated: 1479784
	1364  -  MemoryUsage of job (MB)
	1396336  -  ResidentSetSize of job (KB)
...
006 (005.002.000) 2025-11-11 02:13:58 Image size of job updated: 1479784
	1373  -  MemoryUsage of job (MB)
	1405276  -  ResidentSetSize of job (KB)
...
006 (005.002.000) 2025-11-11 02:18:59 Image size of job updated: 1479784
	1373  -  MemoryUsage of job (MB)
	1405396  -  ResidentSetSize of job (KB)
...
006 (005.002.000) 2025-11-11 02:23:59 Image size of job updated: 1512848
	1373  -  MemoryUsage of job (MB)
	1405472  -  ResidentSetSize of job (KB)
...
006 (005.002.000) 2025-11-11 03:04:03 Image size of job updated: 1512848
	1375  -  MemoryUsage of job (MB)
	1407932  -  ResidentSetSize of job (KB)
...
006 (005.002.000) 2025-11-11 03:09:04 Image size of job updated: 1512848
	1431  -  MemoryUsage of job (MB)
	1464464  -  ResidentSetSize of job (KB)
...
006 (005.002.000) 2025-11-11 03:49:07 Image size of job updated: 1512848
	1431  -  MemoryUsage of job (MB)
	1465292  -  ResidentSetSize of job (KB)
...
005 (005.002.000) 2025-11-11 03:51:00 Job terminated.
	(1) Normal termination (return value 0)
		Usr 0 09:01:35, Sys 0 00:33:39  -  Run Remote Usage
		Usr 0 00:00:00, Sys 0 00:00:00  -  Run Local Usage
		Usr 0 09:01:35, Sys 0 00:33:39  -  Total Remote Usage
		Usr 0 00:00:00, Sys 0 00:00:00  -  Total Local Usage
	0  -  Run Bytes Sent By Job
	0  -  Run Bytes Received By Job
	0  -  Total Bytes Sent By Job
	0  -  Total Bytes Received By Job
	Partitionable Resources :    Usage  Request Allocated Assigned
	   Cpus                 :     3.59        8         8 
	   Disk (KB)            :     2     1048576   1054592 
	   GPUs                 :     0.51        1         1 "GPU-fd0ce06a"
	   GpusMemory (MB)      :  1459                       
	   Memory (MB)          :  1431       71680     71680 
	   TimeExecute (s)      :  9736                       
	   TimeSlotBusy (s)     :  9736                       
...
000 (005.002.000) 2025-11-23 17:32:34 Job submitted from host: <10.87.28.3:9618?addrs=10.87.28.3-9618&alias=deanston.esat.kuleuven.be&noUDP&sock=schedd_1644_39c9>
...
001 (005.002.000) 2025-11-23 17:32:53 Job executing on host: <10.87.24.139:9618?addrs=10.87.24.139-9618&alias=fig.esat.kuleuven.be&noUDP&sock=startd_2107_ce23>
	SlotName: slot1_1@fig.esat.kuleuven.be
	AvailableGPUs = { GPUs_GPU_cedc718d }
	CondorScratchDir = "/usr/data/condor/execute/dir_1382234/scratch"
	Cpus = 8
	Disk = 1048576
	GPUs = 1
	GPUs_GPU_cedc718d = [ Id = "GPU-cedc718d"; ClockMhz = 1695.0; Capability = 8.6; CoresPerCU = 128; DeviceName = "NVIDIA GeForce RTX 3090"; DeviceUuid = "cedc718d-8ccd-1c5c-42ee-9f07bacbde5e"; ECCEnabled = false; ComputeUnits = 82; NvidiaDriver = "580.105.08"; DriverVersion = 13.0; DevicePciBusId = "0000:09:00.0"; GlobalMemoryMb = 24124; MaxSupportedVersion = 13000 ]
	Memory = 71680
...
006 (005.002.000) 2025-11-23 17:33:01 Image size of job updated: 457404
	447  -  MemoryUsage of job (MB)
	457404  -  ResidentSetSize of job (KB)
...
006 (005.002.000) 2025-11-23 17:33:16 Image size of job updated: 596944
	447  -  MemoryUsage of job (MB)
	457404  -  ResidentSetSize of job (KB)
...
005 (005.002.000) 2025-11-23 17:33:16 Job terminated.
	(1) Normal termination (return value 0)
		Usr 0 00:00:07, Sys 0 00:00:04  -  Run Remote Usage
		Usr 0 00:00:00, Sys 0 00:00:00  -  Run Local Usage
		Usr 0 00:00:07, Sys 0 00:00:04  -  Total Remote Usage
		Usr 0 00:00:00, Sys 0 00:00:00  -  Total Local Usage
	0  -  Run Bytes Sent By Job
	0  -  Run Bytes Received By Job
	0  -  Total Bytes Sent By Job
	0  -  Total Bytes Received By Job
	Partitionable Resources :    Usage  Request Allocated Assigned
	   Cpus                 :        0        8         8 
	   Disk (KB)            :        2  1048576   1048576 
	   GPUs                 :                 1         1 "GPU-cedc718d"
	   Memory (MB)          :      447    71680     71680 
	   TimeExecute (s)      :       23                    
	   TimeSlotBusy (s)     :       24                    
...
