000 (005.049.000) 2025-11-23 17:32:34 Job submitted from host: <10.87.28.3:9618?addrs=10.87.28.3-9618&alias=deanston.esat.kuleuven.be&noUDP&sock=schedd_1644_39c9>
...
001 (005.049.000) 2025-11-23 17:33:44 Job executing on host: <10.87.24.25:9618?addrs=10.87.24.25-9618+[--1]-9618&alias=estragon.esat.kuleuven.be&noUDP&sock=startd_2090_2506>
	SlotName: slot1_3@estragon.esat.kuleuven.be
	AvailableGPUs = { GPUs_GPU_193a1cfd }
	CondorScratchDir = "/usr/data/condor/execute/dir_203067/scratch"
	Cpus = 8
	Disk = 1048576
	GPUs = 1
	GPUs_GPU_193a1cfd = [ Id = "GPU-193a1cfd"; ClockMhz = 1328.5; Capability = 6.0; CoresPerCU = 64; DeviceName = "Tesla P100-PCIE-16GB"; DeviceUuid = "193a1cfd-3ef5-207c-3098-c99b2d71fabc"; ECCEnabled = true; ComputeUnits = 56; NvidiaDriver = "580.105.08"; DriverVersion = 13.0; DevicePciBusId = "0000:0E:00.0"; GlobalMemoryMb = 16269; MaxSupportedVersion = 13000 ]
	Memory = 71680
...
006 (005.049.000) 2025-11-23 17:33:53 Image size of job updated: 197312
	193  -  MemoryUsage of job (MB)
	197312  -  ResidentSetSize of job (KB)
...
006 (005.049.000) 2025-11-23 17:34:08 Image size of job updated: 589180
	193  -  MemoryUsage of job (MB)
	197312  -  ResidentSetSize of job (KB)
...
005 (005.049.000) 2025-11-23 17:34:08 Job terminated.
	(1) Normal termination (return value 0)
		Usr 0 00:00:14, Sys 0 00:00:04  -  Run Remote Usage
		Usr 0 00:00:00, Sys 0 00:00:00  -  Run Local Usage
		Usr 0 00:00:14, Sys 0 00:00:04  -  Total Remote Usage
		Usr 0 00:00:00, Sys 0 00:00:00  -  Total Local Usage
	0  -  Run Bytes Sent By Job
	0  -  Run Bytes Received By Job
	0  -  Total Bytes Sent By Job
	0  -  Total Bytes Received By Job
	Partitionable Resources :    Usage  Request Allocated Assigned
	   Cpus                 :        0        8         8 
	   Disk (KB)            :        2  1048576   1048576 
	   GPUs                 :        0        1         1 "GPU-193a1cfd"
	   GpusMemory (MB)      :      117                    
	   Memory (MB)          :      193    71680     71680 
	   TimeExecute (s)      :       24                    
	   TimeSlotBusy (s)     :       24                    
...
