000 (005.008.000) 2025-11-10 20:12:36 Job submitted from host: <10.87.28.129:9618?addrs=10.87.28.129-9618&alias=timmermans.esat.kuleuven.be&noUDP&sock=schedd_1428_1154>
...
001 (005.008.000) 2025-11-11 03:01:07 Job executing on host: <10.87.24.25:9618?addrs=10.87.24.25-9618+[--1]-9618&alias=estragon.esat.kuleuven.be&noUDP&sock=startd_2009_95db>
	SlotName: slot1_3@estragon.esat.kuleuven.be
	AvailableGPUs = { GPUs_GPU_193a1cfd }
	CondorScratchDir = "/usr/data/condor/execute/dir_476897"
	Cpus = 8
	Disk = 1054592
	GPUs = 1
	GPUs_GPU_193a1cfd = [ Id = "GPU-193a1cfd"; ClockMhz = 1328.5; Capability = 6.0; CoresPerCU = 64; DeviceName = "Tesla P100-PCIE-16GB"; DeviceUuid = "193a1cfd-3ef5-207c-3098-c99b2d71fabc"; ECCEnabled = true; ComputeUnits = 56; NvidiaDriver = "580.95.05"; DriverVersion = 13.0; DevicePciBusId = "0000:0E:00.0"; GlobalMemoryMb = 16269; MaxSupportedVersion = 13000 ]
	Memory = 71680
...
006 (005.008.000) 2025-11-11 03:01:15 Image size of job updated: 216960
	212  -  MemoryUsage of job (MB)
	216960  -  ResidentSetSize of job (KB)
...
006 (005.008.000) 2025-11-11 03:06:15 Image size of job updated: 1413576
	1326  -  MemoryUsage of job (MB)
	1357124  -  ResidentSetSize of job (KB)
...
006 (005.008.000) 2025-11-11 03:11:16 Image size of job updated: 1435220
	1326  -  MemoryUsage of job (MB)
	1357124  -  ResidentSetSize of job (KB)
...
006 (005.008.000) 2025-11-11 03:16:16 Image size of job updated: 1463100
	1326  -  MemoryUsage of job (MB)
	1357124  -  ResidentSetSize of job (KB)
...
006 (005.008.000) 2025-11-11 03:26:17 Image size of job updated: 1463100
	1350  -  MemoryUsage of job (MB)
	1381496  -  ResidentSetSize of job (KB)
...
006 (005.008.000) 2025-11-11 03:36:18 Image size of job updated: 1463100
	1405  -  MemoryUsage of job (MB)
	1438324  -  ResidentSetSize of job (KB)
...
006 (005.008.000) 2025-11-11 03:41:18 Image size of job updated: 1480460
	1405  -  MemoryUsage of job (MB)
	1438324  -  ResidentSetSize of job (KB)
...
006 (005.008.000) 2025-11-11 03:46:18 Image size of job updated: 1480460
	1407  -  MemoryUsage of job (MB)
	1440524  -  ResidentSetSize of job (KB)
...
006 (005.008.000) 2025-11-11 04:01:20 Image size of job updated: 1483500
	1407  -  MemoryUsage of job (MB)
	1440524  -  ResidentSetSize of job (KB)
...
006 (005.008.000) 2025-11-11 04:21:21 Image size of job updated: 1483500
	1419  -  MemoryUsage of job (MB)
	1452620  -  ResidentSetSize of job (KB)
...
005 (005.008.000) 2025-11-11 05:01:12 Job terminated.
	(1) Normal termination (return value 0)
		Usr 0 06:40:41, Sys 0 00:24:31  -  Run Remote Usage
		Usr 0 00:00:00, Sys 0 00:00:00  -  Run Local Usage
		Usr 0 06:40:41, Sys 0 00:24:31  -  Total Remote Usage
		Usr 0 00:00:00, Sys 0 00:00:00  -  Total Local Usage
	0  -  Run Bytes Sent By Job
	0  -  Run Bytes Received By Job
	0  -  Total Bytes Sent By Job
	0  -  Total Bytes Received By Job
	Partitionable Resources :    Usage  Request Allocated Assigned
	   Cpus                 :     3.62        8         8 
	   Disk (KB)            :     2     1048576   1054592 
	   GPUs                 :     0.51        1         1 "GPU-193a1cfd"
	   GpusMemory (MB)      :  1459                       
	   Memory (MB)          :  1419       71680     71680 
	   TimeExecute (s)      :  7205                       
	   TimeSlotBusy (s)     :  7205                       
...
000 (005.008.000) 2025-11-23 17:32:34 Job submitted from host: <10.87.28.3:9618?addrs=10.87.28.3-9618&alias=deanston.esat.kuleuven.be&noUDP&sock=schedd_1644_39c9>
...
001 (005.008.000) 2025-11-23 17:32:56 Job executing on host: <10.87.24.25:9618?addrs=10.87.24.25-9618+[--1]-9618&alias=estragon.esat.kuleuven.be&noUDP&sock=startd_2090_2506>
	SlotName: slot1_2@estragon.esat.kuleuven.be
	AvailableGPUs = { GPUs_GPU_c7741362 }
	CondorScratchDir = "/usr/data/condor/execute/dir_202794/scratch"
	Cpus = 8
	Disk = 1048576
	GPUs = 1
	GPUs_GPU_c7741362 = [ Id = "GPU-c7741362"; ClockMhz = 1328.5; Capability = 6.0; CoresPerCU = 64; DeviceName = "Tesla P100-PCIE-16GB"; DeviceUuid = "c7741362-0fc2-057f-631c-ffc90d1eb010"; ECCEnabled = true; ComputeUnits = 56; NvidiaDriver = "580.105.08"; DriverVersion = 13.0; DevicePciBusId = "0000:0B:00.0"; GlobalMemoryMb = 16269; MaxSupportedVersion = 13000 ]
	Memory = 71680
...
006 (005.008.000) 2025-11-23 17:33:05 Image size of job updated: 215276
	211  -  MemoryUsage of job (MB)
	215276  -  ResidentSetSize of job (KB)
...
006 (005.008.000) 2025-11-23 17:33:31 Image size of job updated: 595788
	211  -  MemoryUsage of job (MB)
	215276  -  ResidentSetSize of job (KB)
...
005 (005.008.000) 2025-11-23 17:33:31 Job terminated.
	(1) Normal termination (return value 0)
		Usr 0 00:00:15, Sys 0 00:00:04  -  Run Remote Usage
		Usr 0 00:00:00, Sys 0 00:00:00  -  Run Local Usage
		Usr 0 00:00:15, Sys 0 00:00:04  -  Total Remote Usage
		Usr 0 00:00:00, Sys 0 00:00:00  -  Total Local Usage
	0  -  Run Bytes Sent By Job
	0  -  Run Bytes Received By Job
	0  -  Total Bytes Sent By Job
	0  -  Total Bytes Received By Job
	Partitionable Resources :    Usage  Request Allocated Assigned
	   Cpus                 :        0        8         8 
	   Disk (KB)            :        2  1048576   1048576 
	   GPUs                 :        0        1         1 "GPU-c7741362"
	   GpusMemory (MB)      :      117                    
	   Memory (MB)          :      211    71680     71680 
	   TimeExecute (s)      :       35                    
	   TimeSlotBusy (s)     :       35                    
...
