000 (006.001.000) 2025-11-23 17:34:50 Job submitted from host: <10.87.28.3:9618?addrs=10.87.28.3-9618&alias=deanston.esat.kuleuven.be&noUDP&sock=schedd_1644_39c9>
...
001 (006.001.000) 2025-11-23 17:35:01 Job executing on host: <10.87.28.117:9618?addrs=10.87.28.117-9618&alias=stadius-nc-4.esat.kuleuven.be&noUDP&sock=startd_3356_83ed>
	SlotName: slot1_2@stadius-nc-4.esat.kuleuven.be
	AvailableGPUs = { GPUs_GPU_8c3c8db2 }
	CondorScratchDir = "/volume1/condor/execute/dir_30597"
	Cpus = 8
	Disk = 1050150
	GPUs = 1
	GPUs_GPU_8c3c8db2 = [ Id = "GPU-8c3c8db2"; ClockMhz = 1545.0; Capability = 7.5; CoresPerCU = 64; DeviceName = "NVIDIA GeForce RTX 2080 Ti"; DeviceUuid = "8c3c8db2-06a6-9e0e-a6ee-a948fb2f7f27"; ECCEnabled = false; ComputeUnits = 68; NvidiaDriver = "570.153.02"; DriverVersion = 12.8; DevicePciBusId = "0000:5B:00.0"; GlobalMemoryMb = 10823; MaxSupportedVersion = 12080 ]
	Memory = 71680
...
006 (006.001.000) 2025-11-23 17:35:09 Image size of job updated: 616924
	603  -  MemoryUsage of job (MB)
	616924  -  ResidentSetSize of job (KB)
...
006 (006.001.000) 2025-11-23 17:35:10 Image size of job updated: 616960
	603  -  MemoryUsage of job (MB)
	616960  -  ResidentSetSize of job (KB)
...
005 (006.001.000) 2025-11-23 17:35:10 Job terminated.
	(1) Normal termination (return value 0)
		Usr 0 00:00:06, Sys 0 00:00:03  -  Run Remote Usage
		Usr 0 00:00:00, Sys 0 00:00:00  -  Run Local Usage
		Usr 0 00:00:06, Sys 0 00:00:03  -  Total Remote Usage
		Usr 0 00:00:00, Sys 0 00:00:00  -  Total Local Usage
	0  -  Run Bytes Sent By Job
	0  -  Run Bytes Received By Job
	0  -  Total Bytes Sent By Job
	0  -  Total Bytes Received By Job
	Partitionable Resources :    Usage  Request Allocated Assigned
	   Cpus                 :        0        8         8 
	   Disk (KB)            :        2  1048576   1050150 
	   GPUs                 :        0        1         1 "GPU-8c3c8db2"
	   Memory (MB)          :      603    71680     71680 
	   TimeExecute (s)      :        9                    
	   TimeSlotBusy (s)     :       10                    
...
000 (006.001.000) 2025-12-16 00:53:03 Job submitted from host: <10.87.28.129:9618?addrs=10.87.28.129-9618&alias=timmermans.esat.kuleuven.be&noUDP&sock=schedd_1428_1154>
...
001 (006.001.000) 2025-12-16 00:53:16 Job executing on host: <10.87.24.138:9618?addrs=10.87.24.138-9618&alias=grape.esat.kuleuven.be&noUDP&sock=startd_2168_a56a>
	SlotName: slot1_1@grape.esat.kuleuven.be
	AvailableGPUs = { GPUs_GPU_97601f5c }
	CondorScratchDir = "/usr/data/condor/execute/dir_1402258/scratch"
	Cpus = 8
	Disk = 1048576
	GPUs = 1
	GPUs_GPU_97601f5c = [ Id = "GPU-97601f5c"; ClockMhz = 1695.0; Capability = 8.6; CoresPerCU = 128; DeviceName = "NVIDIA GeForce RTX 3090"; DeviceUuid = "97601f5c-9e32-f178-e4a8-b5517f10d8de"; ECCEnabled = false; ComputeUnits = 82; NvidiaDriver = "580.105.08"; DriverVersion = 13.0; DevicePciBusId = "0000:09:00.0"; GlobalMemoryMb = 24124; MaxSupportedVersion = 13000 ]
	Memory = 71680
...
006 (006.001.000) 2025-12-16 00:53:24 Image size of job updated: 97160
	95  -  MemoryUsage of job (MB)
	97160  -  ResidentSetSize of job (KB)
...
006 (006.001.000) 2025-12-16 00:58:24 Image size of job updated: 2158020
	2073  -  MemoryUsage of job (MB)
	2122600  -  ResidentSetSize of job (KB)
...
006 (006.001.000) 2025-12-16 01:03:25 Image size of job updated: 2158020
	2099  -  MemoryUsage of job (MB)
	2148516  -  ResidentSetSize of job (KB)
...
006 (006.001.000) 2025-12-16 01:08:25 Image size of job updated: 2162800
	2099  -  MemoryUsage of job (MB)
	2148516  -  ResidentSetSize of job (KB)
...
004 (006.001.000) 2025-12-16 01:21:22 Job was evicted. Code 1009 Subcode 0
	(0) CPU times
		Usr 0 01:19:59, Sys 0 00:07:21  -  Run Remote Usage
		Usr 0 00:00:00, Sys 0 00:00:00  -  Run Local Usage
	0  -  Run Bytes Sent By Job
	0  -  Run Bytes Received By Job
	Reason: Claim deactivated
	Partitionable Resources :    Usage  Request Allocated Assigned
	   Cpus                 :     3.34        8         8 
	   Disk (KB)            :     2     1048576   1048576 
	   GPUs                 :     0.17        1         1 "GPU-97601f5c"
	   GpusMemory (MB)      :  1735                       
	   Memory (MB)          :  2099       71680     71680 
	   TimeExecute (s)      :  1686                       
	   TimeSlotBusy (s)     :  1686                       
...
009 (006.001.000) 2025-12-16 01:21:22 Job was aborted.
	via condor_rm (by user kkontras)
...
