Starting Job
/esat/smcdata/users/kkontras/Image_Dataset/no_backup/git/Synergy/train.py
/esat/smcdata/users/kkontras/Image_Dataset/no_backup/envs/synergy_new/bin/python
Python 3.10.19
/esat/smcdata/users/kkontras/Image_Dataset/no_backup/git/Synergy
We have 1 GPU
/esat/smcdata/users/kkontras/Image_Dataset/no_backup/git/Synergy/train.py
config-./configs/CREMA_D/synergy/dec/synprom_IB_mask.json
Executing command: accelerate launch /esat/smcdata/users/kkontras/Image_Dataset/no_backup/git/Synergy/train.py --config ./configs/CREMA_D/synergy/dec/synprom_IB_mask.json --default_config ./configs/CREMA_D/default_config_cremad_res_syn.json --fold 0 --l 0.01 --lr 0.00001 --wd 0.0001 --cls mlp --perturb mask --perturb_fill noise --contrcoeff 1.0 --num_samples 32
Namespace(config='./configs/CREMA_D/synergy/dec/synprom_IB_mask.json', default_config='./configs/CREMA_D/default_config_cremad_res_syn.json', fold='0', alpha=None, tanh_mode=None, tanh_mode_beta=None, regby=None, clip=None, batch_size=None, l='0.01', multil=None, l_diffsq=None, lib=None, ratio_us=None, ratio_snr=None, kmepoch=None, num_samples='32', pow=None, nstep=None, contrcoeff='1.0', kde_coeff=None, etube=None, temperature=None, contr_type=None, shuffle_type=None, validate_with=None, transform_type=None, trasform_before=None, num_classes=None, base_alpha=None, alpha_var=None, base_beta=None, beta_var=None, optim_method=None, ilr_c=None, ilr_g=None, mmcosine_scaling=None, ending_epoch=None, load_ongoing=None, commonlayers=None, recon_weight1=None, recon_weight2=None, recon_epochstages=None, recon_ensemblestages=None, lr='0.00001', wd='0.0001', mm=None, cls='mlp', perturb='mask', perturb_fill='noise', pre=False, frozen=False, tdqm_disable=False, start_over=False)
2025-12-16 00:54:07,191 - Config - INFO - ./configs/CREMA_D/synergy/dec/synprom_IB_mask.json
2025-12-16 00:54:07,194 - Config - INFO -  THE Configuration of your experiment ..
{'agent': 'Agent',
 'dataset': {'data_roots': '/esat/smcdata/users/kkontras/Image_Dataset/no_backup/CremaD/CREMA-D',
             'data_split': {'fold': 0, 'method': 'non_inclusive'},
             'dataloader_class': 'CramedD_Dataloader',
             'fps': 1,
             'norm': False,
             'norm_face_path': './mydatasets/CREMAD/norm_face_path_fold{}.pkl',
             'norm_wav_path': './mydatasets/CREMAD/wav_norm_16000_fold{}.pkl',
             'num_frame': 3,
             'return_data': {'audio': False,
                             'face': False,
                             'spectrogram': True,
                             'video': True},
             'sampling_rate': 22050},
 'early_stopping': {'end_of_epoch_check': True,
                    'log_interval': 10,
                    'max_epoch': 1500,
                    'n_steps_stop': 100,
                    'n_steps_stop_after': 0,
                    'save_every_step': 3000,
                    'save_every_valstep': 10,
                    'validate_after': 0,
                    'validate_every': 25,
                    'validate_with': 'accuracy'},
 'exp_name': 'CREMAD Experiment',
 'model': {'args': {'bias_infusion': {'ending_epoch': 1500,
                                      'l': 0.1,
                                      'method': 'false',
                                      'plot': False,
                                      'starting_epoch': 0,
                                      'use': True},
                    'clip_grad': False,
                    'cls_type': 'linear',
                    'd_model': 512,
                    'dropout': 0.1,
                    'fc_inner': 64,
                    'multi_loss': {'multi_supervised_w': {'c': 0,
                                                          'combined': 1,
                                                          'g': 0}},
                    'num_classes': 6},
           'encoders': [{'args': {'d_model': 512,
                                  'dropout': 0.1,
                                  'fc_inner': 64,
                                  'freeze_encoder': True,
                                  'num_classes': 6},
                         'model': 'Audio_ResNet',
                         'pretrainedEncoder': {'dir': 'unimodal_audio_fold{}_lr0.001_wd0.0001.pth.tar',
                                               'use': True}},
                        {'args': {'d_model': 512,
                                  'dropout': 0.1,
                                  'fc_inner': 64,
                                  'freeze_encoder': True,
                                  'num_classes': 6},
                         'model': 'Video_ResNet',
                         'pretrainedEncoder': {'dir': 'unimodal_video_fold{}_lr0.001_wd0.0001.pth.tar',
                                               'use': True}}],
           'load_ongoing': False,
           'model_class': 'FusionIBModel',
           'save_base_dir': '/esat/smcdata/users/kkontras/Image_Dataset/no_backup/data/2025_data/synergy',
           'save_dir': 'Synprom_IB_mask{}.pth.tar'},
 'optimizer': {'beta1': 0.9,
               'beta2': 0.999,
               'learning_rate': 1e-05,
               'momentum': 0.9,
               'type': 'Adam',
               'weight_decay': 1e-05},
 'scheduler': {'max_lr': 0.03, 'type': 'cosanneal', 'warm_up_steps': 780},
 'training_params': {'async_loading': True,
                     'batch_size': 32,
                     'cuda': True,
                     'data_loader_workers': 8,
                     'gpu_device': [0],
                     'pin_memory': False,
                     'rec_test': True,
                     'res': True,
                     'seed': 109,
                     'tdqm_disable': False,
                     'test_batch_size': 32,
                     'test_on_bottoms': False,
                     'use_test_set': True,
                     'validation': True,
                     'verbose': True,
                     'wandb_disable': False}}
2025-12-16 00:54:07,197 - Config - INFO -  *************************************** 
2025-12-16 00:54:07,197 - Config - INFO - The experiment name is CREMAD Experiment
2025-12-16 00:54:07,197 - Config - INFO -  *************************************** 
2025-12-16 00:54:07,197 - root - INFO - save_dir: Synprom_IB_maskfold0_l0.01_numsamples32_contrcoeff1.0_perturbmask_fillnoise_lr0.00001_wd0.0001_clsmlp.pth.tar
2025-12-16 00:54:07,300 - Cuda Statistics - INFO - __Python VERSION:  3.10.19 (main, Oct 21 2025, 16:43:05) [GCC 11.2.0]
2025-12-16 00:54:07,300 - Cuda Statistics - INFO - __pyTorch VERSION:  2.6.0+cu124
2025-12-16 00:54:07,300 - Cuda Statistics - INFO - __CUDA VERSION
2025-12-16 00:54:07,351 - Cuda Statistics - INFO - __CUDNN VERSION:  90100
2025-12-16 00:54:07,425 - Cuda Statistics - INFO - __Number CUDA Devices:  1
2025-12-16 00:54:07,425 - Cuda Statistics - INFO - __Devices
2025-12-16 00:54:07,425 - Cuda Statistics - INFO - index, name, driver_version, memory.total [MiB], memory.used [MiB], memory.free [MiB]
2025-12-16 00:54:07,425 - Cuda Statistics - INFO - 0, NVIDIA A100-SXM4-80GB, 580.105.08, 81920 MiB, 4 MiB, 81150 MiB
2025-12-16 00:54:07,430 - Cuda Statistics - INFO - Active CUDA Device: GPU 0
2025-12-16 00:54:07,430 - Cuda Statistics - INFO - Available devices  1
2025-12-16 00:54:07,430 - Cuda Statistics - INFO - Current cuda device  0
This path does not exist /esat/smcdata/users/kkontras/Image_Dataset/no_backup/CremaD/CREMA-D/AudioWAV/1076_MTI_SAD_XX.wav or /esat/smcdata/users/kkontras/Image_Dataset/no_backup/CremaD/CREMA-D/Image-01-FPS/1076_MTI_SAD_XX or /esat/smcdata/users/kkontras/Image_Dataset/no_backup/CremaD/CREMA-D/Face_features/1076_MTI_SAD_XX.npy
2025-12-16 00:54:09,576 - root - INFO - Loaded wav norm from ./mydatasets/CREMAD/wav_norm_16000_fold0.pkl
2025-12-16 00:54:09,590 - root - INFO - Norm values are {'mean': tensor(-2.7937e-05), 'std': tensor(0.0613), 'max_duration': 4.8715625}
2025-12-16 00:54:10,028 - root - INFO - Loaded wav norm from ./mydatasets/CREMAD/wav_norm_16000_fold0.pkl
2025-12-16 00:54:10,029 - root - INFO - Norm values are {'mean': tensor(-2.7937e-05), 'std': tensor(0.0613), 'max_duration': 4.8715625}
2025-12-16 00:54:10,519 - root - INFO - Loaded wav norm from ./mydatasets/CREMAD/wav_norm_16000_fold0.pkl
2025-12-16 00:54:10,520 - root - INFO - Norm values are {'mean': tensor(-2.7937e-05), 'std': tensor(0.0613), 'max_duration': 4.8715625}
Available cores 8
We are changing dataloader workers to num of cores 0
2025-12-16 00:54:10,521 - Agent - INFO - Device: cuda:0
2025-12-16 00:54:10,522 - Agent - INFO - Total training batches: 127, validate every 25 batches, steps per epoch: 6
2025-12-16 00:54:17,508 - Agent - INFO - Loss Weights are {'total': 1, 'combined': 1, 'c': 0, 'g': 0}
2025-12-16 00:54:17,820 - root - INFO - Loading enc best model state dict from /esat/smcdata/users/kkontras/Image_Dataset/no_backup/data/2025_data/synergy/unimodal_audio_fold0_lr0.001_wd0.0001.pth.tar
Replacing module
2025-12-16 00:54:18,208 - root - INFO - Loading enc best model state dict from /esat/smcdata/users/kkontras/Image_Dataset/no_backup/data/2025_data/synergy/unimodal_video_fold0_lr0.001_wd0.0001.pth.tar
Replacing module
2025-12-16 00:54:18,241 - Agent - INFO - Freezing encoder enc_0
2025-12-16 00:54:18,242 - Agent - INFO - Freezing encoder enc_1
2025-12-16 00:54:18,610 - Agent - INFO - Total number of trainable parameters are: 23173976
2025-12-16 00:54:18,617 - Agent - INFO - Total number of trainable parameters are: 821068
2025-12-16 00:57:07,244 - Agent - INFO - [37mVal Epoch 1 step 1 with [31mce_loss_combined : 1.651932 [31msl_1 : 0.000205 [31msl_2 : 0.000516 [31minfonce : 4.298128 [31mtotal : 5.950782 [94mAcc_combined: 58.09 [95mCEU_cue_audio: 0.7855 [95mCEU_cue_video: 0.1819 [95mCEU_synergy: 0.1885 [95mCEU_coexistence: 0.7661 
2025-12-16 00:57:07,250 - Agent - INFO - [37mTest Epoch 1 step 1 with [31mce_loss_combined : 1.653529 [31msl_1 : 0.000221 [31msl_2 : 0.000572 [31minfonce : 4.238754 [31mtotal : 5.893075 [94mAcc_combined: 56.51 
2025-12-16 00:57:07,432 - Agent - INFO - [37mModel saved successfully at: /esat/smcdata/users/kkontras/Image_Dataset/no_backup/data/2025_data/synergy/Synprom_IB_maskfold0_l0.01_numsamples32_contrcoeff1.0_perturbmask_fillnoise_lr0.00001_wd0.0001_clsmlp.pth.tar[39m
2025-12-16 00:57:07,434 - Agent - INFO - Total number of trainable parameters are: 821068
2025-12-16 00:58:35,281 - Agent - INFO - [37mVal Epoch 2 step 2 with [31mce_loss_combined : 1.399927 [31msl_1 : 0.001101 [31msl_2 : 0.004064 [31minfonce : 4.298128 [31mtotal : 5.703220 [94mAcc_combined: 64.46 [95mCEU_cue_audio: 0.7579 [95mCEU_cue_video: 0.3151 [95mCEU_synergy: 0.1965 [95mCEU_coexistence: 0.8709 
2025-12-16 00:58:35,287 - Agent - INFO - [37mTest Epoch 2 step 2 with [31mce_loss_combined : 1.415969 [31msl_1 : 0.001292 [31msl_2 : 0.004685 [31minfonce : 4.238754 [31mtotal : 5.660701 [94mAcc_combined: 59.96 
2025-12-16 00:58:35,537 - Agent - INFO - [37mModel saved successfully at: /esat/smcdata/users/kkontras/Image_Dataset/no_backup/data/2025_data/synergy/Synprom_IB_maskfold0_l0.01_numsamples32_contrcoeff1.0_perturbmask_fillnoise_lr0.00001_wd0.0001_clsmlp.pth.tar[39m
2025-12-16 00:58:35,542 - Agent - INFO - Total number of trainable parameters are: 821068
2025-12-16 01:00:01,707 - Agent - INFO - [37mVal Epoch 3 step 3 with [31mce_loss_combined : 1.136795 [31msl_1 : 0.003951 [31msl_2 : 0.013789 [31minfonce : 4.298128 [31mtotal : 5.452663 [94mAcc_combined: 67.43 [95mCEU_cue_audio: 0.8036 [95mCEU_cue_video: 0.3151 [95mCEU_synergy: 0.1721 [95mCEU_coexistence: 0.9221 
2025-12-16 01:00:01,713 - Agent - INFO - [37mTest Epoch 3 step 3 with [31mce_loss_combined : 1.179515 [31msl_1 : 0.004513 [31msl_2 : 0.015276 [31minfonce : 4.238754 [31mtotal : 5.438058 [94mAcc_combined: 62.74 
2025-12-16 01:00:01,957 - Agent - INFO - [37mModel saved successfully at: /esat/smcdata/users/kkontras/Image_Dataset/no_backup/data/2025_data/synergy/Synprom_IB_maskfold0_l0.01_numsamples32_contrcoeff1.0_perturbmask_fillnoise_lr0.00001_wd0.0001_clsmlp.pth.tar[39m
2025-12-16 01:00:01,962 - Agent - INFO - Total number of trainable parameters are: 821068
2025-12-16 01:01:29,610 - Agent - INFO - [37mVal Epoch 4 step 4 with [31mce_loss_combined : 0.940858 [31msl_1 : 0.008525 [31msl_2 : 0.027234 [31minfonce : 4.298128 [31mtotal : 5.274745 [94mAcc_combined: 71.75 [95mCEU_cue_audio: 0.8677 [95mCEU_cue_video: 0.3516 [95mCEU_synergy: 0.1721 [95mCEU_coexistence: 0.9705 
2025-12-16 01:01:29,616 - Agent - INFO - [37mTest Epoch 4 step 4 with [31mce_loss_combined : 1.018991 [31msl_1 : 0.009623 [31msl_2 : 0.029725 [31minfonce : 4.238754 [31mtotal : 5.297092 [94mAcc_combined: 65.74 
2025-12-16 01:01:29,854 - Agent - INFO - [37mModel saved successfully at: /esat/smcdata/users/kkontras/Image_Dataset/no_backup/data/2025_data/synergy/Synprom_IB_maskfold0_l0.01_numsamples32_contrcoeff1.0_perturbmask_fillnoise_lr0.00001_wd0.0001_clsmlp.pth.tar[39m
2025-12-16 01:01:29,858 - Agent - INFO - Total number of trainable parameters are: 821068
2025-12-16 01:02:56,738 - Agent - INFO - [37mVal Epoch 5 step 5 with [31mce_loss_combined : 0.826283 [31msl_1 : 0.013710 [31msl_2 : 0.040347 [31minfonce : 4.298128 [31mtotal : 5.178468 [94mAcc_combined: 73.35 [95mCEU_cue_audio: 0.8813 [95mCEU_cue_video: 0.4061 [95mCEU_synergy: 0.1475 [95mCEU_coexistence: 0.9840 
2025-12-16 01:02:56,744 - Agent - INFO - [37mTest Epoch 5 step 5 with [31mce_loss_combined : 0.931422 [31msl_1 : 0.015378 [31msl_2 : 0.043291 [31minfonce : 4.238754 [31mtotal : 5.228846 [94mAcc_combined: 68.52 
2025-12-16 01:02:57,012 - Agent - INFO - [37mModel saved successfully at: /esat/smcdata/users/kkontras/Image_Dataset/no_backup/data/2025_data/synergy/Synprom_IB_maskfold0_l0.01_numsamples32_contrcoeff1.0_perturbmask_fillnoise_lr0.00001_wd0.0001_clsmlp.pth.tar[39m
2025-12-16 01:02:57,016 - Agent - INFO - Total number of trainable parameters are: 821068
2025-12-16 01:04:23,482 - Agent - INFO - [37mVal Epoch 6 step 6 with [31mce_loss_combined : 0.758619 [31msl_1 : 0.017748 [31msl_2 : 0.048830 [31minfonce : 4.298128 [31mtotal : 5.123324 [94mAcc_combined: 74.94 [95mCEU_cue_audio: 0.8905 [95mCEU_cue_video: 0.4545 [95mCEU_synergy: 0.1721 [95mCEU_coexistence: 0.9865 
2025-12-16 01:04:23,487 - Agent - INFO - [37mTest Epoch 6 step 6 with [31mce_loss_combined : 0.876987 [31msl_1 : 0.019809 [31msl_2 : 0.051742 [31minfonce : 4.238754 [31mtotal : 5.187293 [94mAcc_combined: 69.08 
2025-12-16 01:04:23,739 - Agent - INFO - [37mModel saved successfully at: /esat/smcdata/users/kkontras/Image_Dataset/no_backup/data/2025_data/synergy/Synprom_IB_maskfold0_l0.01_numsamples32_contrcoeff1.0_perturbmask_fillnoise_lr0.00001_wd0.0001_clsmlp.pth.tar[39m
2025-12-16 01:04:23,744 - Agent - INFO - Total number of trainable parameters are: 821068
2025-12-16 01:05:51,311 - Agent - INFO - [37mVal Epoch 7 step 7 with [31mce_loss_combined : 0.737306 [31msl_1 : 0.019121 [31msl_2 : 0.051283 [31minfonce : 4.298128 [31mtotal : 5.105838 [94mAcc_combined: 75.06 [95mCEU_cue_audio: 0.8721 [95mCEU_cue_video: 0.4790 [95mCEU_synergy: 0.1721 [95mCEU_coexistence: 0.9891 
2025-12-16 01:05:51,318 - Agent - INFO - [37mTest Epoch 7 step 7 with [31mce_loss_combined : 0.867006 [31msl_1 : 0.021417 [31msl_2 : 0.054549 [31minfonce : 4.238754 [31mtotal : 5.181727 [94mAcc_combined: 69.52 
2025-12-16 01:05:51,561 - Agent - INFO - [37mModel saved successfully at: /esat/smcdata/users/kkontras/Image_Dataset/no_backup/data/2025_data/synergy/Synprom_IB_maskfold0_l0.01_numsamples32_contrcoeff1.0_perturbmask_fillnoise_lr0.00001_wd0.0001_clsmlp.pth.tar[39m
2025-12-16 01:05:51,565 - Agent - INFO - Total number of trainable parameters are: 821068
2025-12-16 01:07:21,166 - Agent - INFO - [37mVal Epoch 8 step 8 with [31mce_loss_combined : 0.736178 [31msl_1 : 0.019376 [31msl_2 : 0.051628 [31minfonce : 4.298128 [31mtotal : 5.105309 [94mAcc_combined: 75.06 [95mCEU_cue_audio: 0.8677 [95mCEU_cue_video: 0.4848 [95mCEU_synergy: 0.1721 [95mCEU_coexistence: 0.9891 
2025-12-16 01:07:21,167 - Agent - INFO - Total number of trainable parameters are: 821068
2025-12-16 01:08:48,277 - Agent - INFO - [37mVal Epoch 9 step 9 with [31mce_loss_combined : 0.706755 [31msl_1 : 0.022318 [31msl_2 : 0.056313 [31minfonce : 4.298128 [31mtotal : 5.083514 [94mAcc_combined: 76.08 [95mCEU_cue_audio: 0.8585 [95mCEU_cue_video: 0.5333 [95mCEU_synergy: 0.1965 [95mCEU_coexistence: 0.9891 
2025-12-16 01:08:48,283 - Agent - INFO - [37mTest Epoch 9 step 9 with [31mce_loss_combined : 0.855638 [31msl_1 : 0.025095 [31msl_2 : 0.059987 [31minfonce : 4.238754 [31mtotal : 5.179475 [94mAcc_combined: 69.74 
2025-12-16 01:08:48,564 - Agent - INFO - [37mModel saved successfully at: /esat/smcdata/users/kkontras/Image_Dataset/no_backup/data/2025_data/synergy/Synprom_IB_maskfold0_l0.01_numsamples32_contrcoeff1.0_perturbmask_fillnoise_lr0.00001_wd0.0001_clsmlp.pth.tar[39m
2025-12-16 01:08:48,568 - Agent - INFO - Total number of trainable parameters are: 821068
2025-12-16 01:10:16,277 - Agent - INFO - [37mVal Epoch 10 step 10 with [31mce_loss_combined : 0.671406 [31msl_1 : 0.024411 [31msl_2 : 0.057489 [31minfonce : 4.298128 [31mtotal : 5.051434 [94mAcc_combined: 76.99 [95mCEU_cue_audio: 0.8492 [95mCEU_cue_video: 0.5758 [95mCEU_synergy: 0.2050 [95mCEU_coexistence: 0.9946 
2025-12-16 01:10:16,285 - Agent - INFO - [37mTest Epoch 10 step 10 with [31mce_loss_combined : 0.826498 [31msl_1 : 0.027208 [31msl_2 : 0.060254 [31minfonce : 4.238754 [31mtotal : 5.152715 [94mAcc_combined: 71.52 
2025-12-16 01:10:16,549 - Agent - INFO - [37mModel saved successfully at: /esat/smcdata/users/kkontras/Image_Dataset/no_backup/data/2025_data/synergy/Synprom_IB_maskfold0_l0.01_numsamples32_contrcoeff1.0_perturbmask_fillnoise_lr0.00001_wd0.0001_clsmlp.pth.tar[39m
2025-12-16 01:10:16,553 - Agent - INFO - Total number of trainable parameters are: 821068
2025-12-16 01:11:42,607 - Agent - INFO - [37mVal Epoch 11 step 11 with [31mce_loss_combined : 0.664570 [31msl_1 : 0.026541 [31msl_2 : 0.059933 [31minfonce : 4.298128 [31mtotal : 5.049173 [94mAcc_combined: 76.77 [95mCEU_cue_audio: 0.8356 [95mCEU_cue_video: 0.5817 [95mCEU_synergy: 0.2050 [95mCEU_coexistence: 0.9946 
2025-12-16 01:11:42,608 - Agent - INFO - Total number of trainable parameters are: 821068
2025-12-16 01:13:10,026 - Agent - INFO - [37mVal Epoch 12 step 12 with [31mce_loss_combined : 0.647066 [31msl_1 : 0.027565 [31msl_2 : 0.059593 [31minfonce : 4.298128 [31mtotal : 5.032352 [94mAcc_combined: 77.45 [95mCEU_cue_audio: 0.8312 [95mCEU_cue_video: 0.6120 [95mCEU_synergy: 0.2131 [95mCEU_coexistence: 0.9974 
2025-12-16 01:13:10,032 - Agent - INFO - [37mTest Epoch 12 step 12 with [31mce_loss_combined : 0.819690 [31msl_1 : 0.030734 [31msl_2 : 0.062241 [31minfonce : 4.238754 [31mtotal : 5.151419 [94mAcc_combined: 70.97 
2025-12-16 01:13:10,281 - Agent - INFO - [37mModel saved successfully at: /esat/smcdata/users/kkontras/Image_Dataset/no_backup/data/2025_data/synergy/Synprom_IB_maskfold0_l0.01_numsamples32_contrcoeff1.0_perturbmask_fillnoise_lr0.00001_wd0.0001_clsmlp.pth.tar[39m
2025-12-16 01:13:10,286 - Agent - INFO - Total number of trainable parameters are: 821068
2025-12-16 01:14:36,920 - Agent - INFO - [37mVal Epoch 13 step 13 with [31mce_loss_combined : 0.643263 [31msl_1 : 0.028397 [31msl_2 : 0.060535 [31minfonce : 4.298128 [31mtotal : 5.030322 [94mAcc_combined: 77.68 [95mCEU_cue_audio: 0.8401 [95mCEU_cue_video: 0.6181 [95mCEU_synergy: 0.2131 [95mCEU_coexistence: 0.9946 
2025-12-16 01:14:36,926 - Agent - INFO - [37mTest Epoch 13 step 13 with [31mce_loss_combined : 0.816597 [31msl_1 : 0.031645 [31msl_2 : 0.063169 [31minfonce : 4.238754 [31mtotal : 5.150166 [94mAcc_combined: 71.64 
2025-12-16 01:14:37,358 - Agent - INFO - [37mModel saved successfully at: /esat/smcdata/users/kkontras/Image_Dataset/no_backup/data/2025_data/synergy/Synprom_IB_maskfold0_l0.01_numsamples32_contrcoeff1.0_perturbmask_fillnoise_lr0.00001_wd0.0001_clsmlp.pth.tar[39m
2025-12-16 01:14:37,362 - Agent - INFO - Total number of trainable parameters are: 821068
2025-12-16 01:16:02,498 - Agent - INFO - [37mVal Epoch 14 step 14 with [31mce_loss_combined : 0.641364 [31msl_1 : 0.028936 [31msl_2 : 0.060931 [31minfonce : 4.298128 [31mtotal : 5.029359 [94mAcc_combined: 77.68 [95mCEU_cue_audio: 0.8312 [95mCEU_cue_video: 0.6181 [95mCEU_synergy: 0.2295 [95mCEU_coexistence: 0.9946 
2025-12-16 01:16:02,500 - Agent - INFO - Total number of trainable parameters are: 821068
2025-12-16 01:17:30,529 - Agent - INFO - [37mVal Epoch 15 step 15 with [31mce_loss_combined : 0.639317 [31msl_1 : 0.029145 [31msl_2 : 0.060891 [31minfonce : 4.298128 [31mtotal : 5.027482 [94mAcc_combined: 77.68 [95mCEU_cue_audio: 0.8265 [95mCEU_cue_video: 0.6243 [95mCEU_synergy: 0.2295 [95mCEU_coexistence: 0.9946 
2025-12-16 01:17:30,530 - Agent - INFO - Total number of trainable parameters are: 821068
2025-12-16 01:18:58,219 - Agent - INFO - [37mVal Epoch 16 step 16 with [31mce_loss_combined : 0.639624 [31msl_1 : 0.029147 [31msl_2 : 0.060977 [31minfonce : 4.298128 [31mtotal : 5.027875 [94mAcc_combined: 77.56 [95mCEU_cue_audio: 0.8220 [95mCEU_cue_video: 0.6243 [95mCEU_synergy: 0.2295 [95mCEU_coexistence: 0.9946 
2025-12-16 01:18:58,221 - Agent - INFO - Total number of trainable parameters are: 821068
2025-12-16 01:20:27,616 - Agent - INFO - [37mVal Epoch 17 step 17 with [31mce_loss_combined : 0.624514 [31msl_1 : 0.030335 [31msl_2 : 0.061350 [31minfonce : 4.298128 [31mtotal : 5.014328 [94mAcc_combined: 78.13 [95mCEU_cue_audio: 0.8128 [95mCEU_cue_video: 0.6605 [95mCEU_synergy: 0.2376 [95mCEU_coexistence: 0.9946 
2025-12-16 01:20:27,622 - Agent - INFO - [37mTest Epoch 17 step 17 with [31mce_loss_combined : 0.807792 [31msl_1 : 0.033652 [31msl_2 : 0.063852 [31minfonce : 4.238754 [31mtotal : 5.144050 [94mAcc_combined: 71.30 
2025-12-16 01:20:27,883 - Agent - INFO - [37mModel saved successfully at: /esat/smcdata/users/kkontras/Image_Dataset/no_backup/data/2025_data/synergy/Synprom_IB_maskfold0_l0.01_numsamples32_contrcoeff1.0_perturbmask_fillnoise_lr0.00001_wd0.0001_clsmlp.pth.tar[39m
2025-12-16 01:20:27,888 - Agent - INFO - Total number of trainable parameters are: 821068
