000 (006.088.000) 2025-11-23 17:34:50 Job submitted from host: <10.87.28.3:9618?addrs=10.87.28.3-9618&alias=deanston.esat.kuleuven.be&noUDP&sock=schedd_1644_39c9>
...
001 (006.088.000) 2025-11-23 17:36:35 Job executing on host: <10.87.28.117:9618?addrs=10.87.28.117-9618&alias=stadius-nc-4.esat.kuleuven.be&noUDP&sock=startd_3356_83ed>
	SlotName: slot1_1@stadius-nc-4.esat.kuleuven.be
	AvailableGPUs = { GPUs_GPU_1236270c }
	CondorScratchDir = "/volume1/condor/execute/dir_31576"
	Cpus = 8
	Disk = 1050150
	GPUs = 1
	GPUs_GPU_1236270c = [ Id = "GPU-1236270c"; ClockMhz = 1545.0; Capability = 7.5; CoresPerCU = 64; DeviceName = "NVIDIA GeForce RTX 2080 Ti"; DeviceUuid = "1236270c-ad23-648a-e65a-80b2ab2cf0c3"; ECCEnabled = false; ComputeUnits = 68; NvidiaDriver = "570.153.02"; DriverVersion = 12.8; DevicePciBusId = "0000:25:00.0"; GlobalMemoryMb = 10823; MaxSupportedVersion = 12080 ]
	Memory = 71680
...
006 (006.088.000) 2025-11-23 17:36:44 Image size of job updated: 258672
	253  -  MemoryUsage of job (MB)
	258672  -  ResidentSetSize of job (KB)
...
006 (006.088.000) 2025-11-23 17:36:50 Image size of job updated: 620628
	607  -  MemoryUsage of job (MB)
	620628  -  ResidentSetSize of job (KB)
...
004 (006.088.000) 2025-11-23 17:36:50 Job was evicted. Code 1009 Subcode 0
	(0) CPU times
		Usr 0 00:00:06, Sys 0 00:00:03  -  Run Remote Usage
		Usr 0 00:00:00, Sys 0 00:00:00  -  Run Local Usage
	0  -  Run Bytes Sent By Job
	0  -  Run Bytes Received By Job
	Reason: Claim deactivated
	Partitionable Resources :    Usage  Request Allocated Assigned
	   Cpus                 :        0        8         8 
	   Disk (KB)            :        2  1048576   1050150 
	   GPUs                 :        0        1         1 "GPU-1236270c"
	   Memory (MB)          :      607    71680     71680 
	   TimeExecute (s)      :       15                    
	   TimeSlotBusy (s)     :       15                    
...
009 (006.088.000) 2025-11-23 17:36:50 Job was aborted.
	via condor_rm (by user kkontras)
...
