000 (007.013.000) 2025-11-23 17:36:53 Job submitted from host: <10.87.28.3:9618?addrs=10.87.28.3-9618&alias=deanston.esat.kuleuven.be&noUDP&sock=schedd_1644_39c9>
...
001 (007.013.000) 2025-11-24 01:17:15 Job executing on host: <10.87.24.139:9618?addrs=10.87.24.139-9618&alias=fig.esat.kuleuven.be&noUDP&sock=startd_2107_ce23>
	SlotName: slot1_1@fig.esat.kuleuven.be
	AvailableGPUs = { GPUs_GPU_cedc718d }
	CondorScratchDir = "/usr/data/condor/execute/dir_1406436/scratch"
	Cpus = 8
	Disk = 1048576
	GPUs = 1
	GPUs_GPU_cedc718d = [ Id = "GPU-cedc718d"; ClockMhz = 1695.0; Capability = 8.6; CoresPerCU = 128; DeviceName = "NVIDIA GeForce RTX 3090"; DeviceUuid = "cedc718d-8ccd-1c5c-42ee-9f07bacbde5e"; ECCEnabled = false; ComputeUnits = 82; NvidiaDriver = "580.105.08"; DriverVersion = 13.0; DevicePciBusId = "0000:09:00.0"; GlobalMemoryMb = 24124; MaxSupportedVersion = 13000 ]
	Memory = 71680
...
006 (007.013.000) 2025-11-24 01:17:24 Image size of job updated: 515556
	504  -  MemoryUsage of job (MB)
	515556  -  ResidentSetSize of job (KB)
...
006 (007.013.000) 2025-11-24 01:22:26 Image size of job updated: 3583676
	2934  -  MemoryUsage of job (MB)
	3004192  -  ResidentSetSize of job (KB)
...
006 (007.013.000) 2025-11-24 01:27:26 Image size of job updated: 3583676
	3193  -  MemoryUsage of job (MB)
	3269428  -  ResidentSetSize of job (KB)
...
006 (007.013.000) 2025-11-24 01:37:27 Image size of job updated: 3611920
	3203  -  MemoryUsage of job (MB)
	3279828  -  ResidentSetSize of job (KB)
...
006 (007.013.000) 2025-11-24 01:42:27 Image size of job updated: 3611920
	3213  -  MemoryUsage of job (MB)
	3289892  -  ResidentSetSize of job (KB)
...
006 (007.013.000) 2025-11-24 02:02:30 Image size of job updated: 3611920
	3227  -  MemoryUsage of job (MB)
	3304356  -  ResidentSetSize of job (KB)
...
006 (007.013.000) 2025-11-24 02:07:30 Image size of job updated: 3694488
	3227  -  MemoryUsage of job (MB)
	3304356  -  ResidentSetSize of job (KB)
...
006 (007.013.000) 2025-11-24 02:27:33 Image size of job updated: 3694488
	3446  -  MemoryUsage of job (MB)
	3527684  -  ResidentSetSize of job (KB)
...
006 (007.013.000) 2025-11-24 03:02:35 Image size of job updated: 3863976
	3446  -  MemoryUsage of job (MB)
	3527684  -  ResidentSetSize of job (KB)
...
006 (007.013.000) 2025-11-24 03:57:42 Image size of job updated: 3880524
	3446  -  MemoryUsage of job (MB)
	3527684  -  ResidentSetSize of job (KB)
...
006 (007.013.000) 2025-11-24 04:22:45 Image size of job updated: 3880524
	3608  -  MemoryUsage of job (MB)
	3694048  -  ResidentSetSize of job (KB)
...
005 (007.013.000) 2025-11-24 04:23:40 Job terminated.
	(1) Normal termination (return value 0)
		Usr 0 09:39:35, Sys 0 00:47:58  -  Run Remote Usage
		Usr 0 00:00:00, Sys 0 00:00:00  -  Run Local Usage
		Usr 0 09:39:35, Sys 0 00:47:58  -  Total Remote Usage
		Usr 0 00:00:00, Sys 0 00:00:00  -  Total Local Usage
	0  -  Run Bytes Sent By Job
	0  -  Run Bytes Received By Job
	0  -  Total Bytes Sent By Job
	0  -  Total Bytes Received By Job
	Partitionable Resources :    Usage  Request Allocated Assigned
	   Cpus                 :     3.40        8         8 
	   Disk (KB)            :     2     1048576   1048576 
	   GPUs                 :     0.18        1         1 "GPU-cedc718d"
	   GpusMemory (MB)      :  4267                       
	   Memory (MB)          :  3608       71680     71680 
	   TimeExecute (s)      : 11185                       
	   TimeSlotBusy (s)     : 11185                       
...
000 (007.013.000) 2025-12-16 01:21:28 Job submitted from host: <10.87.28.129:9618?addrs=10.87.28.129-9618&alias=timmermans.esat.kuleuven.be&noUDP&sock=schedd_1428_1154>
...
009 (007.013.000) 2025-12-16 01:21:39 Job was aborted.
	via condor_rm (by user kkontras)
...
