Starting Job
/esat/smcdata/users/kkontras/Image_Dataset/no_backup/git/Synergy/train.py
/esat/smcdata/users/kkontras/Image_Dataset/no_backup/envs/synergy_new/bin/python
Python 3.10.19
/esat/smcdata/users/kkontras/Image_Dataset/no_backup/git/Synergy
We have 1 GPU
/esat/smcdata/users/kkontras/Image_Dataset/no_backup/git/Synergy/train.py
config-./configs/CREMA_D/synergy/nov/synprom_generatorVAEOneSide.json
Executing command: accelerate launch /esat/smcdata/users/kkontras/Image_Dataset/no_backup/git/Synergy/train.py --config ./configs/CREMA_D/synergy/nov/synprom_generatorVAEOneSide.json --default_config ./configs/CREMA_D/default_config_cremad_res_syn.json --fold 0 --lr 0.0003 --wd 1e-5 --perturb gen --start_over  --cls mlp --lib 0.01
Namespace(config='./configs/CREMA_D/synergy/nov/synprom_generatorVAEOneSide.json', default_config='./configs/CREMA_D/default_config_cremad_res_syn.json', fold='0', alpha=None, tanh_mode=None, tanh_mode_beta=None, regby=None, clip=None, batch_size=None, l=None, multil=None, l_diffsq=None, lib='0.01', ratio_us=None, ratio_snr=None, kmepoch=None, num_samples=None, pow=None, nstep=None, contrcoeff=None, kde_coeff=None, etube=None, temperature=None, contr_type=None, shuffle_type=None, validate_with=None, transform_type=None, trasform_before=None, num_classes=None, base_alpha=None, alpha_var=None, base_beta=None, beta_var=None, optim_method=None, ilr_c=None, ilr_g=None, mmcosine_scaling=None, ending_epoch=None, load_ongoing=None, commonlayers=None, recon_weight1=None, recon_weight2=None, recon_epochstages=None, recon_ensemblestages=None, lr='0.0003', wd='1e-5', mm=None, cls='mlp', perturb='gen', pre=False, frozen=False, tdqm_disable=False, start_over=True)
2025-11-24 01:29:32,902 - Config - INFO - ./configs/CREMA_D/synergy/nov/synprom_generatorVAEOneSide.json
2025-11-24 01:29:32,904 - Config - INFO -  THE Configuration of your experiment ..
{'agent': 'Agent',
 'dataset': {'data_roots': '/esat/smcdata/users/kkontras/Image_Dataset/no_backup/CremaD/CREMA-D',
             'data_split': {'fold': 0, 'method': 'non_inclusive'},
             'dataloader_class': 'CramedD_Dataloader',
             'fps': 1,
             'norm': False,
             'norm_face_path': './mydatasets/CREMAD/norm_face_path_fold{}.pkl',
             'norm_wav_path': './mydatasets/CREMAD/wav_norm_16000_fold{}.pkl',
             'num_frame': 3,
             'return_data': {'audio': False,
                             'face': False,
                             'spectrogram': True,
                             'video': True},
             'sampling_rate': 22050},
 'early_stopping': {'end_of_epoch_check': True,
                    'log_interval': 10,
                    'max_epoch': 1500,
                    'n_steps_stop': 100,
                    'n_steps_stop_after': 0,
                    'save_every_step': 3000,
                    'save_every_valstep': 10,
                    'validate_after': 0,
                    'validate_every': 25,
                    'validate_with': 'loss'},
 'exp_name': 'CREMAD Experiment',
 'model': {'args': {'bias_infusion': {'ending_epoch': 1500,
                                      'l': 0.1,
                                      'method': 'false',
                                      'plot': False,
                                      'starting_epoch': 0,
                                      'use': True},
                    'clip_grad': False,
                    'cls_type': 'linear',
                    'd_model': 512,
                    'dropout': 0.1,
                    'fc_inner': 64,
                    'multi_loss': {'multi_supervised_w': {'c': 0,
                                                          'combined': 1,
                                                          'g': 0}},
                    'num_classes': 6,
                    'swap_direction': True},
           'encoders': [{'args': {'d_model': 512,
                                  'dropout': 0.1,
                                  'fc_inner': 64,
                                  'freeze_encoder': True,
                                  'num_classes': 6},
                         'model': 'Audio_ResNet',
                         'pretrainedEncoder': {'dir': 'unimodal_audio_fold{}_lr0.001_wd0.0001.pth.tar',
                                               'use': True}},
                        {'args': {'d_model': 512,
                                  'dropout': 0.1,
                                  'fc_inner': 64,
                                  'freeze_encoder': True,
                                  'num_classes': 6},
                         'model': 'Video_ResNet',
                         'pretrainedEncoder': {'dir': 'unimodal_video_fold{}_lr0.001_wd0.0001.pth.tar',
                                               'use': True}},
                        {'args': {'dim_in': 512,
                                  'dim_out': 512,
                                  'hidden': 512,
                                  'latent_dim': 64},
                         'model': 'SimpleVAEZ2toZ1OneSide',
                         'pretrainedEncoder': {'dir': '', 'use': False},
                         'save_encoder': True}],
           'load_ongoing': False,
           'model_class': 'Model_GeneratorVAEOneSide',
           'save_base_dir': '/esat/smcdata/users/kkontras/Image_Dataset/no_backup/data/2025_data/synergy',
           'save_dir': 'Synprom_IB_genVAEOS{}.pth.tar'},
 'optimizer': {'beta1': 0.9,
               'beta2': 0.999,
               'learning_rate': 1e-05,
               'momentum': 0.9,
               'type': 'Adam',
               'weight_decay': 1e-05},
 'scheduler': {'max_lr': 0.03, 'type': 'cosanneal', 'warm_up_steps': 780},
 'task': 'generative',
 'training_params': {'adversarial_training': {'adv_epsilon': 0.01,
                                              'use': False},
                     'async_loading': True,
                     'batch_size': 128,
                     'cuda': True,
                     'data_loader_workers': 8,
                     'gpu_device': [0],
                     'pin_memory': False,
                     'rec_test': False,
                     'res': True,
                     'seed': 109,
                     'tdqm_disable': False,
                     'test_batch_size': 128,
                     'test_on_bottoms': False,
                     'use_test_set': True,
                     'validation': True,
                     'verbose': True,
                     'wandb_disable': False}}
2025-11-24 01:29:32,907 - Config - INFO -  *************************************** 
2025-11-24 01:29:32,907 - Config - INFO - The experiment name is CREMAD Experiment
2025-11-24 01:29:32,907 - Config - INFO -  *************************************** 
2025-11-24 01:29:32,907 - root - INFO - save_dir: Synprom_IB_genVAEOSfold0_lib0.01_perturbgen_lr0.0003_wd1e-5_clsmlp.pth.tar
2025-11-24 01:29:32,977 - Cuda Statistics - INFO - __Python VERSION:  3.10.19 (main, Oct 21 2025, 16:43:05) [GCC 11.2.0]
2025-11-24 01:29:32,977 - Cuda Statistics - INFO - __pyTorch VERSION:  2.6.0+cu124
2025-11-24 01:29:32,977 - Cuda Statistics - INFO - __CUDA VERSION
2025-11-24 01:29:32,979 - Cuda Statistics - INFO - __CUDNN VERSION:  90100
2025-11-24 01:29:33,017 - Cuda Statistics - INFO - __Number CUDA Devices:  1
2025-11-24 01:29:33,017 - Cuda Statistics - INFO - __Devices
2025-11-24 01:29:33,018 - Cuda Statistics - INFO - index, name, driver_version, memory.total [MiB], memory.used [MiB], memory.free [MiB]
2025-11-24 01:29:33,018 - Cuda Statistics - INFO - 0, NVIDIA GeForce RTX 3090, 580.105.08, 24576 MiB, 4 MiB, 24121 MiB
2025-11-24 01:29:33,022 - Cuda Statistics - INFO - Active CUDA Device: GPU 0
2025-11-24 01:29:33,023 - Cuda Statistics - INFO - Available devices  1
2025-11-24 01:29:33,023 - Cuda Statistics - INFO - Current cuda device  0
This path does not exist /esat/smcdata/users/kkontras/Image_Dataset/no_backup/CremaD/CREMA-D/AudioWAV/1076_MTI_SAD_XX.wav or /esat/smcdata/users/kkontras/Image_Dataset/no_backup/CremaD/CREMA-D/Image-01-FPS/1076_MTI_SAD_XX or /esat/smcdata/users/kkontras/Image_Dataset/no_backup/CremaD/CREMA-D/Face_features/1076_MTI_SAD_XX.npy
2025-11-24 01:29:34,629 - root - INFO - Loaded wav norm from ./mydatasets/CREMAD/wav_norm_16000_fold0.pkl
2025-11-24 01:29:34,632 - root - INFO - Norm values are {'mean': tensor(-2.7937e-05), 'std': tensor(0.0613), 'max_duration': 4.8715625}
2025-11-24 01:29:35,025 - root - INFO - Loaded wav norm from ./mydatasets/CREMAD/wav_norm_16000_fold0.pkl
2025-11-24 01:29:35,026 - root - INFO - Norm values are {'mean': tensor(-2.7937e-05), 'std': tensor(0.0613), 'max_duration': 4.8715625}
2025-11-24 01:29:35,460 - root - INFO - Loaded wav norm from ./mydatasets/CREMAD/wav_norm_16000_fold0.pkl
2025-11-24 01:29:35,461 - root - INFO - Norm values are {'mean': tensor(-2.7937e-05), 'std': tensor(0.0613), 'max_duration': 4.8715625}
Available cores 8
We are changing dataloader workers to num of cores 0
2025-11-24 01:29:35,462 - Agent - INFO - Device: cuda:0
2025-11-24 01:29:35,462 - Agent - INFO - Total training batches: 32, validate every 25 batches, steps per epoch: 2
2025-11-24 01:29:37,091 - Agent - INFO - Loss Weights are {'total': 1, 'combined': 1, 'c': 0, 'g': 0}
2025-11-24 01:29:37,358 - root - INFO - Loading enc best model state dict from /esat/smcdata/users/kkontras/Image_Dataset/no_backup/data/2025_data/synergy/unimodal_audio_fold0_lr0.001_wd0.0001.pth.tar
2025-11-24 01:29:37,677 - root - INFO - Loading enc best model state dict from /esat/smcdata/users/kkontras/Image_Dataset/no_backup/data/2025_data/synergy/unimodal_video_fold0_lr0.001_wd0.0001.pth.tar
2025-11-24 01:29:37,704 - Agent - INFO - Freezing encoder enc_0
2025-11-24 01:29:37,705 - Agent - INFO - Freezing encoder enc_1
2025-11-24 01:29:37,859 - Agent - INFO - Total number of trainable parameters are: 23502476
2025-11-24 01:29:37,864 - Agent - INFO - Total number of trainable parameters are: 1149568
2025-11-24 01:30:59,166 - Agent - INFO - [37mVal Epoch 1 step 1 with [31mpx_total : 0.183357 [31mtotal : 0.183357 
2025-11-24 01:30:59,353 - Agent - INFO - [37mModel saved successfully at: /esat/smcdata/users/kkontras/Image_Dataset/no_backup/data/2025_data/synergy/Synprom_IB_genVAEOSfold0_lib0.01_perturbgen_lr0.0003_wd1e-5_clsmlp.pth.tar[39m
2025-11-24 01:32:19,399 - Agent - INFO - [37mVal Epoch 2 step 2 with [31mpx_total : 0.176593 [31mtotal : 0.176593 
2025-11-24 01:32:19,671 - Agent - INFO - [37mModel saved successfully at: /esat/smcdata/users/kkontras/Image_Dataset/no_backup/data/2025_data/synergy/Synprom_IB_genVAEOSfold0_lib0.01_perturbgen_lr0.0003_wd1e-5_clsmlp.pth.tar[39m
2025-11-24 01:33:38,497 - Agent - INFO - [37mVal Epoch 3 step 3 with [31mpx_total : 0.175527 [31mtotal : 0.175527 
2025-11-24 01:33:38,745 - Agent - INFO - [37mModel saved successfully at: /esat/smcdata/users/kkontras/Image_Dataset/no_backup/data/2025_data/synergy/Synprom_IB_genVAEOSfold0_lib0.01_perturbgen_lr0.0003_wd1e-5_clsmlp.pth.tar[39m
2025-11-24 01:34:57,857 - Agent - INFO - [37mVal Epoch 4 step 4 with [31mpx_total : 0.163963 [31mtotal : 0.163963 
2025-11-24 01:34:58,106 - Agent - INFO - [37mModel saved successfully at: /esat/smcdata/users/kkontras/Image_Dataset/no_backup/data/2025_data/synergy/Synprom_IB_genVAEOSfold0_lib0.01_perturbgen_lr0.0003_wd1e-5_clsmlp.pth.tar[39m
2025-11-24 01:36:17,954 - Agent - INFO - [37mVal Epoch 5 step 5 with [31mpx_total : 0.153716 [31mtotal : 0.153716 
2025-11-24 01:36:18,202 - Agent - INFO - [37mModel saved successfully at: /esat/smcdata/users/kkontras/Image_Dataset/no_backup/data/2025_data/synergy/Synprom_IB_genVAEOSfold0_lib0.01_perturbgen_lr0.0003_wd1e-5_clsmlp.pth.tar[39m
2025-11-24 01:37:37,676 - Agent - INFO - [37mVal Epoch 6 step 6 with [31mpx_total : 0.150886 [31mtotal : 0.150886 
2025-11-24 01:37:37,931 - Agent - INFO - [37mModel saved successfully at: /esat/smcdata/users/kkontras/Image_Dataset/no_backup/data/2025_data/synergy/Synprom_IB_genVAEOSfold0_lib0.01_perturbgen_lr0.0003_wd1e-5_clsmlp.pth.tar[39m
2025-11-24 01:38:57,468 - Agent - INFO - [37mVal Epoch 7 step 7 with [31mpx_total : 0.150019 [31mtotal : 0.150019 
2025-11-24 01:38:57,766 - Agent - INFO - [37mModel saved successfully at: /esat/smcdata/users/kkontras/Image_Dataset/no_backup/data/2025_data/synergy/Synprom_IB_genVAEOSfold0_lib0.01_perturbgen_lr0.0003_wd1e-5_clsmlp.pth.tar[39m
2025-11-24 01:40:16,641 - Agent - INFO - [37mVal Epoch 8 step 8 with [31mpx_total : 0.150139 [31mtotal : 0.150139 
2025-11-24 01:41:35,242 - Agent - INFO - [37mVal Epoch 9 step 9 with [31mpx_total : 0.144743 [31mtotal : 0.144743 
2025-11-24 01:41:35,493 - Agent - INFO - [37mModel saved successfully at: /esat/smcdata/users/kkontras/Image_Dataset/no_backup/data/2025_data/synergy/Synprom_IB_genVAEOSfold0_lib0.01_perturbgen_lr0.0003_wd1e-5_clsmlp.pth.tar[39m

Pair                         dist_corr             cka      cosine_sim   cca_mean_corr procrustes_disp
------------------------------------------------------------------------------------------------------
z1_vs_z2                        0.1358         0.1136         0.3664         0.9873         0.8658
z1_vs_~z                        0.2680         0.2664         0.8013         0.9851         0.7909
z2_vs_~z                        0.4911         0.3773         0.3990         0.9854         0.5441
------------------------------------------------------------------------------------------------------
2025-11-24 01:43:14,322 - Agent - INFO - [37mVal Epoch 10 step 10 with [31mpx_total : 0.142764 [31mtotal : 0.142764 
2025-11-24 01:43:14,653 - Agent - INFO - [37mModel saved successfully at: /esat/smcdata/users/kkontras/Image_Dataset/no_backup/data/2025_data/synergy/Synprom_IB_genVAEOSfold0_lib0.01_perturbgen_lr0.0003_wd1e-5_clsmlp.pth.tar[39m
2025-11-24 01:44:33,777 - Agent - INFO - [37mVal Epoch 11 step 11 with [31mpx_total : 0.146584 [31mtotal : 0.146584 
2025-11-24 01:45:53,607 - Agent - INFO - [37mVal Epoch 12 step 12 with [31mpx_total : 0.143404 [31mtotal : 0.143404 
2025-11-24 01:47:13,229 - Agent - INFO - [37mVal Epoch 13 step 13 with [31mpx_total : 0.142652 [31mtotal : 0.142652 
2025-11-24 01:47:13,476 - Agent - INFO - [37mModel saved successfully at: /esat/smcdata/users/kkontras/Image_Dataset/no_backup/data/2025_data/synergy/Synprom_IB_genVAEOSfold0_lib0.01_perturbgen_lr0.0003_wd1e-5_clsmlp.pth.tar[39m
2025-11-24 01:48:33,187 - Agent - INFO - [37mVal Epoch 14 step 14 with [31mpx_total : 0.143836 [31mtotal : 0.143836 
2025-11-24 01:49:51,742 - Agent - INFO - [37mVal Epoch 15 step 15 with [31mpx_total : 0.147501 [31mtotal : 0.147501 
2025-11-24 01:51:11,034 - Agent - INFO - [37mVal Epoch 16 step 16 with [31mpx_total : 0.145462 [31mtotal : 0.145462 
2025-11-24 01:52:29,720 - Agent - INFO - [37mVal Epoch 17 step 17 with [31mpx_total : 0.141557 [31mtotal : 0.141557 
2025-11-24 01:52:29,971 - Agent - INFO - [37mModel saved successfully at: /esat/smcdata/users/kkontras/Image_Dataset/no_backup/data/2025_data/synergy/Synprom_IB_genVAEOSfold0_lib0.01_perturbgen_lr0.0003_wd1e-5_clsmlp.pth.tar[39m
2025-11-24 01:53:49,290 - Agent - INFO - [37mVal Epoch 18 step 18 with [31mpx_total : 0.144471 [31mtotal : 0.144471 
2025-11-24 01:55:07,875 - Agent - INFO - [37mVal Epoch 19 step 19 with [31mpx_total : 0.141940 [31mtotal : 0.141940 

Pair                         dist_corr             cka      cosine_sim   cca_mean_corr procrustes_disp
------------------------------------------------------------------------------------------------------
z1_vs_z2                        0.1358         0.1136         0.3664         0.9873         0.8658
z1_vs_~z                        0.2639         0.2642         0.7979         0.9767         0.7840
z2_vs_~z                        0.4525         0.3203         0.3977         0.9870         0.5412
------------------------------------------------------------------------------------------------------
2025-11-24 01:56:47,774 - Agent - INFO - [37mVal Epoch 20 step 20 with [31mpx_total : 0.143468 [31mtotal : 0.143468 
2025-11-24 01:58:09,152 - Agent - INFO - [37mVal Epoch 21 step 21 with [31mpx_total : 0.145273 [31mtotal : 0.145273 
2025-11-24 01:59:28,819 - Agent - INFO - [37mVal Epoch 22 step 22 with [31mpx_total : 0.146834 [31mtotal : 0.146834 
2025-11-24 02:00:47,384 - Agent - INFO - [37mVal Epoch 23 step 23 with [31mpx_total : 0.142417 [31mtotal : 0.142417 
2025-11-24 02:02:06,231 - Agent - INFO - [37mVal Epoch 24 step 24 with [31mpx_total : 0.146765 [31mtotal : 0.146765 
2025-11-24 02:03:26,136 - Agent - INFO - [37mVal Epoch 25 step 25 with [31mpx_total : 0.144849 [31mtotal : 0.144849 
2025-11-24 02:04:45,887 - Agent - INFO - [37mVal Epoch 26 step 26 with [31mpx_total : 0.145084 [31mtotal : 0.145084 
2025-11-24 02:06:04,820 - Agent - INFO - [37mVal Epoch 27 step 27 with [31mpx_total : 0.143784 [31mtotal : 0.143784 
2025-11-24 02:07:23,036 - Agent - INFO - [37mVal Epoch 28 step 28 with [31mpx_total : 0.147620 [31mtotal : 0.147620 
2025-11-24 02:08:42,974 - Agent - INFO - [37mVal Epoch 29 step 29 with [31mpx_total : 0.147756 [31mtotal : 0.147756 

Pair                         dist_corr             cka      cosine_sim   cca_mean_corr procrustes_disp
------------------------------------------------------------------------------------------------------
z1_vs_z2                        0.1358         0.1136         0.3664         0.9873         0.8658
z1_vs_~z                        0.2449         0.2489         0.7980         0.9735         0.7994
z2_vs_~z                        0.4432         0.3176         0.3963         0.9888         0.5493
------------------------------------------------------------------------------------------------------
2025-11-24 02:10:23,874 - Agent - INFO - [37mVal Epoch 30 step 30 with [31mpx_total : 0.146333 [31mtotal : 0.146333 
2025-11-24 02:11:43,290 - Agent - INFO - [37mVal Epoch 31 step 31 with [31mpx_total : 0.146998 [31mtotal : 0.146998 
2025-11-24 02:13:03,752 - Agent - INFO - [37mVal Epoch 32 step 32 with [31mpx_total : 0.148016 [31mtotal : 0.148016 
2025-11-24 02:14:23,333 - Agent - INFO - [37mVal Epoch 33 step 33 with [31mpx_total : 0.146365 [31mtotal : 0.146365 
2025-11-24 02:15:43,206 - Agent - INFO - [37mVal Epoch 34 step 34 with [31mpx_total : 0.144131 [31mtotal : 0.144131 
2025-11-24 02:17:04,217 - Agent - INFO - [37mVal Epoch 35 step 35 with [31mpx_total : 0.143708 [31mtotal : 0.143708 
2025-11-24 02:18:24,422 - Agent - INFO - [37mVal Epoch 36 step 36 with [31mpx_total : 0.141211 [31mtotal : 0.141211 
2025-11-24 02:18:24,718 - Agent - INFO - [37mModel saved successfully at: /esat/smcdata/users/kkontras/Image_Dataset/no_backup/data/2025_data/synergy/Synprom_IB_genVAEOSfold0_lib0.01_perturbgen_lr0.0003_wd1e-5_clsmlp.pth.tar[39m
2025-11-24 02:19:45,328 - Agent - INFO - [37mVal Epoch 37 step 37 with [31mpx_total : 0.145270 [31mtotal : 0.145270 
2025-11-24 02:21:05,423 - Agent - INFO - [37mVal Epoch 38 step 38 with [31mpx_total : 0.148367 [31mtotal : 0.148367 
2025-11-24 02:22:25,800 - Agent - INFO - [37mVal Epoch 39 step 39 with [31mpx_total : 0.144699 [31mtotal : 0.144699 

Pair                         dist_corr             cka      cosine_sim   cca_mean_corr procrustes_disp
------------------------------------------------------------------------------------------------------
z1_vs_z2                        0.1358         0.1136         0.3664         0.9873         0.8658
z1_vs_~z                        0.2580         0.2517         0.7984         0.9705         0.7988
z2_vs_~z                        0.4506         0.3173         0.3964         0.9886         0.5413
------------------------------------------------------------------------------------------------------
2025-11-24 02:24:03,901 - Agent - INFO - [37mVal Epoch 40 step 40 with [31mpx_total : 0.145950 [31mtotal : 0.145950 
2025-11-24 02:25:24,263 - Agent - INFO - [37mVal Epoch 41 step 41 with [31mpx_total : 0.145892 [31mtotal : 0.145892 
2025-11-24 02:26:43,366 - Agent - INFO - [37mVal Epoch 42 step 42 with [31mpx_total : 0.144603 [31mtotal : 0.144603 
2025-11-24 02:28:03,633 - Agent - INFO - [37mVal Epoch 43 step 43 with [31mpx_total : 0.147912 [31mtotal : 0.147912 
2025-11-24 02:29:23,274 - Agent - INFO - [37mVal Epoch 44 step 44 with [31mpx_total : 0.150607 [31mtotal : 0.150607 
2025-11-24 02:30:43,917 - Agent - INFO - [37mVal Epoch 45 step 45 with [31mpx_total : 0.148741 [31mtotal : 0.148741 
2025-11-24 02:32:04,205 - Agent - INFO - [37mVal Epoch 46 step 46 with [31mpx_total : 0.144989 [31mtotal : 0.144989 
2025-11-24 02:33:22,755 - Agent - INFO - [37mVal Epoch 47 step 47 with [31mpx_total : 0.153233 [31mtotal : 0.153233 
2025-11-24 02:34:42,529 - Agent - INFO - [37mVal Epoch 48 step 48 with [31mpx_total : 0.147605 [31mtotal : 0.147605 
2025-11-24 02:36:01,957 - Agent - INFO - [37mVal Epoch 49 step 49 with [31mpx_total : 0.148906 [31mtotal : 0.148906 

Pair                         dist_corr             cka      cosine_sim   cca_mean_corr procrustes_disp
------------------------------------------------------------------------------------------------------
z1_vs_z2                        0.1358         0.1136         0.3664         0.9873         0.8658
z1_vs_~z                        0.2521         0.2554         0.7947         0.9673         0.7939
z2_vs_~z                        0.4411         0.3063         0.3962         0.9878         0.5532
------------------------------------------------------------------------------------------------------
2025-11-24 02:37:40,803 - Agent - INFO - [37mVal Epoch 50 step 50 with [31mpx_total : 0.148243 [31mtotal : 0.148243 
2025-11-24 02:39:01,662 - Agent - INFO - [37mVal Epoch 51 step 51 with [31mpx_total : 0.146242 [31mtotal : 0.146242 
2025-11-24 02:40:20,953 - Agent - INFO - [37mVal Epoch 52 step 52 with [31mpx_total : 0.148058 [31mtotal : 0.148058 
2025-11-24 02:41:39,668 - Agent - INFO - [37mVal Epoch 53 step 53 with [31mpx_total : 0.149245 [31mtotal : 0.149245 
2025-11-24 02:42:59,347 - Agent - INFO - [37mVal Epoch 54 step 54 with [31mpx_total : 0.146408 [31mtotal : 0.146408 
2025-11-24 02:44:19,682 - Agent - INFO - [37mVal Epoch 55 step 55 with [31mpx_total : 0.148946 [31mtotal : 0.148946 
2025-11-24 02:45:39,598 - Agent - INFO - [37mVal Epoch 56 step 56 with [31mpx_total : 0.148884 [31mtotal : 0.148884 
2025-11-24 02:46:58,835 - Agent - INFO - [37mVal Epoch 57 step 57 with [31mpx_total : 0.148608 [31mtotal : 0.148608 
2025-11-24 02:48:17,842 - Agent - INFO - [37mVal Epoch 58 step 58 with [31mpx_total : 0.146327 [31mtotal : 0.146327 
2025-11-24 02:49:37,096 - Agent - INFO - [37mVal Epoch 59 step 59 with [31mpx_total : 0.149321 [31mtotal : 0.149321 

Pair                         dist_corr             cka      cosine_sim   cca_mean_corr procrustes_disp
------------------------------------------------------------------------------------------------------
z1_vs_z2                        0.1358         0.1136         0.3664         0.9873         0.8658
z1_vs_~z                        0.2411         0.2457         0.7956         0.9653         0.7997
z2_vs_~z                        0.4219         0.2866         0.3957         0.9891         0.5629
------------------------------------------------------------------------------------------------------
2025-11-24 02:51:16,706 - Agent - INFO - [37mVal Epoch 60 step 60 with [31mpx_total : 0.148454 [31mtotal : 0.148454 
2025-11-24 02:52:37,654 - Agent - INFO - [37mVal Epoch 61 step 61 with [31mpx_total : 0.147617 [31mtotal : 0.147617 
2025-11-24 02:53:58,038 - Agent - INFO - [37mVal Epoch 62 step 62 with [31mpx_total : 0.147977 [31mtotal : 0.147977 
2025-11-24 02:55:17,511 - Agent - INFO - [37mVal Epoch 63 step 63 with [31mpx_total : 0.148183 [31mtotal : 0.148183 
2025-11-24 02:56:36,858 - Agent - INFO - [37mVal Epoch 64 step 64 with [31mpx_total : 0.150371 [31mtotal : 0.150371 
2025-11-24 02:57:57,091 - Agent - INFO - [37mVal Epoch 65 step 65 with [31mpx_total : 0.144709 [31mtotal : 0.144709 
2025-11-24 02:59:16,148 - Agent - INFO - [37mVal Epoch 66 step 66 with [31mpx_total : 0.145412 [31mtotal : 0.145412 
2025-11-24 03:00:35,370 - Agent - INFO - [37mVal Epoch 67 step 67 with [31mpx_total : 0.143505 [31mtotal : 0.143505 
2025-11-24 03:01:56,303 - Agent - INFO - [37mVal Epoch 68 step 68 with [31mpx_total : 0.151759 [31mtotal : 0.151759 
2025-11-24 03:03:16,987 - Agent - INFO - [37mVal Epoch 69 step 69 with [31mpx_total : 0.149704 [31mtotal : 0.149704 

Pair                         dist_corr             cka      cosine_sim   cca_mean_corr procrustes_disp
------------------------------------------------------------------------------------------------------
z1_vs_z2                        0.1358         0.1136         0.3664         0.9873         0.8658
z1_vs_~z                        0.2414         0.2449         0.8009         0.9726         0.8014
z2_vs_~z                        0.4288         0.2720         0.3964         0.9882         0.5592
------------------------------------------------------------------------------------------------------
2025-11-24 03:04:56,298 - Agent - INFO - [37mVal Epoch 70 step 70 with [31mpx_total : 0.144269 [31mtotal : 0.144269 
2025-11-24 03:06:17,159 - Agent - INFO - [37mVal Epoch 71 step 71 with [31mpx_total : 0.148841 [31mtotal : 0.148841 
2025-11-24 03:07:37,351 - Agent - INFO - [37mVal Epoch 72 step 72 with [31mpx_total : 0.147549 [31mtotal : 0.147549 
2025-11-24 03:08:57,649 - Agent - INFO - [37mVal Epoch 73 step 73 with [31mpx_total : 0.153061 [31mtotal : 0.153061 
2025-11-24 03:10:18,617 - Agent - INFO - [37mVal Epoch 74 step 74 with [31mpx_total : 0.145227 [31mtotal : 0.145227 
2025-11-24 03:11:39,232 - Agent - INFO - [37mVal Epoch 75 step 75 with [31mpx_total : 0.154252 [31mtotal : 0.154252 
2025-11-24 03:12:59,025 - Agent - INFO - [37mVal Epoch 76 step 76 with [31mpx_total : 0.149674 [31mtotal : 0.149674 
2025-11-24 03:14:19,065 - Agent - INFO - [37mVal Epoch 77 step 77 with [31mpx_total : 0.150649 [31mtotal : 0.150649 
2025-11-24 03:15:37,924 - Agent - INFO - [37mVal Epoch 78 step 78 with [31mpx_total : 0.154029 [31mtotal : 0.154029 
2025-11-24 03:16:58,212 - Agent - INFO - [37mVal Epoch 79 step 79 with [31mpx_total : 0.151138 [31mtotal : 0.151138 

Pair                         dist_corr             cka      cosine_sim   cca_mean_corr procrustes_disp
------------------------------------------------------------------------------------------------------
z1_vs_z2                        0.1358         0.1136         0.3664         0.9873         0.8658
z1_vs_~z                        0.2355         0.2344         0.7993         0.9655         0.8098
z2_vs_~z                        0.3916         0.2743         0.3963         0.9892         0.5777
------------------------------------------------------------------------------------------------------
2025-11-24 03:18:37,270 - Agent - INFO - [37mVal Epoch 80 step 80 with [31mpx_total : 0.149623 [31mtotal : 0.149623 
2025-11-24 03:19:57,236 - Agent - INFO - [37mVal Epoch 81 step 81 with [31mpx_total : 0.144342 [31mtotal : 0.144342 
2025-11-24 03:21:16,785 - Agent - INFO - [37mVal Epoch 82 step 82 with [31mpx_total : 0.148941 [31mtotal : 0.148941 
2025-11-24 03:22:35,471 - Agent - INFO - [37mVal Epoch 83 step 83 with [31mpx_total : 0.150840 [31mtotal : 0.150840 
2025-11-24 03:23:56,168 - Agent - INFO - [37mVal Epoch 84 step 84 with [31mpx_total : 0.148846 [31mtotal : 0.148846 
2025-11-24 03:25:15,273 - Agent - INFO - [37mVal Epoch 85 step 85 with [31mpx_total : 0.150269 [31mtotal : 0.150269 
2025-11-24 03:26:34,707 - Agent - INFO - [37mVal Epoch 86 step 86 with [31mpx_total : 0.153860 [31mtotal : 0.153860 
2025-11-24 03:27:55,204 - Agent - INFO - [37mVal Epoch 87 step 87 with [31mpx_total : 0.151574 [31mtotal : 0.151574 
2025-11-24 03:29:14,133 - Agent - INFO - [37mVal Epoch 88 step 88 with [31mpx_total : 0.154407 [31mtotal : 0.154407 
2025-11-24 03:30:33,433 - Agent - INFO - [37mVal Epoch 89 step 89 with [31mpx_total : 0.145741 [31mtotal : 0.145741 

Pair                         dist_corr             cka      cosine_sim   cca_mean_corr procrustes_disp
------------------------------------------------------------------------------------------------------
z1_vs_z2                        0.1358         0.1136         0.3664         0.9873         0.8658
z1_vs_~z                        0.2435         0.2434         0.7963         0.9664         0.8013
z2_vs_~z                        0.4016         0.3010         0.3958         0.9894         0.5808
------------------------------------------------------------------------------------------------------
2025-11-24 03:32:13,338 - Agent - INFO - [37mVal Epoch 90 step 90 with [31mpx_total : 0.147666 [31mtotal : 0.147666 
2025-11-24 03:33:33,334 - Agent - INFO - [37mVal Epoch 91 step 91 with [31mpx_total : 0.144677 [31mtotal : 0.144677 
2025-11-24 03:34:53,247 - Agent - INFO - [37mVal Epoch 92 step 92 with [31mpx_total : 0.151050 [31mtotal : 0.151050 
2025-11-24 03:36:13,641 - Agent - INFO - [37mVal Epoch 93 step 93 with [31mpx_total : 0.143533 [31mtotal : 0.143533 
2025-11-24 03:37:33,305 - Agent - INFO - [37mVal Epoch 94 step 94 with [31mpx_total : 0.150311 [31mtotal : 0.150311 
2025-11-24 03:38:53,977 - Agent - INFO - [37mVal Epoch 95 step 95 with [31mpx_total : 0.150592 [31mtotal : 0.150592 
2025-11-24 03:40:13,172 - Agent - INFO - [37mVal Epoch 96 step 96 with [31mpx_total : 0.151939 [31mtotal : 0.151939 
2025-11-24 03:41:32,003 - Agent - INFO - [37mVal Epoch 97 step 97 with [31mpx_total : 0.154725 [31mtotal : 0.154725 
2025-11-24 03:42:51,975 - Agent - INFO - [37mVal Epoch 98 step 98 with [31mpx_total : 0.152246 [31mtotal : 0.152246 
2025-11-24 03:44:12,104 - Agent - INFO - [37mVal Epoch 99 step 99 with [31mpx_total : 0.144376 [31mtotal : 0.144376 

Pair                         dist_corr             cka      cosine_sim   cca_mean_corr procrustes_disp
------------------------------------------------------------------------------------------------------
z1_vs_z2                        0.1358         0.1136         0.3664         0.9873         0.8658
z1_vs_~z                        0.2363         0.2365         0.7969         0.9652         0.8044
z2_vs_~z                        0.4030         0.2535         0.3955         0.9905         0.5776
------------------------------------------------------------------------------------------------------
2025-11-24 03:45:51,586 - Agent - INFO - [37mVal Epoch 100 step 100 with [31mpx_total : 0.148236 [31mtotal : 0.148236 
2025-11-24 03:47:12,400 - Agent - INFO - [37mVal Epoch 101 step 101 with [31mpx_total : 0.151074 [31mtotal : 0.151074 
2025-11-24 03:48:32,753 - Agent - INFO - [37mVal Epoch 102 step 102 with [31mpx_total : 0.149661 [31mtotal : 0.149661 
2025-11-24 03:49:52,603 - Agent - INFO - [37mVal Epoch 103 step 103 with [31mpx_total : 0.146890 [31mtotal : 0.146890 
2025-11-24 03:51:12,381 - Agent - INFO - [37mVal Epoch 104 step 104 with [31mpx_total : 0.150134 [31mtotal : 0.150134 
2025-11-24 03:52:32,230 - Agent - INFO - [37mVal Epoch 105 step 105 with [31mpx_total : 0.150148 [31mtotal : 0.150148 
2025-11-24 03:53:51,671 - Agent - INFO - [37mVal Epoch 106 step 106 with [31mpx_total : 0.151085 [31mtotal : 0.151085 
2025-11-24 03:55:12,126 - Agent - INFO - [37mVal Epoch 107 step 107 with [31mpx_total : 0.150339 [31mtotal : 0.150339 
2025-11-24 03:56:31,293 - Agent - INFO - [37mVal Epoch 108 step 108 with [31mpx_total : 0.147901 [31mtotal : 0.147901 
2025-11-24 03:57:51,012 - Agent - INFO - [37mVal Epoch 109 step 109 with [31mpx_total : 0.148583 [31mtotal : 0.148583 

Pair                         dist_corr             cka      cosine_sim   cca_mean_corr procrustes_disp
------------------------------------------------------------------------------------------------------
z1_vs_z2                        0.1358         0.1136         0.3664         0.9873         0.8658
z1_vs_~z                        0.2463         0.2435         0.7939         0.9650         0.7992
z2_vs_~z                        0.4085         0.2732         0.3957         0.9906         0.5764
------------------------------------------------------------------------------------------------------
2025-11-24 03:59:30,364 - Agent - INFO - [37mVal Epoch 110 step 110 with [31mpx_total : 0.150797 [31mtotal : 0.150797 
2025-11-24 04:00:51,221 - Agent - INFO - [37mVal Epoch 111 step 111 with [31mpx_total : 0.149553 [31mtotal : 0.149553 
2025-11-24 04:02:11,140 - Agent - INFO - [37mVal Epoch 112 step 112 with [31mpx_total : 0.148132 [31mtotal : 0.148132 
2025-11-24 04:03:31,768 - Agent - INFO - [37mVal Epoch 113 step 113 with [31mpx_total : 0.150936 [31mtotal : 0.150936 
2025-11-24 04:04:51,870 - Agent - INFO - [37mVal Epoch 114 step 114 with [31mpx_total : 0.150466 [31mtotal : 0.150466 
2025-11-24 04:06:11,302 - Agent - INFO - [37mVal Epoch 115 step 115 with [31mpx_total : 0.149836 [31mtotal : 0.149836 
2025-11-24 04:07:31,629 - Agent - INFO - [37mVal Epoch 116 step 116 with [31mpx_total : 0.148715 [31mtotal : 0.148715 
2025-11-24 04:08:50,920 - Agent - INFO - [37mVal Epoch 117 step 117 with [31mpx_total : 0.151936 [31mtotal : 0.151936 
2025-11-24 04:10:09,585 - Agent - INFO - [37mVal Epoch 118 step 118 with [31mpx_total : 0.148936 [31mtotal : 0.148936 
2025-11-24 04:11:29,035 - Agent - INFO - [37mVal Epoch 119 step 119 with [31mpx_total : 0.149360 [31mtotal : 0.149360 

Pair                         dist_corr             cka      cosine_sim   cca_mean_corr procrustes_disp
------------------------------------------------------------------------------------------------------
z1_vs_z2                        0.1358         0.1136         0.3664         0.9873         0.8658
z1_vs_~z                        0.2461         0.2436         0.7935         0.9739         0.8003
z2_vs_~z                        0.4122         0.2866         0.3947         0.9904         0.5745
------------------------------------------------------------------------------------------------------
2025-11-24 04:13:09,427 - Agent - INFO - [37mVal Epoch 120 step 120 with [31mpx_total : 0.150671 [31mtotal : 0.150671 
2025-11-24 04:14:30,170 - Agent - INFO - [37mVal Epoch 121 step 121 with [31mpx_total : 0.148617 [31mtotal : 0.148617 
2025-11-24 04:15:51,135 - Agent - INFO - [37mVal Epoch 122 step 122 with [31mpx_total : 0.149068 [31mtotal : 0.149068 
2025-11-24 04:17:11,007 - Agent - INFO - [37mVal Epoch 123 step 123 with [31mpx_total : 0.148504 [31mtotal : 0.148504 
2025-11-24 04:18:30,375 - Agent - INFO - [37mVal Epoch 124 step 124 with [31mpx_total : 0.148540 [31mtotal : 0.148540 
2025-11-24 04:19:49,807 - Agent - INFO - [37mVal Epoch 125 step 125 with [31mpx_total : 0.148862 [31mtotal : 0.148862 
2025-11-24 04:21:08,948 - Agent - INFO - [37mVal Epoch 126 step 126 with [31mpx_total : 0.148617 [31mtotal : 0.148617 
2025-11-24 04:22:28,107 - Agent - INFO - [37mVal Epoch 127 step 127 with [31mpx_total : 0.148925 [31mtotal : 0.148925 
2025-11-24 04:23:47,885 - Agent - INFO - [37mVal Epoch 128 step 128 with [31mpx_total : 0.146670 [31mtotal : 0.146670 
2025-11-24 04:25:07,536 - Agent - INFO - [37mVal Epoch 129 step 129 with [31mpx_total : 0.153995 [31mtotal : 0.153995 

Pair                         dist_corr             cka      cosine_sim   cca_mean_corr procrustes_disp
------------------------------------------------------------------------------------------------------
z1_vs_z2                        0.1358         0.1136         0.3664         0.9873         0.8658
z1_vs_~z                        0.2552         0.2604         0.8000         0.9714         0.7864
z2_vs_~z                        0.4269         0.2985         0.3974         0.9896         0.5596
------------------------------------------------------------------------------------------------------
2025-11-24 04:26:46,939 - Agent - INFO - [37mVal Epoch 130 step 130 with [31mpx_total : 0.142750 [31mtotal : 0.142750 
2025-11-24 04:28:06,293 - Agent - INFO - [37mVal Epoch 131 step 131 with [31mpx_total : 0.141252 [31mtotal : 0.141252 
2025-11-24 04:29:26,649 - Agent - INFO - [37mVal Epoch 132 step 132 with [31mpx_total : 0.145213 [31mtotal : 0.145213 
2025-11-24 04:30:45,758 - Agent - INFO - [37mVal Epoch 133 step 133 with [31mpx_total : 0.153601 [31mtotal : 0.153601 
2025-11-24 04:32:05,494 - Agent - INFO - [37mVal Epoch 134 step 134 with [31mpx_total : 0.151286 [31mtotal : 0.151286 
2025-11-24 04:33:25,418 - Agent - INFO - [37mVal Epoch 135 step 135 with [31mpx_total : 0.143327 [31mtotal : 0.143327 
2025-11-24 04:33:27,536 - Agent - INFO - We are in the final state.
2025-11-24 04:33:27,628 - root - INFO - Loaded best model from /esat/smcdata/users/kkontras/Image_Dataset/no_backup/data/2025_data/synergy/Synprom_IB_genVAEOSfold0_lib0.01_perturbgen_lr0.0003_wd1e-5_clsmlp.pth.tar
2025-11-24 04:33:41,346 - Agent - INFO - [37mVal Epoch 135 step 0 with [31mpx_total : 0.141080 [31mtotal : 0.141080 

Pair                         dist_corr             cka      cosine_sim   cca_mean_corr procrustes_disp
------------------------------------------------------------------------------------------------------
z1_vs_z2                        0.0052         0.0510         0.3621         0.9842         0.9155
z1_vs_~z                        0.1458         0.1283         0.7964         0.9717         0.9041
z2_vs_~z                        0.4838         0.4385         0.3929         0.9893         0.4957
------------------------------------------------------------------------------------------------------
2025-11-24 04:34:15,227 - Agent - INFO - [37mTest Epoch 135 step 0 with [31mpx_total : 0.185287 [31mtotal : 0.185287 
2025-11-24 04:34:15,666 - Agent - INFO - [37mModel saved successfully at: /esat/smcdata/users/kkontras/Image_Dataset/no_backup/data/2025_data/synergy/Synprom_IB_genVAEOSfold0_lib0.01_perturbgen_lr0.0003_wd1e-5_clsmlp.pth.tar[39m
[1;34mwandb[0m: 
[1;34mwandb[0m: 🚀 View run [33mSynprom_IB_genVAEOSfold0_lib0.01_perturbgen_lr0.0003_wd1e-5_clsmlp[0m at: [34m[0m
[1;34mwandb[0m: Find logs at: [1;35mwandb/run-20251124_012935-rsw61txt/logs[0m
Job finished
