000 (007.015.000) 2025-11-23 17:36:53 Job submitted from host: <10.87.28.3:9618?addrs=10.87.28.3-9618&alias=deanston.esat.kuleuven.be&noUDP&sock=schedd_1644_39c9>
...
001 (007.015.000) 2025-11-24 01:32:16 Job executing on host: <10.87.24.140:9618?addrs=10.87.24.140-9618&alias=hawberry.esat.kuleuven.be&noUDP&sock=startd_2130_94d0>
	SlotName: slot1_1@hawberry.esat.kuleuven.be
	AvailableGPUs = { GPUs_GPU_6bf32b01 }
	CondorScratchDir = "/usr/data/condor/execute/dir_748132/scratch"
	Cpus = 8
	Disk = 1048576
	GPUs = 1
	GPUs_GPU_6bf32b01 = [ Id = "GPU-6bf32b01"; ClockMhz = 1695.0; Capability = 8.6; CoresPerCU = 128; DeviceName = "NVIDIA GeForce RTX 3090"; DeviceUuid = "6bf32b01-56ae-80bd-52e0-98456c572cb9"; ECCEnabled = false; ComputeUnits = 82; NvidiaDriver = "580.105.08"; DriverVersion = 13.0; DevicePciBusId = "0000:09:00.0"; GlobalMemoryMb = 24124; MaxSupportedVersion = 13000 ]
	Memory = 71680
...
006 (007.015.000) 2025-11-24 01:32:24 Image size of job updated: 387492
	379  -  MemoryUsage of job (MB)
	387492  -  ResidentSetSize of job (KB)
...
006 (007.015.000) 2025-11-24 01:37:24 Image size of job updated: 3478208
	3204  -  MemoryUsage of job (MB)
	3280144  -  ResidentSetSize of job (KB)
...
006 (007.015.000) 2025-11-24 01:42:25 Image size of job updated: 3653572
	3208  -  MemoryUsage of job (MB)
	3283972  -  ResidentSetSize of job (KB)
...
006 (007.015.000) 2025-11-24 01:57:27 Image size of job updated: 3653572
	3223  -  MemoryUsage of job (MB)
	3300152  -  ResidentSetSize of job (KB)
...
006 (007.015.000) 2025-11-24 02:07:28 Image size of job updated: 3653572
	3228  -  MemoryUsage of job (MB)
	3305296  -  ResidentSetSize of job (KB)
...
006 (007.015.000) 2025-11-24 02:42:30 Image size of job updated: 3653572
	3324  -  MemoryUsage of job (MB)
	3403080  -  ResidentSetSize of job (KB)
...
006 (007.015.000) 2025-11-24 03:12:34 Image size of job updated: 3776468
	3324  -  MemoryUsage of job (MB)
	3403080  -  ResidentSetSize of job (KB)
...
006 (007.015.000) 2025-11-24 03:22:35 Image size of job updated: 3776468
	3401  -  MemoryUsage of job (MB)
	3482124  -  ResidentSetSize of job (KB)
...
006 (007.015.000) 2025-11-24 03:37:37 Image size of job updated: 3803384
	3401  -  MemoryUsage of job (MB)
	3482124  -  ResidentSetSize of job (KB)
...
006 (007.015.000) 2025-11-24 03:42:37 Image size of job updated: 3803384
	3650  -  MemoryUsage of job (MB)
	3737064  -  ResidentSetSize of job (KB)
...
006 (007.015.000) 2025-11-24 04:07:40 Image size of job updated: 3835872
	3650  -  MemoryUsage of job (MB)
	3737064  -  ResidentSetSize of job (KB)
...
005 (007.015.000) 2025-11-24 04:38:04 Job terminated.
	(1) Normal termination (return value 0)
		Usr 0 09:34:45, Sys 0 00:48:18  -  Run Remote Usage
		Usr 0 00:00:00, Sys 0 00:00:00  -  Run Local Usage
		Usr 0 09:34:45, Sys 0 00:48:18  -  Total Remote Usage
		Usr 0 00:00:00, Sys 0 00:00:00  -  Total Local Usage
	0  -  Run Bytes Sent By Job
	0  -  Run Bytes Received By Job
	0  -  Total Bytes Sent By Job
	0  -  Total Bytes Received By Job
	Partitionable Resources :    Usage  Request Allocated Assigned
	   Cpus                 :     3.35        8         8 
	   Disk (KB)            :     2     1048576   1048576 
	   GPUs                 :     0.18        1         1 "GPU-6bf32b01"
	   GpusMemory (MB)      :  4267                       
	   Memory (MB)          :  3650       71680     71680 
	   TimeExecute (s)      : 11148                       
	   TimeSlotBusy (s)     : 11148                       
...
000 (007.015.000) 2025-12-16 01:21:28 Job submitted from host: <10.87.28.129:9618?addrs=10.87.28.129-9618&alias=timmermans.esat.kuleuven.be&noUDP&sock=schedd_1428_1154>
...
009 (007.015.000) 2025-12-16 01:21:39 Job was aborted.
	via condor_rm (by user kkontras)
...
