000 (007.017.000) 2025-11-23 17:36:53 Job submitted from host: <10.87.28.3:9618?addrs=10.87.28.3-9618&alias=deanston.esat.kuleuven.be&noUDP&sock=schedd_1644_39c9>
...
001 (007.017.000) 2025-11-24 01:49:16 Job executing on host: <10.87.28.117:9618?addrs=10.87.28.117-9618&alias=stadius-nc-4.esat.kuleuven.be&noUDP&sock=startd_3356_83ed>
	SlotName: slot1_1@stadius-nc-4.esat.kuleuven.be
	AvailableGPUs = { GPUs_GPU_1236270c }
	CondorScratchDir = "/volume1/condor/execute/dir_46389"
	Cpus = 8
	Disk = 1050150
	GPUs = 1
	GPUs_GPU_1236270c = [ Id = "GPU-1236270c"; ClockMhz = 1545.0; Capability = 7.5; CoresPerCU = 64; DeviceName = "NVIDIA GeForce RTX 2080 Ti"; DeviceUuid = "1236270c-ad23-648a-e65a-80b2ab2cf0c3"; ECCEnabled = false; ComputeUnits = 68; NvidiaDriver = "570.153.02"; DriverVersion = 12.8; DevicePciBusId = "0000:25:00.0"; GlobalMemoryMb = 10823; MaxSupportedVersion = 12080 ]
	Memory = 71680
...
006 (007.017.000) 2025-11-24 01:49:24 Image size of job updated: 405128
	396  -  MemoryUsage of job (MB)
	405128  -  ResidentSetSize of job (KB)
...
006 (007.017.000) 2025-11-24 01:54:24 Image size of job updated: 3509764
	3259  -  MemoryUsage of job (MB)
	3336384  -  ResidentSetSize of job (KB)
...
006 (007.017.000) 2025-11-24 01:59:25 Image size of job updated: 3621216
	3259  -  MemoryUsage of job (MB)
	3336384  -  ResidentSetSize of job (KB)
...
006 (007.017.000) 2025-11-24 02:04:25 Image size of job updated: 3621216
	3289  -  MemoryUsage of job (MB)
	3367620  -  ResidentSetSize of job (KB)
...
006 (007.017.000) 2025-11-24 02:14:27 Image size of job updated: 3621216
	3300  -  MemoryUsage of job (MB)
	3378752  -  ResidentSetSize of job (KB)
...
006 (007.017.000) 2025-11-24 02:24:28 Image size of job updated: 3753384
	3300  -  MemoryUsage of job (MB)
	3378752  -  ResidentSetSize of job (KB)
...
006 (007.017.000) 2025-11-24 02:29:29 Image size of job updated: 3753384
	3547  -  MemoryUsage of job (MB)
	3631992  -  ResidentSetSize of job (KB)
...
006 (007.017.000) 2025-11-24 02:59:31 Image size of job updated: 3795444
	3707  -  MemoryUsage of job (MB)
	3795444  -  ResidentSetSize of job (KB)
...
006 (007.017.000) 2025-11-24 03:04:32 Image size of job updated: 3844228
	3707  -  MemoryUsage of job (MB)
	3795444  -  ResidentSetSize of job (KB)
...
006 (007.017.000) 2025-11-24 03:29:35 Image size of job updated: 3858092
	3707  -  MemoryUsage of job (MB)
	3795444  -  ResidentSetSize of job (KB)
...
006 (007.017.000) 2025-11-24 03:34:36 Image size of job updated: 4029608
	3707  -  MemoryUsage of job (MB)
	3795444  -  ResidentSetSize of job (KB)
...
006 (007.017.000) 2025-11-24 03:54:37 Image size of job updated: 4029608
	3876  -  MemoryUsage of job (MB)
	3968496  -  ResidentSetSize of job (KB)
...
006 (007.017.000) 2025-11-24 04:14:39 Image size of job updated: 4147372
	3876  -  MemoryUsage of job (MB)
	3968496  -  ResidentSetSize of job (KB)
...
005 (007.017.000) 2025-11-24 04:51:54 Job terminated.
	(1) Normal termination (return value 0)
		Usr 0 17:37:13, Sys 0 00:34:59  -  Run Remote Usage
		Usr 0 00:00:00, Sys 0 00:00:00  -  Run Local Usage
		Usr 0 17:37:13, Sys 0 00:34:59  -  Total Remote Usage
		Usr 0 00:00:00, Sys 0 00:00:00  -  Total Local Usage
	0  -  Run Bytes Sent By Job
	0  -  Run Bytes Received By Job
	0  -  Total Bytes Sent By Job
	0  -  Total Bytes Received By Job
	Partitionable Resources :    Usage  Request Allocated Assigned
	   Cpus                 :     5.99        8         8 
	   Disk (KB)            :     2     1048576   1050150 
	   GPUs                 :     0.24        1         1 "GPU-1236270c"
	   GpusMemory (MB)      :  4131                       
	   Memory (MB)          :  3876       71680     71680 
	   TimeExecute (s)      : 10958                       
	   TimeSlotBusy (s)     : 10958                       
...
