Starting Job
/esat/smcdata/users/kkontras/Image_Dataset/no_backup/git/Synergy/train.py
/esat/smcdata/users/kkontras/Image_Dataset/no_backup/envs/synergy_new/bin/python
Python 3.10.19
/esat/smcdata/users/kkontras/Image_Dataset/no_backup/git/Synergy
We have 1 GPU
/esat/smcdata/users/kkontras/Image_Dataset/no_backup/git/Synergy/train.py
config-./configs/CREMA_D/synergy/nov/synprom_generatorVAEOneSide.json
Executing command: accelerate launch /esat/smcdata/users/kkontras/Image_Dataset/no_backup/git/Synergy/train.py --config ./configs/CREMA_D/synergy/nov/synprom_generatorVAEOneSide.json --default_config ./configs/CREMA_D/default_config_cremad_res_syn.json --fold 0 --lr 0.0003 --wd 1e-4 --perturb gen --start_over  --cls mlp --lib 0.01
Namespace(config='./configs/CREMA_D/synergy/nov/synprom_generatorVAEOneSide.json', default_config='./configs/CREMA_D/default_config_cremad_res_syn.json', fold='0', alpha=None, tanh_mode=None, tanh_mode_beta=None, regby=None, clip=None, batch_size=None, l=None, multil=None, l_diffsq=None, lib='0.01', ratio_us=None, ratio_snr=None, kmepoch=None, num_samples=None, pow=None, nstep=None, contrcoeff=None, kde_coeff=None, etube=None, temperature=None, contr_type=None, shuffle_type=None, validate_with=None, transform_type=None, trasform_before=None, num_classes=None, base_alpha=None, alpha_var=None, base_beta=None, beta_var=None, optim_method=None, ilr_c=None, ilr_g=None, mmcosine_scaling=None, ending_epoch=None, load_ongoing=None, commonlayers=None, recon_weight1=None, recon_weight2=None, recon_epochstages=None, recon_ensemblestages=None, lr='0.0003', wd='1e-4', mm=None, cls='mlp', perturb='gen', pre=False, frozen=False, tdqm_disable=False, start_over=True)
2025-11-24 01:49:34,384 - Config - INFO - ./configs/CREMA_D/synergy/nov/synprom_generatorVAEOneSide.json
2025-11-24 01:49:34,386 - Config - INFO -  THE Configuration of your experiment ..
{'agent': 'Agent',
 'dataset': {'data_roots': '/esat/smcdata/users/kkontras/Image_Dataset/no_backup/CremaD/CREMA-D',
             'data_split': {'fold': 0, 'method': 'non_inclusive'},
             'dataloader_class': 'CramedD_Dataloader',
             'fps': 1,
             'norm': False,
             'norm_face_path': './mydatasets/CREMAD/norm_face_path_fold{}.pkl',
             'norm_wav_path': './mydatasets/CREMAD/wav_norm_16000_fold{}.pkl',
             'num_frame': 3,
             'return_data': {'audio': False,
                             'face': False,
                             'spectrogram': True,
                             'video': True},
             'sampling_rate': 22050},
 'early_stopping': {'end_of_epoch_check': True,
                    'log_interval': 10,
                    'max_epoch': 1500,
                    'n_steps_stop': 100,
                    'n_steps_stop_after': 0,
                    'save_every_step': 3000,
                    'save_every_valstep': 10,
                    'validate_after': 0,
                    'validate_every': 25,
                    'validate_with': 'loss'},
 'exp_name': 'CREMAD Experiment',
 'model': {'args': {'bias_infusion': {'ending_epoch': 1500,
                                      'l': 0.1,
                                      'method': 'false',
                                      'plot': False,
                                      'starting_epoch': 0,
                                      'use': True},
                    'clip_grad': False,
                    'cls_type': 'linear',
                    'd_model': 512,
                    'dropout': 0.1,
                    'fc_inner': 64,
                    'multi_loss': {'multi_supervised_w': {'c': 0,
                                                          'combined': 1,
                                                          'g': 0}},
                    'num_classes': 6,
                    'swap_direction': True},
           'encoders': [{'args': {'d_model': 512,
                                  'dropout': 0.1,
                                  'fc_inner': 64,
                                  'freeze_encoder': True,
                                  'num_classes': 6},
                         'model': 'Audio_ResNet',
                         'pretrainedEncoder': {'dir': 'unimodal_audio_fold{}_lr0.001_wd0.0001.pth.tar',
                                               'use': True}},
                        {'args': {'d_model': 512,
                                  'dropout': 0.1,
                                  'fc_inner': 64,
                                  'freeze_encoder': True,
                                  'num_classes': 6},
                         'model': 'Video_ResNet',
                         'pretrainedEncoder': {'dir': 'unimodal_video_fold{}_lr0.001_wd0.0001.pth.tar',
                                               'use': True}},
                        {'args': {'dim_in': 512,
                                  'dim_out': 512,
                                  'hidden': 512,
                                  'latent_dim': 64},
                         'model': 'SimpleVAEZ2toZ1OneSide',
                         'pretrainedEncoder': {'dir': '', 'use': False},
                         'save_encoder': True}],
           'load_ongoing': False,
           'model_class': 'Model_GeneratorVAEOneSide',
           'save_base_dir': '/esat/smcdata/users/kkontras/Image_Dataset/no_backup/data/2025_data/synergy',
           'save_dir': 'Synprom_IB_genVAEOS{}.pth.tar'},
 'optimizer': {'beta1': 0.9,
               'beta2': 0.999,
               'learning_rate': 1e-05,
               'momentum': 0.9,
               'type': 'Adam',
               'weight_decay': 1e-05},
 'scheduler': {'max_lr': 0.03, 'type': 'cosanneal', 'warm_up_steps': 780},
 'task': 'generative',
 'training_params': {'adversarial_training': {'adv_epsilon': 0.01,
                                              'use': False},
                     'async_loading': True,
                     'batch_size': 128,
                     'cuda': True,
                     'data_loader_workers': 8,
                     'gpu_device': [0],
                     'pin_memory': False,
                     'rec_test': False,
                     'res': True,
                     'seed': 109,
                     'tdqm_disable': False,
                     'test_batch_size': 128,
                     'test_on_bottoms': False,
                     'use_test_set': True,
                     'validation': True,
                     'verbose': True,
                     'wandb_disable': False}}
2025-11-24 01:49:34,389 - Config - INFO -  *************************************** 
2025-11-24 01:49:34,389 - Config - INFO - The experiment name is CREMAD Experiment
2025-11-24 01:49:34,389 - Config - INFO -  *************************************** 
2025-11-24 01:49:34,389 - root - INFO - save_dir: Synprom_IB_genVAEOSfold0_lib0.01_perturbgen_lr0.0003_wd1e-4_clsmlp.pth.tar
2025-11-24 01:49:34,434 - Cuda Statistics - INFO - __Python VERSION:  3.10.19 (main, Oct 21 2025, 16:43:05) [GCC 11.2.0]
2025-11-24 01:49:34,435 - Cuda Statistics - INFO - __pyTorch VERSION:  2.6.0+cu124
2025-11-24 01:49:34,435 - Cuda Statistics - INFO - __CUDA VERSION
2025-11-24 01:49:34,436 - Cuda Statistics - INFO - __CUDNN VERSION:  90100
2025-11-24 01:49:34,452 - Cuda Statistics - INFO - __Number CUDA Devices:  1
2025-11-24 01:49:34,452 - Cuda Statistics - INFO - __Devices
2025-11-24 01:49:34,452 - Cuda Statistics - INFO - index, name, driver_version, memory.total [MiB], memory.used [MiB], memory.free [MiB]
2025-11-24 01:49:34,452 - Cuda Statistics - INFO - 0, NVIDIA GeForce RTX 2080 Ti, 570.153.02, 11264 MiB, 4 MiB, 10820 MiB
2025-11-24 01:49:34,456 - Cuda Statistics - INFO - Active CUDA Device: GPU 0
2025-11-24 01:49:34,456 - Cuda Statistics - INFO - Available devices  1
2025-11-24 01:49:34,456 - Cuda Statistics - INFO - Current cuda device  0
This path does not exist /esat/smcdata/users/kkontras/Image_Dataset/no_backup/CremaD/CREMA-D/AudioWAV/1076_MTI_SAD_XX.wav or /esat/smcdata/users/kkontras/Image_Dataset/no_backup/CremaD/CREMA-D/Image-01-FPS/1076_MTI_SAD_XX or /esat/smcdata/users/kkontras/Image_Dataset/no_backup/CremaD/CREMA-D/Face_features/1076_MTI_SAD_XX.npy
2025-11-24 01:49:35,135 - root - INFO - Loaded wav norm from ./mydatasets/CREMAD/wav_norm_16000_fold0.pkl
2025-11-24 01:49:35,137 - root - INFO - Norm values are {'mean': tensor(-2.7937e-05), 'std': tensor(0.0613), 'max_duration': 4.8715625}
2025-11-24 01:49:35,247 - root - INFO - Loaded wav norm from ./mydatasets/CREMAD/wav_norm_16000_fold0.pkl
2025-11-24 01:49:35,247 - root - INFO - Norm values are {'mean': tensor(-2.7937e-05), 'std': tensor(0.0613), 'max_duration': 4.8715625}
2025-11-24 01:49:35,528 - root - INFO - Loaded wav norm from ./mydatasets/CREMAD/wav_norm_16000_fold0.pkl
2025-11-24 01:49:35,529 - root - INFO - Norm values are {'mean': tensor(-2.7937e-05), 'std': tensor(0.0613), 'max_duration': 4.8715625}
Available cores 8
We are changing dataloader workers to num of cores 0
2025-11-24 01:49:35,529 - Agent - INFO - Device: cuda:0
2025-11-24 01:49:35,530 - Agent - INFO - Total training batches: 32, validate every 25 batches, steps per epoch: 2
2025-11-24 01:49:37,063 - Agent - INFO - Loss Weights are {'total': 1, 'combined': 1, 'c': 0, 'g': 0}
2025-11-24 01:49:37,332 - root - INFO - Loading enc best model state dict from /esat/smcdata/users/kkontras/Image_Dataset/no_backup/data/2025_data/synergy/unimodal_audio_fold0_lr0.001_wd0.0001.pth.tar
2025-11-24 01:49:37,663 - root - INFO - Loading enc best model state dict from /esat/smcdata/users/kkontras/Image_Dataset/no_backup/data/2025_data/synergy/unimodal_video_fold0_lr0.001_wd0.0001.pth.tar
2025-11-24 01:49:37,679 - Agent - INFO - Freezing encoder enc_0
2025-11-24 01:49:37,680 - Agent - INFO - Freezing encoder enc_1
2025-11-24 01:49:37,870 - Agent - INFO - Total number of trainable parameters are: 23502476
2025-11-24 01:49:37,876 - Agent - INFO - Total number of trainable parameters are: 1149568
2025-11-24 01:51:00,633 - Agent - INFO - [37mVal Epoch 1 step 1 with [31mpx_total : 0.183485 [31mtotal : 0.183485 
2025-11-24 01:51:00,868 - Agent - INFO - [37mModel saved successfully at: /esat/smcdata/users/kkontras/Image_Dataset/no_backup/data/2025_data/synergy/Synprom_IB_genVAEOSfold0_lib0.01_perturbgen_lr0.0003_wd1e-4_clsmlp.pth.tar[39m
2025-11-24 01:52:21,088 - Agent - INFO - [37mVal Epoch 2 step 2 with [31mpx_total : 0.176487 [31mtotal : 0.176487 
2025-11-24 01:52:21,418 - Agent - INFO - [37mModel saved successfully at: /esat/smcdata/users/kkontras/Image_Dataset/no_backup/data/2025_data/synergy/Synprom_IB_genVAEOSfold0_lib0.01_perturbgen_lr0.0003_wd1e-4_clsmlp.pth.tar[39m
2025-11-24 01:53:39,126 - Agent - INFO - [37mVal Epoch 3 step 3 with [31mpx_total : 0.175358 [31mtotal : 0.175358 
2025-11-24 01:53:39,471 - Agent - INFO - [37mModel saved successfully at: /esat/smcdata/users/kkontras/Image_Dataset/no_backup/data/2025_data/synergy/Synprom_IB_genVAEOSfold0_lib0.01_perturbgen_lr0.0003_wd1e-4_clsmlp.pth.tar[39m
2025-11-24 01:54:58,595 - Agent - INFO - [37mVal Epoch 4 step 4 with [31mpx_total : 0.164820 [31mtotal : 0.164820 
2025-11-24 01:54:59,047 - Agent - INFO - [37mModel saved successfully at: /esat/smcdata/users/kkontras/Image_Dataset/no_backup/data/2025_data/synergy/Synprom_IB_genVAEOSfold0_lib0.01_perturbgen_lr0.0003_wd1e-4_clsmlp.pth.tar[39m
2025-11-24 01:56:20,410 - Agent - INFO - [37mVal Epoch 5 step 5 with [31mpx_total : 0.155609 [31mtotal : 0.155609 
2025-11-24 01:56:20,787 - Agent - INFO - [37mModel saved successfully at: /esat/smcdata/users/kkontras/Image_Dataset/no_backup/data/2025_data/synergy/Synprom_IB_genVAEOSfold0_lib0.01_perturbgen_lr0.0003_wd1e-4_clsmlp.pth.tar[39m
2025-11-24 01:57:40,209 - Agent - INFO - [37mVal Epoch 6 step 6 with [31mpx_total : 0.152429 [31mtotal : 0.152429 
2025-11-24 01:57:40,548 - Agent - INFO - [37mModel saved successfully at: /esat/smcdata/users/kkontras/Image_Dataset/no_backup/data/2025_data/synergy/Synprom_IB_genVAEOSfold0_lib0.01_perturbgen_lr0.0003_wd1e-4_clsmlp.pth.tar[39m
2025-11-24 01:58:59,135 - Agent - INFO - [37mVal Epoch 7 step 7 with [31mpx_total : 0.153080 [31mtotal : 0.153080 
2025-11-24 02:00:17,551 - Agent - INFO - [37mVal Epoch 8 step 8 with [31mpx_total : 0.153249 [31mtotal : 0.153249 
2025-11-24 02:01:34,277 - Agent - INFO - [37mVal Epoch 9 step 9 with [31mpx_total : 0.148318 [31mtotal : 0.148318 
2025-11-24 02:01:34,611 - Agent - INFO - [37mModel saved successfully at: /esat/smcdata/users/kkontras/Image_Dataset/no_backup/data/2025_data/synergy/Synprom_IB_genVAEOSfold0_lib0.01_perturbgen_lr0.0003_wd1e-4_clsmlp.pth.tar[39m

Pair                         dist_corr             cka      cosine_sim   cca_mean_corr procrustes_disp
------------------------------------------------------------------------------------------------------
z1_vs_z2                        0.1358         0.1136         0.3664         0.9873         0.8658
z1_vs_~z                        0.2718         0.2571         0.8057         0.9934         0.8059
z2_vs_~z                        0.4365         0.3352         0.4043         0.9893         0.6320
------------------------------------------------------------------------------------------------------
2025-11-24 02:03:15,224 - Agent - INFO - [37mVal Epoch 10 step 10 with [31mpx_total : 0.146786 [31mtotal : 0.146786 
2025-11-24 02:03:15,613 - Agent - INFO - [37mModel saved successfully at: /esat/smcdata/users/kkontras/Image_Dataset/no_backup/data/2025_data/synergy/Synprom_IB_genVAEOSfold0_lib0.01_perturbgen_lr0.0003_wd1e-4_clsmlp.pth.tar[39m
2025-11-24 02:04:31,949 - Agent - INFO - [37mVal Epoch 11 step 11 with [31mpx_total : 0.148834 [31mtotal : 0.148834 
2025-11-24 02:05:46,842 - Agent - INFO - [37mVal Epoch 12 step 12 with [31mpx_total : 0.145329 [31mtotal : 0.145329 
2025-11-24 02:05:47,183 - Agent - INFO - [37mModel saved successfully at: /esat/smcdata/users/kkontras/Image_Dataset/no_backup/data/2025_data/synergy/Synprom_IB_genVAEOSfold0_lib0.01_perturbgen_lr0.0003_wd1e-4_clsmlp.pth.tar[39m
2025-11-24 02:07:05,327 - Agent - INFO - [37mVal Epoch 13 step 13 with [31mpx_total : 0.142804 [31mtotal : 0.142804 
2025-11-24 02:07:05,694 - Agent - INFO - [37mModel saved successfully at: /esat/smcdata/users/kkontras/Image_Dataset/no_backup/data/2025_data/synergy/Synprom_IB_genVAEOSfold0_lib0.01_perturbgen_lr0.0003_wd1e-4_clsmlp.pth.tar[39m
2025-11-24 02:08:23,036 - Agent - INFO - [37mVal Epoch 14 step 14 with [31mpx_total : 0.144574 [31mtotal : 0.144574 
2025-11-24 02:09:40,471 - Agent - INFO - [37mVal Epoch 15 step 15 with [31mpx_total : 0.148336 [31mtotal : 0.148336 
2025-11-24 02:10:59,262 - Agent - INFO - [37mVal Epoch 16 step 16 with [31mpx_total : 0.146438 [31mtotal : 0.146438 
2025-11-24 02:12:17,282 - Agent - INFO - [37mVal Epoch 17 step 17 with [31mpx_total : 0.141818 [31mtotal : 0.141818 
2025-11-24 02:12:17,615 - Agent - INFO - [37mModel saved successfully at: /esat/smcdata/users/kkontras/Image_Dataset/no_backup/data/2025_data/synergy/Synprom_IB_genVAEOSfold0_lib0.01_perturbgen_lr0.0003_wd1e-4_clsmlp.pth.tar[39m
2025-11-24 02:13:35,090 - Agent - INFO - [37mVal Epoch 18 step 18 with [31mpx_total : 0.146758 [31mtotal : 0.146758 
2025-11-24 02:14:50,935 - Agent - INFO - [37mVal Epoch 19 step 19 with [31mpx_total : 0.142478 [31mtotal : 0.142478 

Pair                         dist_corr             cka      cosine_sim   cca_mean_corr procrustes_disp
------------------------------------------------------------------------------------------------------
z1_vs_z2                        0.1358         0.1136         0.3664         0.9873         0.8658
z1_vs_~z                        0.2595         0.2569         0.8020         0.9944         0.7862
z2_vs_~z                        0.4744         0.3380         0.3998         0.9935         0.5317
------------------------------------------------------------------------------------------------------
2025-11-24 02:16:32,471 - Agent - INFO - [37mVal Epoch 20 step 20 with [31mpx_total : 0.142287 [31mtotal : 0.142287 
2025-11-24 02:17:52,261 - Agent - INFO - [37mVal Epoch 21 step 21 with [31mpx_total : 0.144147 [31mtotal : 0.144147 
2025-11-24 02:19:10,470 - Agent - INFO - [37mVal Epoch 22 step 22 with [31mpx_total : 0.146595 [31mtotal : 0.146595 
2025-11-24 02:20:28,121 - Agent - INFO - [37mVal Epoch 23 step 23 with [31mpx_total : 0.141069 [31mtotal : 0.141069 
2025-11-24 02:20:28,535 - Agent - INFO - [37mModel saved successfully at: /esat/smcdata/users/kkontras/Image_Dataset/no_backup/data/2025_data/synergy/Synprom_IB_genVAEOSfold0_lib0.01_perturbgen_lr0.0003_wd1e-4_clsmlp.pth.tar[39m
2025-11-24 02:21:49,303 - Agent - INFO - [37mVal Epoch 24 step 24 with [31mpx_total : 0.146328 [31mtotal : 0.146328 
2025-11-24 02:23:08,161 - Agent - INFO - [37mVal Epoch 25 step 25 with [31mpx_total : 0.144895 [31mtotal : 0.144895 
2025-11-24 02:24:26,585 - Agent - INFO - [37mVal Epoch 26 step 26 with [31mpx_total : 0.144790 [31mtotal : 0.144790 
2025-11-24 02:25:43,741 - Agent - INFO - [37mVal Epoch 27 step 27 with [31mpx_total : 0.143748 [31mtotal : 0.143748 
2025-11-24 02:26:59,482 - Agent - INFO - [37mVal Epoch 28 step 28 with [31mpx_total : 0.146134 [31mtotal : 0.146134 
2025-11-24 02:28:17,570 - Agent - INFO - [37mVal Epoch 29 step 29 with [31mpx_total : 0.146921 [31mtotal : 0.146921 

Pair                         dist_corr             cka      cosine_sim   cca_mean_corr procrustes_disp
------------------------------------------------------------------------------------------------------
z1_vs_z2                        0.1358         0.1136         0.3664         0.9873         0.8658
z1_vs_~z                        0.2501         0.2512         0.7983         0.9932         0.7991
z2_vs_~z                        0.4587         0.3308         0.3965         0.9939         0.5462
------------------------------------------------------------------------------------------------------
2025-11-24 02:29:58,046 - Agent - INFO - [37mVal Epoch 30 step 30 with [31mpx_total : 0.145791 [31mtotal : 0.145791 
2025-11-24 02:31:18,281 - Agent - INFO - [37mVal Epoch 31 step 31 with [31mpx_total : 0.146246 [31mtotal : 0.146246 
2025-11-24 02:32:36,709 - Agent - INFO - [37mVal Epoch 32 step 32 with [31mpx_total : 0.146929 [31mtotal : 0.146929 
2025-11-24 02:33:52,935 - Agent - INFO - [37mVal Epoch 33 step 33 with [31mpx_total : 0.143421 [31mtotal : 0.143421 
2025-11-24 02:35:09,156 - Agent - INFO - [37mVal Epoch 34 step 34 with [31mpx_total : 0.144838 [31mtotal : 0.144838 
2025-11-24 02:36:26,820 - Agent - INFO - [37mVal Epoch 35 step 35 with [31mpx_total : 0.142809 [31mtotal : 0.142809 
2025-11-24 02:37:46,591 - Agent - INFO - [37mVal Epoch 36 step 36 with [31mpx_total : 0.140363 [31mtotal : 0.140363 
2025-11-24 02:37:47,022 - Agent - INFO - [37mModel saved successfully at: /esat/smcdata/users/kkontras/Image_Dataset/no_backup/data/2025_data/synergy/Synprom_IB_genVAEOSfold0_lib0.01_perturbgen_lr0.0003_wd1e-4_clsmlp.pth.tar[39m
2025-11-24 02:39:06,187 - Agent - INFO - [37mVal Epoch 37 step 37 with [31mpx_total : 0.144169 [31mtotal : 0.144169 
2025-11-24 02:40:23,422 - Agent - INFO - [37mVal Epoch 38 step 38 with [31mpx_total : 0.147686 [31mtotal : 0.147686 
2025-11-24 02:41:40,851 - Agent - INFO - [37mVal Epoch 39 step 39 with [31mpx_total : 0.143308 [31mtotal : 0.143308 

Pair                         dist_corr             cka      cosine_sim   cca_mean_corr procrustes_disp
------------------------------------------------------------------------------------------------------
z1_vs_z2                        0.1358         0.1136         0.3664         0.9873         0.8658
z1_vs_~z                        0.2621         0.2503         0.7974         0.9919         0.7962
z2_vs_~z                        0.4670         0.3367         0.3975         0.9936         0.5371
------------------------------------------------------------------------------------------------------
2025-11-24 02:43:22,628 - Agent - INFO - [37mVal Epoch 40 step 40 with [31mpx_total : 0.146812 [31mtotal : 0.146812 
2025-11-24 02:44:40,435 - Agent - INFO - [37mVal Epoch 41 step 41 with [31mpx_total : 0.143711 [31mtotal : 0.143711 
2025-11-24 02:45:58,253 - Agent - INFO - [37mVal Epoch 42 step 42 with [31mpx_total : 0.143711 [31mtotal : 0.143711 
2025-11-24 02:47:17,249 - Agent - INFO - [37mVal Epoch 43 step 43 with [31mpx_total : 0.145897 [31mtotal : 0.145897 
2025-11-24 02:48:34,547 - Agent - INFO - [37mVal Epoch 44 step 44 with [31mpx_total : 0.150683 [31mtotal : 0.150683 
2025-11-24 02:49:52,645 - Agent - INFO - [37mVal Epoch 45 step 45 with [31mpx_total : 0.147567 [31mtotal : 0.147567 
2025-11-24 02:51:11,639 - Agent - INFO - [37mVal Epoch 46 step 46 with [31mpx_total : 0.144186 [31mtotal : 0.144186 
2025-11-24 02:52:29,692 - Agent - INFO - [37mVal Epoch 47 step 47 with [31mpx_total : 0.150626 [31mtotal : 0.150626 
2025-11-24 02:53:49,446 - Agent - INFO - [37mVal Epoch 48 step 48 with [31mpx_total : 0.146860 [31mtotal : 0.146860 
2025-11-24 02:55:07,018 - Agent - INFO - [37mVal Epoch 49 step 49 with [31mpx_total : 0.146528 [31mtotal : 0.146528 

Pair                         dist_corr             cka      cosine_sim   cca_mean_corr procrustes_disp
------------------------------------------------------------------------------------------------------
z1_vs_z2                        0.1358         0.1136         0.3664         0.9873         0.8658
z1_vs_~z                        0.2592         0.2629         0.7963         0.9901         0.7896
z2_vs_~z                        0.4587         0.3310         0.3970         0.9940         0.5473
------------------------------------------------------------------------------------------------------
2025-11-24 02:57:01,222 - Agent - INFO - [37mVal Epoch 50 step 50 with [31mpx_total : 0.145825 [31mtotal : 0.145825 
2025-11-24 02:58:18,926 - Agent - INFO - [37mVal Epoch 51 step 51 with [31mpx_total : 0.144536 [31mtotal : 0.144536 
2025-11-24 02:59:36,769 - Agent - INFO - [37mVal Epoch 52 step 52 with [31mpx_total : 0.146421 [31mtotal : 0.146421 
2025-11-24 03:00:54,866 - Agent - INFO - [37mVal Epoch 53 step 53 with [31mpx_total : 0.146852 [31mtotal : 0.146852 
2025-11-24 03:02:13,823 - Agent - INFO - [37mVal Epoch 54 step 54 with [31mpx_total : 0.143781 [31mtotal : 0.143781 
2025-11-24 03:03:32,485 - Agent - INFO - [37mVal Epoch 55 step 55 with [31mpx_total : 0.145863 [31mtotal : 0.145863 
2025-11-24 03:04:52,041 - Agent - INFO - [37mVal Epoch 56 step 56 with [31mpx_total : 0.147475 [31mtotal : 0.147475 
2025-11-24 03:06:08,442 - Agent - INFO - [37mVal Epoch 57 step 57 with [31mpx_total : 0.146490 [31mtotal : 0.146490 
2025-11-24 03:07:26,342 - Agent - INFO - [37mVal Epoch 58 step 58 with [31mpx_total : 0.144587 [31mtotal : 0.144587 
2025-11-24 03:08:41,834 - Agent - INFO - [37mVal Epoch 59 step 59 with [31mpx_total : 0.147504 [31mtotal : 0.147504 

Pair                         dist_corr             cka      cosine_sim   cca_mean_corr procrustes_disp
------------------------------------------------------------------------------------------------------
z1_vs_z2                        0.1358         0.1136         0.3664         0.9873         0.8658
z1_vs_~z                        0.2476         0.2522         0.7971         0.9917         0.7960
z2_vs_~z                        0.4381         0.3030         0.3965         0.9938         0.5580
------------------------------------------------------------------------------------------------------
2025-11-24 03:10:34,658 - Agent - INFO - [37mVal Epoch 60 step 60 with [31mpx_total : 0.146207 [31mtotal : 0.146207 
2025-11-24 03:11:54,285 - Agent - INFO - [37mVal Epoch 61 step 61 with [31mpx_total : 0.146109 [31mtotal : 0.146109 
2025-11-24 03:13:12,605 - Agent - INFO - [37mVal Epoch 62 step 62 with [31mpx_total : 0.146391 [31mtotal : 0.146391 
2025-11-24 03:14:30,239 - Agent - INFO - [37mVal Epoch 63 step 63 with [31mpx_total : 0.146183 [31mtotal : 0.146183 
2025-11-24 03:15:46,005 - Agent - INFO - [37mVal Epoch 64 step 64 with [31mpx_total : 0.148570 [31mtotal : 0.148570 
2025-11-24 03:17:02,358 - Agent - INFO - [37mVal Epoch 65 step 65 with [31mpx_total : 0.143988 [31mtotal : 0.143988 
2025-11-24 03:18:21,467 - Agent - INFO - [37mVal Epoch 66 step 66 with [31mpx_total : 0.144485 [31mtotal : 0.144485 
2025-11-24 03:19:39,532 - Agent - INFO - [37mVal Epoch 67 step 67 with [31mpx_total : 0.143726 [31mtotal : 0.143726 
2025-11-24 03:20:58,701 - Agent - INFO - [37mVal Epoch 68 step 68 with [31mpx_total : 0.152534 [31mtotal : 0.152534 
2025-11-24 03:22:15,983 - Agent - INFO - [37mVal Epoch 69 step 69 with [31mpx_total : 0.147452 [31mtotal : 0.147452 

Pair                         dist_corr             cka      cosine_sim   cca_mean_corr procrustes_disp
------------------------------------------------------------------------------------------------------
z1_vs_z2                        0.1358         0.1136         0.3664         0.9873         0.8658
z1_vs_~z                        0.2437         0.2449         0.8001         0.9904         0.8017
z2_vs_~z                        0.4486         0.3123         0.3967         0.9935         0.5505
------------------------------------------------------------------------------------------------------
2025-11-24 03:24:11,325 - Agent - INFO - [37mVal Epoch 70 step 70 with [31mpx_total : 0.145645 [31mtotal : 0.145645 
2025-11-24 03:25:28,425 - Agent - INFO - [37mVal Epoch 71 step 71 with [31mpx_total : 0.144645 [31mtotal : 0.144645 
2025-11-24 03:26:44,935 - Agent - INFO - [37mVal Epoch 72 step 72 with [31mpx_total : 0.144214 [31mtotal : 0.144214 
2025-11-24 03:28:06,252 - Agent - INFO - [37mVal Epoch 73 step 73 with [31mpx_total : 0.149697 [31mtotal : 0.149697 
2025-11-24 03:29:24,047 - Agent - INFO - [37mVal Epoch 74 step 74 with [31mpx_total : 0.143094 [31mtotal : 0.143094 
2025-11-24 03:30:41,891 - Agent - INFO - [37mVal Epoch 75 step 75 with [31mpx_total : 0.150530 [31mtotal : 0.150530 
2025-11-24 03:31:58,627 - Agent - INFO - [37mVal Epoch 76 step 76 with [31mpx_total : 0.153305 [31mtotal : 0.153305 
2025-11-24 03:33:16,947 - Agent - INFO - [37mVal Epoch 77 step 77 with [31mpx_total : 0.150389 [31mtotal : 0.150389 
2025-11-24 03:34:35,359 - Agent - INFO - [37mVal Epoch 78 step 78 with [31mpx_total : 0.149402 [31mtotal : 0.149402 
2025-11-24 03:35:55,106 - Agent - INFO - [37mVal Epoch 79 step 79 with [31mpx_total : 0.146402 [31mtotal : 0.146402 

Pair                         dist_corr             cka      cosine_sim   cca_mean_corr procrustes_disp
------------------------------------------------------------------------------------------------------
z1_vs_z2                        0.1358         0.1136         0.3664         0.9873         0.8658
z1_vs_~z                        0.2377         0.2407         0.8031         0.9884         0.8093
z2_vs_~z                        0.4136         0.2985         0.3968         0.9928         0.5704
------------------------------------------------------------------------------------------------------
2025-11-24 03:37:40,439 - Agent - INFO - [37mVal Epoch 80 step 80 with [31mpx_total : 0.145691 [31mtotal : 0.145691 
2025-11-24 03:38:56,682 - Agent - INFO - [37mVal Epoch 81 step 81 with [31mpx_total : 0.143430 [31mtotal : 0.143430 
2025-11-24 03:40:12,538 - Agent - INFO - [37mVal Epoch 82 step 82 with [31mpx_total : 0.148100 [31mtotal : 0.148100 
2025-11-24 03:41:29,078 - Agent - INFO - [37mVal Epoch 83 step 83 with [31mpx_total : 0.148586 [31mtotal : 0.148586 
2025-11-24 03:42:45,244 - Agent - INFO - [37mVal Epoch 84 step 84 with [31mpx_total : 0.145974 [31mtotal : 0.145974 
2025-11-24 03:44:01,785 - Agent - INFO - [37mVal Epoch 85 step 85 with [31mpx_total : 0.152305 [31mtotal : 0.152305 
2025-11-24 03:45:17,459 - Agent - INFO - [37mVal Epoch 86 step 86 with [31mpx_total : 0.150185 [31mtotal : 0.150185 
2025-11-24 03:46:33,567 - Agent - INFO - [37mVal Epoch 87 step 87 with [31mpx_total : 0.149138 [31mtotal : 0.149138 
2025-11-24 03:47:51,662 - Agent - INFO - [37mVal Epoch 88 step 88 with [31mpx_total : 0.149881 [31mtotal : 0.149881 
2025-11-24 03:49:10,602 - Agent - INFO - [37mVal Epoch 89 step 89 with [31mpx_total : 0.143702 [31mtotal : 0.143702 

Pair                         dist_corr             cka      cosine_sim   cca_mean_corr procrustes_disp
------------------------------------------------------------------------------------------------------
z1_vs_z2                        0.1358         0.1136         0.3664         0.9873         0.8658
z1_vs_~z                        0.2439         0.2476         0.7965         0.9866         0.8011
z2_vs_~z                        0.4246         0.3111         0.3964         0.9934         0.5702
------------------------------------------------------------------------------------------------------
2025-11-24 03:50:52,520 - Agent - INFO - [37mVal Epoch 90 step 90 with [31mpx_total : 0.146623 [31mtotal : 0.146623 
2025-11-24 03:52:09,951 - Agent - INFO - [37mVal Epoch 91 step 91 with [31mpx_total : 0.143067 [31mtotal : 0.143067 
2025-11-24 03:53:26,470 - Agent - INFO - [37mVal Epoch 92 step 92 with [31mpx_total : 0.149219 [31mtotal : 0.149219 
2025-11-24 03:54:42,460 - Agent - INFO - [37mVal Epoch 93 step 93 with [31mpx_total : 0.143421 [31mtotal : 0.143421 
2025-11-24 03:55:58,342 - Agent - INFO - [37mVal Epoch 94 step 94 with [31mpx_total : 0.145384 [31mtotal : 0.145384 
2025-11-24 03:57:13,706 - Agent - INFO - [37mVal Epoch 95 step 95 with [31mpx_total : 0.149723 [31mtotal : 0.149723 
2025-11-24 03:58:29,273 - Agent - INFO - [37mVal Epoch 96 step 96 with [31mpx_total : 0.150928 [31mtotal : 0.150928 
2025-11-24 03:59:45,129 - Agent - INFO - [37mVal Epoch 97 step 97 with [31mpx_total : 0.153855 [31mtotal : 0.153855 
2025-11-24 04:00:59,493 - Agent - INFO - [37mVal Epoch 98 step 98 with [31mpx_total : 0.149438 [31mtotal : 0.149438 
2025-11-24 04:02:14,092 - Agent - INFO - [37mVal Epoch 99 step 99 with [31mpx_total : 0.143366 [31mtotal : 0.143366 

Pair                         dist_corr             cka      cosine_sim   cca_mean_corr procrustes_disp
------------------------------------------------------------------------------------------------------
z1_vs_z2                        0.1358         0.1136         0.3664         0.9873         0.8658
z1_vs_~z                        0.2326         0.2380         0.8008         0.9904         0.8053
z2_vs_~z                        0.4242         0.2708         0.3967         0.9936         0.5667
------------------------------------------------------------------------------------------------------
2025-11-24 04:04:04,583 - Agent - INFO - [37mVal Epoch 100 step 100 with [31mpx_total : 0.145339 [31mtotal : 0.145339 
2025-11-24 04:05:19,931 - Agent - INFO - [37mVal Epoch 101 step 101 with [31mpx_total : 0.149529 [31mtotal : 0.149529 
2025-11-24 04:06:36,124 - Agent - INFO - [37mVal Epoch 102 step 102 with [31mpx_total : 0.149852 [31mtotal : 0.149852 
2025-11-24 04:07:52,724 - Agent - INFO - [37mVal Epoch 103 step 103 with [31mpx_total : 0.145099 [31mtotal : 0.145099 
2025-11-24 04:09:08,904 - Agent - INFO - [37mVal Epoch 104 step 104 with [31mpx_total : 0.148584 [31mtotal : 0.148584 
2025-11-24 04:10:24,747 - Agent - INFO - [37mVal Epoch 105 step 105 with [31mpx_total : 0.148644 [31mtotal : 0.148644 
2025-11-24 04:11:41,186 - Agent - INFO - [37mVal Epoch 106 step 106 with [31mpx_total : 0.150657 [31mtotal : 0.150657 
2025-11-24 04:12:57,985 - Agent - INFO - [37mVal Epoch 107 step 107 with [31mpx_total : 0.149136 [31mtotal : 0.149136 
2025-11-24 04:14:15,175 - Agent - INFO - [37mVal Epoch 108 step 108 with [31mpx_total : 0.145791 [31mtotal : 0.145791 
2025-11-24 04:15:32,788 - Agent - INFO - [37mVal Epoch 109 step 109 with [31mpx_total : 0.146298 [31mtotal : 0.146298 

Pair                         dist_corr             cka      cosine_sim   cca_mean_corr procrustes_disp
------------------------------------------------------------------------------------------------------
z1_vs_z2                        0.1358         0.1136         0.3664         0.9873         0.8658
z1_vs_~z                        0.2427         0.2433         0.7949         0.9876         0.7998
z2_vs_~z                        0.4291         0.2898         0.3964         0.9939         0.5675
------------------------------------------------------------------------------------------------------
2025-11-24 04:17:21,969 - Agent - INFO - [37mVal Epoch 110 step 110 with [31mpx_total : 0.149849 [31mtotal : 0.149849 
2025-11-24 04:18:43,280 - Agent - INFO - [37mVal Epoch 111 step 111 with [31mpx_total : 0.148784 [31mtotal : 0.148784 
2025-11-24 04:20:00,857 - Agent - INFO - [37mVal Epoch 112 step 112 with [31mpx_total : 0.146661 [31mtotal : 0.146661 
2025-11-24 04:21:17,527 - Agent - INFO - [37mVal Epoch 113 step 113 with [31mpx_total : 0.148925 [31mtotal : 0.148925 
2025-11-24 04:22:35,585 - Agent - INFO - [37mVal Epoch 114 step 114 with [31mpx_total : 0.148353 [31mtotal : 0.148353 
2025-11-24 04:23:53,272 - Agent - INFO - [37mVal Epoch 115 step 115 with [31mpx_total : 0.148737 [31mtotal : 0.148737 
2025-11-24 04:25:10,063 - Agent - INFO - [37mVal Epoch 116 step 116 with [31mpx_total : 0.147464 [31mtotal : 0.147464 
2025-11-24 04:26:27,147 - Agent - INFO - [37mVal Epoch 117 step 117 with [31mpx_total : 0.150808 [31mtotal : 0.150808 
2025-11-24 04:27:43,665 - Agent - INFO - [37mVal Epoch 118 step 118 with [31mpx_total : 0.147907 [31mtotal : 0.147907 
2025-11-24 04:29:00,793 - Agent - INFO - [37mVal Epoch 119 step 119 with [31mpx_total : 0.148369 [31mtotal : 0.148369 

Pair                         dist_corr             cka      cosine_sim   cca_mean_corr procrustes_disp
------------------------------------------------------------------------------------------------------
z1_vs_z2                        0.1358         0.1136         0.3664         0.9873         0.8658
z1_vs_~z                        0.2432         0.2440         0.7943         0.9886         0.8008
z2_vs_~z                        0.4328         0.3029         0.3954         0.9934         0.5640
------------------------------------------------------------------------------------------------------
2025-11-24 04:30:46,127 - Agent - INFO - [37mVal Epoch 120 step 120 with [31mpx_total : 0.149752 [31mtotal : 0.149752 
2025-11-24 04:32:05,391 - Agent - INFO - [37mVal Epoch 121 step 121 with [31mpx_total : 0.147343 [31mtotal : 0.147343 
2025-11-24 04:33:24,443 - Agent - INFO - [37mVal Epoch 122 step 122 with [31mpx_total : 0.147687 [31mtotal : 0.147687 
2025-11-24 04:34:43,832 - Agent - INFO - [37mVal Epoch 123 step 123 with [31mpx_total : 0.147057 [31mtotal : 0.147057 
2025-11-24 04:36:00,994 - Agent - INFO - [37mVal Epoch 124 step 124 with [31mpx_total : 0.147577 [31mtotal : 0.147577 
2025-11-24 04:37:17,572 - Agent - INFO - [37mVal Epoch 125 step 125 with [31mpx_total : 0.147915 [31mtotal : 0.147915 
2025-11-24 04:38:35,435 - Agent - INFO - [37mVal Epoch 126 step 126 with [31mpx_total : 0.147504 [31mtotal : 0.147504 
2025-11-24 04:39:53,038 - Agent - INFO - [37mVal Epoch 127 step 127 with [31mpx_total : 0.147817 [31mtotal : 0.147817 
2025-11-24 04:41:10,717 - Agent - INFO - [37mVal Epoch 128 step 128 with [31mpx_total : 0.146401 [31mtotal : 0.146401 
2025-11-24 04:42:26,046 - Agent - INFO - [37mVal Epoch 129 step 129 with [31mpx_total : 0.151894 [31mtotal : 0.151894 

Pair                         dist_corr             cka      cosine_sim   cca_mean_corr procrustes_disp
------------------------------------------------------------------------------------------------------
z1_vs_z2                        0.1358         0.1136         0.3664         0.9873         0.8658
z1_vs_~z                        0.2468         0.2556         0.8013         0.9875         0.7910
z2_vs_~z                        0.4436         0.3131         0.3980         0.9930         0.5542
------------------------------------------------------------------------------------------------------
2025-11-24 04:44:10,562 - Agent - INFO - [37mVal Epoch 130 step 130 with [31mpx_total : 0.142951 [31mtotal : 0.142951 
2025-11-24 04:45:31,299 - Agent - INFO - [37mVal Epoch 131 step 131 with [31mpx_total : 0.143835 [31mtotal : 0.143835 
2025-11-24 04:46:50,357 - Agent - INFO - [37mVal Epoch 132 step 132 with [31mpx_total : 0.144774 [31mtotal : 0.144774 
2025-11-24 04:48:06,611 - Agent - INFO - [37mVal Epoch 133 step 133 with [31mpx_total : 0.149767 [31mtotal : 0.149767 
2025-11-24 04:49:26,284 - Agent - INFO - [37mVal Epoch 134 step 134 with [31mpx_total : 0.149285 [31mtotal : 0.149285 
2025-11-24 04:50:43,164 - Agent - INFO - [37mVal Epoch 135 step 135 with [31mpx_total : 0.144007 [31mtotal : 0.144007 
2025-11-24 04:50:45,092 - Agent - INFO - We are in the final state.
2025-11-24 04:50:45,242 - root - INFO - Loaded best model from /esat/smcdata/users/kkontras/Image_Dataset/no_backup/data/2025_data/synergy/Synprom_IB_genVAEOSfold0_lib0.01_perturbgen_lr0.0003_wd1e-4_clsmlp.pth.tar
2025-11-24 04:50:58,756 - Agent - INFO - [37mVal Epoch 135 step 0 with [31mpx_total : 0.140323 [31mtotal : 0.140323 

Pair                         dist_corr             cka      cosine_sim   cca_mean_corr procrustes_disp
------------------------------------------------------------------------------------------------------
z1_vs_z2                        0.0052         0.0510         0.3621         0.9842         0.9155
z1_vs_~z                        0.1441         0.0989         0.7969         0.9912         0.9070
z2_vs_~z                        0.4942         0.4264         0.3927         0.9942         0.5001
------------------------------------------------------------------------------------------------------
2025-11-24 04:51:49,732 - Agent - INFO - [37mTest Epoch 135 step 0 with [31mpx_total : 0.186990 [31mtotal : 0.186990 
2025-11-24 04:51:50,443 - Agent - INFO - [37mModel saved successfully at: /esat/smcdata/users/kkontras/Image_Dataset/no_backup/data/2025_data/synergy/Synprom_IB_genVAEOSfold0_lib0.01_perturbgen_lr0.0003_wd1e-4_clsmlp.pth.tar[39m
[1;34mwandb[0m: 
[1;34mwandb[0m: 🚀 View run [33mSynprom_IB_genVAEOSfold0_lib0.01_perturbgen_lr0.0003_wd1e-4_clsmlp[0m at: [34m[0m
[1;34mwandb[0m: Find logs at: [1;35mwandb/run-20251124_014935-xpbct92i/logs[0m
Job finished
