Starting Job
/esat/smcdata/users/kkontras/Image_Dataset/no_backup/git/Synergy/train.py
/esat/smcdata/users/kkontras/Image_Dataset/no_backup/envs/synergy_new/bin/python
Python 3.10.19
/esat/smcdata/users/kkontras/Image_Dataset/no_backup/git/Synergy
We have 1 GPU
/esat/smcdata/users/kkontras/Image_Dataset/no_backup/git/Synergy/train.py
config-./configs/CREMA_D/synergy/nov/synprom_generatorVAEOneSide.json
Executing command: accelerate launch /esat/smcdata/users/kkontras/Image_Dataset/no_backup/git/Synergy/train.py --config ./configs/CREMA_D/synergy/nov/synprom_generatorVAEOneSide.json --default_config ./configs/CREMA_D/default_config_cremad_res_syn.json --fold 0 --lr 0.0001 --wd 0.0 --perturb gen --start_over  --cls mlp --lib 0.1
Namespace(config='./configs/CREMA_D/synergy/nov/synprom_generatorVAEOneSide.json', default_config='./configs/CREMA_D/default_config_cremad_res_syn.json', fold='0', alpha=None, tanh_mode=None, tanh_mode_beta=None, regby=None, clip=None, batch_size=None, l=None, multil=None, l_diffsq=None, lib='0.1', ratio_us=None, ratio_snr=None, kmepoch=None, num_samples=None, pow=None, nstep=None, contrcoeff=None, kde_coeff=None, etube=None, temperature=None, contr_type=None, shuffle_type=None, validate_with=None, transform_type=None, trasform_before=None, num_classes=None, base_alpha=None, alpha_var=None, base_beta=None, beta_var=None, optim_method=None, ilr_c=None, ilr_g=None, mmcosine_scaling=None, ending_epoch=None, load_ongoing=None, commonlayers=None, recon_weight1=None, recon_weight2=None, recon_epochstages=None, recon_ensemblestages=None, lr='0.0001', wd='0.0', mm=None, cls='mlp', perturb='gen', pre=False, frozen=False, tdqm_disable=False, start_over=True)
2025-11-24 04:24:36,661 - Config - INFO - ./configs/CREMA_D/synergy/nov/synprom_generatorVAEOneSide.json
2025-11-24 04:24:36,663 - Config - INFO -  THE Configuration of your experiment ..
{'agent': 'Agent',
 'dataset': {'data_roots': '/esat/smcdata/users/kkontras/Image_Dataset/no_backup/CremaD/CREMA-D',
             'data_split': {'fold': 0, 'method': 'non_inclusive'},
             'dataloader_class': 'CramedD_Dataloader',
             'fps': 1,
             'norm': False,
             'norm_face_path': './mydatasets/CREMAD/norm_face_path_fold{}.pkl',
             'norm_wav_path': './mydatasets/CREMAD/wav_norm_16000_fold{}.pkl',
             'num_frame': 3,
             'return_data': {'audio': False,
                             'face': False,
                             'spectrogram': True,
                             'video': True},
             'sampling_rate': 22050},
 'early_stopping': {'end_of_epoch_check': True,
                    'log_interval': 10,
                    'max_epoch': 1500,
                    'n_steps_stop': 100,
                    'n_steps_stop_after': 0,
                    'save_every_step': 3000,
                    'save_every_valstep': 10,
                    'validate_after': 0,
                    'validate_every': 25,
                    'validate_with': 'loss'},
 'exp_name': 'CREMAD Experiment',
 'model': {'args': {'bias_infusion': {'ending_epoch': 1500,
                                      'l': 0.1,
                                      'method': 'false',
                                      'plot': False,
                                      'starting_epoch': 0,
                                      'use': True},
                    'clip_grad': False,
                    'cls_type': 'linear',
                    'd_model': 512,
                    'dropout': 0.1,
                    'fc_inner': 64,
                    'multi_loss': {'multi_supervised_w': {'c': 0,
                                                          'combined': 1,
                                                          'g': 0}},
                    'num_classes': 6,
                    'swap_direction': True},
           'encoders': [{'args': {'d_model': 512,
                                  'dropout': 0.1,
                                  'fc_inner': 64,
                                  'freeze_encoder': True,
                                  'num_classes': 6},
                         'model': 'Audio_ResNet',
                         'pretrainedEncoder': {'dir': 'unimodal_audio_fold{}_lr0.001_wd0.0001.pth.tar',
                                               'use': True}},
                        {'args': {'d_model': 512,
                                  'dropout': 0.1,
                                  'fc_inner': 64,
                                  'freeze_encoder': True,
                                  'num_classes': 6},
                         'model': 'Video_ResNet',
                         'pretrainedEncoder': {'dir': 'unimodal_video_fold{}_lr0.001_wd0.0001.pth.tar',
                                               'use': True}},
                        {'args': {'dim_in': 512,
                                  'dim_out': 512,
                                  'hidden': 512,
                                  'latent_dim': 64},
                         'model': 'SimpleVAEZ2toZ1OneSide',
                         'pretrainedEncoder': {'dir': '', 'use': False},
                         'save_encoder': True}],
           'load_ongoing': False,
           'model_class': 'Model_GeneratorVAEOneSide',
           'save_base_dir': '/esat/smcdata/users/kkontras/Image_Dataset/no_backup/data/2025_data/synergy',
           'save_dir': 'Synprom_IB_genVAEOS{}.pth.tar'},
 'optimizer': {'beta1': 0.9,
               'beta2': 0.999,
               'learning_rate': 1e-05,
               'momentum': 0.9,
               'type': 'Adam',
               'weight_decay': 1e-05},
 'scheduler': {'max_lr': 0.03, 'type': 'cosanneal', 'warm_up_steps': 780},
 'task': 'generative',
 'training_params': {'adversarial_training': {'adv_epsilon': 0.01,
                                              'use': False},
                     'async_loading': True,
                     'batch_size': 128,
                     'cuda': True,
                     'data_loader_workers': 8,
                     'gpu_device': [0],
                     'pin_memory': False,
                     'rec_test': False,
                     'res': True,
                     'seed': 109,
                     'tdqm_disable': False,
                     'test_batch_size': 128,
                     'test_on_bottoms': False,
                     'use_test_set': True,
                     'validation': True,
                     'verbose': True,
                     'wandb_disable': False}}
2025-11-24 04:24:36,666 - Config - INFO -  *************************************** 
2025-11-24 04:24:36,666 - Config - INFO - The experiment name is CREMAD Experiment
2025-11-24 04:24:36,666 - Config - INFO -  *************************************** 
2025-11-24 04:24:36,666 - root - INFO - save_dir: Synprom_IB_genVAEOSfold0_lib0.1_perturbgen_lr0.0001_wd0.0_clsmlp.pth.tar
2025-11-24 04:24:36,734 - Cuda Statistics - INFO - __Python VERSION:  3.10.19 (main, Oct 21 2025, 16:43:05) [GCC 11.2.0]
2025-11-24 04:24:36,734 - Cuda Statistics - INFO - __pyTorch VERSION:  2.6.0+cu124
2025-11-24 04:24:36,734 - Cuda Statistics - INFO - __CUDA VERSION
2025-11-24 04:24:36,735 - Cuda Statistics - INFO - __CUDNN VERSION:  90100
2025-11-24 04:24:36,759 - Cuda Statistics - INFO - __Number CUDA Devices:  1
2025-11-24 04:24:36,759 - Cuda Statistics - INFO - __Devices
2025-11-24 04:24:36,759 - Cuda Statistics - INFO - index, name, driver_version, memory.total [MiB], memory.used [MiB], memory.free [MiB]
2025-11-24 04:24:36,759 - Cuda Statistics - INFO - 0, NVIDIA GeForce RTX 3090, 580.105.08, 24576 MiB, 4 MiB, 24121 MiB
2025-11-24 04:24:36,763 - Cuda Statistics - INFO - Active CUDA Device: GPU 0
2025-11-24 04:24:36,763 - Cuda Statistics - INFO - Available devices  1
2025-11-24 04:24:36,763 - Cuda Statistics - INFO - Current cuda device  0
This path does not exist /esat/smcdata/users/kkontras/Image_Dataset/no_backup/CremaD/CREMA-D/AudioWAV/1076_MTI_SAD_XX.wav or /esat/smcdata/users/kkontras/Image_Dataset/no_backup/CremaD/CREMA-D/Image-01-FPS/1076_MTI_SAD_XX or /esat/smcdata/users/kkontras/Image_Dataset/no_backup/CremaD/CREMA-D/Face_features/1076_MTI_SAD_XX.npy
2025-11-24 04:24:38,634 - root - INFO - Loaded wav norm from ./mydatasets/CREMAD/wav_norm_16000_fold0.pkl
2025-11-24 04:24:38,637 - root - INFO - Norm values are {'mean': tensor(-2.7937e-05), 'std': tensor(0.0613), 'max_duration': 4.8715625}
2025-11-24 04:24:39,037 - root - INFO - Loaded wav norm from ./mydatasets/CREMAD/wav_norm_16000_fold0.pkl
2025-11-24 04:24:39,038 - root - INFO - Norm values are {'mean': tensor(-2.7937e-05), 'std': tensor(0.0613), 'max_duration': 4.8715625}
2025-11-24 04:24:39,470 - root - INFO - Loaded wav norm from ./mydatasets/CREMAD/wav_norm_16000_fold0.pkl
2025-11-24 04:24:39,471 - root - INFO - Norm values are {'mean': tensor(-2.7937e-05), 'std': tensor(0.0613), 'max_duration': 4.8715625}
Available cores 8
We are changing dataloader workers to num of cores 0
2025-11-24 04:24:39,472 - Agent - INFO - Device: cuda:0
2025-11-24 04:24:39,472 - Agent - INFO - Total training batches: 32, validate every 25 batches, steps per epoch: 2
2025-11-24 04:24:41,098 - Agent - INFO - Loss Weights are {'total': 1, 'combined': 1, 'c': 0, 'g': 0}
2025-11-24 04:24:41,360 - root - INFO - Loading enc best model state dict from /esat/smcdata/users/kkontras/Image_Dataset/no_backup/data/2025_data/synergy/unimodal_audio_fold0_lr0.001_wd0.0001.pth.tar
2025-11-24 04:24:41,671 - root - INFO - Loading enc best model state dict from /esat/smcdata/users/kkontras/Image_Dataset/no_backup/data/2025_data/synergy/unimodal_video_fold0_lr0.001_wd0.0001.pth.tar
2025-11-24 04:24:41,695 - Agent - INFO - Freezing encoder enc_0
2025-11-24 04:24:41,696 - Agent - INFO - Freezing encoder enc_1
2025-11-24 04:24:41,855 - Agent - INFO - Total number of trainable parameters are: 23502476
2025-11-24 04:24:41,860 - Agent - INFO - Total number of trainable parameters are: 1149568
2025-11-24 04:26:02,967 - Agent - INFO - [37mVal Epoch 1 step 1 with [31mpx_total : 0.228682 [31mtotal : 0.228682 
2025-11-24 04:26:03,154 - Agent - INFO - [37mModel saved successfully at: /esat/smcdata/users/kkontras/Image_Dataset/no_backup/data/2025_data/synergy/Synprom_IB_genVAEOSfold0_lib0.1_perturbgen_lr0.0001_wd0.0_clsmlp.pth.tar[39m
2025-11-24 04:27:22,239 - Agent - INFO - [37mVal Epoch 2 step 2 with [31mpx_total : 0.181148 [31mtotal : 0.181148 
2025-11-24 04:27:22,496 - Agent - INFO - [37mModel saved successfully at: /esat/smcdata/users/kkontras/Image_Dataset/no_backup/data/2025_data/synergy/Synprom_IB_genVAEOSfold0_lib0.1_perturbgen_lr0.0001_wd0.0_clsmlp.pth.tar[39m
2025-11-24 04:28:42,100 - Agent - INFO - [37mVal Epoch 3 step 3 with [31mpx_total : 0.178861 [31mtotal : 0.178861 
2025-11-24 04:28:42,371 - Agent - INFO - [37mModel saved successfully at: /esat/smcdata/users/kkontras/Image_Dataset/no_backup/data/2025_data/synergy/Synprom_IB_genVAEOSfold0_lib0.1_perturbgen_lr0.0001_wd0.0_clsmlp.pth.tar[39m
2025-11-24 04:30:02,406 - Agent - INFO - [37mVal Epoch 4 step 4 with [31mpx_total : 0.177549 [31mtotal : 0.177549 
2025-11-24 04:30:02,657 - Agent - INFO - [37mModel saved successfully at: /esat/smcdata/users/kkontras/Image_Dataset/no_backup/data/2025_data/synergy/Synprom_IB_genVAEOSfold0_lib0.1_perturbgen_lr0.0001_wd0.0_clsmlp.pth.tar[39m
2025-11-24 04:31:23,031 - Agent - INFO - [37mVal Epoch 5 step 5 with [31mpx_total : 0.172865 [31mtotal : 0.172865 
2025-11-24 04:31:23,282 - Agent - INFO - [37mModel saved successfully at: /esat/smcdata/users/kkontras/Image_Dataset/no_backup/data/2025_data/synergy/Synprom_IB_genVAEOSfold0_lib0.1_perturbgen_lr0.0001_wd0.0_clsmlp.pth.tar[39m
2025-11-24 04:32:44,159 - Agent - INFO - [37mVal Epoch 6 step 6 with [31mpx_total : 0.163206 [31mtotal : 0.163206 
2025-11-24 04:32:44,409 - Agent - INFO - [37mModel saved successfully at: /esat/smcdata/users/kkontras/Image_Dataset/no_backup/data/2025_data/synergy/Synprom_IB_genVAEOSfold0_lib0.1_perturbgen_lr0.0001_wd0.0_clsmlp.pth.tar[39m
2025-11-24 04:34:04,851 - Agent - INFO - [37mVal Epoch 7 step 7 with [31mpx_total : 0.160392 [31mtotal : 0.160392 
2025-11-24 04:34:05,102 - Agent - INFO - [37mModel saved successfully at: /esat/smcdata/users/kkontras/Image_Dataset/no_backup/data/2025_data/synergy/Synprom_IB_genVAEOSfold0_lib0.1_perturbgen_lr0.0001_wd0.0_clsmlp.pth.tar[39m
2025-11-24 04:35:25,673 - Agent - INFO - [37mVal Epoch 8 step 8 with [31mpx_total : 0.159977 [31mtotal : 0.159977 
2025-11-24 04:35:25,927 - Agent - INFO - [37mModel saved successfully at: /esat/smcdata/users/kkontras/Image_Dataset/no_backup/data/2025_data/synergy/Synprom_IB_genVAEOSfold0_lib0.1_perturbgen_lr0.0001_wd0.0_clsmlp.pth.tar[39m
2025-11-24 04:36:45,804 - Agent - INFO - [37mVal Epoch 9 step 9 with [31mpx_total : 0.155437 [31mtotal : 0.155437 
2025-11-24 04:36:46,050 - Agent - INFO - [37mModel saved successfully at: /esat/smcdata/users/kkontras/Image_Dataset/no_backup/data/2025_data/synergy/Synprom_IB_genVAEOSfold0_lib0.1_perturbgen_lr0.0001_wd0.0_clsmlp.pth.tar[39m

Pair                         dist_corr             cka      cosine_sim   cca_mean_corr procrustes_disp
------------------------------------------------------------------------------------------------------
z1_vs_z2                        0.1358         0.1136         0.3664         0.9873         0.8658
z1_vs_~z                        0.2496         0.2246         0.8177         0.9921         0.8452
z2_vs_~z                        0.4042         0.3538         0.4078         0.9859         0.7181
------------------------------------------------------------------------------------------------------
2025-11-24 04:38:25,355 - Agent - INFO - [37mVal Epoch 10 step 10 with [31mpx_total : 0.154585 [31mtotal : 0.154585 
2025-11-24 04:38:26,035 - Agent - INFO - [37mModel saved successfully at: /esat/smcdata/users/kkontras/Image_Dataset/no_backup/data/2025_data/synergy/Synprom_IB_genVAEOSfold0_lib0.1_perturbgen_lr0.0001_wd0.0_clsmlp.pth.tar[39m
2025-11-24 04:39:47,090 - Agent - INFO - [37mVal Epoch 11 step 11 with [31mpx_total : 0.155420 [31mtotal : 0.155420 
2025-11-24 04:41:07,791 - Agent - INFO - [37mVal Epoch 12 step 12 with [31mpx_total : 0.152479 [31mtotal : 0.152479 
2025-11-24 04:41:08,044 - Agent - INFO - [37mModel saved successfully at: /esat/smcdata/users/kkontras/Image_Dataset/no_backup/data/2025_data/synergy/Synprom_IB_genVAEOSfold0_lib0.1_perturbgen_lr0.0001_wd0.0_clsmlp.pth.tar[39m
2025-11-24 04:42:28,270 - Agent - INFO - [37mVal Epoch 13 step 13 with [31mpx_total : 0.151506 [31mtotal : 0.151506 
2025-11-24 04:42:28,522 - Agent - INFO - [37mModel saved successfully at: /esat/smcdata/users/kkontras/Image_Dataset/no_backup/data/2025_data/synergy/Synprom_IB_genVAEOSfold0_lib0.1_perturbgen_lr0.0001_wd0.0_clsmlp.pth.tar[39m
2025-11-24 04:43:49,575 - Agent - INFO - [37mVal Epoch 14 step 14 with [31mpx_total : 0.149481 [31mtotal : 0.149481 
2025-11-24 04:43:49,834 - Agent - INFO - [37mModel saved successfully at: /esat/smcdata/users/kkontras/Image_Dataset/no_backup/data/2025_data/synergy/Synprom_IB_genVAEOSfold0_lib0.1_perturbgen_lr0.0001_wd0.0_clsmlp.pth.tar[39m
2025-11-24 04:45:10,193 - Agent - INFO - [37mVal Epoch 15 step 15 with [31mpx_total : 0.151797 [31mtotal : 0.151797 
2025-11-24 04:46:30,302 - Agent - INFO - [37mVal Epoch 16 step 16 with [31mpx_total : 0.148756 [31mtotal : 0.148756 
2025-11-24 04:46:30,552 - Agent - INFO - [37mModel saved successfully at: /esat/smcdata/users/kkontras/Image_Dataset/no_backup/data/2025_data/synergy/Synprom_IB_genVAEOSfold0_lib0.1_perturbgen_lr0.0001_wd0.0_clsmlp.pth.tar[39m
2025-11-24 04:47:51,795 - Agent - INFO - [37mVal Epoch 17 step 17 with [31mpx_total : 0.144108 [31mtotal : 0.144108 
2025-11-24 04:47:52,045 - Agent - INFO - [37mModel saved successfully at: /esat/smcdata/users/kkontras/Image_Dataset/no_backup/data/2025_data/synergy/Synprom_IB_genVAEOSfold0_lib0.1_perturbgen_lr0.0001_wd0.0_clsmlp.pth.tar[39m
2025-11-24 04:49:13,455 - Agent - INFO - [37mVal Epoch 18 step 18 with [31mpx_total : 0.149578 [31mtotal : 0.149578 
2025-11-24 04:50:34,924 - Agent - INFO - [37mVal Epoch 19 step 19 with [31mpx_total : 0.145588 [31mtotal : 0.145588 

Pair                         dist_corr             cka      cosine_sim   cca_mean_corr procrustes_disp
------------------------------------------------------------------------------------------------------
z1_vs_z2                        0.1358         0.1136         0.3664         0.9873         0.8658
z1_vs_~z                        0.2560         0.2596         0.8027         0.9910         0.7901
z2_vs_~z                        0.5027         0.4143         0.3991         0.9908         0.5128
------------------------------------------------------------------------------------------------------
2025-11-24 04:52:14,801 - Agent - INFO - [37mVal Epoch 20 step 20 with [31mpx_total : 0.141901 [31mtotal : 0.141901 
2025-11-24 04:52:15,082 - Agent - INFO - [37mModel saved successfully at: /esat/smcdata/users/kkontras/Image_Dataset/no_backup/data/2025_data/synergy/Synprom_IB_genVAEOSfold0_lib0.1_perturbgen_lr0.0001_wd0.0_clsmlp.pth.tar[39m
2025-11-24 04:53:35,807 - Agent - INFO - [37mVal Epoch 21 step 21 with [31mpx_total : 0.144142 [31mtotal : 0.144142 
2025-11-24 04:54:56,944 - Agent - INFO - [37mVal Epoch 22 step 22 with [31mpx_total : 0.145762 [31mtotal : 0.145762 
2025-11-24 04:56:16,198 - Agent - INFO - [37mVal Epoch 23 step 23 with [31mpx_total : 0.144008 [31mtotal : 0.144008 
2025-11-24 04:57:37,941 - Agent - INFO - [37mVal Epoch 24 step 24 with [31mpx_total : 0.144152 [31mtotal : 0.144152 
2025-11-24 04:58:59,117 - Agent - INFO - [37mVal Epoch 25 step 25 with [31mpx_total : 0.144236 [31mtotal : 0.144236 
2025-11-24 05:00:19,779 - Agent - INFO - [37mVal Epoch 26 step 26 with [31mpx_total : 0.143440 [31mtotal : 0.143440 
2025-11-24 05:01:40,267 - Agent - INFO - [37mVal Epoch 27 step 27 with [31mpx_total : 0.143065 [31mtotal : 0.143065 
2025-11-24 05:03:00,289 - Agent - INFO - [37mVal Epoch 28 step 28 with [31mpx_total : 0.144505 [31mtotal : 0.144505 
2025-11-24 05:04:20,722 - Agent - INFO - [37mVal Epoch 29 step 29 with [31mpx_total : 0.145112 [31mtotal : 0.145112 

Pair                         dist_corr             cka      cosine_sim   cca_mean_corr procrustes_disp
------------------------------------------------------------------------------------------------------
z1_vs_z2                        0.1358         0.1136         0.3664         0.9873         0.8658
z1_vs_~z                        0.2623         0.2587         0.7986         0.9883         0.7932
z2_vs_~z                        0.4852         0.3841         0.3971         0.9909         0.5224
------------------------------------------------------------------------------------------------------
2025-11-24 05:06:01,443 - Agent - INFO - [37mVal Epoch 30 step 30 with [31mpx_total : 0.144781 [31mtotal : 0.144781 
2025-11-24 05:07:22,590 - Agent - INFO - [37mVal Epoch 31 step 31 with [31mpx_total : 0.144955 [31mtotal : 0.144955 
2025-11-24 05:08:43,017 - Agent - INFO - [37mVal Epoch 32 step 32 with [31mpx_total : 0.145694 [31mtotal : 0.145694 
2025-11-24 05:10:04,638 - Agent - INFO - [37mVal Epoch 33 step 33 with [31mpx_total : 0.144211 [31mtotal : 0.144211 
2025-11-24 05:11:25,543 - Agent - INFO - [37mVal Epoch 34 step 34 with [31mpx_total : 0.143591 [31mtotal : 0.143591 
2025-11-24 05:12:46,063 - Agent - INFO - [37mVal Epoch 35 step 35 with [31mpx_total : 0.144977 [31mtotal : 0.144977 
2025-11-24 05:14:06,716 - Agent - INFO - [37mVal Epoch 36 step 36 with [31mpx_total : 0.142521 [31mtotal : 0.142521 
2025-11-24 05:15:28,640 - Agent - INFO - [37mVal Epoch 37 step 37 with [31mpx_total : 0.145926 [31mtotal : 0.145926 
2025-11-24 05:16:49,112 - Agent - INFO - [37mVal Epoch 38 step 38 with [31mpx_total : 0.144889 [31mtotal : 0.144889 
2025-11-24 05:18:09,655 - Agent - INFO - [37mVal Epoch 39 step 39 with [31mpx_total : 0.144078 [31mtotal : 0.144078 

Pair                         dist_corr             cka      cosine_sim   cca_mean_corr procrustes_disp
------------------------------------------------------------------------------------------------------
z1_vs_z2                        0.1358         0.1136         0.3664         0.9873         0.8658
z1_vs_~z                        0.2662         0.2574         0.8006         0.9855         0.7937
z2_vs_~z                        0.4735         0.3806         0.3968         0.9914         0.5247
------------------------------------------------------------------------------------------------------
2025-11-24 05:19:49,340 - Agent - INFO - [37mVal Epoch 40 step 40 with [31mpx_total : 0.143897 [31mtotal : 0.143897 
2025-11-24 05:21:11,747 - Agent - INFO - [37mVal Epoch 41 step 41 with [31mpx_total : 0.143816 [31mtotal : 0.143816 
2025-11-24 05:22:32,700 - Agent - INFO - [37mVal Epoch 42 step 42 with [31mpx_total : 0.143887 [31mtotal : 0.143887 
2025-11-24 05:23:53,968 - Agent - INFO - [37mVal Epoch 43 step 43 with [31mpx_total : 0.148814 [31mtotal : 0.148814 
2025-11-24 05:25:14,145 - Agent - INFO - [37mVal Epoch 44 step 44 with [31mpx_total : 0.145577 [31mtotal : 0.145577 
2025-11-24 05:26:35,050 - Agent - INFO - [37mVal Epoch 45 step 45 with [31mpx_total : 0.145412 [31mtotal : 0.145412 
2025-11-24 05:27:56,524 - Agent - INFO - [37mVal Epoch 46 step 46 with [31mpx_total : 0.145587 [31mtotal : 0.145587 
2025-11-24 05:29:17,265 - Agent - INFO - [37mVal Epoch 47 step 47 with [31mpx_total : 0.148279 [31mtotal : 0.148279 
2025-11-24 05:30:38,978 - Agent - INFO - [37mVal Epoch 48 step 48 with [31mpx_total : 0.144002 [31mtotal : 0.144002 
2025-11-24 05:32:00,175 - Agent - INFO - [37mVal Epoch 49 step 49 with [31mpx_total : 0.145684 [31mtotal : 0.145684 

Pair                         dist_corr             cka      cosine_sim   cca_mean_corr procrustes_disp
------------------------------------------------------------------------------------------------------
z1_vs_z2                        0.1358         0.1136         0.3664         0.9873         0.8658
z1_vs_~z                        0.2649         0.2671         0.7985         0.9859         0.7881
z2_vs_~z                        0.4748         0.3682         0.3965         0.9928         0.5278
------------------------------------------------------------------------------------------------------
2025-11-24 05:33:39,117 - Agent - INFO - [37mVal Epoch 50 step 50 with [31mpx_total : 0.142751 [31mtotal : 0.142751 
2025-11-24 05:35:00,726 - Agent - INFO - [37mVal Epoch 51 step 51 with [31mpx_total : 0.143010 [31mtotal : 0.143010 
2025-11-24 05:36:21,349 - Agent - INFO - [37mVal Epoch 52 step 52 with [31mpx_total : 0.145622 [31mtotal : 0.145622 
2025-11-24 05:37:41,703 - Agent - INFO - [37mVal Epoch 53 step 53 with [31mpx_total : 0.145885 [31mtotal : 0.145885 
2025-11-24 05:39:02,458 - Agent - INFO - [37mVal Epoch 54 step 54 with [31mpx_total : 0.143721 [31mtotal : 0.143721 
2025-11-24 05:40:21,875 - Agent - INFO - [37mVal Epoch 55 step 55 with [31mpx_total : 0.144919 [31mtotal : 0.144919 
2025-11-24 05:41:42,578 - Agent - INFO - [37mVal Epoch 56 step 56 with [31mpx_total : 0.145296 [31mtotal : 0.145296 
2025-11-24 05:43:03,006 - Agent - INFO - [37mVal Epoch 57 step 57 with [31mpx_total : 0.145365 [31mtotal : 0.145365 
2025-11-24 05:44:23,048 - Agent - INFO - [37mVal Epoch 58 step 58 with [31mpx_total : 0.144157 [31mtotal : 0.144157 
2025-11-24 05:45:43,008 - Agent - INFO - [37mVal Epoch 59 step 59 with [31mpx_total : 0.145724 [31mtotal : 0.145724 

Pair                         dist_corr             cka      cosine_sim   cca_mean_corr procrustes_disp
------------------------------------------------------------------------------------------------------
z1_vs_z2                        0.1358         0.1136         0.3664         0.9873         0.8658
z1_vs_~z                        0.2570         0.2588         0.7968         0.9836         0.7906
z2_vs_~z                        0.4588         0.3405         0.3965         0.9925         0.5391
------------------------------------------------------------------------------------------------------
2025-11-24 05:47:24,016 - Agent - INFO - [37mVal Epoch 60 step 60 with [31mpx_total : 0.145042 [31mtotal : 0.145042 
2025-11-24 05:48:46,491 - Agent - INFO - [37mVal Epoch 61 step 61 with [31mpx_total : 0.144859 [31mtotal : 0.144859 
2025-11-24 05:50:07,777 - Agent - INFO - [37mVal Epoch 62 step 62 with [31mpx_total : 0.145126 [31mtotal : 0.145126 
2025-11-24 05:51:28,526 - Agent - INFO - [37mVal Epoch 63 step 63 with [31mpx_total : 0.144909 [31mtotal : 0.144909 
2025-11-24 05:52:49,288 - Agent - INFO - [37mVal Epoch 64 step 64 with [31mpx_total : 0.146216 [31mtotal : 0.146216 
2025-11-24 05:54:10,410 - Agent - INFO - [37mVal Epoch 65 step 65 with [31mpx_total : 0.147781 [31mtotal : 0.147781 
2025-11-24 05:55:30,117 - Agent - INFO - [37mVal Epoch 66 step 66 with [31mpx_total : 0.142895 [31mtotal : 0.142895 
2025-11-24 05:56:50,832 - Agent - INFO - [37mVal Epoch 67 step 67 with [31mpx_total : 0.142748 [31mtotal : 0.142748 
2025-11-24 05:58:11,221 - Agent - INFO - [37mVal Epoch 68 step 68 with [31mpx_total : 0.145045 [31mtotal : 0.145045 
2025-11-24 05:59:32,566 - Agent - INFO - [37mVal Epoch 69 step 69 with [31mpx_total : 0.151780 [31mtotal : 0.151780 

Pair                         dist_corr             cka      cosine_sim   cca_mean_corr procrustes_disp
------------------------------------------------------------------------------------------------------
z1_vs_z2                        0.1358         0.1136         0.3664         0.9873         0.8658
z1_vs_~z                        0.2447         0.2466         0.8037         0.9837         0.8003
z2_vs_~z                        0.4457         0.3204         0.3975         0.9930         0.5432
------------------------------------------------------------------------------------------------------
2025-11-24 06:01:13,411 - Agent - INFO - [37mVal Epoch 70 step 70 with [31mpx_total : 0.142673 [31mtotal : 0.142673 
2025-11-24 06:02:33,248 - Agent - INFO - [37mVal Epoch 71 step 71 with [31mpx_total : 0.143744 [31mtotal : 0.143744 
2025-11-24 06:03:53,529 - Agent - INFO - [37mVal Epoch 72 step 72 with [31mpx_total : 0.145914 [31mtotal : 0.145914 
2025-11-24 06:05:13,189 - Agent - INFO - [37mVal Epoch 73 step 73 with [31mpx_total : 0.150331 [31mtotal : 0.150331 
2025-11-24 06:06:33,286 - Agent - INFO - [37mVal Epoch 74 step 74 with [31mpx_total : 0.145018 [31mtotal : 0.145018 
2025-11-24 06:07:54,133 - Agent - INFO - [37mVal Epoch 75 step 75 with [31mpx_total : 0.151837 [31mtotal : 0.151837 
2025-11-24 06:09:15,935 - Agent - INFO - [37mVal Epoch 76 step 76 with [31mpx_total : 0.146974 [31mtotal : 0.146974 
2025-11-24 06:10:36,657 - Agent - INFO - [37mVal Epoch 77 step 77 with [31mpx_total : 0.145336 [31mtotal : 0.145336 
2025-11-24 06:11:57,133 - Agent - INFO - [37mVal Epoch 78 step 78 with [31mpx_total : 0.148731 [31mtotal : 0.148731 
2025-11-24 06:13:16,954 - Agent - INFO - [37mVal Epoch 79 step 79 with [31mpx_total : 0.147718 [31mtotal : 0.147718 

Pair                         dist_corr             cka      cosine_sim   cca_mean_corr procrustes_disp
------------------------------------------------------------------------------------------------------
z1_vs_z2                        0.1358         0.1136         0.3664         0.9873         0.8658
z1_vs_~z                        0.2486         0.2457         0.7929         0.9831         0.8016
z2_vs_~z                        0.4277         0.2977         0.3947         0.9944         0.5595
------------------------------------------------------------------------------------------------------
2025-11-24 06:14:57,664 - Agent - INFO - [37mVal Epoch 80 step 80 with [31mpx_total : 0.150479 [31mtotal : 0.150479 
2025-11-24 06:16:19,114 - Agent - INFO - [37mVal Epoch 81 step 81 with [31mpx_total : 0.142821 [31mtotal : 0.142821 
2025-11-24 06:17:40,235 - Agent - INFO - [37mVal Epoch 82 step 82 with [31mpx_total : 0.146326 [31mtotal : 0.146326 
2025-11-24 06:19:00,415 - Agent - INFO - [37mVal Epoch 83 step 83 with [31mpx_total : 0.148791 [31mtotal : 0.148791 
2025-11-24 06:20:19,528 - Agent - INFO - [37mVal Epoch 84 step 84 with [31mpx_total : 0.150391 [31mtotal : 0.150391 
2025-11-24 06:21:40,157 - Agent - INFO - [37mVal Epoch 85 step 85 with [31mpx_total : 0.144770 [31mtotal : 0.144770 
2025-11-24 06:23:00,129 - Agent - INFO - [37mVal Epoch 86 step 86 with [31mpx_total : 0.152489 [31mtotal : 0.152489 
2025-11-24 06:24:21,009 - Agent - INFO - [37mVal Epoch 87 step 87 with [31mpx_total : 0.148351 [31mtotal : 0.148351 
2025-11-24 06:25:41,087 - Agent - INFO - [37mVal Epoch 88 step 88 with [31mpx_total : 0.149940 [31mtotal : 0.149940 
2025-11-24 06:27:02,014 - Agent - INFO - [37mVal Epoch 89 step 89 with [31mpx_total : 0.145864 [31mtotal : 0.145864 

Pair                         dist_corr             cka      cosine_sim   cca_mean_corr procrustes_disp
------------------------------------------------------------------------------------------------------
z1_vs_z2                        0.1358         0.1136         0.3664         0.9873         0.8658
z1_vs_~z                        0.2476         0.2499         0.7980         0.9825         0.7974
z2_vs_~z                        0.4292         0.2975         0.3961         0.9948         0.5605
------------------------------------------------------------------------------------------------------
2025-11-24 06:28:40,695 - Agent - INFO - [37mVal Epoch 90 step 90 with [31mpx_total : 0.144899 [31mtotal : 0.144899 
2025-11-24 06:30:00,983 - Agent - INFO - [37mVal Epoch 91 step 91 with [31mpx_total : 0.149662 [31mtotal : 0.149662 
2025-11-24 06:31:22,564 - Agent - INFO - [37mVal Epoch 92 step 92 with [31mpx_total : 0.146531 [31mtotal : 0.146531 
2025-11-24 06:32:43,330 - Agent - INFO - [37mVal Epoch 93 step 93 with [31mpx_total : 0.144569 [31mtotal : 0.144569 
2025-11-24 06:34:05,219 - Agent - INFO - [37mVal Epoch 94 step 94 with [31mpx_total : 0.148479 [31mtotal : 0.148479 
2025-11-24 06:35:25,914 - Agent - INFO - [37mVal Epoch 95 step 95 with [31mpx_total : 0.148513 [31mtotal : 0.148513 
2025-11-24 06:36:45,410 - Agent - INFO - [37mVal Epoch 96 step 96 with [31mpx_total : 0.147995 [31mtotal : 0.147995 
2025-11-24 06:38:06,473 - Agent - INFO - [37mVal Epoch 97 step 97 with [31mpx_total : 0.150059 [31mtotal : 0.150059 
2025-11-24 06:39:26,171 - Agent - INFO - [37mVal Epoch 98 step 98 with [31mpx_total : 0.151625 [31mtotal : 0.151625 
2025-11-24 06:40:46,311 - Agent - INFO - [37mVal Epoch 99 step 99 with [31mpx_total : 0.145887 [31mtotal : 0.145887 

Pair                         dist_corr             cka      cosine_sim   cca_mean_corr procrustes_disp
------------------------------------------------------------------------------------------------------
z1_vs_z2                        0.1358         0.1136         0.3664         0.9873         0.8658
z1_vs_~z                        0.2410         0.2426         0.7965         0.9809         0.7992
z2_vs_~z                        0.4334         0.3013         0.3962         0.9943         0.5551
------------------------------------------------------------------------------------------------------
2025-11-24 06:42:26,092 - Agent - INFO - [37mVal Epoch 100 step 100 with [31mpx_total : 0.147207 [31mtotal : 0.147207 
2025-11-24 06:43:48,407 - Agent - INFO - [37mVal Epoch 101 step 101 with [31mpx_total : 0.150237 [31mtotal : 0.150237 
2025-11-24 06:45:09,961 - Agent - INFO - [37mVal Epoch 102 step 102 with [31mpx_total : 0.148264 [31mtotal : 0.148264 
2025-11-24 06:46:29,866 - Agent - INFO - [37mVal Epoch 103 step 103 with [31mpx_total : 0.148504 [31mtotal : 0.148504 
2025-11-24 06:47:50,240 - Agent - INFO - [37mVal Epoch 104 step 104 with [31mpx_total : 0.149995 [31mtotal : 0.149995 
2025-11-24 06:49:10,470 - Agent - INFO - [37mVal Epoch 105 step 105 with [31mpx_total : 0.148533 [31mtotal : 0.148533 
2025-11-24 06:50:31,153 - Agent - INFO - [37mVal Epoch 106 step 106 with [31mpx_total : 0.148854 [31mtotal : 0.148854 
2025-11-24 06:51:52,810 - Agent - INFO - [37mVal Epoch 107 step 107 with [31mpx_total : 0.149150 [31mtotal : 0.149150 
2025-11-24 06:53:14,047 - Agent - INFO - [37mVal Epoch 108 step 108 with [31mpx_total : 0.149010 [31mtotal : 0.149010 
2025-11-24 06:54:34,649 - Agent - INFO - [37mVal Epoch 109 step 109 with [31mpx_total : 0.147342 [31mtotal : 0.147342 

Pair                         dist_corr             cka      cosine_sim   cca_mean_corr procrustes_disp
------------------------------------------------------------------------------------------------------
z1_vs_z2                        0.1358         0.1136         0.3664         0.9873         0.8658
z1_vs_~z                        0.2459         0.2479         0.7960         0.9827         0.7966
z2_vs_~z                        0.4331         0.2987         0.3963         0.9943         0.5574
------------------------------------------------------------------------------------------------------
2025-11-24 06:56:15,951 - Agent - INFO - [37mVal Epoch 110 step 110 with [31mpx_total : 0.147491 [31mtotal : 0.147491 
2025-11-24 06:57:39,140 - Agent - INFO - [37mVal Epoch 111 step 111 with [31mpx_total : 0.147746 [31mtotal : 0.147746 
2025-11-24 06:58:59,850 - Agent - INFO - [37mVal Epoch 112 step 112 with [31mpx_total : 0.146595 [31mtotal : 0.146595 
2025-11-24 07:00:20,747 - Agent - INFO - [37mVal Epoch 113 step 113 with [31mpx_total : 0.149504 [31mtotal : 0.149504 
2025-11-24 07:01:42,371 - Agent - INFO - [37mVal Epoch 114 step 114 with [31mpx_total : 0.148853 [31mtotal : 0.148853 
2025-11-24 07:03:03,799 - Agent - INFO - [37mVal Epoch 115 step 115 with [31mpx_total : 0.148794 [31mtotal : 0.148794 
2025-11-24 07:04:24,971 - Agent - INFO - [37mVal Epoch 116 step 116 with [31mpx_total : 0.147535 [31mtotal : 0.147535 
2025-11-24 07:05:45,918 - Agent - INFO - [37mVal Epoch 117 step 117 with [31mpx_total : 0.149550 [31mtotal : 0.149550 
2025-11-24 07:07:05,508 - Agent - INFO - [37mVal Epoch 118 step 118 with [31mpx_total : 0.148273 [31mtotal : 0.148273 
2025-11-24 07:08:26,130 - Agent - INFO - [37mVal Epoch 119 step 119 with [31mpx_total : 0.148557 [31mtotal : 0.148557 
2025-11-24 07:08:28,285 - Agent - INFO - We are in the final state.
2025-11-24 07:08:28,365 - root - INFO - Loaded best model from /esat/smcdata/users/kkontras/Image_Dataset/no_backup/data/2025_data/synergy/Synprom_IB_genVAEOSfold0_lib0.1_perturbgen_lr0.0001_wd0.0_clsmlp.pth.tar
2025-11-24 07:08:42,583 - Agent - INFO - [37mVal Epoch 119 step 0 with [31mpx_total : 0.142845 [31mtotal : 0.142845 

Pair                         dist_corr             cka      cosine_sim   cca_mean_corr procrustes_disp
------------------------------------------------------------------------------------------------------
z1_vs_z2                        0.0052         0.0510         0.3621         0.9842         0.9155
z1_vs_~z                        0.1129         0.1211         0.7881         0.9903         0.9176
z2_vs_~z                        0.5598         0.4968         0.3904         0.9916         0.4784
------------------------------------------------------------------------------------------------------
2025-11-24 07:09:16,436 - Agent - INFO - [37mTest Epoch 119 step 0 with [31mpx_total : 0.200223 [31mtotal : 0.200223 
2025-11-24 07:09:16,911 - Agent - INFO - [37mModel saved successfully at: /esat/smcdata/users/kkontras/Image_Dataset/no_backup/data/2025_data/synergy/Synprom_IB_genVAEOSfold0_lib0.1_perturbgen_lr0.0001_wd0.0_clsmlp.pth.tar[39m
[1;34mwandb[0m: 
[1;34mwandb[0m: 🚀 View run [33mSynprom_IB_genVAEOSfold0_lib0.1_perturbgen_lr0.0001_wd0.0_clsmlp[0m at: [34m[0m
[1;34mwandb[0m: Find logs at: [1;35mwandb/run-20251124_042439-kwlfe8fw/logs[0m
Job finished
