Starting Job
/esat/smcdata/users/kkontras/Image_Dataset/no_backup/git/Synergy/train.py
/esat/smcdata/users/kkontras/Image_Dataset/no_backup/envs/synergy_new/bin/python
Python 3.10.19
/esat/smcdata/users/kkontras/Image_Dataset/no_backup/git/Synergy
We have 1 GPU
/esat/smcdata/users/kkontras/Image_Dataset/no_backup/git/Synergy/train.py
config-./configs/CREMA_D/synergy/nov/synprom_generatorVAEOneSide.json
Executing command: accelerate launch /esat/smcdata/users/kkontras/Image_Dataset/no_backup/git/Synergy/train.py --config ./configs/CREMA_D/synergy/nov/synprom_generatorVAEOneSide.json --default_config ./configs/CREMA_D/default_config_cremad_res_syn.json --fold 0 --lr 0.001 --wd 0.0 --perturb gen --start_over  --cls mlp --lib 0.01
Namespace(config='./configs/CREMA_D/synergy/nov/synprom_generatorVAEOneSide.json', default_config='./configs/CREMA_D/default_config_cremad_res_syn.json', fold='0', alpha=None, tanh_mode=None, tanh_mode_beta=None, regby=None, clip=None, batch_size=None, l=None, multil=None, l_diffsq=None, lib='0.01', ratio_us=None, ratio_snr=None, kmepoch=None, num_samples=None, pow=None, nstep=None, contrcoeff=None, kde_coeff=None, etube=None, temperature=None, contr_type=None, shuffle_type=None, validate_with=None, transform_type=None, trasform_before=None, num_classes=None, base_alpha=None, alpha_var=None, base_beta=None, beta_var=None, optim_method=None, ilr_c=None, ilr_g=None, mmcosine_scaling=None, ending_epoch=None, load_ongoing=None, commonlayers=None, recon_weight1=None, recon_weight2=None, recon_epochstages=None, recon_ensemblestages=None, lr='0.001', wd='0.0', mm=None, cls='mlp', perturb='gen', pre=False, frozen=False, tdqm_disable=False, start_over=True)
2025-11-23 17:37:23,625 - Config - INFO - ./configs/CREMA_D/synergy/nov/synprom_generatorVAEOneSide.json
2025-11-23 17:37:23,628 - Config - INFO -  THE Configuration of your experiment ..
{'agent': 'Agent',
 'dataset': {'data_roots': '/esat/smcdata/users/kkontras/Image_Dataset/no_backup/CremaD/CREMA-D',
             'data_split': {'fold': 0, 'method': 'non_inclusive'},
             'dataloader_class': 'CramedD_Dataloader',
             'fps': 1,
             'norm': False,
             'norm_face_path': './mydatasets/CREMAD/norm_face_path_fold{}.pkl',
             'norm_wav_path': './mydatasets/CREMAD/wav_norm_16000_fold{}.pkl',
             'num_frame': 3,
             'return_data': {'audio': False,
                             'face': False,
                             'spectrogram': True,
                             'video': True},
             'sampling_rate': 22050},
 'early_stopping': {'end_of_epoch_check': True,
                    'log_interval': 10,
                    'max_epoch': 1500,
                    'n_steps_stop': 100,
                    'n_steps_stop_after': 0,
                    'save_every_step': 3000,
                    'save_every_valstep': 10,
                    'validate_after': 0,
                    'validate_every': 25,
                    'validate_with': 'loss'},
 'exp_name': 'CREMAD Experiment',
 'model': {'args': {'bias_infusion': {'ending_epoch': 1500,
                                      'l': 0.1,
                                      'method': 'false',
                                      'plot': False,
                                      'starting_epoch': 0,
                                      'use': True},
                    'clip_grad': False,
                    'cls_type': 'linear',
                    'd_model': 512,
                    'dropout': 0.1,
                    'fc_inner': 64,
                    'multi_loss': {'multi_supervised_w': {'c': 0,
                                                          'combined': 1,
                                                          'g': 0}},
                    'num_classes': 6,
                    'swap_direction': True},
           'encoders': [{'args': {'d_model': 512,
                                  'dropout': 0.1,
                                  'fc_inner': 64,
                                  'freeze_encoder': True,
                                  'num_classes': 6},
                         'model': 'Audio_ResNet',
                         'pretrainedEncoder': {'dir': 'unimodal_audio_fold{}_lr0.001_wd0.0001.pth.tar',
                                               'use': True}},
                        {'args': {'d_model': 512,
                                  'dropout': 0.1,
                                  'fc_inner': 64,
                                  'freeze_encoder': True,
                                  'num_classes': 6},
                         'model': 'Video_ResNet',
                         'pretrainedEncoder': {'dir': 'unimodal_video_fold{}_lr0.001_wd0.0001.pth.tar',
                                               'use': True}},
                        {'args': {'dim_in': 512,
                                  'dim_out': 512,
                                  'hidden': 512,
                                  'latent_dim': 64},
                         'model': 'SimpleVAEZ2toZ1OneSide',
                         'pretrainedEncoder': {'dir': '', 'use': False},
                         'save_encoder': True}],
           'load_ongoing': False,
           'model_class': 'Model_GeneratorVAEOneSide',
           'save_base_dir': '/esat/smcdata/users/kkontras/Image_Dataset/no_backup/data/2025_data/synergy',
           'save_dir': 'Synprom_IB_genVAEOS{}.pth.tar'},
 'optimizer': {'beta1': 0.9,
               'beta2': 0.999,
               'learning_rate': 1e-05,
               'momentum': 0.9,
               'type': 'Adam',
               'weight_decay': 1e-05},
 'scheduler': {'max_lr': 0.03, 'type': 'cosanneal', 'warm_up_steps': 780},
 'task': 'generative',
 'training_params': {'adversarial_training': {'adv_epsilon': 0.01,
                                              'use': False},
                     'async_loading': True,
                     'batch_size': 128,
                     'cuda': True,
                     'data_loader_workers': 8,
                     'gpu_device': [0],
                     'pin_memory': False,
                     'rec_test': False,
                     'res': True,
                     'seed': 109,
                     'tdqm_disable': False,
                     'test_batch_size': 128,
                     'test_on_bottoms': False,
                     'use_test_set': True,
                     'validation': True,
                     'verbose': True,
                     'wandb_disable': False}}
2025-11-23 17:37:23,630 - Config - INFO -  *************************************** 
2025-11-23 17:37:23,630 - Config - INFO - The experiment name is CREMAD Experiment
2025-11-23 17:37:23,630 - Config - INFO -  *************************************** 
2025-11-23 17:37:23,630 - root - INFO - save_dir: Synprom_IB_genVAEOSfold0_lib0.01_perturbgen_lr0.001_wd0.0_clsmlp.pth.tar
2025-11-23 17:37:23,679 - Cuda Statistics - INFO - __Python VERSION:  3.10.19 (main, Oct 21 2025, 16:43:05) [GCC 11.2.0]
2025-11-23 17:37:23,679 - Cuda Statistics - INFO - __pyTorch VERSION:  2.6.0+cu124
2025-11-23 17:37:23,679 - Cuda Statistics - INFO - __CUDA VERSION
2025-11-23 17:37:23,686 - Cuda Statistics - INFO - __CUDNN VERSION:  90100
2025-11-23 17:37:23,700 - Cuda Statistics - INFO - __Number CUDA Devices:  1
2025-11-23 17:37:23,700 - Cuda Statistics - INFO - __Devices
2025-11-23 17:37:23,700 - Cuda Statistics - INFO - index, name, driver_version, memory.total [MiB], memory.used [MiB], memory.free [MiB]
2025-11-23 17:37:23,700 - Cuda Statistics - INFO - 0, NVIDIA GeForce RTX 2080 Ti, 570.153.02, 11264 MiB, 4 MiB, 10820 MiB
2025-11-23 17:37:23,705 - Cuda Statistics - INFO - Active CUDA Device: GPU 0
2025-11-23 17:37:23,705 - Cuda Statistics - INFO - Available devices  1
2025-11-23 17:37:23,705 - Cuda Statistics - INFO - Current cuda device  0
This path does not exist /esat/smcdata/users/kkontras/Image_Dataset/no_backup/CremaD/CREMA-D/AudioWAV/1076_MTI_SAD_XX.wav or /esat/smcdata/users/kkontras/Image_Dataset/no_backup/CremaD/CREMA-D/Image-01-FPS/1076_MTI_SAD_XX or /esat/smcdata/users/kkontras/Image_Dataset/no_backup/CremaD/CREMA-D/Face_features/1076_MTI_SAD_XX.npy
2025-11-23 17:37:25,571 - root - INFO - Loaded wav norm from ./mydatasets/CREMAD/wav_norm_16000_fold0.pkl
2025-11-23 17:37:25,583 - root - INFO - Norm values are {'mean': tensor(-2.7937e-05), 'std': tensor(0.0613), 'max_duration': 4.8715625}
2025-11-23 17:37:26,073 - root - INFO - Loaded wav norm from ./mydatasets/CREMAD/wav_norm_16000_fold0.pkl
2025-11-23 17:37:26,073 - root - INFO - Norm values are {'mean': tensor(-2.7937e-05), 'std': tensor(0.0613), 'max_duration': 4.8715625}
2025-11-23 17:37:26,541 - root - INFO - Loaded wav norm from ./mydatasets/CREMAD/wav_norm_16000_fold0.pkl
2025-11-23 17:37:26,541 - root - INFO - Norm values are {'mean': tensor(-2.7937e-05), 'std': tensor(0.0613), 'max_duration': 4.8715625}
Available cores 8
We are changing dataloader workers to num of cores 0
2025-11-23 17:37:26,542 - Agent - INFO - Device: cuda:0
2025-11-23 17:37:26,543 - Agent - INFO - Total training batches: 32, validate every 25 batches, steps per epoch: 2
2025-11-23 17:37:28,788 - Agent - INFO - Loss Weights are {'total': 1, 'combined': 1, 'c': 0, 'g': 0}
2025-11-23 17:37:29,046 - root - INFO - Loading enc best model state dict from /esat/smcdata/users/kkontras/Image_Dataset/no_backup/data/2025_data/synergy/unimodal_audio_fold0_lr0.001_wd0.0001.pth.tar
2025-11-23 17:37:29,363 - root - INFO - Loading enc best model state dict from /esat/smcdata/users/kkontras/Image_Dataset/no_backup/data/2025_data/synergy/unimodal_video_fold0_lr0.001_wd0.0001.pth.tar
2025-11-23 17:37:29,379 - Agent - INFO - Freezing encoder enc_0
2025-11-23 17:37:29,380 - Agent - INFO - Freezing encoder enc_1
2025-11-23 17:37:29,668 - Agent - INFO - Total number of trainable parameters are: 23502476
2025-11-23 17:37:29,675 - Agent - INFO - Total number of trainable parameters are: 1149568
2025-11-23 17:39:13,702 - Agent - INFO - [37mVal Epoch 1 step 1 with [31mpx_total : 0.178313 [31mtotal : 0.178313 
2025-11-23 17:39:13,976 - Agent - INFO - [37mModel saved successfully at: /esat/smcdata/users/kkontras/Image_Dataset/no_backup/data/2025_data/synergy/Synprom_IB_genVAEOSfold0_lib0.01_perturbgen_lr0.001_wd0.0_clsmlp.pth.tar[39m
2025-11-23 17:40:32,678 - Agent - INFO - [37mVal Epoch 2 step 2 with [31mpx_total : 0.173144 [31mtotal : 0.173144 
2025-11-23 17:40:33,022 - Agent - INFO - [37mModel saved successfully at: /esat/smcdata/users/kkontras/Image_Dataset/no_backup/data/2025_data/synergy/Synprom_IB_genVAEOSfold0_lib0.01_perturbgen_lr0.001_wd0.0_clsmlp.pth.tar[39m
2025-11-23 17:41:50,404 - Agent - INFO - [37mVal Epoch 3 step 3 with [31mpx_total : 0.165050 [31mtotal : 0.165050 
2025-11-23 17:41:50,732 - Agent - INFO - [37mModel saved successfully at: /esat/smcdata/users/kkontras/Image_Dataset/no_backup/data/2025_data/synergy/Synprom_IB_genVAEOSfold0_lib0.01_perturbgen_lr0.001_wd0.0_clsmlp.pth.tar[39m
2025-11-23 17:43:08,769 - Agent - INFO - [37mVal Epoch 4 step 4 with [31mpx_total : 0.156968 [31mtotal : 0.156968 
2025-11-23 17:43:09,097 - Agent - INFO - [37mModel saved successfully at: /esat/smcdata/users/kkontras/Image_Dataset/no_backup/data/2025_data/synergy/Synprom_IB_genVAEOSfold0_lib0.01_perturbgen_lr0.001_wd0.0_clsmlp.pth.tar[39m
2025-11-23 17:44:27,678 - Agent - INFO - [37mVal Epoch 5 step 5 with [31mpx_total : 0.151382 [31mtotal : 0.151382 
2025-11-23 17:44:28,003 - Agent - INFO - [37mModel saved successfully at: /esat/smcdata/users/kkontras/Image_Dataset/no_backup/data/2025_data/synergy/Synprom_IB_genVAEOSfold0_lib0.01_perturbgen_lr0.001_wd0.0_clsmlp.pth.tar[39m
2025-11-23 17:45:45,693 - Agent - INFO - [37mVal Epoch 6 step 6 with [31mpx_total : 0.147577 [31mtotal : 0.147577 
2025-11-23 17:45:46,033 - Agent - INFO - [37mModel saved successfully at: /esat/smcdata/users/kkontras/Image_Dataset/no_backup/data/2025_data/synergy/Synprom_IB_genVAEOSfold0_lib0.01_perturbgen_lr0.001_wd0.0_clsmlp.pth.tar[39m
2025-11-23 17:47:03,748 - Agent - INFO - [37mVal Epoch 7 step 7 with [31mpx_total : 0.149908 [31mtotal : 0.149908 
2025-11-23 17:48:20,255 - Agent - INFO - [37mVal Epoch 8 step 8 with [31mpx_total : 0.146972 [31mtotal : 0.146972 
2025-11-23 17:48:20,589 - Agent - INFO - [37mModel saved successfully at: /esat/smcdata/users/kkontras/Image_Dataset/no_backup/data/2025_data/synergy/Synprom_IB_genVAEOSfold0_lib0.01_perturbgen_lr0.001_wd0.0_clsmlp.pth.tar[39m
2025-11-23 17:49:38,302 - Agent - INFO - [37mVal Epoch 9 step 9 with [31mpx_total : 0.149541 [31mtotal : 0.149541 

Pair                         dist_corr             cka      cosine_sim   cca_mean_corr procrustes_disp
------------------------------------------------------------------------------------------------------
z1_vs_z2                        0.1358         0.1136         0.3664         0.9873         0.8658
z1_vs_~z                        0.2679         0.2509         0.7960         0.9683         0.7896
z2_vs_~z                        0.4509         0.2647         0.3984         0.9818         0.5607
------------------------------------------------------------------------------------------------------
2025-11-23 17:51:30,855 - Agent - INFO - [37mVal Epoch 10 step 10 with [31mpx_total : 0.148480 [31mtotal : 0.148480 
2025-11-23 17:52:48,605 - Agent - INFO - [37mVal Epoch 11 step 11 with [31mpx_total : 0.144784 [31mtotal : 0.144784 
2025-11-23 17:52:48,977 - Agent - INFO - [37mModel saved successfully at: /esat/smcdata/users/kkontras/Image_Dataset/no_backup/data/2025_data/synergy/Synprom_IB_genVAEOSfold0_lib0.01_perturbgen_lr0.001_wd0.0_clsmlp.pth.tar[39m
2025-11-23 17:54:05,692 - Agent - INFO - [37mVal Epoch 12 step 12 with [31mpx_total : 0.147859 [31mtotal : 0.147859 
2025-11-23 17:55:21,426 - Agent - INFO - [37mVal Epoch 13 step 13 with [31mpx_total : 0.148515 [31mtotal : 0.148515 
2025-11-23 17:56:36,539 - Agent - INFO - [37mVal Epoch 14 step 14 with [31mpx_total : 0.145417 [31mtotal : 0.145417 
2025-11-23 17:57:51,596 - Agent - INFO - [37mVal Epoch 15 step 15 with [31mpx_total : 0.147020 [31mtotal : 0.147020 
2025-11-23 17:59:07,149 - Agent - INFO - [37mVal Epoch 16 step 16 with [31mpx_total : 0.145366 [31mtotal : 0.145366 
2025-11-23 18:00:24,209 - Agent - INFO - [37mVal Epoch 17 step 17 with [31mpx_total : 0.146409 [31mtotal : 0.146409 
2025-11-23 18:01:40,302 - Agent - INFO - [37mVal Epoch 18 step 18 with [31mpx_total : 0.145311 [31mtotal : 0.145311 
2025-11-23 18:02:55,421 - Agent - INFO - [37mVal Epoch 19 step 19 with [31mpx_total : 0.148972 [31mtotal : 0.148972 

Pair                         dist_corr             cka      cosine_sim   cca_mean_corr procrustes_disp
------------------------------------------------------------------------------------------------------
z1_vs_z2                        0.1358         0.1136         0.3664         0.9873         0.8658
z1_vs_~z                        0.2556         0.2503         0.7973         0.9620         0.7975
z2_vs_~z                        0.4164         0.2490         0.3941         0.9846         0.5639
------------------------------------------------------------------------------------------------------
2025-11-23 18:04:37,647 - Agent - INFO - [37mVal Epoch 20 step 20 with [31mpx_total : 0.146327 [31mtotal : 0.146327 
2025-11-23 18:05:54,173 - Agent - INFO - [37mVal Epoch 21 step 21 with [31mpx_total : 0.154960 [31mtotal : 0.154960 
2025-11-23 18:07:09,279 - Agent - INFO - [37mVal Epoch 22 step 22 with [31mpx_total : 0.149302 [31mtotal : 0.149302 
2025-11-23 18:08:24,875 - Agent - INFO - [37mVal Epoch 23 step 23 with [31mpx_total : 0.142617 [31mtotal : 0.142617 
2025-11-23 18:08:25,275 - Agent - INFO - [37mModel saved successfully at: /esat/smcdata/users/kkontras/Image_Dataset/no_backup/data/2025_data/synergy/Synprom_IB_genVAEOSfold0_lib0.01_perturbgen_lr0.001_wd0.0_clsmlp.pth.tar[39m
2025-11-23 18:09:41,050 - Agent - INFO - [37mVal Epoch 24 step 24 with [31mpx_total : 0.151498 [31mtotal : 0.151498 
2025-11-23 18:10:58,009 - Agent - INFO - [37mVal Epoch 25 step 25 with [31mpx_total : 0.148376 [31mtotal : 0.148376 
2025-11-23 18:12:13,874 - Agent - INFO - [37mVal Epoch 26 step 26 with [31mpx_total : 0.147238 [31mtotal : 0.147238 
2025-11-23 18:13:28,338 - Agent - INFO - [37mVal Epoch 27 step 27 with [31mpx_total : 0.146797 [31mtotal : 0.146797 
2025-11-23 18:14:42,984 - Agent - INFO - [37mVal Epoch 28 step 28 with [31mpx_total : 0.150159 [31mtotal : 0.150159 
2025-11-23 18:15:58,251 - Agent - INFO - [37mVal Epoch 29 step 29 with [31mpx_total : 0.148895 [31mtotal : 0.148895 

Pair                         dist_corr             cka      cosine_sim   cca_mean_corr procrustes_disp
------------------------------------------------------------------------------------------------------
z1_vs_z2                        0.1358         0.1136         0.3664         0.9873         0.8658
z1_vs_~z                        0.2399         0.2437         0.7967         0.9568         0.8029
z2_vs_~z                        0.4237         0.2800         0.3958         0.9850         0.5643
------------------------------------------------------------------------------------------------------
2025-11-23 18:17:43,815 - Agent - INFO - [37mVal Epoch 30 step 30 with [31mpx_total : 0.148078 [31mtotal : 0.148078 
2025-11-23 18:19:00,130 - Agent - INFO - [37mVal Epoch 31 step 31 with [31mpx_total : 0.148424 [31mtotal : 0.148424 
2025-11-23 18:20:17,206 - Agent - INFO - [37mVal Epoch 32 step 32 with [31mpx_total : 0.154494 [31mtotal : 0.154494 
2025-11-23 18:21:34,246 - Agent - INFO - [37mVal Epoch 33 step 33 with [31mpx_total : 0.146380 [31mtotal : 0.146380 
2025-11-23 18:22:50,103 - Agent - INFO - [37mVal Epoch 34 step 34 with [31mpx_total : 0.146778 [31mtotal : 0.146778 
2025-11-23 18:24:07,176 - Agent - INFO - [37mVal Epoch 35 step 35 with [31mpx_total : 0.140934 [31mtotal : 0.140934 
2025-11-23 18:24:07,577 - Agent - INFO - [37mModel saved successfully at: /esat/smcdata/users/kkontras/Image_Dataset/no_backup/data/2025_data/synergy/Synprom_IB_genVAEOSfold0_lib0.01_perturbgen_lr0.001_wd0.0_clsmlp.pth.tar[39m
2025-11-23 18:25:25,578 - Agent - INFO - [37mVal Epoch 36 step 36 with [31mpx_total : 0.141018 [31mtotal : 0.141018 
2025-11-23 18:26:42,378 - Agent - INFO - [37mVal Epoch 37 step 37 with [31mpx_total : 0.146578 [31mtotal : 0.146578 
2025-11-23 18:28:00,415 - Agent - INFO - [37mVal Epoch 38 step 38 with [31mpx_total : 0.146667 [31mtotal : 0.146667 
2025-11-23 18:29:16,490 - Agent - INFO - [37mVal Epoch 39 step 39 with [31mpx_total : 0.146396 [31mtotal : 0.146396 

Pair                         dist_corr             cka      cosine_sim   cca_mean_corr procrustes_disp
------------------------------------------------------------------------------------------------------
z1_vs_z2                        0.1358         0.1136         0.3664         0.9873         0.8658
z1_vs_~z                        0.2686         0.2449         0.7974         0.9589         0.7948
z2_vs_~z                        0.4314         0.2880         0.3965         0.9830         0.5556
------------------------------------------------------------------------------------------------------
2025-11-23 18:31:03,861 - Agent - INFO - [37mVal Epoch 40 step 40 with [31mpx_total : 0.150273 [31mtotal : 0.150273 
2025-11-23 18:32:22,797 - Agent - INFO - [37mVal Epoch 41 step 41 with [31mpx_total : 0.145498 [31mtotal : 0.145498 
2025-11-23 18:33:38,225 - Agent - INFO - [37mVal Epoch 42 step 42 with [31mpx_total : 0.141911 [31mtotal : 0.141911 
2025-11-23 18:34:55,267 - Agent - INFO - [37mVal Epoch 43 step 43 with [31mpx_total : 0.153102 [31mtotal : 0.153102 
2025-11-23 18:36:11,765 - Agent - INFO - [37mVal Epoch 44 step 44 with [31mpx_total : 0.156460 [31mtotal : 0.156460 
2025-11-23 18:37:28,094 - Agent - INFO - [37mVal Epoch 45 step 45 with [31mpx_total : 0.153238 [31mtotal : 0.153238 
2025-11-23 18:38:43,101 - Agent - INFO - [37mVal Epoch 46 step 46 with [31mpx_total : 0.145750 [31mtotal : 0.145750 
2025-11-23 18:39:57,763 - Agent - INFO - [37mVal Epoch 47 step 47 with [31mpx_total : 0.154898 [31mtotal : 0.154898 
2025-11-23 18:41:11,726 - Agent - INFO - [37mVal Epoch 48 step 48 with [31mpx_total : 0.150240 [31mtotal : 0.150240 
2025-11-23 18:42:27,200 - Agent - INFO - [37mVal Epoch 49 step 49 with [31mpx_total : 0.150213 [31mtotal : 0.150213 

Pair                         dist_corr             cka      cosine_sim   cca_mean_corr procrustes_disp
------------------------------------------------------------------------------------------------------
z1_vs_z2                        0.1358         0.1136         0.3664         0.9873         0.8658
z1_vs_~z                        0.2491         0.2496         0.7932         0.9594         0.7955
z2_vs_~z                        0.4299         0.2988         0.3957         0.9854         0.5628
------------------------------------------------------------------------------------------------------
2025-11-23 18:44:14,213 - Agent - INFO - [37mVal Epoch 50 step 50 with [31mpx_total : 0.151066 [31mtotal : 0.151066 
2025-11-23 18:45:33,323 - Agent - INFO - [37mVal Epoch 51 step 51 with [31mpx_total : 0.145867 [31mtotal : 0.145867 
2025-11-23 18:46:51,202 - Agent - INFO - [37mVal Epoch 52 step 52 with [31mpx_total : 0.149080 [31mtotal : 0.149080 
2025-11-23 18:48:09,555 - Agent - INFO - [37mVal Epoch 53 step 53 with [31mpx_total : 0.150666 [31mtotal : 0.150666 
2025-11-23 18:49:28,876 - Agent - INFO - [37mVal Epoch 54 step 54 with [31mpx_total : 0.147001 [31mtotal : 0.147001 
2025-11-23 18:50:46,956 - Agent - INFO - [37mVal Epoch 55 step 55 with [31mpx_total : 0.149402 [31mtotal : 0.149402 
2025-11-23 18:52:04,729 - Agent - INFO - [37mVal Epoch 56 step 56 with [31mpx_total : 0.150022 [31mtotal : 0.150022 
2025-11-23 18:53:23,337 - Agent - INFO - [37mVal Epoch 57 step 57 with [31mpx_total : 0.148769 [31mtotal : 0.148769 
2025-11-23 18:54:41,017 - Agent - INFO - [37mVal Epoch 58 step 58 with [31mpx_total : 0.146075 [31mtotal : 0.146075 
2025-11-23 18:55:57,795 - Agent - INFO - [37mVal Epoch 59 step 59 with [31mpx_total : 0.150654 [31mtotal : 0.150654 

Pair                         dist_corr             cka      cosine_sim   cca_mean_corr procrustes_disp
------------------------------------------------------------------------------------------------------
z1_vs_z2                        0.1358         0.1136         0.3664         0.9873         0.8658
z1_vs_~z                        0.2413         0.2439         0.7945         0.9567         0.8003
z2_vs_~z                        0.4108         0.2715         0.3954         0.9838         0.5730
------------------------------------------------------------------------------------------------------
2025-11-23 18:57:54,011 - Agent - INFO - [37mVal Epoch 60 step 60 with [31mpx_total : 0.149144 [31mtotal : 0.149144 
2025-11-23 18:59:14,666 - Agent - INFO - [37mVal Epoch 61 step 61 with [31mpx_total : 0.148203 [31mtotal : 0.148203 
2025-11-23 19:00:34,163 - Agent - INFO - [37mVal Epoch 62 step 62 with [31mpx_total : 0.148160 [31mtotal : 0.148160 
2025-11-23 19:01:51,620 - Agent - INFO - [37mVal Epoch 63 step 63 with [31mpx_total : 0.148514 [31mtotal : 0.148514 
2025-11-23 19:03:09,952 - Agent - INFO - [37mVal Epoch 64 step 64 with [31mpx_total : 0.151267 [31mtotal : 0.151267 
2025-11-23 19:04:27,721 - Agent - INFO - [37mVal Epoch 65 step 65 with [31mpx_total : 0.143853 [31mtotal : 0.143853 
2025-11-23 19:05:45,084 - Agent - INFO - [37mVal Epoch 66 step 66 with [31mpx_total : 0.147935 [31mtotal : 0.147935 
2025-11-23 19:07:02,206 - Agent - INFO - [37mVal Epoch 67 step 67 with [31mpx_total : 0.142406 [31mtotal : 0.142406 
2025-11-23 19:08:19,042 - Agent - INFO - [37mVal Epoch 68 step 68 with [31mpx_total : 0.150502 [31mtotal : 0.150502 
2025-11-23 19:09:36,786 - Agent - INFO - [37mVal Epoch 69 step 69 with [31mpx_total : 0.150109 [31mtotal : 0.150109 

Pair                         dist_corr             cka      cosine_sim   cca_mean_corr procrustes_disp
------------------------------------------------------------------------------------------------------
z1_vs_z2                        0.1358         0.1136         0.3664         0.9873         0.8658
z1_vs_~z                        0.2424         0.2386         0.7947         0.9525         0.8048
z2_vs_~z                        0.3958         0.2439         0.3950         0.9827         0.5884
------------------------------------------------------------------------------------------------------
2025-11-23 19:11:25,370 - Agent - INFO - [37mVal Epoch 70 step 70 with [31mpx_total : 0.150498 [31mtotal : 0.150498 
2025-11-23 19:12:47,196 - Agent - INFO - [37mVal Epoch 71 step 71 with [31mpx_total : 0.146202 [31mtotal : 0.146202 
2025-11-23 19:14:07,612 - Agent - INFO - [37mVal Epoch 72 step 72 with [31mpx_total : 0.143602 [31mtotal : 0.143602 
2025-11-23 19:15:25,615 - Agent - INFO - [37mVal Epoch 73 step 73 with [31mpx_total : 0.149820 [31mtotal : 0.149820 
2025-11-23 19:16:42,506 - Agent - INFO - [37mVal Epoch 74 step 74 with [31mpx_total : 0.143713 [31mtotal : 0.143713 
2025-11-23 19:18:05,532 - Agent - INFO - [37mVal Epoch 75 step 75 with [31mpx_total : 0.150507 [31mtotal : 0.150507 
2025-11-23 19:19:21,646 - Agent - INFO - [37mVal Epoch 76 step 76 with [31mpx_total : 0.156326 [31mtotal : 0.156326 
2025-11-23 19:20:37,153 - Agent - INFO - [37mVal Epoch 77 step 77 with [31mpx_total : 0.151478 [31mtotal : 0.151478 
2025-11-23 19:21:54,498 - Agent - INFO - [37mVal Epoch 78 step 78 with [31mpx_total : 0.150456 [31mtotal : 0.150456 
2025-11-23 19:23:09,360 - Agent - INFO - [37mVal Epoch 79 step 79 with [31mpx_total : 0.148211 [31mtotal : 0.148211 

Pair                         dist_corr             cka      cosine_sim   cca_mean_corr procrustes_disp
------------------------------------------------------------------------------------------------------
z1_vs_z2                        0.1358         0.1136         0.3664         0.9873         0.8658
z1_vs_~z                        0.2259         0.2287         0.8044         0.9617         0.8075
z2_vs_~z                        0.3788         0.2549         0.3978         0.9826         0.5769
------------------------------------------------------------------------------------------------------
2025-11-23 19:24:58,529 - Agent - INFO - [37mVal Epoch 80 step 80 with [31mpx_total : 0.146297 [31mtotal : 0.146297 
2025-11-23 19:26:15,703 - Agent - INFO - [37mVal Epoch 81 step 81 with [31mpx_total : 0.142937 [31mtotal : 0.142937 
2025-11-23 19:27:32,448 - Agent - INFO - [37mVal Epoch 82 step 82 with [31mpx_total : 0.148444 [31mtotal : 0.148444 
2025-11-23 19:28:46,113 - Agent - INFO - [37mVal Epoch 83 step 83 with [31mpx_total : 0.148998 [31mtotal : 0.148998 
2025-11-23 19:30:00,612 - Agent - INFO - [37mVal Epoch 84 step 84 with [31mpx_total : 0.145954 [31mtotal : 0.145954 
2025-11-23 19:31:15,152 - Agent - INFO - [37mVal Epoch 85 step 85 with [31mpx_total : 0.152463 [31mtotal : 0.152463 
2025-11-23 19:32:30,438 - Agent - INFO - [37mVal Epoch 86 step 86 with [31mpx_total : 0.153831 [31mtotal : 0.153831 
2025-11-23 19:33:46,529 - Agent - INFO - [37mVal Epoch 87 step 87 with [31mpx_total : 0.151065 [31mtotal : 0.151065 
2025-11-23 19:35:04,149 - Agent - INFO - [37mVal Epoch 88 step 88 with [31mpx_total : 0.156541 [31mtotal : 0.156541 
2025-11-23 19:36:18,819 - Agent - INFO - [37mVal Epoch 89 step 89 with [31mpx_total : 0.146567 [31mtotal : 0.146567 

Pair                         dist_corr             cka      cosine_sim   cca_mean_corr procrustes_disp
------------------------------------------------------------------------------------------------------
z1_vs_z2                        0.1358         0.1136         0.3664         0.9873         0.8658
z1_vs_~z                        0.2428         0.2441         0.7959         0.9591         0.7966
z2_vs_~z                        0.4103         0.3051         0.3957         0.9838         0.5766
------------------------------------------------------------------------------------------------------
2025-11-23 19:38:02,554 - Agent - INFO - [37mVal Epoch 90 step 90 with [31mpx_total : 0.147554 [31mtotal : 0.147554 
2025-11-23 19:39:18,887 - Agent - INFO - [37mVal Epoch 91 step 91 with [31mpx_total : 0.142885 [31mtotal : 0.142885 
2025-11-23 19:40:35,092 - Agent - INFO - [37mVal Epoch 92 step 92 with [31mpx_total : 0.147636 [31mtotal : 0.147636 
2025-11-23 19:41:51,929 - Agent - INFO - [37mVal Epoch 93 step 93 with [31mpx_total : 0.141769 [31mtotal : 0.141769 
2025-11-23 19:43:06,951 - Agent - INFO - [37mVal Epoch 94 step 94 with [31mpx_total : 0.144591 [31mtotal : 0.144591 
2025-11-23 19:44:23,608 - Agent - INFO - [37mVal Epoch 95 step 95 with [31mpx_total : 0.151454 [31mtotal : 0.151454 
2025-11-23 19:45:41,840 - Agent - INFO - [37mVal Epoch 96 step 96 with [31mpx_total : 0.152539 [31mtotal : 0.152539 
2025-11-23 19:47:00,116 - Agent - INFO - [37mVal Epoch 97 step 97 with [31mpx_total : 0.154958 [31mtotal : 0.154958 
2025-11-23 19:48:16,872 - Agent - INFO - [37mVal Epoch 98 step 98 with [31mpx_total : 0.149569 [31mtotal : 0.149569 
2025-11-23 19:49:33,302 - Agent - INFO - [37mVal Epoch 99 step 99 with [31mpx_total : 0.143805 [31mtotal : 0.143805 

Pair                         dist_corr             cka      cosine_sim   cca_mean_corr procrustes_disp
------------------------------------------------------------------------------------------------------
z1_vs_z2                        0.1358         0.1136         0.3664         0.9873         0.8658
z1_vs_~z                        0.2361         0.2397         0.7964         0.9562         0.8050
z2_vs_~z                        0.3873         0.2365         0.3950         0.9812         0.5891
------------------------------------------------------------------------------------------------------
2025-11-23 19:51:43,618 - Agent - INFO - [37mVal Epoch 100 step 100 with [31mpx_total : 0.148849 [31mtotal : 0.148849 
2025-11-23 19:53:00,134 - Agent - INFO - [37mVal Epoch 101 step 101 with [31mpx_total : 0.148326 [31mtotal : 0.148326 
2025-11-23 19:54:18,396 - Agent - INFO - [37mVal Epoch 102 step 102 with [31mpx_total : 0.147275 [31mtotal : 0.147275 
2025-11-23 19:55:34,723 - Agent - INFO - [37mVal Epoch 103 step 103 with [31mpx_total : 0.145124 [31mtotal : 0.145124 
2025-11-23 19:56:52,201 - Agent - INFO - [37mVal Epoch 104 step 104 with [31mpx_total : 0.148343 [31mtotal : 0.148343 
2025-11-23 19:58:09,811 - Agent - INFO - [37mVal Epoch 105 step 105 with [31mpx_total : 0.147200 [31mtotal : 0.147200 
2025-11-23 19:59:26,721 - Agent - INFO - [37mVal Epoch 106 step 106 with [31mpx_total : 0.150621 [31mtotal : 0.150621 
2025-11-23 20:00:44,158 - Agent - INFO - [37mVal Epoch 107 step 107 with [31mpx_total : 0.151254 [31mtotal : 0.151254 
2025-11-23 20:02:01,376 - Agent - INFO - [37mVal Epoch 108 step 108 with [31mpx_total : 0.145495 [31mtotal : 0.145495 
2025-11-23 20:03:17,541 - Agent - INFO - [37mVal Epoch 109 step 109 with [31mpx_total : 0.146154 [31mtotal : 0.146154 

Pair                         dist_corr             cka      cosine_sim   cca_mean_corr procrustes_disp
------------------------------------------------------------------------------------------------------
z1_vs_z2                        0.1358         0.1136         0.3664         0.9873         0.8658
z1_vs_~z                        0.2511         0.2502         0.7916         0.9520         0.7936
z2_vs_~z                        0.4013         0.2701         0.3952         0.9824         0.5814
------------------------------------------------------------------------------------------------------
2025-11-23 20:05:11,825 - Agent - INFO - [37mVal Epoch 110 step 110 with [31mpx_total : 0.150816 [31mtotal : 0.150816 
2025-11-23 20:06:30,291 - Agent - INFO - [37mVal Epoch 111 step 111 with [31mpx_total : 0.148288 [31mtotal : 0.148288 
2025-11-23 20:07:46,531 - Agent - INFO - [37mVal Epoch 112 step 112 with [31mpx_total : 0.147496 [31mtotal : 0.147496 
2025-11-23 20:09:01,359 - Agent - INFO - [37mVal Epoch 113 step 113 with [31mpx_total : 0.149709 [31mtotal : 0.149709 
2025-11-23 20:10:17,799 - Agent - INFO - [37mVal Epoch 114 step 114 with [31mpx_total : 0.149998 [31mtotal : 0.149998 
2025-11-23 20:11:33,772 - Agent - INFO - [37mVal Epoch 115 step 115 with [31mpx_total : 0.149039 [31mtotal : 0.149039 
2025-11-23 20:12:49,422 - Agent - INFO - [37mVal Epoch 116 step 116 with [31mpx_total : 0.147250 [31mtotal : 0.147250 
2025-11-23 20:14:05,874 - Agent - INFO - [37mVal Epoch 117 step 117 with [31mpx_total : 0.150301 [31mtotal : 0.150301 
2025-11-23 20:15:20,667 - Agent - INFO - [37mVal Epoch 118 step 118 with [31mpx_total : 0.147744 [31mtotal : 0.147744 
2025-11-23 20:16:38,378 - Agent - INFO - [37mVal Epoch 119 step 119 with [31mpx_total : 0.148114 [31mtotal : 0.148114 

Pair                         dist_corr             cka      cosine_sim   cca_mean_corr procrustes_disp
------------------------------------------------------------------------------------------------------
z1_vs_z2                        0.1358         0.1136         0.3664         0.9873         0.8658
z1_vs_~z                        0.2480         0.2485         0.7933         0.9549         0.7955
z2_vs_~z                        0.4056         0.2815         0.3949         0.9822         0.5790
------------------------------------------------------------------------------------------------------
2025-11-23 20:18:20,422 - Agent - INFO - [37mVal Epoch 120 step 120 with [31mpx_total : 0.149599 [31mtotal : 0.149599 
2025-11-23 20:19:40,048 - Agent - INFO - [37mVal Epoch 121 step 121 with [31mpx_total : 0.146908 [31mtotal : 0.146908 
2025-11-23 20:20:58,180 - Agent - INFO - [37mVal Epoch 122 step 122 with [31mpx_total : 0.147716 [31mtotal : 0.147716 
2025-11-23 20:22:12,787 - Agent - INFO - [37mVal Epoch 123 step 123 with [31mpx_total : 0.147226 [31mtotal : 0.147226 
2025-11-23 20:23:32,045 - Agent - INFO - [37mVal Epoch 124 step 124 with [31mpx_total : 0.147361 [31mtotal : 0.147361 
2025-11-23 20:24:50,939 - Agent - INFO - [37mVal Epoch 125 step 125 with [31mpx_total : 0.147653 [31mtotal : 0.147653 
2025-11-23 20:26:09,336 - Agent - INFO - [37mVal Epoch 126 step 126 with [31mpx_total : 0.147455 [31mtotal : 0.147455 
2025-11-23 20:27:27,206 - Agent - INFO - [37mVal Epoch 127 step 127 with [31mpx_total : 0.147507 [31mtotal : 0.147507 
2025-11-23 20:28:44,265 - Agent - INFO - [37mVal Epoch 128 step 128 with [31mpx_total : 0.146956 [31mtotal : 0.146956 
2025-11-23 20:29:59,435 - Agent - INFO - [37mVal Epoch 129 step 129 with [31mpx_total : 0.155864 [31mtotal : 0.155864 

Pair                         dist_corr             cka      cosine_sim   cca_mean_corr procrustes_disp
------------------------------------------------------------------------------------------------------
z1_vs_z2                        0.1358         0.1136         0.3664         0.9873         0.8658
z1_vs_~z                        0.2629         0.2683         0.7985         0.9583         0.7803
z2_vs_~z                        0.4371         0.2831         0.3964         0.9838         0.5573
------------------------------------------------------------------------------------------------------
2025-11-23 20:31:47,079 - Agent - INFO - [37mVal Epoch 130 step 130 with [31mpx_total : 0.139875 [31mtotal : 0.139875 
2025-11-23 20:31:47,607 - Agent - INFO - [37mModel saved successfully at: /esat/smcdata/users/kkontras/Image_Dataset/no_backup/data/2025_data/synergy/Synprom_IB_genVAEOSfold0_lib0.01_perturbgen_lr0.001_wd0.0_clsmlp.pth.tar[39m
2025-11-23 20:33:05,604 - Agent - INFO - [37mVal Epoch 131 step 131 with [31mpx_total : 0.142435 [31mtotal : 0.142435 
2025-11-23 20:34:22,492 - Agent - INFO - [37mVal Epoch 132 step 132 with [31mpx_total : 0.145852 [31mtotal : 0.145852 
2025-11-23 20:35:38,802 - Agent - INFO - [37mVal Epoch 133 step 133 with [31mpx_total : 0.152198 [31mtotal : 0.152198 
2025-11-23 20:36:57,397 - Agent - INFO - [37mVal Epoch 134 step 134 with [31mpx_total : 0.156626 [31mtotal : 0.156626 
2025-11-23 20:38:14,539 - Agent - INFO - [37mVal Epoch 135 step 135 with [31mpx_total : 0.141927 [31mtotal : 0.141927 
2025-11-23 20:39:32,845 - Agent - INFO - [37mVal Epoch 136 step 136 with [31mpx_total : 0.149963 [31mtotal : 0.149963 
2025-11-23 20:40:48,505 - Agent - INFO - [37mVal Epoch 137 step 137 with [31mpx_total : 0.146596 [31mtotal : 0.146596 
2025-11-23 20:42:05,147 - Agent - INFO - [37mVal Epoch 138 step 138 with [31mpx_total : 0.147347 [31mtotal : 0.147347 
2025-11-23 20:43:20,676 - Agent - INFO - [37mVal Epoch 139 step 139 with [31mpx_total : 0.144936 [31mtotal : 0.144936 

Pair                         dist_corr             cka      cosine_sim   cca_mean_corr procrustes_disp
------------------------------------------------------------------------------------------------------
z1_vs_z2                        0.1358         0.1136         0.3664         0.9873         0.8658
z1_vs_~z                        0.2458         0.2412         0.7933         0.9518         0.7928
z2_vs_~z                        0.3457         0.2247         0.3953         0.9799         0.6147
------------------------------------------------------------------------------------------------------
2025-11-23 20:45:07,982 - Agent - INFO - [37mVal Epoch 140 step 140 with [31mpx_total : 0.151076 [31mtotal : 0.151076 
2025-11-23 20:46:24,472 - Agent - INFO - [37mVal Epoch 141 step 141 with [31mpx_total : 0.144595 [31mtotal : 0.144595 
2025-11-23 20:47:40,445 - Agent - INFO - [37mVal Epoch 142 step 142 with [31mpx_total : 0.147244 [31mtotal : 0.147244 
2025-11-23 20:48:57,613 - Agent - INFO - [37mVal Epoch 143 step 143 with [31mpx_total : 0.147856 [31mtotal : 0.147856 
2025-11-23 20:50:14,405 - Agent - INFO - [37mVal Epoch 144 step 144 with [31mpx_total : 0.144967 [31mtotal : 0.144967 
2025-11-23 20:51:31,346 - Agent - INFO - [37mVal Epoch 145 step 145 with [31mpx_total : 0.143038 [31mtotal : 0.143038 
2025-11-23 20:52:49,666 - Agent - INFO - [37mVal Epoch 146 step 146 with [31mpx_total : 0.147556 [31mtotal : 0.147556 
2025-11-23 20:54:07,834 - Agent - INFO - [37mVal Epoch 147 step 147 with [31mpx_total : 0.146894 [31mtotal : 0.146894 
2025-11-23 20:55:23,510 - Agent - INFO - [37mVal Epoch 148 step 148 with [31mpx_total : 0.151268 [31mtotal : 0.151268 
2025-11-23 20:56:41,128 - Agent - INFO - [37mVal Epoch 149 step 149 with [31mpx_total : 0.147593 [31mtotal : 0.147593 

Pair                         dist_corr             cka      cosine_sim   cca_mean_corr procrustes_disp
------------------------------------------------------------------------------------------------------
z1_vs_z2                        0.1358         0.1136         0.3664         0.9873         0.8658
z1_vs_~z                        0.2661         0.2611         0.8019         0.9522         0.7873
z2_vs_~z                        0.4296         0.2696         0.3983         0.9830         0.5546
------------------------------------------------------------------------------------------------------
2025-11-23 20:58:22,645 - Agent - INFO - [37mVal Epoch 150 step 150 with [31mpx_total : 0.142449 [31mtotal : 0.142449 
2025-11-23 20:59:43,232 - Agent - INFO - [37mVal Epoch 151 step 151 with [31mpx_total : 0.145288 [31mtotal : 0.145288 
2025-11-23 21:01:00,248 - Agent - INFO - [37mVal Epoch 152 step 152 with [31mpx_total : 0.145528 [31mtotal : 0.145528 
2025-11-23 21:02:17,144 - Agent - INFO - [37mVal Epoch 153 step 153 with [31mpx_total : 0.147607 [31mtotal : 0.147607 
2025-11-23 21:03:36,112 - Agent - INFO - [37mVal Epoch 154 step 154 with [31mpx_total : 0.146872 [31mtotal : 0.146872 
2025-11-23 21:04:53,502 - Agent - INFO - [37mVal Epoch 155 step 155 with [31mpx_total : 0.150318 [31mtotal : 0.150318 
2025-11-23 21:06:10,886 - Agent - INFO - [37mVal Epoch 156 step 156 with [31mpx_total : 0.148031 [31mtotal : 0.148031 
2025-11-23 21:07:28,005 - Agent - INFO - [37mVal Epoch 157 step 157 with [31mpx_total : 0.144666 [31mtotal : 0.144666 
2025-11-23 21:08:44,339 - Agent - INFO - [37mVal Epoch 158 step 158 with [31mpx_total : 0.148735 [31mtotal : 0.148735 
2025-11-23 21:10:02,116 - Agent - INFO - [37mVal Epoch 159 step 159 with [31mpx_total : 0.144542 [31mtotal : 0.144542 

Pair                         dist_corr             cka      cosine_sim   cca_mean_corr procrustes_disp
------------------------------------------------------------------------------------------------------
z1_vs_z2                        0.1358         0.1136         0.3664         0.9873         0.8658
z1_vs_~z                        0.2558         0.2479         0.7930         0.9446         0.7949
z2_vs_~z                        0.4252         0.3263         0.3941         0.9822         0.5718
------------------------------------------------------------------------------------------------------
2025-11-23 21:11:42,003 - Agent - INFO - [37mVal Epoch 160 step 160 with [31mpx_total : 0.152157 [31mtotal : 0.152157 
2025-11-23 21:12:59,726 - Agent - INFO - [37mVal Epoch 161 step 161 with [31mpx_total : 0.145367 [31mtotal : 0.145367 
2025-11-23 21:14:16,717 - Agent - INFO - [37mVal Epoch 162 step 162 with [31mpx_total : 0.147830 [31mtotal : 0.147830 
2025-11-23 21:15:34,183 - Agent - INFO - [37mVal Epoch 163 step 163 with [31mpx_total : 0.142187 [31mtotal : 0.142187 
2025-11-23 21:16:51,574 - Agent - INFO - [37mVal Epoch 164 step 164 with [31mpx_total : 0.150150 [31mtotal : 0.150150 
2025-11-23 21:18:08,137 - Agent - INFO - [37mVal Epoch 165 step 165 with [31mpx_total : 0.158048 [31mtotal : 0.158048 
2025-11-23 21:19:24,210 - Agent - INFO - [37mVal Epoch 166 step 166 with [31mpx_total : 0.156306 [31mtotal : 0.156306 
2025-11-23 21:20:45,631 - Agent - INFO - [37mVal Epoch 167 step 167 with [31mpx_total : 0.149341 [31mtotal : 0.149341 
2025-11-23 21:22:04,092 - Agent - INFO - [37mVal Epoch 168 step 168 with [31mpx_total : 0.146121 [31mtotal : 0.146121 
2025-11-23 21:23:21,000 - Agent - INFO - [37mVal Epoch 169 step 169 with [31mpx_total : 0.150352 [31mtotal : 0.150352 

Pair                         dist_corr             cka      cosine_sim   cca_mean_corr procrustes_disp
------------------------------------------------------------------------------------------------------
z1_vs_z2                        0.1358         0.1136         0.3664         0.9873         0.8658
z1_vs_~z                        0.2472         0.2476         0.7966         0.9382         0.8027
z2_vs_~z                        0.3955         0.2197         0.3948         0.9786         0.5814
------------------------------------------------------------------------------------------------------
2025-11-23 21:25:02,287 - Agent - INFO - [37mVal Epoch 170 step 170 with [31mpx_total : 0.148907 [31mtotal : 0.148907 
2025-11-23 21:26:20,708 - Agent - INFO - [37mVal Epoch 171 step 171 with [31mpx_total : 0.146274 [31mtotal : 0.146274 
2025-11-23 21:27:39,062 - Agent - INFO - [37mVal Epoch 172 step 172 with [31mpx_total : 0.145146 [31mtotal : 0.145146 
2025-11-23 21:28:56,995 - Agent - INFO - [37mVal Epoch 173 step 173 with [31mpx_total : 0.148046 [31mtotal : 0.148046 
2025-11-23 21:30:14,384 - Agent - INFO - [37mVal Epoch 174 step 174 with [31mpx_total : 0.143758 [31mtotal : 0.143758 
2025-11-23 21:31:30,180 - Agent - INFO - [37mVal Epoch 175 step 175 with [31mpx_total : 0.152521 [31mtotal : 0.152521 
2025-11-23 21:32:45,616 - Agent - INFO - [37mVal Epoch 176 step 176 with [31mpx_total : 0.145976 [31mtotal : 0.145976 
2025-11-23 21:34:00,175 - Agent - INFO - [37mVal Epoch 177 step 177 with [31mpx_total : 0.146715 [31mtotal : 0.146715 
2025-11-23 21:35:16,219 - Agent - INFO - [37mVal Epoch 178 step 178 with [31mpx_total : 0.145871 [31mtotal : 0.145871 
2025-11-23 21:36:30,485 - Agent - INFO - [37mVal Epoch 179 step 179 with [31mpx_total : 0.151498 [31mtotal : 0.151498 

Pair                         dist_corr             cka      cosine_sim   cca_mean_corr procrustes_disp
------------------------------------------------------------------------------------------------------
z1_vs_z2                        0.1358         0.1136         0.3664         0.9873         0.8658
z1_vs_~z                        0.2576         0.2546         0.7998         0.9506         0.7930
z2_vs_~z                        0.3817         0.2442         0.3978         0.9825         0.5865
------------------------------------------------------------------------------------------------------
2025-11-23 21:38:16,868 - Agent - INFO - [37mVal Epoch 180 step 180 with [31mpx_total : 0.144663 [31mtotal : 0.144663 
2025-11-23 21:39:35,638 - Agent - INFO - [37mVal Epoch 181 step 181 with [31mpx_total : 0.151671 [31mtotal : 0.151671 
2025-11-23 21:40:52,015 - Agent - INFO - [37mVal Epoch 182 step 182 with [31mpx_total : 0.152555 [31mtotal : 0.152555 
2025-11-23 21:42:11,313 - Agent - INFO - [37mVal Epoch 183 step 183 with [31mpx_total : 0.147709 [31mtotal : 0.147709 
2025-11-23 21:43:29,193 - Agent - INFO - [37mVal Epoch 184 step 184 with [31mpx_total : 0.147124 [31mtotal : 0.147124 
2025-11-23 21:44:47,637 - Agent - INFO - [37mVal Epoch 185 step 185 with [31mpx_total : 0.143725 [31mtotal : 0.143725 
2025-11-23 21:46:04,189 - Agent - INFO - [37mVal Epoch 186 step 186 with [31mpx_total : 0.148081 [31mtotal : 0.148081 
2025-11-23 21:47:23,008 - Agent - INFO - [37mVal Epoch 187 step 187 with [31mpx_total : 0.145773 [31mtotal : 0.145773 
2025-11-23 21:48:40,737 - Agent - INFO - [37mVal Epoch 188 step 188 with [31mpx_total : 0.150684 [31mtotal : 0.150684 
2025-11-23 21:49:56,865 - Agent - INFO - [37mVal Epoch 189 step 189 with [31mpx_total : 0.151764 [31mtotal : 0.151764 

Pair                         dist_corr             cka      cosine_sim   cca_mean_corr procrustes_disp
------------------------------------------------------------------------------------------------------
z1_vs_z2                        0.1358         0.1136         0.3664         0.9873         0.8658
z1_vs_~z                        0.2620         0.2587         0.8029         0.9551         0.7944
z2_vs_~z                        0.4196         0.3054         0.3977         0.9827         0.5732
------------------------------------------------------------------------------------------------------
2025-11-23 21:51:49,943 - Agent - INFO - [37mVal Epoch 190 step 190 with [31mpx_total : 0.142432 [31mtotal : 0.142432 
2025-11-23 21:53:07,041 - Agent - INFO - [37mVal Epoch 191 step 191 with [31mpx_total : 0.148687 [31mtotal : 0.148687 
2025-11-23 21:54:23,659 - Agent - INFO - [37mVal Epoch 192 step 192 with [31mpx_total : 0.146920 [31mtotal : 0.146920 
2025-11-23 21:55:41,534 - Agent - INFO - [37mVal Epoch 193 step 193 with [31mpx_total : 0.146464 [31mtotal : 0.146464 
2025-11-23 21:57:01,302 - Agent - INFO - [37mVal Epoch 194 step 194 with [31mpx_total : 0.146249 [31mtotal : 0.146249 
2025-11-23 21:58:19,677 - Agent - INFO - [37mVal Epoch 195 step 195 with [31mpx_total : 0.145812 [31mtotal : 0.145812 
2025-11-23 21:59:37,774 - Agent - INFO - [37mVal Epoch 196 step 196 with [31mpx_total : 0.149208 [31mtotal : 0.149208 
2025-11-23 22:00:54,238 - Agent - INFO - [37mVal Epoch 197 step 197 with [31mpx_total : 0.146620 [31mtotal : 0.146620 
2025-11-23 22:02:10,108 - Agent - INFO - [37mVal Epoch 198 step 198 with [31mpx_total : 0.151789 [31mtotal : 0.151789 
2025-11-23 22:03:26,107 - Agent - INFO - [37mVal Epoch 199 step 199 with [31mpx_total : 0.145709 [31mtotal : 0.145709 

Pair                         dist_corr             cka      cosine_sim   cca_mean_corr procrustes_disp
------------------------------------------------------------------------------------------------------
z1_vs_z2                        0.1358         0.1136         0.3664         0.9873         0.8658
z1_vs_~z                        0.2495         0.2562         0.7918         0.9481         0.7979
z2_vs_~z                        0.3725         0.2596         0.3929         0.9798         0.5975
------------------------------------------------------------------------------------------------------
2025-11-23 22:05:06,566 - Agent - INFO - [37mVal Epoch 200 step 200 with [31mpx_total : 0.148431 [31mtotal : 0.148431 
2025-11-23 22:06:23,555 - Agent - INFO - [37mVal Epoch 201 step 201 with [31mpx_total : 0.143693 [31mtotal : 0.143693 
2025-11-23 22:07:40,911 - Agent - INFO - [37mVal Epoch 202 step 202 with [31mpx_total : 0.146280 [31mtotal : 0.146280 
2025-11-23 22:08:57,474 - Agent - INFO - [37mVal Epoch 203 step 203 with [31mpx_total : 0.146337 [31mtotal : 0.146337 
2025-11-23 22:10:15,857 - Agent - INFO - [37mVal Epoch 204 step 204 with [31mpx_total : 0.147732 [31mtotal : 0.147732 
2025-11-23 22:11:33,311 - Agent - INFO - [37mVal Epoch 205 step 205 with [31mpx_total : 0.150710 [31mtotal : 0.150710 
2025-11-23 22:12:50,761 - Agent - INFO - [37mVal Epoch 206 step 206 with [31mpx_total : 0.146715 [31mtotal : 0.146715 
2025-11-23 22:14:06,617 - Agent - INFO - [37mVal Epoch 207 step 207 with [31mpx_total : 0.147646 [31mtotal : 0.147646 
2025-11-23 22:15:25,290 - Agent - INFO - [37mVal Epoch 208 step 208 with [31mpx_total : 0.145445 [31mtotal : 0.145445 
2025-11-23 22:16:41,588 - Agent - INFO - [37mVal Epoch 209 step 209 with [31mpx_total : 0.144492 [31mtotal : 0.144492 

Pair                         dist_corr             cka      cosine_sim   cca_mean_corr procrustes_disp
------------------------------------------------------------------------------------------------------
z1_vs_z2                        0.1358         0.1136         0.3664         0.9873         0.8658
z1_vs_~z                        0.2665         0.2574         0.7926         0.9493         0.7910
z2_vs_~z                        0.3906         0.2758         0.3944         0.9809         0.5960
------------------------------------------------------------------------------------------------------
2025-11-23 22:18:28,572 - Agent - INFO - [37mVal Epoch 210 step 210 with [31mpx_total : 0.151032 [31mtotal : 0.151032 
2025-11-23 22:19:43,614 - Agent - INFO - [37mVal Epoch 211 step 211 with [31mpx_total : 0.148579 [31mtotal : 0.148579 
2025-11-23 22:20:57,539 - Agent - INFO - [37mVal Epoch 212 step 212 with [31mpx_total : 0.144186 [31mtotal : 0.144186 
2025-11-23 22:22:14,276 - Agent - INFO - [37mVal Epoch 213 step 213 with [31mpx_total : 0.150748 [31mtotal : 0.150748 
2025-11-23 22:23:28,873 - Agent - INFO - [37mVal Epoch 214 step 214 with [31mpx_total : 0.149197 [31mtotal : 0.149197 
2025-11-23 22:24:43,141 - Agent - INFO - [37mVal Epoch 215 step 215 with [31mpx_total : 0.144990 [31mtotal : 0.144990 
2025-11-23 22:26:00,201 - Agent - INFO - [37mVal Epoch 216 step 216 with [31mpx_total : 0.149306 [31mtotal : 0.149306 
2025-11-23 22:27:15,645 - Agent - INFO - [37mVal Epoch 217 step 217 with [31mpx_total : 0.147631 [31mtotal : 0.147631 
2025-11-23 22:28:30,890 - Agent - INFO - [37mVal Epoch 218 step 218 with [31mpx_total : 0.146205 [31mtotal : 0.146205 
2025-11-23 22:29:48,965 - Agent - INFO - [37mVal Epoch 219 step 219 with [31mpx_total : 0.146984 [31mtotal : 0.146984 

Pair                         dist_corr             cka      cosine_sim   cca_mean_corr procrustes_disp
------------------------------------------------------------------------------------------------------
z1_vs_z2                        0.1358         0.1136         0.3664         0.9873         0.8658
z1_vs_~z                        0.2600         0.2653         0.7954         0.9451         0.7891
z2_vs_~z                        0.3748         0.2584         0.3951         0.9815         0.6013
------------------------------------------------------------------------------------------------------
2025-11-23 22:31:41,020 - Agent - INFO - [37mVal Epoch 220 step 220 with [31mpx_total : 0.145973 [31mtotal : 0.145973 
2025-11-23 22:32:56,888 - Agent - INFO - [37mVal Epoch 221 step 221 with [31mpx_total : 0.146785 [31mtotal : 0.146785 
2025-11-23 22:34:16,132 - Agent - INFO - [37mVal Epoch 222 step 222 with [31mpx_total : 0.146615 [31mtotal : 0.146615 
2025-11-23 22:35:33,504 - Agent - INFO - [37mVal Epoch 223 step 223 with [31mpx_total : 0.147510 [31mtotal : 0.147510 
2025-11-23 22:36:48,428 - Agent - INFO - [37mVal Epoch 224 step 224 with [31mpx_total : 0.146819 [31mtotal : 0.146819 
2025-11-23 22:38:03,946 - Agent - INFO - [37mVal Epoch 225 step 225 with [31mpx_total : 0.147029 [31mtotal : 0.147029 
2025-11-23 22:39:20,199 - Agent - INFO - [37mVal Epoch 226 step 226 with [31mpx_total : 0.146696 [31mtotal : 0.146696 
2025-11-23 22:40:35,427 - Agent - INFO - [37mVal Epoch 227 step 227 with [31mpx_total : 0.146662 [31mtotal : 0.146662 
2025-11-23 22:41:52,311 - Agent - INFO - [37mVal Epoch 228 step 228 with [31mpx_total : 0.145726 [31mtotal : 0.145726 
2025-11-23 22:43:09,899 - Agent - INFO - [37mVal Epoch 229 step 229 with [31mpx_total : 0.148964 [31mtotal : 0.148964 
2025-11-23 22:43:11,858 - Agent - INFO - We are in the final state.
2025-11-23 22:43:12,021 - root - INFO - Loaded best model from /esat/smcdata/users/kkontras/Image_Dataset/no_backup/data/2025_data/synergy/Synprom_IB_genVAEOSfold0_lib0.01_perturbgen_lr0.001_wd0.0_clsmlp.pth.tar
2025-11-23 22:43:25,447 - Agent - INFO - [37mVal Epoch 229 step 0 with [31mpx_total : 0.139942 [31mtotal : 0.139942 

Pair                         dist_corr             cka      cosine_sim   cca_mean_corr procrustes_disp
------------------------------------------------------------------------------------------------------
z1_vs_z2                        0.0052         0.0510         0.3621         0.9842         0.9155
z1_vs_~z                        0.1558         0.1563         0.7911         0.9539         0.9019
z2_vs_~z                        0.4342         0.3525         0.3910         0.9864         0.5228
------------------------------------------------------------------------------------------------------
2025-11-23 22:44:12,405 - Agent - INFO - [37mTest Epoch 229 step 0 with [31mpx_total : 0.187291 [31mtotal : 0.187291 
2025-11-23 22:44:13,069 - Agent - INFO - [37mModel saved successfully at: /esat/smcdata/users/kkontras/Image_Dataset/no_backup/data/2025_data/synergy/Synprom_IB_genVAEOSfold0_lib0.01_perturbgen_lr0.001_wd0.0_clsmlp.pth.tar[39m
[1;34mwandb[0m: 
[1;34mwandb[0m: 🚀 View run [33mSynprom_IB_genVAEOSfold0_lib0.01_perturbgen_lr0.001_wd0.0_clsmlp[0m at: [34m[0m
[1;34mwandb[0m: Find logs at: [1;35mwandb/run-20251123_173726-nh4o9apg/logs[0m
Job finished
