000 (007.021.000) 2025-11-23 17:36:53 Job submitted from host: <10.87.28.3:9618?addrs=10.87.28.3-9618&alias=deanston.esat.kuleuven.be&noUDP&sock=schedd_1644_39c9>
...
001 (007.021.000) 2025-11-24 04:35:18 Job executing on host: <10.87.24.138:9618?addrs=10.87.24.138-9618&alias=grape.esat.kuleuven.be&noUDP&sock=startd_2157_19df>
	SlotName: slot1_1@grape.esat.kuleuven.be
	AvailableGPUs = { GPUs_GPU_97601f5c }
	CondorScratchDir = "/usr/data/condor/execute/dir_2957481/scratch"
	Cpus = 8
	Disk = 1048576
	GPUs = 1
	GPUs_GPU_97601f5c = [ Id = "GPU-97601f5c"; ClockMhz = 1695.0; Capability = 8.6; CoresPerCU = 128; DeviceName = "NVIDIA GeForce RTX 3090"; DeviceUuid = "97601f5c-9e32-f178-e4a8-b5517f10d8de"; ECCEnabled = false; ComputeUnits = 82; NvidiaDriver = "580.105.08"; DriverVersion = 13.0; DevicePciBusId = "0000:09:00.0"; GlobalMemoryMb = 24124; MaxSupportedVersion = 13000 ]
	Memory = 71680
...
006 (007.021.000) 2025-11-24 04:35:27 Image size of job updated: 416312
	407  -  MemoryUsage of job (MB)
	416312  -  ResidentSetSize of job (KB)
...
006 (007.021.000) 2025-11-24 04:40:28 Image size of job updated: 3503760
	3214  -  MemoryUsage of job (MB)
	3290296  -  ResidentSetSize of job (KB)
...
006 (007.021.000) 2025-11-24 04:45:28 Image size of job updated: 3516236
	3214  -  MemoryUsage of job (MB)
	3290296  -  ResidentSetSize of job (KB)
...
006 (007.021.000) 2025-11-24 04:50:29 Image size of job updated: 3553416
	3471  -  MemoryUsage of job (MB)
	3553416  -  ResidentSetSize of job (KB)
...
006 (007.021.000) 2025-11-24 04:55:30 Image size of job updated: 3742456
	3471  -  MemoryUsage of job (MB)
	3553416  -  ResidentSetSize of job (KB)
...
005 (007.021.000) 2025-11-24 07:18:32 Job terminated.
	(1) Normal termination (return value 0)
		Usr 0 08:25:22, Sys 0 00:42:41  -  Run Remote Usage
		Usr 0 00:00:00, Sys 0 00:00:00  -  Run Local Usage
		Usr 0 08:25:22, Sys 0 00:42:41  -  Total Remote Usage
		Usr 0 00:00:00, Sys 0 00:00:00  -  Total Local Usage
	0  -  Run Bytes Sent By Job
	0  -  Run Bytes Received By Job
	0  -  Total Bytes Sent By Job
	0  -  Total Bytes Received By Job
	Partitionable Resources :    Usage  Request Allocated Assigned
	   Cpus                 :     3.32        8         8 
	   Disk (KB)            :     2     1048576   1048576 
	   GPUs                 :     0.18        1         1 "GPU-97601f5c"
	   GpusMemory (MB)      :  4267                       
	   Memory (MB)          :  3471       71680     71680 
	   TimeExecute (s)      :  9794                       
	   TimeSlotBusy (s)     :  9794                       
...
