Starting Job
/esat/smcdata/users/kkontras/Image_Dataset/no_backup/git/Synergy/train.py
/esat/smcdata/users/kkontras/Image_Dataset/no_backup/envs/synergy_new/bin/python
Python 3.10.19
/esat/smcdata/users/kkontras/Image_Dataset/no_backup/git/Synergy
We have 1 GPU
/esat/smcdata/users/kkontras/Image_Dataset/no_backup/git/Synergy/train.py
config-./configs/CREMA_D/synergy/nov/synprom_generatorVAEOneSide.json
Executing command: accelerate launch /esat/smcdata/users/kkontras/Image_Dataset/no_backup/git/Synergy/train.py --config ./configs/CREMA_D/synergy/nov/synprom_generatorVAEOneSide.json --default_config ./configs/CREMA_D/default_config_cremad_res_syn.json --fold 0 --lr 0.0001 --wd 1e-5 --perturb gen --start_over  --cls mlp --lib 1.0
Namespace(config='./configs/CREMA_D/synergy/nov/synprom_generatorVAEOneSide.json', default_config='./configs/CREMA_D/default_config_cremad_res_syn.json', fold='0', alpha=None, tanh_mode=None, tanh_mode_beta=None, regby=None, clip=None, batch_size=None, l=None, multil=None, l_diffsq=None, lib='1.0', ratio_us=None, ratio_snr=None, kmepoch=None, num_samples=None, pow=None, nstep=None, contrcoeff=None, kde_coeff=None, etube=None, temperature=None, contr_type=None, shuffle_type=None, validate_with=None, transform_type=None, trasform_before=None, num_classes=None, base_alpha=None, alpha_var=None, base_beta=None, beta_var=None, optim_method=None, ilr_c=None, ilr_g=None, mmcosine_scaling=None, ending_epoch=None, load_ongoing=None, commonlayers=None, recon_weight1=None, recon_weight2=None, recon_epochstages=None, recon_ensemblestages=None, lr='0.0001', wd='1e-5', mm=None, cls='mlp', perturb='gen', pre=False, frozen=False, tdqm_disable=False, start_over=True)
2025-11-24 04:35:36,241 - Config - INFO - ./configs/CREMA_D/synergy/nov/synprom_generatorVAEOneSide.json
2025-11-24 04:35:36,244 - Config - INFO -  THE Configuration of your experiment ..
{'agent': 'Agent',
 'dataset': {'data_roots': '/esat/smcdata/users/kkontras/Image_Dataset/no_backup/CremaD/CREMA-D',
             'data_split': {'fold': 0, 'method': 'non_inclusive'},
             'dataloader_class': 'CramedD_Dataloader',
             'fps': 1,
             'norm': False,
             'norm_face_path': './mydatasets/CREMAD/norm_face_path_fold{}.pkl',
             'norm_wav_path': './mydatasets/CREMAD/wav_norm_16000_fold{}.pkl',
             'num_frame': 3,
             'return_data': {'audio': False,
                             'face': False,
                             'spectrogram': True,
                             'video': True},
             'sampling_rate': 22050},
 'early_stopping': {'end_of_epoch_check': True,
                    'log_interval': 10,
                    'max_epoch': 1500,
                    'n_steps_stop': 100,
                    'n_steps_stop_after': 0,
                    'save_every_step': 3000,
                    'save_every_valstep': 10,
                    'validate_after': 0,
                    'validate_every': 25,
                    'validate_with': 'loss'},
 'exp_name': 'CREMAD Experiment',
 'model': {'args': {'bias_infusion': {'ending_epoch': 1500,
                                      'l': 0.1,
                                      'method': 'false',
                                      'plot': False,
                                      'starting_epoch': 0,
                                      'use': True},
                    'clip_grad': False,
                    'cls_type': 'linear',
                    'd_model': 512,
                    'dropout': 0.1,
                    'fc_inner': 64,
                    'multi_loss': {'multi_supervised_w': {'c': 0,
                                                          'combined': 1,
                                                          'g': 0}},
                    'num_classes': 6,
                    'swap_direction': True},
           'encoders': [{'args': {'d_model': 512,
                                  'dropout': 0.1,
                                  'fc_inner': 64,
                                  'freeze_encoder': True,
                                  'num_classes': 6},
                         'model': 'Audio_ResNet',
                         'pretrainedEncoder': {'dir': 'unimodal_audio_fold{}_lr0.001_wd0.0001.pth.tar',
                                               'use': True}},
                        {'args': {'d_model': 512,
                                  'dropout': 0.1,
                                  'fc_inner': 64,
                                  'freeze_encoder': True,
                                  'num_classes': 6},
                         'model': 'Video_ResNet',
                         'pretrainedEncoder': {'dir': 'unimodal_video_fold{}_lr0.001_wd0.0001.pth.tar',
                                               'use': True}},
                        {'args': {'dim_in': 512,
                                  'dim_out': 512,
                                  'hidden': 512,
                                  'latent_dim': 64},
                         'model': 'SimpleVAEZ2toZ1OneSide',
                         'pretrainedEncoder': {'dir': '', 'use': False},
                         'save_encoder': True}],
           'load_ongoing': False,
           'model_class': 'Model_GeneratorVAEOneSide',
           'save_base_dir': '/esat/smcdata/users/kkontras/Image_Dataset/no_backup/data/2025_data/synergy',
           'save_dir': 'Synprom_IB_genVAEOS{}.pth.tar'},
 'optimizer': {'beta1': 0.9,
               'beta2': 0.999,
               'learning_rate': 1e-05,
               'momentum': 0.9,
               'type': 'Adam',
               'weight_decay': 1e-05},
 'scheduler': {'max_lr': 0.03, 'type': 'cosanneal', 'warm_up_steps': 780},
 'task': 'generative',
 'training_params': {'adversarial_training': {'adv_epsilon': 0.01,
                                              'use': False},
                     'async_loading': True,
                     'batch_size': 128,
                     'cuda': True,
                     'data_loader_workers': 8,
                     'gpu_device': [0],
                     'pin_memory': False,
                     'rec_test': False,
                     'res': True,
                     'seed': 109,
                     'tdqm_disable': False,
                     'test_batch_size': 128,
                     'test_on_bottoms': False,
                     'use_test_set': True,
                     'validation': True,
                     'verbose': True,
                     'wandb_disable': False}}
2025-11-24 04:35:36,247 - Config - INFO -  *************************************** 
2025-11-24 04:35:36,247 - Config - INFO - The experiment name is CREMAD Experiment
2025-11-24 04:35:36,247 - Config - INFO -  *************************************** 
2025-11-24 04:35:36,247 - root - INFO - save_dir: Synprom_IB_genVAEOSfold0_lib1.0_perturbgen_lr0.0001_wd1e-5_clsmlp.pth.tar
2025-11-24 04:35:36,307 - Cuda Statistics - INFO - __Python VERSION:  3.10.19 (main, Oct 21 2025, 16:43:05) [GCC 11.2.0]
2025-11-24 04:35:36,307 - Cuda Statistics - INFO - __pyTorch VERSION:  2.6.0+cu124
2025-11-24 04:35:36,308 - Cuda Statistics - INFO - __CUDA VERSION
2025-11-24 04:35:36,309 - Cuda Statistics - INFO - __CUDNN VERSION:  90100
2025-11-24 04:35:36,348 - Cuda Statistics - INFO - __Number CUDA Devices:  1
2025-11-24 04:35:36,348 - Cuda Statistics - INFO - __Devices
2025-11-24 04:35:36,348 - Cuda Statistics - INFO - index, name, driver_version, memory.total [MiB], memory.used [MiB], memory.free [MiB]
2025-11-24 04:35:36,348 - Cuda Statistics - INFO - 0, NVIDIA GeForce RTX 3090, 580.105.08, 24576 MiB, 4 MiB, 24121 MiB
2025-11-24 04:35:36,353 - Cuda Statistics - INFO - Active CUDA Device: GPU 0
2025-11-24 04:35:36,353 - Cuda Statistics - INFO - Available devices  1
2025-11-24 04:35:36,353 - Cuda Statistics - INFO - Current cuda device  0
This path does not exist /esat/smcdata/users/kkontras/Image_Dataset/no_backup/CremaD/CREMA-D/AudioWAV/1076_MTI_SAD_XX.wav or /esat/smcdata/users/kkontras/Image_Dataset/no_backup/CremaD/CREMA-D/Image-01-FPS/1076_MTI_SAD_XX or /esat/smcdata/users/kkontras/Image_Dataset/no_backup/CremaD/CREMA-D/Face_features/1076_MTI_SAD_XX.npy
2025-11-24 04:35:37,996 - root - INFO - Loaded wav norm from ./mydatasets/CREMAD/wav_norm_16000_fold0.pkl
2025-11-24 04:35:37,999 - root - INFO - Norm values are {'mean': tensor(-2.7937e-05), 'std': tensor(0.0613), 'max_duration': 4.8715625}
2025-11-24 04:35:38,377 - root - INFO - Loaded wav norm from ./mydatasets/CREMAD/wav_norm_16000_fold0.pkl
2025-11-24 04:35:38,378 - root - INFO - Norm values are {'mean': tensor(-2.7937e-05), 'std': tensor(0.0613), 'max_duration': 4.8715625}
2025-11-24 04:35:38,796 - root - INFO - Loaded wav norm from ./mydatasets/CREMAD/wav_norm_16000_fold0.pkl
2025-11-24 04:35:38,797 - root - INFO - Norm values are {'mean': tensor(-2.7937e-05), 'std': tensor(0.0613), 'max_duration': 4.8715625}
Available cores 8
We are changing dataloader workers to num of cores 0
2025-11-24 04:35:38,798 - Agent - INFO - Device: cuda:0
2025-11-24 04:35:38,799 - Agent - INFO - Total training batches: 32, validate every 25 batches, steps per epoch: 2
2025-11-24 04:35:40,606 - Agent - INFO - Loss Weights are {'total': 1, 'combined': 1, 'c': 0, 'g': 0}
2025-11-24 04:35:40,872 - root - INFO - Loading enc best model state dict from /esat/smcdata/users/kkontras/Image_Dataset/no_backup/data/2025_data/synergy/unimodal_audio_fold0_lr0.001_wd0.0001.pth.tar
2025-11-24 04:35:41,197 - root - INFO - Loading enc best model state dict from /esat/smcdata/users/kkontras/Image_Dataset/no_backup/data/2025_data/synergy/unimodal_video_fold0_lr0.001_wd0.0001.pth.tar
2025-11-24 04:35:41,235 - Agent - INFO - Freezing encoder enc_0
2025-11-24 04:35:41,236 - Agent - INFO - Freezing encoder enc_1
2025-11-24 04:35:41,388 - Agent - INFO - Total number of trainable parameters are: 23502476
2025-11-24 04:35:41,394 - Agent - INFO - Total number of trainable parameters are: 1149568
2025-11-24 04:37:01,452 - Agent - INFO - [37mVal Epoch 1 step 1 with [31mpx_total : 0.228639 [31mtotal : 0.228639 
2025-11-24 04:37:01,637 - Agent - INFO - [37mModel saved successfully at: /esat/smcdata/users/kkontras/Image_Dataset/no_backup/data/2025_data/synergy/Synprom_IB_genVAEOSfold0_lib1.0_perturbgen_lr0.0001_wd1e-5_clsmlp.pth.tar[39m
2025-11-24 04:38:20,740 - Agent - INFO - [37mVal Epoch 2 step 2 with [31mpx_total : 0.181136 [31mtotal : 0.181136 
2025-11-24 04:38:20,985 - Agent - INFO - [37mModel saved successfully at: /esat/smcdata/users/kkontras/Image_Dataset/no_backup/data/2025_data/synergy/Synprom_IB_genVAEOSfold0_lib1.0_perturbgen_lr0.0001_wd1e-5_clsmlp.pth.tar[39m
2025-11-24 04:39:38,638 - Agent - INFO - [37mVal Epoch 3 step 3 with [31mpx_total : 0.178853 [31mtotal : 0.178853 
2025-11-24 04:39:38,885 - Agent - INFO - [37mModel saved successfully at: /esat/smcdata/users/kkontras/Image_Dataset/no_backup/data/2025_data/synergy/Synprom_IB_genVAEOSfold0_lib1.0_perturbgen_lr0.0001_wd1e-5_clsmlp.pth.tar[39m
2025-11-24 04:40:57,430 - Agent - INFO - [37mVal Epoch 4 step 4 with [31mpx_total : 0.177547 [31mtotal : 0.177547 
2025-11-24 04:40:57,679 - Agent - INFO - [37mModel saved successfully at: /esat/smcdata/users/kkontras/Image_Dataset/no_backup/data/2025_data/synergy/Synprom_IB_genVAEOSfold0_lib1.0_perturbgen_lr0.0001_wd1e-5_clsmlp.pth.tar[39m
2025-11-24 04:42:17,737 - Agent - INFO - [37mVal Epoch 5 step 5 with [31mpx_total : 0.173109 [31mtotal : 0.173109 
2025-11-24 04:42:17,993 - Agent - INFO - [37mModel saved successfully at: /esat/smcdata/users/kkontras/Image_Dataset/no_backup/data/2025_data/synergy/Synprom_IB_genVAEOSfold0_lib1.0_perturbgen_lr0.0001_wd1e-5_clsmlp.pth.tar[39m
2025-11-24 04:43:37,420 - Agent - INFO - [37mVal Epoch 6 step 6 with [31mpx_total : 0.163179 [31mtotal : 0.163179 
2025-11-24 04:43:37,668 - Agent - INFO - [37mModel saved successfully at: /esat/smcdata/users/kkontras/Image_Dataset/no_backup/data/2025_data/synergy/Synprom_IB_genVAEOSfold0_lib1.0_perturbgen_lr0.0001_wd1e-5_clsmlp.pth.tar[39m
2025-11-24 04:44:56,886 - Agent - INFO - [37mVal Epoch 7 step 7 with [31mpx_total : 0.160317 [31mtotal : 0.160317 
2025-11-24 04:44:57,144 - Agent - INFO - [37mModel saved successfully at: /esat/smcdata/users/kkontras/Image_Dataset/no_backup/data/2025_data/synergy/Synprom_IB_genVAEOSfold0_lib1.0_perturbgen_lr0.0001_wd1e-5_clsmlp.pth.tar[39m
2025-11-24 04:46:15,573 - Agent - INFO - [37mVal Epoch 8 step 8 with [31mpx_total : 0.160037 [31mtotal : 0.160037 
2025-11-24 04:46:15,821 - Agent - INFO - [37mModel saved successfully at: /esat/smcdata/users/kkontras/Image_Dataset/no_backup/data/2025_data/synergy/Synprom_IB_genVAEOSfold0_lib1.0_perturbgen_lr0.0001_wd1e-5_clsmlp.pth.tar[39m
2025-11-24 04:47:34,279 - Agent - INFO - [37mVal Epoch 9 step 9 with [31mpx_total : 0.155254 [31mtotal : 0.155254 
2025-11-24 04:47:34,583 - Agent - INFO - [37mModel saved successfully at: /esat/smcdata/users/kkontras/Image_Dataset/no_backup/data/2025_data/synergy/Synprom_IB_genVAEOSfold0_lib1.0_perturbgen_lr0.0001_wd1e-5_clsmlp.pth.tar[39m

Pair                         dist_corr             cka      cosine_sim   cca_mean_corr procrustes_disp
------------------------------------------------------------------------------------------------------
z1_vs_z2                        0.1358         0.1136         0.3664         0.9873         0.8658
z1_vs_~z                        0.2466         0.2228         0.8178         0.9925         0.8464
z2_vs_~z                        0.4013         0.3549         0.4078         0.9857         0.7188
------------------------------------------------------------------------------------------------------
2025-11-24 04:49:14,652 - Agent - INFO - [37mVal Epoch 10 step 10 with [31mpx_total : 0.154575 [31mtotal : 0.154575 
2025-11-24 04:49:14,979 - Agent - INFO - [37mModel saved successfully at: /esat/smcdata/users/kkontras/Image_Dataset/no_backup/data/2025_data/synergy/Synprom_IB_genVAEOSfold0_lib1.0_perturbgen_lr0.0001_wd1e-5_clsmlp.pth.tar[39m
2025-11-24 04:50:35,680 - Agent - INFO - [37mVal Epoch 11 step 11 with [31mpx_total : 0.155243 [31mtotal : 0.155243 
2025-11-24 04:51:54,997 - Agent - INFO - [37mVal Epoch 12 step 12 with [31mpx_total : 0.152500 [31mtotal : 0.152500 
2025-11-24 04:51:55,243 - Agent - INFO - [37mModel saved successfully at: /esat/smcdata/users/kkontras/Image_Dataset/no_backup/data/2025_data/synergy/Synprom_IB_genVAEOSfold0_lib1.0_perturbgen_lr0.0001_wd1e-5_clsmlp.pth.tar[39m
2025-11-24 04:53:13,302 - Agent - INFO - [37mVal Epoch 13 step 13 with [31mpx_total : 0.151995 [31mtotal : 0.151995 
2025-11-24 04:53:13,548 - Agent - INFO - [37mModel saved successfully at: /esat/smcdata/users/kkontras/Image_Dataset/no_backup/data/2025_data/synergy/Synprom_IB_genVAEOSfold0_lib1.0_perturbgen_lr0.0001_wd1e-5_clsmlp.pth.tar[39m
2025-11-24 04:54:33,442 - Agent - INFO - [37mVal Epoch 14 step 14 with [31mpx_total : 0.149976 [31mtotal : 0.149976 
2025-11-24 04:54:33,695 - Agent - INFO - [37mModel saved successfully at: /esat/smcdata/users/kkontras/Image_Dataset/no_backup/data/2025_data/synergy/Synprom_IB_genVAEOSfold0_lib1.0_perturbgen_lr0.0001_wd1e-5_clsmlp.pth.tar[39m
2025-11-24 04:55:53,855 - Agent - INFO - [37mVal Epoch 15 step 15 with [31mpx_total : 0.152425 [31mtotal : 0.152425 
2025-11-24 04:57:12,997 - Agent - INFO - [37mVal Epoch 16 step 16 with [31mpx_total : 0.149753 [31mtotal : 0.149753 
2025-11-24 04:57:13,244 - Agent - INFO - [37mModel saved successfully at: /esat/smcdata/users/kkontras/Image_Dataset/no_backup/data/2025_data/synergy/Synprom_IB_genVAEOSfold0_lib1.0_perturbgen_lr0.0001_wd1e-5_clsmlp.pth.tar[39m
2025-11-24 04:58:32,653 - Agent - INFO - [37mVal Epoch 17 step 17 with [31mpx_total : 0.144593 [31mtotal : 0.144593 
2025-11-24 04:58:32,904 - Agent - INFO - [37mModel saved successfully at: /esat/smcdata/users/kkontras/Image_Dataset/no_backup/data/2025_data/synergy/Synprom_IB_genVAEOSfold0_lib1.0_perturbgen_lr0.0001_wd1e-5_clsmlp.pth.tar[39m
2025-11-24 04:59:53,307 - Agent - INFO - [37mVal Epoch 18 step 18 with [31mpx_total : 0.149884 [31mtotal : 0.149884 
2025-11-24 05:01:12,474 - Agent - INFO - [37mVal Epoch 19 step 19 with [31mpx_total : 0.145624 [31mtotal : 0.145624 

Pair                         dist_corr             cka      cosine_sim   cca_mean_corr procrustes_disp
------------------------------------------------------------------------------------------------------
z1_vs_z2                        0.1358         0.1136         0.3664         0.9873         0.8658
z1_vs_~z                        0.2555         0.2594         0.8033         0.9914         0.7901
z2_vs_~z                        0.5003         0.4129         0.3995         0.9912         0.5136
------------------------------------------------------------------------------------------------------
2025-11-24 05:02:50,368 - Agent - INFO - [37mVal Epoch 20 step 20 with [31mpx_total : 0.141714 [31mtotal : 0.141714 
2025-11-24 05:02:50,671 - Agent - INFO - [37mModel saved successfully at: /esat/smcdata/users/kkontras/Image_Dataset/no_backup/data/2025_data/synergy/Synprom_IB_genVAEOSfold0_lib1.0_perturbgen_lr0.0001_wd1e-5_clsmlp.pth.tar[39m
2025-11-24 05:04:11,616 - Agent - INFO - [37mVal Epoch 21 step 21 with [31mpx_total : 0.144430 [31mtotal : 0.144430 
2025-11-24 05:05:31,035 - Agent - INFO - [37mVal Epoch 22 step 22 with [31mpx_total : 0.145487 [31mtotal : 0.145487 
2025-11-24 05:06:49,463 - Agent - INFO - [37mVal Epoch 23 step 23 with [31mpx_total : 0.143619 [31mtotal : 0.143619 
2025-11-24 05:08:08,170 - Agent - INFO - [37mVal Epoch 24 step 24 with [31mpx_total : 0.144208 [31mtotal : 0.144208 
2025-11-24 05:09:28,336 - Agent - INFO - [37mVal Epoch 25 step 25 with [31mpx_total : 0.144089 [31mtotal : 0.144089 
2025-11-24 05:10:48,239 - Agent - INFO - [37mVal Epoch 26 step 26 with [31mpx_total : 0.143286 [31mtotal : 0.143286 
2025-11-24 05:12:07,110 - Agent - INFO - [37mVal Epoch 27 step 27 with [31mpx_total : 0.142858 [31mtotal : 0.142858 
2025-11-24 05:13:27,254 - Agent - INFO - [37mVal Epoch 28 step 28 with [31mpx_total : 0.144446 [31mtotal : 0.144446 
2025-11-24 05:14:47,245 - Agent - INFO - [37mVal Epoch 29 step 29 with [31mpx_total : 0.145044 [31mtotal : 0.145044 

Pair                         dist_corr             cka      cosine_sim   cca_mean_corr procrustes_disp
------------------------------------------------------------------------------------------------------
z1_vs_z2                        0.1358         0.1136         0.3664         0.9873         0.8658
z1_vs_~z                        0.2612         0.2590         0.7987         0.9893         0.7937
z2_vs_~z                        0.4818         0.3810         0.3972         0.9909         0.5239
------------------------------------------------------------------------------------------------------
2025-11-24 05:16:26,211 - Agent - INFO - [37mVal Epoch 30 step 30 with [31mpx_total : 0.144785 [31mtotal : 0.144785 
2025-11-24 05:17:47,546 - Agent - INFO - [37mVal Epoch 31 step 31 with [31mpx_total : 0.144923 [31mtotal : 0.144923 
2025-11-24 05:19:07,184 - Agent - INFO - [37mVal Epoch 32 step 32 with [31mpx_total : 0.145675 [31mtotal : 0.145675 
2025-11-24 05:20:26,424 - Agent - INFO - [37mVal Epoch 33 step 33 with [31mpx_total : 0.143771 [31mtotal : 0.143771 
2025-11-24 05:21:45,102 - Agent - INFO - [37mVal Epoch 34 step 34 with [31mpx_total : 0.143546 [31mtotal : 0.143546 
2025-11-24 05:23:04,962 - Agent - INFO - [37mVal Epoch 35 step 35 with [31mpx_total : 0.145131 [31mtotal : 0.145131 
2025-11-24 05:24:24,651 - Agent - INFO - [37mVal Epoch 36 step 36 with [31mpx_total : 0.142246 [31mtotal : 0.142246 
2025-11-24 05:25:44,533 - Agent - INFO - [37mVal Epoch 37 step 37 with [31mpx_total : 0.145489 [31mtotal : 0.145489 
2025-11-24 05:27:03,732 - Agent - INFO - [37mVal Epoch 38 step 38 with [31mpx_total : 0.144905 [31mtotal : 0.144905 
2025-11-24 05:28:24,105 - Agent - INFO - [37mVal Epoch 39 step 39 with [31mpx_total : 0.144029 [31mtotal : 0.144029 

Pair                         dist_corr             cka      cosine_sim   cca_mean_corr procrustes_disp
------------------------------------------------------------------------------------------------------
z1_vs_z2                        0.1358         0.1136         0.3664         0.9873         0.8658
z1_vs_~z                        0.2640         0.2557         0.8013         0.9909         0.7948
z2_vs_~z                        0.4721         0.3766         0.3970         0.9927         0.5247
------------------------------------------------------------------------------------------------------
2025-11-24 05:30:04,025 - Agent - INFO - [37mVal Epoch 40 step 40 with [31mpx_total : 0.143712 [31mtotal : 0.143712 
2025-11-24 05:31:25,517 - Agent - INFO - [37mVal Epoch 41 step 41 with [31mpx_total : 0.143915 [31mtotal : 0.143915 
2025-11-24 05:32:45,443 - Agent - INFO - [37mVal Epoch 42 step 42 with [31mpx_total : 0.143761 [31mtotal : 0.143761 
2025-11-24 05:34:05,676 - Agent - INFO - [37mVal Epoch 43 step 43 with [31mpx_total : 0.148407 [31mtotal : 0.148407 
2025-11-24 05:35:25,982 - Agent - INFO - [37mVal Epoch 44 step 44 with [31mpx_total : 0.145207 [31mtotal : 0.145207 
2025-11-24 05:36:46,202 - Agent - INFO - [37mVal Epoch 45 step 45 with [31mpx_total : 0.145343 [31mtotal : 0.145343 
2025-11-24 05:38:06,793 - Agent - INFO - [37mVal Epoch 46 step 46 with [31mpx_total : 0.145576 [31mtotal : 0.145576 
2025-11-24 05:39:27,462 - Agent - INFO - [37mVal Epoch 47 step 47 with [31mpx_total : 0.148136 [31mtotal : 0.148136 
2025-11-24 05:40:48,160 - Agent - INFO - [37mVal Epoch 48 step 48 with [31mpx_total : 0.144139 [31mtotal : 0.144139 
2025-11-24 05:42:07,244 - Agent - INFO - [37mVal Epoch 49 step 49 with [31mpx_total : 0.145958 [31mtotal : 0.145958 

Pair                         dist_corr             cka      cosine_sim   cca_mean_corr procrustes_disp
------------------------------------------------------------------------------------------------------
z1_vs_z2                        0.1358         0.1136         0.3664         0.9873         0.8658
z1_vs_~z                        0.2634         0.2674         0.7986         0.9877         0.7886
z2_vs_~z                        0.4742         0.3661         0.3967         0.9933         0.5277
------------------------------------------------------------------------------------------------------
2025-11-24 05:43:47,425 - Agent - INFO - [37mVal Epoch 50 step 50 with [31mpx_total : 0.142951 [31mtotal : 0.142951 
2025-11-24 05:45:08,067 - Agent - INFO - [37mVal Epoch 51 step 51 with [31mpx_total : 0.143079 [31mtotal : 0.143079 
2025-11-24 05:46:27,528 - Agent - INFO - [37mVal Epoch 52 step 52 with [31mpx_total : 0.145427 [31mtotal : 0.145427 
2025-11-24 05:47:47,466 - Agent - INFO - [37mVal Epoch 53 step 53 with [31mpx_total : 0.145960 [31mtotal : 0.145960 
2025-11-24 05:49:06,403 - Agent - INFO - [37mVal Epoch 54 step 54 with [31mpx_total : 0.143719 [31mtotal : 0.143719 
2025-11-24 05:50:24,827 - Agent - INFO - [37mVal Epoch 55 step 55 with [31mpx_total : 0.144875 [31mtotal : 0.144875 
2025-11-24 05:51:43,867 - Agent - INFO - [37mVal Epoch 56 step 56 with [31mpx_total : 0.145420 [31mtotal : 0.145420 
2025-11-24 05:53:03,881 - Agent - INFO - [37mVal Epoch 57 step 57 with [31mpx_total : 0.145556 [31mtotal : 0.145556 
2025-11-24 05:54:21,943 - Agent - INFO - [37mVal Epoch 58 step 58 with [31mpx_total : 0.144006 [31mtotal : 0.144006 
2025-11-24 05:55:40,854 - Agent - INFO - [37mVal Epoch 59 step 59 with [31mpx_total : 0.145810 [31mtotal : 0.145810 

Pair                         dist_corr             cka      cosine_sim   cca_mean_corr procrustes_disp
------------------------------------------------------------------------------------------------------
z1_vs_z2                        0.1358         0.1136         0.3664         0.9873         0.8658
z1_vs_~z                        0.2553         0.2587         0.7971         0.9855         0.7917
z2_vs_~z                        0.4566         0.3389         0.3967         0.9935         0.5394
------------------------------------------------------------------------------------------------------
2025-11-24 05:57:18,544 - Agent - INFO - [37mVal Epoch 60 step 60 with [31mpx_total : 0.145155 [31mtotal : 0.145155 
2025-11-24 05:58:37,972 - Agent - INFO - [37mVal Epoch 61 step 61 with [31mpx_total : 0.144866 [31mtotal : 0.144866 
2025-11-24 05:59:58,218 - Agent - INFO - [37mVal Epoch 62 step 62 with [31mpx_total : 0.145131 [31mtotal : 0.145131 
2025-11-24 06:01:18,799 - Agent - INFO - [37mVal Epoch 63 step 63 with [31mpx_total : 0.144999 [31mtotal : 0.144999 
2025-11-24 06:02:38,978 - Agent - INFO - [37mVal Epoch 64 step 64 with [31mpx_total : 0.146190 [31mtotal : 0.146190 
2025-11-24 06:03:58,366 - Agent - INFO - [37mVal Epoch 65 step 65 with [31mpx_total : 0.148087 [31mtotal : 0.148087 
2025-11-24 06:05:17,862 - Agent - INFO - [37mVal Epoch 66 step 66 with [31mpx_total : 0.142989 [31mtotal : 0.142989 
2025-11-24 06:06:36,764 - Agent - INFO - [37mVal Epoch 67 step 67 with [31mpx_total : 0.142741 [31mtotal : 0.142741 
2025-11-24 06:07:56,010 - Agent - INFO - [37mVal Epoch 68 step 68 with [31mpx_total : 0.145170 [31mtotal : 0.145170 
2025-11-24 06:09:16,079 - Agent - INFO - [37mVal Epoch 69 step 69 with [31mpx_total : 0.151371 [31mtotal : 0.151371 

Pair                         dist_corr             cka      cosine_sim   cca_mean_corr procrustes_disp
------------------------------------------------------------------------------------------------------
z1_vs_z2                        0.1358         0.1136         0.3664         0.9873         0.8658
z1_vs_~z                        0.2423         0.2455         0.8038         0.9858         0.8019
z2_vs_~z                        0.4453         0.3212         0.3976         0.9936         0.5433
------------------------------------------------------------------------------------------------------
2025-11-24 06:10:55,477 - Agent - INFO - [37mVal Epoch 70 step 70 with [31mpx_total : 0.142915 [31mtotal : 0.142915 
2025-11-24 06:12:15,133 - Agent - INFO - [37mVal Epoch 71 step 71 with [31mpx_total : 0.143719 [31mtotal : 0.143719 
2025-11-24 06:13:36,000 - Agent - INFO - [37mVal Epoch 72 step 72 with [31mpx_total : 0.146509 [31mtotal : 0.146509 
2025-11-24 06:14:56,220 - Agent - INFO - [37mVal Epoch 73 step 73 with [31mpx_total : 0.150612 [31mtotal : 0.150612 
2025-11-24 06:16:16,976 - Agent - INFO - [37mVal Epoch 74 step 74 with [31mpx_total : 0.145321 [31mtotal : 0.145321 
2025-11-24 06:17:35,768 - Agent - INFO - [37mVal Epoch 75 step 75 with [31mpx_total : 0.152287 [31mtotal : 0.152287 
2025-11-24 06:18:55,529 - Agent - INFO - [37mVal Epoch 76 step 76 with [31mpx_total : 0.146992 [31mtotal : 0.146992 
2025-11-24 06:20:16,077 - Agent - INFO - [37mVal Epoch 77 step 77 with [31mpx_total : 0.145952 [31mtotal : 0.145952 
2025-11-24 06:21:36,563 - Agent - INFO - [37mVal Epoch 78 step 78 with [31mpx_total : 0.148670 [31mtotal : 0.148670 
2025-11-24 06:22:56,230 - Agent - INFO - [37mVal Epoch 79 step 79 with [31mpx_total : 0.147895 [31mtotal : 0.147895 

Pair                         dist_corr             cka      cosine_sim   cca_mean_corr procrustes_disp
------------------------------------------------------------------------------------------------------
z1_vs_z2                        0.1358         0.1136         0.3664         0.9873         0.8658
z1_vs_~z                        0.2485         0.2454         0.7928         0.9830         0.8015
z2_vs_~z                        0.4253         0.2936         0.3946         0.9936         0.5610
------------------------------------------------------------------------------------------------------
2025-11-24 06:24:37,303 - Agent - INFO - [37mVal Epoch 80 step 80 with [31mpx_total : 0.150410 [31mtotal : 0.150410 
2025-11-24 06:25:58,846 - Agent - INFO - [37mVal Epoch 81 step 81 with [31mpx_total : 0.143125 [31mtotal : 0.143125 
2025-11-24 06:27:19,129 - Agent - INFO - [37mVal Epoch 82 step 82 with [31mpx_total : 0.147076 [31mtotal : 0.147076 
2025-11-24 06:28:39,035 - Agent - INFO - [37mVal Epoch 83 step 83 with [31mpx_total : 0.148684 [31mtotal : 0.148684 
2025-11-24 06:29:58,553 - Agent - INFO - [37mVal Epoch 84 step 84 with [31mpx_total : 0.150488 [31mtotal : 0.150488 
2025-11-24 06:31:19,198 - Agent - INFO - [37mVal Epoch 85 step 85 with [31mpx_total : 0.145058 [31mtotal : 0.145058 
2025-11-24 06:32:39,228 - Agent - INFO - [37mVal Epoch 86 step 86 with [31mpx_total : 0.152514 [31mtotal : 0.152514 
2025-11-24 06:34:00,231 - Agent - INFO - [37mVal Epoch 87 step 87 with [31mpx_total : 0.148290 [31mtotal : 0.148290 
2025-11-24 06:35:20,714 - Agent - INFO - [37mVal Epoch 88 step 88 with [31mpx_total : 0.150002 [31mtotal : 0.150002 
2025-11-24 06:36:40,188 - Agent - INFO - [37mVal Epoch 89 step 89 with [31mpx_total : 0.145752 [31mtotal : 0.145752 

Pair                         dist_corr             cka      cosine_sim   cca_mean_corr procrustes_disp
------------------------------------------------------------------------------------------------------
z1_vs_z2                        0.1358         0.1136         0.3664         0.9873         0.8658
z1_vs_~z                        0.2473         0.2499         0.7986         0.9812         0.7975
z2_vs_~z                        0.4271         0.2965         0.3963         0.9936         0.5616
------------------------------------------------------------------------------------------------------
2025-11-24 06:38:18,945 - Agent - INFO - [37mVal Epoch 90 step 90 with [31mpx_total : 0.144634 [31mtotal : 0.144634 
2025-11-24 06:39:39,684 - Agent - INFO - [37mVal Epoch 91 step 91 with [31mpx_total : 0.149930 [31mtotal : 0.149930 
2025-11-24 06:41:00,646 - Agent - INFO - [37mVal Epoch 92 step 92 with [31mpx_total : 0.146898 [31mtotal : 0.146898 
2025-11-24 06:42:21,207 - Agent - INFO - [37mVal Epoch 93 step 93 with [31mpx_total : 0.144665 [31mtotal : 0.144665 
2025-11-24 06:43:40,852 - Agent - INFO - [37mVal Epoch 94 step 94 with [31mpx_total : 0.148373 [31mtotal : 0.148373 
2025-11-24 06:45:00,856 - Agent - INFO - [37mVal Epoch 95 step 95 with [31mpx_total : 0.148389 [31mtotal : 0.148389 
2025-11-24 06:46:20,190 - Agent - INFO - [37mVal Epoch 96 step 96 with [31mpx_total : 0.148143 [31mtotal : 0.148143 
2025-11-24 06:47:39,519 - Agent - INFO - [37mVal Epoch 97 step 97 with [31mpx_total : 0.150355 [31mtotal : 0.150355 
2025-11-24 06:48:59,246 - Agent - INFO - [37mVal Epoch 98 step 98 with [31mpx_total : 0.151395 [31mtotal : 0.151395 
2025-11-24 06:50:18,841 - Agent - INFO - [37mVal Epoch 99 step 99 with [31mpx_total : 0.145845 [31mtotal : 0.145845 

Pair                         dist_corr             cka      cosine_sim   cca_mean_corr procrustes_disp
------------------------------------------------------------------------------------------------------
z1_vs_z2                        0.1358         0.1136         0.3664         0.9873         0.8658
z1_vs_~z                        0.2404         0.2418         0.7967         0.9823         0.7994
z2_vs_~z                        0.4302         0.3028         0.3963         0.9946         0.5568
------------------------------------------------------------------------------------------------------
2025-11-24 06:51:58,066 - Agent - INFO - [37mVal Epoch 100 step 100 with [31mpx_total : 0.147237 [31mtotal : 0.147237 
2025-11-24 06:53:18,241 - Agent - INFO - [37mVal Epoch 101 step 101 with [31mpx_total : 0.150399 [31mtotal : 0.150399 
2025-11-24 06:54:38,676 - Agent - INFO - [37mVal Epoch 102 step 102 with [31mpx_total : 0.148223 [31mtotal : 0.148223 
2025-11-24 06:55:58,078 - Agent - INFO - [37mVal Epoch 103 step 103 with [31mpx_total : 0.148394 [31mtotal : 0.148394 
2025-11-24 06:57:17,277 - Agent - INFO - [37mVal Epoch 104 step 104 with [31mpx_total : 0.150009 [31mtotal : 0.150009 
2025-11-24 06:58:36,358 - Agent - INFO - [37mVal Epoch 105 step 105 with [31mpx_total : 0.148606 [31mtotal : 0.148606 
2025-11-24 06:59:55,868 - Agent - INFO - [37mVal Epoch 106 step 106 with [31mpx_total : 0.148883 [31mtotal : 0.148883 
2025-11-24 07:01:15,570 - Agent - INFO - [37mVal Epoch 107 step 107 with [31mpx_total : 0.149253 [31mtotal : 0.149253 
2025-11-24 07:02:36,266 - Agent - INFO - [37mVal Epoch 108 step 108 with [31mpx_total : 0.149060 [31mtotal : 0.149060 
2025-11-24 07:03:55,106 - Agent - INFO - [37mVal Epoch 109 step 109 with [31mpx_total : 0.147629 [31mtotal : 0.147629 

Pair                         dist_corr             cka      cosine_sim   cca_mean_corr procrustes_disp
------------------------------------------------------------------------------------------------------
z1_vs_z2                        0.1358         0.1136         0.3664         0.9873         0.8658
z1_vs_~z                        0.2448         0.2474         0.7959         0.9837         0.7971
z2_vs_~z                        0.4300         0.2984         0.3964         0.9951         0.5592
------------------------------------------------------------------------------------------------------
2025-11-24 07:05:34,107 - Agent - INFO - [37mVal Epoch 110 step 110 with [31mpx_total : 0.147712 [31mtotal : 0.147712 
2025-11-24 07:06:55,998 - Agent - INFO - [37mVal Epoch 111 step 111 with [31mpx_total : 0.147851 [31mtotal : 0.147851 
2025-11-24 07:08:17,048 - Agent - INFO - [37mVal Epoch 112 step 112 with [31mpx_total : 0.146779 [31mtotal : 0.146779 
2025-11-24 07:09:36,608 - Agent - INFO - [37mVal Epoch 113 step 113 with [31mpx_total : 0.149659 [31mtotal : 0.149659 
2025-11-24 07:10:56,838 - Agent - INFO - [37mVal Epoch 114 step 114 with [31mpx_total : 0.149121 [31mtotal : 0.149121 
2025-11-24 07:12:16,958 - Agent - INFO - [37mVal Epoch 115 step 115 with [31mpx_total : 0.149109 [31mtotal : 0.149109 
2025-11-24 07:13:38,058 - Agent - INFO - [37mVal Epoch 116 step 116 with [31mpx_total : 0.147805 [31mtotal : 0.147805 
2025-11-24 07:14:58,177 - Agent - INFO - [37mVal Epoch 117 step 117 with [31mpx_total : 0.149825 [31mtotal : 0.149825 
2025-11-24 07:16:18,262 - Agent - INFO - [37mVal Epoch 118 step 118 with [31mpx_total : 0.148522 [31mtotal : 0.148522 
2025-11-24 07:17:37,979 - Agent - INFO - [37mVal Epoch 119 step 119 with [31mpx_total : 0.148801 [31mtotal : 0.148801 
2025-11-24 07:17:40,090 - Agent - INFO - We are in the final state.
2025-11-24 07:17:40,166 - root - INFO - Loaded best model from /esat/smcdata/users/kkontras/Image_Dataset/no_backup/data/2025_data/synergy/Synprom_IB_genVAEOSfold0_lib1.0_perturbgen_lr0.0001_wd1e-5_clsmlp.pth.tar
2025-11-24 07:17:54,431 - Agent - INFO - [37mVal Epoch 119 step 0 with [31mpx_total : 0.142782 [31mtotal : 0.142782 

Pair                         dist_corr             cka      cosine_sim   cca_mean_corr procrustes_disp
------------------------------------------------------------------------------------------------------
z1_vs_z2                        0.0052         0.0510         0.3621         0.9842         0.9155
z1_vs_~z                        0.1144         0.1224         0.7888         0.9889         0.9177
z2_vs_~z                        0.5584         0.4998         0.3908         0.9914         0.4789
------------------------------------------------------------------------------------------------------
2025-11-24 07:18:28,300 - Agent - INFO - [37mTest Epoch 119 step 0 with [31mpx_total : 0.200324 [31mtotal : 0.200324 
2025-11-24 07:18:28,793 - Agent - INFO - [37mModel saved successfully at: /esat/smcdata/users/kkontras/Image_Dataset/no_backup/data/2025_data/synergy/Synprom_IB_genVAEOSfold0_lib1.0_perturbgen_lr0.0001_wd1e-5_clsmlp.pth.tar[39m
[1;34mwandb[0m: 
[1;34mwandb[0m: 🚀 View run [33mSynprom_IB_genVAEOSfold0_lib1.0_perturbgen_lr0.0001_wd1e-5_clsmlp[0m at: [34m[0m
[1;34mwandb[0m: Find logs at: [1;35mwandb/run-20251124_043539-x70tff6w/logs[0m
Job finished
