Starting Job
/esat/smcdata/users/kkontras/Image_Dataset/no_backup/git/Synergy/train.py
/esat/smcdata/users/kkontras/Image_Dataset/no_backup/envs/synergy_new/bin/python
Python 3.10.19
/esat/smcdata/users/kkontras/Image_Dataset/no_backup/git/Synergy
We have 1 GPU
/esat/smcdata/users/kkontras/Image_Dataset/no_backup/git/Synergy/train.py
config-./configs/CREMA_D/synergy/nov/synprom_generatorVAEOneSide.json
Executing command: accelerate launch /esat/smcdata/users/kkontras/Image_Dataset/no_backup/git/Synergy/train.py --config ./configs/CREMA_D/synergy/nov/synprom_generatorVAEOneSide.json --default_config ./configs/CREMA_D/default_config_cremad_res_syn.json --fold 0 --lr 0.0001 --wd 1e-5 --perturb gen --start_over  --cls mlp --lib 0.1
Namespace(config='./configs/CREMA_D/synergy/nov/synprom_generatorVAEOneSide.json', default_config='./configs/CREMA_D/default_config_cremad_res_syn.json', fold='0', alpha=None, tanh_mode=None, tanh_mode_beta=None, regby=None, clip=None, batch_size=None, l=None, multil=None, l_diffsq=None, lib='0.1', ratio_us=None, ratio_snr=None, kmepoch=None, num_samples=None, pow=None, nstep=None, contrcoeff=None, kde_coeff=None, etube=None, temperature=None, contr_type=None, shuffle_type=None, validate_with=None, transform_type=None, trasform_before=None, num_classes=None, base_alpha=None, alpha_var=None, base_beta=None, beta_var=None, optim_method=None, ilr_c=None, ilr_g=None, mmcosine_scaling=None, ending_epoch=None, load_ongoing=None, commonlayers=None, recon_weight1=None, recon_weight2=None, recon_epochstages=None, recon_ensemblestages=None, lr='0.0001', wd='1e-5', mm=None, cls='mlp', perturb='gen', pre=False, frozen=False, tdqm_disable=False, start_over=True)
2025-11-24 04:38:36,185 - Config - INFO - ./configs/CREMA_D/synergy/nov/synprom_generatorVAEOneSide.json
2025-11-24 04:38:36,187 - Config - INFO -  THE Configuration of your experiment ..
{'agent': 'Agent',
 'dataset': {'data_roots': '/esat/smcdata/users/kkontras/Image_Dataset/no_backup/CremaD/CREMA-D',
             'data_split': {'fold': 0, 'method': 'non_inclusive'},
             'dataloader_class': 'CramedD_Dataloader',
             'fps': 1,
             'norm': False,
             'norm_face_path': './mydatasets/CREMAD/norm_face_path_fold{}.pkl',
             'norm_wav_path': './mydatasets/CREMAD/wav_norm_16000_fold{}.pkl',
             'num_frame': 3,
             'return_data': {'audio': False,
                             'face': False,
                             'spectrogram': True,
                             'video': True},
             'sampling_rate': 22050},
 'early_stopping': {'end_of_epoch_check': True,
                    'log_interval': 10,
                    'max_epoch': 1500,
                    'n_steps_stop': 100,
                    'n_steps_stop_after': 0,
                    'save_every_step': 3000,
                    'save_every_valstep': 10,
                    'validate_after': 0,
                    'validate_every': 25,
                    'validate_with': 'loss'},
 'exp_name': 'CREMAD Experiment',
 'model': {'args': {'bias_infusion': {'ending_epoch': 1500,
                                      'l': 0.1,
                                      'method': 'false',
                                      'plot': False,
                                      'starting_epoch': 0,
                                      'use': True},
                    'clip_grad': False,
                    'cls_type': 'linear',
                    'd_model': 512,
                    'dropout': 0.1,
                    'fc_inner': 64,
                    'multi_loss': {'multi_supervised_w': {'c': 0,
                                                          'combined': 1,
                                                          'g': 0}},
                    'num_classes': 6,
                    'swap_direction': True},
           'encoders': [{'args': {'d_model': 512,
                                  'dropout': 0.1,
                                  'fc_inner': 64,
                                  'freeze_encoder': True,
                                  'num_classes': 6},
                         'model': 'Audio_ResNet',
                         'pretrainedEncoder': {'dir': 'unimodal_audio_fold{}_lr0.001_wd0.0001.pth.tar',
                                               'use': True}},
                        {'args': {'d_model': 512,
                                  'dropout': 0.1,
                                  'fc_inner': 64,
                                  'freeze_encoder': True,
                                  'num_classes': 6},
                         'model': 'Video_ResNet',
                         'pretrainedEncoder': {'dir': 'unimodal_video_fold{}_lr0.001_wd0.0001.pth.tar',
                                               'use': True}},
                        {'args': {'dim_in': 512,
                                  'dim_out': 512,
                                  'hidden': 512,
                                  'latent_dim': 64},
                         'model': 'SimpleVAEZ2toZ1OneSide',
                         'pretrainedEncoder': {'dir': '', 'use': False},
                         'save_encoder': True}],
           'load_ongoing': False,
           'model_class': 'Model_GeneratorVAEOneSide',
           'save_base_dir': '/esat/smcdata/users/kkontras/Image_Dataset/no_backup/data/2025_data/synergy',
           'save_dir': 'Synprom_IB_genVAEOS{}.pth.tar'},
 'optimizer': {'beta1': 0.9,
               'beta2': 0.999,
               'learning_rate': 1e-05,
               'momentum': 0.9,
               'type': 'Adam',
               'weight_decay': 1e-05},
 'scheduler': {'max_lr': 0.03, 'type': 'cosanneal', 'warm_up_steps': 780},
 'task': 'generative',
 'training_params': {'adversarial_training': {'adv_epsilon': 0.01,
                                              'use': False},
                     'async_loading': True,
                     'batch_size': 128,
                     'cuda': True,
                     'data_loader_workers': 8,
                     'gpu_device': [0],
                     'pin_memory': False,
                     'rec_test': False,
                     'res': True,
                     'seed': 109,
                     'tdqm_disable': False,
                     'test_batch_size': 128,
                     'test_on_bottoms': False,
                     'use_test_set': True,
                     'validation': True,
                     'verbose': True,
                     'wandb_disable': False}}
2025-11-24 04:38:36,190 - Config - INFO -  *************************************** 
2025-11-24 04:38:36,190 - Config - INFO - The experiment name is CREMAD Experiment
2025-11-24 04:38:36,190 - Config - INFO -  *************************************** 
2025-11-24 04:38:36,190 - root - INFO - save_dir: Synprom_IB_genVAEOSfold0_lib0.1_perturbgen_lr0.0001_wd1e-5_clsmlp.pth.tar
2025-11-24 04:38:36,252 - Cuda Statistics - INFO - __Python VERSION:  3.10.19 (main, Oct 21 2025, 16:43:05) [GCC 11.2.0]
2025-11-24 04:38:36,252 - Cuda Statistics - INFO - __pyTorch VERSION:  2.6.0+cu124
2025-11-24 04:38:36,252 - Cuda Statistics - INFO - __CUDA VERSION
2025-11-24 04:38:36,254 - Cuda Statistics - INFO - __CUDNN VERSION:  90100
2025-11-24 04:38:36,292 - Cuda Statistics - INFO - __Number CUDA Devices:  1
2025-11-24 04:38:36,292 - Cuda Statistics - INFO - __Devices
2025-11-24 04:38:36,292 - Cuda Statistics - INFO - index, name, driver_version, memory.total [MiB], memory.used [MiB], memory.free [MiB]
2025-11-24 04:38:36,292 - Cuda Statistics - INFO - 0, NVIDIA GeForce RTX 3090, 580.105.08, 24576 MiB, 4 MiB, 24121 MiB
2025-11-24 04:38:36,297 - Cuda Statistics - INFO - Active CUDA Device: GPU 0
2025-11-24 04:38:36,297 - Cuda Statistics - INFO - Available devices  1
2025-11-24 04:38:36,297 - Cuda Statistics - INFO - Current cuda device  0
This path does not exist /esat/smcdata/users/kkontras/Image_Dataset/no_backup/CremaD/CREMA-D/AudioWAV/1076_MTI_SAD_XX.wav or /esat/smcdata/users/kkontras/Image_Dataset/no_backup/CremaD/CREMA-D/Image-01-FPS/1076_MTI_SAD_XX or /esat/smcdata/users/kkontras/Image_Dataset/no_backup/CremaD/CREMA-D/Face_features/1076_MTI_SAD_XX.npy
2025-11-24 04:38:38,023 - root - INFO - Loaded wav norm from ./mydatasets/CREMAD/wav_norm_16000_fold0.pkl
2025-11-24 04:38:38,026 - root - INFO - Norm values are {'mean': tensor(-2.7937e-05), 'std': tensor(0.0613), 'max_duration': 4.8715625}
2025-11-24 04:38:38,397 - root - INFO - Loaded wav norm from ./mydatasets/CREMAD/wav_norm_16000_fold0.pkl
2025-11-24 04:38:38,398 - root - INFO - Norm values are {'mean': tensor(-2.7937e-05), 'std': tensor(0.0613), 'max_duration': 4.8715625}
2025-11-24 04:38:38,798 - root - INFO - Loaded wav norm from ./mydatasets/CREMAD/wav_norm_16000_fold0.pkl
2025-11-24 04:38:38,799 - root - INFO - Norm values are {'mean': tensor(-2.7937e-05), 'std': tensor(0.0613), 'max_duration': 4.8715625}
Available cores 8
We are changing dataloader workers to num of cores 0
2025-11-24 04:38:38,801 - Agent - INFO - Device: cuda:0
2025-11-24 04:38:38,801 - Agent - INFO - Total training batches: 32, validate every 25 batches, steps per epoch: 2
2025-11-24 04:38:40,517 - Agent - INFO - Loss Weights are {'total': 1, 'combined': 1, 'c': 0, 'g': 0}
2025-11-24 04:38:40,789 - root - INFO - Loading enc best model state dict from /esat/smcdata/users/kkontras/Image_Dataset/no_backup/data/2025_data/synergy/unimodal_audio_fold0_lr0.001_wd0.0001.pth.tar
2025-11-24 04:38:41,116 - root - INFO - Loading enc best model state dict from /esat/smcdata/users/kkontras/Image_Dataset/no_backup/data/2025_data/synergy/unimodal_video_fold0_lr0.001_wd0.0001.pth.tar
2025-11-24 04:38:41,142 - Agent - INFO - Freezing encoder enc_0
2025-11-24 04:38:41,143 - Agent - INFO - Freezing encoder enc_1
2025-11-24 04:38:41,295 - Agent - INFO - Total number of trainable parameters are: 23502476
2025-11-24 04:38:41,301 - Agent - INFO - Total number of trainable parameters are: 1149568
2025-11-24 04:40:02,479 - Agent - INFO - [37mVal Epoch 1 step 1 with [31mpx_total : 0.228639 [31mtotal : 0.228639 
2025-11-24 04:40:02,664 - Agent - INFO - [37mModel saved successfully at: /esat/smcdata/users/kkontras/Image_Dataset/no_backup/data/2025_data/synergy/Synprom_IB_genVAEOSfold0_lib0.1_perturbgen_lr0.0001_wd1e-5_clsmlp.pth.tar[39m
2025-11-24 04:41:21,402 - Agent - INFO - [37mVal Epoch 2 step 2 with [31mpx_total : 0.181136 [31mtotal : 0.181136 
2025-11-24 04:41:21,646 - Agent - INFO - [37mModel saved successfully at: /esat/smcdata/users/kkontras/Image_Dataset/no_backup/data/2025_data/synergy/Synprom_IB_genVAEOSfold0_lib0.1_perturbgen_lr0.0001_wd1e-5_clsmlp.pth.tar[39m
2025-11-24 04:42:40,936 - Agent - INFO - [37mVal Epoch 3 step 3 with [31mpx_total : 0.178853 [31mtotal : 0.178853 
2025-11-24 04:42:41,184 - Agent - INFO - [37mModel saved successfully at: /esat/smcdata/users/kkontras/Image_Dataset/no_backup/data/2025_data/synergy/Synprom_IB_genVAEOSfold0_lib0.1_perturbgen_lr0.0001_wd1e-5_clsmlp.pth.tar[39m
2025-11-24 04:44:00,245 - Agent - INFO - [37mVal Epoch 4 step 4 with [31mpx_total : 0.177547 [31mtotal : 0.177547 
2025-11-24 04:44:00,504 - Agent - INFO - [37mModel saved successfully at: /esat/smcdata/users/kkontras/Image_Dataset/no_backup/data/2025_data/synergy/Synprom_IB_genVAEOSfold0_lib0.1_perturbgen_lr0.0001_wd1e-5_clsmlp.pth.tar[39m
2025-11-24 04:45:20,082 - Agent - INFO - [37mVal Epoch 5 step 5 with [31mpx_total : 0.173109 [31mtotal : 0.173109 
2025-11-24 04:45:20,339 - Agent - INFO - [37mModel saved successfully at: /esat/smcdata/users/kkontras/Image_Dataset/no_backup/data/2025_data/synergy/Synprom_IB_genVAEOSfold0_lib0.1_perturbgen_lr0.0001_wd1e-5_clsmlp.pth.tar[39m
2025-11-24 04:46:39,958 - Agent - INFO - [37mVal Epoch 6 step 6 with [31mpx_total : 0.163179 [31mtotal : 0.163179 
2025-11-24 04:46:40,210 - Agent - INFO - [37mModel saved successfully at: /esat/smcdata/users/kkontras/Image_Dataset/no_backup/data/2025_data/synergy/Synprom_IB_genVAEOSfold0_lib0.1_perturbgen_lr0.0001_wd1e-5_clsmlp.pth.tar[39m
2025-11-24 04:48:00,075 - Agent - INFO - [37mVal Epoch 7 step 7 with [31mpx_total : 0.160317 [31mtotal : 0.160317 
2025-11-24 04:48:00,359 - Agent - INFO - [37mModel saved successfully at: /esat/smcdata/users/kkontras/Image_Dataset/no_backup/data/2025_data/synergy/Synprom_IB_genVAEOSfold0_lib0.1_perturbgen_lr0.0001_wd1e-5_clsmlp.pth.tar[39m
2025-11-24 04:49:19,644 - Agent - INFO - [37mVal Epoch 8 step 8 with [31mpx_total : 0.160037 [31mtotal : 0.160037 
2025-11-24 04:49:19,895 - Agent - INFO - [37mModel saved successfully at: /esat/smcdata/users/kkontras/Image_Dataset/no_backup/data/2025_data/synergy/Synprom_IB_genVAEOSfold0_lib0.1_perturbgen_lr0.0001_wd1e-5_clsmlp.pth.tar[39m
2025-11-24 04:50:39,399 - Agent - INFO - [37mVal Epoch 9 step 9 with [31mpx_total : 0.155254 [31mtotal : 0.155254 
2025-11-24 04:50:39,647 - Agent - INFO - [37mModel saved successfully at: /esat/smcdata/users/kkontras/Image_Dataset/no_backup/data/2025_data/synergy/Synprom_IB_genVAEOSfold0_lib0.1_perturbgen_lr0.0001_wd1e-5_clsmlp.pth.tar[39m

Pair                         dist_corr             cka      cosine_sim   cca_mean_corr procrustes_disp
------------------------------------------------------------------------------------------------------
z1_vs_z2                        0.1358         0.1136         0.3664         0.9873         0.8658
z1_vs_~z                        0.2466         0.2228         0.8178         0.9925         0.8464
z2_vs_~z                        0.4013         0.3549         0.4078         0.9857         0.7188
------------------------------------------------------------------------------------------------------
2025-11-24 04:52:19,218 - Agent - INFO - [37mVal Epoch 10 step 10 with [31mpx_total : 0.154575 [31mtotal : 0.154575 
2025-11-24 04:52:19,492 - Agent - INFO - [37mModel saved successfully at: /esat/smcdata/users/kkontras/Image_Dataset/no_backup/data/2025_data/synergy/Synprom_IB_genVAEOSfold0_lib0.1_perturbgen_lr0.0001_wd1e-5_clsmlp.pth.tar[39m
2025-11-24 04:53:38,968 - Agent - INFO - [37mVal Epoch 11 step 11 with [31mpx_total : 0.155243 [31mtotal : 0.155243 
2025-11-24 04:54:58,143 - Agent - INFO - [37mVal Epoch 12 step 12 with [31mpx_total : 0.152500 [31mtotal : 0.152500 
2025-11-24 04:54:58,391 - Agent - INFO - [37mModel saved successfully at: /esat/smcdata/users/kkontras/Image_Dataset/no_backup/data/2025_data/synergy/Synprom_IB_genVAEOSfold0_lib0.1_perturbgen_lr0.0001_wd1e-5_clsmlp.pth.tar[39m
2025-11-24 04:56:18,634 - Agent - INFO - [37mVal Epoch 13 step 13 with [31mpx_total : 0.151995 [31mtotal : 0.151995 
2025-11-24 04:56:18,884 - Agent - INFO - [37mModel saved successfully at: /esat/smcdata/users/kkontras/Image_Dataset/no_backup/data/2025_data/synergy/Synprom_IB_genVAEOSfold0_lib0.1_perturbgen_lr0.0001_wd1e-5_clsmlp.pth.tar[39m
2025-11-24 04:57:38,876 - Agent - INFO - [37mVal Epoch 14 step 14 with [31mpx_total : 0.149976 [31mtotal : 0.149976 
2025-11-24 04:57:39,130 - Agent - INFO - [37mModel saved successfully at: /esat/smcdata/users/kkontras/Image_Dataset/no_backup/data/2025_data/synergy/Synprom_IB_genVAEOSfold0_lib0.1_perturbgen_lr0.0001_wd1e-5_clsmlp.pth.tar[39m
2025-11-24 04:58:58,182 - Agent - INFO - [37mVal Epoch 15 step 15 with [31mpx_total : 0.152425 [31mtotal : 0.152425 
2025-11-24 05:00:18,504 - Agent - INFO - [37mVal Epoch 16 step 16 with [31mpx_total : 0.149753 [31mtotal : 0.149753 
2025-11-24 05:00:18,754 - Agent - INFO - [37mModel saved successfully at: /esat/smcdata/users/kkontras/Image_Dataset/no_backup/data/2025_data/synergy/Synprom_IB_genVAEOSfold0_lib0.1_perturbgen_lr0.0001_wd1e-5_clsmlp.pth.tar[39m
2025-11-24 05:01:38,719 - Agent - INFO - [37mVal Epoch 17 step 17 with [31mpx_total : 0.144593 [31mtotal : 0.144593 
2025-11-24 05:01:38,983 - Agent - INFO - [37mModel saved successfully at: /esat/smcdata/users/kkontras/Image_Dataset/no_backup/data/2025_data/synergy/Synprom_IB_genVAEOSfold0_lib0.1_perturbgen_lr0.0001_wd1e-5_clsmlp.pth.tar[39m
2025-11-24 05:02:59,595 - Agent - INFO - [37mVal Epoch 18 step 18 with [31mpx_total : 0.149884 [31mtotal : 0.149884 
2025-11-24 05:04:19,778 - Agent - INFO - [37mVal Epoch 19 step 19 with [31mpx_total : 0.145624 [31mtotal : 0.145624 

Pair                         dist_corr             cka      cosine_sim   cca_mean_corr procrustes_disp
------------------------------------------------------------------------------------------------------
z1_vs_z2                        0.1358         0.1136         0.3664         0.9873         0.8658
z1_vs_~z                        0.2555         0.2594         0.8033         0.9914         0.7901
z2_vs_~z                        0.5003         0.4129         0.3995         0.9912         0.5136
------------------------------------------------------------------------------------------------------
2025-11-24 05:05:58,816 - Agent - INFO - [37mVal Epoch 20 step 20 with [31mpx_total : 0.141714 [31mtotal : 0.141714 
2025-11-24 05:05:59,107 - Agent - INFO - [37mModel saved successfully at: /esat/smcdata/users/kkontras/Image_Dataset/no_backup/data/2025_data/synergy/Synprom_IB_genVAEOSfold0_lib0.1_perturbgen_lr0.0001_wd1e-5_clsmlp.pth.tar[39m
2025-11-24 05:07:18,792 - Agent - INFO - [37mVal Epoch 21 step 21 with [31mpx_total : 0.144430 [31mtotal : 0.144430 
2025-11-24 05:08:39,374 - Agent - INFO - [37mVal Epoch 22 step 22 with [31mpx_total : 0.145487 [31mtotal : 0.145487 
2025-11-24 05:09:59,224 - Agent - INFO - [37mVal Epoch 23 step 23 with [31mpx_total : 0.143619 [31mtotal : 0.143619 
2025-11-24 05:11:19,741 - Agent - INFO - [37mVal Epoch 24 step 24 with [31mpx_total : 0.144208 [31mtotal : 0.144208 
2025-11-24 05:12:40,363 - Agent - INFO - [37mVal Epoch 25 step 25 with [31mpx_total : 0.144089 [31mtotal : 0.144089 
2025-11-24 05:14:00,566 - Agent - INFO - [37mVal Epoch 26 step 26 with [31mpx_total : 0.143286 [31mtotal : 0.143286 
2025-11-24 05:15:20,562 - Agent - INFO - [37mVal Epoch 27 step 27 with [31mpx_total : 0.142858 [31mtotal : 0.142858 
2025-11-24 05:16:40,101 - Agent - INFO - [37mVal Epoch 28 step 28 with [31mpx_total : 0.144446 [31mtotal : 0.144446 
2025-11-24 05:18:00,921 - Agent - INFO - [37mVal Epoch 29 step 29 with [31mpx_total : 0.145044 [31mtotal : 0.145044 

Pair                         dist_corr             cka      cosine_sim   cca_mean_corr procrustes_disp
------------------------------------------------------------------------------------------------------
z1_vs_z2                        0.1358         0.1136         0.3664         0.9873         0.8658
z1_vs_~z                        0.2612         0.2590         0.7987         0.9893         0.7937
z2_vs_~z                        0.4818         0.3810         0.3972         0.9909         0.5239
------------------------------------------------------------------------------------------------------
2025-11-24 05:19:39,833 - Agent - INFO - [37mVal Epoch 30 step 30 with [31mpx_total : 0.144785 [31mtotal : 0.144785 
2025-11-24 05:20:59,524 - Agent - INFO - [37mVal Epoch 31 step 31 with [31mpx_total : 0.144923 [31mtotal : 0.144923 
2025-11-24 05:22:19,755 - Agent - INFO - [37mVal Epoch 32 step 32 with [31mpx_total : 0.145675 [31mtotal : 0.145675 
2025-11-24 05:23:39,326 - Agent - INFO - [37mVal Epoch 33 step 33 with [31mpx_total : 0.143771 [31mtotal : 0.143771 
2025-11-24 05:24:58,767 - Agent - INFO - [37mVal Epoch 34 step 34 with [31mpx_total : 0.143546 [31mtotal : 0.143546 
2025-11-24 05:26:18,844 - Agent - INFO - [37mVal Epoch 35 step 35 with [31mpx_total : 0.145131 [31mtotal : 0.145131 
2025-11-24 05:27:37,420 - Agent - INFO - [37mVal Epoch 36 step 36 with [31mpx_total : 0.142246 [31mtotal : 0.142246 
2025-11-24 05:28:56,596 - Agent - INFO - [37mVal Epoch 37 step 37 with [31mpx_total : 0.145489 [31mtotal : 0.145489 
2025-11-24 05:30:16,826 - Agent - INFO - [37mVal Epoch 38 step 38 with [31mpx_total : 0.144905 [31mtotal : 0.144905 
2025-11-24 05:31:36,086 - Agent - INFO - [37mVal Epoch 39 step 39 with [31mpx_total : 0.144029 [31mtotal : 0.144029 

Pair                         dist_corr             cka      cosine_sim   cca_mean_corr procrustes_disp
------------------------------------------------------------------------------------------------------
z1_vs_z2                        0.1358         0.1136         0.3664         0.9873         0.8658
z1_vs_~z                        0.2640         0.2557         0.8013         0.9909         0.7948
z2_vs_~z                        0.4721         0.3766         0.3970         0.9927         0.5247
------------------------------------------------------------------------------------------------------
2025-11-24 05:33:14,589 - Agent - INFO - [37mVal Epoch 40 step 40 with [31mpx_total : 0.143712 [31mtotal : 0.143712 
2025-11-24 05:34:35,734 - Agent - INFO - [37mVal Epoch 41 step 41 with [31mpx_total : 0.143915 [31mtotal : 0.143915 
2025-11-24 05:35:56,639 - Agent - INFO - [37mVal Epoch 42 step 42 with [31mpx_total : 0.143761 [31mtotal : 0.143761 
2025-11-24 05:37:17,734 - Agent - INFO - [37mVal Epoch 43 step 43 with [31mpx_total : 0.148407 [31mtotal : 0.148407 
2025-11-24 05:38:38,108 - Agent - INFO - [37mVal Epoch 44 step 44 with [31mpx_total : 0.145207 [31mtotal : 0.145207 
2025-11-24 05:39:58,192 - Agent - INFO - [37mVal Epoch 45 step 45 with [31mpx_total : 0.145343 [31mtotal : 0.145343 
2025-11-24 05:41:18,478 - Agent - INFO - [37mVal Epoch 46 step 46 with [31mpx_total : 0.145576 [31mtotal : 0.145576 
2025-11-24 05:42:38,857 - Agent - INFO - [37mVal Epoch 47 step 47 with [31mpx_total : 0.148136 [31mtotal : 0.148136 
2025-11-24 05:43:59,412 - Agent - INFO - [37mVal Epoch 48 step 48 with [31mpx_total : 0.144139 [31mtotal : 0.144139 
2025-11-24 05:45:18,966 - Agent - INFO - [37mVal Epoch 49 step 49 with [31mpx_total : 0.145958 [31mtotal : 0.145958 

Pair                         dist_corr             cka      cosine_sim   cca_mean_corr procrustes_disp
------------------------------------------------------------------------------------------------------
z1_vs_z2                        0.1358         0.1136         0.3664         0.9873         0.8658
z1_vs_~z                        0.2634         0.2674         0.7986         0.9877         0.7886
z2_vs_~z                        0.4742         0.3661         0.3967         0.9933         0.5277
------------------------------------------------------------------------------------------------------
2025-11-24 05:46:57,550 - Agent - INFO - [37mVal Epoch 50 step 50 with [31mpx_total : 0.142951 [31mtotal : 0.142951 
2025-11-24 05:48:18,484 - Agent - INFO - [37mVal Epoch 51 step 51 with [31mpx_total : 0.143079 [31mtotal : 0.143079 
2025-11-24 05:49:37,192 - Agent - INFO - [37mVal Epoch 52 step 52 with [31mpx_total : 0.145427 [31mtotal : 0.145427 
2025-11-24 05:50:56,829 - Agent - INFO - [37mVal Epoch 53 step 53 with [31mpx_total : 0.145960 [31mtotal : 0.145960 
2025-11-24 05:52:15,048 - Agent - INFO - [37mVal Epoch 54 step 54 with [31mpx_total : 0.143719 [31mtotal : 0.143719 
2025-11-24 05:53:33,841 - Agent - INFO - [37mVal Epoch 55 step 55 with [31mpx_total : 0.144875 [31mtotal : 0.144875 
2025-11-24 05:54:54,358 - Agent - INFO - [37mVal Epoch 56 step 56 with [31mpx_total : 0.145420 [31mtotal : 0.145420 
2025-11-24 05:56:13,229 - Agent - INFO - [37mVal Epoch 57 step 57 with [31mpx_total : 0.145556 [31mtotal : 0.145556 
2025-11-24 05:57:33,864 - Agent - INFO - [37mVal Epoch 58 step 58 with [31mpx_total : 0.144006 [31mtotal : 0.144006 
2025-11-24 05:58:53,523 - Agent - INFO - [37mVal Epoch 59 step 59 with [31mpx_total : 0.145810 [31mtotal : 0.145810 

Pair                         dist_corr             cka      cosine_sim   cca_mean_corr procrustes_disp
------------------------------------------------------------------------------------------------------
z1_vs_z2                        0.1358         0.1136         0.3664         0.9873         0.8658
z1_vs_~z                        0.2553         0.2587         0.7971         0.9855         0.7917
z2_vs_~z                        0.4566         0.3389         0.3967         0.9935         0.5394
------------------------------------------------------------------------------------------------------
2025-11-24 06:00:33,561 - Agent - INFO - [37mVal Epoch 60 step 60 with [31mpx_total : 0.145155 [31mtotal : 0.145155 
2025-11-24 06:01:54,375 - Agent - INFO - [37mVal Epoch 61 step 61 with [31mpx_total : 0.144866 [31mtotal : 0.144866 
2025-11-24 06:03:14,274 - Agent - INFO - [37mVal Epoch 62 step 62 with [31mpx_total : 0.145131 [31mtotal : 0.145131 
2025-11-24 06:04:33,287 - Agent - INFO - [37mVal Epoch 63 step 63 with [31mpx_total : 0.144999 [31mtotal : 0.144999 
2025-11-24 06:05:52,642 - Agent - INFO - [37mVal Epoch 64 step 64 with [31mpx_total : 0.146190 [31mtotal : 0.146190 
2025-11-24 06:07:12,641 - Agent - INFO - [37mVal Epoch 65 step 65 with [31mpx_total : 0.148087 [31mtotal : 0.148087 
2025-11-24 06:08:32,883 - Agent - INFO - [37mVal Epoch 66 step 66 with [31mpx_total : 0.142989 [31mtotal : 0.142989 
2025-11-24 06:09:52,140 - Agent - INFO - [37mVal Epoch 67 step 67 with [31mpx_total : 0.142741 [31mtotal : 0.142741 
2025-11-24 06:11:12,121 - Agent - INFO - [37mVal Epoch 68 step 68 with [31mpx_total : 0.145170 [31mtotal : 0.145170 
2025-11-24 06:12:30,617 - Agent - INFO - [37mVal Epoch 69 step 69 with [31mpx_total : 0.151371 [31mtotal : 0.151371 

Pair                         dist_corr             cka      cosine_sim   cca_mean_corr procrustes_disp
------------------------------------------------------------------------------------------------------
z1_vs_z2                        0.1358         0.1136         0.3664         0.9873         0.8658
z1_vs_~z                        0.2423         0.2455         0.8038         0.9858         0.8019
z2_vs_~z                        0.4453         0.3212         0.3976         0.9936         0.5433
------------------------------------------------------------------------------------------------------
2025-11-24 06:14:09,172 - Agent - INFO - [37mVal Epoch 70 step 70 with [31mpx_total : 0.142915 [31mtotal : 0.142915 
2025-11-24 06:15:29,137 - Agent - INFO - [37mVal Epoch 71 step 71 with [31mpx_total : 0.143719 [31mtotal : 0.143719 
2025-11-24 06:16:48,507 - Agent - INFO - [37mVal Epoch 72 step 72 with [31mpx_total : 0.146509 [31mtotal : 0.146509 
2025-11-24 06:18:08,928 - Agent - INFO - [37mVal Epoch 73 step 73 with [31mpx_total : 0.150612 [31mtotal : 0.150612 
2025-11-24 06:19:28,660 - Agent - INFO - [37mVal Epoch 74 step 74 with [31mpx_total : 0.145321 [31mtotal : 0.145321 
2025-11-24 06:20:48,327 - Agent - INFO - [37mVal Epoch 75 step 75 with [31mpx_total : 0.152287 [31mtotal : 0.152287 
2025-11-24 06:22:07,608 - Agent - INFO - [37mVal Epoch 76 step 76 with [31mpx_total : 0.146992 [31mtotal : 0.146992 
2025-11-24 06:23:27,175 - Agent - INFO - [37mVal Epoch 77 step 77 with [31mpx_total : 0.145952 [31mtotal : 0.145952 
2025-11-24 06:24:47,319 - Agent - INFO - [37mVal Epoch 78 step 78 with [31mpx_total : 0.148670 [31mtotal : 0.148670 
2025-11-24 06:26:06,195 - Agent - INFO - [37mVal Epoch 79 step 79 with [31mpx_total : 0.147895 [31mtotal : 0.147895 

Pair                         dist_corr             cka      cosine_sim   cca_mean_corr procrustes_disp
------------------------------------------------------------------------------------------------------
z1_vs_z2                        0.1358         0.1136         0.3664         0.9873         0.8658
z1_vs_~z                        0.2485         0.2454         0.7928         0.9830         0.8015
z2_vs_~z                        0.4253         0.2936         0.3946         0.9936         0.5610
------------------------------------------------------------------------------------------------------
2025-11-24 06:27:45,912 - Agent - INFO - [37mVal Epoch 80 step 80 with [31mpx_total : 0.150410 [31mtotal : 0.150410 
2025-11-24 06:29:06,829 - Agent - INFO - [37mVal Epoch 81 step 81 with [31mpx_total : 0.143125 [31mtotal : 0.143125 
2025-11-24 06:30:25,933 - Agent - INFO - [37mVal Epoch 82 step 82 with [31mpx_total : 0.147076 [31mtotal : 0.147076 
2025-11-24 06:31:45,910 - Agent - INFO - [37mVal Epoch 83 step 83 with [31mpx_total : 0.148684 [31mtotal : 0.148684 
2025-11-24 06:33:04,425 - Agent - INFO - [37mVal Epoch 84 step 84 with [31mpx_total : 0.150488 [31mtotal : 0.150488 
2025-11-24 06:34:23,492 - Agent - INFO - [37mVal Epoch 85 step 85 with [31mpx_total : 0.145058 [31mtotal : 0.145058 
2025-11-24 06:35:42,651 - Agent - INFO - [37mVal Epoch 86 step 86 with [31mpx_total : 0.152514 [31mtotal : 0.152514 
2025-11-24 06:37:01,156 - Agent - INFO - [37mVal Epoch 87 step 87 with [31mpx_total : 0.148290 [31mtotal : 0.148290 
2025-11-24 06:38:21,634 - Agent - INFO - [37mVal Epoch 88 step 88 with [31mpx_total : 0.150002 [31mtotal : 0.150002 
2025-11-24 06:39:42,434 - Agent - INFO - [37mVal Epoch 89 step 89 with [31mpx_total : 0.145752 [31mtotal : 0.145752 

Pair                         dist_corr             cka      cosine_sim   cca_mean_corr procrustes_disp
------------------------------------------------------------------------------------------------------
z1_vs_z2                        0.1358         0.1136         0.3664         0.9873         0.8658
z1_vs_~z                        0.2473         0.2499         0.7986         0.9812         0.7975
z2_vs_~z                        0.4271         0.2965         0.3963         0.9936         0.5616
------------------------------------------------------------------------------------------------------
2025-11-24 06:41:21,997 - Agent - INFO - [37mVal Epoch 90 step 90 with [31mpx_total : 0.144634 [31mtotal : 0.144634 
2025-11-24 06:42:40,597 - Agent - INFO - [37mVal Epoch 91 step 91 with [31mpx_total : 0.149930 [31mtotal : 0.149930 
2025-11-24 06:43:58,936 - Agent - INFO - [37mVal Epoch 92 step 92 with [31mpx_total : 0.146898 [31mtotal : 0.146898 
2025-11-24 06:45:19,887 - Agent - INFO - [37mVal Epoch 93 step 93 with [31mpx_total : 0.144665 [31mtotal : 0.144665 
2025-11-24 06:46:40,553 - Agent - INFO - [37mVal Epoch 94 step 94 with [31mpx_total : 0.148373 [31mtotal : 0.148373 
2025-11-24 06:48:00,857 - Agent - INFO - [37mVal Epoch 95 step 95 with [31mpx_total : 0.148389 [31mtotal : 0.148389 
2025-11-24 06:49:21,440 - Agent - INFO - [37mVal Epoch 96 step 96 with [31mpx_total : 0.148143 [31mtotal : 0.148143 
2025-11-24 06:50:41,035 - Agent - INFO - [37mVal Epoch 97 step 97 with [31mpx_total : 0.150355 [31mtotal : 0.150355 
2025-11-24 06:52:01,221 - Agent - INFO - [37mVal Epoch 98 step 98 with [31mpx_total : 0.151395 [31mtotal : 0.151395 
2025-11-24 06:53:20,163 - Agent - INFO - [37mVal Epoch 99 step 99 with [31mpx_total : 0.145845 [31mtotal : 0.145845 

Pair                         dist_corr             cka      cosine_sim   cca_mean_corr procrustes_disp
------------------------------------------------------------------------------------------------------
z1_vs_z2                        0.1358         0.1136         0.3664         0.9873         0.8658
z1_vs_~z                        0.2404         0.2418         0.7967         0.9823         0.7994
z2_vs_~z                        0.4302         0.3028         0.3963         0.9946         0.5568
------------------------------------------------------------------------------------------------------
2025-11-24 06:54:59,323 - Agent - INFO - [37mVal Epoch 100 step 100 with [31mpx_total : 0.147237 [31mtotal : 0.147237 
2025-11-24 06:56:20,261 - Agent - INFO - [37mVal Epoch 101 step 101 with [31mpx_total : 0.150399 [31mtotal : 0.150399 
2025-11-24 06:57:39,292 - Agent - INFO - [37mVal Epoch 102 step 102 with [31mpx_total : 0.148223 [31mtotal : 0.148223 
2025-11-24 06:58:58,957 - Agent - INFO - [37mVal Epoch 103 step 103 with [31mpx_total : 0.148394 [31mtotal : 0.148394 
2025-11-24 07:00:18,380 - Agent - INFO - [37mVal Epoch 104 step 104 with [31mpx_total : 0.150009 [31mtotal : 0.150009 
2025-11-24 07:01:38,870 - Agent - INFO - [37mVal Epoch 105 step 105 with [31mpx_total : 0.148606 [31mtotal : 0.148606 
2025-11-24 07:02:58,052 - Agent - INFO - [37mVal Epoch 106 step 106 with [31mpx_total : 0.148883 [31mtotal : 0.148883 
2025-11-24 07:04:17,201 - Agent - INFO - [37mVal Epoch 107 step 107 with [31mpx_total : 0.149253 [31mtotal : 0.149253 
2025-11-24 07:05:37,301 - Agent - INFO - [37mVal Epoch 108 step 108 with [31mpx_total : 0.149060 [31mtotal : 0.149060 
2025-11-24 07:06:56,806 - Agent - INFO - [37mVal Epoch 109 step 109 with [31mpx_total : 0.147629 [31mtotal : 0.147629 

Pair                         dist_corr             cka      cosine_sim   cca_mean_corr procrustes_disp
------------------------------------------------------------------------------------------------------
z1_vs_z2                        0.1358         0.1136         0.3664         0.9873         0.8658
z1_vs_~z                        0.2448         0.2474         0.7959         0.9837         0.7971
z2_vs_~z                        0.4300         0.2984         0.3964         0.9951         0.5592
------------------------------------------------------------------------------------------------------
2025-11-24 07:08:35,422 - Agent - INFO - [37mVal Epoch 110 step 110 with [31mpx_total : 0.147712 [31mtotal : 0.147712 
2025-11-24 07:09:56,390 - Agent - INFO - [37mVal Epoch 111 step 111 with [31mpx_total : 0.147851 [31mtotal : 0.147851 
2025-11-24 07:11:16,681 - Agent - INFO - [37mVal Epoch 112 step 112 with [31mpx_total : 0.146779 [31mtotal : 0.146779 
2025-11-24 07:12:36,193 - Agent - INFO - [37mVal Epoch 113 step 113 with [31mpx_total : 0.149659 [31mtotal : 0.149659 
2025-11-24 07:13:55,650 - Agent - INFO - [37mVal Epoch 114 step 114 with [31mpx_total : 0.149121 [31mtotal : 0.149121 
2025-11-24 07:15:15,868 - Agent - INFO - [37mVal Epoch 115 step 115 with [31mpx_total : 0.149109 [31mtotal : 0.149109 
2025-11-24 07:16:35,279 - Agent - INFO - [37mVal Epoch 116 step 116 with [31mpx_total : 0.147805 [31mtotal : 0.147805 
2025-11-24 07:17:56,012 - Agent - INFO - [37mVal Epoch 117 step 117 with [31mpx_total : 0.149825 [31mtotal : 0.149825 
2025-11-24 07:19:16,248 - Agent - INFO - [37mVal Epoch 118 step 118 with [31mpx_total : 0.148522 [31mtotal : 0.148522 
2025-11-24 07:20:36,570 - Agent - INFO - [37mVal Epoch 119 step 119 with [31mpx_total : 0.148801 [31mtotal : 0.148801 
2025-11-24 07:20:38,719 - Agent - INFO - We are in the final state.
2025-11-24 07:20:38,818 - root - INFO - Loaded best model from /esat/smcdata/users/kkontras/Image_Dataset/no_backup/data/2025_data/synergy/Synprom_IB_genVAEOSfold0_lib0.1_perturbgen_lr0.0001_wd1e-5_clsmlp.pth.tar
2025-11-24 07:20:52,612 - Agent - INFO - [37mVal Epoch 119 step 0 with [31mpx_total : 0.142782 [31mtotal : 0.142782 

Pair                         dist_corr             cka      cosine_sim   cca_mean_corr procrustes_disp
------------------------------------------------------------------------------------------------------
z1_vs_z2                        0.0052         0.0510         0.3621         0.9842         0.9155
z1_vs_~z                        0.1144         0.1224         0.7888         0.9889         0.9177
z2_vs_~z                        0.5584         0.4998         0.3908         0.9914         0.4789
------------------------------------------------------------------------------------------------------
2025-11-24 07:21:26,282 - Agent - INFO - [37mTest Epoch 119 step 0 with [31mpx_total : 0.200324 [31mtotal : 0.200324 
2025-11-24 07:21:26,747 - Agent - INFO - [37mModel saved successfully at: /esat/smcdata/users/kkontras/Image_Dataset/no_backup/data/2025_data/synergy/Synprom_IB_genVAEOSfold0_lib0.1_perturbgen_lr0.0001_wd1e-5_clsmlp.pth.tar[39m
[1;34mwandb[0m: 
[1;34mwandb[0m: 🚀 View run [33mSynprom_IB_genVAEOSfold0_lib0.1_perturbgen_lr0.0001_wd1e-5_clsmlp[0m at: [34m[0m
[1;34mwandb[0m: Find logs at: [1;35mwandb/run-20251124_043839-yq5db5eg/logs[0m
Job finished
