000 (007.022.000) 2025-11-23 17:36:53 Job submitted from host: <10.87.28.3:9618?addrs=10.87.28.3-9618&alias=deanston.esat.kuleuven.be&noUDP&sock=schedd_1644_39c9>
...
001 (007.022.000) 2025-11-24 04:38:18 Job executing on host: <10.87.24.140:9618?addrs=10.87.24.140-9618&alias=hawberry.esat.kuleuven.be&noUDP&sock=startd_2130_94d0>
	SlotName: slot1_1@hawberry.esat.kuleuven.be
	AvailableGPUs = { GPUs_GPU_6bf32b01 }
	CondorScratchDir = "/usr/data/condor/execute/dir_756378/scratch"
	Cpus = 8
	Disk = 1048576
	GPUs = 1
	GPUs_GPU_6bf32b01 = [ Id = "GPU-6bf32b01"; ClockMhz = 1695.0; Capability = 8.6; CoresPerCU = 128; DeviceName = "NVIDIA GeForce RTX 3090"; DeviceUuid = "6bf32b01-56ae-80bd-52e0-98456c572cb9"; ECCEnabled = false; ComputeUnits = 82; NvidiaDriver = "580.105.08"; DriverVersion = 13.0; DevicePciBusId = "0000:09:00.0"; GlobalMemoryMb = 24124; MaxSupportedVersion = 13000 ]
	Memory = 71680
...
006 (007.022.000) 2025-11-24 04:38:27 Image size of job updated: 528320
	516  -  MemoryUsage of job (MB)
	528320  -  ResidentSetSize of job (KB)
...
006 (007.022.000) 2025-11-24 04:43:28 Image size of job updated: 3500040
	2989  -  MemoryUsage of job (MB)
	3060572  -  ResidentSetSize of job (KB)
...
006 (007.022.000) 2025-11-24 04:48:29 Image size of job updated: 3565180
	2989  -  MemoryUsage of job (MB)
	3060572  -  ResidentSetSize of job (KB)
...
006 (007.022.000) 2025-11-24 04:53:29 Image size of job updated: 3565180
	3296  -  MemoryUsage of job (MB)
	3374572  -  ResidentSetSize of job (KB)
...
006 (007.022.000) 2025-11-24 05:08:30 Image size of job updated: 3565180
	3449  -  MemoryUsage of job (MB)
	3531432  -  ResidentSetSize of job (KB)
...
006 (007.022.000) 2025-11-24 05:28:32 Image size of job updated: 3572332
	3449  -  MemoryUsage of job (MB)
	3531432  -  ResidentSetSize of job (KB)
...
006 (007.022.000) 2025-11-24 05:38:33 Image size of job updated: 3574280
	3486  -  MemoryUsage of job (MB)
	3568656  -  ResidentSetSize of job (KB)
...
006 (007.022.000) 2025-11-24 05:43:33 Image size of job updated: 3594652
	3486  -  MemoryUsage of job (MB)
	3568656  -  ResidentSetSize of job (KB)
...
006 (007.022.000) 2025-11-24 05:53:35 Image size of job updated: 3660180
	3486  -  MemoryUsage of job (MB)
	3568656  -  ResidentSetSize of job (KB)
...
006 (007.022.000) 2025-11-24 06:23:38 Image size of job updated: 3675748
	3486  -  MemoryUsage of job (MB)
	3568656  -  ResidentSetSize of job (KB)
...
005 (007.022.000) 2025-11-24 07:21:30 Job terminated.
	(1) Normal termination (return value 0)
		Usr 0 08:28:11, Sys 0 00:42:24  -  Run Remote Usage
		Usr 0 00:00:00, Sys 0 00:00:00  -  Run Local Usage
		Usr 0 08:28:11, Sys 0 00:42:24  -  Total Remote Usage
		Usr 0 00:00:00, Sys 0 00:00:00  -  Total Local Usage
	0  -  Run Bytes Sent By Job
	0  -  Run Bytes Received By Job
	0  -  Total Bytes Sent By Job
	0  -  Total Bytes Received By Job
	Partitionable Resources :    Usage  Request Allocated Assigned
	   Cpus                 :     3.38        8         8 
	   Disk (KB)            :     2     1048576   1048576 
	   GPUs                 :     0.18        1         1 "GPU-6bf32b01"
	   GpusMemory (MB)      :  4267                       
	   Memory (MB)          :  3486       71680     71680 
	   TimeExecute (s)      :  9792                       
	   TimeSlotBusy (s)     :  9792                       
...
