Starting Job
/esat/smcdata/users/kkontras/Image_Dataset/no_backup/git/Synergy/train.py
/esat/smcdata/users/kkontras/Image_Dataset/no_backup/envs/synergy_new/bin/python
Python 3.10.19
/esat/smcdata/users/kkontras/Image_Dataset/no_backup/git/Synergy
We have 1 GPU
/esat/smcdata/users/kkontras/Image_Dataset/no_backup/git/Synergy/train.py
config-./configs/CREMA_D/synergy/nov/synprom_generatorVAEOneSide.json
Executing command: accelerate launch /esat/smcdata/users/kkontras/Image_Dataset/no_backup/git/Synergy/train.py --config ./configs/CREMA_D/synergy/nov/synprom_generatorVAEOneSide.json --default_config ./configs/CREMA_D/default_config_cremad_res_syn.json --fold 0 --lr 0.0001 --wd 1e-5 --perturb gen --start_over  --cls mlp --lib 0.01
Namespace(config='./configs/CREMA_D/synergy/nov/synprom_generatorVAEOneSide.json', default_config='./configs/CREMA_D/default_config_cremad_res_syn.json', fold='0', alpha=None, tanh_mode=None, tanh_mode_beta=None, regby=None, clip=None, batch_size=None, l=None, multil=None, l_diffsq=None, lib='0.01', ratio_us=None, ratio_snr=None, kmepoch=None, num_samples=None, pow=None, nstep=None, contrcoeff=None, kde_coeff=None, etube=None, temperature=None, contr_type=None, shuffle_type=None, validate_with=None, transform_type=None, trasform_before=None, num_classes=None, base_alpha=None, alpha_var=None, base_beta=None, beta_var=None, optim_method=None, ilr_c=None, ilr_g=None, mmcosine_scaling=None, ending_epoch=None, load_ongoing=None, commonlayers=None, recon_weight1=None, recon_weight2=None, recon_epochstages=None, recon_ensemblestages=None, lr='0.0001', wd='1e-5', mm=None, cls='mlp', perturb='gen', pre=False, frozen=False, tdqm_disable=False, start_over=True)
2025-11-24 04:52:37,984 - Config - INFO - ./configs/CREMA_D/synergy/nov/synprom_generatorVAEOneSide.json
2025-11-24 04:52:37,987 - Config - INFO -  THE Configuration of your experiment ..
{'agent': 'Agent',
 'dataset': {'data_roots': '/esat/smcdata/users/kkontras/Image_Dataset/no_backup/CremaD/CREMA-D',
             'data_split': {'fold': 0, 'method': 'non_inclusive'},
             'dataloader_class': 'CramedD_Dataloader',
             'fps': 1,
             'norm': False,
             'norm_face_path': './mydatasets/CREMAD/norm_face_path_fold{}.pkl',
             'norm_wav_path': './mydatasets/CREMAD/wav_norm_16000_fold{}.pkl',
             'num_frame': 3,
             'return_data': {'audio': False,
                             'face': False,
                             'spectrogram': True,
                             'video': True},
             'sampling_rate': 22050},
 'early_stopping': {'end_of_epoch_check': True,
                    'log_interval': 10,
                    'max_epoch': 1500,
                    'n_steps_stop': 100,
                    'n_steps_stop_after': 0,
                    'save_every_step': 3000,
                    'save_every_valstep': 10,
                    'validate_after': 0,
                    'validate_every': 25,
                    'validate_with': 'loss'},
 'exp_name': 'CREMAD Experiment',
 'model': {'args': {'bias_infusion': {'ending_epoch': 1500,
                                      'l': 0.1,
                                      'method': 'false',
                                      'plot': False,
                                      'starting_epoch': 0,
                                      'use': True},
                    'clip_grad': False,
                    'cls_type': 'linear',
                    'd_model': 512,
                    'dropout': 0.1,
                    'fc_inner': 64,
                    'multi_loss': {'multi_supervised_w': {'c': 0,
                                                          'combined': 1,
                                                          'g': 0}},
                    'num_classes': 6,
                    'swap_direction': True},
           'encoders': [{'args': {'d_model': 512,
                                  'dropout': 0.1,
                                  'fc_inner': 64,
                                  'freeze_encoder': True,
                                  'num_classes': 6},
                         'model': 'Audio_ResNet',
                         'pretrainedEncoder': {'dir': 'unimodal_audio_fold{}_lr0.001_wd0.0001.pth.tar',
                                               'use': True}},
                        {'args': {'d_model': 512,
                                  'dropout': 0.1,
                                  'fc_inner': 64,
                                  'freeze_encoder': True,
                                  'num_classes': 6},
                         'model': 'Video_ResNet',
                         'pretrainedEncoder': {'dir': 'unimodal_video_fold{}_lr0.001_wd0.0001.pth.tar',
                                               'use': True}},
                        {'args': {'dim_in': 512,
                                  'dim_out': 512,
                                  'hidden': 512,
                                  'latent_dim': 64},
                         'model': 'SimpleVAEZ2toZ1OneSide',
                         'pretrainedEncoder': {'dir': '', 'use': False},
                         'save_encoder': True}],
           'load_ongoing': False,
           'model_class': 'Model_GeneratorVAEOneSide',
           'save_base_dir': '/esat/smcdata/users/kkontras/Image_Dataset/no_backup/data/2025_data/synergy',
           'save_dir': 'Synprom_IB_genVAEOS{}.pth.tar'},
 'optimizer': {'beta1': 0.9,
               'beta2': 0.999,
               'learning_rate': 1e-05,
               'momentum': 0.9,
               'type': 'Adam',
               'weight_decay': 1e-05},
 'scheduler': {'max_lr': 0.03, 'type': 'cosanneal', 'warm_up_steps': 780},
 'task': 'generative',
 'training_params': {'adversarial_training': {'adv_epsilon': 0.01,
                                              'use': False},
                     'async_loading': True,
                     'batch_size': 128,
                     'cuda': True,
                     'data_loader_workers': 8,
                     'gpu_device': [0],
                     'pin_memory': False,
                     'rec_test': False,
                     'res': True,
                     'seed': 109,
                     'tdqm_disable': False,
                     'test_batch_size': 128,
                     'test_on_bottoms': False,
                     'use_test_set': True,
                     'validation': True,
                     'verbose': True,
                     'wandb_disable': False}}
2025-11-24 04:52:37,989 - Config - INFO -  *************************************** 
2025-11-24 04:52:37,989 - Config - INFO - The experiment name is CREMAD Experiment
2025-11-24 04:52:37,989 - Config - INFO -  *************************************** 
2025-11-24 04:52:37,989 - root - INFO - save_dir: Synprom_IB_genVAEOSfold0_lib0.01_perturbgen_lr0.0001_wd1e-5_clsmlp.pth.tar
2025-11-24 04:52:38,034 - Cuda Statistics - INFO - __Python VERSION:  3.10.19 (main, Oct 21 2025, 16:43:05) [GCC 11.2.0]
2025-11-24 04:52:38,034 - Cuda Statistics - INFO - __pyTorch VERSION:  2.6.0+cu124
2025-11-24 04:52:38,034 - Cuda Statistics - INFO - __CUDA VERSION
2025-11-24 04:52:38,035 - Cuda Statistics - INFO - __CUDNN VERSION:  90100
2025-11-24 04:52:38,048 - Cuda Statistics - INFO - __Number CUDA Devices:  1
2025-11-24 04:52:38,048 - Cuda Statistics - INFO - __Devices
2025-11-24 04:52:38,049 - Cuda Statistics - INFO - index, name, driver_version, memory.total [MiB], memory.used [MiB], memory.free [MiB]
2025-11-24 04:52:38,049 - Cuda Statistics - INFO - 0, NVIDIA GeForce RTX 2080 Ti, 570.153.02, 11264 MiB, 4 MiB, 10820 MiB
2025-11-24 04:52:38,053 - Cuda Statistics - INFO - Active CUDA Device: GPU 0
2025-11-24 04:52:38,053 - Cuda Statistics - INFO - Available devices  1
2025-11-24 04:52:38,053 - Cuda Statistics - INFO - Current cuda device  0
This path does not exist /esat/smcdata/users/kkontras/Image_Dataset/no_backup/CremaD/CREMA-D/AudioWAV/1076_MTI_SAD_XX.wav or /esat/smcdata/users/kkontras/Image_Dataset/no_backup/CremaD/CREMA-D/Image-01-FPS/1076_MTI_SAD_XX or /esat/smcdata/users/kkontras/Image_Dataset/no_backup/CremaD/CREMA-D/Face_features/1076_MTI_SAD_XX.npy
2025-11-24 04:52:39,353 - root - INFO - Loaded wav norm from ./mydatasets/CREMAD/wav_norm_16000_fold0.pkl
2025-11-24 04:52:39,355 - root - INFO - Norm values are {'mean': tensor(-2.7937e-05), 'std': tensor(0.0613), 'max_duration': 4.8715625}
2025-11-24 04:52:39,468 - root - INFO - Loaded wav norm from ./mydatasets/CREMAD/wav_norm_16000_fold0.pkl
2025-11-24 04:52:39,469 - root - INFO - Norm values are {'mean': tensor(-2.7937e-05), 'std': tensor(0.0613), 'max_duration': 4.8715625}
2025-11-24 04:52:39,582 - root - INFO - Loaded wav norm from ./mydatasets/CREMAD/wav_norm_16000_fold0.pkl
2025-11-24 04:52:39,583 - root - INFO - Norm values are {'mean': tensor(-2.7937e-05), 'std': tensor(0.0613), 'max_duration': 4.8715625}
Available cores 8
We are changing dataloader workers to num of cores 0
2025-11-24 04:52:39,584 - Agent - INFO - Device: cuda:0
2025-11-24 04:52:39,584 - Agent - INFO - Total training batches: 32, validate every 25 batches, steps per epoch: 2
2025-11-24 04:52:41,032 - Agent - INFO - Loss Weights are {'total': 1, 'combined': 1, 'c': 0, 'g': 0}
2025-11-24 04:52:41,270 - root - INFO - Loading enc best model state dict from /esat/smcdata/users/kkontras/Image_Dataset/no_backup/data/2025_data/synergy/unimodal_audio_fold0_lr0.001_wd0.0001.pth.tar
2025-11-24 04:52:41,638 - root - INFO - Loading enc best model state dict from /esat/smcdata/users/kkontras/Image_Dataset/no_backup/data/2025_data/synergy/unimodal_video_fold0_lr0.001_wd0.0001.pth.tar
2025-11-24 04:52:41,655 - Agent - INFO - Freezing encoder enc_0
2025-11-24 04:52:41,655 - Agent - INFO - Freezing encoder enc_1
2025-11-24 04:52:41,842 - Agent - INFO - Total number of trainable parameters are: 23502476
2025-11-24 04:52:41,847 - Agent - INFO - Total number of trainable parameters are: 1149568
2025-11-24 04:54:04,897 - Agent - INFO - [37mVal Epoch 1 step 1 with [31mpx_total : 0.228639 [31mtotal : 0.228639 
2025-11-24 04:54:05,135 - Agent - INFO - [37mModel saved successfully at: /esat/smcdata/users/kkontras/Image_Dataset/no_backup/data/2025_data/synergy/Synprom_IB_genVAEOSfold0_lib0.01_perturbgen_lr0.0001_wd1e-5_clsmlp.pth.tar[39m
2025-11-24 04:55:24,783 - Agent - INFO - [37mVal Epoch 2 step 2 with [31mpx_total : 0.181136 [31mtotal : 0.181136 
2025-11-24 04:55:25,131 - Agent - INFO - [37mModel saved successfully at: /esat/smcdata/users/kkontras/Image_Dataset/no_backup/data/2025_data/synergy/Synprom_IB_genVAEOSfold0_lib0.01_perturbgen_lr0.0001_wd1e-5_clsmlp.pth.tar[39m
2025-11-24 04:56:44,544 - Agent - INFO - [37mVal Epoch 3 step 3 with [31mpx_total : 0.178853 [31mtotal : 0.178853 
2025-11-24 04:56:44,897 - Agent - INFO - [37mModel saved successfully at: /esat/smcdata/users/kkontras/Image_Dataset/no_backup/data/2025_data/synergy/Synprom_IB_genVAEOSfold0_lib0.01_perturbgen_lr0.0001_wd1e-5_clsmlp.pth.tar[39m
2025-11-24 04:58:05,141 - Agent - INFO - [37mVal Epoch 4 step 4 with [31mpx_total : 0.177547 [31mtotal : 0.177547 
2025-11-24 04:58:05,488 - Agent - INFO - [37mModel saved successfully at: /esat/smcdata/users/kkontras/Image_Dataset/no_backup/data/2025_data/synergy/Synprom_IB_genVAEOSfold0_lib0.01_perturbgen_lr0.0001_wd1e-5_clsmlp.pth.tar[39m
2025-11-24 04:59:25,669 - Agent - INFO - [37mVal Epoch 5 step 5 with [31mpx_total : 0.173109 [31mtotal : 0.173109 
2025-11-24 04:59:26,017 - Agent - INFO - [37mModel saved successfully at: /esat/smcdata/users/kkontras/Image_Dataset/no_backup/data/2025_data/synergy/Synprom_IB_genVAEOSfold0_lib0.01_perturbgen_lr0.0001_wd1e-5_clsmlp.pth.tar[39m
2025-11-24 05:00:45,418 - Agent - INFO - [37mVal Epoch 6 step 6 with [31mpx_total : 0.163166 [31mtotal : 0.163166 
2025-11-24 05:00:45,751 - Agent - INFO - [37mModel saved successfully at: /esat/smcdata/users/kkontras/Image_Dataset/no_backup/data/2025_data/synergy/Synprom_IB_genVAEOSfold0_lib0.01_perturbgen_lr0.0001_wd1e-5_clsmlp.pth.tar[39m
2025-11-24 05:02:05,447 - Agent - INFO - [37mVal Epoch 7 step 7 with [31mpx_total : 0.160336 [31mtotal : 0.160336 
2025-11-24 05:02:05,781 - Agent - INFO - [37mModel saved successfully at: /esat/smcdata/users/kkontras/Image_Dataset/no_backup/data/2025_data/synergy/Synprom_IB_genVAEOSfold0_lib0.01_perturbgen_lr0.0001_wd1e-5_clsmlp.pth.tar[39m
2025-11-24 05:03:23,813 - Agent - INFO - [37mVal Epoch 8 step 8 with [31mpx_total : 0.159953 [31mtotal : 0.159953 
2025-11-24 05:03:24,140 - Agent - INFO - [37mModel saved successfully at: /esat/smcdata/users/kkontras/Image_Dataset/no_backup/data/2025_data/synergy/Synprom_IB_genVAEOSfold0_lib0.01_perturbgen_lr0.0001_wd1e-5_clsmlp.pth.tar[39m
2025-11-24 05:04:41,407 - Agent - INFO - [37mVal Epoch 9 step 9 with [31mpx_total : 0.155283 [31mtotal : 0.155283 
2025-11-24 05:04:41,746 - Agent - INFO - [37mModel saved successfully at: /esat/smcdata/users/kkontras/Image_Dataset/no_backup/data/2025_data/synergy/Synprom_IB_genVAEOSfold0_lib0.01_perturbgen_lr0.0001_wd1e-5_clsmlp.pth.tar[39m

Pair                         dist_corr             cka      cosine_sim   cca_mean_corr procrustes_disp
------------------------------------------------------------------------------------------------------
z1_vs_z2                        0.1358         0.1136         0.3664         0.9873         0.8658
z1_vs_~z                        0.2468         0.2229         0.8178         0.9939         0.8462
z2_vs_~z                        0.4014         0.3565         0.4078         0.9863         0.7182
------------------------------------------------------------------------------------------------------
2025-11-24 05:06:20,811 - Agent - INFO - [37mVal Epoch 10 step 10 with [31mpx_total : 0.154540 [31mtotal : 0.154540 
2025-11-24 05:06:21,222 - Agent - INFO - [37mModel saved successfully at: /esat/smcdata/users/kkontras/Image_Dataset/no_backup/data/2025_data/synergy/Synprom_IB_genVAEOSfold0_lib0.01_perturbgen_lr0.0001_wd1e-5_clsmlp.pth.tar[39m
2025-11-24 05:07:37,287 - Agent - INFO - [37mVal Epoch 11 step 11 with [31mpx_total : 0.155122 [31mtotal : 0.155122 
2025-11-24 05:08:52,092 - Agent - INFO - [37mVal Epoch 12 step 12 with [31mpx_total : 0.152526 [31mtotal : 0.152526 
2025-11-24 05:08:52,412 - Agent - INFO - [37mModel saved successfully at: /esat/smcdata/users/kkontras/Image_Dataset/no_backup/data/2025_data/synergy/Synprom_IB_genVAEOSfold0_lib0.01_perturbgen_lr0.0001_wd1e-5_clsmlp.pth.tar[39m
2025-11-24 05:10:08,144 - Agent - INFO - [37mVal Epoch 13 step 13 with [31mpx_total : 0.151932 [31mtotal : 0.151932 
2025-11-24 05:10:08,474 - Agent - INFO - [37mModel saved successfully at: /esat/smcdata/users/kkontras/Image_Dataset/no_backup/data/2025_data/synergy/Synprom_IB_genVAEOSfold0_lib0.01_perturbgen_lr0.0001_wd1e-5_clsmlp.pth.tar[39m
2025-11-24 05:11:24,083 - Agent - INFO - [37mVal Epoch 14 step 14 with [31mpx_total : 0.149929 [31mtotal : 0.149929 
2025-11-24 05:11:24,411 - Agent - INFO - [37mModel saved successfully at: /esat/smcdata/users/kkontras/Image_Dataset/no_backup/data/2025_data/synergy/Synprom_IB_genVAEOSfold0_lib0.01_perturbgen_lr0.0001_wd1e-5_clsmlp.pth.tar[39m
2025-11-24 05:12:38,923 - Agent - INFO - [37mVal Epoch 15 step 15 with [31mpx_total : 0.152347 [31mtotal : 0.152347 
2025-11-24 05:13:54,714 - Agent - INFO - [37mVal Epoch 16 step 16 with [31mpx_total : 0.149729 [31mtotal : 0.149729 
2025-11-24 05:13:55,033 - Agent - INFO - [37mModel saved successfully at: /esat/smcdata/users/kkontras/Image_Dataset/no_backup/data/2025_data/synergy/Synprom_IB_genVAEOSfold0_lib0.01_perturbgen_lr0.0001_wd1e-5_clsmlp.pth.tar[39m
2025-11-24 05:15:10,880 - Agent - INFO - [37mVal Epoch 17 step 17 with [31mpx_total : 0.144633 [31mtotal : 0.144633 
2025-11-24 05:15:11,209 - Agent - INFO - [37mModel saved successfully at: /esat/smcdata/users/kkontras/Image_Dataset/no_backup/data/2025_data/synergy/Synprom_IB_genVAEOSfold0_lib0.01_perturbgen_lr0.0001_wd1e-5_clsmlp.pth.tar[39m
2025-11-24 05:16:30,013 - Agent - INFO - [37mVal Epoch 18 step 18 with [31mpx_total : 0.150042 [31mtotal : 0.150042 
2025-11-24 05:17:47,977 - Agent - INFO - [37mVal Epoch 19 step 19 with [31mpx_total : 0.145714 [31mtotal : 0.145714 

Pair                         dist_corr             cka      cosine_sim   cca_mean_corr procrustes_disp
------------------------------------------------------------------------------------------------------
z1_vs_z2                        0.1358         0.1136         0.3664         0.9873         0.8658
z1_vs_~z                        0.2551         0.2592         0.8034         0.9939         0.7901
z2_vs_~z                        0.4994         0.4078         0.3995         0.9926         0.5134
------------------------------------------------------------------------------------------------------
2025-11-24 05:19:27,528 - Agent - INFO - [37mVal Epoch 20 step 20 with [31mpx_total : 0.141685 [31mtotal : 0.141685 
2025-11-24 05:19:27,953 - Agent - INFO - [37mModel saved successfully at: /esat/smcdata/users/kkontras/Image_Dataset/no_backup/data/2025_data/synergy/Synprom_IB_genVAEOSfold0_lib0.01_perturbgen_lr0.0001_wd1e-5_clsmlp.pth.tar[39m
2025-11-24 05:20:46,289 - Agent - INFO - [37mVal Epoch 21 step 21 with [31mpx_total : 0.144510 [31mtotal : 0.144510 
2025-11-24 05:22:03,273 - Agent - INFO - [37mVal Epoch 22 step 22 with [31mpx_total : 0.145624 [31mtotal : 0.145624 
2025-11-24 05:23:19,964 - Agent - INFO - [37mVal Epoch 23 step 23 with [31mpx_total : 0.143574 [31mtotal : 0.143574 
2025-11-24 05:24:36,247 - Agent - INFO - [37mVal Epoch 24 step 24 with [31mpx_total : 0.144149 [31mtotal : 0.144149 
2025-11-24 05:25:54,248 - Agent - INFO - [37mVal Epoch 25 step 25 with [31mpx_total : 0.144238 [31mtotal : 0.144238 
2025-11-24 05:27:12,415 - Agent - INFO - [37mVal Epoch 26 step 26 with [31mpx_total : 0.143372 [31mtotal : 0.143372 
2025-11-24 05:28:30,148 - Agent - INFO - [37mVal Epoch 27 step 27 with [31mpx_total : 0.142914 [31mtotal : 0.142914 
2025-11-24 05:29:48,275 - Agent - INFO - [37mVal Epoch 28 step 28 with [31mpx_total : 0.144578 [31mtotal : 0.144578 
2025-11-24 05:31:05,143 - Agent - INFO - [37mVal Epoch 29 step 29 with [31mpx_total : 0.145206 [31mtotal : 0.145206 

Pair                         dist_corr             cka      cosine_sim   cca_mean_corr procrustes_disp
------------------------------------------------------------------------------------------------------
z1_vs_z2                        0.1358         0.1136         0.3664         0.9873         0.8658
z1_vs_~z                        0.2606         0.2586         0.7987         0.9916         0.7940
z2_vs_~z                        0.4809         0.3790         0.3972         0.9925         0.5241
------------------------------------------------------------------------------------------------------
2025-11-24 05:32:50,698 - Agent - INFO - [37mVal Epoch 30 step 30 with [31mpx_total : 0.144903 [31mtotal : 0.144903 
2025-11-24 05:34:11,558 - Agent - INFO - [37mVal Epoch 31 step 31 with [31mpx_total : 0.145075 [31mtotal : 0.145075 
2025-11-24 05:35:29,185 - Agent - INFO - [37mVal Epoch 32 step 32 with [31mpx_total : 0.145745 [31mtotal : 0.145745 
2025-11-24 05:36:45,150 - Agent - INFO - [37mVal Epoch 33 step 33 with [31mpx_total : 0.143866 [31mtotal : 0.143866 
2025-11-24 05:38:02,009 - Agent - INFO - [37mVal Epoch 34 step 34 with [31mpx_total : 0.143858 [31mtotal : 0.143858 
2025-11-24 05:39:20,031 - Agent - INFO - [37mVal Epoch 35 step 35 with [31mpx_total : 0.145157 [31mtotal : 0.145157 
2025-11-24 05:40:37,481 - Agent - INFO - [37mVal Epoch 36 step 36 with [31mpx_total : 0.142352 [31mtotal : 0.142352 
2025-11-24 05:41:53,346 - Agent - INFO - [37mVal Epoch 37 step 37 with [31mpx_total : 0.145612 [31mtotal : 0.145612 
2025-11-24 05:43:09,130 - Agent - INFO - [37mVal Epoch 38 step 38 with [31mpx_total : 0.144967 [31mtotal : 0.144967 
2025-11-24 05:44:24,752 - Agent - INFO - [37mVal Epoch 39 step 39 with [31mpx_total : 0.144068 [31mtotal : 0.144068 

Pair                         dist_corr             cka      cosine_sim   cca_mean_corr procrustes_disp
------------------------------------------------------------------------------------------------------
z1_vs_z2                        0.1358         0.1136         0.3664         0.9873         0.8658
z1_vs_~z                        0.2635         0.2552         0.8015         0.9912         0.7952
z2_vs_~z                        0.4706         0.3745         0.3970         0.9940         0.5258
------------------------------------------------------------------------------------------------------
2025-11-24 05:46:17,669 - Agent - INFO - [37mVal Epoch 40 step 40 with [31mpx_total : 0.143803 [31mtotal : 0.143803 
2025-11-24 05:47:37,788 - Agent - INFO - [37mVal Epoch 41 step 41 with [31mpx_total : 0.143935 [31mtotal : 0.143935 
2025-11-24 05:48:54,675 - Agent - INFO - [37mVal Epoch 42 step 42 with [31mpx_total : 0.143914 [31mtotal : 0.143914 
2025-11-24 05:50:12,311 - Agent - INFO - [37mVal Epoch 43 step 43 with [31mpx_total : 0.148832 [31mtotal : 0.148832 
2025-11-24 05:51:31,139 - Agent - INFO - [37mVal Epoch 44 step 44 with [31mpx_total : 0.145176 [31mtotal : 0.145176 
2025-11-24 05:52:48,874 - Agent - INFO - [37mVal Epoch 45 step 45 with [31mpx_total : 0.145557 [31mtotal : 0.145557 
2025-11-24 05:54:06,757 - Agent - INFO - [37mVal Epoch 46 step 46 with [31mpx_total : 0.145733 [31mtotal : 0.145733 
2025-11-24 05:55:23,658 - Agent - INFO - [37mVal Epoch 47 step 47 with [31mpx_total : 0.148352 [31mtotal : 0.148352 
2025-11-24 05:56:39,701 - Agent - INFO - [37mVal Epoch 48 step 48 with [31mpx_total : 0.144230 [31mtotal : 0.144230 
2025-11-24 05:57:56,556 - Agent - INFO - [37mVal Epoch 49 step 49 with [31mpx_total : 0.145862 [31mtotal : 0.145862 

Pair                         dist_corr             cka      cosine_sim   cca_mean_corr procrustes_disp
------------------------------------------------------------------------------------------------------
z1_vs_z2                        0.1358         0.1136         0.3664         0.9873         0.8658
z1_vs_~z                        0.2628         0.2668         0.7986         0.9926         0.7891
z2_vs_~z                        0.4730         0.3665         0.3967         0.9953         0.5287
------------------------------------------------------------------------------------------------------
2025-11-24 05:59:47,476 - Agent - INFO - [37mVal Epoch 50 step 50 with [31mpx_total : 0.143111 [31mtotal : 0.143111 
2025-11-24 06:01:08,199 - Agent - INFO - [37mVal Epoch 51 step 51 with [31mpx_total : 0.143154 [31mtotal : 0.143154 
2025-11-24 06:02:27,749 - Agent - INFO - [37mVal Epoch 52 step 52 with [31mpx_total : 0.145532 [31mtotal : 0.145532 
2025-11-24 06:03:46,822 - Agent - INFO - [37mVal Epoch 53 step 53 with [31mpx_total : 0.146043 [31mtotal : 0.146043 
2025-11-24 06:05:04,422 - Agent - INFO - [37mVal Epoch 54 step 54 with [31mpx_total : 0.143909 [31mtotal : 0.143909 
2025-11-24 06:06:23,815 - Agent - INFO - [37mVal Epoch 55 step 55 with [31mpx_total : 0.145068 [31mtotal : 0.145068 
2025-11-24 06:07:42,176 - Agent - INFO - [37mVal Epoch 56 step 56 with [31mpx_total : 0.145624 [31mtotal : 0.145624 
2025-11-24 06:09:00,348 - Agent - INFO - [37mVal Epoch 57 step 57 with [31mpx_total : 0.145739 [31mtotal : 0.145739 
2025-11-24 06:10:16,956 - Agent - INFO - [37mVal Epoch 58 step 58 with [31mpx_total : 0.144199 [31mtotal : 0.144199 
2025-11-24 06:11:34,236 - Agent - INFO - [37mVal Epoch 59 step 59 with [31mpx_total : 0.145968 [31mtotal : 0.145968 

Pair                         dist_corr             cka      cosine_sim   cca_mean_corr procrustes_disp
------------------------------------------------------------------------------------------------------
z1_vs_z2                        0.1358         0.1136         0.3664         0.9873         0.8658
z1_vs_~z                        0.2548         0.2583         0.7970         0.9922         0.7921
z2_vs_~z                        0.4549         0.3376         0.3966         0.9948         0.5408
------------------------------------------------------------------------------------------------------
2025-11-24 06:13:26,473 - Agent - INFO - [37mVal Epoch 60 step 60 with [31mpx_total : 0.145347 [31mtotal : 0.145347 
2025-11-24 06:14:46,044 - Agent - INFO - [37mVal Epoch 61 step 61 with [31mpx_total : 0.145059 [31mtotal : 0.145059 
2025-11-24 06:16:04,237 - Agent - INFO - [37mVal Epoch 62 step 62 with [31mpx_total : 0.145324 [31mtotal : 0.145324 
2025-11-24 06:17:22,706 - Agent - INFO - [37mVal Epoch 63 step 63 with [31mpx_total : 0.145201 [31mtotal : 0.145201 
2025-11-24 06:18:41,410 - Agent - INFO - [37mVal Epoch 64 step 64 with [31mpx_total : 0.146366 [31mtotal : 0.146366 
2025-11-24 06:19:59,859 - Agent - INFO - [37mVal Epoch 65 step 65 with [31mpx_total : 0.148162 [31mtotal : 0.148162 
2025-11-24 06:21:17,416 - Agent - INFO - [37mVal Epoch 66 step 66 with [31mpx_total : 0.143083 [31mtotal : 0.143083 
2025-11-24 06:22:34,528 - Agent - INFO - [37mVal Epoch 67 step 67 with [31mpx_total : 0.142735 [31mtotal : 0.142735 
2025-11-24 06:23:53,443 - Agent - INFO - [37mVal Epoch 68 step 68 with [31mpx_total : 0.145279 [31mtotal : 0.145279 
2025-11-24 06:25:11,743 - Agent - INFO - [37mVal Epoch 69 step 69 with [31mpx_total : 0.151609 [31mtotal : 0.151609 

Pair                         dist_corr             cka      cosine_sim   cca_mean_corr procrustes_disp
------------------------------------------------------------------------------------------------------
z1_vs_z2                        0.1358         0.1136         0.3664         0.9873         0.8658
z1_vs_~z                        0.2422         0.2459         0.8038         0.9905         0.8018
z2_vs_~z                        0.4424         0.3201         0.3976         0.9954         0.5451
------------------------------------------------------------------------------------------------------
2025-11-24 06:27:06,963 - Agent - INFO - [37mVal Epoch 70 step 70 with [31mpx_total : 0.142947 [31mtotal : 0.142947 
2025-11-24 06:28:25,109 - Agent - INFO - [37mVal Epoch 71 step 71 with [31mpx_total : 0.143826 [31mtotal : 0.143826 
2025-11-24 06:29:42,599 - Agent - INFO - [37mVal Epoch 72 step 72 with [31mpx_total : 0.146717 [31mtotal : 0.146717 
2025-11-24 06:31:01,158 - Agent - INFO - [37mVal Epoch 73 step 73 with [31mpx_total : 0.150751 [31mtotal : 0.150751 
2025-11-24 06:32:17,861 - Agent - INFO - [37mVal Epoch 74 step 74 with [31mpx_total : 0.145683 [31mtotal : 0.145683 
2025-11-24 06:33:34,821 - Agent - INFO - [37mVal Epoch 75 step 75 with [31mpx_total : 0.152382 [31mtotal : 0.152382 
2025-11-24 06:34:52,556 - Agent - INFO - [37mVal Epoch 76 step 76 with [31mpx_total : 0.147077 [31mtotal : 0.147077 
2025-11-24 06:36:09,086 - Agent - INFO - [37mVal Epoch 77 step 77 with [31mpx_total : 0.146125 [31mtotal : 0.146125 
2025-11-24 06:37:25,971 - Agent - INFO - [37mVal Epoch 78 step 78 with [31mpx_total : 0.148756 [31mtotal : 0.148756 
2025-11-24 06:38:42,667 - Agent - INFO - [37mVal Epoch 79 step 79 with [31mpx_total : 0.148220 [31mtotal : 0.148220 

Pair                         dist_corr             cka      cosine_sim   cca_mean_corr procrustes_disp
------------------------------------------------------------------------------------------------------
z1_vs_z2                        0.1358         0.1136         0.3664         0.9873         0.8658
z1_vs_~z                        0.2484         0.2458         0.7929         0.9908         0.8017
z2_vs_~z                        0.4217         0.2919         0.3945         0.9951         0.5633
------------------------------------------------------------------------------------------------------
2025-11-24 06:40:30,062 - Agent - INFO - [37mVal Epoch 80 step 80 with [31mpx_total : 0.150341 [31mtotal : 0.150341 
2025-11-24 06:41:49,762 - Agent - INFO - [37mVal Epoch 81 step 81 with [31mpx_total : 0.143240 [31mtotal : 0.143240 
2025-11-24 06:43:08,345 - Agent - INFO - [37mVal Epoch 82 step 82 with [31mpx_total : 0.147067 [31mtotal : 0.147067 
2025-11-24 06:44:26,911 - Agent - INFO - [37mVal Epoch 83 step 83 with [31mpx_total : 0.148652 [31mtotal : 0.148652 
2025-11-24 06:45:44,471 - Agent - INFO - [37mVal Epoch 84 step 84 with [31mpx_total : 0.150459 [31mtotal : 0.150459 
2025-11-24 06:47:01,469 - Agent - INFO - [37mVal Epoch 85 step 85 with [31mpx_total : 0.145178 [31mtotal : 0.145178 
2025-11-24 06:48:17,329 - Agent - INFO - [37mVal Epoch 86 step 86 with [31mpx_total : 0.152750 [31mtotal : 0.152750 
2025-11-24 06:49:34,924 - Agent - INFO - [37mVal Epoch 87 step 87 with [31mpx_total : 0.148436 [31mtotal : 0.148436 
2025-11-24 06:50:52,197 - Agent - INFO - [37mVal Epoch 88 step 88 with [31mpx_total : 0.149989 [31mtotal : 0.149989 
2025-11-24 06:52:10,492 - Agent - INFO - [37mVal Epoch 89 step 89 with [31mpx_total : 0.145846 [31mtotal : 0.145846 

Pair                         dist_corr             cka      cosine_sim   cca_mean_corr procrustes_disp
------------------------------------------------------------------------------------------------------
z1_vs_z2                        0.1358         0.1136         0.3664         0.9873         0.8658
z1_vs_~z                        0.2478         0.2500         0.7984         0.9897         0.7976
z2_vs_~z                        0.4249         0.2940         0.3962         0.9961         0.5626
------------------------------------------------------------------------------------------------------
2025-11-24 06:53:48,757 - Agent - INFO - [37mVal Epoch 90 step 90 with [31mpx_total : 0.144690 [31mtotal : 0.144690 
2025-11-24 06:55:06,233 - Agent - INFO - [37mVal Epoch 91 step 91 with [31mpx_total : 0.149763 [31mtotal : 0.149763 
2025-11-24 06:56:21,486 - Agent - INFO - [37mVal Epoch 92 step 92 with [31mpx_total : 0.146848 [31mtotal : 0.146848 
2025-11-24 06:57:38,020 - Agent - INFO - [37mVal Epoch 93 step 93 with [31mpx_total : 0.144733 [31mtotal : 0.144733 
2025-11-24 06:58:55,208 - Agent - INFO - [37mVal Epoch 94 step 94 with [31mpx_total : 0.148894 [31mtotal : 0.148894 
2025-11-24 07:00:12,861 - Agent - INFO - [37mVal Epoch 95 step 95 with [31mpx_total : 0.148628 [31mtotal : 0.148628 
2025-11-24 07:01:29,952 - Agent - INFO - [37mVal Epoch 96 step 96 with [31mpx_total : 0.147986 [31mtotal : 0.147986 
2025-11-24 07:02:48,673 - Agent - INFO - [37mVal Epoch 97 step 97 with [31mpx_total : 0.150486 [31mtotal : 0.150486 
2025-11-24 07:04:07,131 - Agent - INFO - [37mVal Epoch 98 step 98 with [31mpx_total : 0.151754 [31mtotal : 0.151754 
2025-11-24 07:05:26,397 - Agent - INFO - [37mVal Epoch 99 step 99 with [31mpx_total : 0.146048 [31mtotal : 0.146048 

Pair                         dist_corr             cka      cosine_sim   cca_mean_corr procrustes_disp
------------------------------------------------------------------------------------------------------
z1_vs_z2                        0.1358         0.1136         0.3664         0.9873         0.8658
z1_vs_~z                        0.2408         0.2418         0.7964         0.9925         0.7996
z2_vs_~z                        0.4280         0.3000         0.3962         0.9960         0.5584
------------------------------------------------------------------------------------------------------
2025-11-24 07:07:16,234 - Agent - INFO - [37mVal Epoch 100 step 100 with [31mpx_total : 0.147447 [31mtotal : 0.147447 
2025-11-24 07:08:34,418 - Agent - INFO - [37mVal Epoch 101 step 101 with [31mpx_total : 0.150464 [31mtotal : 0.150464 
2025-11-24 07:09:49,844 - Agent - INFO - [37mVal Epoch 102 step 102 with [31mpx_total : 0.148361 [31mtotal : 0.148361 
2025-11-24 07:11:07,647 - Agent - INFO - [37mVal Epoch 103 step 103 with [31mpx_total : 0.148526 [31mtotal : 0.148526 
2025-11-24 07:12:25,467 - Agent - INFO - [37mVal Epoch 104 step 104 with [31mpx_total : 0.150135 [31mtotal : 0.150135 
2025-11-24 07:13:45,503 - Agent - INFO - [37mVal Epoch 105 step 105 with [31mpx_total : 0.148797 [31mtotal : 0.148797 
2025-11-24 07:15:02,206 - Agent - INFO - [37mVal Epoch 106 step 106 with [31mpx_total : 0.148931 [31mtotal : 0.148931 
2025-11-24 07:16:19,246 - Agent - INFO - [37mVal Epoch 107 step 107 with [31mpx_total : 0.149288 [31mtotal : 0.149288 
2025-11-24 07:17:37,964 - Agent - INFO - [37mVal Epoch 108 step 108 with [31mpx_total : 0.149149 [31mtotal : 0.149149 
2025-11-24 07:18:56,602 - Agent - INFO - [37mVal Epoch 109 step 109 with [31mpx_total : 0.147654 [31mtotal : 0.147654 

Pair                         dist_corr             cka      cosine_sim   cca_mean_corr procrustes_disp
------------------------------------------------------------------------------------------------------
z1_vs_z2                        0.1358         0.1136         0.3664         0.9873         0.8658
z1_vs_~z                        0.2459         0.2477         0.7958         0.9925         0.7968
z2_vs_~z                        0.4273         0.2967         0.3963         0.9963         0.5610
------------------------------------------------------------------------------------------------------
2025-11-24 07:20:39,907 - Agent - INFO - [37mVal Epoch 110 step 110 with [31mpx_total : 0.147737 [31mtotal : 0.147737 
2025-11-24 07:22:00,125 - Agent - INFO - [37mVal Epoch 111 step 111 with [31mpx_total : 0.148055 [31mtotal : 0.148055 
2025-11-24 07:23:20,308 - Agent - INFO - [37mVal Epoch 112 step 112 with [31mpx_total : 0.146844 [31mtotal : 0.146844 
2025-11-24 07:24:40,024 - Agent - INFO - [37mVal Epoch 113 step 113 with [31mpx_total : 0.149695 [31mtotal : 0.149695 
2025-11-24 07:25:59,345 - Agent - INFO - [37mVal Epoch 114 step 114 with [31mpx_total : 0.149200 [31mtotal : 0.149200 
2025-11-24 07:27:18,569 - Agent - INFO - [37mVal Epoch 115 step 115 with [31mpx_total : 0.149130 [31mtotal : 0.149130 
2025-11-24 07:28:35,480 - Agent - INFO - [37mVal Epoch 116 step 116 with [31mpx_total : 0.147799 [31mtotal : 0.147799 
2025-11-24 07:29:53,666 - Agent - INFO - [37mVal Epoch 117 step 117 with [31mpx_total : 0.149891 [31mtotal : 0.149891 
2025-11-24 07:31:14,235 - Agent - INFO - [37mVal Epoch 118 step 118 with [31mpx_total : 0.148515 [31mtotal : 0.148515 
2025-11-24 07:32:32,009 - Agent - INFO - [37mVal Epoch 119 step 119 with [31mpx_total : 0.148770 [31mtotal : 0.148770 
2025-11-24 07:32:34,065 - Agent - INFO - We are in the final state.
2025-11-24 07:32:34,211 - root - INFO - Loaded best model from /esat/smcdata/users/kkontras/Image_Dataset/no_backup/data/2025_data/synergy/Synprom_IB_genVAEOSfold0_lib0.01_perturbgen_lr0.0001_wd1e-5_clsmlp.pth.tar
2025-11-24 07:32:47,422 - Agent - INFO - [37mVal Epoch 119 step 0 with [31mpx_total : 0.142741 [31mtotal : 0.142741 

Pair                         dist_corr             cka      cosine_sim   cca_mean_corr procrustes_disp
------------------------------------------------------------------------------------------------------
z1_vs_z2                        0.0052         0.0510         0.3621         0.9842         0.9155
z1_vs_~z                        0.1139         0.1221         0.7888         0.9914         0.9181
z2_vs_~z                        0.5581         0.4977         0.3908         0.9922         0.4791
------------------------------------------------------------------------------------------------------
2025-11-24 07:33:27,502 - Agent - INFO - [37mTest Epoch 119 step 0 with [31mpx_total : 0.200507 [31mtotal : 0.200507 
2025-11-24 07:33:28,128 - Agent - INFO - [37mModel saved successfully at: /esat/smcdata/users/kkontras/Image_Dataset/no_backup/data/2025_data/synergy/Synprom_IB_genVAEOSfold0_lib0.01_perturbgen_lr0.0001_wd1e-5_clsmlp.pth.tar[39m
[1;34mwandb[0m: 
[1;34mwandb[0m: 🚀 View run [33mSynprom_IB_genVAEOSfold0_lib0.01_perturbgen_lr0.0001_wd1e-5_clsmlp[0m at: [34m[0m
[1;34mwandb[0m: Find logs at: [1;35mwandb/run-20251124_045240-4exumbsm/logs[0m
Job finished
