Starting Job
/esat/smcdata/users/kkontras/Image_Dataset/no_backup/git/Synergy/train.py
/esat/smcdata/users/kkontras/Image_Dataset/no_backup/envs/synergy_new/bin/python
Python 3.10.19
/esat/smcdata/users/kkontras/Image_Dataset/no_backup/git/Synergy
We have 1 GPU
/esat/smcdata/users/kkontras/Image_Dataset/no_backup/git/Synergy/train.py
config-./configs/CREMA_D/synergy/nov/synprom_generatorVAEOneSide.json
Executing command: accelerate launch /esat/smcdata/users/kkontras/Image_Dataset/no_backup/git/Synergy/train.py --config ./configs/CREMA_D/synergy/nov/synprom_generatorVAEOneSide.json --default_config ./configs/CREMA_D/default_config_cremad_res_syn.json --fold 0 --lr 0.0001 --wd 1e-4 --perturb gen --start_over  --cls mlp --lib 1.0
Namespace(config='./configs/CREMA_D/synergy/nov/synprom_generatorVAEOneSide.json', default_config='./configs/CREMA_D/default_config_cremad_res_syn.json', fold='0', alpha=None, tanh_mode=None, tanh_mode_beta=None, regby=None, clip=None, batch_size=None, l=None, multil=None, l_diffsq=None, lib='1.0', ratio_us=None, ratio_snr=None, kmepoch=None, num_samples=None, pow=None, nstep=None, contrcoeff=None, kde_coeff=None, etube=None, temperature=None, contr_type=None, shuffle_type=None, validate_with=None, transform_type=None, trasform_before=None, num_classes=None, base_alpha=None, alpha_var=None, base_beta=None, beta_var=None, optim_method=None, ilr_c=None, ilr_g=None, mmcosine_scaling=None, ending_epoch=None, load_ongoing=None, commonlayers=None, recon_weight1=None, recon_weight2=None, recon_epochstages=None, recon_ensemblestages=None, lr='0.0001', wd='1e-4', mm=None, cls='mlp', perturb='gen', pre=False, frozen=False, tdqm_disable=False, start_over=True)
2025-11-24 04:53:37,470 - Config - INFO - ./configs/CREMA_D/synergy/nov/synprom_generatorVAEOneSide.json
2025-11-24 04:53:37,472 - Config - INFO -  THE Configuration of your experiment ..
{'agent': 'Agent',
 'dataset': {'data_roots': '/esat/smcdata/users/kkontras/Image_Dataset/no_backup/CremaD/CREMA-D',
             'data_split': {'fold': 0, 'method': 'non_inclusive'},
             'dataloader_class': 'CramedD_Dataloader',
             'fps': 1,
             'norm': False,
             'norm_face_path': './mydatasets/CREMAD/norm_face_path_fold{}.pkl',
             'norm_wav_path': './mydatasets/CREMAD/wav_norm_16000_fold{}.pkl',
             'num_frame': 3,
             'return_data': {'audio': False,
                             'face': False,
                             'spectrogram': True,
                             'video': True},
             'sampling_rate': 22050},
 'early_stopping': {'end_of_epoch_check': True,
                    'log_interval': 10,
                    'max_epoch': 1500,
                    'n_steps_stop': 100,
                    'n_steps_stop_after': 0,
                    'save_every_step': 3000,
                    'save_every_valstep': 10,
                    'validate_after': 0,
                    'validate_every': 25,
                    'validate_with': 'loss'},
 'exp_name': 'CREMAD Experiment',
 'model': {'args': {'bias_infusion': {'ending_epoch': 1500,
                                      'l': 0.1,
                                      'method': 'false',
                                      'plot': False,
                                      'starting_epoch': 0,
                                      'use': True},
                    'clip_grad': False,
                    'cls_type': 'linear',
                    'd_model': 512,
                    'dropout': 0.1,
                    'fc_inner': 64,
                    'multi_loss': {'multi_supervised_w': {'c': 0,
                                                          'combined': 1,
                                                          'g': 0}},
                    'num_classes': 6,
                    'swap_direction': True},
           'encoders': [{'args': {'d_model': 512,
                                  'dropout': 0.1,
                                  'fc_inner': 64,
                                  'freeze_encoder': True,
                                  'num_classes': 6},
                         'model': 'Audio_ResNet',
                         'pretrainedEncoder': {'dir': 'unimodal_audio_fold{}_lr0.001_wd0.0001.pth.tar',
                                               'use': True}},
                        {'args': {'d_model': 512,
                                  'dropout': 0.1,
                                  'fc_inner': 64,
                                  'freeze_encoder': True,
                                  'num_classes': 6},
                         'model': 'Video_ResNet',
                         'pretrainedEncoder': {'dir': 'unimodal_video_fold{}_lr0.001_wd0.0001.pth.tar',
                                               'use': True}},
                        {'args': {'dim_in': 512,
                                  'dim_out': 512,
                                  'hidden': 512,
                                  'latent_dim': 64},
                         'model': 'SimpleVAEZ2toZ1OneSide',
                         'pretrainedEncoder': {'dir': '', 'use': False},
                         'save_encoder': True}],
           'load_ongoing': False,
           'model_class': 'Model_GeneratorVAEOneSide',
           'save_base_dir': '/esat/smcdata/users/kkontras/Image_Dataset/no_backup/data/2025_data/synergy',
           'save_dir': 'Synprom_IB_genVAEOS{}.pth.tar'},
 'optimizer': {'beta1': 0.9,
               'beta2': 0.999,
               'learning_rate': 1e-05,
               'momentum': 0.9,
               'type': 'Adam',
               'weight_decay': 1e-05},
 'scheduler': {'max_lr': 0.03, 'type': 'cosanneal', 'warm_up_steps': 780},
 'task': 'generative',
 'training_params': {'adversarial_training': {'adv_epsilon': 0.01,
                                              'use': False},
                     'async_loading': True,
                     'batch_size': 128,
                     'cuda': True,
                     'data_loader_workers': 8,
                     'gpu_device': [0],
                     'pin_memory': False,
                     'rec_test': False,
                     'res': True,
                     'seed': 109,
                     'tdqm_disable': False,
                     'test_batch_size': 128,
                     'test_on_bottoms': False,
                     'use_test_set': True,
                     'validation': True,
                     'verbose': True,
                     'wandb_disable': False}}
2025-11-24 04:53:37,475 - Config - INFO -  *************************************** 
2025-11-24 04:53:37,475 - Config - INFO - The experiment name is CREMAD Experiment
2025-11-24 04:53:37,475 - Config - INFO -  *************************************** 
2025-11-24 04:53:37,475 - root - INFO - save_dir: Synprom_IB_genVAEOSfold0_lib1.0_perturbgen_lr0.0001_wd1e-4_clsmlp.pth.tar
2025-11-24 04:53:37,520 - Cuda Statistics - INFO - __Python VERSION:  3.10.19 (main, Oct 21 2025, 16:43:05) [GCC 11.2.0]
2025-11-24 04:53:37,520 - Cuda Statistics - INFO - __pyTorch VERSION:  2.6.0+cu124
2025-11-24 04:53:37,520 - Cuda Statistics - INFO - __CUDA VERSION
2025-11-24 04:53:37,521 - Cuda Statistics - INFO - __CUDNN VERSION:  90100
2025-11-24 04:53:37,535 - Cuda Statistics - INFO - __Number CUDA Devices:  1
2025-11-24 04:53:37,535 - Cuda Statistics - INFO - __Devices
2025-11-24 04:53:37,535 - Cuda Statistics - INFO - index, name, driver_version, memory.total [MiB], memory.used [MiB], memory.free [MiB]
2025-11-24 04:53:37,535 - Cuda Statistics - INFO - 0, NVIDIA GeForce RTX 2080 Ti, 570.153.02, 11264 MiB, 4 MiB, 10820 MiB
2025-11-24 04:53:37,540 - Cuda Statistics - INFO - Active CUDA Device: GPU 0
2025-11-24 04:53:37,540 - Cuda Statistics - INFO - Available devices  1
2025-11-24 04:53:37,540 - Cuda Statistics - INFO - Current cuda device  0
This path does not exist /esat/smcdata/users/kkontras/Image_Dataset/no_backup/CremaD/CREMA-D/AudioWAV/1076_MTI_SAD_XX.wav or /esat/smcdata/users/kkontras/Image_Dataset/no_backup/CremaD/CREMA-D/Image-01-FPS/1076_MTI_SAD_XX or /esat/smcdata/users/kkontras/Image_Dataset/no_backup/CremaD/CREMA-D/Face_features/1076_MTI_SAD_XX.npy
2025-11-24 04:53:37,630 - root - INFO - Loaded wav norm from ./mydatasets/CREMAD/wav_norm_16000_fold0.pkl
2025-11-24 04:53:37,632 - root - INFO - Norm values are {'mean': tensor(-2.7937e-05), 'std': tensor(0.0613), 'max_duration': 4.8715625}
2025-11-24 04:53:37,856 - root - INFO - Loaded wav norm from ./mydatasets/CREMAD/wav_norm_16000_fold0.pkl
2025-11-24 04:53:37,857 - root - INFO - Norm values are {'mean': tensor(-2.7937e-05), 'std': tensor(0.0613), 'max_duration': 4.8715625}
2025-11-24 04:53:38,099 - root - INFO - Loaded wav norm from ./mydatasets/CREMAD/wav_norm_16000_fold0.pkl
2025-11-24 04:53:38,099 - root - INFO - Norm values are {'mean': tensor(-2.7937e-05), 'std': tensor(0.0613), 'max_duration': 4.8715625}
Available cores 8
We are changing dataloader workers to num of cores 0
2025-11-24 04:53:38,100 - Agent - INFO - Device: cuda:0
2025-11-24 04:53:38,100 - Agent - INFO - Total training batches: 32, validate every 25 batches, steps per epoch: 2
2025-11-24 04:53:39,606 - Agent - INFO - Loss Weights are {'total': 1, 'combined': 1, 'c': 0, 'g': 0}
2025-11-24 04:53:39,844 - root - INFO - Loading enc best model state dict from /esat/smcdata/users/kkontras/Image_Dataset/no_backup/data/2025_data/synergy/unimodal_audio_fold0_lr0.001_wd0.0001.pth.tar
2025-11-24 04:53:40,533 - root - INFO - Loading enc best model state dict from /esat/smcdata/users/kkontras/Image_Dataset/no_backup/data/2025_data/synergy/unimodal_video_fold0_lr0.001_wd0.0001.pth.tar
2025-11-24 04:53:40,661 - Agent - INFO - Freezing encoder enc_0
2025-11-24 04:53:40,661 - Agent - INFO - Freezing encoder enc_1
2025-11-24 04:53:40,846 - Agent - INFO - Total number of trainable parameters are: 23502476
2025-11-24 04:53:40,852 - Agent - INFO - Total number of trainable parameters are: 1149568
2025-11-24 04:55:04,180 - Agent - INFO - [37mVal Epoch 1 step 1 with [31mpx_total : 0.228369 [31mtotal : 0.228369 
2025-11-24 04:55:04,415 - Agent - INFO - [37mModel saved successfully at: /esat/smcdata/users/kkontras/Image_Dataset/no_backup/data/2025_data/synergy/Synprom_IB_genVAEOSfold0_lib1.0_perturbgen_lr0.0001_wd1e-4_clsmlp.pth.tar[39m
2025-11-24 04:56:22,235 - Agent - INFO - [37mVal Epoch 2 step 2 with [31mpx_total : 0.180973 [31mtotal : 0.180973 
2025-11-24 04:56:22,566 - Agent - INFO - [37mModel saved successfully at: /esat/smcdata/users/kkontras/Image_Dataset/no_backup/data/2025_data/synergy/Synprom_IB_genVAEOSfold0_lib1.0_perturbgen_lr0.0001_wd1e-4_clsmlp.pth.tar[39m
2025-11-24 04:57:40,236 - Agent - INFO - [37mVal Epoch 3 step 3 with [31mpx_total : 0.178803 [31mtotal : 0.178803 
2025-11-24 04:57:40,555 - Agent - INFO - [37mModel saved successfully at: /esat/smcdata/users/kkontras/Image_Dataset/no_backup/data/2025_data/synergy/Synprom_IB_genVAEOSfold0_lib1.0_perturbgen_lr0.0001_wd1e-4_clsmlp.pth.tar[39m
2025-11-24 04:58:57,629 - Agent - INFO - [37mVal Epoch 4 step 4 with [31mpx_total : 0.177665 [31mtotal : 0.177665 
2025-11-24 04:58:57,980 - Agent - INFO - [37mModel saved successfully at: /esat/smcdata/users/kkontras/Image_Dataset/no_backup/data/2025_data/synergy/Synprom_IB_genVAEOSfold0_lib1.0_perturbgen_lr0.0001_wd1e-4_clsmlp.pth.tar[39m
2025-11-24 05:00:15,284 - Agent - INFO - [37mVal Epoch 5 step 5 with [31mpx_total : 0.174802 [31mtotal : 0.174802 
2025-11-24 05:00:15,610 - Agent - INFO - [37mModel saved successfully at: /esat/smcdata/users/kkontras/Image_Dataset/no_backup/data/2025_data/synergy/Synprom_IB_genVAEOSfold0_lib1.0_perturbgen_lr0.0001_wd1e-4_clsmlp.pth.tar[39m
2025-11-24 05:01:34,684 - Agent - INFO - [37mVal Epoch 6 step 6 with [31mpx_total : 0.166688 [31mtotal : 0.166688 
2025-11-24 05:01:35,039 - Agent - INFO - [37mModel saved successfully at: /esat/smcdata/users/kkontras/Image_Dataset/no_backup/data/2025_data/synergy/Synprom_IB_genVAEOSfold0_lib1.0_perturbgen_lr0.0001_wd1e-4_clsmlp.pth.tar[39m
2025-11-24 05:02:53,194 - Agent - INFO - [37mVal Epoch 7 step 7 with [31mpx_total : 0.161406 [31mtotal : 0.161406 
2025-11-24 05:02:53,531 - Agent - INFO - [37mModel saved successfully at: /esat/smcdata/users/kkontras/Image_Dataset/no_backup/data/2025_data/synergy/Synprom_IB_genVAEOSfold0_lib1.0_perturbgen_lr0.0001_wd1e-4_clsmlp.pth.tar[39m
2025-11-24 05:04:11,100 - Agent - INFO - [37mVal Epoch 8 step 8 with [31mpx_total : 0.160542 [31mtotal : 0.160542 
2025-11-24 05:04:11,444 - Agent - INFO - [37mModel saved successfully at: /esat/smcdata/users/kkontras/Image_Dataset/no_backup/data/2025_data/synergy/Synprom_IB_genVAEOSfold0_lib1.0_perturbgen_lr0.0001_wd1e-4_clsmlp.pth.tar[39m
2025-11-24 05:05:28,327 - Agent - INFO - [37mVal Epoch 9 step 9 with [31mpx_total : 0.155808 [31mtotal : 0.155808 
2025-11-24 05:05:28,674 - Agent - INFO - [37mModel saved successfully at: /esat/smcdata/users/kkontras/Image_Dataset/no_backup/data/2025_data/synergy/Synprom_IB_genVAEOSfold0_lib1.0_perturbgen_lr0.0001_wd1e-4_clsmlp.pth.tar[39m

Pair                         dist_corr             cka      cosine_sim   cca_mean_corr procrustes_disp
------------------------------------------------------------------------------------------------------
z1_vs_z2                        0.1358         0.1136         0.3664         0.9873         0.8658
z1_vs_~z                        0.2403         0.2234         0.8184         0.9925         0.8507
z2_vs_~z                        0.3998         0.3588         0.4083         0.9868         0.7236
------------------------------------------------------------------------------------------------------
2025-11-24 05:07:08,852 - Agent - INFO - [37mVal Epoch 10 step 10 with [31mpx_total : 0.154800 [31mtotal : 0.154800 
2025-11-24 05:07:09,265 - Agent - INFO - [37mModel saved successfully at: /esat/smcdata/users/kkontras/Image_Dataset/no_backup/data/2025_data/synergy/Synprom_IB_genVAEOSfold0_lib1.0_perturbgen_lr0.0001_wd1e-4_clsmlp.pth.tar[39m
2025-11-24 05:08:23,479 - Agent - INFO - [37mVal Epoch 11 step 11 with [31mpx_total : 0.155820 [31mtotal : 0.155820 
2025-11-24 05:09:40,414 - Agent - INFO - [37mVal Epoch 12 step 12 with [31mpx_total : 0.153029 [31mtotal : 0.153029 
2025-11-24 05:09:40,734 - Agent - INFO - [37mModel saved successfully at: /esat/smcdata/users/kkontras/Image_Dataset/no_backup/data/2025_data/synergy/Synprom_IB_genVAEOSfold0_lib1.0_perturbgen_lr0.0001_wd1e-4_clsmlp.pth.tar[39m
2025-11-24 05:10:56,474 - Agent - INFO - [37mVal Epoch 13 step 13 with [31mpx_total : 0.152888 [31mtotal : 0.152888 
2025-11-24 05:10:56,799 - Agent - INFO - [37mModel saved successfully at: /esat/smcdata/users/kkontras/Image_Dataset/no_backup/data/2025_data/synergy/Synprom_IB_genVAEOSfold0_lib1.0_perturbgen_lr0.0001_wd1e-4_clsmlp.pth.tar[39m
2025-11-24 05:12:14,359 - Agent - INFO - [37mVal Epoch 14 step 14 with [31mpx_total : 0.150887 [31mtotal : 0.150887 
2025-11-24 05:12:14,675 - Agent - INFO - [37mModel saved successfully at: /esat/smcdata/users/kkontras/Image_Dataset/no_backup/data/2025_data/synergy/Synprom_IB_genVAEOSfold0_lib1.0_perturbgen_lr0.0001_wd1e-4_clsmlp.pth.tar[39m
2025-11-24 05:13:31,266 - Agent - INFO - [37mVal Epoch 15 step 15 with [31mpx_total : 0.152938 [31mtotal : 0.152938 
2025-11-24 05:14:49,012 - Agent - INFO - [37mVal Epoch 16 step 16 with [31mpx_total : 0.149783 [31mtotal : 0.149783 
2025-11-24 05:14:49,339 - Agent - INFO - [37mModel saved successfully at: /esat/smcdata/users/kkontras/Image_Dataset/no_backup/data/2025_data/synergy/Synprom_IB_genVAEOSfold0_lib1.0_perturbgen_lr0.0001_wd1e-4_clsmlp.pth.tar[39m
2025-11-24 05:16:06,252 - Agent - INFO - [37mVal Epoch 17 step 17 with [31mpx_total : 0.146860 [31mtotal : 0.146860 
2025-11-24 05:16:06,597 - Agent - INFO - [37mModel saved successfully at: /esat/smcdata/users/kkontras/Image_Dataset/no_backup/data/2025_data/synergy/Synprom_IB_genVAEOSfold0_lib1.0_perturbgen_lr0.0001_wd1e-4_clsmlp.pth.tar[39m
2025-11-24 05:17:23,229 - Agent - INFO - [37mVal Epoch 18 step 18 with [31mpx_total : 0.152748 [31mtotal : 0.152748 
2025-11-24 05:18:40,335 - Agent - INFO - [37mVal Epoch 19 step 19 with [31mpx_total : 0.147265 [31mtotal : 0.147265 

Pair                         dist_corr             cka      cosine_sim   cca_mean_corr procrustes_disp
------------------------------------------------------------------------------------------------------
z1_vs_z2                        0.1358         0.1136         0.3664         0.9873         0.8658
z1_vs_~z                        0.2560         0.2586         0.8062         0.9936         0.7944
z2_vs_~z                        0.4971         0.4079         0.4011         0.9925         0.5299
------------------------------------------------------------------------------------------------------
2025-11-24 05:20:26,383 - Agent - INFO - [37mVal Epoch 20 step 20 with [31mpx_total : 0.141714 [31mtotal : 0.141714 
2025-11-24 05:20:26,803 - Agent - INFO - [37mModel saved successfully at: /esat/smcdata/users/kkontras/Image_Dataset/no_backup/data/2025_data/synergy/Synprom_IB_genVAEOSfold0_lib1.0_perturbgen_lr0.0001_wd1e-4_clsmlp.pth.tar[39m
2025-11-24 05:21:45,198 - Agent - INFO - [37mVal Epoch 21 step 21 with [31mpx_total : 0.144811 [31mtotal : 0.144811 
2025-11-24 05:23:02,443 - Agent - INFO - [37mVal Epoch 22 step 22 with [31mpx_total : 0.145645 [31mtotal : 0.145645 
2025-11-24 05:24:20,300 - Agent - INFO - [37mVal Epoch 23 step 23 with [31mpx_total : 0.143666 [31mtotal : 0.143666 
2025-11-24 05:25:39,927 - Agent - INFO - [37mVal Epoch 24 step 24 with [31mpx_total : 0.144231 [31mtotal : 0.144231 
2025-11-24 05:26:57,968 - Agent - INFO - [37mVal Epoch 25 step 25 with [31mpx_total : 0.143801 [31mtotal : 0.143801 
2025-11-24 05:28:15,530 - Agent - INFO - [37mVal Epoch 26 step 26 with [31mpx_total : 0.142676 [31mtotal : 0.142676 
2025-11-24 05:29:32,997 - Agent - INFO - [37mVal Epoch 27 step 27 with [31mpx_total : 0.142110 [31mtotal : 0.142110 
2025-11-24 05:30:49,107 - Agent - INFO - [37mVal Epoch 28 step 28 with [31mpx_total : 0.143863 [31mtotal : 0.143863 
2025-11-24 05:32:06,957 - Agent - INFO - [37mVal Epoch 29 step 29 with [31mpx_total : 0.144415 [31mtotal : 0.144415 

Pair                         dist_corr             cka      cosine_sim   cca_mean_corr procrustes_disp
------------------------------------------------------------------------------------------------------
z1_vs_z2                        0.1358         0.1136         0.3664         0.9873         0.8658
z1_vs_~z                        0.2617         0.2616         0.8000         0.9919         0.7938
z2_vs_~z                        0.4874         0.3805         0.3978         0.9934         0.5241
------------------------------------------------------------------------------------------------------
2025-11-24 05:33:53,486 - Agent - INFO - [37mVal Epoch 30 step 30 with [31mpx_total : 0.144151 [31mtotal : 0.144151 
2025-11-24 05:35:09,156 - Agent - INFO - [37mVal Epoch 31 step 31 with [31mpx_total : 0.144571 [31mtotal : 0.144571 
2025-11-24 05:36:22,985 - Agent - INFO - [37mVal Epoch 32 step 32 with [31mpx_total : 0.144647 [31mtotal : 0.144647 
2025-11-24 05:37:38,398 - Agent - INFO - [37mVal Epoch 33 step 33 with [31mpx_total : 0.143257 [31mtotal : 0.143257 
2025-11-24 05:38:53,424 - Agent - INFO - [37mVal Epoch 34 step 34 with [31mpx_total : 0.142950 [31mtotal : 0.142950 
2025-11-24 05:40:10,167 - Agent - INFO - [37mVal Epoch 35 step 35 with [31mpx_total : 0.144224 [31mtotal : 0.144224 
2025-11-24 05:41:26,556 - Agent - INFO - [37mVal Epoch 36 step 36 with [31mpx_total : 0.142085 [31mtotal : 0.142085 
2025-11-24 05:42:46,777 - Agent - INFO - [37mVal Epoch 37 step 37 with [31mpx_total : 0.145380 [31mtotal : 0.145380 
2025-11-24 05:44:01,712 - Agent - INFO - [37mVal Epoch 38 step 38 with [31mpx_total : 0.144247 [31mtotal : 0.144247 
2025-11-24 05:45:17,424 - Agent - INFO - [37mVal Epoch 39 step 39 with [31mpx_total : 0.143682 [31mtotal : 0.143682 

Pair                         dist_corr             cka      cosine_sim   cca_mean_corr procrustes_disp
------------------------------------------------------------------------------------------------------
z1_vs_z2                        0.1358         0.1136         0.3664         0.9873         0.8658
z1_vs_~z                        0.2665         0.2575         0.8021         0.9937         0.7937
z2_vs_~z                        0.4794         0.3813         0.3976         0.9943         0.5208
------------------------------------------------------------------------------------------------------
2025-11-24 05:47:01,367 - Agent - INFO - [37mVal Epoch 40 step 40 with [31mpx_total : 0.143044 [31mtotal : 0.143044 
2025-11-24 05:48:18,335 - Agent - INFO - [37mVal Epoch 41 step 41 with [31mpx_total : 0.143060 [31mtotal : 0.143060 
2025-11-24 05:49:33,118 - Agent - INFO - [37mVal Epoch 42 step 42 with [31mpx_total : 0.142895 [31mtotal : 0.142895 
2025-11-24 05:50:46,439 - Agent - INFO - [37mVal Epoch 43 step 43 with [31mpx_total : 0.146349 [31mtotal : 0.146349 
2025-11-24 05:52:00,747 - Agent - INFO - [37mVal Epoch 44 step 44 with [31mpx_total : 0.143900 [31mtotal : 0.143900 
2025-11-24 05:53:16,622 - Agent - INFO - [37mVal Epoch 45 step 45 with [31mpx_total : 0.143760 [31mtotal : 0.143760 
2025-11-24 05:54:30,875 - Agent - INFO - [37mVal Epoch 46 step 46 with [31mpx_total : 0.144375 [31mtotal : 0.144375 
2025-11-24 05:55:44,304 - Agent - INFO - [37mVal Epoch 47 step 47 with [31mpx_total : 0.146501 [31mtotal : 0.146501 
2025-11-24 05:56:57,218 - Agent - INFO - [37mVal Epoch 48 step 48 with [31mpx_total : 0.142872 [31mtotal : 0.142872 
2025-11-24 05:58:09,918 - Agent - INFO - [37mVal Epoch 49 step 49 with [31mpx_total : 0.144225 [31mtotal : 0.144225 

Pair                         dist_corr             cka      cosine_sim   cca_mean_corr procrustes_disp
------------------------------------------------------------------------------------------------------
z1_vs_z2                        0.1358         0.1136         0.3664         0.9873         0.8658
z1_vs_~z                        0.2660         0.2708         0.7997         0.9961         0.7868
z2_vs_~z                        0.4832         0.3728         0.3972         0.9946         0.5208
------------------------------------------------------------------------------------------------------
2025-11-24 06:00:00,449 - Agent - INFO - [37mVal Epoch 50 step 50 with [31mpx_total : 0.141578 [31mtotal : 0.141578 
2025-11-24 06:00:00,951 - Agent - INFO - [37mModel saved successfully at: /esat/smcdata/users/kkontras/Image_Dataset/no_backup/data/2025_data/synergy/Synprom_IB_genVAEOSfold0_lib1.0_perturbgen_lr0.0001_wd1e-4_clsmlp.pth.tar[39m
2025-11-24 06:01:17,937 - Agent - INFO - [37mVal Epoch 51 step 51 with [31mpx_total : 0.142141 [31mtotal : 0.142141 
2025-11-24 06:02:33,177 - Agent - INFO - [37mVal Epoch 52 step 52 with [31mpx_total : 0.143703 [31mtotal : 0.143703 
2025-11-24 06:03:47,924 - Agent - INFO - [37mVal Epoch 53 step 53 with [31mpx_total : 0.144383 [31mtotal : 0.144383 
2025-11-24 06:05:05,697 - Agent - INFO - [37mVal Epoch 54 step 54 with [31mpx_total : 0.142250 [31mtotal : 0.142250 
2025-11-24 06:06:28,448 - Agent - INFO - [37mVal Epoch 55 step 55 with [31mpx_total : 0.143532 [31mtotal : 0.143532 
2025-11-24 06:07:44,777 - Agent - INFO - [37mVal Epoch 56 step 56 with [31mpx_total : 0.143446 [31mtotal : 0.143446 
2025-11-24 06:09:03,553 - Agent - INFO - [37mVal Epoch 57 step 57 with [31mpx_total : 0.143925 [31mtotal : 0.143925 
2025-11-24 06:10:22,273 - Agent - INFO - [37mVal Epoch 58 step 58 with [31mpx_total : 0.142482 [31mtotal : 0.142482 
2025-11-24 06:11:40,753 - Agent - INFO - [37mVal Epoch 59 step 59 with [31mpx_total : 0.144156 [31mtotal : 0.144156 

Pair                         dist_corr             cka      cosine_sim   cca_mean_corr procrustes_disp
------------------------------------------------------------------------------------------------------
z1_vs_z2                        0.1358         0.1136         0.3664         0.9873         0.8658
z1_vs_~z                        0.2587         0.2615         0.7989         0.9948         0.7896
z2_vs_~z                        0.4667         0.3516         0.3975         0.9949         0.5329
------------------------------------------------------------------------------------------------------
2025-11-24 06:13:48,994 - Agent - INFO - [37mVal Epoch 60 step 60 with [31mpx_total : 0.143342 [31mtotal : 0.143342 
2025-11-24 06:15:08,282 - Agent - INFO - [37mVal Epoch 61 step 61 with [31mpx_total : 0.143575 [31mtotal : 0.143575 
2025-11-24 06:16:24,525 - Agent - INFO - [37mVal Epoch 62 step 62 with [31mpx_total : 0.143792 [31mtotal : 0.143792 
2025-11-24 06:17:42,687 - Agent - INFO - [37mVal Epoch 63 step 63 with [31mpx_total : 0.143404 [31mtotal : 0.143404 
2025-11-24 06:19:02,328 - Agent - INFO - [37mVal Epoch 64 step 64 with [31mpx_total : 0.144504 [31mtotal : 0.144504 
2025-11-24 06:20:18,496 - Agent - INFO - [37mVal Epoch 65 step 65 with [31mpx_total : 0.146038 [31mtotal : 0.146038 
2025-11-24 06:21:36,143 - Agent - INFO - [37mVal Epoch 66 step 66 with [31mpx_total : 0.141621 [31mtotal : 0.141621 
2025-11-24 06:22:54,046 - Agent - INFO - [37mVal Epoch 67 step 67 with [31mpx_total : 0.141534 [31mtotal : 0.141534 
2025-11-24 06:22:54,444 - Agent - INFO - [37mModel saved successfully at: /esat/smcdata/users/kkontras/Image_Dataset/no_backup/data/2025_data/synergy/Synprom_IB_genVAEOSfold0_lib1.0_perturbgen_lr0.0001_wd1e-4_clsmlp.pth.tar[39m
2025-11-24 06:24:12,065 - Agent - INFO - [37mVal Epoch 68 step 68 with [31mpx_total : 0.144377 [31mtotal : 0.144377 
2025-11-24 06:25:27,235 - Agent - INFO - [37mVal Epoch 69 step 69 with [31mpx_total : 0.149889 [31mtotal : 0.149889 

Pair                         dist_corr             cka      cosine_sim   cca_mean_corr procrustes_disp
------------------------------------------------------------------------------------------------------
z1_vs_z2                        0.1358         0.1136         0.3664         0.9873         0.8658
z1_vs_~z                        0.2470         0.2490         0.8040         0.9937         0.7999
z2_vs_~z                        0.4559         0.3405         0.3980         0.9953         0.5353
------------------------------------------------------------------------------------------------------
2025-11-24 06:27:08,909 - Agent - INFO - [37mVal Epoch 70 step 70 with [31mpx_total : 0.142268 [31mtotal : 0.142268 
2025-11-24 06:28:25,635 - Agent - INFO - [37mVal Epoch 71 step 71 with [31mpx_total : 0.142553 [31mtotal : 0.142553 
2025-11-24 06:29:41,640 - Agent - INFO - [37mVal Epoch 72 step 72 with [31mpx_total : 0.144910 [31mtotal : 0.144910 
2025-11-24 06:30:58,096 - Agent - INFO - [37mVal Epoch 73 step 73 with [31mpx_total : 0.148214 [31mtotal : 0.148214 
2025-11-24 06:32:14,275 - Agent - INFO - [37mVal Epoch 74 step 74 with [31mpx_total : 0.144329 [31mtotal : 0.144329 
2025-11-24 06:33:29,803 - Agent - INFO - [37mVal Epoch 75 step 75 with [31mpx_total : 0.149669 [31mtotal : 0.149669 
2025-11-24 06:34:46,593 - Agent - INFO - [37mVal Epoch 76 step 76 with [31mpx_total : 0.145474 [31mtotal : 0.145474 
2025-11-24 06:36:02,640 - Agent - INFO - [37mVal Epoch 77 step 77 with [31mpx_total : 0.143939 [31mtotal : 0.143939 
2025-11-24 06:37:18,630 - Agent - INFO - [37mVal Epoch 78 step 78 with [31mpx_total : 0.145582 [31mtotal : 0.145582 
2025-11-24 06:38:34,965 - Agent - INFO - [37mVal Epoch 79 step 79 with [31mpx_total : 0.145964 [31mtotal : 0.145964 

Pair                         dist_corr             cka      cosine_sim   cca_mean_corr procrustes_disp
------------------------------------------------------------------------------------------------------
z1_vs_z2                        0.1358         0.1136         0.3664         0.9873         0.8658
z1_vs_~z                        0.2527         0.2508         0.7956         0.9938         0.7994
z2_vs_~z                        0.4383         0.3103         0.3954         0.9960         0.5520
------------------------------------------------------------------------------------------------------
2025-11-24 06:40:20,645 - Agent - INFO - [37mVal Epoch 80 step 80 with [31mpx_total : 0.147791 [31mtotal : 0.147791 
2025-11-24 06:41:37,897 - Agent - INFO - [37mVal Epoch 81 step 81 with [31mpx_total : 0.141840 [31mtotal : 0.141840 
2025-11-24 06:42:52,651 - Agent - INFO - [37mVal Epoch 82 step 82 with [31mpx_total : 0.145541 [31mtotal : 0.145541 
2025-11-24 06:44:08,151 - Agent - INFO - [37mVal Epoch 83 step 83 with [31mpx_total : 0.145818 [31mtotal : 0.145818 
2025-11-24 06:45:23,151 - Agent - INFO - [37mVal Epoch 84 step 84 with [31mpx_total : 0.148190 [31mtotal : 0.148190 
2025-11-24 06:46:38,333 - Agent - INFO - [37mVal Epoch 85 step 85 with [31mpx_total : 0.143397 [31mtotal : 0.143397 
2025-11-24 06:47:53,187 - Agent - INFO - [37mVal Epoch 86 step 86 with [31mpx_total : 0.149763 [31mtotal : 0.149763 
2025-11-24 06:49:08,672 - Agent - INFO - [37mVal Epoch 87 step 87 with [31mpx_total : 0.145728 [31mtotal : 0.145728 
2025-11-24 06:50:23,349 - Agent - INFO - [37mVal Epoch 88 step 88 with [31mpx_total : 0.147471 [31mtotal : 0.147471 
2025-11-24 06:51:39,385 - Agent - INFO - [37mVal Epoch 89 step 89 with [31mpx_total : 0.144090 [31mtotal : 0.144090 

Pair                         dist_corr             cka      cosine_sim   cca_mean_corr procrustes_disp
------------------------------------------------------------------------------------------------------
z1_vs_z2                        0.1358         0.1136         0.3664         0.9873         0.8658
z1_vs_~z                        0.2511         0.2550         0.8005         0.9941         0.7959
z2_vs_~z                        0.4388         0.3134         0.3966         0.9957         0.5529
------------------------------------------------------------------------------------------------------
2025-11-24 06:53:29,415 - Agent - INFO - [37mVal Epoch 90 step 90 with [31mpx_total : 0.142576 [31mtotal : 0.142576 
2025-11-24 06:54:46,644 - Agent - INFO - [37mVal Epoch 91 step 91 with [31mpx_total : 0.146989 [31mtotal : 0.146989 
2025-11-24 06:56:02,771 - Agent - INFO - [37mVal Epoch 92 step 92 with [31mpx_total : 0.145416 [31mtotal : 0.145416 
2025-11-24 06:57:18,500 - Agent - INFO - [37mVal Epoch 93 step 93 with [31mpx_total : 0.143554 [31mtotal : 0.143554 
2025-11-24 06:58:34,329 - Agent - INFO - [37mVal Epoch 94 step 94 with [31mpx_total : 0.146937 [31mtotal : 0.146937 
2025-11-24 06:59:53,450 - Agent - INFO - [37mVal Epoch 95 step 95 with [31mpx_total : 0.146095 [31mtotal : 0.146095 
2025-11-24 07:01:09,692 - Agent - INFO - [37mVal Epoch 96 step 96 with [31mpx_total : 0.146061 [31mtotal : 0.146061 
2025-11-24 07:02:26,295 - Agent - INFO - [37mVal Epoch 97 step 97 with [31mpx_total : 0.148787 [31mtotal : 0.148787 
2025-11-24 07:03:42,544 - Agent - INFO - [37mVal Epoch 98 step 98 with [31mpx_total : 0.149385 [31mtotal : 0.149385 
2025-11-24 07:05:00,638 - Agent - INFO - [37mVal Epoch 99 step 99 with [31mpx_total : 0.144265 [31mtotal : 0.144265 

Pair                         dist_corr             cka      cosine_sim   cca_mean_corr procrustes_disp
------------------------------------------------------------------------------------------------------
z1_vs_z2                        0.1358         0.1136         0.3664         0.9873         0.8658
z1_vs_~z                        0.2426         0.2479         0.7985         0.9938         0.7981
z2_vs_~z                        0.4416         0.3167         0.3969         0.9964         0.5500
------------------------------------------------------------------------------------------------------
2025-11-24 07:06:44,824 - Agent - INFO - [37mVal Epoch 100 step 100 with [31mpx_total : 0.145049 [31mtotal : 0.145049 
2025-11-24 07:08:01,531 - Agent - INFO - [37mVal Epoch 101 step 101 with [31mpx_total : 0.147786 [31mtotal : 0.147786 
2025-11-24 07:09:16,857 - Agent - INFO - [37mVal Epoch 102 step 102 with [31mpx_total : 0.146199 [31mtotal : 0.146199 
2025-11-24 07:10:32,499 - Agent - INFO - [37mVal Epoch 103 step 103 with [31mpx_total : 0.145906 [31mtotal : 0.145906 
2025-11-24 07:11:50,246 - Agent - INFO - [37mVal Epoch 104 step 104 with [31mpx_total : 0.147868 [31mtotal : 0.147868 
2025-11-24 07:13:07,803 - Agent - INFO - [37mVal Epoch 105 step 105 with [31mpx_total : 0.146388 [31mtotal : 0.146388 
2025-11-24 07:14:25,570 - Agent - INFO - [37mVal Epoch 106 step 106 with [31mpx_total : 0.146531 [31mtotal : 0.146531 
2025-11-24 07:15:42,990 - Agent - INFO - [37mVal Epoch 107 step 107 with [31mpx_total : 0.146368 [31mtotal : 0.146368 
2025-11-24 07:17:02,571 - Agent - INFO - [37mVal Epoch 108 step 108 with [31mpx_total : 0.146688 [31mtotal : 0.146688 
2025-11-24 07:18:20,026 - Agent - INFO - [37mVal Epoch 109 step 109 with [31mpx_total : 0.145753 [31mtotal : 0.145753 

Pair                         dist_corr             cka      cosine_sim   cca_mean_corr procrustes_disp
------------------------------------------------------------------------------------------------------
z1_vs_z2                        0.1358         0.1136         0.3664         0.9873         0.8658
z1_vs_~z                        0.2501         0.2546         0.7978         0.9958         0.7942
z2_vs_~z                        0.4420         0.3154         0.3971         0.9962         0.5515
------------------------------------------------------------------------------------------------------
2025-11-24 07:20:09,946 - Agent - INFO - [37mVal Epoch 110 step 110 with [31mpx_total : 0.145139 [31mtotal : 0.145139 
2025-11-24 07:21:28,876 - Agent - INFO - [37mVal Epoch 111 step 111 with [31mpx_total : 0.145748 [31mtotal : 0.145748 
2025-11-24 07:22:44,840 - Agent - INFO - [37mVal Epoch 112 step 112 with [31mpx_total : 0.144432 [31mtotal : 0.144432 
2025-11-24 07:24:00,975 - Agent - INFO - [37mVal Epoch 113 step 113 with [31mpx_total : 0.147318 [31mtotal : 0.147318 
2025-11-24 07:25:17,195 - Agent - INFO - [37mVal Epoch 114 step 114 with [31mpx_total : 0.146652 [31mtotal : 0.146652 
2025-11-24 07:26:33,812 - Agent - INFO - [37mVal Epoch 115 step 115 with [31mpx_total : 0.146672 [31mtotal : 0.146672 
2025-11-24 07:27:52,629 - Agent - INFO - [37mVal Epoch 116 step 116 with [31mpx_total : 0.145416 [31mtotal : 0.145416 
2025-11-24 07:29:09,267 - Agent - INFO - [37mVal Epoch 117 step 117 with [31mpx_total : 0.147614 [31mtotal : 0.147614 
2025-11-24 07:30:28,304 - Agent - INFO - [37mVal Epoch 118 step 118 with [31mpx_total : 0.146166 [31mtotal : 0.146166 
2025-11-24 07:31:44,343 - Agent - INFO - [37mVal Epoch 119 step 119 with [31mpx_total : 0.146514 [31mtotal : 0.146514 

Pair                         dist_corr             cka      cosine_sim   cca_mean_corr procrustes_disp
------------------------------------------------------------------------------------------------------
z1_vs_z2                        0.1358         0.1136         0.3664         0.9873         0.8658
z1_vs_~z                        0.2510         0.2521         0.7957         0.9954         0.7967
z2_vs_~z                        0.4453         0.3242         0.3959         0.9963         0.5501
------------------------------------------------------------------------------------------------------
2025-11-24 07:33:27,937 - Agent - INFO - [37mVal Epoch 120 step 120 with [31mpx_total : 0.147130 [31mtotal : 0.147130 
2025-11-24 07:34:46,186 - Agent - INFO - [37mVal Epoch 121 step 121 with [31mpx_total : 0.146089 [31mtotal : 0.146089 
2025-11-24 07:36:00,671 - Agent - INFO - [37mVal Epoch 122 step 122 with [31mpx_total : 0.145767 [31mtotal : 0.145767 
2025-11-24 07:37:15,721 - Agent - INFO - [37mVal Epoch 123 step 123 with [31mpx_total : 0.145886 [31mtotal : 0.145886 
2025-11-24 07:38:30,604 - Agent - INFO - [37mVal Epoch 124 step 124 with [31mpx_total : 0.145933 [31mtotal : 0.145933 
2025-11-24 07:39:46,712 - Agent - INFO - [37mVal Epoch 125 step 125 with [31mpx_total : 0.146363 [31mtotal : 0.146363 
2025-11-24 07:41:04,895 - Agent - INFO - [37mVal Epoch 126 step 126 with [31mpx_total : 0.145806 [31mtotal : 0.145806 
2025-11-24 07:42:23,314 - Agent - INFO - [37mVal Epoch 127 step 127 with [31mpx_total : 0.146062 [31mtotal : 0.146062 
2025-11-24 07:43:41,254 - Agent - INFO - [37mVal Epoch 128 step 128 with [31mpx_total : 0.144181 [31mtotal : 0.144181 
2025-11-24 07:44:58,991 - Agent - INFO - [37mVal Epoch 129 step 129 with [31mpx_total : 0.150355 [31mtotal : 0.150355 

Pair                         dist_corr             cka      cosine_sim   cca_mean_corr procrustes_disp
------------------------------------------------------------------------------------------------------
z1_vs_z2                        0.1358         0.1136         0.3664         0.9873         0.8658
z1_vs_~z                        0.2538         0.2567         0.7938         0.9938         0.7918
z2_vs_~z                        0.4437         0.3188         0.3954         0.9961         0.5502
------------------------------------------------------------------------------------------------------
2025-11-24 07:46:42,984 - Agent - INFO - [37mVal Epoch 130 step 130 with [31mpx_total : 0.147827 [31mtotal : 0.147827 
2025-11-24 07:48:01,498 - Agent - INFO - [37mVal Epoch 131 step 131 with [31mpx_total : 0.143207 [31mtotal : 0.143207 
2025-11-24 07:49:19,830 - Agent - INFO - [37mVal Epoch 132 step 132 with [31mpx_total : 0.141581 [31mtotal : 0.141581 
2025-11-24 07:50:35,010 - Agent - INFO - [37mVal Epoch 133 step 133 with [31mpx_total : 0.152975 [31mtotal : 0.152975 
2025-11-24 07:51:51,296 - Agent - INFO - [37mVal Epoch 134 step 134 with [31mpx_total : 0.147997 [31mtotal : 0.147997 
2025-11-24 07:53:08,727 - Agent - INFO - [37mVal Epoch 135 step 135 with [31mpx_total : 0.143538 [31mtotal : 0.143538 
2025-11-24 07:54:26,229 - Agent - INFO - [37mVal Epoch 136 step 136 with [31mpx_total : 0.148544 [31mtotal : 0.148544 
2025-11-24 07:55:41,501 - Agent - INFO - [37mVal Epoch 137 step 137 with [31mpx_total : 0.146333 [31mtotal : 0.146333 
2025-11-24 07:56:59,329 - Agent - INFO - [37mVal Epoch 138 step 138 with [31mpx_total : 0.147055 [31mtotal : 0.147055 
2025-11-24 07:58:16,350 - Agent - INFO - [37mVal Epoch 139 step 139 with [31mpx_total : 0.144140 [31mtotal : 0.144140 

Pair                         dist_corr             cka      cosine_sim   cca_mean_corr procrustes_disp
------------------------------------------------------------------------------------------------------
z1_vs_z2                        0.1358         0.1136         0.3664         0.9873         0.8658
z1_vs_~z                        0.2462         0.2559         0.7961         0.9938         0.7897
z2_vs_~z                        0.4416         0.3233         0.3967         0.9963         0.5501
------------------------------------------------------------------------------------------------------
2025-11-24 08:00:07,345 - Agent - INFO - [37mVal Epoch 140 step 140 with [31mpx_total : 0.144752 [31mtotal : 0.144752 
2025-11-24 08:01:30,228 - Agent - INFO - [37mVal Epoch 141 step 141 with [31mpx_total : 0.151587 [31mtotal : 0.151587 
2025-11-24 08:02:47,057 - Agent - INFO - [37mVal Epoch 142 step 142 with [31mpx_total : 0.149215 [31mtotal : 0.149215 
2025-11-24 08:04:03,900 - Agent - INFO - [37mVal Epoch 143 step 143 with [31mpx_total : 0.148079 [31mtotal : 0.148079 
2025-11-24 08:05:19,986 - Agent - INFO - [37mVal Epoch 144 step 144 with [31mpx_total : 0.144749 [31mtotal : 0.144749 
2025-11-24 08:06:38,354 - Agent - INFO - [37mVal Epoch 145 step 145 with [31mpx_total : 0.142889 [31mtotal : 0.142889 
2025-11-24 08:07:55,410 - Agent - INFO - [37mVal Epoch 146 step 146 with [31mpx_total : 0.145256 [31mtotal : 0.145256 
2025-11-24 08:09:12,734 - Agent - INFO - [37mVal Epoch 147 step 147 with [31mpx_total : 0.148315 [31mtotal : 0.148315 
2025-11-24 08:10:28,976 - Agent - INFO - [37mVal Epoch 148 step 148 with [31mpx_total : 0.146667 [31mtotal : 0.146667 
2025-11-24 08:11:46,709 - Agent - INFO - [37mVal Epoch 149 step 149 with [31mpx_total : 0.146249 [31mtotal : 0.146249 

Pair                         dist_corr             cka      cosine_sim   cca_mean_corr procrustes_disp
------------------------------------------------------------------------------------------------------
z1_vs_z2                        0.1358         0.1136         0.3664         0.9873         0.8658
z1_vs_~z                        0.2515         0.2539         0.7993         0.9951         0.7936
z2_vs_~z                        0.4617         0.3276         0.3971         0.9963         0.5387
------------------------------------------------------------------------------------------------------
2025-11-24 08:14:02,242 - Agent - INFO - [37mVal Epoch 150 step 150 with [31mpx_total : 0.144228 [31mtotal : 0.144228 
2025-11-24 08:15:21,696 - Agent - INFO - [37mVal Epoch 151 step 151 with [31mpx_total : 0.147197 [31mtotal : 0.147197 
2025-11-24 08:16:38,767 - Agent - INFO - [37mVal Epoch 152 step 152 with [31mpx_total : 0.145393 [31mtotal : 0.145393 
2025-11-24 08:17:55,364 - Agent - INFO - [37mVal Epoch 153 step 153 with [31mpx_total : 0.143393 [31mtotal : 0.143393 
2025-11-24 08:19:13,181 - Agent - INFO - [37mVal Epoch 154 step 154 with [31mpx_total : 0.144334 [31mtotal : 0.144334 
2025-11-24 08:20:29,608 - Agent - INFO - [37mVal Epoch 155 step 155 with [31mpx_total : 0.145442 [31mtotal : 0.145442 
2025-11-24 08:21:48,279 - Agent - INFO - [37mVal Epoch 156 step 156 with [31mpx_total : 0.143604 [31mtotal : 0.143604 
2025-11-24 08:23:06,892 - Agent - INFO - [37mVal Epoch 157 step 157 with [31mpx_total : 0.143651 [31mtotal : 0.143651 
2025-11-24 08:24:25,802 - Agent - INFO - [37mVal Epoch 158 step 158 with [31mpx_total : 0.147730 [31mtotal : 0.147730 
2025-11-24 08:25:44,146 - Agent - INFO - [37mVal Epoch 159 step 159 with [31mpx_total : 0.146744 [31mtotal : 0.146744 

Pair                         dist_corr             cka      cosine_sim   cca_mean_corr procrustes_disp
------------------------------------------------------------------------------------------------------
z1_vs_z2                        0.1358         0.1136         0.3664         0.9873         0.8658
z1_vs_~z                        0.2518         0.2550         0.7933         0.9930         0.7942
z2_vs_~z                        0.4604         0.3396         0.3946         0.9962         0.5456
------------------------------------------------------------------------------------------------------
2025-11-24 08:27:33,630 - Agent - INFO - [37mVal Epoch 160 step 160 with [31mpx_total : 0.149463 [31mtotal : 0.149463 
2025-11-24 08:28:51,882 - Agent - INFO - [37mVal Epoch 161 step 161 with [31mpx_total : 0.144431 [31mtotal : 0.144431 
2025-11-24 08:30:07,954 - Agent - INFO - [37mVal Epoch 162 step 162 with [31mpx_total : 0.146232 [31mtotal : 0.146232 
2025-11-24 08:31:23,612 - Agent - INFO - [37mVal Epoch 163 step 163 with [31mpx_total : 0.143306 [31mtotal : 0.143306 
2025-11-24 08:32:40,621 - Agent - INFO - [37mVal Epoch 164 step 164 with [31mpx_total : 0.147903 [31mtotal : 0.147903 
2025-11-24 08:33:56,518 - Agent - INFO - [37mVal Epoch 165 step 165 with [31mpx_total : 0.153013 [31mtotal : 0.153013 
2025-11-24 08:35:13,258 - Agent - INFO - [37mVal Epoch 166 step 166 with [31mpx_total : 0.152644 [31mtotal : 0.152644 
2025-11-24 08:35:15,195 - Agent - INFO - We are in the final state.
2025-11-24 08:35:15,337 - root - INFO - Loaded best model from /esat/smcdata/users/kkontras/Image_Dataset/no_backup/data/2025_data/synergy/Synprom_IB_genVAEOSfold0_lib1.0_perturbgen_lr0.0001_wd1e-4_clsmlp.pth.tar
2025-11-24 08:35:28,636 - Agent - INFO - [37mVal Epoch 166 step 0 with [31mpx_total : 0.141130 [31mtotal : 0.141130 

Pair                         dist_corr             cka      cosine_sim   cca_mean_corr procrustes_disp
------------------------------------------------------------------------------------------------------
z1_vs_z2                        0.0052         0.0510         0.3621         0.9842         0.9155
z1_vs_~z                        0.1510         0.1280         0.7884         0.9925         0.9110
z2_vs_~z                        0.5057         0.4411         0.3905         0.9956         0.4926
------------------------------------------------------------------------------------------------------
2025-11-24 08:36:14,751 - Agent - INFO - [37mTest Epoch 166 step 0 with [31mpx_total : 0.192835 [31mtotal : 0.192835 
2025-11-24 08:36:15,401 - Agent - INFO - [37mModel saved successfully at: /esat/smcdata/users/kkontras/Image_Dataset/no_backup/data/2025_data/synergy/Synprom_IB_genVAEOSfold0_lib1.0_perturbgen_lr0.0001_wd1e-4_clsmlp.pth.tar[39m
[1;34mwandb[0m: 
[1;34mwandb[0m: 🚀 View run [33mSynprom_IB_genVAEOSfold0_lib1.0_perturbgen_lr0.0001_wd1e-4_clsmlp[0m at: [34m[0m
[1;34mwandb[0m: Find logs at: [1;35mwandb/run-20251124_045338-4tse5duh/logs[0m
Job finished
