000 (007.024.000) 2025-11-23 17:36:53 Job submitted from host: <10.87.28.3:9618?addrs=10.87.28.3-9618&alias=deanston.esat.kuleuven.be&noUDP&sock=schedd_1644_39c9>
...
001 (007.024.000) 2025-11-24 04:53:20 Job executing on host: <10.87.28.117:9618?addrs=10.87.28.117-9618&alias=stadius-nc-4.esat.kuleuven.be&noUDP&sock=startd_3356_83ed>
	SlotName: slot1_2@stadius-nc-4.esat.kuleuven.be
	AvailableGPUs = { GPUs_GPU_8c3c8db2 }
	CondorScratchDir = "/volume1/condor/execute/dir_51971"
	Cpus = 8
	Disk = 1050150
	GPUs = 1
	GPUs_GPU_8c3c8db2 = [ Id = "GPU-8c3c8db2"; ClockMhz = 1545.0; Capability = 7.5; CoresPerCU = 64; DeviceName = "NVIDIA GeForce RTX 2080 Ti"; DeviceUuid = "8c3c8db2-06a6-9e0e-a6ee-a948fb2f7f27"; ECCEnabled = false; ComputeUnits = 68; NvidiaDriver = "570.153.02"; DriverVersion = 12.8; DevicePciBusId = "0000:5B:00.0"; GlobalMemoryMb = 10823; MaxSupportedVersion = 12080 ]
	Memory = 71680
...
006 (007.024.000) 2025-11-24 04:53:28 Image size of job updated: 406288
	397  -  MemoryUsage of job (MB)
	406288  -  ResidentSetSize of job (KB)
...
006 (007.024.000) 2025-11-24 04:58:28 Image size of job updated: 3587720
	3264  -  MemoryUsage of job (MB)
	3341828  -  ResidentSetSize of job (KB)
...
006 (007.024.000) 2025-11-24 05:03:28 Image size of job updated: 3610388
	3270  -  MemoryUsage of job (MB)
	3347716  -  ResidentSetSize of job (KB)
...
006 (007.024.000) 2025-11-24 05:13:29 Image size of job updated: 3627464
	3521  -  MemoryUsage of job (MB)
	3604808  -  ResidentSetSize of job (KB)
...
006 (007.024.000) 2025-11-24 05:18:29 Image size of job updated: 3663808
	3554  -  MemoryUsage of job (MB)
	3638968  -  ResidentSetSize of job (KB)
...
006 (007.024.000) 2025-11-24 05:23:30 Image size of job updated: 3687284
	3554  -  MemoryUsage of job (MB)
	3638968  -  ResidentSetSize of job (KB)
...
006 (007.024.000) 2025-11-24 05:38:32 Image size of job updated: 3711080
	3554  -  MemoryUsage of job (MB)
	3638968  -  ResidentSetSize of job (KB)
...
006 (007.024.000) 2025-11-24 05:48:33 Image size of job updated: 3738568
	3554  -  MemoryUsage of job (MB)
	3638968  -  ResidentSetSize of job (KB)
...
006 (007.024.000) 2025-11-24 05:53:33 Image size of job updated: 3947656
	3554  -  MemoryUsage of job (MB)
	3638968  -  ResidentSetSize of job (KB)
...
006 (007.024.000) 2025-11-24 07:03:41 Image size of job updated: 3947656
	3761  -  MemoryUsage of job (MB)
	3850328  -  ResidentSetSize of job (KB)
...
006 (007.024.000) 2025-11-24 08:33:49 Image size of job updated: 4030712
	3761  -  MemoryUsage of job (MB)
	3850328  -  ResidentSetSize of job (KB)
...
005 (007.024.000) 2025-11-24 08:36:19 Job terminated.
	(1) Normal termination (return value 0)
		Usr 0 21:25:06, Sys 0 00:43:56  -  Run Remote Usage
		Usr 0 00:00:00, Sys 0 00:00:00  -  Run Local Usage
		Usr 0 21:25:06, Sys 0 00:43:56  -  Total Remote Usage
		Usr 0 00:00:00, Sys 0 00:00:00  -  Total Local Usage
	0  -  Run Bytes Sent By Job
	0  -  Run Bytes Received By Job
	0  -  Total Bytes Sent By Job
	0  -  Total Bytes Received By Job
	Partitionable Resources :    Usage  Request Allocated Assigned
	   Cpus                 :     5.93        8         8 
	   Disk (KB)            :     2     1048576   1050150 
	   GPUs                 :     0.25        1         1 "GPU-8c3c8db2"
	   GpusMemory (MB)      :  4131                       
	   Memory (MB)          :  3761       71680     71680 
	   TimeExecute (s)      : 13379                       
	   TimeSlotBusy (s)     : 13380                       
...
