Starting Job
/esat/smcdata/users/kkontras/Image_Dataset/no_backup/git/Synergy/train.py
/esat/smcdata/users/kkontras/Image_Dataset/no_backup/envs/synergy_new/bin/python
Python 3.10.19
/esat/smcdata/users/kkontras/Image_Dataset/no_backup/git/Synergy
We have 1 GPU
/esat/smcdata/users/kkontras/Image_Dataset/no_backup/git/Synergy/train.py
config-./configs/CREMA_D/synergy/nov/synprom_generatorVAEOneSide.json
Executing command: accelerate launch /esat/smcdata/users/kkontras/Image_Dataset/no_backup/git/Synergy/train.py --config ./configs/CREMA_D/synergy/nov/synprom_generatorVAEOneSide.json --default_config ./configs/CREMA_D/default_config_cremad_res_syn.json --fold 1 --lr 0.001 --wd 0.0 --perturb gen --start_over  --cls mlp --lib 0.01
Namespace(config='./configs/CREMA_D/synergy/nov/synprom_generatorVAEOneSide.json', default_config='./configs/CREMA_D/default_config_cremad_res_syn.json', fold='1', alpha=None, tanh_mode=None, tanh_mode_beta=None, regby=None, clip=None, batch_size=None, l=None, multil=None, l_diffsq=None, lib='0.01', ratio_us=None, ratio_snr=None, kmepoch=None, num_samples=None, pow=None, nstep=None, contrcoeff=None, kde_coeff=None, etube=None, temperature=None, contr_type=None, shuffle_type=None, validate_with=None, transform_type=None, trasform_before=None, num_classes=None, base_alpha=None, alpha_var=None, base_beta=None, beta_var=None, optim_method=None, ilr_c=None, ilr_g=None, mmcosine_scaling=None, ending_epoch=None, load_ongoing=None, commonlayers=None, recon_weight1=None, recon_weight2=None, recon_epochstages=None, recon_ensemblestages=None, lr='0.001', wd='0.0', mm=None, cls='mlp', perturb='gen', pre=False, frozen=False, tdqm_disable=False, start_over=True)
2025-11-24 07:34:40,478 - Config - INFO - ./configs/CREMA_D/synergy/nov/synprom_generatorVAEOneSide.json
2025-11-24 07:34:40,481 - Config - INFO -  THE Configuration of your experiment ..
{'agent': 'Agent',
 'dataset': {'data_roots': '/esat/smcdata/users/kkontras/Image_Dataset/no_backup/CremaD/CREMA-D',
             'data_split': {'fold': 0, 'method': 'non_inclusive'},
             'dataloader_class': 'CramedD_Dataloader',
             'fps': 1,
             'norm': False,
             'norm_face_path': './mydatasets/CREMAD/norm_face_path_fold{}.pkl',
             'norm_wav_path': './mydatasets/CREMAD/wav_norm_16000_fold{}.pkl',
             'num_frame': 3,
             'return_data': {'audio': False,
                             'face': False,
                             'spectrogram': True,
                             'video': True},
             'sampling_rate': 22050},
 'early_stopping': {'end_of_epoch_check': True,
                    'log_interval': 10,
                    'max_epoch': 1500,
                    'n_steps_stop': 100,
                    'n_steps_stop_after': 0,
                    'save_every_step': 3000,
                    'save_every_valstep': 10,
                    'validate_after': 0,
                    'validate_every': 25,
                    'validate_with': 'loss'},
 'exp_name': 'CREMAD Experiment',
 'model': {'args': {'bias_infusion': {'ending_epoch': 1500,
                                      'l': 0.1,
                                      'method': 'false',
                                      'plot': False,
                                      'starting_epoch': 0,
                                      'use': True},
                    'clip_grad': False,
                    'cls_type': 'linear',
                    'd_model': 512,
                    'dropout': 0.1,
                    'fc_inner': 64,
                    'multi_loss': {'multi_supervised_w': {'c': 0,
                                                          'combined': 1,
                                                          'g': 0}},
                    'num_classes': 6,
                    'swap_direction': True},
           'encoders': [{'args': {'d_model': 512,
                                  'dropout': 0.1,
                                  'fc_inner': 64,
                                  'freeze_encoder': True,
                                  'num_classes': 6},
                         'model': 'Audio_ResNet',
                         'pretrainedEncoder': {'dir': 'unimodal_audio_fold{}_lr0.001_wd0.0001.pth.tar',
                                               'use': True}},
                        {'args': {'d_model': 512,
                                  'dropout': 0.1,
                                  'fc_inner': 64,
                                  'freeze_encoder': True,
                                  'num_classes': 6},
                         'model': 'Video_ResNet',
                         'pretrainedEncoder': {'dir': 'unimodal_video_fold{}_lr0.001_wd0.0001.pth.tar',
                                               'use': True}},
                        {'args': {'dim_in': 512,
                                  'dim_out': 512,
                                  'hidden': 512,
                                  'latent_dim': 64},
                         'model': 'SimpleVAEZ2toZ1OneSide',
                         'pretrainedEncoder': {'dir': '', 'use': False},
                         'save_encoder': True}],
           'load_ongoing': False,
           'model_class': 'Model_GeneratorVAEOneSide',
           'save_base_dir': '/esat/smcdata/users/kkontras/Image_Dataset/no_backup/data/2025_data/synergy',
           'save_dir': 'Synprom_IB_genVAEOS{}.pth.tar'},
 'optimizer': {'beta1': 0.9,
               'beta2': 0.999,
               'learning_rate': 1e-05,
               'momentum': 0.9,
               'type': 'Adam',
               'weight_decay': 1e-05},
 'scheduler': {'max_lr': 0.03, 'type': 'cosanneal', 'warm_up_steps': 780},
 'task': 'generative',
 'training_params': {'adversarial_training': {'adv_epsilon': 0.01,
                                              'use': False},
                     'async_loading': True,
                     'batch_size': 128,
                     'cuda': True,
                     'data_loader_workers': 8,
                     'gpu_device': [0],
                     'pin_memory': False,
                     'rec_test': False,
                     'res': True,
                     'seed': 109,
                     'tdqm_disable': False,
                     'test_batch_size': 128,
                     'test_on_bottoms': False,
                     'use_test_set': True,
                     'validation': True,
                     'verbose': True,
                     'wandb_disable': False}}
2025-11-24 07:34:40,483 - Config - INFO -  *************************************** 
2025-11-24 07:34:40,483 - Config - INFO - The experiment name is CREMAD Experiment
2025-11-24 07:34:40,483 - Config - INFO -  *************************************** 
2025-11-24 07:34:40,484 - root - INFO - save_dir: Synprom_IB_genVAEOSfold1_lib0.01_perturbgen_lr0.001_wd0.0_clsmlp.pth.tar
2025-11-24 07:34:40,530 - Cuda Statistics - INFO - __Python VERSION:  3.10.19 (main, Oct 21 2025, 16:43:05) [GCC 11.2.0]
2025-11-24 07:34:40,530 - Cuda Statistics - INFO - __pyTorch VERSION:  2.6.0+cu124
2025-11-24 07:34:40,530 - Cuda Statistics - INFO - __CUDA VERSION
2025-11-24 07:34:40,531 - Cuda Statistics - INFO - __CUDNN VERSION:  90100
2025-11-24 07:34:40,547 - Cuda Statistics - INFO - __Number CUDA Devices:  1
2025-11-24 07:34:40,547 - Cuda Statistics - INFO - __Devices
2025-11-24 07:34:40,547 - Cuda Statistics - INFO - index, name, driver_version, memory.total [MiB], memory.used [MiB], memory.free [MiB]
2025-11-24 07:34:40,547 - Cuda Statistics - INFO - 0, NVIDIA GeForce RTX 2080 Ti, 570.153.02, 11264 MiB, 4 MiB, 10820 MiB
2025-11-24 07:34:40,552 - Cuda Statistics - INFO - Active CUDA Device: GPU 0
2025-11-24 07:34:40,552 - Cuda Statistics - INFO - Available devices  1
2025-11-24 07:34:40,552 - Cuda Statistics - INFO - Current cuda device  0
This path does not exist /esat/smcdata/users/kkontras/Image_Dataset/no_backup/CremaD/CREMA-D/AudioWAV/1076_MTI_SAD_XX.wav or /esat/smcdata/users/kkontras/Image_Dataset/no_backup/CremaD/CREMA-D/Image-01-FPS/1076_MTI_SAD_XX or /esat/smcdata/users/kkontras/Image_Dataset/no_backup/CremaD/CREMA-D/Face_features/1076_MTI_SAD_XX.npy
2025-11-24 07:34:41,420 - root - INFO - Loaded wav norm from ./mydatasets/CREMAD/wav_norm_16000_fold1.pkl
2025-11-24 07:34:41,422 - root - INFO - Norm values are {'mean': tensor(-2.6751e-05), 'std': tensor(0.0610), 'max_duration': 5.005}
2025-11-24 07:34:41,594 - root - INFO - Loaded wav norm from ./mydatasets/CREMAD/wav_norm_16000_fold1.pkl
2025-11-24 07:34:41,594 - root - INFO - Norm values are {'mean': tensor(-2.6751e-05), 'std': tensor(0.0610), 'max_duration': 5.005}
2025-11-24 07:34:41,787 - root - INFO - Loaded wav norm from ./mydatasets/CREMAD/wav_norm_16000_fold1.pkl
2025-11-24 07:34:41,787 - root - INFO - Norm values are {'mean': tensor(-2.6751e-05), 'std': tensor(0.0610), 'max_duration': 5.005}
Available cores 8
We are changing dataloader workers to num of cores 0
2025-11-24 07:34:41,788 - Agent - INFO - Device: cuda:0
2025-11-24 07:34:41,788 - Agent - INFO - Total training batches: 32, validate every 25 batches, steps per epoch: 2
2025-11-24 07:34:43,364 - Agent - INFO - Loss Weights are {'total': 1, 'combined': 1, 'c': 0, 'g': 0}
2025-11-24 07:34:43,963 - root - INFO - Loading enc best model state dict from /esat/smcdata/users/kkontras/Image_Dataset/no_backup/data/2025_data/synergy/unimodal_audio_fold1_lr0.001_wd0.0001.pth.tar
Missing keys in state_dict: ['audio_net.conv1.weight', 'audio_net.bn1.weight', 'audio_net.bn1.bias', 'audio_net.bn1.running_mean', 'audio_net.bn1.running_var', 'audio_net.layer1.0.conv1.weight', 'audio_net.layer1.0.bn1.weight', 'audio_net.layer1.0.bn1.bias', 'audio_net.layer1.0.bn1.running_mean', 'audio_net.layer1.0.bn1.running_var', 'audio_net.layer1.0.conv2.weight', 'audio_net.layer1.0.bn2.weight', 'audio_net.layer1.0.bn2.bias', 'audio_net.layer1.0.bn2.running_mean', 'audio_net.layer1.0.bn2.running_var', 'audio_net.layer1.1.conv1.weight', 'audio_net.layer1.1.bn1.weight', 'audio_net.layer1.1.bn1.bias', 'audio_net.layer1.1.bn1.running_mean', 'audio_net.layer1.1.bn1.running_var', 'audio_net.layer1.1.conv2.weight', 'audio_net.layer1.1.bn2.weight', 'audio_net.layer1.1.bn2.bias', 'audio_net.layer1.1.bn2.running_mean', 'audio_net.layer1.1.bn2.running_var', 'audio_net.layer2.0.conv1.weight', 'audio_net.layer2.0.bn1.weight', 'audio_net.layer2.0.bn1.bias', 'audio_net.layer2.0.bn1.running_mean', 'audio_net.layer2.0.bn1.running_var', 'audio_net.layer2.0.conv2.weight', 'audio_net.layer2.0.bn2.weight', 'audio_net.layer2.0.bn2.bias', 'audio_net.layer2.0.bn2.running_mean', 'audio_net.layer2.0.bn2.running_var', 'audio_net.layer2.0.downsample.0.weight', 'audio_net.layer2.0.downsample.1.weight', 'audio_net.layer2.0.downsample.1.bias', 'audio_net.layer2.0.downsample.1.running_mean', 'audio_net.layer2.0.downsample.1.running_var', 'audio_net.layer2.1.conv1.weight', 'audio_net.layer2.1.bn1.weight', 'audio_net.layer2.1.bn1.bias', 'audio_net.layer2.1.bn1.running_mean', 'audio_net.layer2.1.bn1.running_var', 'audio_net.layer2.1.conv2.weight', 'audio_net.layer2.1.bn2.weight', 'audio_net.layer2.1.bn2.bias', 'audio_net.layer2.1.bn2.running_mean', 'audio_net.layer2.1.bn2.running_var', 'audio_net.layer3.0.conv1.weight', 'audio_net.layer3.0.bn1.weight', 'audio_net.layer3.0.bn1.bias', 'audio_net.layer3.0.bn1.running_mean', 'audio_net.layer3.0.bn1.running_var', 'audio_net.layer3.0.conv2.weight', 'audio_net.layer3.0.bn2.weight', 'audio_net.layer3.0.bn2.bias', 'audio_net.layer3.0.bn2.running_mean', 'audio_net.layer3.0.bn2.running_var', 'audio_net.layer3.0.downsample.0.weight', 'audio_net.layer3.0.downsample.1.weight', 'audio_net.layer3.0.downsample.1.bias', 'audio_net.layer3.0.downsample.1.running_mean', 'audio_net.layer3.0.downsample.1.running_var', 'audio_net.layer3.1.conv1.weight', 'audio_net.layer3.1.bn1.weight', 'audio_net.layer3.1.bn1.bias', 'audio_net.layer3.1.bn1.running_mean', 'audio_net.layer3.1.bn1.running_var', 'audio_net.layer3.1.conv2.weight', 'audio_net.layer3.1.bn2.weight', 'audio_net.layer3.1.bn2.bias', 'audio_net.layer3.1.bn2.running_mean', 'audio_net.layer3.1.bn2.running_var', 'audio_net.layer4.0.conv1.weight', 'audio_net.layer4.0.bn1.weight', 'audio_net.layer4.0.bn1.bias', 'audio_net.layer4.0.bn1.running_mean', 'audio_net.layer4.0.bn1.running_var', 'audio_net.layer4.0.conv2.weight', 'audio_net.layer4.0.bn2.weight', 'audio_net.layer4.0.bn2.bias', 'audio_net.layer4.0.bn2.running_mean', 'audio_net.layer4.0.bn2.running_var', 'audio_net.layer4.0.downsample.0.weight', 'audio_net.layer4.0.downsample.1.weight', 'audio_net.layer4.0.downsample.1.bias', 'audio_net.layer4.0.downsample.1.running_mean', 'audio_net.layer4.0.downsample.1.running_var', 'audio_net.layer4.1.conv1.weight', 'audio_net.layer4.1.bn1.weight', 'audio_net.layer4.1.bn1.bias', 'audio_net.layer4.1.bn1.running_mean', 'audio_net.layer4.1.bn1.running_var', 'audio_net.layer4.1.conv2.weight', 'audio_net.layer4.1.bn2.weight', 'audio_net.layer4.1.bn2.bias', 'audio_net.layer4.1.bn2.running_mean', 'audio_net.layer4.1.bn2.running_var', 'aclassifier.weight', 'aclassifier.bias']
Unexpected keys in state_dict: ['module.audio_net.conv1.weight', 'module.audio_net.bn1.weight', 'module.audio_net.bn1.bias', 'module.audio_net.bn1.running_mean', 'module.audio_net.bn1.running_var', 'module.audio_net.bn1.num_batches_tracked', 'module.audio_net.layer1.0.conv1.weight', 'module.audio_net.layer1.0.bn1.weight', 'module.audio_net.layer1.0.bn1.bias', 'module.audio_net.layer1.0.bn1.running_mean', 'module.audio_net.layer1.0.bn1.running_var', 'module.audio_net.layer1.0.bn1.num_batches_tracked', 'module.audio_net.layer1.0.conv2.weight', 'module.audio_net.layer1.0.bn2.weight', 'module.audio_net.layer1.0.bn2.bias', 'module.audio_net.layer1.0.bn2.running_mean', 'module.audio_net.layer1.0.bn2.running_var', 'module.audio_net.layer1.0.bn2.num_batches_tracked', 'module.audio_net.layer1.1.conv1.weight', 'module.audio_net.layer1.1.bn1.weight', 'module.audio_net.layer1.1.bn1.bias', 'module.audio_net.layer1.1.bn1.running_mean', 'module.audio_net.layer1.1.bn1.running_var', 'module.audio_net.layer1.1.bn1.num_batches_tracked', 'module.audio_net.layer1.1.conv2.weight', 'module.audio_net.layer1.1.bn2.weight', 'module.audio_net.layer1.1.bn2.bias', 'module.audio_net.layer1.1.bn2.running_mean', 'module.audio_net.layer1.1.bn2.running_var', 'module.audio_net.layer1.1.bn2.num_batches_tracked', 'module.audio_net.layer2.0.conv1.weight', 'module.audio_net.layer2.0.bn1.weight', 'module.audio_net.layer2.0.bn1.bias', 'module.audio_net.layer2.0.bn1.running_mean', 'module.audio_net.layer2.0.bn1.running_var', 'module.audio_net.layer2.0.bn1.num_batches_tracked', 'module.audio_net.layer2.0.conv2.weight', 'module.audio_net.layer2.0.bn2.weight', 'module.audio_net.layer2.0.bn2.bias', 'module.audio_net.layer2.0.bn2.running_mean', 'module.audio_net.layer2.0.bn2.running_var', 'module.audio_net.layer2.0.bn2.num_batches_tracked', 'module.audio_net.layer2.0.downsample.0.weight', 'module.audio_net.layer2.0.downsample.1.weight', 'module.audio_net.layer2.0.downsample.1.bias', 'module.audio_net.layer2.0.downsample.1.running_mean', 'module.audio_net.layer2.0.downsample.1.running_var', 'module.audio_net.layer2.0.downsample.1.num_batches_tracked', 'module.audio_net.layer2.1.conv1.weight', 'module.audio_net.layer2.1.bn1.weight', 'module.audio_net.layer2.1.bn1.bias', 'module.audio_net.layer2.1.bn1.running_mean', 'module.audio_net.layer2.1.bn1.running_var', 'module.audio_net.layer2.1.bn1.num_batches_tracked', 'module.audio_net.layer2.1.conv2.weight', 'module.audio_net.layer2.1.bn2.weight', 'module.audio_net.layer2.1.bn2.bias', 'module.audio_net.layer2.1.bn2.running_mean', 'module.audio_net.layer2.1.bn2.running_var', 'module.audio_net.layer2.1.bn2.num_batches_tracked', 'module.audio_net.layer3.0.conv1.weight', 'module.audio_net.layer3.0.bn1.weight', 'module.audio_net.layer3.0.bn1.bias', 'module.audio_net.layer3.0.bn1.running_mean', 'module.audio_net.layer3.0.bn1.running_var', 'module.audio_net.layer3.0.bn1.num_batches_tracked', 'module.audio_net.layer3.0.conv2.weight', 'module.audio_net.layer3.0.bn2.weight', 'module.audio_net.layer3.0.bn2.bias', 'module.audio_net.layer3.0.bn2.running_mean', 'module.audio_net.layer3.0.bn2.running_var', 'module.audio_net.layer3.0.bn2.num_batches_tracked', 'module.audio_net.layer3.0.downsample.0.weight', 'module.audio_net.layer3.0.downsample.1.weight', 'module.audio_net.layer3.0.downsample.1.bias', 'module.audio_net.layer3.0.downsample.1.running_mean', 'module.audio_net.layer3.0.downsample.1.running_var', 'module.audio_net.layer3.0.downsample.1.num_batches_tracked', 'module.audio_net.layer3.1.conv1.weight', 'module.audio_net.layer3.1.bn1.weight', 'module.audio_net.layer3.1.bn1.bias', 'module.audio_net.layer3.1.bn1.running_mean', 'module.audio_net.layer3.1.bn1.running_var', 'module.audio_net.layer3.1.bn1.num_batches_tracked', 'module.audio_net.layer3.1.conv2.weight', 'module.audio_net.layer3.1.bn2.weight', 'module.audio_net.layer3.1.bn2.bias', 'module.audio_net.layer3.1.bn2.running_mean', 'module.audio_net.layer3.1.bn2.running_var', 'module.audio_net.layer3.1.bn2.num_batches_tracked', 'module.audio_net.layer4.0.conv1.weight', 'module.audio_net.layer4.0.bn1.weight', 'module.audio_net.layer4.0.bn1.bias', 'module.audio_net.layer4.0.bn1.running_mean', 'module.audio_net.layer4.0.bn1.running_var', 'module.audio_net.layer4.0.bn1.num_batches_tracked', 'module.audio_net.layer4.0.conv2.weight', 'module.audio_net.layer4.0.bn2.weight', 'module.audio_net.layer4.0.bn2.bias', 'module.audio_net.layer4.0.bn2.running_mean', 'module.audio_net.layer4.0.bn2.running_var', 'module.audio_net.layer4.0.bn2.num_batches_tracked', 'module.audio_net.layer4.0.downsample.0.weight', 'module.audio_net.layer4.0.downsample.1.weight', 'module.audio_net.layer4.0.downsample.1.bias', 'module.audio_net.layer4.0.downsample.1.running_mean', 'module.audio_net.layer4.0.downsample.1.running_var', 'module.audio_net.layer4.0.downsample.1.num_batches_tracked', 'module.audio_net.layer4.1.conv1.weight', 'module.audio_net.layer4.1.bn1.weight', 'module.audio_net.layer4.1.bn1.bias', 'module.audio_net.layer4.1.bn1.running_mean', 'module.audio_net.layer4.1.bn1.running_var', 'module.audio_net.layer4.1.bn1.num_batches_tracked', 'module.audio_net.layer4.1.conv2.weight', 'module.audio_net.layer4.1.bn2.weight', 'module.audio_net.layer4.1.bn2.bias', 'module.audio_net.layer4.1.bn2.running_mean', 'module.audio_net.layer4.1.bn2.running_var', 'module.audio_net.layer4.1.bn2.num_batches_tracked', 'module.aclassifier.weight', 'module.aclassifier.bias']
2025-11-24 07:34:44,463 - root - INFO - Loading enc best model state dict from /esat/smcdata/users/kkontras/Image_Dataset/no_backup/data/2025_data/synergy/unimodal_video_fold1_lr0.001_wd0.0001.pth.tar
Missing keys in state_dict: ['visual_net.conv1.weight', 'visual_net.bn1.weight', 'visual_net.bn1.bias', 'visual_net.bn1.running_mean', 'visual_net.bn1.running_var', 'visual_net.layer1.0.conv1.weight', 'visual_net.layer1.0.bn1.weight', 'visual_net.layer1.0.bn1.bias', 'visual_net.layer1.0.bn1.running_mean', 'visual_net.layer1.0.bn1.running_var', 'visual_net.layer1.0.conv2.weight', 'visual_net.layer1.0.bn2.weight', 'visual_net.layer1.0.bn2.bias', 'visual_net.layer1.0.bn2.running_mean', 'visual_net.layer1.0.bn2.running_var', 'visual_net.layer1.1.conv1.weight', 'visual_net.layer1.1.bn1.weight', 'visual_net.layer1.1.bn1.bias', 'visual_net.layer1.1.bn1.running_mean', 'visual_net.layer1.1.bn1.running_var', 'visual_net.layer1.1.conv2.weight', 'visual_net.layer1.1.bn2.weight', 'visual_net.layer1.1.bn2.bias', 'visual_net.layer1.1.bn2.running_mean', 'visual_net.layer1.1.bn2.running_var', 'visual_net.layer2.0.conv1.weight', 'visual_net.layer2.0.bn1.weight', 'visual_net.layer2.0.bn1.bias', 'visual_net.layer2.0.bn1.running_mean', 'visual_net.layer2.0.bn1.running_var', 'visual_net.layer2.0.conv2.weight', 'visual_net.layer2.0.bn2.weight', 'visual_net.layer2.0.bn2.bias', 'visual_net.layer2.0.bn2.running_mean', 'visual_net.layer2.0.bn2.running_var', 'visual_net.layer2.0.downsample.0.weight', 'visual_net.layer2.0.downsample.1.weight', 'visual_net.layer2.0.downsample.1.bias', 'visual_net.layer2.0.downsample.1.running_mean', 'visual_net.layer2.0.downsample.1.running_var', 'visual_net.layer2.1.conv1.weight', 'visual_net.layer2.1.bn1.weight', 'visual_net.layer2.1.bn1.bias', 'visual_net.layer2.1.bn1.running_mean', 'visual_net.layer2.1.bn1.running_var', 'visual_net.layer2.1.conv2.weight', 'visual_net.layer2.1.bn2.weight', 'visual_net.layer2.1.bn2.bias', 'visual_net.layer2.1.bn2.running_mean', 'visual_net.layer2.1.bn2.running_var', 'visual_net.layer3.0.conv1.weight', 'visual_net.layer3.0.bn1.weight', 'visual_net.layer3.0.bn1.bias', 'visual_net.layer3.0.bn1.running_mean', 'visual_net.layer3.0.bn1.running_var', 'visual_net.layer3.0.conv2.weight', 'visual_net.layer3.0.bn2.weight', 'visual_net.layer3.0.bn2.bias', 'visual_net.layer3.0.bn2.running_mean', 'visual_net.layer3.0.bn2.running_var', 'visual_net.layer3.0.downsample.0.weight', 'visual_net.layer3.0.downsample.1.weight', 'visual_net.layer3.0.downsample.1.bias', 'visual_net.layer3.0.downsample.1.running_mean', 'visual_net.layer3.0.downsample.1.running_var', 'visual_net.layer3.1.conv1.weight', 'visual_net.layer3.1.bn1.weight', 'visual_net.layer3.1.bn1.bias', 'visual_net.layer3.1.bn1.running_mean', 'visual_net.layer3.1.bn1.running_var', 'visual_net.layer3.1.conv2.weight', 'visual_net.layer3.1.bn2.weight', 'visual_net.layer3.1.bn2.bias', 'visual_net.layer3.1.bn2.running_mean', 'visual_net.layer3.1.bn2.running_var', 'visual_net.layer4.0.conv1.weight', 'visual_net.layer4.0.bn1.weight', 'visual_net.layer4.0.bn1.bias', 'visual_net.layer4.0.bn1.running_mean', 'visual_net.layer4.0.bn1.running_var', 'visual_net.layer4.0.conv2.weight', 'visual_net.layer4.0.bn2.weight', 'visual_net.layer4.0.bn2.bias', 'visual_net.layer4.0.bn2.running_mean', 'visual_net.layer4.0.bn2.running_var', 'visual_net.layer4.0.downsample.0.weight', 'visual_net.layer4.0.downsample.1.weight', 'visual_net.layer4.0.downsample.1.bias', 'visual_net.layer4.0.downsample.1.running_mean', 'visual_net.layer4.0.downsample.1.running_var', 'visual_net.layer4.1.conv1.weight', 'visual_net.layer4.1.bn1.weight', 'visual_net.layer4.1.bn1.bias', 'visual_net.layer4.1.bn1.running_mean', 'visual_net.layer4.1.bn1.running_var', 'visual_net.layer4.1.conv2.weight', 'visual_net.layer4.1.bn2.weight', 'visual_net.layer4.1.bn2.bias', 'visual_net.layer4.1.bn2.running_mean', 'visual_net.layer4.1.bn2.running_var', 'vclassifier.0.weight', 'vclassifier.0.bias']
Unexpected keys in state_dict: ['module.visual_net.conv1.weight', 'module.visual_net.bn1.weight', 'module.visual_net.bn1.bias', 'module.visual_net.bn1.running_mean', 'module.visual_net.bn1.running_var', 'module.visual_net.bn1.num_batches_tracked', 'module.visual_net.layer1.0.conv1.weight', 'module.visual_net.layer1.0.bn1.weight', 'module.visual_net.layer1.0.bn1.bias', 'module.visual_net.layer1.0.bn1.running_mean', 'module.visual_net.layer1.0.bn1.running_var', 'module.visual_net.layer1.0.bn1.num_batches_tracked', 'module.visual_net.layer1.0.conv2.weight', 'module.visual_net.layer1.0.bn2.weight', 'module.visual_net.layer1.0.bn2.bias', 'module.visual_net.layer1.0.bn2.running_mean', 'module.visual_net.layer1.0.bn2.running_var', 'module.visual_net.layer1.0.bn2.num_batches_tracked', 'module.visual_net.layer1.1.conv1.weight', 'module.visual_net.layer1.1.bn1.weight', 'module.visual_net.layer1.1.bn1.bias', 'module.visual_net.layer1.1.bn1.running_mean', 'module.visual_net.layer1.1.bn1.running_var', 'module.visual_net.layer1.1.bn1.num_batches_tracked', 'module.visual_net.layer1.1.conv2.weight', 'module.visual_net.layer1.1.bn2.weight', 'module.visual_net.layer1.1.bn2.bias', 'module.visual_net.layer1.1.bn2.running_mean', 'module.visual_net.layer1.1.bn2.running_var', 'module.visual_net.layer1.1.bn2.num_batches_tracked', 'module.visual_net.layer2.0.conv1.weight', 'module.visual_net.layer2.0.bn1.weight', 'module.visual_net.layer2.0.bn1.bias', 'module.visual_net.layer2.0.bn1.running_mean', 'module.visual_net.layer2.0.bn1.running_var', 'module.visual_net.layer2.0.bn1.num_batches_tracked', 'module.visual_net.layer2.0.conv2.weight', 'module.visual_net.layer2.0.bn2.weight', 'module.visual_net.layer2.0.bn2.bias', 'module.visual_net.layer2.0.bn2.running_mean', 'module.visual_net.layer2.0.bn2.running_var', 'module.visual_net.layer2.0.bn2.num_batches_tracked', 'module.visual_net.layer2.0.downsample.0.weight', 'module.visual_net.layer2.0.downsample.1.weight', 'module.visual_net.layer2.0.downsample.1.bias', 'module.visual_net.layer2.0.downsample.1.running_mean', 'module.visual_net.layer2.0.downsample.1.running_var', 'module.visual_net.layer2.0.downsample.1.num_batches_tracked', 'module.visual_net.layer2.1.conv1.weight', 'module.visual_net.layer2.1.bn1.weight', 'module.visual_net.layer2.1.bn1.bias', 'module.visual_net.layer2.1.bn1.running_mean', 'module.visual_net.layer2.1.bn1.running_var', 'module.visual_net.layer2.1.bn1.num_batches_tracked', 'module.visual_net.layer2.1.conv2.weight', 'module.visual_net.layer2.1.bn2.weight', 'module.visual_net.layer2.1.bn2.bias', 'module.visual_net.layer2.1.bn2.running_mean', 'module.visual_net.layer2.1.bn2.running_var', 'module.visual_net.layer2.1.bn2.num_batches_tracked', 'module.visual_net.layer3.0.conv1.weight', 'module.visual_net.layer3.0.bn1.weight', 'module.visual_net.layer3.0.bn1.bias', 'module.visual_net.layer3.0.bn1.running_mean', 'module.visual_net.layer3.0.bn1.running_var', 'module.visual_net.layer3.0.bn1.num_batches_tracked', 'module.visual_net.layer3.0.conv2.weight', 'module.visual_net.layer3.0.bn2.weight', 'module.visual_net.layer3.0.bn2.bias', 'module.visual_net.layer3.0.bn2.running_mean', 'module.visual_net.layer3.0.bn2.running_var', 'module.visual_net.layer3.0.bn2.num_batches_tracked', 'module.visual_net.layer3.0.downsample.0.weight', 'module.visual_net.layer3.0.downsample.1.weight', 'module.visual_net.layer3.0.downsample.1.bias', 'module.visual_net.layer3.0.downsample.1.running_mean', 'module.visual_net.layer3.0.downsample.1.running_var', 'module.visual_net.layer3.0.downsample.1.num_batches_tracked', 'module.visual_net.layer3.1.conv1.weight', 'module.visual_net.layer3.1.bn1.weight', 'module.visual_net.layer3.1.bn1.bias', 'module.visual_net.layer3.1.bn1.running_mean', 'module.visual_net.layer3.1.bn1.running_var', 'module.visual_net.layer3.1.bn1.num_batches_tracked', 'module.visual_net.layer3.1.conv2.weight', 'module.visual_net.layer3.1.bn2.weight', 'module.visual_net.layer3.1.bn2.bias', 'module.visual_net.layer3.1.bn2.running_mean', 'module.visual_net.layer3.1.bn2.running_var', 'module.visual_net.layer3.1.bn2.num_batches_tracked', 'module.visual_net.layer4.0.conv1.weight', 'module.visual_net.layer4.0.bn1.weight', 'module.visual_net.layer4.0.bn1.bias', 'module.visual_net.layer4.0.bn1.running_mean', 'module.visual_net.layer4.0.bn1.running_var', 'module.visual_net.layer4.0.bn1.num_batches_tracked', 'module.visual_net.layer4.0.conv2.weight', 'module.visual_net.layer4.0.bn2.weight', 'module.visual_net.layer4.0.bn2.bias', 'module.visual_net.layer4.0.bn2.running_mean', 'module.visual_net.layer4.0.bn2.running_var', 'module.visual_net.layer4.0.bn2.num_batches_tracked', 'module.visual_net.layer4.0.downsample.0.weight', 'module.visual_net.layer4.0.downsample.1.weight', 'module.visual_net.layer4.0.downsample.1.bias', 'module.visual_net.layer4.0.downsample.1.running_mean', 'module.visual_net.layer4.0.downsample.1.running_var', 'module.visual_net.layer4.0.downsample.1.num_batches_tracked', 'module.visual_net.layer4.1.conv1.weight', 'module.visual_net.layer4.1.bn1.weight', 'module.visual_net.layer4.1.bn1.bias', 'module.visual_net.layer4.1.bn1.running_mean', 'module.visual_net.layer4.1.bn1.running_var', 'module.visual_net.layer4.1.bn1.num_batches_tracked', 'module.visual_net.layer4.1.conv2.weight', 'module.visual_net.layer4.1.bn2.weight', 'module.visual_net.layer4.1.bn2.bias', 'module.visual_net.layer4.1.bn2.running_mean', 'module.visual_net.layer4.1.bn2.running_var', 'module.visual_net.layer4.1.bn2.num_batches_tracked', 'module.vclassifier.0.weight', 'module.vclassifier.0.bias']
2025-11-24 07:34:44,477 - Agent - INFO - Freezing encoder enc_0
2025-11-24 07:34:44,478 - Agent - INFO - Freezing encoder enc_1
2025-11-24 07:34:44,507 - Agent - INFO - Total number of trainable parameters are: 23502476
2025-11-24 07:34:44,512 - Agent - INFO - Total number of trainable parameters are: 1149568
2025-11-24 07:36:06,326 - Agent - INFO - [37mVal Epoch 1 step 1 with [31mpx_total : 59.555779 [31mtotal : 59.555779 
2025-11-24 07:36:06,564 - Agent - INFO - [37mModel saved successfully at: /esat/smcdata/users/kkontras/Image_Dataset/no_backup/data/2025_data/synergy/Synprom_IB_genVAEOSfold1_lib0.01_perturbgen_lr0.001_wd0.0_clsmlp.pth.tar[39m
2025-11-24 07:37:24,766 - Agent - INFO - [37mVal Epoch 2 step 2 with [31mpx_total : 59.130695 [31mtotal : 59.130695 
2025-11-24 07:37:25,108 - Agent - INFO - [37mModel saved successfully at: /esat/smcdata/users/kkontras/Image_Dataset/no_backup/data/2025_data/synergy/Synprom_IB_genVAEOSfold1_lib0.01_perturbgen_lr0.001_wd0.0_clsmlp.pth.tar[39m
2025-11-24 07:38:41,986 - Agent - INFO - [37mVal Epoch 3 step 3 with [31mpx_total : 59.353035 [31mtotal : 59.353035 
2025-11-24 07:40:00,948 - Agent - INFO - [37mVal Epoch 4 step 4 with [31mpx_total : 60.378387 [31mtotal : 60.378387 
2025-11-24 07:41:19,467 - Agent - INFO - [37mVal Epoch 5 step 5 with [31mpx_total : 61.108372 [31mtotal : 61.108372 
2025-11-24 07:42:36,120 - Agent - INFO - [37mVal Epoch 6 step 6 with [31mpx_total : 61.655468 [31mtotal : 61.655468 
2025-11-24 07:43:52,775 - Agent - INFO - [37mVal Epoch 7 step 7 with [31mpx_total : 61.790169 [31mtotal : 61.790169 
2025-11-24 07:45:10,501 - Agent - INFO - [37mVal Epoch 8 step 8 with [31mpx_total : 61.755791 [31mtotal : 61.755791 
2025-11-24 07:46:30,313 - Agent - INFO - [37mVal Epoch 9 step 9 with [31mpx_total : 61.698708 [31mtotal : 61.698708 

Pair                         dist_corr             cka      cosine_sim   cca_mean_corr procrustes_disp
------------------------------------------------------------------------------------------------------
z1_vs_z2                        0.0268         0.0602         0.4934         0.9920         0.9842
z1_vs_~z                       -0.0038        -0.0256         0.6985         0.9960         0.9928
z2_vs_~z                       -0.0044        -0.1430         0.7164         0.9941         0.9720
------------------------------------------------------------------------------------------------------
2025-11-24 07:48:13,131 - Agent - INFO - [37mVal Epoch 10 step 10 with [31mpx_total : 61.829216 [31mtotal : 61.829216 
2025-11-24 07:49:33,320 - Agent - INFO - [37mVal Epoch 11 step 11 with [31mpx_total : 61.619469 [31mtotal : 61.619469 
2025-11-24 07:50:51,380 - Agent - INFO - [37mVal Epoch 12 step 12 with [31mpx_total : 61.555134 [31mtotal : 61.555134 
2025-11-24 07:52:08,913 - Agent - INFO - [37mVal Epoch 13 step 13 with [31mpx_total : 61.570400 [31mtotal : 61.570400 
2025-11-24 07:53:29,320 - Agent - INFO - [37mVal Epoch 14 step 14 with [31mpx_total : 61.532555 [31mtotal : 61.532555 
2025-11-24 07:54:45,455 - Agent - INFO - [37mVal Epoch 15 step 15 with [31mpx_total : 61.712917 [31mtotal : 61.712917 
2025-11-24 07:56:02,215 - Agent - INFO - [37mVal Epoch 16 step 16 with [31mpx_total : 61.641743 [31mtotal : 61.641743 
2025-11-24 07:57:21,441 - Agent - INFO - [37mVal Epoch 17 step 17 with [31mpx_total : 61.689766 [31mtotal : 61.689766 
2025-11-24 07:58:37,484 - Agent - INFO - [37mVal Epoch 18 step 18 with [31mpx_total : 61.297920 [31mtotal : 61.297920 
2025-11-24 07:59:53,546 - Agent - INFO - [37mVal Epoch 19 step 19 with [31mpx_total : 61.480377 [31mtotal : 61.480377 

Pair                         dist_corr             cka      cosine_sim   cca_mean_corr procrustes_disp
------------------------------------------------------------------------------------------------------
z1_vs_z2                        0.0268         0.0602         0.4934         0.9920         0.9842
z1_vs_~z                        0.0199         0.0066         0.6971         0.9946         0.9933
z2_vs_~z                        0.0154        -0.2020         0.7159         0.9957         0.9592
------------------------------------------------------------------------------------------------------
2025-11-24 08:01:34,874 - Agent - INFO - [37mVal Epoch 20 step 20 with [31mpx_total : 61.495483 [31mtotal : 61.495483 
2025-11-24 08:02:54,030 - Agent - INFO - [37mVal Epoch 21 step 21 with [31mpx_total : 61.695808 [31mtotal : 61.695808 
2025-11-24 08:04:10,730 - Agent - INFO - [37mVal Epoch 22 step 22 with [31mpx_total : 61.776623 [31mtotal : 61.776623 
2025-11-24 08:05:27,807 - Agent - INFO - [37mVal Epoch 23 step 23 with [31mpx_total : 61.796043 [31mtotal : 61.796043 
2025-11-24 08:06:44,989 - Agent - INFO - [37mVal Epoch 24 step 24 with [31mpx_total : 61.769341 [31mtotal : 61.769341 
2025-11-24 08:08:02,104 - Agent - INFO - [37mVal Epoch 25 step 25 with [31mpx_total : 61.646679 [31mtotal : 61.646679 
2025-11-24 08:09:18,479 - Agent - INFO - [37mVal Epoch 26 step 26 with [31mpx_total : 61.702633 [31mtotal : 61.702633 
2025-11-24 08:10:33,381 - Agent - INFO - [37mVal Epoch 27 step 27 with [31mpx_total : 61.662651 [31mtotal : 61.662651 
2025-11-24 08:11:51,173 - Agent - INFO - [37mVal Epoch 28 step 28 with [31mpx_total : 61.724243 [31mtotal : 61.724243 
2025-11-24 08:13:08,061 - Agent - INFO - [37mVal Epoch 29 step 29 with [31mpx_total : 61.765617 [31mtotal : 61.765617 

Pair                         dist_corr             cka      cosine_sim   cca_mean_corr procrustes_disp
------------------------------------------------------------------------------------------------------
z1_vs_z2                        0.0268         0.0602         0.4934         0.9920         0.9842
z1_vs_~z                       -0.0089         0.0133         0.6957         0.9926         0.9940
z2_vs_~z                        0.0209        -0.2403         0.7161         0.9947         0.9496
------------------------------------------------------------------------------------------------------
2025-11-24 08:14:52,694 - Agent - INFO - [37mVal Epoch 30 step 30 with [31mpx_total : 61.747997 [31mtotal : 61.747997 
2025-11-24 08:16:09,015 - Agent - INFO - [37mVal Epoch 31 step 31 with [31mpx_total : 61.746006 [31mtotal : 61.746006 
2025-11-24 08:17:27,740 - Agent - INFO - [37mVal Epoch 32 step 32 with [31mpx_total : 61.748013 [31mtotal : 61.748013 
2025-11-24 08:18:45,392 - Agent - INFO - [37mVal Epoch 33 step 33 with [31mpx_total : 61.752510 [31mtotal : 61.752510 
2025-11-24 08:20:01,093 - Agent - INFO - [37mVal Epoch 34 step 34 with [31mpx_total : 61.868595 [31mtotal : 61.868595 
2025-11-24 08:21:15,239 - Agent - INFO - [37mVal Epoch 35 step 35 with [31mpx_total : 61.670357 [31mtotal : 61.670357 
2025-11-24 08:22:28,896 - Agent - INFO - [37mVal Epoch 36 step 36 with [31mpx_total : 61.602905 [31mtotal : 61.602905 
2025-11-24 08:23:44,867 - Agent - INFO - [37mVal Epoch 37 step 37 with [31mpx_total : 61.521267 [31mtotal : 61.521267 
2025-11-24 08:25:03,662 - Agent - INFO - [37mVal Epoch 38 step 38 with [31mpx_total : 61.583675 [31mtotal : 61.583675 
2025-11-24 08:26:22,265 - Agent - INFO - [37mVal Epoch 39 step 39 with [31mpx_total : 61.753490 [31mtotal : 61.753490 

Pair                         dist_corr             cka      cosine_sim   cca_mean_corr procrustes_disp
------------------------------------------------------------------------------------------------------
z1_vs_z2                        0.0268         0.0602         0.4934         0.9920         0.9842
z1_vs_~z                       -0.0159         0.0032         0.6924         0.9959         0.9951
z2_vs_~z                        0.0238        -0.2273         0.7165         0.9946         0.9521
------------------------------------------------------------------------------------------------------
2025-11-24 08:28:07,585 - Agent - INFO - [37mVal Epoch 40 step 40 with [31mpx_total : 61.532223 [31mtotal : 61.532223 
2025-11-24 08:29:26,902 - Agent - INFO - [37mVal Epoch 41 step 41 with [31mpx_total : 61.697437 [31mtotal : 61.697437 
2025-11-24 08:30:44,340 - Agent - INFO - [37mVal Epoch 42 step 42 with [31mpx_total : 61.518028 [31mtotal : 61.518028 
2025-11-24 08:32:00,770 - Agent - INFO - [37mVal Epoch 43 step 43 with [31mpx_total : 61.663967 [31mtotal : 61.663967 
2025-11-24 08:33:19,174 - Agent - INFO - [37mVal Epoch 44 step 44 with [31mpx_total : 61.890953 [31mtotal : 61.890953 
2025-11-24 08:34:37,088 - Agent - INFO - [37mVal Epoch 45 step 45 with [31mpx_total : 61.701038 [31mtotal : 61.701038 
2025-11-24 08:35:55,277 - Agent - INFO - [37mVal Epoch 46 step 46 with [31mpx_total : 61.796379 [31mtotal : 61.796379 
2025-11-24 08:37:13,781 - Agent - INFO - [37mVal Epoch 47 step 47 with [31mpx_total : 61.754642 [31mtotal : 61.754642 
2025-11-24 08:38:30,983 - Agent - INFO - [37mVal Epoch 48 step 48 with [31mpx_total : 61.733154 [31mtotal : 61.733154 
2025-11-24 08:39:48,795 - Agent - INFO - [37mVal Epoch 49 step 49 with [31mpx_total : 61.774330 [31mtotal : 61.774330 

Pair                         dist_corr             cka      cosine_sim   cca_mean_corr procrustes_disp
------------------------------------------------------------------------------------------------------
z1_vs_z2                        0.0268         0.0602         0.4934         0.9920         0.9842
z1_vs_~z                        0.0214         0.0260         0.6827         0.9945         0.9926
z2_vs_~z                        0.0207        -0.2085         0.7164         0.9948         0.9599
------------------------------------------------------------------------------------------------------
2025-11-24 08:41:32,757 - Agent - INFO - [37mVal Epoch 50 step 50 with [31mpx_total : 61.753429 [31mtotal : 61.753429 
2025-11-24 08:42:53,704 - Agent - INFO - [37mVal Epoch 51 step 51 with [31mpx_total : 61.867504 [31mtotal : 61.867504 
2025-11-24 08:44:11,396 - Agent - INFO - [37mVal Epoch 52 step 52 with [31mpx_total : 61.824097 [31mtotal : 61.824097 
2025-11-24 08:45:27,871 - Agent - INFO - [37mVal Epoch 53 step 53 with [31mpx_total : 61.931576 [31mtotal : 61.931576 
2025-11-24 08:46:46,109 - Agent - INFO - [37mVal Epoch 54 step 54 with [31mpx_total : 61.853874 [31mtotal : 61.853874 
2025-11-24 08:48:03,762 - Agent - INFO - [37mVal Epoch 55 step 55 with [31mpx_total : 61.947182 [31mtotal : 61.947182 
2025-11-24 08:49:20,843 - Agent - INFO - [37mVal Epoch 56 step 56 with [31mpx_total : 61.925396 [31mtotal : 61.925396 
2025-11-24 08:50:39,023 - Agent - INFO - [37mVal Epoch 57 step 57 with [31mpx_total : 61.917484 [31mtotal : 61.917484 
2025-11-24 08:51:57,258 - Agent - INFO - [37mVal Epoch 58 step 58 with [31mpx_total : 61.900764 [31mtotal : 61.900764 
2025-11-24 08:53:15,953 - Agent - INFO - [37mVal Epoch 59 step 59 with [31mpx_total : 61.930996 [31mtotal : 61.930996 

Pair                         dist_corr             cka      cosine_sim   cca_mean_corr procrustes_disp
------------------------------------------------------------------------------------------------------
z1_vs_z2                        0.0268         0.0602         0.4934         0.9920         0.9842
z1_vs_~z                       -0.0088         0.0158         0.6762         0.9964         0.9944
z2_vs_~z                        0.0307        -0.2161         0.7161         0.9944         0.9558
------------------------------------------------------------------------------------------------------
2025-11-24 08:55:00,134 - Agent - INFO - [37mVal Epoch 60 step 60 with [31mpx_total : 61.905304 [31mtotal : 61.905304 
2025-11-24 08:56:19,380 - Agent - INFO - [37mVal Epoch 61 step 61 with [31mpx_total : 61.907318 [31mtotal : 61.907318 
2025-11-24 08:57:38,771 - Agent - INFO - [37mVal Epoch 62 step 62 with [31mpx_total : 61.920933 [31mtotal : 61.920933 
2025-11-24 08:58:57,631 - Agent - INFO - [37mVal Epoch 63 step 63 with [31mpx_total : 61.898262 [31mtotal : 61.898262 
2025-11-24 09:00:15,046 - Agent - INFO - [37mVal Epoch 64 step 64 with [31mpx_total : 61.969177 [31mtotal : 61.969177 
2025-11-24 09:01:32,321 - Agent - INFO - [37mVal Epoch 65 step 65 with [31mpx_total : 61.717350 [31mtotal : 61.717350 
2025-11-24 09:02:51,422 - Agent - INFO - [37mVal Epoch 66 step 66 with [31mpx_total : 61.381836 [31mtotal : 61.381836 
2025-11-24 09:04:10,462 - Agent - INFO - [37mVal Epoch 67 step 67 with [31mpx_total : 61.044342 [31mtotal : 61.044342 
2025-11-24 09:05:29,859 - Agent - INFO - [37mVal Epoch 68 step 68 with [31mpx_total : 61.231697 [31mtotal : 61.231697 
2025-11-24 09:06:47,387 - Agent - INFO - [37mVal Epoch 69 step 69 with [31mpx_total : 61.149605 [31mtotal : 61.149605 

Pair                         dist_corr             cka      cosine_sim   cca_mean_corr procrustes_disp
------------------------------------------------------------------------------------------------------
z1_vs_z2                        0.0268         0.0602         0.4934         0.9920         0.9842
z1_vs_~z                       -0.0052        -0.0425         0.6873         0.9947         0.9926
z2_vs_~z                        0.0335        -0.2411         0.7160         0.9943         0.9480
------------------------------------------------------------------------------------------------------
2025-11-24 09:08:42,780 - Agent - INFO - [37mVal Epoch 70 step 70 with [31mpx_total : 60.707924 [31mtotal : 60.707924 
2025-11-24 09:10:03,521 - Agent - INFO - [37mVal Epoch 71 step 71 with [31mpx_total : 61.061237 [31mtotal : 61.061237 
2025-11-24 09:11:22,286 - Agent - INFO - [37mVal Epoch 72 step 72 with [31mpx_total : 60.792297 [31mtotal : 60.792297 
2025-11-24 09:12:40,614 - Agent - INFO - [37mVal Epoch 73 step 73 with [31mpx_total : 60.524319 [31mtotal : 60.524319 
2025-11-24 09:13:58,771 - Agent - INFO - [37mVal Epoch 74 step 74 with [31mpx_total : 60.395603 [31mtotal : 60.395603 
2025-11-24 09:15:16,796 - Agent - INFO - [37mVal Epoch 75 step 75 with [31mpx_total : 60.451202 [31mtotal : 60.451202 
2025-11-24 09:16:34,429 - Agent - INFO - [37mVal Epoch 76 step 76 with [31mpx_total : 60.620190 [31mtotal : 60.620190 
2025-11-24 09:17:53,084 - Agent - INFO - [37mVal Epoch 77 step 77 with [31mpx_total : 60.664070 [31mtotal : 60.664070 
You have entered CTRL+C.. Wait to finalize
2025-11-24 09:18:59,417 - Agent - INFO - We are in the final state.
2025-11-24 09:18:59,597 - root - INFO - Loaded best model from /esat/smcdata/users/kkontras/Image_Dataset/no_backup/data/2025_data/synergy/Synprom_IB_genVAEOSfold1_lib0.01_perturbgen_lr0.001_wd0.0_clsmlp.pth.tar
2025-11-24 09:19:13,202 - Agent - INFO - [37mVal Epoch 78 step 0 with [31mpx_total : 59.076363 [31mtotal : 59.076363 
[1;34mwandb[0m: 
[1;34mwandb[0m: 🚀 View run [33mSynprom_IB_genVAEOSfold1_lib0.01_perturbgen_lr0.001_wd0.0_clsmlp[0m at: [34m[0m
[1;34mwandb[0m: Find logs at: [1;35mwandb/run-20251124_073442-yk9sftbh/logs[0m
Job finished
