Starting Job
/esat/smcdata/users/kkontras/Image_Dataset/no_backup/git/Synergy/train.py
/esat/smcdata/users/kkontras/Image_Dataset/no_backup/envs/synergy_new/bin/python
Python 3.10.19
/esat/smcdata/users/kkontras/Image_Dataset/no_backup/git/Synergy
We have 1 GPU
/esat/smcdata/users/kkontras/Image_Dataset/no_backup/git/Synergy/train.py
config-./configs/CREMA_D/synergy/nov/synprom_generatorVAEOneSide.json
Executing command: accelerate launch /esat/smcdata/users/kkontras/Image_Dataset/no_backup/git/Synergy/train.py --config ./configs/CREMA_D/synergy/nov/synprom_generatorVAEOneSide.json --default_config ./configs/CREMA_D/default_config_cremad_res_syn.json --fold 0 --lr 0.001 --wd 1e-5 --perturb gen --start_over  --cls mlp --lib 1.0
Namespace(config='./configs/CREMA_D/synergy/nov/synprom_generatorVAEOneSide.json', default_config='./configs/CREMA_D/default_config_cremad_res_syn.json', fold='0', alpha=None, tanh_mode=None, tanh_mode_beta=None, regby=None, clip=None, batch_size=None, l=None, multil=None, l_diffsq=None, lib='1.0', ratio_us=None, ratio_snr=None, kmepoch=None, num_samples=None, pow=None, nstep=None, contrcoeff=None, kde_coeff=None, etube=None, temperature=None, contr_type=None, shuffle_type=None, validate_with=None, transform_type=None, trasform_before=None, num_classes=None, base_alpha=None, alpha_var=None, base_beta=None, beta_var=None, optim_method=None, ilr_c=None, ilr_g=None, mmcosine_scaling=None, ending_epoch=None, load_ongoing=None, commonlayers=None, recon_weight1=None, recon_weight2=None, recon_epochstages=None, recon_ensemblestages=None, lr='0.001', wd='1e-5', mm=None, cls='mlp', perturb='gen', pre=False, frozen=False, tdqm_disable=False, start_over=True)
2025-11-23 17:37:22,101 - Config - INFO - ./configs/CREMA_D/synergy/nov/synprom_generatorVAEOneSide.json
2025-11-23 17:37:22,104 - Config - INFO -  THE Configuration of your experiment ..
{'agent': 'Agent',
 'dataset': {'data_roots': '/esat/smcdata/users/kkontras/Image_Dataset/no_backup/CremaD/CREMA-D',
             'data_split': {'fold': 0, 'method': 'non_inclusive'},
             'dataloader_class': 'CramedD_Dataloader',
             'fps': 1,
             'norm': False,
             'norm_face_path': './mydatasets/CREMAD/norm_face_path_fold{}.pkl',
             'norm_wav_path': './mydatasets/CREMAD/wav_norm_16000_fold{}.pkl',
             'num_frame': 3,
             'return_data': {'audio': False,
                             'face': False,
                             'spectrogram': True,
                             'video': True},
             'sampling_rate': 22050},
 'early_stopping': {'end_of_epoch_check': True,
                    'log_interval': 10,
                    'max_epoch': 1500,
                    'n_steps_stop': 100,
                    'n_steps_stop_after': 0,
                    'save_every_step': 3000,
                    'save_every_valstep': 10,
                    'validate_after': 0,
                    'validate_every': 25,
                    'validate_with': 'loss'},
 'exp_name': 'CREMAD Experiment',
 'model': {'args': {'bias_infusion': {'ending_epoch': 1500,
                                      'l': 0.1,
                                      'method': 'false',
                                      'plot': False,
                                      'starting_epoch': 0,
                                      'use': True},
                    'clip_grad': False,
                    'cls_type': 'linear',
                    'd_model': 512,
                    'dropout': 0.1,
                    'fc_inner': 64,
                    'multi_loss': {'multi_supervised_w': {'c': 0,
                                                          'combined': 1,
                                                          'g': 0}},
                    'num_classes': 6,
                    'swap_direction': True},
           'encoders': [{'args': {'d_model': 512,
                                  'dropout': 0.1,
                                  'fc_inner': 64,
                                  'freeze_encoder': True,
                                  'num_classes': 6},
                         'model': 'Audio_ResNet',
                         'pretrainedEncoder': {'dir': 'unimodal_audio_fold{}_lr0.001_wd0.0001.pth.tar',
                                               'use': True}},
                        {'args': {'d_model': 512,
                                  'dropout': 0.1,
                                  'fc_inner': 64,
                                  'freeze_encoder': True,
                                  'num_classes': 6},
                         'model': 'Video_ResNet',
                         'pretrainedEncoder': {'dir': 'unimodal_video_fold{}_lr0.001_wd0.0001.pth.tar',
                                               'use': True}},
                        {'args': {'dim_in': 512,
                                  'dim_out': 512,
                                  'hidden': 512,
                                  'latent_dim': 64},
                         'model': 'SimpleVAEZ2toZ1OneSide',
                         'pretrainedEncoder': {'dir': '', 'use': False},
                         'save_encoder': True}],
           'load_ongoing': False,
           'model_class': 'Model_GeneratorVAEOneSide',
           'save_base_dir': '/esat/smcdata/users/kkontras/Image_Dataset/no_backup/data/2025_data/synergy',
           'save_dir': 'Synprom_IB_genVAEOS{}.pth.tar'},
 'optimizer': {'beta1': 0.9,
               'beta2': 0.999,
               'learning_rate': 1e-05,
               'momentum': 0.9,
               'type': 'Adam',
               'weight_decay': 1e-05},
 'scheduler': {'max_lr': 0.03, 'type': 'cosanneal', 'warm_up_steps': 780},
 'task': 'generative',
 'training_params': {'adversarial_training': {'adv_epsilon': 0.01,
                                              'use': False},
                     'async_loading': True,
                     'batch_size': 128,
                     'cuda': True,
                     'data_loader_workers': 8,
                     'gpu_device': [0],
                     'pin_memory': False,
                     'rec_test': False,
                     'res': True,
                     'seed': 109,
                     'tdqm_disable': False,
                     'test_batch_size': 128,
                     'test_on_bottoms': False,
                     'use_test_set': True,
                     'validation': True,
                     'verbose': True,
                     'wandb_disable': False}}
2025-11-23 17:37:22,107 - Config - INFO -  *************************************** 
2025-11-23 17:37:22,107 - Config - INFO - The experiment name is CREMAD Experiment
2025-11-23 17:37:22,107 - Config - INFO -  *************************************** 
2025-11-23 17:37:22,107 - root - INFO - save_dir: Synprom_IB_genVAEOSfold0_lib1.0_perturbgen_lr0.001_wd1e-5_clsmlp.pth.tar
2025-11-23 17:37:22,186 - Cuda Statistics - INFO - __Python VERSION:  3.10.19 (main, Oct 21 2025, 16:43:05) [GCC 11.2.0]
2025-11-23 17:37:22,187 - Cuda Statistics - INFO - __pyTorch VERSION:  2.6.0+cu124
2025-11-23 17:37:22,187 - Cuda Statistics - INFO - __CUDA VERSION
2025-11-23 17:37:22,195 - Cuda Statistics - INFO - __CUDNN VERSION:  90100
2025-11-23 17:37:22,220 - Cuda Statistics - INFO - __Number CUDA Devices:  1
2025-11-23 17:37:22,220 - Cuda Statistics - INFO - __Devices
2025-11-23 17:37:22,220 - Cuda Statistics - INFO - index, name, driver_version, memory.total [MiB], memory.used [MiB], memory.free [MiB]
2025-11-23 17:37:22,220 - Cuda Statistics - INFO - 0, NVIDIA GeForce RTX 3090, 580.105.08, 24576 MiB, 4 MiB, 24121 MiB
2025-11-23 17:37:22,225 - Cuda Statistics - INFO - Active CUDA Device: GPU 0
2025-11-23 17:37:22,225 - Cuda Statistics - INFO - Available devices  1
2025-11-23 17:37:22,225 - Cuda Statistics - INFO - Current cuda device  0
This path does not exist /esat/smcdata/users/kkontras/Image_Dataset/no_backup/CremaD/CREMA-D/AudioWAV/1076_MTI_SAD_XX.wav or /esat/smcdata/users/kkontras/Image_Dataset/no_backup/CremaD/CREMA-D/Image-01-FPS/1076_MTI_SAD_XX or /esat/smcdata/users/kkontras/Image_Dataset/no_backup/CremaD/CREMA-D/Face_features/1076_MTI_SAD_XX.npy
2025-11-23 17:37:24,404 - root - INFO - Loaded wav norm from ./mydatasets/CREMAD/wav_norm_16000_fold0.pkl
2025-11-23 17:37:24,418 - root - INFO - Norm values are {'mean': tensor(-2.7937e-05), 'std': tensor(0.0613), 'max_duration': 4.8715625}
2025-11-23 17:37:24,904 - root - INFO - Loaded wav norm from ./mydatasets/CREMAD/wav_norm_16000_fold0.pkl
2025-11-23 17:37:24,905 - root - INFO - Norm values are {'mean': tensor(-2.7937e-05), 'std': tensor(0.0613), 'max_duration': 4.8715625}
2025-11-23 17:37:25,385 - root - INFO - Loaded wav norm from ./mydatasets/CREMAD/wav_norm_16000_fold0.pkl
2025-11-23 17:37:25,386 - root - INFO - Norm values are {'mean': tensor(-2.7937e-05), 'std': tensor(0.0613), 'max_duration': 4.8715625}
Available cores 8
We are changing dataloader workers to num of cores 0
2025-11-23 17:37:25,387 - Agent - INFO - Device: cuda:0
2025-11-23 17:37:25,387 - Agent - INFO - Total training batches: 32, validate every 25 batches, steps per epoch: 2
2025-11-23 17:37:27,189 - Agent - INFO - Loss Weights are {'total': 1, 'combined': 1, 'c': 0, 'g': 0}
2025-11-23 17:37:27,777 - root - INFO - Loading enc best model state dict from /esat/smcdata/users/kkontras/Image_Dataset/no_backup/data/2025_data/synergy/unimodal_audio_fold0_lr0.001_wd0.0001.pth.tar
2025-11-23 17:37:28,308 - root - INFO - Loading enc best model state dict from /esat/smcdata/users/kkontras/Image_Dataset/no_backup/data/2025_data/synergy/unimodal_video_fold0_lr0.001_wd0.0001.pth.tar
2025-11-23 17:37:28,338 - Agent - INFO - Freezing encoder enc_0
2025-11-23 17:37:28,339 - Agent - INFO - Freezing encoder enc_1
2025-11-23 17:37:28,547 - Agent - INFO - Total number of trainable parameters are: 23502476
2025-11-23 17:37:28,554 - Agent - INFO - Total number of trainable parameters are: 1149568
2025-11-23 17:39:14,558 - Agent - INFO - [37mVal Epoch 1 step 1 with [31mpx_total : 0.178327 [31mtotal : 0.178327 
2025-11-23 17:39:14,878 - Agent - INFO - [37mModel saved successfully at: /esat/smcdata/users/kkontras/Image_Dataset/no_backup/data/2025_data/synergy/Synprom_IB_genVAEOSfold0_lib1.0_perturbgen_lr0.001_wd1e-5_clsmlp.pth.tar[39m
2025-11-23 17:40:35,071 - Agent - INFO - [37mVal Epoch 2 step 2 with [31mpx_total : 0.173110 [31mtotal : 0.173110 
2025-11-23 17:40:35,328 - Agent - INFO - [37mModel saved successfully at: /esat/smcdata/users/kkontras/Image_Dataset/no_backup/data/2025_data/synergy/Synprom_IB_genVAEOSfold0_lib1.0_perturbgen_lr0.001_wd1e-5_clsmlp.pth.tar[39m
2025-11-23 17:41:55,448 - Agent - INFO - [37mVal Epoch 3 step 3 with [31mpx_total : 0.163406 [31mtotal : 0.163406 
2025-11-23 17:41:55,698 - Agent - INFO - [37mModel saved successfully at: /esat/smcdata/users/kkontras/Image_Dataset/no_backup/data/2025_data/synergy/Synprom_IB_genVAEOSfold0_lib1.0_perturbgen_lr0.001_wd1e-5_clsmlp.pth.tar[39m
2025-11-23 17:43:15,706 - Agent - INFO - [37mVal Epoch 4 step 4 with [31mpx_total : 0.157507 [31mtotal : 0.157507 
2025-11-23 17:43:15,954 - Agent - INFO - [37mModel saved successfully at: /esat/smcdata/users/kkontras/Image_Dataset/no_backup/data/2025_data/synergy/Synprom_IB_genVAEOSfold0_lib1.0_perturbgen_lr0.001_wd1e-5_clsmlp.pth.tar[39m
2025-11-23 17:44:36,129 - Agent - INFO - [37mVal Epoch 5 step 5 with [31mpx_total : 0.153571 [31mtotal : 0.153571 
2025-11-23 17:44:36,378 - Agent - INFO - [37mModel saved successfully at: /esat/smcdata/users/kkontras/Image_Dataset/no_backup/data/2025_data/synergy/Synprom_IB_genVAEOSfold0_lib1.0_perturbgen_lr0.001_wd1e-5_clsmlp.pth.tar[39m
2025-11-23 17:45:56,836 - Agent - INFO - [37mVal Epoch 6 step 6 with [31mpx_total : 0.148238 [31mtotal : 0.148238 
2025-11-23 17:45:57,085 - Agent - INFO - [37mModel saved successfully at: /esat/smcdata/users/kkontras/Image_Dataset/no_backup/data/2025_data/synergy/Synprom_IB_genVAEOSfold0_lib1.0_perturbgen_lr0.001_wd1e-5_clsmlp.pth.tar[39m
2025-11-23 17:47:17,450 - Agent - INFO - [37mVal Epoch 7 step 7 with [31mpx_total : 0.152049 [31mtotal : 0.152049 
2025-11-23 17:48:37,589 - Agent - INFO - [37mVal Epoch 8 step 8 with [31mpx_total : 0.146098 [31mtotal : 0.146098 
2025-11-23 17:48:37,836 - Agent - INFO - [37mModel saved successfully at: /esat/smcdata/users/kkontras/Image_Dataset/no_backup/data/2025_data/synergy/Synprom_IB_genVAEOSfold0_lib1.0_perturbgen_lr0.001_wd1e-5_clsmlp.pth.tar[39m
2025-11-23 17:49:58,253 - Agent - INFO - [37mVal Epoch 9 step 9 with [31mpx_total : 0.150345 [31mtotal : 0.150345 

Pair                         dist_corr             cka      cosine_sim   cca_mean_corr procrustes_disp
------------------------------------------------------------------------------------------------------
z1_vs_z2                        0.1358         0.1136         0.3664         0.9873         0.8658
z1_vs_~z                        0.2651         0.2447         0.7972         0.9551         0.7930
z2_vs_~z                        0.4465         0.2392         0.3990         0.9730         0.5627
------------------------------------------------------------------------------------------------------
2025-11-23 17:51:37,120 - Agent - INFO - [37mVal Epoch 10 step 10 with [31mpx_total : 0.149472 [31mtotal : 0.149472 
2025-11-23 17:52:58,797 - Agent - INFO - [37mVal Epoch 11 step 11 with [31mpx_total : 0.143941 [31mtotal : 0.143941 
2025-11-23 17:52:59,107 - Agent - INFO - [37mModel saved successfully at: /esat/smcdata/users/kkontras/Image_Dataset/no_backup/data/2025_data/synergy/Synprom_IB_genVAEOSfold0_lib1.0_perturbgen_lr0.001_wd1e-5_clsmlp.pth.tar[39m
2025-11-23 17:54:19,012 - Agent - INFO - [37mVal Epoch 12 step 12 with [31mpx_total : 0.146791 [31mtotal : 0.146791 
2025-11-23 17:55:39,298 - Agent - INFO - [37mVal Epoch 13 step 13 with [31mpx_total : 0.150577 [31mtotal : 0.150577 
2025-11-23 17:56:59,618 - Agent - INFO - [37mVal Epoch 14 step 14 with [31mpx_total : 0.145266 [31mtotal : 0.145266 
2025-11-23 17:58:20,119 - Agent - INFO - [37mVal Epoch 15 step 15 with [31mpx_total : 0.146627 [31mtotal : 0.146627 
2025-11-23 17:59:40,877 - Agent - INFO - [37mVal Epoch 16 step 16 with [31mpx_total : 0.146184 [31mtotal : 0.146184 
2025-11-23 18:01:00,877 - Agent - INFO - [37mVal Epoch 17 step 17 with [31mpx_total : 0.148828 [31mtotal : 0.148828 
2025-11-23 18:02:20,561 - Agent - INFO - [37mVal Epoch 18 step 18 with [31mpx_total : 0.144522 [31mtotal : 0.144522 
2025-11-23 18:03:40,433 - Agent - INFO - [37mVal Epoch 19 step 19 with [31mpx_total : 0.149119 [31mtotal : 0.149119 

Pair                         dist_corr             cka      cosine_sim   cca_mean_corr procrustes_disp
------------------------------------------------------------------------------------------------------
z1_vs_z2                        0.1358         0.1136         0.3664         0.9873         0.8658
z1_vs_~z                        0.2540         0.2505         0.7975         0.9458         0.7993
z2_vs_~z                        0.4245         0.2304         0.3943         0.9748         0.5586
------------------------------------------------------------------------------------------------------
2025-11-23 18:05:19,669 - Agent - INFO - [37mVal Epoch 20 step 20 with [31mpx_total : 0.147114 [31mtotal : 0.147114 
2025-11-23 18:06:39,384 - Agent - INFO - [37mVal Epoch 21 step 21 with [31mpx_total : 0.158229 [31mtotal : 0.158229 
2025-11-23 18:07:59,320 - Agent - INFO - [37mVal Epoch 22 step 22 with [31mpx_total : 0.150880 [31mtotal : 0.150880 
2025-11-23 18:09:19,910 - Agent - INFO - [37mVal Epoch 23 step 23 with [31mpx_total : 0.142376 [31mtotal : 0.142376 
2025-11-23 18:09:20,196 - Agent - INFO - [37mModel saved successfully at: /esat/smcdata/users/kkontras/Image_Dataset/no_backup/data/2025_data/synergy/Synprom_IB_genVAEOSfold0_lib1.0_perturbgen_lr0.001_wd1e-5_clsmlp.pth.tar[39m
2025-11-23 18:10:41,051 - Agent - INFO - [37mVal Epoch 24 step 24 with [31mpx_total : 0.150251 [31mtotal : 0.150251 
2025-11-23 18:12:01,201 - Agent - INFO - [37mVal Epoch 25 step 25 with [31mpx_total : 0.148502 [31mtotal : 0.148502 
2025-11-23 18:13:20,945 - Agent - INFO - [37mVal Epoch 26 step 26 with [31mpx_total : 0.147605 [31mtotal : 0.147605 
2025-11-23 18:14:41,686 - Agent - INFO - [37mVal Epoch 27 step 27 with [31mpx_total : 0.148879 [31mtotal : 0.148879 
2025-11-23 18:16:02,482 - Agent - INFO - [37mVal Epoch 28 step 28 with [31mpx_total : 0.150492 [31mtotal : 0.150492 
2025-11-23 18:17:23,297 - Agent - INFO - [37mVal Epoch 29 step 29 with [31mpx_total : 0.149259 [31mtotal : 0.149259 

Pair                         dist_corr             cka      cosine_sim   cca_mean_corr procrustes_disp
------------------------------------------------------------------------------------------------------
z1_vs_z2                        0.1358         0.1136         0.3664         0.9873         0.8658
z1_vs_~z                        0.2352         0.2417         0.7963         0.9374         0.8048
z2_vs_~z                        0.4269         0.2838         0.3957         0.9799         0.5574
------------------------------------------------------------------------------------------------------
2025-11-23 18:19:03,163 - Agent - INFO - [37mVal Epoch 30 step 30 with [31mpx_total : 0.148692 [31mtotal : 0.148692 
2025-11-23 18:20:24,527 - Agent - INFO - [37mVal Epoch 31 step 31 with [31mpx_total : 0.148896 [31mtotal : 0.148896 
2025-11-23 18:21:45,263 - Agent - INFO - [37mVal Epoch 32 step 32 with [31mpx_total : 0.155097 [31mtotal : 0.155097 
2025-11-23 18:23:06,622 - Agent - INFO - [37mVal Epoch 33 step 33 with [31mpx_total : 0.146509 [31mtotal : 0.146509 
2025-11-23 18:24:27,893 - Agent - INFO - [37mVal Epoch 34 step 34 with [31mpx_total : 0.146469 [31mtotal : 0.146469 
2025-11-23 18:25:46,883 - Agent - INFO - [37mVal Epoch 35 step 35 with [31mpx_total : 0.141594 [31mtotal : 0.141594 
2025-11-23 18:25:47,169 - Agent - INFO - [37mModel saved successfully at: /esat/smcdata/users/kkontras/Image_Dataset/no_backup/data/2025_data/synergy/Synprom_IB_genVAEOSfold0_lib1.0_perturbgen_lr0.001_wd1e-5_clsmlp.pth.tar[39m
2025-11-23 18:27:07,865 - Agent - INFO - [37mVal Epoch 36 step 36 with [31mpx_total : 0.141175 [31mtotal : 0.141175 
2025-11-23 18:27:08,110 - Agent - INFO - [37mModel saved successfully at: /esat/smcdata/users/kkontras/Image_Dataset/no_backup/data/2025_data/synergy/Synprom_IB_genVAEOSfold0_lib1.0_perturbgen_lr0.001_wd1e-5_clsmlp.pth.tar[39m
2025-11-23 18:28:27,936 - Agent - INFO - [37mVal Epoch 37 step 37 with [31mpx_total : 0.146534 [31mtotal : 0.146534 
2025-11-23 18:29:47,976 - Agent - INFO - [37mVal Epoch 38 step 38 with [31mpx_total : 0.145874 [31mtotal : 0.145874 
2025-11-23 18:31:09,158 - Agent - INFO - [37mVal Epoch 39 step 39 with [31mpx_total : 0.146699 [31mtotal : 0.146699 

Pair                         dist_corr             cka      cosine_sim   cca_mean_corr procrustes_disp
------------------------------------------------------------------------------------------------------
z1_vs_z2                        0.1358         0.1136         0.3664         0.9873         0.8658
z1_vs_~z                        0.2635         0.2388         0.7954         0.9383         0.7983
z2_vs_~z                        0.4374         0.2892         0.3958         0.9779         0.5543
------------------------------------------------------------------------------------------------------
2025-11-23 18:32:48,323 - Agent - INFO - [37mVal Epoch 40 step 40 with [31mpx_total : 0.152997 [31mtotal : 0.152997 
2025-11-23 18:34:09,064 - Agent - INFO - [37mVal Epoch 41 step 41 with [31mpx_total : 0.145414 [31mtotal : 0.145414 
2025-11-23 18:35:29,891 - Agent - INFO - [37mVal Epoch 42 step 42 with [31mpx_total : 0.143216 [31mtotal : 0.143216 
2025-11-23 18:36:50,962 - Agent - INFO - [37mVal Epoch 43 step 43 with [31mpx_total : 0.152315 [31mtotal : 0.152315 
2025-11-23 18:38:11,339 - Agent - INFO - [37mVal Epoch 44 step 44 with [31mpx_total : 0.155665 [31mtotal : 0.155665 
2025-11-23 18:39:31,265 - Agent - INFO - [37mVal Epoch 45 step 45 with [31mpx_total : 0.153703 [31mtotal : 0.153703 
2025-11-23 18:40:51,900 - Agent - INFO - [37mVal Epoch 46 step 46 with [31mpx_total : 0.146859 [31mtotal : 0.146859 
2025-11-23 18:42:11,897 - Agent - INFO - [37mVal Epoch 47 step 47 with [31mpx_total : 0.153634 [31mtotal : 0.153634 
2025-11-23 18:43:31,784 - Agent - INFO - [37mVal Epoch 48 step 48 with [31mpx_total : 0.151795 [31mtotal : 0.151795 
2025-11-23 18:44:51,201 - Agent - INFO - [37mVal Epoch 49 step 49 with [31mpx_total : 0.150972 [31mtotal : 0.150972 

Pair                         dist_corr             cka      cosine_sim   cca_mean_corr procrustes_disp
------------------------------------------------------------------------------------------------------
z1_vs_z2                        0.1358         0.1136         0.3664         0.9873         0.8658
z1_vs_~z                        0.2556         0.2537         0.7919         0.9361         0.7927
z2_vs_~z                        0.4252         0.2973         0.3957         0.9781         0.5658
------------------------------------------------------------------------------------------------------
2025-11-23 18:46:30,882 - Agent - INFO - [37mVal Epoch 50 step 50 with [31mpx_total : 0.151954 [31mtotal : 0.151954 
2025-11-23 18:47:51,555 - Agent - INFO - [37mVal Epoch 51 step 51 with [31mpx_total : 0.146754 [31mtotal : 0.146754 
2025-11-23 18:49:11,130 - Agent - INFO - [37mVal Epoch 52 step 52 with [31mpx_total : 0.148019 [31mtotal : 0.148019 
2025-11-23 18:50:30,133 - Agent - INFO - [37mVal Epoch 53 step 53 with [31mpx_total : 0.150421 [31mtotal : 0.150421 
2025-11-23 18:51:49,655 - Agent - INFO - [37mVal Epoch 54 step 54 with [31mpx_total : 0.146077 [31mtotal : 0.146077 
2025-11-23 18:53:09,964 - Agent - INFO - [37mVal Epoch 55 step 55 with [31mpx_total : 0.148461 [31mtotal : 0.148461 
2025-11-23 18:54:29,651 - Agent - INFO - [37mVal Epoch 56 step 56 with [31mpx_total : 0.151313 [31mtotal : 0.151313 
2025-11-23 18:55:49,028 - Agent - INFO - [37mVal Epoch 57 step 57 with [31mpx_total : 0.148283 [31mtotal : 0.148283 
2025-11-23 18:57:09,628 - Agent - INFO - [37mVal Epoch 58 step 58 with [31mpx_total : 0.146475 [31mtotal : 0.146475 
2025-11-23 18:58:30,794 - Agent - INFO - [37mVal Epoch 59 step 59 with [31mpx_total : 0.151387 [31mtotal : 0.151387 

Pair                         dist_corr             cka      cosine_sim   cca_mean_corr procrustes_disp
------------------------------------------------------------------------------------------------------
z1_vs_z2                        0.1358         0.1136         0.3664         0.9873         0.8658
z1_vs_~z                        0.2394         0.2443         0.7941         0.9453         0.8001
z2_vs_~z                        0.4147         0.2732         0.3953         0.9777         0.5689
------------------------------------------------------------------------------------------------------
2025-11-23 19:00:10,796 - Agent - INFO - [37mVal Epoch 60 step 60 with [31mpx_total : 0.149500 [31mtotal : 0.149500 
2025-11-23 19:01:30,644 - Agent - INFO - [37mVal Epoch 61 step 61 with [31mpx_total : 0.148583 [31mtotal : 0.148583 
2025-11-23 19:02:50,360 - Agent - INFO - [37mVal Epoch 62 step 62 with [31mpx_total : 0.148482 [31mtotal : 0.148482 
2025-11-23 19:04:11,090 - Agent - INFO - [37mVal Epoch 63 step 63 with [31mpx_total : 0.148902 [31mtotal : 0.148902 
2025-11-23 19:05:30,370 - Agent - INFO - [37mVal Epoch 64 step 64 with [31mpx_total : 0.151918 [31mtotal : 0.151918 
2025-11-23 19:06:51,031 - Agent - INFO - [37mVal Epoch 65 step 65 with [31mpx_total : 0.144095 [31mtotal : 0.144095 
2025-11-23 19:08:11,040 - Agent - INFO - [37mVal Epoch 66 step 66 with [31mpx_total : 0.147811 [31mtotal : 0.147811 
2025-11-23 19:09:30,598 - Agent - INFO - [37mVal Epoch 67 step 67 with [31mpx_total : 0.141910 [31mtotal : 0.141910 
2025-11-23 19:10:49,755 - Agent - INFO - [37mVal Epoch 68 step 68 with [31mpx_total : 0.151098 [31mtotal : 0.151098 
2025-11-23 19:12:08,866 - Agent - INFO - [37mVal Epoch 69 step 69 with [31mpx_total : 0.147029 [31mtotal : 0.147029 

Pair                         dist_corr             cka      cosine_sim   cca_mean_corr procrustes_disp
------------------------------------------------------------------------------------------------------
z1_vs_z2                        0.1358         0.1136         0.3664         0.9873         0.8658
z1_vs_~z                        0.2467         0.2470         0.7926         0.9334         0.8001
z2_vs_~z                        0.4100         0.2758         0.3940         0.9762         0.5790
------------------------------------------------------------------------------------------------------
2025-11-23 19:13:46,830 - Agent - INFO - [37mVal Epoch 70 step 70 with [31mpx_total : 0.150573 [31mtotal : 0.150573 
2025-11-23 19:15:07,722 - Agent - INFO - [37mVal Epoch 71 step 71 with [31mpx_total : 0.145735 [31mtotal : 0.145735 
2025-11-23 19:16:27,835 - Agent - INFO - [37mVal Epoch 72 step 72 with [31mpx_total : 0.143966 [31mtotal : 0.143966 
2025-11-23 19:17:48,671 - Agent - INFO - [37mVal Epoch 73 step 73 with [31mpx_total : 0.149396 [31mtotal : 0.149396 
2025-11-23 19:19:09,352 - Agent - INFO - [37mVal Epoch 74 step 74 with [31mpx_total : 0.146561 [31mtotal : 0.146561 
2025-11-23 19:20:30,204 - Agent - INFO - [37mVal Epoch 75 step 75 with [31mpx_total : 0.150277 [31mtotal : 0.150277 
2025-11-23 19:21:49,332 - Agent - INFO - [37mVal Epoch 76 step 76 with [31mpx_total : 0.156386 [31mtotal : 0.156386 
2025-11-23 19:23:08,359 - Agent - INFO - [37mVal Epoch 77 step 77 with [31mpx_total : 0.152963 [31mtotal : 0.152963 
2025-11-23 19:24:27,709 - Agent - INFO - [37mVal Epoch 78 step 78 with [31mpx_total : 0.150016 [31mtotal : 0.150016 
2025-11-23 19:25:46,747 - Agent - INFO - [37mVal Epoch 79 step 79 with [31mpx_total : 0.147987 [31mtotal : 0.147987 

Pair                         dist_corr             cka      cosine_sim   cca_mean_corr procrustes_disp
------------------------------------------------------------------------------------------------------
z1_vs_z2                        0.1358         0.1136         0.3664         0.9873         0.8658
z1_vs_~z                        0.2236         0.2287         0.8046         0.9473         0.8108
z2_vs_~z                        0.3968         0.2406         0.3980         0.9803         0.5661
------------------------------------------------------------------------------------------------------
2025-11-23 19:27:26,305 - Agent - INFO - [37mVal Epoch 80 step 80 with [31mpx_total : 0.146712 [31mtotal : 0.146712 
2025-11-23 19:28:47,617 - Agent - INFO - [37mVal Epoch 81 step 81 with [31mpx_total : 0.144071 [31mtotal : 0.144071 
2025-11-23 19:30:08,606 - Agent - INFO - [37mVal Epoch 82 step 82 with [31mpx_total : 0.151108 [31mtotal : 0.151108 
2025-11-23 19:31:29,163 - Agent - INFO - [37mVal Epoch 83 step 83 with [31mpx_total : 0.148341 [31mtotal : 0.148341 
2025-11-23 19:32:49,516 - Agent - INFO - [37mVal Epoch 84 step 84 with [31mpx_total : 0.146638 [31mtotal : 0.146638 
2025-11-23 19:34:09,949 - Agent - INFO - [37mVal Epoch 85 step 85 with [31mpx_total : 0.151625 [31mtotal : 0.151625 
2025-11-23 19:35:29,894 - Agent - INFO - [37mVal Epoch 86 step 86 with [31mpx_total : 0.149491 [31mtotal : 0.149491 
2025-11-23 19:36:50,112 - Agent - INFO - [37mVal Epoch 87 step 87 with [31mpx_total : 0.150375 [31mtotal : 0.150375 
2025-11-23 19:38:10,684 - Agent - INFO - [37mVal Epoch 88 step 88 with [31mpx_total : 0.156594 [31mtotal : 0.156594 
2025-11-23 19:39:29,424 - Agent - INFO - [37mVal Epoch 89 step 89 with [31mpx_total : 0.145991 [31mtotal : 0.145991 

Pair                         dist_corr             cka      cosine_sim   cca_mean_corr procrustes_disp
------------------------------------------------------------------------------------------------------
z1_vs_z2                        0.1358         0.1136         0.3664         0.9873         0.8658
z1_vs_~z                        0.2388         0.2398         0.7965         0.9404         0.8020
z2_vs_~z                        0.4126         0.3134         0.3961         0.9793         0.5737
------------------------------------------------------------------------------------------------------
2025-11-23 19:41:08,270 - Agent - INFO - [37mVal Epoch 90 step 90 with [31mpx_total : 0.148667 [31mtotal : 0.148667 
2025-11-23 19:42:27,883 - Agent - INFO - [37mVal Epoch 91 step 91 with [31mpx_total : 0.142772 [31mtotal : 0.142772 
2025-11-23 19:43:46,753 - Agent - INFO - [37mVal Epoch 92 step 92 with [31mpx_total : 0.148221 [31mtotal : 0.148221 
2025-11-23 19:45:05,546 - Agent - INFO - [37mVal Epoch 93 step 93 with [31mpx_total : 0.142320 [31mtotal : 0.142320 
2025-11-23 19:46:25,763 - Agent - INFO - [37mVal Epoch 94 step 94 with [31mpx_total : 0.142992 [31mtotal : 0.142992 
2025-11-23 19:47:44,354 - Agent - INFO - [37mVal Epoch 95 step 95 with [31mpx_total : 0.150484 [31mtotal : 0.150484 
2025-11-23 19:49:04,195 - Agent - INFO - [37mVal Epoch 96 step 96 with [31mpx_total : 0.151904 [31mtotal : 0.151904 
2025-11-23 19:50:22,670 - Agent - INFO - [37mVal Epoch 97 step 97 with [31mpx_total : 0.152716 [31mtotal : 0.152716 
2025-11-23 19:51:41,758 - Agent - INFO - [37mVal Epoch 98 step 98 with [31mpx_total : 0.150289 [31mtotal : 0.150289 
2025-11-23 19:53:00,345 - Agent - INFO - [37mVal Epoch 99 step 99 with [31mpx_total : 0.143828 [31mtotal : 0.143828 

Pair                         dist_corr             cka      cosine_sim   cca_mean_corr procrustes_disp
------------------------------------------------------------------------------------------------------
z1_vs_z2                        0.1358         0.1136         0.3664         0.9873         0.8658
z1_vs_~z                        0.2367         0.2419         0.7986         0.9349         0.8051
z2_vs_~z                        0.3866         0.2164         0.3954         0.9768         0.5891
------------------------------------------------------------------------------------------------------
2025-11-23 19:54:39,410 - Agent - INFO - [37mVal Epoch 100 step 100 with [31mpx_total : 0.146754 [31mtotal : 0.146754 
2025-11-23 19:56:00,878 - Agent - INFO - [37mVal Epoch 101 step 101 with [31mpx_total : 0.148983 [31mtotal : 0.148983 
2025-11-23 19:57:19,938 - Agent - INFO - [37mVal Epoch 102 step 102 with [31mpx_total : 0.147995 [31mtotal : 0.147995 
2025-11-23 19:58:38,718 - Agent - INFO - [37mVal Epoch 103 step 103 with [31mpx_total : 0.144581 [31mtotal : 0.144581 
2025-11-23 19:59:57,472 - Agent - INFO - [37mVal Epoch 104 step 104 with [31mpx_total : 0.148706 [31mtotal : 0.148706 
2025-11-23 20:01:16,899 - Agent - INFO - [37mVal Epoch 105 step 105 with [31mpx_total : 0.147483 [31mtotal : 0.147483 
2025-11-23 20:02:35,703 - Agent - INFO - [37mVal Epoch 106 step 106 with [31mpx_total : 0.151597 [31mtotal : 0.151597 
2025-11-23 20:03:55,098 - Agent - INFO - [37mVal Epoch 107 step 107 with [31mpx_total : 0.151680 [31mtotal : 0.151680 
2025-11-23 20:05:14,298 - Agent - INFO - [37mVal Epoch 108 step 108 with [31mpx_total : 0.145670 [31mtotal : 0.145670 
2025-11-23 20:06:33,624 - Agent - INFO - [37mVal Epoch 109 step 109 with [31mpx_total : 0.145026 [31mtotal : 0.145026 

Pair                         dist_corr             cka      cosine_sim   cca_mean_corr procrustes_disp
------------------------------------------------------------------------------------------------------
z1_vs_z2                        0.1358         0.1136         0.3664         0.9873         0.8658
z1_vs_~z                        0.2534         0.2495         0.7917         0.9372         0.7943
z2_vs_~z                        0.4006         0.2713         0.3955         0.9781         0.5814
------------------------------------------------------------------------------------------------------
2025-11-23 20:08:13,907 - Agent - INFO - [37mVal Epoch 110 step 110 with [31mpx_total : 0.151541 [31mtotal : 0.151541 
2025-11-23 20:09:33,541 - Agent - INFO - [37mVal Epoch 111 step 111 with [31mpx_total : 0.149006 [31mtotal : 0.149006 
2025-11-23 20:10:52,893 - Agent - INFO - [37mVal Epoch 112 step 112 with [31mpx_total : 0.147799 [31mtotal : 0.147799 
2025-11-23 20:12:12,098 - Agent - INFO - [37mVal Epoch 113 step 113 with [31mpx_total : 0.149550 [31mtotal : 0.149550 
2025-11-23 20:13:31,508 - Agent - INFO - [37mVal Epoch 114 step 114 with [31mpx_total : 0.148998 [31mtotal : 0.148998 
2025-11-23 20:14:50,300 - Agent - INFO - [37mVal Epoch 115 step 115 with [31mpx_total : 0.149016 [31mtotal : 0.149016 
2025-11-23 20:16:09,236 - Agent - INFO - [37mVal Epoch 116 step 116 with [31mpx_total : 0.147200 [31mtotal : 0.147200 
2025-11-23 20:17:28,947 - Agent - INFO - [37mVal Epoch 117 step 117 with [31mpx_total : 0.149925 [31mtotal : 0.149925 
2025-11-23 20:18:47,768 - Agent - INFO - [37mVal Epoch 118 step 118 with [31mpx_total : 0.147330 [31mtotal : 0.147330 
2025-11-23 20:20:07,280 - Agent - INFO - [37mVal Epoch 119 step 119 with [31mpx_total : 0.147752 [31mtotal : 0.147752 

Pair                         dist_corr             cka      cosine_sim   cca_mean_corr procrustes_disp
------------------------------------------------------------------------------------------------------
z1_vs_z2                        0.1358         0.1136         0.3664         0.9873         0.8658
z1_vs_~z                        0.2537         0.2516         0.7932         0.9358         0.7939
z2_vs_~z                        0.4062         0.2805         0.3950         0.9776         0.5783
------------------------------------------------------------------------------------------------------
2025-11-23 20:21:46,915 - Agent - INFO - [37mVal Epoch 120 step 120 with [31mpx_total : 0.149397 [31mtotal : 0.149397 
2025-11-23 20:23:08,272 - Agent - INFO - [37mVal Epoch 121 step 121 with [31mpx_total : 0.146745 [31mtotal : 0.146745 
2025-11-23 20:24:28,686 - Agent - INFO - [37mVal Epoch 122 step 122 with [31mpx_total : 0.147720 [31mtotal : 0.147720 
2025-11-23 20:25:49,269 - Agent - INFO - [37mVal Epoch 123 step 123 with [31mpx_total : 0.146583 [31mtotal : 0.146583 
2025-11-23 20:27:09,483 - Agent - INFO - [37mVal Epoch 124 step 124 with [31mpx_total : 0.146970 [31mtotal : 0.146970 
2025-11-23 20:28:30,410 - Agent - INFO - [37mVal Epoch 125 step 125 with [31mpx_total : 0.147223 [31mtotal : 0.147223 
2025-11-23 20:29:49,905 - Agent - INFO - [37mVal Epoch 126 step 126 with [31mpx_total : 0.147137 [31mtotal : 0.147137 
2025-11-23 20:31:07,246 - Agent - INFO - [37mVal Epoch 127 step 127 with [31mpx_total : 0.147144 [31mtotal : 0.147144 
2025-11-23 20:32:25,596 - Agent - INFO - [37mVal Epoch 128 step 128 with [31mpx_total : 0.147994 [31mtotal : 0.147994 
2025-11-23 20:33:46,905 - Agent - INFO - [37mVal Epoch 129 step 129 with [31mpx_total : 0.151965 [31mtotal : 0.151965 

Pair                         dist_corr             cka      cosine_sim   cca_mean_corr procrustes_disp
------------------------------------------------------------------------------------------------------
z1_vs_z2                        0.1358         0.1136         0.3664         0.9873         0.8658
z1_vs_~z                        0.2695         0.2695         0.7990         0.9418         0.7807
z2_vs_~z                        0.4328         0.2707         0.3970         0.9803         0.5497
------------------------------------------------------------------------------------------------------
2025-11-23 20:35:27,746 - Agent - INFO - [37mVal Epoch 130 step 130 with [31mpx_total : 0.140352 [31mtotal : 0.140352 
2025-11-23 20:35:28,068 - Agent - INFO - [37mModel saved successfully at: /esat/smcdata/users/kkontras/Image_Dataset/no_backup/data/2025_data/synergy/Synprom_IB_genVAEOSfold0_lib1.0_perturbgen_lr0.001_wd1e-5_clsmlp.pth.tar[39m
2025-11-23 20:36:49,071 - Agent - INFO - [37mVal Epoch 131 step 131 with [31mpx_total : 0.143322 [31mtotal : 0.143322 
2025-11-23 20:38:09,689 - Agent - INFO - [37mVal Epoch 132 step 132 with [31mpx_total : 0.144376 [31mtotal : 0.144376 
2025-11-23 20:39:31,087 - Agent - INFO - [37mVal Epoch 133 step 133 with [31mpx_total : 0.149046 [31mtotal : 0.149046 
2025-11-23 20:40:50,737 - Agent - INFO - [37mVal Epoch 134 step 134 with [31mpx_total : 0.151396 [31mtotal : 0.151396 
2025-11-23 20:42:12,074 - Agent - INFO - [37mVal Epoch 135 step 135 with [31mpx_total : 0.144163 [31mtotal : 0.144163 
2025-11-23 20:43:32,626 - Agent - INFO - [37mVal Epoch 136 step 136 with [31mpx_total : 0.146589 [31mtotal : 0.146589 
2025-11-23 20:44:53,240 - Agent - INFO - [37mVal Epoch 137 step 137 with [31mpx_total : 0.156931 [31mtotal : 0.156931 
2025-11-23 20:46:13,644 - Agent - INFO - [37mVal Epoch 138 step 138 with [31mpx_total : 0.144118 [31mtotal : 0.144118 
2025-11-23 20:47:34,383 - Agent - INFO - [37mVal Epoch 139 step 139 with [31mpx_total : 0.144194 [31mtotal : 0.144194 

Pair                         dist_corr             cka      cosine_sim   cca_mean_corr procrustes_disp
------------------------------------------------------------------------------------------------------
z1_vs_z2                        0.1358         0.1136         0.3664         0.9873         0.8658
z1_vs_~z                        0.2382         0.2394         0.7923         0.9329         0.8005
z2_vs_~z                        0.3375         0.2135         0.3953         0.9725         0.6227
------------------------------------------------------------------------------------------------------
2025-11-23 20:49:12,913 - Agent - INFO - [37mVal Epoch 140 step 140 with [31mpx_total : 0.150945 [31mtotal : 0.150945 
2025-11-23 20:50:33,016 - Agent - INFO - [37mVal Epoch 141 step 141 with [31mpx_total : 0.143568 [31mtotal : 0.143568 
2025-11-23 20:51:52,524 - Agent - INFO - [37mVal Epoch 142 step 142 with [31mpx_total : 0.142063 [31mtotal : 0.142063 
2025-11-23 20:53:12,163 - Agent - INFO - [37mVal Epoch 143 step 143 with [31mpx_total : 0.151184 [31mtotal : 0.151184 
2025-11-23 20:54:32,491 - Agent - INFO - [37mVal Epoch 144 step 144 with [31mpx_total : 0.143844 [31mtotal : 0.143844 
2025-11-23 20:55:53,271 - Agent - INFO - [37mVal Epoch 145 step 145 with [31mpx_total : 0.143182 [31mtotal : 0.143182 
2025-11-23 20:57:14,011 - Agent - INFO - [37mVal Epoch 146 step 146 with [31mpx_total : 0.146522 [31mtotal : 0.146522 
2025-11-23 20:58:32,706 - Agent - INFO - [37mVal Epoch 147 step 147 with [31mpx_total : 0.147685 [31mtotal : 0.147685 
2025-11-23 20:59:53,556 - Agent - INFO - [37mVal Epoch 148 step 148 with [31mpx_total : 0.157042 [31mtotal : 0.157042 
2025-11-23 21:01:14,365 - Agent - INFO - [37mVal Epoch 149 step 149 with [31mpx_total : 0.146231 [31mtotal : 0.146231 

Pair                         dist_corr             cka      cosine_sim   cca_mean_corr procrustes_disp
------------------------------------------------------------------------------------------------------
z1_vs_z2                        0.1358         0.1136         0.3664         0.9873         0.8658
z1_vs_~z                        0.2605         0.2596         0.7987         0.9381         0.7904
z2_vs_~z                        0.4272         0.2912         0.3971         0.9780         0.5553
------------------------------------------------------------------------------------------------------
2025-11-23 21:02:53,513 - Agent - INFO - [37mVal Epoch 150 step 150 with [31mpx_total : 0.143805 [31mtotal : 0.143805 
2025-11-23 21:04:13,627 - Agent - INFO - [37mVal Epoch 151 step 151 with [31mpx_total : 0.146250 [31mtotal : 0.146250 
2025-11-23 21:05:33,830 - Agent - INFO - [37mVal Epoch 152 step 152 with [31mpx_total : 0.144365 [31mtotal : 0.144365 
2025-11-23 21:06:53,749 - Agent - INFO - [37mVal Epoch 153 step 153 with [31mpx_total : 0.148365 [31mtotal : 0.148365 
2025-11-23 21:08:13,544 - Agent - INFO - [37mVal Epoch 154 step 154 with [31mpx_total : 0.146926 [31mtotal : 0.146926 
2025-11-23 21:09:32,213 - Agent - INFO - [37mVal Epoch 155 step 155 with [31mpx_total : 0.151839 [31mtotal : 0.151839 
2025-11-23 21:10:52,874 - Agent - INFO - [37mVal Epoch 156 step 156 with [31mpx_total : 0.150453 [31mtotal : 0.150453 
2025-11-23 21:12:12,517 - Agent - INFO - [37mVal Epoch 157 step 157 with [31mpx_total : 0.146652 [31mtotal : 0.146652 
2025-11-23 21:13:33,637 - Agent - INFO - [37mVal Epoch 158 step 158 with [31mpx_total : 0.147957 [31mtotal : 0.147957 
2025-11-23 21:14:53,054 - Agent - INFO - [37mVal Epoch 159 step 159 with [31mpx_total : 0.146997 [31mtotal : 0.146997 

Pair                         dist_corr             cka      cosine_sim   cca_mean_corr procrustes_disp
------------------------------------------------------------------------------------------------------
z1_vs_z2                        0.1358         0.1136         0.3664         0.9873         0.8658
z1_vs_~z                        0.2572         0.2480         0.7917         0.9308         0.7954
z2_vs_~z                        0.4374         0.3244         0.3943         0.9729         0.5677
------------------------------------------------------------------------------------------------------
2025-11-23 21:16:33,215 - Agent - INFO - [37mVal Epoch 160 step 160 with [31mpx_total : 0.153900 [31mtotal : 0.153900 
2025-11-23 21:17:54,135 - Agent - INFO - [37mVal Epoch 161 step 161 with [31mpx_total : 0.143338 [31mtotal : 0.143338 
2025-11-23 21:19:13,522 - Agent - INFO - [37mVal Epoch 162 step 162 with [31mpx_total : 0.146721 [31mtotal : 0.146721 
2025-11-23 21:20:31,949 - Agent - INFO - [37mVal Epoch 163 step 163 with [31mpx_total : 0.144329 [31mtotal : 0.144329 
2025-11-23 21:21:51,745 - Agent - INFO - [37mVal Epoch 164 step 164 with [31mpx_total : 0.152457 [31mtotal : 0.152457 
2025-11-23 21:23:10,523 - Agent - INFO - [37mVal Epoch 165 step 165 with [31mpx_total : 0.155391 [31mtotal : 0.155391 
2025-11-23 21:24:30,426 - Agent - INFO - [37mVal Epoch 166 step 166 with [31mpx_total : 0.152181 [31mtotal : 0.152181 
2025-11-23 21:25:48,927 - Agent - INFO - [37mVal Epoch 167 step 167 with [31mpx_total : 0.148353 [31mtotal : 0.148353 
2025-11-23 21:27:08,382 - Agent - INFO - [37mVal Epoch 168 step 168 with [31mpx_total : 0.144756 [31mtotal : 0.144756 
2025-11-23 21:28:27,239 - Agent - INFO - [37mVal Epoch 169 step 169 with [31mpx_total : 0.152053 [31mtotal : 0.152053 

Pair                         dist_corr             cka      cosine_sim   cca_mean_corr procrustes_disp
------------------------------------------------------------------------------------------------------
z1_vs_z2                        0.1358         0.1136         0.3664         0.9873         0.8658
z1_vs_~z                        0.2545         0.2574         0.7962         0.9331         0.7961
z2_vs_~z                        0.4128         0.2369         0.3953         0.9746         0.5706
------------------------------------------------------------------------------------------------------
2025-11-23 21:30:07,306 - Agent - INFO - [37mVal Epoch 170 step 170 with [31mpx_total : 0.147194 [31mtotal : 0.147194 
2025-11-23 21:31:26,787 - Agent - INFO - [37mVal Epoch 171 step 171 with [31mpx_total : 0.148524 [31mtotal : 0.148524 
2025-11-23 21:32:46,355 - Agent - INFO - [37mVal Epoch 172 step 172 with [31mpx_total : 0.143579 [31mtotal : 0.143579 
2025-11-23 21:34:05,760 - Agent - INFO - [37mVal Epoch 173 step 173 with [31mpx_total : 0.145420 [31mtotal : 0.145420 
2025-11-23 21:35:25,302 - Agent - INFO - [37mVal Epoch 174 step 174 with [31mpx_total : 0.143202 [31mtotal : 0.143202 
2025-11-23 21:36:44,369 - Agent - INFO - [37mVal Epoch 175 step 175 with [31mpx_total : 0.152097 [31mtotal : 0.152097 
2025-11-23 21:38:03,767 - Agent - INFO - [37mVal Epoch 176 step 176 with [31mpx_total : 0.147083 [31mtotal : 0.147083 
2025-11-23 21:39:23,339 - Agent - INFO - [37mVal Epoch 177 step 177 with [31mpx_total : 0.147980 [31mtotal : 0.147980 
2025-11-23 21:40:41,982 - Agent - INFO - [37mVal Epoch 178 step 178 with [31mpx_total : 0.144296 [31mtotal : 0.144296 
2025-11-23 21:42:00,706 - Agent - INFO - [37mVal Epoch 179 step 179 with [31mpx_total : 0.150272 [31mtotal : 0.150272 

Pair                         dist_corr             cka      cosine_sim   cca_mean_corr procrustes_disp
------------------------------------------------------------------------------------------------------
z1_vs_z2                        0.1358         0.1136         0.3664         0.9873         0.8658
z1_vs_~z                        0.2569         0.2530         0.7977         0.9461         0.7922
z2_vs_~z                        0.3936         0.2481         0.3971         0.9773         0.5829
------------------------------------------------------------------------------------------------------
2025-11-23 21:43:38,813 - Agent - INFO - [37mVal Epoch 180 step 180 with [31mpx_total : 0.145003 [31mtotal : 0.145003 
2025-11-23 21:44:58,649 - Agent - INFO - [37mVal Epoch 181 step 181 with [31mpx_total : 0.150845 [31mtotal : 0.150845 
2025-11-23 21:46:17,742 - Agent - INFO - [37mVal Epoch 182 step 182 with [31mpx_total : 0.151596 [31mtotal : 0.151596 
2025-11-23 21:47:37,678 - Agent - INFO - [37mVal Epoch 183 step 183 with [31mpx_total : 0.146375 [31mtotal : 0.146375 
2025-11-23 21:48:57,115 - Agent - INFO - [37mVal Epoch 184 step 184 with [31mpx_total : 0.148547 [31mtotal : 0.148547 
2025-11-23 21:50:16,281 - Agent - INFO - [37mVal Epoch 185 step 185 with [31mpx_total : 0.145480 [31mtotal : 0.145480 
2025-11-23 21:51:35,851 - Agent - INFO - [37mVal Epoch 186 step 186 with [31mpx_total : 0.149615 [31mtotal : 0.149615 
2025-11-23 21:52:54,893 - Agent - INFO - [37mVal Epoch 187 step 187 with [31mpx_total : 0.146618 [31mtotal : 0.146618 
2025-11-23 21:54:14,139 - Agent - INFO - [37mVal Epoch 188 step 188 with [31mpx_total : 0.146858 [31mtotal : 0.146858 
2025-11-23 21:55:33,633 - Agent - INFO - [37mVal Epoch 189 step 189 with [31mpx_total : 0.147809 [31mtotal : 0.147809 

Pair                         dist_corr             cka      cosine_sim   cca_mean_corr procrustes_disp
------------------------------------------------------------------------------------------------------
z1_vs_z2                        0.1358         0.1136         0.3664         0.9873         0.8658
z1_vs_~z                        0.2602         0.2514         0.8014         0.9406         0.7962
z2_vs_~z                        0.4198         0.3172         0.3978         0.9762         0.5709
------------------------------------------------------------------------------------------------------
2025-11-23 21:57:13,011 - Agent - INFO - [37mVal Epoch 190 step 190 with [31mpx_total : 0.144876 [31mtotal : 0.144876 
2025-11-23 21:58:32,614 - Agent - INFO - [37mVal Epoch 191 step 191 with [31mpx_total : 0.147999 [31mtotal : 0.147999 
2025-11-23 21:59:51,339 - Agent - INFO - [37mVal Epoch 192 step 192 with [31mpx_total : 0.146490 [31mtotal : 0.146490 
2025-11-23 22:01:10,092 - Agent - INFO - [37mVal Epoch 193 step 193 with [31mpx_total : 0.145734 [31mtotal : 0.145734 
2025-11-23 22:02:29,732 - Agent - INFO - [37mVal Epoch 194 step 194 with [31mpx_total : 0.147592 [31mtotal : 0.147592 
2025-11-23 22:03:49,096 - Agent - INFO - [37mVal Epoch 195 step 195 with [31mpx_total : 0.142541 [31mtotal : 0.142541 
2025-11-23 22:05:07,781 - Agent - INFO - [37mVal Epoch 196 step 196 with [31mpx_total : 0.149940 [31mtotal : 0.149940 
2025-11-23 22:06:26,362 - Agent - INFO - [37mVal Epoch 197 step 197 with [31mpx_total : 0.148584 [31mtotal : 0.148584 
2025-11-23 22:07:45,444 - Agent - INFO - [37mVal Epoch 198 step 198 with [31mpx_total : 0.150122 [31mtotal : 0.150122 
2025-11-23 22:09:05,207 - Agent - INFO - [37mVal Epoch 199 step 199 with [31mpx_total : 0.146426 [31mtotal : 0.146426 

Pair                         dist_corr             cka      cosine_sim   cca_mean_corr procrustes_disp
------------------------------------------------------------------------------------------------------
z1_vs_z2                        0.1358         0.1136         0.3664         0.9873         0.8658
z1_vs_~z                        0.2530         0.2545         0.7898         0.9314         0.7964
z2_vs_~z                        0.3858         0.2690         0.3927         0.9731         0.5909
------------------------------------------------------------------------------------------------------
2025-11-23 22:10:43,830 - Agent - INFO - [37mVal Epoch 200 step 200 with [31mpx_total : 0.150743 [31mtotal : 0.150743 
2025-11-23 22:12:04,724 - Agent - INFO - [37mVal Epoch 201 step 201 with [31mpx_total : 0.143206 [31mtotal : 0.143206 
2025-11-23 22:13:24,902 - Agent - INFO - [37mVal Epoch 202 step 202 with [31mpx_total : 0.144961 [31mtotal : 0.144961 
2025-11-23 22:14:44,666 - Agent - INFO - [37mVal Epoch 203 step 203 with [31mpx_total : 0.146729 [31mtotal : 0.146729 
2025-11-23 22:16:03,749 - Agent - INFO - [37mVal Epoch 204 step 204 with [31mpx_total : 0.147676 [31mtotal : 0.147676 
2025-11-23 22:17:23,878 - Agent - INFO - [37mVal Epoch 205 step 205 with [31mpx_total : 0.149086 [31mtotal : 0.149086 
2025-11-23 22:18:44,325 - Agent - INFO - [37mVal Epoch 206 step 206 with [31mpx_total : 0.146086 [31mtotal : 0.146086 
2025-11-23 22:20:05,181 - Agent - INFO - [37mVal Epoch 207 step 207 with [31mpx_total : 0.146846 [31mtotal : 0.146846 
2025-11-23 22:21:25,695 - Agent - INFO - [37mVal Epoch 208 step 208 with [31mpx_total : 0.145033 [31mtotal : 0.145033 
2025-11-23 22:22:45,932 - Agent - INFO - [37mVal Epoch 209 step 209 with [31mpx_total : 0.143543 [31mtotal : 0.143543 

Pair                         dist_corr             cka      cosine_sim   cca_mean_corr procrustes_disp
------------------------------------------------------------------------------------------------------
z1_vs_z2                        0.1358         0.1136         0.3664         0.9873         0.8658
z1_vs_~z                        0.2691         0.2582         0.7909         0.9334         0.7897
z2_vs_~z                        0.3869         0.2747         0.3943         0.9697         0.5983
------------------------------------------------------------------------------------------------------
2025-11-23 22:24:27,604 - Agent - INFO - [37mVal Epoch 210 step 210 with [31mpx_total : 0.152052 [31mtotal : 0.152052 
2025-11-23 22:25:48,369 - Agent - INFO - [37mVal Epoch 211 step 211 with [31mpx_total : 0.147171 [31mtotal : 0.147171 
2025-11-23 22:27:08,577 - Agent - INFO - [37mVal Epoch 212 step 212 with [31mpx_total : 0.143919 [31mtotal : 0.143919 
2025-11-23 22:28:28,583 - Agent - INFO - [37mVal Epoch 213 step 213 with [31mpx_total : 0.150883 [31mtotal : 0.150883 
2025-11-23 22:29:49,248 - Agent - INFO - [37mVal Epoch 214 step 214 with [31mpx_total : 0.146919 [31mtotal : 0.146919 
2025-11-23 22:31:10,781 - Agent - INFO - [37mVal Epoch 215 step 215 with [31mpx_total : 0.143445 [31mtotal : 0.143445 
2025-11-23 22:32:31,340 - Agent - INFO - [37mVal Epoch 216 step 216 with [31mpx_total : 0.148499 [31mtotal : 0.148499 
2025-11-23 22:33:51,593 - Agent - INFO - [37mVal Epoch 217 step 217 with [31mpx_total : 0.147822 [31mtotal : 0.147822 
2025-11-23 22:35:13,266 - Agent - INFO - [37mVal Epoch 218 step 218 with [31mpx_total : 0.146897 [31mtotal : 0.146897 
2025-11-23 22:36:34,069 - Agent - INFO - [37mVal Epoch 219 step 219 with [31mpx_total : 0.147264 [31mtotal : 0.147264 

Pair                         dist_corr             cka      cosine_sim   cca_mean_corr procrustes_disp
------------------------------------------------------------------------------------------------------
z1_vs_z2                        0.1358         0.1136         0.3664         0.9873         0.8658
z1_vs_~z                        0.2631         0.2653         0.7952         0.9362         0.7887
z2_vs_~z                        0.3923         0.2723         0.3952         0.9748         0.5908
------------------------------------------------------------------------------------------------------
2025-11-23 22:38:14,313 - Agent - INFO - [37mVal Epoch 220 step 220 with [31mpx_total : 0.145800 [31mtotal : 0.145800 
2025-11-23 22:39:35,323 - Agent - INFO - [37mVal Epoch 221 step 221 with [31mpx_total : 0.146910 [31mtotal : 0.146910 
2025-11-23 22:40:55,086 - Agent - INFO - [37mVal Epoch 222 step 222 with [31mpx_total : 0.147626 [31mtotal : 0.147626 
2025-11-23 22:42:15,084 - Agent - INFO - [37mVal Epoch 223 step 223 with [31mpx_total : 0.147276 [31mtotal : 0.147276 
2025-11-23 22:43:34,395 - Agent - INFO - [37mVal Epoch 224 step 224 with [31mpx_total : 0.145927 [31mtotal : 0.145927 
2025-11-23 22:44:54,588 - Agent - INFO - [37mVal Epoch 225 step 225 with [31mpx_total : 0.146867 [31mtotal : 0.146867 
2025-11-23 22:46:15,301 - Agent - INFO - [37mVal Epoch 226 step 226 with [31mpx_total : 0.146715 [31mtotal : 0.146715 
2025-11-23 22:47:35,898 - Agent - INFO - [37mVal Epoch 227 step 227 with [31mpx_total : 0.146222 [31mtotal : 0.146222 
2025-11-23 22:48:54,798 - Agent - INFO - [37mVal Epoch 228 step 228 with [31mpx_total : 0.144506 [31mtotal : 0.144506 
2025-11-23 22:50:15,514 - Agent - INFO - [37mVal Epoch 229 step 229 with [31mpx_total : 0.148721 [31mtotal : 0.148721 
2025-11-23 22:50:17,685 - Agent - INFO - We are in the final state.
2025-11-23 22:50:17,764 - root - INFO - Loaded best model from /esat/smcdata/users/kkontras/Image_Dataset/no_backup/data/2025_data/synergy/Synprom_IB_genVAEOSfold0_lib1.0_perturbgen_lr0.001_wd1e-5_clsmlp.pth.tar
2025-11-23 22:50:31,646 - Agent - INFO - [37mVal Epoch 229 step 0 with [31mpx_total : 0.140178 [31mtotal : 0.140178 

Pair                         dist_corr             cka      cosine_sim   cca_mean_corr procrustes_disp
------------------------------------------------------------------------------------------------------
z1_vs_z2                        0.0052         0.0510         0.3621         0.9842         0.9155
z1_vs_~z                        0.1584         0.1581         0.7908         0.9356         0.9051
z2_vs_~z                        0.4267         0.3327         0.3913         0.9841         0.5240
------------------------------------------------------------------------------------------------------
2025-11-23 22:51:08,897 - Agent - INFO - [37mTest Epoch 229 step 0 with [31mpx_total : 0.188398 [31mtotal : 0.188398 
2025-11-23 22:51:09,337 - Agent - INFO - [37mModel saved successfully at: /esat/smcdata/users/kkontras/Image_Dataset/no_backup/data/2025_data/synergy/Synprom_IB_genVAEOSfold0_lib1.0_perturbgen_lr0.001_wd1e-5_clsmlp.pth.tar[39m
[1;34mwandb[0m: 
[1;34mwandb[0m: 🚀 View run [33mSynprom_IB_genVAEOSfold0_lib1.0_perturbgen_lr0.001_wd1e-5_clsmlp[0m at: [34m[0m
[1;34mwandb[0m: Find logs at: [1;35mwandb/run-20251123_173725-ygeigodn/logs[0m
Job finished
