Starting Job
/esat/smcdata/users/kkontras/Image_Dataset/no_backup/git/Synergy/train.py
/esat/smcdata/users/kkontras/Image_Dataset/no_backup/envs/synergy_new/bin/python
Python 3.10.19
/esat/smcdata/users/kkontras/Image_Dataset/no_backup/git/Synergy
We have 1 GPU
/esat/smcdata/users/kkontras/Image_Dataset/no_backup/git/Synergy/train.py
config-./configs/CREMA_D/synergy/nov/synprom_generatorVAEOneSide.json
Executing command: accelerate launch /esat/smcdata/users/kkontras/Image_Dataset/no_backup/git/Synergy/train.py --config ./configs/CREMA_D/synergy/nov/synprom_generatorVAEOneSide.json --default_config ./configs/CREMA_D/default_config_cremad_res_syn.json --fold 1 --lr 0.001 --wd 1e-5 --perturb gen --start_over  --cls mlp --lib 0.01
Namespace(config='./configs/CREMA_D/synergy/nov/synprom_generatorVAEOneSide.json', default_config='./configs/CREMA_D/default_config_cremad_res_syn.json', fold='1', alpha=None, tanh_mode=None, tanh_mode_beta=None, regby=None, clip=None, batch_size=None, l=None, multil=None, l_diffsq=None, lib='0.01', ratio_us=None, ratio_snr=None, kmepoch=None, num_samples=None, pow=None, nstep=None, contrcoeff=None, kde_coeff=None, etube=None, temperature=None, contr_type=None, shuffle_type=None, validate_with=None, transform_type=None, trasform_before=None, num_classes=None, base_alpha=None, alpha_var=None, base_beta=None, beta_var=None, optim_method=None, ilr_c=None, ilr_g=None, mmcosine_scaling=None, ending_epoch=None, load_ongoing=None, commonlayers=None, recon_weight1=None, recon_weight2=None, recon_epochstages=None, recon_ensemblestages=None, lr='0.001', wd='1e-5', mm=None, cls='mlp', perturb='gen', pre=False, frozen=False, tdqm_disable=False, start_over=True)
2025-11-24 09:20:23,324 - Config - INFO - ./configs/CREMA_D/synergy/nov/synprom_generatorVAEOneSide.json
2025-11-24 09:20:23,326 - Config - INFO -  THE Configuration of your experiment ..
{'agent': 'Agent',
 'dataset': {'data_roots': '/esat/smcdata/users/kkontras/Image_Dataset/no_backup/CremaD/CREMA-D',
             'data_split': {'fold': 0, 'method': 'non_inclusive'},
             'dataloader_class': 'CramedD_Dataloader',
             'fps': 1,
             'norm': False,
             'norm_face_path': './mydatasets/CREMAD/norm_face_path_fold{}.pkl',
             'norm_wav_path': './mydatasets/CREMAD/wav_norm_16000_fold{}.pkl',
             'num_frame': 3,
             'return_data': {'audio': False,
                             'face': False,
                             'spectrogram': True,
                             'video': True},
             'sampling_rate': 22050},
 'early_stopping': {'end_of_epoch_check': True,
                    'log_interval': 10,
                    'max_epoch': 1500,
                    'n_steps_stop': 100,
                    'n_steps_stop_after': 0,
                    'save_every_step': 3000,
                    'save_every_valstep': 10,
                    'validate_after': 0,
                    'validate_every': 25,
                    'validate_with': 'loss'},
 'exp_name': 'CREMAD Experiment',
 'model': {'args': {'bias_infusion': {'ending_epoch': 1500,
                                      'l': 0.1,
                                      'method': 'false',
                                      'plot': False,
                                      'starting_epoch': 0,
                                      'use': True},
                    'clip_grad': False,
                    'cls_type': 'linear',
                    'd_model': 512,
                    'dropout': 0.1,
                    'fc_inner': 64,
                    'multi_loss': {'multi_supervised_w': {'c': 0,
                                                          'combined': 1,
                                                          'g': 0}},
                    'num_classes': 6,
                    'swap_direction': True},
           'encoders': [{'args': {'d_model': 512,
                                  'dropout': 0.1,
                                  'fc_inner': 64,
                                  'freeze_encoder': True,
                                  'num_classes': 6},
                         'model': 'Audio_ResNet',
                         'pretrainedEncoder': {'dir': 'unimodal_audio_fold{}_lr0.001_wd0.0001.pth.tar',
                                               'use': True}},
                        {'args': {'d_model': 512,
                                  'dropout': 0.1,
                                  'fc_inner': 64,
                                  'freeze_encoder': True,
                                  'num_classes': 6},
                         'model': 'Video_ResNet',
                         'pretrainedEncoder': {'dir': 'unimodal_video_fold{}_lr0.001_wd0.0001.pth.tar',
                                               'use': True}},
                        {'args': {'dim_in': 512,
                                  'dim_out': 512,
                                  'hidden': 512,
                                  'latent_dim': 64},
                         'model': 'SimpleVAEZ2toZ1OneSide',
                         'pretrainedEncoder': {'dir': '', 'use': False},
                         'save_encoder': True}],
           'load_ongoing': False,
           'model_class': 'Model_GeneratorVAEOneSide',
           'save_base_dir': '/esat/smcdata/users/kkontras/Image_Dataset/no_backup/data/2025_data/synergy',
           'save_dir': 'Synprom_IB_genVAEOS{}.pth.tar'},
 'optimizer': {'beta1': 0.9,
               'beta2': 0.999,
               'learning_rate': 1e-05,
               'momentum': 0.9,
               'type': 'Adam',
               'weight_decay': 1e-05},
 'scheduler': {'max_lr': 0.03, 'type': 'cosanneal', 'warm_up_steps': 780},
 'task': 'generative',
 'training_params': {'adversarial_training': {'adv_epsilon': 0.01,
                                              'use': False},
                     'async_loading': True,
                     'batch_size': 128,
                     'cuda': True,
                     'data_loader_workers': 8,
                     'gpu_device': [0],
                     'pin_memory': False,
                     'rec_test': False,
                     'res': True,
                     'seed': 109,
                     'tdqm_disable': False,
                     'test_batch_size': 128,
                     'test_on_bottoms': False,
                     'use_test_set': True,
                     'validation': True,
                     'verbose': True,
                     'wandb_disable': False}}
2025-11-24 09:20:23,329 - Config - INFO -  *************************************** 
2025-11-24 09:20:23,329 - Config - INFO - The experiment name is CREMAD Experiment
2025-11-24 09:20:23,329 - Config - INFO -  *************************************** 
2025-11-24 09:20:23,329 - root - INFO - save_dir: Synprom_IB_genVAEOSfold1_lib0.01_perturbgen_lr0.001_wd1e-5_clsmlp.pth.tar
2025-11-24 09:20:23,390 - Cuda Statistics - INFO - __Python VERSION:  3.10.19 (main, Oct 21 2025, 16:43:05) [GCC 11.2.0]
2025-11-24 09:20:23,390 - Cuda Statistics - INFO - __pyTorch VERSION:  2.6.0+cu124
2025-11-24 09:20:23,390 - Cuda Statistics - INFO - __CUDA VERSION
2025-11-24 09:20:23,392 - Cuda Statistics - INFO - __CUDNN VERSION:  90100
2025-11-24 09:20:23,430 - Cuda Statistics - INFO - __Number CUDA Devices:  1
2025-11-24 09:20:23,431 - Cuda Statistics - INFO - __Devices
2025-11-24 09:20:23,431 - Cuda Statistics - INFO - index, name, driver_version, memory.total [MiB], memory.used [MiB], memory.free [MiB]
2025-11-24 09:20:23,431 - Cuda Statistics - INFO - 0, NVIDIA GeForce RTX 3090, 580.105.08, 24576 MiB, 4 MiB, 24121 MiB
2025-11-24 09:20:23,435 - Cuda Statistics - INFO - Active CUDA Device: GPU 0
2025-11-24 09:20:23,435 - Cuda Statistics - INFO - Available devices  1
2025-11-24 09:20:23,435 - Cuda Statistics - INFO - Current cuda device  0
This path does not exist /esat/smcdata/users/kkontras/Image_Dataset/no_backup/CremaD/CREMA-D/AudioWAV/1076_MTI_SAD_XX.wav or /esat/smcdata/users/kkontras/Image_Dataset/no_backup/CremaD/CREMA-D/Image-01-FPS/1076_MTI_SAD_XX or /esat/smcdata/users/kkontras/Image_Dataset/no_backup/CremaD/CREMA-D/Face_features/1076_MTI_SAD_XX.npy
2025-11-24 09:20:24,981 - root - INFO - Loaded wav norm from ./mydatasets/CREMAD/wav_norm_16000_fold1.pkl
2025-11-24 09:20:24,984 - root - INFO - Norm values are {'mean': tensor(-2.6751e-05), 'std': tensor(0.0610), 'max_duration': 5.005}
2025-11-24 09:20:25,375 - root - INFO - Loaded wav norm from ./mydatasets/CREMAD/wav_norm_16000_fold1.pkl
2025-11-24 09:20:25,376 - root - INFO - Norm values are {'mean': tensor(-2.6751e-05), 'std': tensor(0.0610), 'max_duration': 5.005}
2025-11-24 09:20:25,819 - root - INFO - Loaded wav norm from ./mydatasets/CREMAD/wav_norm_16000_fold1.pkl
2025-11-24 09:20:25,820 - root - INFO - Norm values are {'mean': tensor(-2.6751e-05), 'std': tensor(0.0610), 'max_duration': 5.005}
Available cores 8
We are changing dataloader workers to num of cores 0
2025-11-24 09:20:25,822 - Agent - INFO - Device: cuda:0
2025-11-24 09:20:25,822 - Agent - INFO - Total training batches: 32, validate every 25 batches, steps per epoch: 2
2025-11-24 09:20:27,471 - Agent - INFO - Loss Weights are {'total': 1, 'combined': 1, 'c': 0, 'g': 0}
2025-11-24 09:20:27,866 - root - INFO - Loading enc best model state dict from /esat/smcdata/users/kkontras/Image_Dataset/no_backup/data/2025_data/synergy/unimodal_audio_fold1_lr0.001_wd0.0001.pth.tar
Replacing module
2025-11-24 09:20:28,164 - root - INFO - Loading enc best model state dict from /esat/smcdata/users/kkontras/Image_Dataset/no_backup/data/2025_data/synergy/unimodal_video_fold1_lr0.001_wd0.0001.pth.tar
Replacing module
2025-11-24 09:20:28,180 - Agent - INFO - Freezing encoder enc_0
2025-11-24 09:20:28,181 - Agent - INFO - Freezing encoder enc_1
2025-11-24 09:20:28,200 - Agent - INFO - Total number of trainable parameters are: 23502476
2025-11-24 09:20:28,206 - Agent - INFO - Total number of trainable parameters are: 1149568
2025-11-24 09:21:50,088 - Agent - INFO - [37mVal Epoch 1 step 1 with [31mpx_total : 0.173620 [31mtotal : 0.173620 
2025-11-24 09:21:50,274 - Agent - INFO - [37mModel saved successfully at: /esat/smcdata/users/kkontras/Image_Dataset/no_backup/data/2025_data/synergy/Synprom_IB_genVAEOSfold1_lib0.01_perturbgen_lr0.001_wd1e-5_clsmlp.pth.tar[39m
2025-11-24 09:23:10,555 - Agent - INFO - [37mVal Epoch 2 step 2 with [31mpx_total : 0.175944 [31mtotal : 0.175944 
2025-11-24 09:24:30,264 - Agent - INFO - [37mVal Epoch 3 step 3 with [31mpx_total : 0.178340 [31mtotal : 0.178340 
2025-11-24 09:25:50,050 - Agent - INFO - [37mVal Epoch 4 step 4 with [31mpx_total : 0.178607 [31mtotal : 0.178607 
2025-11-24 09:27:10,288 - Agent - INFO - [37mVal Epoch 5 step 5 with [31mpx_total : 0.169942 [31mtotal : 0.169942 
2025-11-24 09:27:10,542 - Agent - INFO - [37mModel saved successfully at: /esat/smcdata/users/kkontras/Image_Dataset/no_backup/data/2025_data/synergy/Synprom_IB_genVAEOSfold1_lib0.01_perturbgen_lr0.001_wd1e-5_clsmlp.pth.tar[39m
2025-11-24 09:28:30,776 - Agent - INFO - [37mVal Epoch 6 step 6 with [31mpx_total : 0.160812 [31mtotal : 0.160812 
2025-11-24 09:28:31,029 - Agent - INFO - [37mModel saved successfully at: /esat/smcdata/users/kkontras/Image_Dataset/no_backup/data/2025_data/synergy/Synprom_IB_genVAEOSfold1_lib0.01_perturbgen_lr0.001_wd1e-5_clsmlp.pth.tar[39m
2025-11-24 09:29:50,319 - Agent - INFO - [37mVal Epoch 7 step 7 with [31mpx_total : 0.168605 [31mtotal : 0.168605 
2025-11-24 09:31:10,014 - Agent - INFO - [37mVal Epoch 8 step 8 with [31mpx_total : 0.166408 [31mtotal : 0.166408 
2025-11-24 09:32:29,519 - Agent - INFO - [37mVal Epoch 9 step 9 with [31mpx_total : 0.171024 [31mtotal : 0.171024 

Pair                         dist_corr             cka      cosine_sim   cca_mean_corr procrustes_disp
------------------------------------------------------------------------------------------------------
z1_vs_z2                        0.0235         0.0109         0.3518         0.9642         0.9260
z1_vs_~z                        0.2015         0.1821         0.8051         0.9580         0.8667
z2_vs_~z                        0.3955         0.3773         0.3925         0.9649         0.6463
------------------------------------------------------------------------------------------------------
2025-11-24 09:34:07,823 - Agent - INFO - [37mVal Epoch 10 step 10 with [31mpx_total : 0.162134 [31mtotal : 0.162134 
2025-11-24 09:35:27,727 - Agent - INFO - [37mVal Epoch 11 step 11 with [31mpx_total : 0.161619 [31mtotal : 0.161619 
2025-11-24 09:36:46,365 - Agent - INFO - [37mVal Epoch 12 step 12 with [31mpx_total : 0.173082 [31mtotal : 0.173082 
2025-11-24 09:38:05,078 - Agent - INFO - [37mVal Epoch 13 step 13 with [31mpx_total : 0.159284 [31mtotal : 0.159284 
2025-11-24 09:38:05,368 - Agent - INFO - [37mModel saved successfully at: /esat/smcdata/users/kkontras/Image_Dataset/no_backup/data/2025_data/synergy/Synprom_IB_genVAEOSfold1_lib0.01_perturbgen_lr0.001_wd1e-5_clsmlp.pth.tar[39m
2025-11-24 09:39:24,517 - Agent - INFO - [37mVal Epoch 14 step 14 with [31mpx_total : 0.164735 [31mtotal : 0.164735 
2025-11-24 09:40:43,469 - Agent - INFO - [37mVal Epoch 15 step 15 with [31mpx_total : 0.154680 [31mtotal : 0.154680 
2025-11-24 09:40:43,722 - Agent - INFO - [37mModel saved successfully at: /esat/smcdata/users/kkontras/Image_Dataset/no_backup/data/2025_data/synergy/Synprom_IB_genVAEOSfold1_lib0.01_perturbgen_lr0.001_wd1e-5_clsmlp.pth.tar[39m
2025-11-24 09:42:02,622 - Agent - INFO - [37mVal Epoch 16 step 16 with [31mpx_total : 0.171812 [31mtotal : 0.171812 
2025-11-24 09:43:20,993 - Agent - INFO - [37mVal Epoch 17 step 17 with [31mpx_total : 0.181595 [31mtotal : 0.181595 
2025-11-24 09:44:39,696 - Agent - INFO - [37mVal Epoch 18 step 18 with [31mpx_total : 0.165271 [31mtotal : 0.165271 
2025-11-24 09:45:59,429 - Agent - INFO - [37mVal Epoch 19 step 19 with [31mpx_total : 0.170925 [31mtotal : 0.170925 

Pair                         dist_corr             cka      cosine_sim   cca_mean_corr procrustes_disp
------------------------------------------------------------------------------------------------------
z1_vs_z2                        0.0235         0.0109         0.3518         0.9642         0.9260
z1_vs_~z                        0.2257         0.2114         0.8087         0.9444         0.8566
z2_vs_~z                        0.3769         0.2934         0.3930         0.9721         0.6607
------------------------------------------------------------------------------------------------------
2025-11-24 09:47:36,299 - Agent - INFO - [37mVal Epoch 20 step 20 with [31mpx_total : 0.156248 [31mtotal : 0.156248 
2025-11-24 09:48:56,069 - Agent - INFO - [37mVal Epoch 21 step 21 with [31mpx_total : 0.154871 [31mtotal : 0.154871 
2025-11-24 09:50:16,131 - Agent - INFO - [37mVal Epoch 22 step 22 with [31mpx_total : 0.166277 [31mtotal : 0.166277 
2025-11-24 09:51:34,795 - Agent - INFO - [37mVal Epoch 23 step 23 with [31mpx_total : 0.175008 [31mtotal : 0.175008 
2025-11-24 09:52:53,061 - Agent - INFO - [37mVal Epoch 24 step 24 with [31mpx_total : 0.151975 [31mtotal : 0.151975 
2025-11-24 09:52:53,357 - Agent - INFO - [37mModel saved successfully at: /esat/smcdata/users/kkontras/Image_Dataset/no_backup/data/2025_data/synergy/Synprom_IB_genVAEOSfold1_lib0.01_perturbgen_lr0.001_wd1e-5_clsmlp.pth.tar[39m
2025-11-24 09:54:13,649 - Agent - INFO - [37mVal Epoch 25 step 25 with [31mpx_total : 0.155107 [31mtotal : 0.155107 
2025-11-24 09:55:34,111 - Agent - INFO - [37mVal Epoch 26 step 26 with [31mpx_total : 0.159352 [31mtotal : 0.159352 
2025-11-24 09:56:54,324 - Agent - INFO - [37mVal Epoch 27 step 27 with [31mpx_total : 0.164512 [31mtotal : 0.164512 
2025-11-24 09:58:13,961 - Agent - INFO - [37mVal Epoch 28 step 28 with [31mpx_total : 0.161016 [31mtotal : 0.161016 
2025-11-24 09:59:33,369 - Agent - INFO - [37mVal Epoch 29 step 29 with [31mpx_total : 0.158464 [31mtotal : 0.158464 

Pair                         dist_corr             cka      cosine_sim   cca_mean_corr procrustes_disp
------------------------------------------------------------------------------------------------------
z1_vs_z2                        0.0235         0.0109         0.3518         0.9642         0.9260
z1_vs_~z                        0.2208         0.2051         0.8031         0.9456         0.8567
z2_vs_~z                        0.3746         0.3029         0.3894         0.9715         0.6502
------------------------------------------------------------------------------------------------------
2025-11-24 10:01:10,852 - Agent - INFO - [37mVal Epoch 30 step 30 with [31mpx_total : 0.158216 [31mtotal : 0.158216 
2025-11-24 10:02:31,447 - Agent - INFO - [37mVal Epoch 31 step 31 with [31mpx_total : 0.158095 [31mtotal : 0.158095 
2025-11-24 10:03:50,251 - Agent - INFO - [37mVal Epoch 32 step 32 with [31mpx_total : 0.170671 [31mtotal : 0.170671 
2025-11-24 10:05:09,119 - Agent - INFO - [37mVal Epoch 33 step 33 with [31mpx_total : 0.162334 [31mtotal : 0.162334 
2025-11-24 10:06:29,496 - Agent - INFO - [37mVal Epoch 34 step 34 with [31mpx_total : 0.172113 [31mtotal : 0.172113 
2025-11-24 10:07:49,577 - Agent - INFO - [37mVal Epoch 35 step 35 with [31mpx_total : 0.158797 [31mtotal : 0.158797 
2025-11-24 10:09:08,320 - Agent - INFO - [37mVal Epoch 36 step 36 with [31mpx_total : 0.163401 [31mtotal : 0.163401 
2025-11-24 10:10:28,305 - Agent - INFO - [37mVal Epoch 37 step 37 with [31mpx_total : 0.152889 [31mtotal : 0.152889 
2025-11-24 10:11:48,383 - Agent - INFO - [37mVal Epoch 38 step 38 with [31mpx_total : 0.153789 [31mtotal : 0.153789 
2025-11-24 10:13:08,302 - Agent - INFO - [37mVal Epoch 39 step 39 with [31mpx_total : 0.162894 [31mtotal : 0.162894 

Pair                         dist_corr             cka      cosine_sim   cca_mean_corr procrustes_disp
------------------------------------------------------------------------------------------------------
z1_vs_z2                        0.0235         0.0109         0.3518         0.9642         0.9260
z1_vs_~z                        0.2215         0.2150         0.7993         0.9375         0.8497
z2_vs_~z                        0.3823         0.3197         0.3882         0.9727         0.6498
------------------------------------------------------------------------------------------------------
2025-11-24 10:14:47,086 - Agent - INFO - [37mVal Epoch 40 step 40 with [31mpx_total : 0.160039 [31mtotal : 0.160039 
2025-11-24 10:16:07,005 - Agent - INFO - [37mVal Epoch 41 step 41 with [31mpx_total : 0.165814 [31mtotal : 0.165814 
2025-11-24 10:17:26,870 - Agent - INFO - [37mVal Epoch 42 step 42 with [31mpx_total : 0.163697 [31mtotal : 0.163697 
2025-11-24 10:18:46,016 - Agent - INFO - [37mVal Epoch 43 step 43 with [31mpx_total : 0.159115 [31mtotal : 0.159115 
2025-11-24 10:20:05,239 - Agent - INFO - [37mVal Epoch 44 step 44 with [31mpx_total : 0.155994 [31mtotal : 0.155994 
2025-11-24 10:21:25,524 - Agent - INFO - [37mVal Epoch 45 step 45 with [31mpx_total : 0.157366 [31mtotal : 0.157366 
2025-11-24 10:22:44,910 - Agent - INFO - [37mVal Epoch 46 step 46 with [31mpx_total : 0.162393 [31mtotal : 0.162393 
2025-11-24 10:24:04,387 - Agent - INFO - [37mVal Epoch 47 step 47 with [31mpx_total : 0.159883 [31mtotal : 0.159883 
2025-11-24 10:25:23,809 - Agent - INFO - [37mVal Epoch 48 step 48 with [31mpx_total : 0.153834 [31mtotal : 0.153834 
2025-11-24 10:26:44,153 - Agent - INFO - [37mVal Epoch 49 step 49 with [31mpx_total : 0.159613 [31mtotal : 0.159613 

Pair                         dist_corr             cka      cosine_sim   cca_mean_corr procrustes_disp
------------------------------------------------------------------------------------------------------
z1_vs_z2                        0.0235         0.0109         0.3518         0.9642         0.9260
z1_vs_~z                        0.2357         0.2247         0.8016         0.9455         0.8393
z2_vs_~z                        0.3376         0.2552         0.3873         0.9714         0.6531
------------------------------------------------------------------------------------------------------
2025-11-24 10:28:21,607 - Agent - INFO - [37mVal Epoch 50 step 50 with [31mpx_total : 0.152047 [31mtotal : 0.152047 
2025-11-24 10:29:42,040 - Agent - INFO - [37mVal Epoch 51 step 51 with [31mpx_total : 0.158699 [31mtotal : 0.158699 
2025-11-24 10:31:02,330 - Agent - INFO - [37mVal Epoch 52 step 52 with [31mpx_total : 0.155925 [31mtotal : 0.155925 
2025-11-24 10:32:22,536 - Agent - INFO - [37mVal Epoch 53 step 53 with [31mpx_total : 0.153012 [31mtotal : 0.153012 
2025-11-24 10:33:42,121 - Agent - INFO - [37mVal Epoch 54 step 54 with [31mpx_total : 0.151678 [31mtotal : 0.151678 
2025-11-24 10:33:42,419 - Agent - INFO - [37mModel saved successfully at: /esat/smcdata/users/kkontras/Image_Dataset/no_backup/data/2025_data/synergy/Synprom_IB_genVAEOSfold1_lib0.01_perturbgen_lr0.001_wd1e-5_clsmlp.pth.tar[39m
2025-11-24 10:35:01,902 - Agent - INFO - [37mVal Epoch 55 step 55 with [31mpx_total : 0.156167 [31mtotal : 0.156167 
2025-11-24 10:36:22,268 - Agent - INFO - [37mVal Epoch 56 step 56 with [31mpx_total : 0.154505 [31mtotal : 0.154505 
2025-11-24 10:37:42,289 - Agent - INFO - [37mVal Epoch 57 step 57 with [31mpx_total : 0.153656 [31mtotal : 0.153656 
2025-11-24 10:39:03,100 - Agent - INFO - [37mVal Epoch 58 step 58 with [31mpx_total : 0.161231 [31mtotal : 0.161231 
2025-11-24 10:40:24,259 - Agent - INFO - [37mVal Epoch 59 step 59 with [31mpx_total : 0.155857 [31mtotal : 0.155857 

Pair                         dist_corr             cka      cosine_sim   cca_mean_corr procrustes_disp
------------------------------------------------------------------------------------------------------
z1_vs_z2                        0.0235         0.0109         0.3518         0.9642         0.9260
z1_vs_~z                        0.2309         0.2249         0.8007         0.9430         0.8446
z2_vs_~z                        0.3367         0.2741         0.3884         0.9738         0.6668
------------------------------------------------------------------------------------------------------
2025-11-24 10:42:03,010 - Agent - INFO - [37mVal Epoch 60 step 60 with [31mpx_total : 0.156114 [31mtotal : 0.156114 
2025-11-24 10:43:23,104 - Agent - INFO - [37mVal Epoch 61 step 61 with [31mpx_total : 0.156217 [31mtotal : 0.156217 
2025-11-24 10:44:43,604 - Agent - INFO - [37mVal Epoch 62 step 62 with [31mpx_total : 0.156203 [31mtotal : 0.156203 
2025-11-24 10:46:01,890 - Agent - INFO - [37mVal Epoch 63 step 63 with [31mpx_total : 0.156043 [31mtotal : 0.156043 
2025-11-24 10:47:21,268 - Agent - INFO - [37mVal Epoch 64 step 64 with [31mpx_total : 0.148929 [31mtotal : 0.148929 
2025-11-24 10:47:21,560 - Agent - INFO - [37mModel saved successfully at: /esat/smcdata/users/kkontras/Image_Dataset/no_backup/data/2025_data/synergy/Synprom_IB_genVAEOSfold1_lib0.01_perturbgen_lr0.001_wd1e-5_clsmlp.pth.tar[39m
2025-11-24 10:48:40,875 - Agent - INFO - [37mVal Epoch 65 step 65 with [31mpx_total : 0.150807 [31mtotal : 0.150807 
2025-11-24 10:50:00,450 - Agent - INFO - [37mVal Epoch 66 step 66 with [31mpx_total : 0.160036 [31mtotal : 0.160036 
2025-11-24 10:51:19,746 - Agent - INFO - [37mVal Epoch 67 step 67 with [31mpx_total : 0.154356 [31mtotal : 0.154356 
2025-11-24 10:52:41,107 - Agent - INFO - [37mVal Epoch 68 step 68 with [31mpx_total : 0.152604 [31mtotal : 0.152604 
2025-11-24 10:54:01,399 - Agent - INFO - [37mVal Epoch 69 step 69 with [31mpx_total : 0.161908 [31mtotal : 0.161908 

Pair                         dist_corr             cka      cosine_sim   cca_mean_corr procrustes_disp
------------------------------------------------------------------------------------------------------
z1_vs_z2                        0.0235         0.0109         0.3518         0.9642         0.9260
z1_vs_~z                        0.2328         0.2200         0.7961         0.9407         0.8432
z2_vs_~z                        0.3442         0.2918         0.3890         0.9729         0.6797
------------------------------------------------------------------------------------------------------
2025-11-24 10:55:38,391 - Agent - INFO - [37mVal Epoch 70 step 70 with [31mpx_total : 0.160242 [31mtotal : 0.160242 
2025-11-24 10:56:58,301 - Agent - INFO - [37mVal Epoch 71 step 71 with [31mpx_total : 0.168053 [31mtotal : 0.168053 
2025-11-24 10:58:17,622 - Agent - INFO - [37mVal Epoch 72 step 72 with [31mpx_total : 0.152117 [31mtotal : 0.152117 
2025-11-24 10:59:38,025 - Agent - INFO - [37mVal Epoch 73 step 73 with [31mpx_total : 0.154403 [31mtotal : 0.154403 
2025-11-24 11:00:56,417 - Agent - INFO - [37mVal Epoch 74 step 74 with [31mpx_total : 0.155242 [31mtotal : 0.155242 
2025-11-24 11:02:16,373 - Agent - INFO - [37mVal Epoch 75 step 75 with [31mpx_total : 0.156738 [31mtotal : 0.156738 
2025-11-24 11:03:36,849 - Agent - INFO - [37mVal Epoch 76 step 76 with [31mpx_total : 0.156921 [31mtotal : 0.156921 
2025-11-24 11:04:57,167 - Agent - INFO - [37mVal Epoch 77 step 77 with [31mpx_total : 0.156796 [31mtotal : 0.156796 
2025-11-24 11:06:18,165 - Agent - INFO - [37mVal Epoch 78 step 78 with [31mpx_total : 0.151401 [31mtotal : 0.151401 
2025-11-24 11:07:38,235 - Agent - INFO - [37mVal Epoch 79 step 79 with [31mpx_total : 0.154907 [31mtotal : 0.154907 

Pair                         dist_corr             cka      cosine_sim   cca_mean_corr procrustes_disp
------------------------------------------------------------------------------------------------------
z1_vs_z2                        0.0235         0.0109         0.3518         0.9642         0.9260
z1_vs_~z                        0.2536         0.2502         0.8022         0.9496         0.8285
z2_vs_~z                        0.2648         0.2667         0.3923         0.9717         0.6953
------------------------------------------------------------------------------------------------------
2025-11-24 11:09:17,980 - Agent - INFO - [37mVal Epoch 80 step 80 with [31mpx_total : 0.151709 [31mtotal : 0.151709 
2025-11-24 11:10:38,942 - Agent - INFO - [37mVal Epoch 81 step 81 with [31mpx_total : 0.160280 [31mtotal : 0.160280 
2025-11-24 11:11:59,122 - Agent - INFO - [37mVal Epoch 82 step 82 with [31mpx_total : 0.158410 [31mtotal : 0.158410 
2025-11-24 11:13:19,055 - Agent - INFO - [37mVal Epoch 83 step 83 with [31mpx_total : 0.147032 [31mtotal : 0.147032 
2025-11-24 11:13:19,385 - Agent - INFO - [37mModel saved successfully at: /esat/smcdata/users/kkontras/Image_Dataset/no_backup/data/2025_data/synergy/Synprom_IB_genVAEOSfold1_lib0.01_perturbgen_lr0.001_wd1e-5_clsmlp.pth.tar[39m
2025-11-24 11:14:39,245 - Agent - INFO - [37mVal Epoch 84 step 84 with [31mpx_total : 0.164755 [31mtotal : 0.164755 
2025-11-24 11:15:58,534 - Agent - INFO - [37mVal Epoch 85 step 85 with [31mpx_total : 0.147560 [31mtotal : 0.147560 
2025-11-24 11:17:18,384 - Agent - INFO - [37mVal Epoch 86 step 86 with [31mpx_total : 0.153327 [31mtotal : 0.153327 
2025-11-24 11:18:38,064 - Agent - INFO - [37mVal Epoch 87 step 87 with [31mpx_total : 0.164688 [31mtotal : 0.164688 
2025-11-24 11:19:56,901 - Agent - INFO - [37mVal Epoch 88 step 88 with [31mpx_total : 0.164134 [31mtotal : 0.164134 
2025-11-24 11:21:15,519 - Agent - INFO - [37mVal Epoch 89 step 89 with [31mpx_total : 0.159943 [31mtotal : 0.159943 

Pair                         dist_corr             cka      cosine_sim   cca_mean_corr procrustes_disp
------------------------------------------------------------------------------------------------------
z1_vs_z2                        0.0235         0.0109         0.3518         0.9642         0.9260
z1_vs_~z                        0.2238         0.2161         0.8004         0.9508         0.8455
z2_vs_~z                        0.3511         0.2701         0.3911         0.9691         0.6567
------------------------------------------------------------------------------------------------------
2025-11-24 11:22:52,297 - Agent - INFO - [37mVal Epoch 90 step 90 with [31mpx_total : 0.156972 [31mtotal : 0.156972 
2025-11-24 11:24:12,916 - Agent - INFO - [37mVal Epoch 91 step 91 with [31mpx_total : 0.153868 [31mtotal : 0.153868 
2025-11-24 11:25:32,401 - Agent - INFO - [37mVal Epoch 92 step 92 with [31mpx_total : 0.160767 [31mtotal : 0.160767 
2025-11-24 11:26:51,235 - Agent - INFO - [37mVal Epoch 93 step 93 with [31mpx_total : 0.168638 [31mtotal : 0.168638 
2025-11-24 11:28:10,042 - Agent - INFO - [37mVal Epoch 94 step 94 with [31mpx_total : 0.158215 [31mtotal : 0.158215 
2025-11-24 11:29:29,213 - Agent - INFO - [37mVal Epoch 95 step 95 with [31mpx_total : 0.157264 [31mtotal : 0.157264 
2025-11-24 11:30:48,896 - Agent - INFO - [37mVal Epoch 96 step 96 with [31mpx_total : 0.163147 [31mtotal : 0.163147 
2025-11-24 11:32:09,481 - Agent - INFO - [37mVal Epoch 97 step 97 with [31mpx_total : 0.154942 [31mtotal : 0.154942 
2025-11-24 11:33:28,733 - Agent - INFO - [37mVal Epoch 98 step 98 with [31mpx_total : 0.155275 [31mtotal : 0.155275 
2025-11-24 11:34:48,043 - Agent - INFO - [37mVal Epoch 99 step 99 with [31mpx_total : 0.159236 [31mtotal : 0.159236 

Pair                         dist_corr             cka      cosine_sim   cca_mean_corr procrustes_disp
------------------------------------------------------------------------------------------------------
z1_vs_z2                        0.0235         0.0109         0.3518         0.9642         0.9260
z1_vs_~z                        0.2176         0.2139         0.8023         0.9372         0.8535
z2_vs_~z                        0.3340         0.2530         0.3853         0.9721         0.6750
------------------------------------------------------------------------------------------------------
2025-11-24 11:36:25,692 - Agent - INFO - [37mVal Epoch 100 step 100 with [31mpx_total : 0.154983 [31mtotal : 0.154983 
2025-11-24 11:37:46,374 - Agent - INFO - [37mVal Epoch 101 step 101 with [31mpx_total : 0.162953 [31mtotal : 0.162953 
2025-11-24 11:39:05,585 - Agent - INFO - [37mVal Epoch 102 step 102 with [31mpx_total : 0.157239 [31mtotal : 0.157239 
2025-11-24 11:40:24,862 - Agent - INFO - [37mVal Epoch 103 step 103 with [31mpx_total : 0.152724 [31mtotal : 0.152724 
2025-11-24 11:41:43,887 - Agent - INFO - [37mVal Epoch 104 step 104 with [31mpx_total : 0.156030 [31mtotal : 0.156030 
2025-11-24 11:43:02,950 - Agent - INFO - [37mVal Epoch 105 step 105 with [31mpx_total : 0.159003 [31mtotal : 0.159003 
2025-11-24 11:44:22,366 - Agent - INFO - [37mVal Epoch 106 step 106 with [31mpx_total : 0.155459 [31mtotal : 0.155459 
2025-11-24 11:45:41,830 - Agent - INFO - [37mVal Epoch 107 step 107 with [31mpx_total : 0.155469 [31mtotal : 0.155469 
2025-11-24 11:47:01,722 - Agent - INFO - [37mVal Epoch 108 step 108 with [31mpx_total : 0.158146 [31mtotal : 0.158146 
2025-11-24 11:48:21,068 - Agent - INFO - [37mVal Epoch 109 step 109 with [31mpx_total : 0.151443 [31mtotal : 0.151443 

Pair                         dist_corr             cka      cosine_sim   cca_mean_corr procrustes_disp
------------------------------------------------------------------------------------------------------
z1_vs_z2                        0.0235         0.0109         0.3518         0.9642         0.9260
z1_vs_~z                        0.2351         0.2259         0.8004         0.9396         0.8408
z2_vs_~z                        0.3303         0.2735         0.3867         0.9736         0.6739
------------------------------------------------------------------------------------------------------
2025-11-24 11:49:59,653 - Agent - INFO - [37mVal Epoch 110 step 110 with [31mpx_total : 0.155197 [31mtotal : 0.155197 
2025-11-24 11:51:21,783 - Agent - INFO - [37mVal Epoch 111 step 111 with [31mpx_total : 0.155285 [31mtotal : 0.155285 
2025-11-24 11:52:40,985 - Agent - INFO - [37mVal Epoch 112 step 112 with [31mpx_total : 0.154320 [31mtotal : 0.154320 
2025-11-24 11:54:01,148 - Agent - INFO - [37mVal Epoch 113 step 113 with [31mpx_total : 0.158041 [31mtotal : 0.158041 
2025-11-24 11:55:20,506 - Agent - INFO - [37mVal Epoch 114 step 114 with [31mpx_total : 0.153745 [31mtotal : 0.153745 
2025-11-24 11:56:40,787 - Agent - INFO - [37mVal Epoch 115 step 115 with [31mpx_total : 0.158502 [31mtotal : 0.158502 
2025-11-24 11:58:00,286 - Agent - INFO - [37mVal Epoch 116 step 116 with [31mpx_total : 0.153939 [31mtotal : 0.153939 
2025-11-24 11:59:20,208 - Agent - INFO - [37mVal Epoch 117 step 117 with [31mpx_total : 0.155161 [31mtotal : 0.155161 
2025-11-24 12:00:40,492 - Agent - INFO - [37mVal Epoch 118 step 118 with [31mpx_total : 0.156111 [31mtotal : 0.156111 
2025-11-24 12:02:01,147 - Agent - INFO - [37mVal Epoch 119 step 119 with [31mpx_total : 0.153936 [31mtotal : 0.153936 

Pair                         dist_corr             cka      cosine_sim   cca_mean_corr procrustes_disp
------------------------------------------------------------------------------------------------------
z1_vs_z2                        0.0235         0.0109         0.3518         0.9642         0.9260
z1_vs_~z                        0.2293         0.2207         0.8006         0.9436         0.8481
z2_vs_~z                        0.3271         0.2743         0.3876         0.9736         0.6754
------------------------------------------------------------------------------------------------------
2025-11-24 12:03:38,607 - Agent - INFO - [37mVal Epoch 120 step 120 with [31mpx_total : 0.157004 [31mtotal : 0.157004 
2025-11-24 12:04:58,148 - Agent - INFO - [37mVal Epoch 121 step 121 with [31mpx_total : 0.155033 [31mtotal : 0.155033 
2025-11-24 12:06:17,300 - Agent - INFO - [37mVal Epoch 122 step 122 with [31mpx_total : 0.155442 [31mtotal : 0.155442 
2025-11-24 12:07:36,825 - Agent - INFO - [37mVal Epoch 123 step 123 with [31mpx_total : 0.154135 [31mtotal : 0.154135 
2025-11-24 12:08:56,556 - Agent - INFO - [37mVal Epoch 124 step 124 with [31mpx_total : 0.155158 [31mtotal : 0.155158 
2025-11-24 12:10:16,527 - Agent - INFO - [37mVal Epoch 125 step 125 with [31mpx_total : 0.154648 [31mtotal : 0.154648 
2025-11-24 12:11:35,736 - Agent - INFO - [37mVal Epoch 126 step 126 with [31mpx_total : 0.155265 [31mtotal : 0.155265 
2025-11-24 12:12:54,142 - Agent - INFO - [37mVal Epoch 127 step 127 with [31mpx_total : 0.154707 [31mtotal : 0.154707 
2025-11-24 12:14:13,390 - Agent - INFO - [37mVal Epoch 128 step 128 with [31mpx_total : 0.154041 [31mtotal : 0.154041 
2025-11-24 12:15:32,206 - Agent - INFO - [37mVal Epoch 129 step 129 with [31mpx_total : 0.153999 [31mtotal : 0.153999 

Pair                         dist_corr             cka      cosine_sim   cca_mean_corr procrustes_disp
------------------------------------------------------------------------------------------------------
z1_vs_z2                        0.0235         0.0109         0.3518         0.9642         0.9260
z1_vs_~z                        0.2132         0.2193         0.7977         0.9470         0.8509
z2_vs_~z                        0.3167         0.2258         0.3884         0.9719         0.6716
------------------------------------------------------------------------------------------------------
2025-11-24 12:17:10,835 - Agent - INFO - [37mVal Epoch 130 step 130 with [31mpx_total : 0.158162 [31mtotal : 0.158162 
2025-11-24 12:18:30,000 - Agent - INFO - [37mVal Epoch 131 step 131 with [31mpx_total : 0.162145 [31mtotal : 0.162145 
2025-11-24 12:19:49,879 - Agent - INFO - [37mVal Epoch 132 step 132 with [31mpx_total : 0.159150 [31mtotal : 0.159150 
2025-11-24 12:21:09,156 - Agent - INFO - [37mVal Epoch 133 step 133 with [31mpx_total : 0.160045 [31mtotal : 0.160045 
2025-11-24 12:22:30,533 - Agent - INFO - [37mVal Epoch 134 step 134 with [31mpx_total : 0.150393 [31mtotal : 0.150393 
2025-11-24 12:23:51,082 - Agent - INFO - [37mVal Epoch 135 step 135 with [31mpx_total : 0.160895 [31mtotal : 0.160895 
2025-11-24 12:25:10,119 - Agent - INFO - [37mVal Epoch 136 step 136 with [31mpx_total : 0.166773 [31mtotal : 0.166773 
2025-11-24 12:26:30,314 - Agent - INFO - [37mVal Epoch 137 step 137 with [31mpx_total : 0.164495 [31mtotal : 0.164495 
2025-11-24 12:27:49,669 - Agent - INFO - [37mVal Epoch 138 step 138 with [31mpx_total : 0.154292 [31mtotal : 0.154292 
2025-11-24 12:29:10,005 - Agent - INFO - [37mVal Epoch 139 step 139 with [31mpx_total : 0.148951 [31mtotal : 0.148951 

Pair                         dist_corr             cka      cosine_sim   cca_mean_corr procrustes_disp
------------------------------------------------------------------------------------------------------
z1_vs_z2                        0.0235         0.0109         0.3518         0.9642         0.9260
z1_vs_~z                        0.2097         0.2019         0.7968         0.9378         0.8569
z2_vs_~z                        0.3531         0.3141         0.3888         0.9703         0.6614
------------------------------------------------------------------------------------------------------
2025-11-24 12:30:48,027 - Agent - INFO - [37mVal Epoch 140 step 140 with [31mpx_total : 0.164155 [31mtotal : 0.164155 
2025-11-24 12:32:09,360 - Agent - INFO - [37mVal Epoch 141 step 141 with [31mpx_total : 0.167465 [31mtotal : 0.167465 
2025-11-24 12:33:29,194 - Agent - INFO - [37mVal Epoch 142 step 142 with [31mpx_total : 0.149812 [31mtotal : 0.149812 
2025-11-24 12:34:49,766 - Agent - INFO - [37mVal Epoch 143 step 143 with [31mpx_total : 0.157684 [31mtotal : 0.157684 
2025-11-24 12:36:10,020 - Agent - INFO - [37mVal Epoch 144 step 144 with [31mpx_total : 0.154487 [31mtotal : 0.154487 
2025-11-24 12:37:29,182 - Agent - INFO - [37mVal Epoch 145 step 145 with [31mpx_total : 0.150285 [31mtotal : 0.150285 
2025-11-24 12:38:49,399 - Agent - INFO - [37mVal Epoch 146 step 146 with [31mpx_total : 0.162991 [31mtotal : 0.162991 
2025-11-24 12:40:08,862 - Agent - INFO - [37mVal Epoch 147 step 147 with [31mpx_total : 0.163247 [31mtotal : 0.163247 
2025-11-24 12:41:29,570 - Agent - INFO - [37mVal Epoch 148 step 148 with [31mpx_total : 0.153318 [31mtotal : 0.153318 
2025-11-24 12:42:50,087 - Agent - INFO - [37mVal Epoch 149 step 149 with [31mpx_total : 0.164216 [31mtotal : 0.164216 

Pair                         dist_corr             cka      cosine_sim   cca_mean_corr procrustes_disp
------------------------------------------------------------------------------------------------------
z1_vs_z2                        0.0235         0.0109         0.3518         0.9642         0.9260
z1_vs_~z                        0.2149         0.1988         0.7987         0.9427         0.8547
z2_vs_~z                        0.3461         0.3195         0.3934         0.9666         0.6726
------------------------------------------------------------------------------------------------------
2025-11-24 12:44:28,282 - Agent - INFO - [37mVal Epoch 150 step 150 with [31mpx_total : 0.166507 [31mtotal : 0.166507 
2025-11-24 12:45:48,697 - Agent - INFO - [37mVal Epoch 151 step 151 with [31mpx_total : 0.167432 [31mtotal : 0.167432 
2025-11-24 12:47:08,028 - Agent - INFO - [37mVal Epoch 152 step 152 with [31mpx_total : 0.149400 [31mtotal : 0.149400 
2025-11-24 12:48:28,475 - Agent - INFO - [37mVal Epoch 153 step 153 with [31mpx_total : 0.166085 [31mtotal : 0.166085 
2025-11-24 12:49:48,781 - Agent - INFO - [37mVal Epoch 154 step 154 with [31mpx_total : 0.149674 [31mtotal : 0.149674 
2025-11-24 12:51:08,962 - Agent - INFO - [37mVal Epoch 155 step 155 with [31mpx_total : 0.153737 [31mtotal : 0.153737 
2025-11-24 12:52:28,963 - Agent - INFO - [37mVal Epoch 156 step 156 with [31mpx_total : 0.161569 [31mtotal : 0.161569 
2025-11-24 12:53:48,656 - Agent - INFO - [37mVal Epoch 157 step 157 with [31mpx_total : 0.158334 [31mtotal : 0.158334 
2025-11-24 12:55:08,722 - Agent - INFO - [37mVal Epoch 158 step 158 with [31mpx_total : 0.151975 [31mtotal : 0.151975 
2025-11-24 12:56:27,956 - Agent - INFO - [37mVal Epoch 159 step 159 with [31mpx_total : 0.144353 [31mtotal : 0.144353 
2025-11-24 12:56:28,299 - Agent - INFO - [37mModel saved successfully at: /esat/smcdata/users/kkontras/Image_Dataset/no_backup/data/2025_data/synergy/Synprom_IB_genVAEOSfold1_lib0.01_perturbgen_lr0.001_wd1e-5_clsmlp.pth.tar[39m

Pair                         dist_corr             cka      cosine_sim   cca_mean_corr procrustes_disp
------------------------------------------------------------------------------------------------------
z1_vs_z2                        0.0235         0.0109         0.3518         0.9642         0.9260
z1_vs_~z                        0.2320         0.2240         0.7987         0.9272         0.8511
z2_vs_~z                        0.3142         0.2534         0.3867         0.9693         0.6872
------------------------------------------------------------------------------------------------------
2025-11-24 12:58:06,267 - Agent - INFO - [37mVal Epoch 160 step 160 with [31mpx_total : 0.158927 [31mtotal : 0.158927 
2025-11-24 12:59:26,621 - Agent - INFO - [37mVal Epoch 161 step 161 with [31mpx_total : 0.156145 [31mtotal : 0.156145 
2025-11-24 13:00:46,840 - Agent - INFO - [37mVal Epoch 162 step 162 with [31mpx_total : 0.151413 [31mtotal : 0.151413 
2025-11-24 13:02:06,831 - Agent - INFO - [37mVal Epoch 163 step 163 with [31mpx_total : 0.171513 [31mtotal : 0.171513 
2025-11-24 13:03:26,939 - Agent - INFO - [37mVal Epoch 164 step 164 with [31mpx_total : 0.158863 [31mtotal : 0.158863 
2025-11-24 13:04:46,979 - Agent - INFO - [37mVal Epoch 165 step 165 with [31mpx_total : 0.159156 [31mtotal : 0.159156 
2025-11-24 13:06:06,761 - Agent - INFO - [37mVal Epoch 166 step 166 with [31mpx_total : 0.156782 [31mtotal : 0.156782 
2025-11-24 13:07:26,355 - Agent - INFO - [37mVal Epoch 167 step 167 with [31mpx_total : 0.155445 [31mtotal : 0.155445 
2025-11-24 13:08:46,443 - Agent - INFO - [37mVal Epoch 168 step 168 with [31mpx_total : 0.150269 [31mtotal : 0.150269 
2025-11-24 13:10:06,731 - Agent - INFO - [37mVal Epoch 169 step 169 with [31mpx_total : 0.165345 [31mtotal : 0.165345 

Pair                         dist_corr             cka      cosine_sim   cca_mean_corr procrustes_disp
------------------------------------------------------------------------------------------------------
z1_vs_z2                        0.0235         0.0109         0.3518         0.9642         0.9260
z1_vs_~z                        0.2468         0.2265         0.7930         0.9267         0.8406
z2_vs_~z                        0.3541         0.3038         0.3859         0.9724         0.6718
------------------------------------------------------------------------------------------------------
2025-11-24 13:11:45,783 - Agent - INFO - [37mVal Epoch 170 step 170 with [31mpx_total : 0.162851 [31mtotal : 0.162851 
2025-11-24 13:13:07,029 - Agent - INFO - [37mVal Epoch 171 step 171 with [31mpx_total : 0.151817 [31mtotal : 0.151817 
2025-11-24 13:14:27,264 - Agent - INFO - [37mVal Epoch 172 step 172 with [31mpx_total : 0.153701 [31mtotal : 0.153701 
2025-11-24 13:15:48,323 - Agent - INFO - [37mVal Epoch 173 step 173 with [31mpx_total : 0.150363 [31mtotal : 0.150363 
2025-11-24 13:17:09,444 - Agent - INFO - [37mVal Epoch 174 step 174 with [31mpx_total : 0.166835 [31mtotal : 0.166835 
2025-11-24 13:18:29,314 - Agent - INFO - [37mVal Epoch 175 step 175 with [31mpx_total : 0.155978 [31mtotal : 0.155978 
2025-11-24 13:19:48,399 - Agent - INFO - [37mVal Epoch 176 step 176 with [31mpx_total : 0.159269 [31mtotal : 0.159269 
2025-11-24 13:21:09,209 - Agent - INFO - [37mVal Epoch 177 step 177 with [31mpx_total : 0.168397 [31mtotal : 0.168397 
2025-11-24 13:22:28,136 - Agent - INFO - [37mVal Epoch 178 step 178 with [31mpx_total : 0.161480 [31mtotal : 0.161480 
2025-11-24 13:23:48,026 - Agent - INFO - [37mVal Epoch 179 step 179 with [31mpx_total : 0.148592 [31mtotal : 0.148592 

Pair                         dist_corr             cka      cosine_sim   cca_mean_corr procrustes_disp
------------------------------------------------------------------------------------------------------
z1_vs_z2                        0.0235         0.0109         0.3518         0.9642         0.9260
z1_vs_~z                        0.2160         0.2025         0.8007         0.9350         0.8607
z2_vs_~z                        0.3578         0.3125         0.3882         0.9698         0.6616
------------------------------------------------------------------------------------------------------
2025-11-24 13:25:25,586 - Agent - INFO - [37mVal Epoch 180 step 180 with [31mpx_total : 0.162459 [31mtotal : 0.162459 
2025-11-24 13:26:45,191 - Agent - INFO - [37mVal Epoch 181 step 181 with [31mpx_total : 0.148852 [31mtotal : 0.148852 
2025-11-24 13:28:04,235 - Agent - INFO - [37mVal Epoch 182 step 182 with [31mpx_total : 0.157208 [31mtotal : 0.157208 
2025-11-24 13:29:23,294 - Agent - INFO - [37mVal Epoch 183 step 183 with [31mpx_total : 0.148100 [31mtotal : 0.148100 
2025-11-24 13:30:42,241 - Agent - INFO - [37mVal Epoch 184 step 184 with [31mpx_total : 0.150860 [31mtotal : 0.150860 
2025-11-24 13:32:03,256 - Agent - INFO - [37mVal Epoch 185 step 185 with [31mpx_total : 0.164454 [31mtotal : 0.164454 
2025-11-24 13:33:23,519 - Agent - INFO - [37mVal Epoch 186 step 186 with [31mpx_total : 0.154418 [31mtotal : 0.154418 
2025-11-24 13:34:44,186 - Agent - INFO - [37mVal Epoch 187 step 187 with [31mpx_total : 0.158311 [31mtotal : 0.158311 
2025-11-24 13:36:04,425 - Agent - INFO - [37mVal Epoch 188 step 188 with [31mpx_total : 0.154633 [31mtotal : 0.154633 
2025-11-24 13:37:24,966 - Agent - INFO - [37mVal Epoch 189 step 189 with [31mpx_total : 0.153865 [31mtotal : 0.153865 

Pair                         dist_corr             cka      cosine_sim   cca_mean_corr procrustes_disp
------------------------------------------------------------------------------------------------------
z1_vs_z2                        0.0235         0.0109         0.3518         0.9642         0.9260
z1_vs_~z                        0.2520         0.2443         0.7975         0.9340         0.8365
z2_vs_~z                        0.3093         0.2606         0.3863         0.9695         0.6852
------------------------------------------------------------------------------------------------------
2025-11-24 13:39:02,940 - Agent - INFO - [37mVal Epoch 190 step 190 with [31mpx_total : 0.155700 [31mtotal : 0.155700 
2025-11-24 13:40:24,298 - Agent - INFO - [37mVal Epoch 191 step 191 with [31mpx_total : 0.158017 [31mtotal : 0.158017 
2025-11-24 13:41:45,562 - Agent - INFO - [37mVal Epoch 192 step 192 with [31mpx_total : 0.154934 [31mtotal : 0.154934 
2025-11-24 13:43:07,148 - Agent - INFO - [37mVal Epoch 193 step 193 with [31mpx_total : 0.160082 [31mtotal : 0.160082 
2025-11-24 13:44:28,786 - Agent - INFO - [37mVal Epoch 194 step 194 with [31mpx_total : 0.154743 [31mtotal : 0.154743 
2025-11-24 13:45:50,456 - Agent - INFO - [37mVal Epoch 195 step 195 with [31mpx_total : 0.156693 [31mtotal : 0.156693 
2025-11-24 13:47:12,084 - Agent - INFO - [37mVal Epoch 196 step 196 with [31mpx_total : 0.157907 [31mtotal : 0.157907 
2025-11-24 13:48:33,611 - Agent - INFO - [37mVal Epoch 197 step 197 with [31mpx_total : 0.158405 [31mtotal : 0.158405 
2025-11-24 13:49:54,761 - Agent - INFO - [37mVal Epoch 198 step 198 with [31mpx_total : 0.155599 [31mtotal : 0.155599 
2025-11-24 13:51:15,868 - Agent - INFO - [37mVal Epoch 199 step 199 with [31mpx_total : 0.156299 [31mtotal : 0.156299 

Pair                         dist_corr             cka      cosine_sim   cca_mean_corr procrustes_disp
------------------------------------------------------------------------------------------------------
z1_vs_z2                        0.0235         0.0109         0.3518         0.9642         0.9260
z1_vs_~z                        0.2285         0.2200         0.8002         0.9330         0.8442
z2_vs_~z                        0.3384         0.2545         0.3852         0.9718         0.6633
------------------------------------------------------------------------------------------------------
2025-11-24 13:52:53,427 - Agent - INFO - [37mVal Epoch 200 step 200 with [31mpx_total : 0.155748 [31mtotal : 0.155748 
2025-11-24 13:54:15,172 - Agent - INFO - [37mVal Epoch 201 step 201 with [31mpx_total : 0.160717 [31mtotal : 0.160717 
2025-11-24 13:55:36,351 - Agent - INFO - [37mVal Epoch 202 step 202 with [31mpx_total : 0.154051 [31mtotal : 0.154051 
2025-11-24 13:56:56,023 - Agent - INFO - [37mVal Epoch 203 step 203 with [31mpx_total : 0.165295 [31mtotal : 0.165295 
2025-11-24 13:58:16,520 - Agent - INFO - [37mVal Epoch 204 step 204 with [31mpx_total : 0.155528 [31mtotal : 0.155528 
2025-11-24 13:59:35,435 - Agent - INFO - [37mVal Epoch 205 step 205 with [31mpx_total : 0.150271 [31mtotal : 0.150271 
2025-11-24 14:00:56,203 - Agent - INFO - [37mVal Epoch 206 step 206 with [31mpx_total : 0.155877 [31mtotal : 0.155877 
2025-11-24 14:02:15,587 - Agent - INFO - [37mVal Epoch 207 step 207 with [31mpx_total : 0.153438 [31mtotal : 0.153438 
2025-11-24 14:03:35,233 - Agent - INFO - [37mVal Epoch 208 step 208 with [31mpx_total : 0.153079 [31mtotal : 0.153079 
2025-11-24 14:04:54,837 - Agent - INFO - [37mVal Epoch 209 step 209 with [31mpx_total : 0.155626 [31mtotal : 0.155626 

Pair                         dist_corr             cka      cosine_sim   cca_mean_corr procrustes_disp
------------------------------------------------------------------------------------------------------
z1_vs_z2                        0.0235         0.0109         0.3518         0.9642         0.9260
z1_vs_~z                        0.2234         0.2156         0.7944         0.9310         0.8521
z2_vs_~z                        0.3381         0.2925         0.3864         0.9664         0.6720
------------------------------------------------------------------------------------------------------
2025-11-24 14:06:34,101 - Agent - INFO - [37mVal Epoch 210 step 210 with [31mpx_total : 0.162876 [31mtotal : 0.162876 
2025-11-24 14:07:54,992 - Agent - INFO - [37mVal Epoch 211 step 211 with [31mpx_total : 0.163629 [31mtotal : 0.163629 
2025-11-24 14:09:15,434 - Agent - INFO - [37mVal Epoch 212 step 212 with [31mpx_total : 0.160844 [31mtotal : 0.160844 
2025-11-24 14:10:35,055 - Agent - INFO - [37mVal Epoch 213 step 213 with [31mpx_total : 0.155010 [31mtotal : 0.155010 
2025-11-24 14:11:55,074 - Agent - INFO - [37mVal Epoch 214 step 214 with [31mpx_total : 0.158094 [31mtotal : 0.158094 
2025-11-24 14:13:14,775 - Agent - INFO - [37mVal Epoch 215 step 215 with [31mpx_total : 0.155596 [31mtotal : 0.155596 
2025-11-24 14:14:34,967 - Agent - INFO - [37mVal Epoch 216 step 216 with [31mpx_total : 0.153423 [31mtotal : 0.153423 
2025-11-24 14:15:56,297 - Agent - INFO - [37mVal Epoch 217 step 217 with [31mpx_total : 0.152284 [31mtotal : 0.152284 
2025-11-24 14:17:17,063 - Agent - INFO - [37mVal Epoch 218 step 218 with [31mpx_total : 0.151564 [31mtotal : 0.151564 
2025-11-24 14:18:36,736 - Agent - INFO - [37mVal Epoch 219 step 219 with [31mpx_total : 0.153165 [31mtotal : 0.153165 

Pair                         dist_corr             cka      cosine_sim   cca_mean_corr procrustes_disp
------------------------------------------------------------------------------------------------------
z1_vs_z2                        0.0235         0.0109         0.3518         0.9642         0.9260
z1_vs_~z                        0.2390         0.2176         0.7995         0.9399         0.8495
z2_vs_~z                        0.3310         0.2802         0.3884         0.9716         0.6714
------------------------------------------------------------------------------------------------------
2025-11-24 14:20:16,147 - Agent - INFO - [37mVal Epoch 220 step 220 with [31mpx_total : 0.158938 [31mtotal : 0.158938 
2025-11-24 14:21:36,949 - Agent - INFO - [37mVal Epoch 221 step 221 with [31mpx_total : 0.157133 [31mtotal : 0.157133 
2025-11-24 14:22:57,341 - Agent - INFO - [37mVal Epoch 222 step 222 with [31mpx_total : 0.154832 [31mtotal : 0.154832 
2025-11-24 14:24:17,478 - Agent - INFO - [37mVal Epoch 223 step 223 with [31mpx_total : 0.150714 [31mtotal : 0.150714 
2025-11-24 14:25:37,357 - Agent - INFO - [37mVal Epoch 224 step 224 with [31mpx_total : 0.153309 [31mtotal : 0.153309 
2025-11-24 14:26:57,125 - Agent - INFO - [37mVal Epoch 225 step 225 with [31mpx_total : 0.151727 [31mtotal : 0.151727 
2025-11-24 14:28:17,175 - Agent - INFO - [37mVal Epoch 226 step 226 with [31mpx_total : 0.155410 [31mtotal : 0.155410 
2025-11-24 14:29:37,023 - Agent - INFO - [37mVal Epoch 227 step 227 with [31mpx_total : 0.154226 [31mtotal : 0.154226 
2025-11-24 14:30:57,032 - Agent - INFO - [37mVal Epoch 228 step 228 with [31mpx_total : 0.155472 [31mtotal : 0.155472 
2025-11-24 14:32:16,824 - Agent - INFO - [37mVal Epoch 229 step 229 with [31mpx_total : 0.155464 [31mtotal : 0.155464 

Pair                         dist_corr             cka      cosine_sim   cca_mean_corr procrustes_disp
------------------------------------------------------------------------------------------------------
z1_vs_z2                        0.0235         0.0109         0.3518         0.9642         0.9260
z1_vs_~z                        0.2458         0.2323         0.8006         0.9329         0.8419
z2_vs_~z                        0.3213         0.2547         0.3856         0.9705         0.6782
------------------------------------------------------------------------------------------------------
2025-11-24 14:33:54,810 - Agent - INFO - [37mVal Epoch 230 step 230 with [31mpx_total : 0.154234 [31mtotal : 0.154234 
2025-11-24 14:35:16,577 - Agent - INFO - [37mVal Epoch 231 step 231 with [31mpx_total : 0.152009 [31mtotal : 0.152009 
2025-11-24 14:36:37,073 - Agent - INFO - [37mVal Epoch 232 step 232 with [31mpx_total : 0.154932 [31mtotal : 0.154932 
2025-11-24 14:37:57,360 - Agent - INFO - [37mVal Epoch 233 step 233 with [31mpx_total : 0.155195 [31mtotal : 0.155195 
2025-11-24 14:39:17,964 - Agent - INFO - [37mVal Epoch 234 step 234 with [31mpx_total : 0.154023 [31mtotal : 0.154023 
2025-11-24 14:40:38,858 - Agent - INFO - [37mVal Epoch 235 step 235 with [31mpx_total : 0.157064 [31mtotal : 0.157064 
2025-11-24 14:42:00,057 - Agent - INFO - [37mVal Epoch 236 step 236 with [31mpx_total : 0.156922 [31mtotal : 0.156922 
2025-11-24 14:43:19,480 - Agent - INFO - [37mVal Epoch 237 step 237 with [31mpx_total : 0.154923 [31mtotal : 0.154923 
2025-11-24 14:44:40,353 - Agent - INFO - [37mVal Epoch 238 step 238 with [31mpx_total : 0.153971 [31mtotal : 0.153971 
2025-11-24 14:46:00,342 - Agent - INFO - [37mVal Epoch 239 step 239 with [31mpx_total : 0.155787 [31mtotal : 0.155787 

Pair                         dist_corr             cka      cosine_sim   cca_mean_corr procrustes_disp
------------------------------------------------------------------------------------------------------
z1_vs_z2                        0.0235         0.0109         0.3518         0.9642         0.9260
z1_vs_~z                        0.2519         0.2358         0.7991         0.9336         0.8403
z2_vs_~z                        0.3096         0.2564         0.3859         0.9694         0.6837
------------------------------------------------------------------------------------------------------
2025-11-24 14:47:39,018 - Agent - INFO - [37mVal Epoch 240 step 240 with [31mpx_total : 0.155076 [31mtotal : 0.155076 
2025-11-24 14:48:58,719 - Agent - INFO - [37mVal Epoch 241 step 241 with [31mpx_total : 0.155230 [31mtotal : 0.155230 
2025-11-24 14:50:17,898 - Agent - INFO - [37mVal Epoch 242 step 242 with [31mpx_total : 0.156127 [31mtotal : 0.156127 
2025-11-24 14:51:37,173 - Agent - INFO - [37mVal Epoch 243 step 243 with [31mpx_total : 0.154704 [31mtotal : 0.154704 
2025-11-24 14:52:57,099 - Agent - INFO - [37mVal Epoch 244 step 244 with [31mpx_total : 0.155391 [31mtotal : 0.155391 
2025-11-24 14:54:17,194 - Agent - INFO - [37mVal Epoch 245 step 245 with [31mpx_total : 0.154481 [31mtotal : 0.154481 
2025-11-24 14:55:37,821 - Agent - INFO - [37mVal Epoch 246 step 246 with [31mpx_total : 0.155479 [31mtotal : 0.155479 
2025-11-24 14:56:59,127 - Agent - INFO - [37mVal Epoch 247 step 247 with [31mpx_total : 0.155922 [31mtotal : 0.155922 
2025-11-24 14:58:21,237 - Agent - INFO - [37mVal Epoch 248 step 248 with [31mpx_total : 0.155289 [31mtotal : 0.155289 
2025-11-24 14:59:42,926 - Agent - INFO - [37mVal Epoch 249 step 249 with [31mpx_total : 0.155305 [31mtotal : 0.155305 

Pair                         dist_corr             cka      cosine_sim   cca_mean_corr procrustes_disp
------------------------------------------------------------------------------------------------------
z1_vs_z2                        0.0235         0.0109         0.3518         0.9642         0.9260
z1_vs_~z                        0.2488         0.2338         0.7989         0.9343         0.8405
z2_vs_~z                        0.3121         0.2594         0.3861         0.9690         0.6843
------------------------------------------------------------------------------------------------------
2025-11-24 15:01:22,236 - Agent - INFO - [37mVal Epoch 250 step 250 with [31mpx_total : 0.155055 [31mtotal : 0.155055 
2025-11-24 15:02:44,661 - Agent - INFO - [37mVal Epoch 251 step 251 with [31mpx_total : 0.155067 [31mtotal : 0.155067 
2025-11-24 15:04:04,933 - Agent - INFO - [37mVal Epoch 252 step 252 with [31mpx_total : 0.154671 [31mtotal : 0.154671 
2025-11-24 15:05:23,751 - Agent - INFO - [37mVal Epoch 253 step 253 with [31mpx_total : 0.154925 [31mtotal : 0.154925 
2025-11-24 15:06:43,207 - Agent - INFO - [37mVal Epoch 254 step 254 with [31mpx_total : 0.154895 [31mtotal : 0.154895 
2025-11-24 15:08:03,835 - Agent - INFO - [37mVal Epoch 255 step 255 with [31mpx_total : 0.155144 [31mtotal : 0.155144 
2025-11-24 15:09:23,610 - Agent - INFO - [37mVal Epoch 256 step 256 with [31mpx_total : 0.156826 [31mtotal : 0.156826 
2025-11-24 15:10:42,308 - Agent - INFO - [37mVal Epoch 257 step 257 with [31mpx_total : 0.151486 [31mtotal : 0.151486 
2025-11-24 15:12:02,027 - Agent - INFO - [37mVal Epoch 258 step 258 with [31mpx_total : 0.151059 [31mtotal : 0.151059 
2025-11-24 15:12:04,101 - Agent - INFO - We are in the final state.
2025-11-24 15:12:04,191 - root - INFO - Loaded best model from /esat/smcdata/users/kkontras/Image_Dataset/no_backup/data/2025_data/synergy/Synprom_IB_genVAEOSfold1_lib0.01_perturbgen_lr0.001_wd1e-5_clsmlp.pth.tar
2025-11-24 15:12:18,106 - Agent - INFO - [37mVal Epoch 258 step 0 with [31mpx_total : 0.144462 [31mtotal : 0.144462 

Pair                         dist_corr             cka      cosine_sim   cca_mean_corr procrustes_disp
------------------------------------------------------------------------------------------------------
z1_vs_z2                        0.0393         0.0393         0.3395         0.9581         0.9166
z1_vs_~z                        0.1656         0.1594         0.7910         0.9283         0.8598
z2_vs_~z                        0.2601         0.1855         0.3719         0.9719         0.6598
------------------------------------------------------------------------------------------------------
2025-11-24 15:12:48,992 - Agent - INFO - [37mTest Epoch 258 step 0 with [31mpx_total : 0.174455 [31mtotal : 0.174455 
2025-11-24 15:12:49,403 - Agent - INFO - [37mModel saved successfully at: /esat/smcdata/users/kkontras/Image_Dataset/no_backup/data/2025_data/synergy/Synprom_IB_genVAEOSfold1_lib0.01_perturbgen_lr0.001_wd1e-5_clsmlp.pth.tar[39m
[1;34mwandb[0m: 
[1;34mwandb[0m: 🚀 View run [33mSynprom_IB_genVAEOSfold1_lib0.01_perturbgen_lr0.001_wd1e-5_clsmlp[0m at: [34m[0m
[1;34mwandb[0m: Find logs at: [1;35mwandb/run-20251124_092026-8n0jrf4z/logs[0m
Job finished
