Starting Job
/esat/smcdata/users/kkontras/Image_Dataset/no_backup/git/Synergy/train.py
/esat/smcdata/users/kkontras/Image_Dataset/no_backup/envs/synergy_new/bin/python
Python 3.10.19
/esat/smcdata/users/kkontras/Image_Dataset/no_backup/git/Synergy
We have 1 GPU
/esat/smcdata/users/kkontras/Image_Dataset/no_backup/git/Synergy/train.py
config-./configs/CREMA_D/synergy/nov/synprom_generatorVAEOneSide.json
Executing command: accelerate launch /esat/smcdata/users/kkontras/Image_Dataset/no_backup/git/Synergy/train.py --config ./configs/CREMA_D/synergy/nov/synprom_generatorVAEOneSide.json --default_config ./configs/CREMA_D/default_config_cremad_res_syn.json --fold 0 --lr 0.001 --wd 1e-5 --perturb gen --start_over  --cls mlp --lib 0.01
Namespace(config='./configs/CREMA_D/synergy/nov/synprom_generatorVAEOneSide.json', default_config='./configs/CREMA_D/default_config_cremad_res_syn.json', fold='0', alpha=None, tanh_mode=None, tanh_mode_beta=None, regby=None, clip=None, batch_size=None, l=None, multil=None, l_diffsq=None, lib='0.01', ratio_us=None, ratio_snr=None, kmepoch=None, num_samples=None, pow=None, nstep=None, contrcoeff=None, kde_coeff=None, etube=None, temperature=None, contr_type=None, shuffle_type=None, validate_with=None, transform_type=None, trasform_before=None, num_classes=None, base_alpha=None, alpha_var=None, base_beta=None, beta_var=None, optim_method=None, ilr_c=None, ilr_g=None, mmcosine_scaling=None, ending_epoch=None, load_ongoing=None, commonlayers=None, recon_weight1=None, recon_weight2=None, recon_epochstages=None, recon_ensemblestages=None, lr='0.001', wd='1e-5', mm=None, cls='mlp', perturb='gen', pre=False, frozen=False, tdqm_disable=False, start_over=True)
2025-11-23 19:42:29,001 - Config - INFO - ./configs/CREMA_D/synergy/nov/synprom_generatorVAEOneSide.json
2025-11-23 19:42:29,003 - Config - INFO -  THE Configuration of your experiment ..
{'agent': 'Agent',
 'dataset': {'data_roots': '/esat/smcdata/users/kkontras/Image_Dataset/no_backup/CremaD/CREMA-D',
             'data_split': {'fold': 0, 'method': 'non_inclusive'},
             'dataloader_class': 'CramedD_Dataloader',
             'fps': 1,
             'norm': False,
             'norm_face_path': './mydatasets/CREMAD/norm_face_path_fold{}.pkl',
             'norm_wav_path': './mydatasets/CREMAD/wav_norm_16000_fold{}.pkl',
             'num_frame': 3,
             'return_data': {'audio': False,
                             'face': False,
                             'spectrogram': True,
                             'video': True},
             'sampling_rate': 22050},
 'early_stopping': {'end_of_epoch_check': True,
                    'log_interval': 10,
                    'max_epoch': 1500,
                    'n_steps_stop': 100,
                    'n_steps_stop_after': 0,
                    'save_every_step': 3000,
                    'save_every_valstep': 10,
                    'validate_after': 0,
                    'validate_every': 25,
                    'validate_with': 'loss'},
 'exp_name': 'CREMAD Experiment',
 'model': {'args': {'bias_infusion': {'ending_epoch': 1500,
                                      'l': 0.1,
                                      'method': 'false',
                                      'plot': False,
                                      'starting_epoch': 0,
                                      'use': True},
                    'clip_grad': False,
                    'cls_type': 'linear',
                    'd_model': 512,
                    'dropout': 0.1,
                    'fc_inner': 64,
                    'multi_loss': {'multi_supervised_w': {'c': 0,
                                                          'combined': 1,
                                                          'g': 0}},
                    'num_classes': 6,
                    'swap_direction': True},
           'encoders': [{'args': {'d_model': 512,
                                  'dropout': 0.1,
                                  'fc_inner': 64,
                                  'freeze_encoder': True,
                                  'num_classes': 6},
                         'model': 'Audio_ResNet',
                         'pretrainedEncoder': {'dir': 'unimodal_audio_fold{}_lr0.001_wd0.0001.pth.tar',
                                               'use': True}},
                        {'args': {'d_model': 512,
                                  'dropout': 0.1,
                                  'fc_inner': 64,
                                  'freeze_encoder': True,
                                  'num_classes': 6},
                         'model': 'Video_ResNet',
                         'pretrainedEncoder': {'dir': 'unimodal_video_fold{}_lr0.001_wd0.0001.pth.tar',
                                               'use': True}},
                        {'args': {'dim_in': 512,
                                  'dim_out': 512,
                                  'hidden': 512,
                                  'latent_dim': 64},
                         'model': 'SimpleVAEZ2toZ1OneSide',
                         'pretrainedEncoder': {'dir': '', 'use': False},
                         'save_encoder': True}],
           'load_ongoing': False,
           'model_class': 'Model_GeneratorVAEOneSide',
           'save_base_dir': '/esat/smcdata/users/kkontras/Image_Dataset/no_backup/data/2025_data/synergy',
           'save_dir': 'Synprom_IB_genVAEOS{}.pth.tar'},
 'optimizer': {'beta1': 0.9,
               'beta2': 0.999,
               'learning_rate': 1e-05,
               'momentum': 0.9,
               'type': 'Adam',
               'weight_decay': 1e-05},
 'scheduler': {'max_lr': 0.03, 'type': 'cosanneal', 'warm_up_steps': 780},
 'task': 'generative',
 'training_params': {'adversarial_training': {'adv_epsilon': 0.01,
                                              'use': False},
                     'async_loading': True,
                     'batch_size': 128,
                     'cuda': True,
                     'data_loader_workers': 8,
                     'gpu_device': [0],
                     'pin_memory': False,
                     'rec_test': False,
                     'res': True,
                     'seed': 109,
                     'tdqm_disable': False,
                     'test_batch_size': 128,
                     'test_on_bottoms': False,
                     'use_test_set': True,
                     'validation': True,
                     'verbose': True,
                     'wandb_disable': False}}
2025-11-23 19:42:29,006 - Config - INFO -  *************************************** 
2025-11-23 19:42:29,006 - Config - INFO - The experiment name is CREMAD Experiment
2025-11-23 19:42:29,006 - Config - INFO -  *************************************** 
2025-11-23 19:42:29,006 - root - INFO - save_dir: Synprom_IB_genVAEOSfold0_lib0.01_perturbgen_lr0.001_wd1e-5_clsmlp.pth.tar
2025-11-23 19:42:29,071 - Cuda Statistics - INFO - __Python VERSION:  3.10.19 (main, Oct 21 2025, 16:43:05) [GCC 11.2.0]
2025-11-23 19:42:29,071 - Cuda Statistics - INFO - __pyTorch VERSION:  2.6.0+cu124
2025-11-23 19:42:29,071 - Cuda Statistics - INFO - __CUDA VERSION
2025-11-23 19:42:29,073 - Cuda Statistics - INFO - __CUDNN VERSION:  90100
2025-11-23 19:42:29,111 - Cuda Statistics - INFO - __Number CUDA Devices:  1
2025-11-23 19:42:29,111 - Cuda Statistics - INFO - __Devices
2025-11-23 19:42:29,111 - Cuda Statistics - INFO - index, name, driver_version, memory.total [MiB], memory.used [MiB], memory.free [MiB]
2025-11-23 19:42:29,111 - Cuda Statistics - INFO - 0, NVIDIA GeForce RTX 3090, 580.105.08, 24576 MiB, 4 MiB, 24121 MiB
2025-11-23 19:42:29,115 - Cuda Statistics - INFO - Active CUDA Device: GPU 0
2025-11-23 19:42:29,115 - Cuda Statistics - INFO - Available devices  1
2025-11-23 19:42:29,115 - Cuda Statistics - INFO - Current cuda device  0
This path does not exist /esat/smcdata/users/kkontras/Image_Dataset/no_backup/CremaD/CREMA-D/AudioWAV/1076_MTI_SAD_XX.wav or /esat/smcdata/users/kkontras/Image_Dataset/no_backup/CremaD/CREMA-D/Image-01-FPS/1076_MTI_SAD_XX or /esat/smcdata/users/kkontras/Image_Dataset/no_backup/CremaD/CREMA-D/Face_features/1076_MTI_SAD_XX.npy
2025-11-23 19:42:30,756 - root - INFO - Loaded wav norm from ./mydatasets/CREMAD/wav_norm_16000_fold0.pkl
2025-11-23 19:42:30,759 - root - INFO - Norm values are {'mean': tensor(-2.7937e-05), 'std': tensor(0.0613), 'max_duration': 4.8715625}
2025-11-23 19:42:31,158 - root - INFO - Loaded wav norm from ./mydatasets/CREMAD/wav_norm_16000_fold0.pkl
2025-11-23 19:42:31,159 - root - INFO - Norm values are {'mean': tensor(-2.7937e-05), 'std': tensor(0.0613), 'max_duration': 4.8715625}
2025-11-23 19:42:31,591 - root - INFO - Loaded wav norm from ./mydatasets/CREMAD/wav_norm_16000_fold0.pkl
2025-11-23 19:42:31,592 - root - INFO - Norm values are {'mean': tensor(-2.7937e-05), 'std': tensor(0.0613), 'max_duration': 4.8715625}
Available cores 8
We are changing dataloader workers to num of cores 0
2025-11-23 19:42:31,593 - Agent - INFO - Device: cuda:0
2025-11-23 19:42:31,593 - Agent - INFO - Total training batches: 32, validate every 25 batches, steps per epoch: 2
2025-11-23 19:42:33,176 - Agent - INFO - Loss Weights are {'total': 1, 'combined': 1, 'c': 0, 'g': 0}
2025-11-23 19:42:33,444 - root - INFO - Loading enc best model state dict from /esat/smcdata/users/kkontras/Image_Dataset/no_backup/data/2025_data/synergy/unimodal_audio_fold0_lr0.001_wd0.0001.pth.tar
2025-11-23 19:42:33,770 - root - INFO - Loading enc best model state dict from /esat/smcdata/users/kkontras/Image_Dataset/no_backup/data/2025_data/synergy/unimodal_video_fold0_lr0.001_wd0.0001.pth.tar
2025-11-23 19:42:33,804 - Agent - INFO - Freezing encoder enc_0
2025-11-23 19:42:33,805 - Agent - INFO - Freezing encoder enc_1
2025-11-23 19:42:33,978 - Agent - INFO - Total number of trainable parameters are: 23502476
2025-11-23 19:42:33,983 - Agent - INFO - Total number of trainable parameters are: 1149568
2025-11-23 19:44:00,444 - Agent - INFO - [37mVal Epoch 1 step 1 with [31mpx_total : 0.178327 [31mtotal : 0.178327 
2025-11-23 19:44:00,745 - Agent - INFO - [37mModel saved successfully at: /esat/smcdata/users/kkontras/Image_Dataset/no_backup/data/2025_data/synergy/Synprom_IB_genVAEOSfold0_lib0.01_perturbgen_lr0.001_wd1e-5_clsmlp.pth.tar[39m
2025-11-23 19:45:25,918 - Agent - INFO - [37mVal Epoch 2 step 2 with [31mpx_total : 0.173110 [31mtotal : 0.173110 
2025-11-23 19:45:26,171 - Agent - INFO - [37mModel saved successfully at: /esat/smcdata/users/kkontras/Image_Dataset/no_backup/data/2025_data/synergy/Synprom_IB_genVAEOSfold0_lib0.01_perturbgen_lr0.001_wd1e-5_clsmlp.pth.tar[39m
2025-11-23 19:46:50,599 - Agent - INFO - [37mVal Epoch 3 step 3 with [31mpx_total : 0.163406 [31mtotal : 0.163406 
2025-11-23 19:46:50,855 - Agent - INFO - [37mModel saved successfully at: /esat/smcdata/users/kkontras/Image_Dataset/no_backup/data/2025_data/synergy/Synprom_IB_genVAEOSfold0_lib0.01_perturbgen_lr0.001_wd1e-5_clsmlp.pth.tar[39m
2025-11-23 19:48:18,024 - Agent - INFO - [37mVal Epoch 4 step 4 with [31mpx_total : 0.157507 [31mtotal : 0.157507 
2025-11-23 19:48:18,274 - Agent - INFO - [37mModel saved successfully at: /esat/smcdata/users/kkontras/Image_Dataset/no_backup/data/2025_data/synergy/Synprom_IB_genVAEOSfold0_lib0.01_perturbgen_lr0.001_wd1e-5_clsmlp.pth.tar[39m
2025-11-23 19:49:41,626 - Agent - INFO - [37mVal Epoch 5 step 5 with [31mpx_total : 0.153571 [31mtotal : 0.153571 
2025-11-23 19:49:41,880 - Agent - INFO - [37mModel saved successfully at: /esat/smcdata/users/kkontras/Image_Dataset/no_backup/data/2025_data/synergy/Synprom_IB_genVAEOSfold0_lib0.01_perturbgen_lr0.001_wd1e-5_clsmlp.pth.tar[39m
2025-11-23 19:51:08,994 - Agent - INFO - [37mVal Epoch 6 step 6 with [31mpx_total : 0.148238 [31mtotal : 0.148238 
2025-11-23 19:51:09,242 - Agent - INFO - [37mModel saved successfully at: /esat/smcdata/users/kkontras/Image_Dataset/no_backup/data/2025_data/synergy/Synprom_IB_genVAEOSfold0_lib0.01_perturbgen_lr0.001_wd1e-5_clsmlp.pth.tar[39m
2025-11-23 19:52:33,554 - Agent - INFO - [37mVal Epoch 7 step 7 with [31mpx_total : 0.152049 [31mtotal : 0.152049 
2025-11-23 19:53:57,195 - Agent - INFO - [37mVal Epoch 8 step 8 with [31mpx_total : 0.146098 [31mtotal : 0.146098 
2025-11-23 19:53:57,444 - Agent - INFO - [37mModel saved successfully at: /esat/smcdata/users/kkontras/Image_Dataset/no_backup/data/2025_data/synergy/Synprom_IB_genVAEOSfold0_lib0.01_perturbgen_lr0.001_wd1e-5_clsmlp.pth.tar[39m
2025-11-23 19:55:21,669 - Agent - INFO - [37mVal Epoch 9 step 9 with [31mpx_total : 0.150345 [31mtotal : 0.150345 

Pair                         dist_corr             cka      cosine_sim   cca_mean_corr procrustes_disp
------------------------------------------------------------------------------------------------------
z1_vs_z2                        0.1358         0.1136         0.3664         0.9873         0.8658
z1_vs_~z                        0.2651         0.2447         0.7972         0.9551         0.7930
z2_vs_~z                        0.4465         0.2392         0.3990         0.9730         0.5627
------------------------------------------------------------------------------------------------------
2025-11-23 19:57:30,641 - Agent - INFO - [37mVal Epoch 10 step 10 with [31mpx_total : 0.149472 [31mtotal : 0.149472 
2025-11-23 19:58:55,375 - Agent - INFO - [37mVal Epoch 11 step 11 with [31mpx_total : 0.143941 [31mtotal : 0.143941 
2025-11-23 19:58:55,664 - Agent - INFO - [37mModel saved successfully at: /esat/smcdata/users/kkontras/Image_Dataset/no_backup/data/2025_data/synergy/Synprom_IB_genVAEOSfold0_lib0.01_perturbgen_lr0.001_wd1e-5_clsmlp.pth.tar[39m
2025-11-23 20:00:19,730 - Agent - INFO - [37mVal Epoch 12 step 12 with [31mpx_total : 0.146791 [31mtotal : 0.146791 
2025-11-23 20:01:44,075 - Agent - INFO - [37mVal Epoch 13 step 13 with [31mpx_total : 0.150577 [31mtotal : 0.150577 
2025-11-23 20:03:07,832 - Agent - INFO - [37mVal Epoch 14 step 14 with [31mpx_total : 0.145266 [31mtotal : 0.145266 
2025-11-23 20:04:31,603 - Agent - INFO - [37mVal Epoch 15 step 15 with [31mpx_total : 0.146627 [31mtotal : 0.146627 
2025-11-23 20:05:55,882 - Agent - INFO - [37mVal Epoch 16 step 16 with [31mpx_total : 0.146184 [31mtotal : 0.146184 
2025-11-23 20:07:19,432 - Agent - INFO - [37mVal Epoch 17 step 17 with [31mpx_total : 0.148828 [31mtotal : 0.148828 
2025-11-23 20:08:43,189 - Agent - INFO - [37mVal Epoch 18 step 18 with [31mpx_total : 0.144522 [31mtotal : 0.144522 
2025-11-23 20:10:06,944 - Agent - INFO - [37mVal Epoch 19 step 19 with [31mpx_total : 0.149119 [31mtotal : 0.149119 

Pair                         dist_corr             cka      cosine_sim   cca_mean_corr procrustes_disp
------------------------------------------------------------------------------------------------------
z1_vs_z2                        0.1358         0.1136         0.3664         0.9873         0.8658
z1_vs_~z                        0.2540         0.2505         0.7975         0.9458         0.7993
z2_vs_~z                        0.4245         0.2304         0.3943         0.9748         0.5586
------------------------------------------------------------------------------------------------------
2025-11-23 20:12:04,778 - Agent - INFO - [37mVal Epoch 20 step 20 with [31mpx_total : 0.147114 [31mtotal : 0.147114 
2025-11-23 20:13:29,774 - Agent - INFO - [37mVal Epoch 21 step 21 with [31mpx_total : 0.158229 [31mtotal : 0.158229 
2025-11-23 20:14:53,070 - Agent - INFO - [37mVal Epoch 22 step 22 with [31mpx_total : 0.150880 [31mtotal : 0.150880 
2025-11-23 20:16:17,216 - Agent - INFO - [37mVal Epoch 23 step 23 with [31mpx_total : 0.142376 [31mtotal : 0.142376 
2025-11-23 20:16:17,533 - Agent - INFO - [37mModel saved successfully at: /esat/smcdata/users/kkontras/Image_Dataset/no_backup/data/2025_data/synergy/Synprom_IB_genVAEOSfold0_lib0.01_perturbgen_lr0.001_wd1e-5_clsmlp.pth.tar[39m
2025-11-23 20:17:40,366 - Agent - INFO - [37mVal Epoch 24 step 24 with [31mpx_total : 0.150251 [31mtotal : 0.150251 
2025-11-23 20:19:04,869 - Agent - INFO - [37mVal Epoch 25 step 25 with [31mpx_total : 0.148502 [31mtotal : 0.148502 
2025-11-23 20:20:29,062 - Agent - INFO - [37mVal Epoch 26 step 26 with [31mpx_total : 0.147605 [31mtotal : 0.147605 
2025-11-23 20:21:52,432 - Agent - INFO - [37mVal Epoch 27 step 27 with [31mpx_total : 0.148879 [31mtotal : 0.148879 
2025-11-23 20:23:17,062 - Agent - INFO - [37mVal Epoch 28 step 28 with [31mpx_total : 0.150492 [31mtotal : 0.150492 
2025-11-23 20:24:42,205 - Agent - INFO - [37mVal Epoch 29 step 29 with [31mpx_total : 0.149259 [31mtotal : 0.149259 

Pair                         dist_corr             cka      cosine_sim   cca_mean_corr procrustes_disp
------------------------------------------------------------------------------------------------------
z1_vs_z2                        0.1358         0.1136         0.3664         0.9873         0.8658
z1_vs_~z                        0.2352         0.2417         0.7963         0.9374         0.8048
z2_vs_~z                        0.4269         0.2838         0.3957         0.9799         0.5574
------------------------------------------------------------------------------------------------------
2025-11-23 20:26:49,348 - Agent - INFO - [37mVal Epoch 30 step 30 with [31mpx_total : 0.148692 [31mtotal : 0.148692 
2025-11-23 20:28:15,886 - Agent - INFO - [37mVal Epoch 31 step 31 with [31mpx_total : 0.148896 [31mtotal : 0.148896 
2025-11-23 20:29:40,469 - Agent - INFO - [37mVal Epoch 32 step 32 with [31mpx_total : 0.155097 [31mtotal : 0.155097 
2025-11-23 20:31:06,518 - Agent - INFO - [37mVal Epoch 33 step 33 with [31mpx_total : 0.146509 [31mtotal : 0.146509 
2025-11-23 20:32:31,218 - Agent - INFO - [37mVal Epoch 34 step 34 with [31mpx_total : 0.146469 [31mtotal : 0.146469 
2025-11-23 20:33:54,915 - Agent - INFO - [37mVal Epoch 35 step 35 with [31mpx_total : 0.141594 [31mtotal : 0.141594 
2025-11-23 20:33:55,235 - Agent - INFO - [37mModel saved successfully at: /esat/smcdata/users/kkontras/Image_Dataset/no_backup/data/2025_data/synergy/Synprom_IB_genVAEOSfold0_lib0.01_perturbgen_lr0.001_wd1e-5_clsmlp.pth.tar[39m
2025-11-23 20:35:19,704 - Agent - INFO - [37mVal Epoch 36 step 36 with [31mpx_total : 0.141175 [31mtotal : 0.141175 
2025-11-23 20:35:19,954 - Agent - INFO - [37mModel saved successfully at: /esat/smcdata/users/kkontras/Image_Dataset/no_backup/data/2025_data/synergy/Synprom_IB_genVAEOSfold0_lib0.01_perturbgen_lr0.001_wd1e-5_clsmlp.pth.tar[39m
2025-11-23 20:36:44,389 - Agent - INFO - [37mVal Epoch 37 step 37 with [31mpx_total : 0.146534 [31mtotal : 0.146534 
2025-11-23 20:38:08,788 - Agent - INFO - [37mVal Epoch 38 step 38 with [31mpx_total : 0.145874 [31mtotal : 0.145874 
2025-11-23 20:39:33,040 - Agent - INFO - [37mVal Epoch 39 step 39 with [31mpx_total : 0.146699 [31mtotal : 0.146699 

Pair                         dist_corr             cka      cosine_sim   cca_mean_corr procrustes_disp
------------------------------------------------------------------------------------------------------
z1_vs_z2                        0.1358         0.1136         0.3664         0.9873         0.8658
z1_vs_~z                        0.2635         0.2388         0.7954         0.9383         0.7983
z2_vs_~z                        0.4374         0.2892         0.3958         0.9779         0.5543
------------------------------------------------------------------------------------------------------
2025-11-23 20:41:28,192 - Agent - INFO - [37mVal Epoch 40 step 40 with [31mpx_total : 0.152997 [31mtotal : 0.152997 
2025-11-23 20:42:52,930 - Agent - INFO - [37mVal Epoch 41 step 41 with [31mpx_total : 0.145414 [31mtotal : 0.145414 
2025-11-23 20:44:17,348 - Agent - INFO - [37mVal Epoch 42 step 42 with [31mpx_total : 0.143216 [31mtotal : 0.143216 
2025-11-23 20:45:41,501 - Agent - INFO - [37mVal Epoch 43 step 43 with [31mpx_total : 0.152315 [31mtotal : 0.152315 
2025-11-23 20:47:06,409 - Agent - INFO - [37mVal Epoch 44 step 44 with [31mpx_total : 0.155665 [31mtotal : 0.155665 
2025-11-23 20:48:31,180 - Agent - INFO - [37mVal Epoch 45 step 45 with [31mpx_total : 0.153703 [31mtotal : 0.153703 
2025-11-23 20:49:54,749 - Agent - INFO - [37mVal Epoch 46 step 46 with [31mpx_total : 0.146859 [31mtotal : 0.146859 
2025-11-23 20:51:19,082 - Agent - INFO - [37mVal Epoch 47 step 47 with [31mpx_total : 0.153634 [31mtotal : 0.153634 
2025-11-23 20:52:43,754 - Agent - INFO - [37mVal Epoch 48 step 48 with [31mpx_total : 0.151795 [31mtotal : 0.151795 
2025-11-23 20:54:08,216 - Agent - INFO - [37mVal Epoch 49 step 49 with [31mpx_total : 0.150972 [31mtotal : 0.150972 

Pair                         dist_corr             cka      cosine_sim   cca_mean_corr procrustes_disp
------------------------------------------------------------------------------------------------------
z1_vs_z2                        0.1358         0.1136         0.3664         0.9873         0.8658
z1_vs_~z                        0.2556         0.2537         0.7919         0.9361         0.7927
z2_vs_~z                        0.4252         0.2973         0.3957         0.9781         0.5658
------------------------------------------------------------------------------------------------------
2025-11-23 20:56:01,543 - Agent - INFO - [37mVal Epoch 50 step 50 with [31mpx_total : 0.151954 [31mtotal : 0.151954 
2025-11-23 20:57:25,672 - Agent - INFO - [37mVal Epoch 51 step 51 with [31mpx_total : 0.146754 [31mtotal : 0.146754 
2025-11-23 20:58:50,001 - Agent - INFO - [37mVal Epoch 52 step 52 with [31mpx_total : 0.148019 [31mtotal : 0.148019 
2025-11-23 21:00:13,057 - Agent - INFO - [37mVal Epoch 53 step 53 with [31mpx_total : 0.150421 [31mtotal : 0.150421 
2025-11-23 21:01:36,803 - Agent - INFO - [37mVal Epoch 54 step 54 with [31mpx_total : 0.146077 [31mtotal : 0.146077 
2025-11-23 21:03:00,635 - Agent - INFO - [37mVal Epoch 55 step 55 with [31mpx_total : 0.148461 [31mtotal : 0.148461 
2025-11-23 21:04:24,978 - Agent - INFO - [37mVal Epoch 56 step 56 with [31mpx_total : 0.151313 [31mtotal : 0.151313 
2025-11-23 21:05:47,995 - Agent - INFO - [37mVal Epoch 57 step 57 with [31mpx_total : 0.148283 [31mtotal : 0.148283 
2025-11-23 21:07:10,913 - Agent - INFO - [37mVal Epoch 58 step 58 with [31mpx_total : 0.146475 [31mtotal : 0.146475 
2025-11-23 21:08:34,747 - Agent - INFO - [37mVal Epoch 59 step 59 with [31mpx_total : 0.151387 [31mtotal : 0.151387 

Pair                         dist_corr             cka      cosine_sim   cca_mean_corr procrustes_disp
------------------------------------------------------------------------------------------------------
z1_vs_z2                        0.1358         0.1136         0.3664         0.9873         0.8658
z1_vs_~z                        0.2394         0.2443         0.7941         0.9453         0.8001
z2_vs_~z                        0.4147         0.2732         0.3953         0.9777         0.5689
------------------------------------------------------------------------------------------------------
2025-11-23 21:10:34,979 - Agent - INFO - [37mVal Epoch 60 step 60 with [31mpx_total : 0.149500 [31mtotal : 0.149500 
2025-11-23 21:11:59,222 - Agent - INFO - [37mVal Epoch 61 step 61 with [31mpx_total : 0.148583 [31mtotal : 0.148583 
2025-11-23 21:13:23,330 - Agent - INFO - [37mVal Epoch 62 step 62 with [31mpx_total : 0.148482 [31mtotal : 0.148482 
2025-11-23 21:14:46,175 - Agent - INFO - [37mVal Epoch 63 step 63 with [31mpx_total : 0.148902 [31mtotal : 0.148902 
2025-11-23 21:16:10,114 - Agent - INFO - [37mVal Epoch 64 step 64 with [31mpx_total : 0.151918 [31mtotal : 0.151918 
2025-11-23 21:17:33,760 - Agent - INFO - [37mVal Epoch 65 step 65 with [31mpx_total : 0.144095 [31mtotal : 0.144095 
2025-11-23 21:18:56,672 - Agent - INFO - [37mVal Epoch 66 step 66 with [31mpx_total : 0.147811 [31mtotal : 0.147811 
2025-11-23 21:20:22,547 - Agent - INFO - [37mVal Epoch 67 step 67 with [31mpx_total : 0.141910 [31mtotal : 0.141910 
2025-11-23 21:21:47,209 - Agent - INFO - [37mVal Epoch 68 step 68 with [31mpx_total : 0.151098 [31mtotal : 0.151098 
2025-11-23 21:23:10,938 - Agent - INFO - [37mVal Epoch 69 step 69 with [31mpx_total : 0.147029 [31mtotal : 0.147029 

Pair                         dist_corr             cka      cosine_sim   cca_mean_corr procrustes_disp
------------------------------------------------------------------------------------------------------
z1_vs_z2                        0.1358         0.1136         0.3664         0.9873         0.8658
z1_vs_~z                        0.2467         0.2470         0.7926         0.9334         0.8001
z2_vs_~z                        0.4100         0.2758         0.3940         0.9762         0.5790
------------------------------------------------------------------------------------------------------
2025-11-23 21:25:11,027 - Agent - INFO - [37mVal Epoch 70 step 70 with [31mpx_total : 0.150573 [31mtotal : 0.150573 
2025-11-23 21:26:35,558 - Agent - INFO - [37mVal Epoch 71 step 71 with [31mpx_total : 0.145735 [31mtotal : 0.145735 
2025-11-23 21:28:00,132 - Agent - INFO - [37mVal Epoch 72 step 72 with [31mpx_total : 0.143966 [31mtotal : 0.143966 
2025-11-23 21:29:23,227 - Agent - INFO - [37mVal Epoch 73 step 73 with [31mpx_total : 0.149396 [31mtotal : 0.149396 
2025-11-23 21:30:46,093 - Agent - INFO - [37mVal Epoch 74 step 74 with [31mpx_total : 0.146561 [31mtotal : 0.146561 
2025-11-23 21:32:09,928 - Agent - INFO - [37mVal Epoch 75 step 75 with [31mpx_total : 0.150277 [31mtotal : 0.150277 
2025-11-23 21:33:33,760 - Agent - INFO - [37mVal Epoch 76 step 76 with [31mpx_total : 0.156386 [31mtotal : 0.156386 
2025-11-23 21:34:56,650 - Agent - INFO - [37mVal Epoch 77 step 77 with [31mpx_total : 0.152963 [31mtotal : 0.152963 
2025-11-23 21:36:19,744 - Agent - INFO - [37mVal Epoch 78 step 78 with [31mpx_total : 0.150016 [31mtotal : 0.150016 
2025-11-23 21:37:43,004 - Agent - INFO - [37mVal Epoch 79 step 79 with [31mpx_total : 0.147987 [31mtotal : 0.147987 

Pair                         dist_corr             cka      cosine_sim   cca_mean_corr procrustes_disp
------------------------------------------------------------------------------------------------------
z1_vs_z2                        0.1358         0.1136         0.3664         0.9873         0.8658
z1_vs_~z                        0.2236         0.2287         0.8046         0.9473         0.8108
z2_vs_~z                        0.3968         0.2406         0.3980         0.9803         0.5661
------------------------------------------------------------------------------------------------------
2025-11-23 21:39:35,785 - Agent - INFO - [37mVal Epoch 80 step 80 with [31mpx_total : 0.146712 [31mtotal : 0.146712 
2025-11-23 21:41:01,440 - Agent - INFO - [37mVal Epoch 81 step 81 with [31mpx_total : 0.144071 [31mtotal : 0.144071 
2025-11-23 21:42:26,142 - Agent - INFO - [37mVal Epoch 82 step 82 with [31mpx_total : 0.151108 [31mtotal : 0.151108 
2025-11-23 21:43:49,582 - Agent - INFO - [37mVal Epoch 83 step 83 with [31mpx_total : 0.148341 [31mtotal : 0.148341 
2025-11-23 21:45:13,967 - Agent - INFO - [37mVal Epoch 84 step 84 with [31mpx_total : 0.146638 [31mtotal : 0.146638 
2025-11-23 21:46:39,154 - Agent - INFO - [37mVal Epoch 85 step 85 with [31mpx_total : 0.151625 [31mtotal : 0.151625 
2025-11-23 21:48:03,981 - Agent - INFO - [37mVal Epoch 86 step 86 with [31mpx_total : 0.149491 [31mtotal : 0.149491 
2025-11-23 21:49:26,080 - Agent - INFO - [37mVal Epoch 87 step 87 with [31mpx_total : 0.150375 [31mtotal : 0.150375 
2025-11-23 21:50:49,101 - Agent - INFO - [37mVal Epoch 88 step 88 with [31mpx_total : 0.156594 [31mtotal : 0.156594 
2025-11-23 21:52:11,076 - Agent - INFO - [37mVal Epoch 89 step 89 with [31mpx_total : 0.145991 [31mtotal : 0.145991 

Pair                         dist_corr             cka      cosine_sim   cca_mean_corr procrustes_disp
------------------------------------------------------------------------------------------------------
z1_vs_z2                        0.1358         0.1136         0.3664         0.9873         0.8658
z1_vs_~z                        0.2388         0.2398         0.7965         0.9404         0.8020
z2_vs_~z                        0.4126         0.3134         0.3961         0.9793         0.5737
------------------------------------------------------------------------------------------------------
2025-11-23 21:54:00,980 - Agent - INFO - [37mVal Epoch 90 step 90 with [31mpx_total : 0.148667 [31mtotal : 0.148667 
2025-11-23 21:55:25,310 - Agent - INFO - [37mVal Epoch 91 step 91 with [31mpx_total : 0.142772 [31mtotal : 0.142772 
2025-11-23 21:56:49,189 - Agent - INFO - [37mVal Epoch 92 step 92 with [31mpx_total : 0.148221 [31mtotal : 0.148221 
2025-11-23 21:58:13,685 - Agent - INFO - [37mVal Epoch 93 step 93 with [31mpx_total : 0.142320 [31mtotal : 0.142320 
2025-11-23 21:59:37,495 - Agent - INFO - [37mVal Epoch 94 step 94 with [31mpx_total : 0.142992 [31mtotal : 0.142992 
2025-11-23 22:01:00,833 - Agent - INFO - [37mVal Epoch 95 step 95 with [31mpx_total : 0.150484 [31mtotal : 0.150484 
2025-11-23 22:02:25,366 - Agent - INFO - [37mVal Epoch 96 step 96 with [31mpx_total : 0.151904 [31mtotal : 0.151904 
2025-11-23 22:03:49,052 - Agent - INFO - [37mVal Epoch 97 step 97 with [31mpx_total : 0.152716 [31mtotal : 0.152716 
2025-11-23 22:05:12,093 - Agent - INFO - [37mVal Epoch 98 step 98 with [31mpx_total : 0.150289 [31mtotal : 0.150289 
2025-11-23 22:06:34,957 - Agent - INFO - [37mVal Epoch 99 step 99 with [31mpx_total : 0.143828 [31mtotal : 0.143828 

Pair                         dist_corr             cka      cosine_sim   cca_mean_corr procrustes_disp
------------------------------------------------------------------------------------------------------
z1_vs_z2                        0.1358         0.1136         0.3664         0.9873         0.8658
z1_vs_~z                        0.2367         0.2419         0.7986         0.9349         0.8051
z2_vs_~z                        0.3866         0.2164         0.3954         0.9768         0.5891
------------------------------------------------------------------------------------------------------
2025-11-23 22:08:39,709 - Agent - INFO - [37mVal Epoch 100 step 100 with [31mpx_total : 0.146754 [31mtotal : 0.146754 
2025-11-23 22:10:05,622 - Agent - INFO - [37mVal Epoch 101 step 101 with [31mpx_total : 0.148983 [31mtotal : 0.148983 
2025-11-23 22:11:29,969 - Agent - INFO - [37mVal Epoch 102 step 102 with [31mpx_total : 0.147995 [31mtotal : 0.147995 
2025-11-23 22:12:53,004 - Agent - INFO - [37mVal Epoch 103 step 103 with [31mpx_total : 0.144581 [31mtotal : 0.144581 
2025-11-23 22:14:17,890 - Agent - INFO - [37mVal Epoch 104 step 104 with [31mpx_total : 0.148706 [31mtotal : 0.148706 
2025-11-23 22:15:41,750 - Agent - INFO - [37mVal Epoch 105 step 105 with [31mpx_total : 0.147483 [31mtotal : 0.147483 
2025-11-23 22:17:06,260 - Agent - INFO - [37mVal Epoch 106 step 106 with [31mpx_total : 0.151597 [31mtotal : 0.151597 
2025-11-23 22:18:30,323 - Agent - INFO - [37mVal Epoch 107 step 107 with [31mpx_total : 0.151680 [31mtotal : 0.151680 
2025-11-23 22:19:54,599 - Agent - INFO - [37mVal Epoch 108 step 108 with [31mpx_total : 0.145670 [31mtotal : 0.145670 
2025-11-23 22:21:17,853 - Agent - INFO - [37mVal Epoch 109 step 109 with [31mpx_total : 0.145026 [31mtotal : 0.145026 

Pair                         dist_corr             cka      cosine_sim   cca_mean_corr procrustes_disp
------------------------------------------------------------------------------------------------------
z1_vs_z2                        0.1358         0.1136         0.3664         0.9873         0.8658
z1_vs_~z                        0.2534         0.2495         0.7917         0.9372         0.7943
z2_vs_~z                        0.4006         0.2713         0.3955         0.9781         0.5814
------------------------------------------------------------------------------------------------------
2025-11-23 22:23:17,766 - Agent - INFO - [37mVal Epoch 110 step 110 with [31mpx_total : 0.151541 [31mtotal : 0.151541 
2025-11-23 22:24:43,088 - Agent - INFO - [37mVal Epoch 111 step 111 with [31mpx_total : 0.149006 [31mtotal : 0.149006 
2025-11-23 22:26:06,220 - Agent - INFO - [37mVal Epoch 112 step 112 with [31mpx_total : 0.147799 [31mtotal : 0.147799 
2025-11-23 22:27:30,573 - Agent - INFO - [37mVal Epoch 113 step 113 with [31mpx_total : 0.149550 [31mtotal : 0.149550 
2025-11-23 22:28:55,597 - Agent - INFO - [37mVal Epoch 114 step 114 with [31mpx_total : 0.148998 [31mtotal : 0.148998 
2025-11-23 22:30:20,155 - Agent - INFO - [37mVal Epoch 115 step 115 with [31mpx_total : 0.149016 [31mtotal : 0.149016 
2025-11-23 22:31:44,221 - Agent - INFO - [37mVal Epoch 116 step 116 with [31mpx_total : 0.147200 [31mtotal : 0.147200 
2025-11-23 22:33:07,436 - Agent - INFO - [37mVal Epoch 117 step 117 with [31mpx_total : 0.149925 [31mtotal : 0.149925 
2025-11-23 22:34:31,619 - Agent - INFO - [37mVal Epoch 118 step 118 with [31mpx_total : 0.147330 [31mtotal : 0.147330 
2025-11-23 22:35:55,294 - Agent - INFO - [37mVal Epoch 119 step 119 with [31mpx_total : 0.147752 [31mtotal : 0.147752 

Pair                         dist_corr             cka      cosine_sim   cca_mean_corr procrustes_disp
------------------------------------------------------------------------------------------------------
z1_vs_z2                        0.1358         0.1136         0.3664         0.9873         0.8658
z1_vs_~z                        0.2537         0.2516         0.7932         0.9358         0.7939
z2_vs_~z                        0.4062         0.2805         0.3950         0.9776         0.5783
------------------------------------------------------------------------------------------------------
2025-11-23 22:37:48,804 - Agent - INFO - [37mVal Epoch 120 step 120 with [31mpx_total : 0.149397 [31mtotal : 0.149397 
2025-11-23 22:39:13,279 - Agent - INFO - [37mVal Epoch 121 step 121 with [31mpx_total : 0.146745 [31mtotal : 0.146745 
2025-11-23 22:40:38,727 - Agent - INFO - [37mVal Epoch 122 step 122 with [31mpx_total : 0.147720 [31mtotal : 0.147720 
2025-11-23 22:42:02,214 - Agent - INFO - [37mVal Epoch 123 step 123 with [31mpx_total : 0.146583 [31mtotal : 0.146583 
2025-11-23 22:43:25,705 - Agent - INFO - [37mVal Epoch 124 step 124 with [31mpx_total : 0.146970 [31mtotal : 0.146970 
2025-11-23 22:44:49,847 - Agent - INFO - [37mVal Epoch 125 step 125 with [31mpx_total : 0.147223 [31mtotal : 0.147223 
2025-11-23 22:46:14,754 - Agent - INFO - [37mVal Epoch 126 step 126 with [31mpx_total : 0.147137 [31mtotal : 0.147137 
2025-11-23 22:47:39,220 - Agent - INFO - [37mVal Epoch 127 step 127 with [31mpx_total : 0.147144 [31mtotal : 0.147144 
2025-11-23 22:49:02,444 - Agent - INFO - [37mVal Epoch 128 step 128 with [31mpx_total : 0.147994 [31mtotal : 0.147994 
2025-11-23 22:50:26,682 - Agent - INFO - [37mVal Epoch 129 step 129 with [31mpx_total : 0.151965 [31mtotal : 0.151965 

Pair                         dist_corr             cka      cosine_sim   cca_mean_corr procrustes_disp
------------------------------------------------------------------------------------------------------
z1_vs_z2                        0.1358         0.1136         0.3664         0.9873         0.8658
z1_vs_~z                        0.2695         0.2695         0.7990         0.9418         0.7807
z2_vs_~z                        0.4328         0.2707         0.3970         0.9803         0.5497
------------------------------------------------------------------------------------------------------
2025-11-23 22:52:22,676 - Agent - INFO - [37mVal Epoch 130 step 130 with [31mpx_total : 0.140352 [31mtotal : 0.140352 
2025-11-23 22:52:22,996 - Agent - INFO - [37mModel saved successfully at: /esat/smcdata/users/kkontras/Image_Dataset/no_backup/data/2025_data/synergy/Synprom_IB_genVAEOSfold0_lib0.01_perturbgen_lr0.001_wd1e-5_clsmlp.pth.tar[39m
2025-11-23 22:53:47,812 - Agent - INFO - [37mVal Epoch 131 step 131 with [31mpx_total : 0.143322 [31mtotal : 0.143322 
2025-11-23 22:55:12,650 - Agent - INFO - [37mVal Epoch 132 step 132 with [31mpx_total : 0.144376 [31mtotal : 0.144376 
2025-11-23 22:56:36,900 - Agent - INFO - [37mVal Epoch 133 step 133 with [31mpx_total : 0.149046 [31mtotal : 0.149046 
2025-11-23 22:58:00,521 - Agent - INFO - [37mVal Epoch 134 step 134 with [31mpx_total : 0.151396 [31mtotal : 0.151396 
2025-11-23 22:59:23,367 - Agent - INFO - [37mVal Epoch 135 step 135 with [31mpx_total : 0.144163 [31mtotal : 0.144163 
2025-11-23 23:00:46,122 - Agent - INFO - [37mVal Epoch 136 step 136 with [31mpx_total : 0.146589 [31mtotal : 0.146589 
2025-11-23 23:02:10,927 - Agent - INFO - [37mVal Epoch 137 step 137 with [31mpx_total : 0.156931 [31mtotal : 0.156931 
2025-11-23 23:03:35,262 - Agent - INFO - [37mVal Epoch 138 step 138 with [31mpx_total : 0.144118 [31mtotal : 0.144118 
2025-11-23 23:04:58,541 - Agent - INFO - [37mVal Epoch 139 step 139 with [31mpx_total : 0.144194 [31mtotal : 0.144194 

Pair                         dist_corr             cka      cosine_sim   cca_mean_corr procrustes_disp
------------------------------------------------------------------------------------------------------
z1_vs_z2                        0.1358         0.1136         0.3664         0.9873         0.8658
z1_vs_~z                        0.2382         0.2394         0.7923         0.9329         0.8005
z2_vs_~z                        0.3375         0.2135         0.3953         0.9725         0.6227
------------------------------------------------------------------------------------------------------
2025-11-23 23:06:59,466 - Agent - INFO - [37mVal Epoch 140 step 140 with [31mpx_total : 0.150945 [31mtotal : 0.150945 
2025-11-23 23:08:25,700 - Agent - INFO - [37mVal Epoch 141 step 141 with [31mpx_total : 0.143568 [31mtotal : 0.143568 
2025-11-23 23:09:49,648 - Agent - INFO - [37mVal Epoch 142 step 142 with [31mpx_total : 0.142063 [31mtotal : 0.142063 
2025-11-23 23:11:15,468 - Agent - INFO - [37mVal Epoch 143 step 143 with [31mpx_total : 0.151184 [31mtotal : 0.151184 
2025-11-23 23:12:40,649 - Agent - INFO - [37mVal Epoch 144 step 144 with [31mpx_total : 0.143844 [31mtotal : 0.143844 
2025-11-23 23:14:05,346 - Agent - INFO - [37mVal Epoch 145 step 145 with [31mpx_total : 0.143182 [31mtotal : 0.143182 
2025-11-23 23:15:30,773 - Agent - INFO - [37mVal Epoch 146 step 146 with [31mpx_total : 0.146522 [31mtotal : 0.146522 
2025-11-23 23:16:53,926 - Agent - INFO - [37mVal Epoch 147 step 147 with [31mpx_total : 0.147685 [31mtotal : 0.147685 
2025-11-23 23:18:18,299 - Agent - INFO - [37mVal Epoch 148 step 148 with [31mpx_total : 0.157042 [31mtotal : 0.157042 
2025-11-23 23:19:41,905 - Agent - INFO - [37mVal Epoch 149 step 149 with [31mpx_total : 0.146231 [31mtotal : 0.146231 

Pair                         dist_corr             cka      cosine_sim   cca_mean_corr procrustes_disp
------------------------------------------------------------------------------------------------------
z1_vs_z2                        0.1358         0.1136         0.3664         0.9873         0.8658
z1_vs_~z                        0.2605         0.2596         0.7987         0.9381         0.7904
z2_vs_~z                        0.4272         0.2912         0.3971         0.9780         0.5553
------------------------------------------------------------------------------------------------------
2025-11-23 23:21:41,181 - Agent - INFO - [37mVal Epoch 150 step 150 with [31mpx_total : 0.143805 [31mtotal : 0.143805 
2025-11-23 23:23:06,966 - Agent - INFO - [37mVal Epoch 151 step 151 with [31mpx_total : 0.146250 [31mtotal : 0.146250 
2025-11-23 23:24:31,026 - Agent - INFO - [37mVal Epoch 152 step 152 with [31mpx_total : 0.144365 [31mtotal : 0.144365 
2025-11-23 23:25:53,305 - Agent - INFO - [37mVal Epoch 153 step 153 with [31mpx_total : 0.148365 [31mtotal : 0.148365 
2025-11-23 23:27:16,504 - Agent - INFO - [37mVal Epoch 154 step 154 with [31mpx_total : 0.146926 [31mtotal : 0.146926 
2025-11-23 23:28:40,117 - Agent - INFO - [37mVal Epoch 155 step 155 with [31mpx_total : 0.151839 [31mtotal : 0.151839 
2025-11-23 23:30:04,952 - Agent - INFO - [37mVal Epoch 156 step 156 with [31mpx_total : 0.150453 [31mtotal : 0.150453 
2025-11-23 23:31:28,479 - Agent - INFO - [37mVal Epoch 157 step 157 with [31mpx_total : 0.146652 [31mtotal : 0.146652 
2025-11-23 23:32:51,135 - Agent - INFO - [37mVal Epoch 158 step 158 with [31mpx_total : 0.147957 [31mtotal : 0.147957 
2025-11-23 23:34:15,071 - Agent - INFO - [37mVal Epoch 159 step 159 with [31mpx_total : 0.146997 [31mtotal : 0.146997 

Pair                         dist_corr             cka      cosine_sim   cca_mean_corr procrustes_disp
------------------------------------------------------------------------------------------------------
z1_vs_z2                        0.1358         0.1136         0.3664         0.9873         0.8658
z1_vs_~z                        0.2572         0.2480         0.7917         0.9308         0.7954
z2_vs_~z                        0.4374         0.3244         0.3943         0.9729         0.5677
------------------------------------------------------------------------------------------------------
2025-11-23 23:36:10,428 - Agent - INFO - [37mVal Epoch 160 step 160 with [31mpx_total : 0.153900 [31mtotal : 0.153900 
2025-11-23 23:37:34,191 - Agent - INFO - [37mVal Epoch 161 step 161 with [31mpx_total : 0.143338 [31mtotal : 0.143338 
2025-11-23 23:38:56,422 - Agent - INFO - [37mVal Epoch 162 step 162 with [31mpx_total : 0.146721 [31mtotal : 0.146721 
2025-11-23 23:40:19,947 - Agent - INFO - [37mVal Epoch 163 step 163 with [31mpx_total : 0.144329 [31mtotal : 0.144329 
2025-11-23 23:41:44,366 - Agent - INFO - [37mVal Epoch 164 step 164 with [31mpx_total : 0.152457 [31mtotal : 0.152457 
2025-11-23 23:43:07,006 - Agent - INFO - [37mVal Epoch 165 step 165 with [31mpx_total : 0.155391 [31mtotal : 0.155391 
2025-11-23 23:44:30,256 - Agent - INFO - [37mVal Epoch 166 step 166 with [31mpx_total : 0.152181 [31mtotal : 0.152181 
2025-11-23 23:45:54,338 - Agent - INFO - [37mVal Epoch 167 step 167 with [31mpx_total : 0.148353 [31mtotal : 0.148353 
2025-11-23 23:47:18,199 - Agent - INFO - [37mVal Epoch 168 step 168 with [31mpx_total : 0.144756 [31mtotal : 0.144756 
2025-11-23 23:48:42,642 - Agent - INFO - [37mVal Epoch 169 step 169 with [31mpx_total : 0.152053 [31mtotal : 0.152053 

Pair                         dist_corr             cka      cosine_sim   cca_mean_corr procrustes_disp
------------------------------------------------------------------------------------------------------
z1_vs_z2                        0.1358         0.1136         0.3664         0.9873         0.8658
z1_vs_~z                        0.2545         0.2574         0.7962         0.9331         0.7961
z2_vs_~z                        0.4128         0.2369         0.3953         0.9746         0.5706
------------------------------------------------------------------------------------------------------
2025-11-23 23:50:40,390 - Agent - INFO - [37mVal Epoch 170 step 170 with [31mpx_total : 0.147194 [31mtotal : 0.147194 
2025-11-23 23:52:05,939 - Agent - INFO - [37mVal Epoch 171 step 171 with [31mpx_total : 0.148524 [31mtotal : 0.148524 
2025-11-23 23:53:28,905 - Agent - INFO - [37mVal Epoch 172 step 172 with [31mpx_total : 0.143579 [31mtotal : 0.143579 
2025-11-23 23:54:53,904 - Agent - INFO - [37mVal Epoch 173 step 173 with [31mpx_total : 0.145420 [31mtotal : 0.145420 
2025-11-23 23:56:18,101 - Agent - INFO - [37mVal Epoch 174 step 174 with [31mpx_total : 0.143202 [31mtotal : 0.143202 
2025-11-23 23:57:42,844 - Agent - INFO - [37mVal Epoch 175 step 175 with [31mpx_total : 0.152097 [31mtotal : 0.152097 
2025-11-23 23:59:08,303 - Agent - INFO - [37mVal Epoch 176 step 176 with [31mpx_total : 0.147083 [31mtotal : 0.147083 
2025-11-24 00:00:31,807 - Agent - INFO - [37mVal Epoch 177 step 177 with [31mpx_total : 0.147980 [31mtotal : 0.147980 
2025-11-24 00:01:55,368 - Agent - INFO - [37mVal Epoch 178 step 178 with [31mpx_total : 0.144296 [31mtotal : 0.144296 
2025-11-24 00:03:18,567 - Agent - INFO - [37mVal Epoch 179 step 179 with [31mpx_total : 0.150272 [31mtotal : 0.150272 

Pair                         dist_corr             cka      cosine_sim   cca_mean_corr procrustes_disp
------------------------------------------------------------------------------------------------------
z1_vs_z2                        0.1358         0.1136         0.3664         0.9873         0.8658
z1_vs_~z                        0.2569         0.2530         0.7977         0.9461         0.7922
z2_vs_~z                        0.3936         0.2481         0.3971         0.9773         0.5829
------------------------------------------------------------------------------------------------------
2025-11-24 00:05:11,779 - Agent - INFO - [37mVal Epoch 180 step 180 with [31mpx_total : 0.145003 [31mtotal : 0.145003 
2025-11-24 00:06:35,581 - Agent - INFO - [37mVal Epoch 181 step 181 with [31mpx_total : 0.150845 [31mtotal : 0.150845 
2025-11-24 00:08:00,107 - Agent - INFO - [37mVal Epoch 182 step 182 with [31mpx_total : 0.151596 [31mtotal : 0.151596 
2025-11-24 00:09:24,733 - Agent - INFO - [37mVal Epoch 183 step 183 with [31mpx_total : 0.146375 [31mtotal : 0.146375 
2025-11-24 00:10:47,562 - Agent - INFO - [37mVal Epoch 184 step 184 with [31mpx_total : 0.148547 [31mtotal : 0.148547 
2025-11-24 00:12:10,234 - Agent - INFO - [37mVal Epoch 185 step 185 with [31mpx_total : 0.145480 [31mtotal : 0.145480 
2025-11-24 00:13:33,501 - Agent - INFO - [37mVal Epoch 186 step 186 with [31mpx_total : 0.149615 [31mtotal : 0.149615 
2025-11-24 00:14:57,268 - Agent - INFO - [37mVal Epoch 187 step 187 with [31mpx_total : 0.146618 [31mtotal : 0.146618 
2025-11-24 00:16:20,582 - Agent - INFO - [37mVal Epoch 188 step 188 with [31mpx_total : 0.146858 [31mtotal : 0.146858 
2025-11-24 00:17:45,342 - Agent - INFO - [37mVal Epoch 189 step 189 with [31mpx_total : 0.147809 [31mtotal : 0.147809 

Pair                         dist_corr             cka      cosine_sim   cca_mean_corr procrustes_disp
------------------------------------------------------------------------------------------------------
z1_vs_z2                        0.1358         0.1136         0.3664         0.9873         0.8658
z1_vs_~z                        0.2602         0.2514         0.8014         0.9406         0.7962
z2_vs_~z                        0.4198         0.3172         0.3978         0.9762         0.5709
------------------------------------------------------------------------------------------------------
2025-11-24 00:19:45,331 - Agent - INFO - [37mVal Epoch 190 step 190 with [31mpx_total : 0.144876 [31mtotal : 0.144876 
2025-11-24 00:21:10,232 - Agent - INFO - [37mVal Epoch 191 step 191 with [31mpx_total : 0.147999 [31mtotal : 0.147999 
2025-11-24 00:22:33,077 - Agent - INFO - [37mVal Epoch 192 step 192 with [31mpx_total : 0.146490 [31mtotal : 0.146490 
2025-11-24 00:23:57,334 - Agent - INFO - [37mVal Epoch 193 step 193 with [31mpx_total : 0.145734 [31mtotal : 0.145734 
2025-11-24 00:25:21,088 - Agent - INFO - [37mVal Epoch 194 step 194 with [31mpx_total : 0.147592 [31mtotal : 0.147592 
2025-11-24 00:26:44,930 - Agent - INFO - [37mVal Epoch 195 step 195 with [31mpx_total : 0.142541 [31mtotal : 0.142541 
2025-11-24 00:28:08,912 - Agent - INFO - [37mVal Epoch 196 step 196 with [31mpx_total : 0.149940 [31mtotal : 0.149940 
2025-11-24 00:29:32,801 - Agent - INFO - [37mVal Epoch 197 step 197 with [31mpx_total : 0.148584 [31mtotal : 0.148584 
2025-11-24 00:30:56,997 - Agent - INFO - [37mVal Epoch 198 step 198 with [31mpx_total : 0.150122 [31mtotal : 0.150122 
2025-11-24 00:32:19,636 - Agent - INFO - [37mVal Epoch 199 step 199 with [31mpx_total : 0.146426 [31mtotal : 0.146426 

Pair                         dist_corr             cka      cosine_sim   cca_mean_corr procrustes_disp
------------------------------------------------------------------------------------------------------
z1_vs_z2                        0.1358         0.1136         0.3664         0.9873         0.8658
z1_vs_~z                        0.2530         0.2545         0.7898         0.9314         0.7964
z2_vs_~z                        0.3858         0.2690         0.3927         0.9731         0.5909
------------------------------------------------------------------------------------------------------
2025-11-24 00:34:06,091 - Agent - INFO - [37mVal Epoch 200 step 200 with [31mpx_total : 0.150743 [31mtotal : 0.150743 
2025-11-24 00:35:31,828 - Agent - INFO - [37mVal Epoch 201 step 201 with [31mpx_total : 0.143206 [31mtotal : 0.143206 
2025-11-24 00:36:55,341 - Agent - INFO - [37mVal Epoch 202 step 202 with [31mpx_total : 0.144961 [31mtotal : 0.144961 
2025-11-24 00:38:21,176 - Agent - INFO - [37mVal Epoch 203 step 203 with [31mpx_total : 0.146729 [31mtotal : 0.146729 
2025-11-24 00:39:44,363 - Agent - INFO - [37mVal Epoch 204 step 204 with [31mpx_total : 0.147676 [31mtotal : 0.147676 
2025-11-24 00:41:07,895 - Agent - INFO - [37mVal Epoch 205 step 205 with [31mpx_total : 0.149086 [31mtotal : 0.149086 
2025-11-24 00:42:31,714 - Agent - INFO - [37mVal Epoch 206 step 206 with [31mpx_total : 0.146086 [31mtotal : 0.146086 
2025-11-24 00:43:55,402 - Agent - INFO - [37mVal Epoch 207 step 207 with [31mpx_total : 0.146846 [31mtotal : 0.146846 
2025-11-24 00:45:18,061 - Agent - INFO - [37mVal Epoch 208 step 208 with [31mpx_total : 0.145033 [31mtotal : 0.145033 
2025-11-24 00:46:41,921 - Agent - INFO - [37mVal Epoch 209 step 209 with [31mpx_total : 0.143543 [31mtotal : 0.143543 

Pair                         dist_corr             cka      cosine_sim   cca_mean_corr procrustes_disp
------------------------------------------------------------------------------------------------------
z1_vs_z2                        0.1358         0.1136         0.3664         0.9873         0.8658
z1_vs_~z                        0.2691         0.2582         0.7909         0.9334         0.7897
z2_vs_~z                        0.3869         0.2747         0.3943         0.9697         0.5983
------------------------------------------------------------------------------------------------------
2025-11-24 00:48:48,177 - Agent - INFO - [37mVal Epoch 210 step 210 with [31mpx_total : 0.152052 [31mtotal : 0.152052 
2025-11-24 00:50:13,651 - Agent - INFO - [37mVal Epoch 211 step 211 with [31mpx_total : 0.147171 [31mtotal : 0.147171 
2025-11-24 00:51:39,028 - Agent - INFO - [37mVal Epoch 212 step 212 with [31mpx_total : 0.143919 [31mtotal : 0.143919 
2025-11-24 00:53:02,827 - Agent - INFO - [37mVal Epoch 213 step 213 with [31mpx_total : 0.150883 [31mtotal : 0.150883 
2025-11-24 00:54:27,368 - Agent - INFO - [37mVal Epoch 214 step 214 with [31mpx_total : 0.146919 [31mtotal : 0.146919 
2025-11-24 00:55:51,144 - Agent - INFO - [37mVal Epoch 215 step 215 with [31mpx_total : 0.143445 [31mtotal : 0.143445 
2025-11-24 00:57:15,931 - Agent - INFO - [37mVal Epoch 216 step 216 with [31mpx_total : 0.148499 [31mtotal : 0.148499 
2025-11-24 00:58:40,671 - Agent - INFO - [37mVal Epoch 217 step 217 with [31mpx_total : 0.147822 [31mtotal : 0.147822 
2025-11-24 01:00:05,498 - Agent - INFO - [37mVal Epoch 218 step 218 with [31mpx_total : 0.146897 [31mtotal : 0.146897 
2025-11-24 01:01:30,722 - Agent - INFO - [37mVal Epoch 219 step 219 with [31mpx_total : 0.147264 [31mtotal : 0.147264 

Pair                         dist_corr             cka      cosine_sim   cca_mean_corr procrustes_disp
------------------------------------------------------------------------------------------------------
z1_vs_z2                        0.1358         0.1136         0.3664         0.9873         0.8658
z1_vs_~z                        0.2631         0.2653         0.7952         0.9362         0.7887
z2_vs_~z                        0.3923         0.2723         0.3952         0.9748         0.5908
------------------------------------------------------------------------------------------------------
2025-11-24 01:03:24,663 - Agent - INFO - [37mVal Epoch 220 step 220 with [31mpx_total : 0.145800 [31mtotal : 0.145800 
2025-11-24 01:04:49,723 - Agent - INFO - [37mVal Epoch 221 step 221 with [31mpx_total : 0.146910 [31mtotal : 0.146910 
2025-11-24 01:06:13,708 - Agent - INFO - [37mVal Epoch 222 step 222 with [31mpx_total : 0.147626 [31mtotal : 0.147626 
2025-11-24 01:07:38,034 - Agent - INFO - [37mVal Epoch 223 step 223 with [31mpx_total : 0.147276 [31mtotal : 0.147276 
2025-11-24 01:09:02,657 - Agent - INFO - [37mVal Epoch 224 step 224 with [31mpx_total : 0.145927 [31mtotal : 0.145927 
2025-11-24 01:10:26,647 - Agent - INFO - [37mVal Epoch 225 step 225 with [31mpx_total : 0.146867 [31mtotal : 0.146867 
2025-11-24 01:11:50,674 - Agent - INFO - [37mVal Epoch 226 step 226 with [31mpx_total : 0.146715 [31mtotal : 0.146715 
2025-11-24 01:13:14,868 - Agent - INFO - [37mVal Epoch 227 step 227 with [31mpx_total : 0.146222 [31mtotal : 0.146222 
2025-11-24 01:14:39,471 - Agent - INFO - [37mVal Epoch 228 step 228 with [31mpx_total : 0.144506 [31mtotal : 0.144506 
2025-11-24 01:16:02,497 - Agent - INFO - [37mVal Epoch 229 step 229 with [31mpx_total : 0.148721 [31mtotal : 0.148721 
2025-11-24 01:16:04,792 - Agent - INFO - We are in the final state.
2025-11-24 01:16:04,881 - root - INFO - Loaded best model from /esat/smcdata/users/kkontras/Image_Dataset/no_backup/data/2025_data/synergy/Synprom_IB_genVAEOSfold0_lib0.01_perturbgen_lr0.001_wd1e-5_clsmlp.pth.tar
2025-11-24 01:16:19,546 - Agent - INFO - [37mVal Epoch 229 step 0 with [31mpx_total : 0.140178 [31mtotal : 0.140178 

Pair                         dist_corr             cka      cosine_sim   cca_mean_corr procrustes_disp
------------------------------------------------------------------------------------------------------
z1_vs_z2                        0.0052         0.0510         0.3621         0.9842         0.9155
z1_vs_~z                        0.1584         0.1581         0.7908         0.9356         0.9051
z2_vs_~z                        0.4267         0.3327         0.3913         0.9841         0.5240
------------------------------------------------------------------------------------------------------
2025-11-24 01:17:03,845 - Agent - INFO - [37mTest Epoch 229 step 0 with [31mpx_total : 0.188398 [31mtotal : 0.188398 
2025-11-24 01:17:04,557 - Agent - INFO - [37mModel saved successfully at: /esat/smcdata/users/kkontras/Image_Dataset/no_backup/data/2025_data/synergy/Synprom_IB_genVAEOSfold0_lib0.01_perturbgen_lr0.001_wd1e-5_clsmlp.pth.tar[39m
[1;34mwandb[0m: 
[1;34mwandb[0m: 🚀 View run [33mSynprom_IB_genVAEOSfold0_lib0.01_perturbgen_lr0.001_wd1e-5_clsmlp[0m at: [34m[0m
[1;34mwandb[0m: Find logs at: [1;35mwandb/run-20251123_194232-gb2jpsy4/logs[0m
Job finished
