000 (007.007.000) 2025-11-23 17:36:53 Job submitted from host: <10.87.28.3:9618?addrs=10.87.28.3-9618&alias=deanston.esat.kuleuven.be&noUDP&sock=schedd_1644_39c9>
...
001 (007.007.000) 2025-11-23 20:37:11 Job executing on host: <10.87.28.117:9618?addrs=10.87.28.117-9618&alias=stadius-nc-4.esat.kuleuven.be&noUDP&sock=startd_3356_83ed>
	SlotName: slot1_2@stadius-nc-4.esat.kuleuven.be
	AvailableGPUs = { GPUs_GPU_8c3c8db2 }
	CondorScratchDir = "/volume1/condor/execute/dir_37076"
	Cpus = 8
	Disk = 1050150
	GPUs = 1
	GPUs_GPU_8c3c8db2 = [ Id = "GPU-8c3c8db2"; ClockMhz = 1545.0; Capability = 7.5; CoresPerCU = 64; DeviceName = "NVIDIA GeForce RTX 2080 Ti"; DeviceUuid = "8c3c8db2-06a6-9e0e-a6ee-a948fb2f7f27"; ECCEnabled = false; ComputeUnits = 68; NvidiaDriver = "570.153.02"; DriverVersion = 12.8; DevicePciBusId = "0000:5B:00.0"; GlobalMemoryMb = 10823; MaxSupportedVersion = 12080 ]
	Memory = 71680
...
006 (007.007.000) 2025-11-23 20:37:20 Image size of job updated: 543760
	532  -  MemoryUsage of job (MB)
	543760  -  ResidentSetSize of job (KB)
...
006 (007.007.000) 2025-11-23 20:42:21 Image size of job updated: 3588592
	3340  -  MemoryUsage of job (MB)
	3419648  -  ResidentSetSize of job (KB)
...
006 (007.007.000) 2025-11-23 20:47:21 Image size of job updated: 3830932
	3340  -  MemoryUsage of job (MB)
	3419648  -  ResidentSetSize of job (KB)
...
006 (007.007.000) 2025-11-23 20:57:22 Image size of job updated: 3830932
	3353  -  MemoryUsage of job (MB)
	3432476  -  ResidentSetSize of job (KB)
...
006 (007.007.000) 2025-11-23 21:02:22 Image size of job updated: 3830932
	3369  -  MemoryUsage of job (MB)
	3449548  -  ResidentSetSize of job (KB)
...
006 (007.007.000) 2025-11-23 21:22:25 Image size of job updated: 3830932
	3378  -  MemoryUsage of job (MB)
	3458360  -  ResidentSetSize of job (KB)
...
006 (007.007.000) 2025-11-23 21:47:27 Image size of job updated: 3830932
	3592  -  MemoryUsage of job (MB)
	3677376  -  ResidentSetSize of job (KB)
...
006 (007.007.000) 2025-11-23 22:27:31 Image size of job updated: 3900420
	3592  -  MemoryUsage of job (MB)
	3677376  -  ResidentSetSize of job (KB)
...
006 (007.007.000) 2025-11-23 22:32:31 Image size of job updated: 3905116
	3592  -  MemoryUsage of job (MB)
	3677376  -  ResidentSetSize of job (KB)
...
006 (007.007.000) 2025-11-23 22:52:34 Image size of job updated: 3983888
	3642  -  MemoryUsage of job (MB)
	3729308  -  ResidentSetSize of job (KB)
...
006 (007.007.000) 2025-11-23 22:57:34 Image size of job updated: 4108540
	3642  -  MemoryUsage of job (MB)
	3729308  -  ResidentSetSize of job (KB)
...
005 (007.007.000) 2025-11-23 23:35:32 Job terminated.
	(1) Normal termination (return value 0)
		Usr 0 17:03:00, Sys 0 00:35:51  -  Run Remote Usage
		Usr 0 00:00:00, Sys 0 00:00:00  -  Run Local Usage
		Usr 0 17:03:00, Sys 0 00:35:51  -  Total Remote Usage
		Usr 0 00:00:00, Sys 0 00:00:00  -  Total Local Usage
	0  -  Run Bytes Sent By Job
	0  -  Run Bytes Received By Job
	0  -  Total Bytes Sent By Job
	0  -  Total Bytes Received By Job
	Partitionable Resources :    Usage  Request Allocated Assigned
	   Cpus                 :     5.96        8         8 
	   Disk (KB)            :     2     1048576   1050150 
	   GPUs                 :     0.25        1         1 "GPU-8c3c8db2"
	   GpusMemory (MB)      :  4131                       
	   Memory (MB)          :  3642       71680     71680 
	   TimeExecute (s)      : 10701                       
	   TimeSlotBusy (s)     : 10701                       
...
