Starting Job
/esat/smcdata/users/kkontras/Image_Dataset/no_backup/git/Synergy/train.py
/esat/smcdata/users/kkontras/Image_Dataset/no_backup/envs/synergy_new/bin/python
Python 3.10.19
/esat/smcdata/users/kkontras/Image_Dataset/no_backup/git/Synergy
We have 1 GPU
/esat/smcdata/users/kkontras/Image_Dataset/no_backup/git/Synergy/train.py
config-./configs/CREMA_D/synergy/nov/synprom_generatorVAEOneSide.json
Executing command: accelerate launch /esat/smcdata/users/kkontras/Image_Dataset/no_backup/git/Synergy/train.py --config ./configs/CREMA_D/synergy/nov/synprom_generatorVAEOneSide.json --default_config ./configs/CREMA_D/default_config_cremad_res_syn.json --fold 0 --lr 0.001 --wd 1e-4 --perturb gen --start_over  --cls mlp --lib 0.1
Namespace(config='./configs/CREMA_D/synergy/nov/synprom_generatorVAEOneSide.json', default_config='./configs/CREMA_D/default_config_cremad_res_syn.json', fold='0', alpha=None, tanh_mode=None, tanh_mode_beta=None, regby=None, clip=None, batch_size=None, l=None, multil=None, l_diffsq=None, lib='0.1', ratio_us=None, ratio_snr=None, kmepoch=None, num_samples=None, pow=None, nstep=None, contrcoeff=None, kde_coeff=None, etube=None, temperature=None, contr_type=None, shuffle_type=None, validate_with=None, transform_type=None, trasform_before=None, num_classes=None, base_alpha=None, alpha_var=None, base_beta=None, beta_var=None, optim_method=None, ilr_c=None, ilr_g=None, mmcosine_scaling=None, ending_epoch=None, load_ongoing=None, commonlayers=None, recon_weight1=None, recon_weight2=None, recon_epochstages=None, recon_ensemblestages=None, lr='0.001', wd='1e-4', mm=None, cls='mlp', perturb='gen', pre=False, frozen=False, tdqm_disable=False, start_over=True)
2025-11-23 20:37:30,403 - Config - INFO - ./configs/CREMA_D/synergy/nov/synprom_generatorVAEOneSide.json
2025-11-23 20:37:30,405 - Config - INFO -  THE Configuration of your experiment ..
{'agent': 'Agent',
 'dataset': {'data_roots': '/esat/smcdata/users/kkontras/Image_Dataset/no_backup/CremaD/CREMA-D',
             'data_split': {'fold': 0, 'method': 'non_inclusive'},
             'dataloader_class': 'CramedD_Dataloader',
             'fps': 1,
             'norm': False,
             'norm_face_path': './mydatasets/CREMAD/norm_face_path_fold{}.pkl',
             'norm_wav_path': './mydatasets/CREMAD/wav_norm_16000_fold{}.pkl',
             'num_frame': 3,
             'return_data': {'audio': False,
                             'face': False,
                             'spectrogram': True,
                             'video': True},
             'sampling_rate': 22050},
 'early_stopping': {'end_of_epoch_check': True,
                    'log_interval': 10,
                    'max_epoch': 1500,
                    'n_steps_stop': 100,
                    'n_steps_stop_after': 0,
                    'save_every_step': 3000,
                    'save_every_valstep': 10,
                    'validate_after': 0,
                    'validate_every': 25,
                    'validate_with': 'loss'},
 'exp_name': 'CREMAD Experiment',
 'model': {'args': {'bias_infusion': {'ending_epoch': 1500,
                                      'l': 0.1,
                                      'method': 'false',
                                      'plot': False,
                                      'starting_epoch': 0,
                                      'use': True},
                    'clip_grad': False,
                    'cls_type': 'linear',
                    'd_model': 512,
                    'dropout': 0.1,
                    'fc_inner': 64,
                    'multi_loss': {'multi_supervised_w': {'c': 0,
                                                          'combined': 1,
                                                          'g': 0}},
                    'num_classes': 6,
                    'swap_direction': True},
           'encoders': [{'args': {'d_model': 512,
                                  'dropout': 0.1,
                                  'fc_inner': 64,
                                  'freeze_encoder': True,
                                  'num_classes': 6},
                         'model': 'Audio_ResNet',
                         'pretrainedEncoder': {'dir': 'unimodal_audio_fold{}_lr0.001_wd0.0001.pth.tar',
                                               'use': True}},
                        {'args': {'d_model': 512,
                                  'dropout': 0.1,
                                  'fc_inner': 64,
                                  'freeze_encoder': True,
                                  'num_classes': 6},
                         'model': 'Video_ResNet',
                         'pretrainedEncoder': {'dir': 'unimodal_video_fold{}_lr0.001_wd0.0001.pth.tar',
                                               'use': True}},
                        {'args': {'dim_in': 512,
                                  'dim_out': 512,
                                  'hidden': 512,
                                  'latent_dim': 64},
                         'model': 'SimpleVAEZ2toZ1OneSide',
                         'pretrainedEncoder': {'dir': '', 'use': False},
                         'save_encoder': True}],
           'load_ongoing': False,
           'model_class': 'Model_GeneratorVAEOneSide',
           'save_base_dir': '/esat/smcdata/users/kkontras/Image_Dataset/no_backup/data/2025_data/synergy',
           'save_dir': 'Synprom_IB_genVAEOS{}.pth.tar'},
 'optimizer': {'beta1': 0.9,
               'beta2': 0.999,
               'learning_rate': 1e-05,
               'momentum': 0.9,
               'type': 'Adam',
               'weight_decay': 1e-05},
 'scheduler': {'max_lr': 0.03, 'type': 'cosanneal', 'warm_up_steps': 780},
 'task': 'generative',
 'training_params': {'adversarial_training': {'adv_epsilon': 0.01,
                                              'use': False},
                     'async_loading': True,
                     'batch_size': 128,
                     'cuda': True,
                     'data_loader_workers': 8,
                     'gpu_device': [0],
                     'pin_memory': False,
                     'rec_test': False,
                     'res': True,
                     'seed': 109,
                     'tdqm_disable': False,
                     'test_batch_size': 128,
                     'test_on_bottoms': False,
                     'use_test_set': True,
                     'validation': True,
                     'verbose': True,
                     'wandb_disable': False}}
2025-11-23 20:37:30,408 - Config - INFO -  *************************************** 
2025-11-23 20:37:30,408 - Config - INFO - The experiment name is CREMAD Experiment
2025-11-23 20:37:30,408 - Config - INFO -  *************************************** 
2025-11-23 20:37:30,408 - root - INFO - save_dir: Synprom_IB_genVAEOSfold0_lib0.1_perturbgen_lr0.001_wd1e-4_clsmlp.pth.tar
2025-11-23 20:37:30,452 - Cuda Statistics - INFO - __Python VERSION:  3.10.19 (main, Oct 21 2025, 16:43:05) [GCC 11.2.0]
2025-11-23 20:37:30,452 - Cuda Statistics - INFO - __pyTorch VERSION:  2.6.0+cu124
2025-11-23 20:37:30,452 - Cuda Statistics - INFO - __CUDA VERSION
2025-11-23 20:37:30,454 - Cuda Statistics - INFO - __CUDNN VERSION:  90100
2025-11-23 20:37:30,467 - Cuda Statistics - INFO - __Number CUDA Devices:  1
2025-11-23 20:37:30,467 - Cuda Statistics - INFO - __Devices
2025-11-23 20:37:30,467 - Cuda Statistics - INFO - index, name, driver_version, memory.total [MiB], memory.used [MiB], memory.free [MiB]
2025-11-23 20:37:30,467 - Cuda Statistics - INFO - 0, NVIDIA GeForce RTX 2080 Ti, 570.153.02, 11264 MiB, 4 MiB, 10820 MiB
2025-11-23 20:37:30,472 - Cuda Statistics - INFO - Active CUDA Device: GPU 0
2025-11-23 20:37:30,472 - Cuda Statistics - INFO - Available devices  1
2025-11-23 20:37:30,472 - Cuda Statistics - INFO - Current cuda device  0
This path does not exist /esat/smcdata/users/kkontras/Image_Dataset/no_backup/CremaD/CREMA-D/AudioWAV/1076_MTI_SAD_XX.wav or /esat/smcdata/users/kkontras/Image_Dataset/no_backup/CremaD/CREMA-D/Image-01-FPS/1076_MTI_SAD_XX or /esat/smcdata/users/kkontras/Image_Dataset/no_backup/CremaD/CREMA-D/Face_features/1076_MTI_SAD_XX.npy
2025-11-23 20:37:31,317 - root - INFO - Loaded wav norm from ./mydatasets/CREMAD/wav_norm_16000_fold0.pkl
2025-11-23 20:37:31,319 - root - INFO - Norm values are {'mean': tensor(-2.7937e-05), 'std': tensor(0.0613), 'max_duration': 4.8715625}
2025-11-23 20:37:31,431 - root - INFO - Loaded wav norm from ./mydatasets/CREMAD/wav_norm_16000_fold0.pkl
2025-11-23 20:37:31,432 - root - INFO - Norm values are {'mean': tensor(-2.7937e-05), 'std': tensor(0.0613), 'max_duration': 4.8715625}
2025-11-23 20:37:31,737 - root - INFO - Loaded wav norm from ./mydatasets/CREMAD/wav_norm_16000_fold0.pkl
2025-11-23 20:37:31,738 - root - INFO - Norm values are {'mean': tensor(-2.7937e-05), 'std': tensor(0.0613), 'max_duration': 4.8715625}
Available cores 8
We are changing dataloader workers to num of cores 0
2025-11-23 20:37:31,738 - Agent - INFO - Device: cuda:0
2025-11-23 20:37:31,739 - Agent - INFO - Total training batches: 32, validate every 25 batches, steps per epoch: 2
2025-11-23 20:37:33,291 - Agent - INFO - Loss Weights are {'total': 1, 'combined': 1, 'c': 0, 'g': 0}
2025-11-23 20:37:33,534 - root - INFO - Loading enc best model state dict from /esat/smcdata/users/kkontras/Image_Dataset/no_backup/data/2025_data/synergy/unimodal_audio_fold0_lr0.001_wd0.0001.pth.tar
2025-11-23 20:37:33,863 - root - INFO - Loading enc best model state dict from /esat/smcdata/users/kkontras/Image_Dataset/no_backup/data/2025_data/synergy/unimodal_video_fold0_lr0.001_wd0.0001.pth.tar
2025-11-23 20:37:33,880 - Agent - INFO - Freezing encoder enc_0
2025-11-23 20:37:33,880 - Agent - INFO - Freezing encoder enc_1
2025-11-23 20:37:34,074 - Agent - INFO - Total number of trainable parameters are: 23502476
2025-11-23 20:37:34,081 - Agent - INFO - Total number of trainable parameters are: 1149568
2025-11-23 20:38:55,807 - Agent - INFO - [37mVal Epoch 1 step 1 with [31mpx_total : 0.178490 [31mtotal : 0.178490 
2025-11-23 20:38:56,035 - Agent - INFO - [37mModel saved successfully at: /esat/smcdata/users/kkontras/Image_Dataset/no_backup/data/2025_data/synergy/Synprom_IB_genVAEOSfold0_lib0.1_perturbgen_lr0.001_wd1e-4_clsmlp.pth.tar[39m
2025-11-23 20:40:12,113 - Agent - INFO - [37mVal Epoch 2 step 2 with [31mpx_total : 0.173402 [31mtotal : 0.173402 
2025-11-23 20:40:12,412 - Agent - INFO - [37mModel saved successfully at: /esat/smcdata/users/kkontras/Image_Dataset/no_backup/data/2025_data/synergy/Synprom_IB_genVAEOSfold0_lib0.1_perturbgen_lr0.001_wd1e-4_clsmlp.pth.tar[39m
2025-11-23 20:41:27,647 - Agent - INFO - [37mVal Epoch 3 step 3 with [31mpx_total : 0.163968 [31mtotal : 0.163968 
2025-11-23 20:41:28,014 - Agent - INFO - [37mModel saved successfully at: /esat/smcdata/users/kkontras/Image_Dataset/no_backup/data/2025_data/synergy/Synprom_IB_genVAEOSfold0_lib0.1_perturbgen_lr0.001_wd1e-4_clsmlp.pth.tar[39m
2025-11-23 20:42:45,411 - Agent - INFO - [37mVal Epoch 4 step 4 with [31mpx_total : 0.158267 [31mtotal : 0.158267 
2025-11-23 20:42:45,738 - Agent - INFO - [37mModel saved successfully at: /esat/smcdata/users/kkontras/Image_Dataset/no_backup/data/2025_data/synergy/Synprom_IB_genVAEOSfold0_lib0.1_perturbgen_lr0.001_wd1e-4_clsmlp.pth.tar[39m
2025-11-23 20:44:01,564 - Agent - INFO - [37mVal Epoch 5 step 5 with [31mpx_total : 0.150600 [31mtotal : 0.150600 
2025-11-23 20:44:01,886 - Agent - INFO - [37mModel saved successfully at: /esat/smcdata/users/kkontras/Image_Dataset/no_backup/data/2025_data/synergy/Synprom_IB_genVAEOSfold0_lib0.1_perturbgen_lr0.001_wd1e-4_clsmlp.pth.tar[39m
2025-11-23 20:45:17,730 - Agent - INFO - [37mVal Epoch 6 step 6 with [31mpx_total : 0.145970 [31mtotal : 0.145970 
2025-11-23 20:45:18,050 - Agent - INFO - [37mModel saved successfully at: /esat/smcdata/users/kkontras/Image_Dataset/no_backup/data/2025_data/synergy/Synprom_IB_genVAEOSfold0_lib0.1_perturbgen_lr0.001_wd1e-4_clsmlp.pth.tar[39m
2025-11-23 20:46:34,965 - Agent - INFO - [37mVal Epoch 7 step 7 with [31mpx_total : 0.150538 [31mtotal : 0.150538 
2025-11-23 20:47:49,969 - Agent - INFO - [37mVal Epoch 8 step 8 with [31mpx_total : 0.147901 [31mtotal : 0.147901 
2025-11-23 20:49:05,477 - Agent - INFO - [37mVal Epoch 9 step 9 with [31mpx_total : 0.148043 [31mtotal : 0.148043 

Pair                         dist_corr             cka      cosine_sim   cca_mean_corr procrustes_disp
------------------------------------------------------------------------------------------------------
z1_vs_z2                        0.1358         0.1136         0.3664         0.9873         0.8658
z1_vs_~z                        0.2579         0.2423         0.8005         0.9823         0.8008
z2_vs_~z                        0.4698         0.2366         0.3999         0.9849         0.5589
------------------------------------------------------------------------------------------------------
2025-11-23 20:50:44,682 - Agent - INFO - [37mVal Epoch 10 step 10 with [31mpx_total : 0.147959 [31mtotal : 0.147959 
2025-11-23 20:51:59,800 - Agent - INFO - [37mVal Epoch 11 step 11 with [31mpx_total : 0.142163 [31mtotal : 0.142163 
2025-11-23 20:52:00,204 - Agent - INFO - [37mModel saved successfully at: /esat/smcdata/users/kkontras/Image_Dataset/no_backup/data/2025_data/synergy/Synprom_IB_genVAEOSfold0_lib0.1_perturbgen_lr0.001_wd1e-4_clsmlp.pth.tar[39m
2025-11-23 20:53:15,257 - Agent - INFO - [37mVal Epoch 12 step 12 with [31mpx_total : 0.146167 [31mtotal : 0.146167 
2025-11-23 20:54:29,334 - Agent - INFO - [37mVal Epoch 13 step 13 with [31mpx_total : 0.148693 [31mtotal : 0.148693 
2025-11-23 20:55:43,543 - Agent - INFO - [37mVal Epoch 14 step 14 with [31mpx_total : 0.141256 [31mtotal : 0.141256 
2025-11-23 20:55:43,861 - Agent - INFO - [37mModel saved successfully at: /esat/smcdata/users/kkontras/Image_Dataset/no_backup/data/2025_data/synergy/Synprom_IB_genVAEOSfold0_lib0.1_perturbgen_lr0.001_wd1e-4_clsmlp.pth.tar[39m
2025-11-23 20:56:58,527 - Agent - INFO - [37mVal Epoch 15 step 15 with [31mpx_total : 0.146279 [31mtotal : 0.146279 
2025-11-23 20:58:14,549 - Agent - INFO - [37mVal Epoch 16 step 16 with [31mpx_total : 0.145515 [31mtotal : 0.145515 
2025-11-23 20:59:31,825 - Agent - INFO - [37mVal Epoch 17 step 17 with [31mpx_total : 0.148154 [31mtotal : 0.148154 
2025-11-23 21:00:48,598 - Agent - INFO - [37mVal Epoch 18 step 18 with [31mpx_total : 0.144980 [31mtotal : 0.144980 
2025-11-23 21:02:07,165 - Agent - INFO - [37mVal Epoch 19 step 19 with [31mpx_total : 0.148414 [31mtotal : 0.148414 

Pair                         dist_corr             cka      cosine_sim   cca_mean_corr procrustes_disp
------------------------------------------------------------------------------------------------------
z1_vs_z2                        0.1358         0.1136         0.3664         0.9873         0.8658
z1_vs_~z                        0.2612         0.2515         0.7970         0.9759         0.7944
z2_vs_~z                        0.4328         0.2683         0.3946         0.9856         0.5656
------------------------------------------------------------------------------------------------------
2025-11-23 21:03:53,361 - Agent - INFO - [37mVal Epoch 20 step 20 with [31mpx_total : 0.146291 [31mtotal : 0.146291 
2025-11-23 21:05:11,500 - Agent - INFO - [37mVal Epoch 21 step 21 with [31mpx_total : 0.151734 [31mtotal : 0.151734 
2025-11-23 21:06:29,913 - Agent - INFO - [37mVal Epoch 22 step 22 with [31mpx_total : 0.150015 [31mtotal : 0.150015 
2025-11-23 21:07:45,236 - Agent - INFO - [37mVal Epoch 23 step 23 with [31mpx_total : 0.142933 [31mtotal : 0.142933 
2025-11-23 21:09:01,200 - Agent - INFO - [37mVal Epoch 24 step 24 with [31mpx_total : 0.147586 [31mtotal : 0.147586 
2025-11-23 21:10:17,143 - Agent - INFO - [37mVal Epoch 25 step 25 with [31mpx_total : 0.147513 [31mtotal : 0.147513 
2025-11-23 21:11:33,099 - Agent - INFO - [37mVal Epoch 26 step 26 with [31mpx_total : 0.146587 [31mtotal : 0.146587 
2025-11-23 21:12:47,705 - Agent - INFO - [37mVal Epoch 27 step 27 with [31mpx_total : 0.148844 [31mtotal : 0.148844 
2025-11-23 21:14:02,567 - Agent - INFO - [37mVal Epoch 28 step 28 with [31mpx_total : 0.149058 [31mtotal : 0.149058 
2025-11-23 21:15:17,858 - Agent - INFO - [37mVal Epoch 29 step 29 with [31mpx_total : 0.148642 [31mtotal : 0.148642 

Pair                         dist_corr             cka      cosine_sim   cca_mean_corr procrustes_disp
------------------------------------------------------------------------------------------------------
z1_vs_z2                        0.1358         0.1136         0.3664         0.9873         0.8658
z1_vs_~z                        0.2400         0.2443         0.7974         0.9743         0.8047
z2_vs_~z                        0.4433         0.2942         0.3963         0.9871         0.5595
------------------------------------------------------------------------------------------------------
2025-11-23 21:17:07,826 - Agent - INFO - [37mVal Epoch 30 step 30 with [31mpx_total : 0.147844 [31mtotal : 0.147844 
2025-11-23 21:18:24,256 - Agent - INFO - [37mVal Epoch 31 step 31 with [31mpx_total : 0.148071 [31mtotal : 0.148071 
2025-11-23 21:19:42,049 - Agent - INFO - [37mVal Epoch 32 step 32 with [31mpx_total : 0.154470 [31mtotal : 0.154470 
2025-11-23 21:21:00,066 - Agent - INFO - [37mVal Epoch 33 step 33 with [31mpx_total : 0.144731 [31mtotal : 0.144731 
2025-11-23 21:22:16,757 - Agent - INFO - [37mVal Epoch 34 step 34 with [31mpx_total : 0.144381 [31mtotal : 0.144381 
2025-11-23 21:23:32,342 - Agent - INFO - [37mVal Epoch 35 step 35 with [31mpx_total : 0.140343 [31mtotal : 0.140343 
2025-11-23 21:23:32,756 - Agent - INFO - [37mModel saved successfully at: /esat/smcdata/users/kkontras/Image_Dataset/no_backup/data/2025_data/synergy/Synprom_IB_genVAEOSfold0_lib0.1_perturbgen_lr0.001_wd1e-4_clsmlp.pth.tar[39m
2025-11-23 21:24:49,712 - Agent - INFO - [37mVal Epoch 36 step 36 with [31mpx_total : 0.141839 [31mtotal : 0.141839 
2025-11-23 21:26:06,349 - Agent - INFO - [37mVal Epoch 37 step 37 with [31mpx_total : 0.145589 [31mtotal : 0.145589 
2025-11-23 21:27:22,079 - Agent - INFO - [37mVal Epoch 38 step 38 with [31mpx_total : 0.142746 [31mtotal : 0.142746 
2025-11-23 21:28:37,283 - Agent - INFO - [37mVal Epoch 39 step 39 with [31mpx_total : 0.146693 [31mtotal : 0.146693 

Pair                         dist_corr             cka      cosine_sim   cca_mean_corr procrustes_disp
------------------------------------------------------------------------------------------------------
z1_vs_z2                        0.1358         0.1136         0.3664         0.9873         0.8658
z1_vs_~z                        0.2605         0.2417         0.7996         0.9718         0.8022
z2_vs_~z                        0.4422         0.2856         0.3956         0.9870         0.5542
------------------------------------------------------------------------------------------------------
2025-11-23 21:30:32,271 - Agent - INFO - [37mVal Epoch 40 step 40 with [31mpx_total : 0.148303 [31mtotal : 0.148303 
2025-11-23 21:31:47,568 - Agent - INFO - [37mVal Epoch 41 step 41 with [31mpx_total : 0.143600 [31mtotal : 0.143600 
2025-11-23 21:33:02,757 - Agent - INFO - [37mVal Epoch 42 step 42 with [31mpx_total : 0.144519 [31mtotal : 0.144519 
2025-11-23 21:34:20,005 - Agent - INFO - [37mVal Epoch 43 step 43 with [31mpx_total : 0.150468 [31mtotal : 0.150468 
2025-11-23 21:35:37,376 - Agent - INFO - [37mVal Epoch 44 step 44 with [31mpx_total : 0.149980 [31mtotal : 0.149980 
2025-11-23 21:36:53,900 - Agent - INFO - [37mVal Epoch 45 step 45 with [31mpx_total : 0.147791 [31mtotal : 0.147791 
2025-11-23 21:38:09,877 - Agent - INFO - [37mVal Epoch 46 step 46 with [31mpx_total : 0.146868 [31mtotal : 0.146868 
2025-11-23 21:39:26,009 - Agent - INFO - [37mVal Epoch 47 step 47 with [31mpx_total : 0.150959 [31mtotal : 0.150959 
2025-11-23 21:40:41,671 - Agent - INFO - [37mVal Epoch 48 step 48 with [31mpx_total : 0.148275 [31mtotal : 0.148275 
2025-11-23 21:41:59,386 - Agent - INFO - [37mVal Epoch 49 step 49 with [31mpx_total : 0.149115 [31mtotal : 0.149115 

Pair                         dist_corr             cka      cosine_sim   cca_mean_corr procrustes_disp
------------------------------------------------------------------------------------------------------
z1_vs_z2                        0.1358         0.1136         0.3664         0.9873         0.8658
z1_vs_~z                        0.2541         0.2576         0.7960         0.9750         0.7942
z2_vs_~z                        0.4520         0.3007         0.3968         0.9884         0.5535
------------------------------------------------------------------------------------------------------
2025-11-23 21:43:50,885 - Agent - INFO - [37mVal Epoch 50 step 50 with [31mpx_total : 0.148328 [31mtotal : 0.148328 
2025-11-23 21:45:06,929 - Agent - INFO - [37mVal Epoch 51 step 51 with [31mpx_total : 0.145420 [31mtotal : 0.145420 
2025-11-23 21:46:22,063 - Agent - INFO - [37mVal Epoch 52 step 52 with [31mpx_total : 0.149116 [31mtotal : 0.149116 
2025-11-23 21:47:36,714 - Agent - INFO - [37mVal Epoch 53 step 53 with [31mpx_total : 0.147729 [31mtotal : 0.147729 
2025-11-23 21:48:51,617 - Agent - INFO - [37mVal Epoch 54 step 54 with [31mpx_total : 0.144046 [31mtotal : 0.144046 
2025-11-23 21:50:07,081 - Agent - INFO - [37mVal Epoch 55 step 55 with [31mpx_total : 0.145378 [31mtotal : 0.145378 
2025-11-23 21:51:22,055 - Agent - INFO - [37mVal Epoch 56 step 56 with [31mpx_total : 0.148726 [31mtotal : 0.148726 
2025-11-23 21:52:38,613 - Agent - INFO - [37mVal Epoch 57 step 57 with [31mpx_total : 0.146997 [31mtotal : 0.146997 
2025-11-23 21:53:53,007 - Agent - INFO - [37mVal Epoch 58 step 58 with [31mpx_total : 0.146271 [31mtotal : 0.146271 
2025-11-23 21:55:09,158 - Agent - INFO - [37mVal Epoch 59 step 59 with [31mpx_total : 0.149897 [31mtotal : 0.149897 

Pair                         dist_corr             cka      cosine_sim   cca_mean_corr procrustes_disp
------------------------------------------------------------------------------------------------------
z1_vs_z2                        0.1358         0.1136         0.3664         0.9873         0.8658
z1_vs_~z                        0.2373         0.2473         0.7957         0.9737         0.8013
z2_vs_~z                        0.4361         0.2874         0.3961         0.9888         0.5619
------------------------------------------------------------------------------------------------------
2025-11-23 21:56:53,538 - Agent - INFO - [37mVal Epoch 60 step 60 with [31mpx_total : 0.148068 [31mtotal : 0.148068 
2025-11-23 21:58:11,959 - Agent - INFO - [37mVal Epoch 61 step 61 with [31mpx_total : 0.147241 [31mtotal : 0.147241 
2025-11-23 21:59:28,475 - Agent - INFO - [37mVal Epoch 62 step 62 with [31mpx_total : 0.147052 [31mtotal : 0.147052 
2025-11-23 22:00:44,917 - Agent - INFO - [37mVal Epoch 63 step 63 with [31mpx_total : 0.147553 [31mtotal : 0.147553 
2025-11-23 22:02:03,236 - Agent - INFO - [37mVal Epoch 64 step 64 with [31mpx_total : 0.151351 [31mtotal : 0.151351 
2025-11-23 22:03:21,145 - Agent - INFO - [37mVal Epoch 65 step 65 with [31mpx_total : 0.143294 [31mtotal : 0.143294 
2025-11-23 22:04:39,372 - Agent - INFO - [37mVal Epoch 66 step 66 with [31mpx_total : 0.146528 [31mtotal : 0.146528 
2025-11-23 22:05:56,547 - Agent - INFO - [37mVal Epoch 67 step 67 with [31mpx_total : 0.142668 [31mtotal : 0.142668 
2025-11-23 22:07:13,363 - Agent - INFO - [37mVal Epoch 68 step 68 with [31mpx_total : 0.151194 [31mtotal : 0.151194 
2025-11-23 22:08:28,566 - Agent - INFO - [37mVal Epoch 69 step 69 with [31mpx_total : 0.146817 [31mtotal : 0.146817 

Pair                         dist_corr             cka      cosine_sim   cca_mean_corr procrustes_disp
------------------------------------------------------------------------------------------------------
z1_vs_z2                        0.1358         0.1136         0.3664         0.9873         0.8658
z1_vs_~z                        0.2465         0.2480         0.7970         0.9679         0.8008
z2_vs_~z                        0.4356         0.2786         0.3946         0.9841         0.5661
------------------------------------------------------------------------------------------------------
2025-11-23 22:10:10,364 - Agent - INFO - [37mVal Epoch 70 step 70 with [31mpx_total : 0.145650 [31mtotal : 0.145650 
2025-11-23 22:11:27,541 - Agent - INFO - [37mVal Epoch 71 step 71 with [31mpx_total : 0.145475 [31mtotal : 0.145475 
2025-11-23 22:12:43,640 - Agent - INFO - [37mVal Epoch 72 step 72 with [31mpx_total : 0.143206 [31mtotal : 0.143206 
2025-11-23 22:13:58,473 - Agent - INFO - [37mVal Epoch 73 step 73 with [31mpx_total : 0.149971 [31mtotal : 0.149971 
2025-11-23 22:15:12,798 - Agent - INFO - [37mVal Epoch 74 step 74 with [31mpx_total : 0.144800 [31mtotal : 0.144800 
2025-11-23 22:16:26,287 - Agent - INFO - [37mVal Epoch 75 step 75 with [31mpx_total : 0.148356 [31mtotal : 0.148356 
2025-11-23 22:17:40,464 - Agent - INFO - [37mVal Epoch 76 step 76 with [31mpx_total : 0.155158 [31mtotal : 0.155158 
2025-11-23 22:18:54,742 - Agent - INFO - [37mVal Epoch 77 step 77 with [31mpx_total : 0.152778 [31mtotal : 0.152778 
2025-11-23 22:20:13,106 - Agent - INFO - [37mVal Epoch 78 step 78 with [31mpx_total : 0.145558 [31mtotal : 0.145558 
2025-11-23 22:21:30,899 - Agent - INFO - [37mVal Epoch 79 step 79 with [31mpx_total : 0.146260 [31mtotal : 0.146260 

Pair                         dist_corr             cka      cosine_sim   cca_mean_corr procrustes_disp
------------------------------------------------------------------------------------------------------
z1_vs_z2                        0.1358         0.1136         0.3664         0.9873         0.8658
z1_vs_~z                        0.2198         0.2226         0.8085         0.9738         0.8181
z2_vs_~z                        0.4186         0.2426         0.3985         0.9882         0.5607
------------------------------------------------------------------------------------------------------
2025-11-23 22:23:16,750 - Agent - INFO - [37mVal Epoch 80 step 80 with [31mpx_total : 0.145195 [31mtotal : 0.145195 
2025-11-23 22:24:36,198 - Agent - INFO - [37mVal Epoch 81 step 81 with [31mpx_total : 0.143320 [31mtotal : 0.143320 
2025-11-23 22:25:51,306 - Agent - INFO - [37mVal Epoch 82 step 82 with [31mpx_total : 0.150589 [31mtotal : 0.150589 
2025-11-23 22:27:07,613 - Agent - INFO - [37mVal Epoch 83 step 83 with [31mpx_total : 0.148153 [31mtotal : 0.148153 
2025-11-23 22:28:23,113 - Agent - INFO - [37mVal Epoch 84 step 84 with [31mpx_total : 0.146191 [31mtotal : 0.146191 
2025-11-23 22:29:40,385 - Agent - INFO - [37mVal Epoch 85 step 85 with [31mpx_total : 0.153451 [31mtotal : 0.153451 
2025-11-23 22:30:58,572 - Agent - INFO - [37mVal Epoch 86 step 86 with [31mpx_total : 0.149880 [31mtotal : 0.149880 
2025-11-23 22:32:15,565 - Agent - INFO - [37mVal Epoch 87 step 87 with [31mpx_total : 0.153707 [31mtotal : 0.153707 
2025-11-23 22:33:30,648 - Agent - INFO - [37mVal Epoch 88 step 88 with [31mpx_total : 0.156070 [31mtotal : 0.156070 
2025-11-23 22:34:46,940 - Agent - INFO - [37mVal Epoch 89 step 89 with [31mpx_total : 0.143294 [31mtotal : 0.143294 

Pair                         dist_corr             cka      cosine_sim   cca_mean_corr procrustes_disp
------------------------------------------------------------------------------------------------------
z1_vs_z2                        0.1358         0.1136         0.3664         0.9873         0.8658
z1_vs_~z                        0.2330         0.2339         0.7977         0.9712         0.8071
z2_vs_~z                        0.4376         0.3311         0.3961         0.9869         0.5632
------------------------------------------------------------------------------------------------------
2025-11-23 22:36:33,544 - Agent - INFO - [37mVal Epoch 90 step 90 with [31mpx_total : 0.148420 [31mtotal : 0.148420 
2025-11-23 22:37:49,866 - Agent - INFO - [37mVal Epoch 91 step 91 with [31mpx_total : 0.142745 [31mtotal : 0.142745 
2025-11-23 22:39:04,753 - Agent - INFO - [37mVal Epoch 92 step 92 with [31mpx_total : 0.147012 [31mtotal : 0.147012 
2025-11-23 22:40:18,867 - Agent - INFO - [37mVal Epoch 93 step 93 with [31mpx_total : 0.143604 [31mtotal : 0.143604 
2025-11-23 22:41:33,138 - Agent - INFO - [37mVal Epoch 94 step 94 with [31mpx_total : 0.143656 [31mtotal : 0.143656 
2025-11-23 22:42:47,721 - Agent - INFO - [37mVal Epoch 95 step 95 with [31mpx_total : 0.149578 [31mtotal : 0.149578 
2025-11-23 22:44:02,660 - Agent - INFO - [37mVal Epoch 96 step 96 with [31mpx_total : 0.153101 [31mtotal : 0.153101 
2025-11-23 22:45:18,239 - Agent - INFO - [37mVal Epoch 97 step 97 with [31mpx_total : 0.152368 [31mtotal : 0.152368 
2025-11-23 22:46:32,879 - Agent - INFO - [37mVal Epoch 98 step 98 with [31mpx_total : 0.150966 [31mtotal : 0.150966 
2025-11-23 22:47:47,589 - Agent - INFO - [37mVal Epoch 99 step 99 with [31mpx_total : 0.145327 [31mtotal : 0.145327 

Pair                         dist_corr             cka      cosine_sim   cca_mean_corr procrustes_disp
------------------------------------------------------------------------------------------------------
z1_vs_z2                        0.1358         0.1136         0.3664         0.9873         0.8658
z1_vs_~z                        0.2227         0.2298         0.8009         0.9708         0.8127
z2_vs_~z                        0.4234         0.2363         0.3964         0.9890         0.5700
------------------------------------------------------------------------------------------------------
2025-11-23 22:49:35,136 - Agent - INFO - [37mVal Epoch 100 step 100 with [31mpx_total : 0.146584 [31mtotal : 0.146584 
2025-11-23 22:50:52,355 - Agent - INFO - [37mVal Epoch 101 step 101 with [31mpx_total : 0.148669 [31mtotal : 0.148669 
2025-11-23 22:52:08,963 - Agent - INFO - [37mVal Epoch 102 step 102 with [31mpx_total : 0.150561 [31mtotal : 0.150561 
2025-11-23 22:53:25,335 - Agent - INFO - [37mVal Epoch 103 step 103 with [31mpx_total : 0.143090 [31mtotal : 0.143090 
2025-11-23 22:54:41,283 - Agent - INFO - [37mVal Epoch 104 step 104 with [31mpx_total : 0.148576 [31mtotal : 0.148576 
2025-11-23 22:55:56,768 - Agent - INFO - [37mVal Epoch 105 step 105 with [31mpx_total : 0.149201 [31mtotal : 0.149201 
2025-11-23 22:57:13,896 - Agent - INFO - [37mVal Epoch 106 step 106 with [31mpx_total : 0.149849 [31mtotal : 0.149849 
2025-11-23 22:58:31,587 - Agent - INFO - [37mVal Epoch 107 step 107 with [31mpx_total : 0.149138 [31mtotal : 0.149138 
2025-11-23 22:59:48,279 - Agent - INFO - [37mVal Epoch 108 step 108 with [31mpx_total : 0.144471 [31mtotal : 0.144471 
2025-11-23 23:01:04,744 - Agent - INFO - [37mVal Epoch 109 step 109 with [31mpx_total : 0.143871 [31mtotal : 0.143871 

Pair                         dist_corr             cka      cosine_sim   cca_mean_corr procrustes_disp
------------------------------------------------------------------------------------------------------
z1_vs_z2                        0.1358         0.1136         0.3664         0.9873         0.8658
z1_vs_~z                        0.2405         0.2467         0.7934         0.9685         0.8000
z2_vs_~z                        0.4265         0.2864         0.3955         0.9847         0.5687
------------------------------------------------------------------------------------------------------
2025-11-23 23:02:46,379 - Agent - INFO - [37mVal Epoch 110 step 110 with [31mpx_total : 0.149901 [31mtotal : 0.149901 
2025-11-23 23:04:06,831 - Agent - INFO - [37mVal Epoch 111 step 111 with [31mpx_total : 0.148647 [31mtotal : 0.148647 
2025-11-23 23:05:23,705 - Agent - INFO - [37mVal Epoch 112 step 112 with [31mpx_total : 0.149336 [31mtotal : 0.149336 
2025-11-23 23:06:40,375 - Agent - INFO - [37mVal Epoch 113 step 113 with [31mpx_total : 0.149047 [31mtotal : 0.149047 
2025-11-23 23:07:56,085 - Agent - INFO - [37mVal Epoch 114 step 114 with [31mpx_total : 0.147469 [31mtotal : 0.147469 
2025-11-23 23:09:12,584 - Agent - INFO - [37mVal Epoch 115 step 115 with [31mpx_total : 0.148172 [31mtotal : 0.148172 
2025-11-23 23:10:28,913 - Agent - INFO - [37mVal Epoch 116 step 116 with [31mpx_total : 0.147148 [31mtotal : 0.147148 
2025-11-23 23:11:44,838 - Agent - INFO - [37mVal Epoch 117 step 117 with [31mpx_total : 0.150450 [31mtotal : 0.150450 
2025-11-23 23:13:01,880 - Agent - INFO - [37mVal Epoch 118 step 118 with [31mpx_total : 0.146714 [31mtotal : 0.146714 
2025-11-23 23:14:17,837 - Agent - INFO - [37mVal Epoch 119 step 119 with [31mpx_total : 0.147573 [31mtotal : 0.147573 

Pair                         dist_corr             cka      cosine_sim   cca_mean_corr procrustes_disp
------------------------------------------------------------------------------------------------------
z1_vs_z2                        0.1358         0.1136         0.3664         0.9873         0.8658
z1_vs_~z                        0.2421         0.2432         0.7943         0.9688         0.8005
z2_vs_~z                        0.4362         0.3009         0.3952         0.9877         0.5629
------------------------------------------------------------------------------------------------------
2025-11-23 23:16:09,609 - Agent - INFO - [37mVal Epoch 120 step 120 with [31mpx_total : 0.149606 [31mtotal : 0.149606 
2025-11-23 23:17:27,600 - Agent - INFO - [37mVal Epoch 121 step 121 with [31mpx_total : 0.147044 [31mtotal : 0.147044 
2025-11-23 23:18:43,600 - Agent - INFO - [37mVal Epoch 122 step 122 with [31mpx_total : 0.148037 [31mtotal : 0.148037 
2025-11-23 23:19:58,817 - Agent - INFO - [37mVal Epoch 123 step 123 with [31mpx_total : 0.146486 [31mtotal : 0.146486 
2025-11-23 23:21:14,453 - Agent - INFO - [37mVal Epoch 124 step 124 with [31mpx_total : 0.147642 [31mtotal : 0.147642 
2025-11-23 23:22:29,558 - Agent - INFO - [37mVal Epoch 125 step 125 with [31mpx_total : 0.147553 [31mtotal : 0.147553 
2025-11-23 23:23:44,797 - Agent - INFO - [37mVal Epoch 126 step 126 with [31mpx_total : 0.146860 [31mtotal : 0.146860 
2025-11-23 23:25:00,660 - Agent - INFO - [37mVal Epoch 127 step 127 with [31mpx_total : 0.147251 [31mtotal : 0.147251 
2025-11-23 23:26:16,298 - Agent - INFO - [37mVal Epoch 128 step 128 with [31mpx_total : 0.149394 [31mtotal : 0.149394 
2025-11-23 23:27:32,144 - Agent - INFO - [37mVal Epoch 129 step 129 with [31mpx_total : 0.147335 [31mtotal : 0.147335 

Pair                         dist_corr             cka      cosine_sim   cca_mean_corr procrustes_disp
------------------------------------------------------------------------------------------------------
z1_vs_z2                        0.1358         0.1136         0.3664         0.9873         0.8658
z1_vs_~z                        0.2521         0.2551         0.7983         0.9677         0.7875
z2_vs_~z                        0.4553         0.3131         0.3976         0.9860         0.5528
------------------------------------------------------------------------------------------------------
2025-11-23 23:29:21,872 - Agent - INFO - [37mVal Epoch 130 step 130 with [31mpx_total : 0.142869 [31mtotal : 0.142869 
2025-11-23 23:30:36,906 - Agent - INFO - [37mVal Epoch 131 step 131 with [31mpx_total : 0.145269 [31mtotal : 0.145269 
2025-11-23 23:31:51,112 - Agent - INFO - [37mVal Epoch 132 step 132 with [31mpx_total : 0.144523 [31mtotal : 0.144523 
2025-11-23 23:33:07,371 - Agent - INFO - [37mVal Epoch 133 step 133 with [31mpx_total : 0.151093 [31mtotal : 0.151093 
2025-11-23 23:34:24,021 - Agent - INFO - [37mVal Epoch 134 step 134 with [31mpx_total : 0.150100 [31mtotal : 0.150100 
2025-11-23 23:34:26,006 - Agent - INFO - We are in the final state.
2025-11-23 23:34:26,172 - root - INFO - Loaded best model from /esat/smcdata/users/kkontras/Image_Dataset/no_backup/data/2025_data/synergy/Synprom_IB_genVAEOSfold0_lib0.1_perturbgen_lr0.001_wd1e-4_clsmlp.pth.tar
2025-11-23 23:34:39,268 - Agent - INFO - [37mVal Epoch 134 step 0 with [31mpx_total : 0.140112 [31mtotal : 0.140112 

Pair                         dist_corr             cka      cosine_sim   cca_mean_corr procrustes_disp
------------------------------------------------------------------------------------------------------
z1_vs_z2                        0.0052         0.0510         0.3621         0.9842         0.9155
z1_vs_~z                        0.1462         0.1543         0.7997         0.9698         0.9095
z2_vs_~z                        0.4817         0.3322         0.3956         0.9895         0.5091
------------------------------------------------------------------------------------------------------
2025-11-23 23:35:27,480 - Agent - INFO - [37mTest Epoch 134 step 0 with [31mpx_total : 0.187121 [31mtotal : 0.187121 
2025-11-23 23:35:28,204 - Agent - INFO - [37mModel saved successfully at: /esat/smcdata/users/kkontras/Image_Dataset/no_backup/data/2025_data/synergy/Synprom_IB_genVAEOSfold0_lib0.1_perturbgen_lr0.001_wd1e-4_clsmlp.pth.tar[39m
[1;34mwandb[0m: 
[1;34mwandb[0m: 🚀 View run [33mSynprom_IB_genVAEOSfold0_lib0.1_perturbgen_lr0.001_wd1e-4_clsmlp[0m at: [34m[0m
[1;34mwandb[0m: Find logs at: [1;35mwandb/run-20251123_203732-fgg0joql/logs[0m
Job finished
