Starting Job
/esat/smcdata/users/kkontras/Image_Dataset/no_backup/git/Synergy/train.py
/esat/smcdata/users/kkontras/Image_Dataset/no_backup/envs/synergy_new/bin/python
Python 3.10.19
/esat/smcdata/users/kkontras/Image_Dataset/no_backup/git/Synergy
We have 1 GPU
/esat/smcdata/users/kkontras/Image_Dataset/no_backup/git/Synergy/train.py
config-./configs/CREMA_D/synergy/nov/synprom_generatorVAEOneSide.json
Executing command: accelerate launch /esat/smcdata/users/kkontras/Image_Dataset/no_backup/git/Synergy/train.py --config ./configs/CREMA_D/synergy/nov/synprom_generatorVAEOneSide.json --default_config ./configs/CREMA_D/default_config_cremad_res_syn.json --fold 0 --lr 0.0003 --wd 0.0 --perturb gen --start_over  --cls mlp --lib 1.0
Namespace(config='./configs/CREMA_D/synergy/nov/synprom_generatorVAEOneSide.json', default_config='./configs/CREMA_D/default_config_cremad_res_syn.json', fold='0', alpha=None, tanh_mode=None, tanh_mode_beta=None, regby=None, clip=None, batch_size=None, l=None, multil=None, l_diffsq=None, lib='1.0', ratio_us=None, ratio_snr=None, kmepoch=None, num_samples=None, pow=None, nstep=None, contrcoeff=None, kde_coeff=None, etube=None, temperature=None, contr_type=None, shuffle_type=None, validate_with=None, transform_type=None, trasform_before=None, num_classes=None, base_alpha=None, alpha_var=None, base_beta=None, beta_var=None, optim_method=None, ilr_c=None, ilr_g=None, mmcosine_scaling=None, ending_epoch=None, load_ongoing=None, commonlayers=None, recon_weight1=None, recon_weight2=None, recon_epochstages=None, recon_ensemblestages=None, lr='0.0003', wd='0.0', mm=None, cls='mlp', perturb='gen', pre=False, frozen=False, tdqm_disable=False, start_over=True)
2025-11-23 22:49:33,937 - Config - INFO - ./configs/CREMA_D/synergy/nov/synprom_generatorVAEOneSide.json
2025-11-23 22:49:33,939 - Config - INFO -  THE Configuration of your experiment ..
{'agent': 'Agent',
 'dataset': {'data_roots': '/esat/smcdata/users/kkontras/Image_Dataset/no_backup/CremaD/CREMA-D',
             'data_split': {'fold': 0, 'method': 'non_inclusive'},
             'dataloader_class': 'CramedD_Dataloader',
             'fps': 1,
             'norm': False,
             'norm_face_path': './mydatasets/CREMAD/norm_face_path_fold{}.pkl',
             'norm_wav_path': './mydatasets/CREMAD/wav_norm_16000_fold{}.pkl',
             'num_frame': 3,
             'return_data': {'audio': False,
                             'face': False,
                             'spectrogram': True,
                             'video': True},
             'sampling_rate': 22050},
 'early_stopping': {'end_of_epoch_check': True,
                    'log_interval': 10,
                    'max_epoch': 1500,
                    'n_steps_stop': 100,
                    'n_steps_stop_after': 0,
                    'save_every_step': 3000,
                    'save_every_valstep': 10,
                    'validate_after': 0,
                    'validate_every': 25,
                    'validate_with': 'loss'},
 'exp_name': 'CREMAD Experiment',
 'model': {'args': {'bias_infusion': {'ending_epoch': 1500,
                                      'l': 0.1,
                                      'method': 'false',
                                      'plot': False,
                                      'starting_epoch': 0,
                                      'use': True},
                    'clip_grad': False,
                    'cls_type': 'linear',
                    'd_model': 512,
                    'dropout': 0.1,
                    'fc_inner': 64,
                    'multi_loss': {'multi_supervised_w': {'c': 0,
                                                          'combined': 1,
                                                          'g': 0}},
                    'num_classes': 6,
                    'swap_direction': True},
           'encoders': [{'args': {'d_model': 512,
                                  'dropout': 0.1,
                                  'fc_inner': 64,
                                  'freeze_encoder': True,
                                  'num_classes': 6},
                         'model': 'Audio_ResNet',
                         'pretrainedEncoder': {'dir': 'unimodal_audio_fold{}_lr0.001_wd0.0001.pth.tar',
                                               'use': True}},
                        {'args': {'d_model': 512,
                                  'dropout': 0.1,
                                  'fc_inner': 64,
                                  'freeze_encoder': True,
                                  'num_classes': 6},
                         'model': 'Video_ResNet',
                         'pretrainedEncoder': {'dir': 'unimodal_video_fold{}_lr0.001_wd0.0001.pth.tar',
                                               'use': True}},
                        {'args': {'dim_in': 512,
                                  'dim_out': 512,
                                  'hidden': 512,
                                  'latent_dim': 64},
                         'model': 'SimpleVAEZ2toZ1OneSide',
                         'pretrainedEncoder': {'dir': '', 'use': False},
                         'save_encoder': True}],
           'load_ongoing': False,
           'model_class': 'Model_GeneratorVAEOneSide',
           'save_base_dir': '/esat/smcdata/users/kkontras/Image_Dataset/no_backup/data/2025_data/synergy',
           'save_dir': 'Synprom_IB_genVAEOS{}.pth.tar'},
 'optimizer': {'beta1': 0.9,
               'beta2': 0.999,
               'learning_rate': 1e-05,
               'momentum': 0.9,
               'type': 'Adam',
               'weight_decay': 1e-05},
 'scheduler': {'max_lr': 0.03, 'type': 'cosanneal', 'warm_up_steps': 780},
 'task': 'generative',
 'training_params': {'adversarial_training': {'adv_epsilon': 0.01,
                                              'use': False},
                     'async_loading': True,
                     'batch_size': 128,
                     'cuda': True,
                     'data_loader_workers': 8,
                     'gpu_device': [0],
                     'pin_memory': False,
                     'rec_test': False,
                     'res': True,
                     'seed': 109,
                     'tdqm_disable': False,
                     'test_batch_size': 128,
                     'test_on_bottoms': False,
                     'use_test_set': True,
                     'validation': True,
                     'verbose': True,
                     'wandb_disable': False}}
2025-11-23 22:49:33,942 - Config - INFO -  *************************************** 
2025-11-23 22:49:33,942 - Config - INFO - The experiment name is CREMAD Experiment
2025-11-23 22:49:33,942 - Config - INFO -  *************************************** 
2025-11-23 22:49:33,942 - root - INFO - save_dir: Synprom_IB_genVAEOSfold0_lib1.0_perturbgen_lr0.0003_wd0.0_clsmlp.pth.tar
2025-11-23 22:49:34,003 - Cuda Statistics - INFO - __Python VERSION:  3.10.19 (main, Oct 21 2025, 16:43:05) [GCC 11.2.0]
2025-11-23 22:49:34,003 - Cuda Statistics - INFO - __pyTorch VERSION:  2.6.0+cu124
2025-11-23 22:49:34,003 - Cuda Statistics - INFO - __CUDA VERSION
2025-11-23 22:49:34,005 - Cuda Statistics - INFO - __CUDNN VERSION:  90100
2025-11-23 22:49:34,043 - Cuda Statistics - INFO - __Number CUDA Devices:  1
2025-11-23 22:49:34,043 - Cuda Statistics - INFO - __Devices
2025-11-23 22:49:34,044 - Cuda Statistics - INFO - index, name, driver_version, memory.total [MiB], memory.used [MiB], memory.free [MiB]
2025-11-23 22:49:34,044 - Cuda Statistics - INFO - 0, NVIDIA GeForce RTX 3090, 580.105.08, 24576 MiB, 4 MiB, 24121 MiB
2025-11-23 22:49:34,047 - Cuda Statistics - INFO - Active CUDA Device: GPU 0
2025-11-23 22:49:34,048 - Cuda Statistics - INFO - Available devices  1
2025-11-23 22:49:34,048 - Cuda Statistics - INFO - Current cuda device  0
This path does not exist /esat/smcdata/users/kkontras/Image_Dataset/no_backup/CremaD/CREMA-D/AudioWAV/1076_MTI_SAD_XX.wav or /esat/smcdata/users/kkontras/Image_Dataset/no_backup/CremaD/CREMA-D/Image-01-FPS/1076_MTI_SAD_XX or /esat/smcdata/users/kkontras/Image_Dataset/no_backup/CremaD/CREMA-D/Face_features/1076_MTI_SAD_XX.npy
2025-11-23 22:49:35,886 - root - INFO - Loaded wav norm from ./mydatasets/CREMAD/wav_norm_16000_fold0.pkl
2025-11-23 22:49:35,889 - root - INFO - Norm values are {'mean': tensor(-2.7937e-05), 'std': tensor(0.0613), 'max_duration': 4.8715625}
2025-11-23 22:49:36,283 - root - INFO - Loaded wav norm from ./mydatasets/CREMAD/wav_norm_16000_fold0.pkl
2025-11-23 22:49:36,284 - root - INFO - Norm values are {'mean': tensor(-2.7937e-05), 'std': tensor(0.0613), 'max_duration': 4.8715625}
2025-11-23 22:49:36,726 - root - INFO - Loaded wav norm from ./mydatasets/CREMAD/wav_norm_16000_fold0.pkl
2025-11-23 22:49:36,727 - root - INFO - Norm values are {'mean': tensor(-2.7937e-05), 'std': tensor(0.0613), 'max_duration': 4.8715625}
Available cores 8
We are changing dataloader workers to num of cores 0
2025-11-23 22:49:36,728 - Agent - INFO - Device: cuda:0
2025-11-23 22:49:36,728 - Agent - INFO - Total training batches: 32, validate every 25 batches, steps per epoch: 2
2025-11-23 22:49:38,397 - Agent - INFO - Loss Weights are {'total': 1, 'combined': 1, 'c': 0, 'g': 0}
2025-11-23 22:49:38,672 - root - INFO - Loading enc best model state dict from /esat/smcdata/users/kkontras/Image_Dataset/no_backup/data/2025_data/synergy/unimodal_audio_fold0_lr0.001_wd0.0001.pth.tar
2025-11-23 22:49:38,992 - root - INFO - Loading enc best model state dict from /esat/smcdata/users/kkontras/Image_Dataset/no_backup/data/2025_data/synergy/unimodal_video_fold0_lr0.001_wd0.0001.pth.tar
2025-11-23 22:49:39,019 - Agent - INFO - Freezing encoder enc_0
2025-11-23 22:49:39,019 - Agent - INFO - Freezing encoder enc_1
2025-11-23 22:49:39,181 - Agent - INFO - Total number of trainable parameters are: 23502476
2025-11-23 22:49:39,187 - Agent - INFO - Total number of trainable parameters are: 1149568
2025-11-23 22:51:00,211 - Agent - INFO - [37mVal Epoch 1 step 1 with [31mpx_total : 0.183359 [31mtotal : 0.183359 
2025-11-23 22:51:00,404 - Agent - INFO - [37mModel saved successfully at: /esat/smcdata/users/kkontras/Image_Dataset/no_backup/data/2025_data/synergy/Synprom_IB_genVAEOSfold0_lib1.0_perturbgen_lr0.0003_wd0.0_clsmlp.pth.tar[39m
2025-11-23 22:52:19,681 - Agent - INFO - [37mVal Epoch 2 step 2 with [31mpx_total : 0.176602 [31mtotal : 0.176602 
2025-11-23 22:52:19,932 - Agent - INFO - [37mModel saved successfully at: /esat/smcdata/users/kkontras/Image_Dataset/no_backup/data/2025_data/synergy/Synprom_IB_genVAEOSfold0_lib1.0_perturbgen_lr0.0003_wd0.0_clsmlp.pth.tar[39m
2025-11-23 22:53:39,191 - Agent - INFO - [37mVal Epoch 3 step 3 with [31mpx_total : 0.175646 [31mtotal : 0.175646 
2025-11-23 22:53:39,438 - Agent - INFO - [37mModel saved successfully at: /esat/smcdata/users/kkontras/Image_Dataset/no_backup/data/2025_data/synergy/Synprom_IB_genVAEOSfold0_lib1.0_perturbgen_lr0.0003_wd0.0_clsmlp.pth.tar[39m
2025-11-23 22:54:58,646 - Agent - INFO - [37mVal Epoch 4 step 4 with [31mpx_total : 0.163640 [31mtotal : 0.163640 
2025-11-23 22:54:58,895 - Agent - INFO - [37mModel saved successfully at: /esat/smcdata/users/kkontras/Image_Dataset/no_backup/data/2025_data/synergy/Synprom_IB_genVAEOSfold0_lib1.0_perturbgen_lr0.0003_wd0.0_clsmlp.pth.tar[39m
2025-11-23 22:56:18,576 - Agent - INFO - [37mVal Epoch 5 step 5 with [31mpx_total : 0.154093 [31mtotal : 0.154093 
2025-11-23 22:56:18,825 - Agent - INFO - [37mModel saved successfully at: /esat/smcdata/users/kkontras/Image_Dataset/no_backup/data/2025_data/synergy/Synprom_IB_genVAEOSfold0_lib1.0_perturbgen_lr0.0003_wd0.0_clsmlp.pth.tar[39m
2025-11-23 22:57:37,877 - Agent - INFO - [37mVal Epoch 6 step 6 with [31mpx_total : 0.150072 [31mtotal : 0.150072 
2025-11-23 22:57:38,123 - Agent - INFO - [37mModel saved successfully at: /esat/smcdata/users/kkontras/Image_Dataset/no_backup/data/2025_data/synergy/Synprom_IB_genVAEOSfold0_lib1.0_perturbgen_lr0.0003_wd0.0_clsmlp.pth.tar[39m
2025-11-23 22:58:57,433 - Agent - INFO - [37mVal Epoch 7 step 7 with [31mpx_total : 0.149006 [31mtotal : 0.149006 
2025-11-23 22:58:57,680 - Agent - INFO - [37mModel saved successfully at: /esat/smcdata/users/kkontras/Image_Dataset/no_backup/data/2025_data/synergy/Synprom_IB_genVAEOSfold0_lib1.0_perturbgen_lr0.0003_wd0.0_clsmlp.pth.tar[39m
2025-11-23 23:00:16,965 - Agent - INFO - [37mVal Epoch 8 step 8 with [31mpx_total : 0.149655 [31mtotal : 0.149655 
2025-11-23 23:01:36,151 - Agent - INFO - [37mVal Epoch 9 step 9 with [31mpx_total : 0.144447 [31mtotal : 0.144447 
2025-11-23 23:01:36,398 - Agent - INFO - [37mModel saved successfully at: /esat/smcdata/users/kkontras/Image_Dataset/no_backup/data/2025_data/synergy/Synprom_IB_genVAEOSfold0_lib1.0_perturbgen_lr0.0003_wd0.0_clsmlp.pth.tar[39m

Pair                         dist_corr             cka      cosine_sim   cca_mean_corr procrustes_disp
------------------------------------------------------------------------------------------------------
z1_vs_z2                        0.1358         0.1136         0.3664         0.9873         0.8658
z1_vs_~z                        0.2726         0.2699         0.8026         0.9848         0.7896
z2_vs_~z                        0.4889         0.3713         0.3991         0.9859         0.5365
------------------------------------------------------------------------------------------------------
2025-11-23 23:03:14,557 - Agent - INFO - [37mVal Epoch 10 step 10 with [31mpx_total : 0.142259 [31mtotal : 0.142259 
2025-11-23 23:03:14,854 - Agent - INFO - [37mModel saved successfully at: /esat/smcdata/users/kkontras/Image_Dataset/no_backup/data/2025_data/synergy/Synprom_IB_genVAEOSfold0_lib1.0_perturbgen_lr0.0003_wd0.0_clsmlp.pth.tar[39m
2025-11-23 23:04:34,673 - Agent - INFO - [37mVal Epoch 11 step 11 with [31mpx_total : 0.145897 [31mtotal : 0.145897 
2025-11-23 23:05:54,061 - Agent - INFO - [37mVal Epoch 12 step 12 with [31mpx_total : 0.143270 [31mtotal : 0.143270 
2025-11-23 23:07:12,756 - Agent - INFO - [37mVal Epoch 13 step 13 with [31mpx_total : 0.142713 [31mtotal : 0.142713 
2025-11-23 23:08:32,795 - Agent - INFO - [37mVal Epoch 14 step 14 with [31mpx_total : 0.143535 [31mtotal : 0.143535 
2025-11-23 23:09:53,319 - Agent - INFO - [37mVal Epoch 15 step 15 with [31mpx_total : 0.146882 [31mtotal : 0.146882 
2025-11-23 23:11:14,486 - Agent - INFO - [37mVal Epoch 16 step 16 with [31mpx_total : 0.144970 [31mtotal : 0.144970 
2025-11-23 23:12:34,508 - Agent - INFO - [37mVal Epoch 17 step 17 with [31mpx_total : 0.141104 [31mtotal : 0.141104 
2025-11-23 23:12:34,759 - Agent - INFO - [37mModel saved successfully at: /esat/smcdata/users/kkontras/Image_Dataset/no_backup/data/2025_data/synergy/Synprom_IB_genVAEOSfold0_lib1.0_perturbgen_lr0.0003_wd0.0_clsmlp.pth.tar[39m
2025-11-23 23:13:55,701 - Agent - INFO - [37mVal Epoch 18 step 18 with [31mpx_total : 0.143806 [31mtotal : 0.143806 
2025-11-23 23:15:16,193 - Agent - INFO - [37mVal Epoch 19 step 19 with [31mpx_total : 0.141877 [31mtotal : 0.141877 

Pair                         dist_corr             cka      cosine_sim   cca_mean_corr procrustes_disp
------------------------------------------------------------------------------------------------------
z1_vs_z2                        0.1358         0.1136         0.3664         0.9873         0.8658
z1_vs_~z                        0.2663         0.2665         0.7977         0.9734         0.7831
z2_vs_~z                        0.4542         0.3181         0.3973         0.9870         0.5372
------------------------------------------------------------------------------------------------------
2025-11-23 23:16:53,982 - Agent - INFO - [37mVal Epoch 20 step 20 with [31mpx_total : 0.143169 [31mtotal : 0.143169 
2025-11-23 23:18:14,195 - Agent - INFO - [37mVal Epoch 21 step 21 with [31mpx_total : 0.145595 [31mtotal : 0.145595 
2025-11-23 23:19:33,474 - Agent - INFO - [37mVal Epoch 22 step 22 with [31mpx_total : 0.146963 [31mtotal : 0.146963 
2025-11-23 23:20:54,060 - Agent - INFO - [37mVal Epoch 23 step 23 with [31mpx_total : 0.143325 [31mtotal : 0.143325 
2025-11-23 23:22:13,677 - Agent - INFO - [37mVal Epoch 24 step 24 with [31mpx_total : 0.146906 [31mtotal : 0.146906 
2025-11-23 23:23:32,230 - Agent - INFO - [37mVal Epoch 25 step 25 with [31mpx_total : 0.144856 [31mtotal : 0.144856 
2025-11-23 23:24:51,574 - Agent - INFO - [37mVal Epoch 26 step 26 with [31mpx_total : 0.144985 [31mtotal : 0.144985 
2025-11-23 23:26:12,436 - Agent - INFO - [37mVal Epoch 27 step 27 with [31mpx_total : 0.143787 [31mtotal : 0.143787 
2025-11-23 23:27:32,077 - Agent - INFO - [37mVal Epoch 28 step 28 with [31mpx_total : 0.147762 [31mtotal : 0.147762 
2025-11-23 23:28:51,088 - Agent - INFO - [37mVal Epoch 29 step 29 with [31mpx_total : 0.147909 [31mtotal : 0.147909 

Pair                         dist_corr             cka      cosine_sim   cca_mean_corr procrustes_disp
------------------------------------------------------------------------------------------------------
z1_vs_z2                        0.1358         0.1136         0.3664         0.9873         0.8658
z1_vs_~z                        0.2446         0.2492         0.7981         0.9701         0.7999
z2_vs_~z                        0.4410         0.3134         0.3964         0.9883         0.5482
------------------------------------------------------------------------------------------------------
2025-11-23 23:30:30,504 - Agent - INFO - [37mVal Epoch 30 step 30 with [31mpx_total : 0.146463 [31mtotal : 0.146463 
2025-11-23 23:31:49,734 - Agent - INFO - [37mVal Epoch 31 step 31 with [31mpx_total : 0.147145 [31mtotal : 0.147145 
2025-11-23 23:33:09,791 - Agent - INFO - [37mVal Epoch 32 step 32 with [31mpx_total : 0.147913 [31mtotal : 0.147913 
2025-11-23 23:34:30,320 - Agent - INFO - [37mVal Epoch 33 step 33 with [31mpx_total : 0.146983 [31mtotal : 0.146983 
2025-11-23 23:35:49,078 - Agent - INFO - [37mVal Epoch 34 step 34 with [31mpx_total : 0.143962 [31mtotal : 0.143962 
2025-11-23 23:37:07,919 - Agent - INFO - [37mVal Epoch 35 step 35 with [31mpx_total : 0.143391 [31mtotal : 0.143391 
2025-11-23 23:38:28,124 - Agent - INFO - [37mVal Epoch 36 step 36 with [31mpx_total : 0.141526 [31mtotal : 0.141526 
2025-11-23 23:39:48,065 - Agent - INFO - [37mVal Epoch 37 step 37 with [31mpx_total : 0.145479 [31mtotal : 0.145479 
2025-11-23 23:41:06,935 - Agent - INFO - [37mVal Epoch 38 step 38 with [31mpx_total : 0.147108 [31mtotal : 0.147108 
2025-11-23 23:42:27,355 - Agent - INFO - [37mVal Epoch 39 step 39 with [31mpx_total : 0.144727 [31mtotal : 0.144727 

Pair                         dist_corr             cka      cosine_sim   cca_mean_corr procrustes_disp
------------------------------------------------------------------------------------------------------
z1_vs_z2                        0.1358         0.1136         0.3664         0.9873         0.8658
z1_vs_~z                        0.2603         0.2541         0.7987         0.9633         0.7971
z2_vs_~z                        0.4513         0.3208         0.3965         0.9874         0.5383
------------------------------------------------------------------------------------------------------
2025-11-23 23:44:05,018 - Agent - INFO - [37mVal Epoch 40 step 40 with [31mpx_total : 0.145193 [31mtotal : 0.145193 
2025-11-23 23:45:25,270 - Agent - INFO - [37mVal Epoch 41 step 41 with [31mpx_total : 0.145775 [31mtotal : 0.145775 
2025-11-23 23:46:45,169 - Agent - INFO - [37mVal Epoch 42 step 42 with [31mpx_total : 0.144482 [31mtotal : 0.144482 
2025-11-23 23:48:03,973 - Agent - INFO - [37mVal Epoch 43 step 43 with [31mpx_total : 0.148339 [31mtotal : 0.148339 
2025-11-23 23:49:24,019 - Agent - INFO - [37mVal Epoch 44 step 44 with [31mpx_total : 0.150759 [31mtotal : 0.150759 
2025-11-23 23:50:43,743 - Agent - INFO - [37mVal Epoch 45 step 45 with [31mpx_total : 0.149282 [31mtotal : 0.149282 
2025-11-23 23:52:02,405 - Agent - INFO - [37mVal Epoch 46 step 46 with [31mpx_total : 0.145469 [31mtotal : 0.145469 
2025-11-23 23:53:20,815 - Agent - INFO - [37mVal Epoch 47 step 47 with [31mpx_total : 0.152831 [31mtotal : 0.152831 
2025-11-23 23:54:40,180 - Agent - INFO - [37mVal Epoch 48 step 48 with [31mpx_total : 0.147607 [31mtotal : 0.147607 
2025-11-23 23:55:59,616 - Agent - INFO - [37mVal Epoch 49 step 49 with [31mpx_total : 0.149654 [31mtotal : 0.149654 

Pair                         dist_corr             cka      cosine_sim   cca_mean_corr procrustes_disp
------------------------------------------------------------------------------------------------------
z1_vs_z2                        0.1358         0.1136         0.3664         0.9873         0.8658
z1_vs_~z                        0.2530         0.2553         0.7952         0.9667         0.7941
z2_vs_~z                        0.4357         0.2980         0.3964         0.9899         0.5542
------------------------------------------------------------------------------------------------------
2025-11-23 23:57:38,952 - Agent - INFO - [37mVal Epoch 50 step 50 with [31mpx_total : 0.147842 [31mtotal : 0.147842 
2025-11-23 23:58:58,799 - Agent - INFO - [37mVal Epoch 51 step 51 with [31mpx_total : 0.146136 [31mtotal : 0.146136 
2025-11-24 00:00:18,743 - Agent - INFO - [37mVal Epoch 52 step 52 with [31mpx_total : 0.147902 [31mtotal : 0.147902 
2025-11-24 00:01:39,865 - Agent - INFO - [37mVal Epoch 53 step 53 with [31mpx_total : 0.149515 [31mtotal : 0.149515 
2025-11-24 00:03:01,392 - Agent - INFO - [37mVal Epoch 54 step 54 with [31mpx_total : 0.146621 [31mtotal : 0.146621 
2025-11-24 00:04:22,873 - Agent - INFO - [37mVal Epoch 55 step 55 with [31mpx_total : 0.149053 [31mtotal : 0.149053 
2025-11-24 00:05:42,166 - Agent - INFO - [37mVal Epoch 56 step 56 with [31mpx_total : 0.149013 [31mtotal : 0.149013 
2025-11-24 00:07:01,890 - Agent - INFO - [37mVal Epoch 57 step 57 with [31mpx_total : 0.148942 [31mtotal : 0.148942 
2025-11-24 00:08:21,372 - Agent - INFO - [37mVal Epoch 58 step 58 with [31mpx_total : 0.146456 [31mtotal : 0.146456 
2025-11-24 00:09:42,037 - Agent - INFO - [37mVal Epoch 59 step 59 with [31mpx_total : 0.149493 [31mtotal : 0.149493 

Pair                         dist_corr             cka      cosine_sim   cca_mean_corr procrustes_disp
------------------------------------------------------------------------------------------------------
z1_vs_z2                        0.1358         0.1136         0.3664         0.9873         0.8658
z1_vs_~z                        0.2426         0.2455         0.7957         0.9665         0.7998
z2_vs_~z                        0.4215         0.2864         0.3959         0.9887         0.5614
------------------------------------------------------------------------------------------------------
2025-11-24 00:11:23,412 - Agent - INFO - [37mVal Epoch 60 step 60 with [31mpx_total : 0.148663 [31mtotal : 0.148663 
2025-11-24 00:12:44,993 - Agent - INFO - [37mVal Epoch 61 step 61 with [31mpx_total : 0.147832 [31mtotal : 0.147832 
2025-11-24 00:14:05,271 - Agent - INFO - [37mVal Epoch 62 step 62 with [31mpx_total : 0.148153 [31mtotal : 0.148153 
2025-11-24 00:15:26,070 - Agent - INFO - [37mVal Epoch 63 step 63 with [31mpx_total : 0.148270 [31mtotal : 0.148270 
2025-11-24 00:16:44,726 - Agent - INFO - [37mVal Epoch 64 step 64 with [31mpx_total : 0.150048 [31mtotal : 0.150048 
2025-11-24 00:18:04,430 - Agent - INFO - [37mVal Epoch 65 step 65 with [31mpx_total : 0.144847 [31mtotal : 0.144847 
2025-11-24 00:19:23,727 - Agent - INFO - [37mVal Epoch 66 step 66 with [31mpx_total : 0.145300 [31mtotal : 0.145300 
2025-11-24 00:20:44,287 - Agent - INFO - [37mVal Epoch 67 step 67 with [31mpx_total : 0.143372 [31mtotal : 0.143372 
2025-11-24 00:22:03,983 - Agent - INFO - [37mVal Epoch 68 step 68 with [31mpx_total : 0.151781 [31mtotal : 0.151781 
2025-11-24 00:23:23,363 - Agent - INFO - [37mVal Epoch 69 step 69 with [31mpx_total : 0.150162 [31mtotal : 0.150162 

Pair                         dist_corr             cka      cosine_sim   cca_mean_corr procrustes_disp
------------------------------------------------------------------------------------------------------
z1_vs_z2                        0.1358         0.1136         0.3664         0.9873         0.8658
z1_vs_~z                        0.2435         0.2452         0.8005         0.9643         0.8018
z2_vs_~z                        0.4240         0.2706         0.3962         0.9892         0.5606
------------------------------------------------------------------------------------------------------
2025-11-24 00:25:02,361 - Agent - INFO - [37mVal Epoch 70 step 70 with [31mpx_total : 0.144791 [31mtotal : 0.144791 
2025-11-24 00:26:22,643 - Agent - INFO - [37mVal Epoch 71 step 71 with [31mpx_total : 0.149022 [31mtotal : 0.149022 
2025-11-24 00:27:43,123 - Agent - INFO - [37mVal Epoch 72 step 72 with [31mpx_total : 0.148218 [31mtotal : 0.148218 
2025-11-24 00:29:03,148 - Agent - INFO - [37mVal Epoch 73 step 73 with [31mpx_total : 0.154653 [31mtotal : 0.154653 
2025-11-24 00:30:23,360 - Agent - INFO - [37mVal Epoch 74 step 74 with [31mpx_total : 0.145987 [31mtotal : 0.145987 
2025-11-24 00:31:43,255 - Agent - INFO - [37mVal Epoch 75 step 75 with [31mpx_total : 0.154428 [31mtotal : 0.154428 
2025-11-24 00:33:03,735 - Agent - INFO - [37mVal Epoch 76 step 76 with [31mpx_total : 0.148458 [31mtotal : 0.148458 
2025-11-24 00:34:24,483 - Agent - INFO - [37mVal Epoch 77 step 77 with [31mpx_total : 0.151497 [31mtotal : 0.151497 
2025-11-24 00:35:45,732 - Agent - INFO - [37mVal Epoch 78 step 78 with [31mpx_total : 0.154797 [31mtotal : 0.154797 
2025-11-24 00:37:05,476 - Agent - INFO - [37mVal Epoch 79 step 79 with [31mpx_total : 0.151337 [31mtotal : 0.151337 

Pair                         dist_corr             cka      cosine_sim   cca_mean_corr procrustes_disp
------------------------------------------------------------------------------------------------------
z1_vs_z2                        0.1358         0.1136         0.3664         0.9873         0.8658
z1_vs_~z                        0.2382         0.2345         0.7991         0.9633         0.8100
z2_vs_~z                        0.3848         0.2643         0.3965         0.9880         0.5790
------------------------------------------------------------------------------------------------------
2025-11-24 00:38:44,482 - Agent - INFO - [37mVal Epoch 80 step 80 with [31mpx_total : 0.150077 [31mtotal : 0.150077 
2025-11-24 00:40:04,507 - Agent - INFO - [37mVal Epoch 81 step 81 with [31mpx_total : 0.144375 [31mtotal : 0.144375 
2025-11-24 00:41:23,200 - Agent - INFO - [37mVal Epoch 82 step 82 with [31mpx_total : 0.149099 [31mtotal : 0.149099 
2025-11-24 00:42:44,675 - Agent - INFO - [37mVal Epoch 83 step 83 with [31mpx_total : 0.150988 [31mtotal : 0.150988 
2025-11-24 00:44:04,744 - Agent - INFO - [37mVal Epoch 84 step 84 with [31mpx_total : 0.148752 [31mtotal : 0.148752 
2025-11-24 00:45:23,859 - Agent - INFO - [37mVal Epoch 85 step 85 with [31mpx_total : 0.149404 [31mtotal : 0.149404 
2025-11-24 00:46:42,538 - Agent - INFO - [37mVal Epoch 86 step 86 with [31mpx_total : 0.154504 [31mtotal : 0.154504 
2025-11-24 00:48:02,501 - Agent - INFO - [37mVal Epoch 87 step 87 with [31mpx_total : 0.152721 [31mtotal : 0.152721 
2025-11-24 00:49:21,936 - Agent - INFO - [37mVal Epoch 88 step 88 with [31mpx_total : 0.155638 [31mtotal : 0.155638 
2025-11-24 00:50:41,872 - Agent - INFO - [37mVal Epoch 89 step 89 with [31mpx_total : 0.145600 [31mtotal : 0.145600 

Pair                         dist_corr             cka      cosine_sim   cca_mean_corr procrustes_disp
------------------------------------------------------------------------------------------------------
z1_vs_z2                        0.1358         0.1136         0.3664         0.9873         0.8658
z1_vs_~z                        0.2460         0.2429         0.7962         0.9605         0.8008
z2_vs_~z                        0.4034         0.3054         0.3958         0.9895         0.5780
------------------------------------------------------------------------------------------------------
2025-11-24 00:52:21,833 - Agent - INFO - [37mVal Epoch 90 step 90 with [31mpx_total : 0.147570 [31mtotal : 0.147570 
2025-11-24 00:53:42,188 - Agent - INFO - [37mVal Epoch 91 step 91 with [31mpx_total : 0.144941 [31mtotal : 0.144941 
2025-11-24 00:55:01,441 - Agent - INFO - [37mVal Epoch 92 step 92 with [31mpx_total : 0.151458 [31mtotal : 0.151458 
2025-11-24 00:56:21,067 - Agent - INFO - [37mVal Epoch 93 step 93 with [31mpx_total : 0.143511 [31mtotal : 0.143511 
2025-11-24 00:57:40,828 - Agent - INFO - [37mVal Epoch 94 step 94 with [31mpx_total : 0.150226 [31mtotal : 0.150226 
2025-11-24 00:59:00,245 - Agent - INFO - [37mVal Epoch 95 step 95 with [31mpx_total : 0.151344 [31mtotal : 0.151344 
2025-11-24 01:00:20,656 - Agent - INFO - [37mVal Epoch 96 step 96 with [31mpx_total : 0.150811 [31mtotal : 0.150811 
2025-11-24 01:01:40,228 - Agent - INFO - [37mVal Epoch 97 step 97 with [31mpx_total : 0.154413 [31mtotal : 0.154413 
2025-11-24 01:03:00,206 - Agent - INFO - [37mVal Epoch 98 step 98 with [31mpx_total : 0.152931 [31mtotal : 0.152931 
2025-11-24 01:04:20,048 - Agent - INFO - [37mVal Epoch 99 step 99 with [31mpx_total : 0.144738 [31mtotal : 0.144738 

Pair                         dist_corr             cka      cosine_sim   cca_mean_corr procrustes_disp
------------------------------------------------------------------------------------------------------
z1_vs_z2                        0.1358         0.1136         0.3664         0.9873         0.8658
z1_vs_~z                        0.2388         0.2384         0.7967         0.9645         0.8039
z2_vs_~z                        0.3960         0.2506         0.3959         0.9880         0.5817
------------------------------------------------------------------------------------------------------
2025-11-24 01:05:59,882 - Agent - INFO - [37mVal Epoch 100 step 100 with [31mpx_total : 0.148721 [31mtotal : 0.148721 
2025-11-24 01:07:21,278 - Agent - INFO - [37mVal Epoch 101 step 101 with [31mpx_total : 0.151066 [31mtotal : 0.151066 
2025-11-24 01:08:41,436 - Agent - INFO - [37mVal Epoch 102 step 102 with [31mpx_total : 0.149710 [31mtotal : 0.149710 
2025-11-24 01:10:00,824 - Agent - INFO - [37mVal Epoch 103 step 103 with [31mpx_total : 0.147055 [31mtotal : 0.147055 
2025-11-24 01:11:20,197 - Agent - INFO - [37mVal Epoch 104 step 104 with [31mpx_total : 0.150892 [31mtotal : 0.150892 
2025-11-24 01:12:39,861 - Agent - INFO - [37mVal Epoch 105 step 105 with [31mpx_total : 0.149841 [31mtotal : 0.149841 
2025-11-24 01:13:59,208 - Agent - INFO - [37mVal Epoch 106 step 106 with [31mpx_total : 0.151623 [31mtotal : 0.151623 
2025-11-24 01:15:18,777 - Agent - INFO - [37mVal Epoch 107 step 107 with [31mpx_total : 0.150475 [31mtotal : 0.150475 
2025-11-24 01:16:37,435 - Agent - INFO - [37mVal Epoch 108 step 108 with [31mpx_total : 0.148001 [31mtotal : 0.148001 
2025-11-24 01:17:57,411 - Agent - INFO - [37mVal Epoch 109 step 109 with [31mpx_total : 0.148915 [31mtotal : 0.148915 

Pair                         dist_corr             cka      cosine_sim   cca_mean_corr procrustes_disp
------------------------------------------------------------------------------------------------------
z1_vs_z2                        0.1358         0.1136         0.3664         0.9873         0.8658
z1_vs_~z                        0.2484         0.2450         0.7935         0.9651         0.7986
z2_vs_~z                        0.4022         0.2708         0.3958         0.9887         0.5788
------------------------------------------------------------------------------------------------------
2025-11-24 01:19:36,338 - Agent - INFO - [37mVal Epoch 110 step 110 with [31mpx_total : 0.151418 [31mtotal : 0.151418 
2025-11-24 01:20:57,176 - Agent - INFO - [37mVal Epoch 111 step 111 with [31mpx_total : 0.150125 [31mtotal : 0.150125 
2025-11-24 01:22:17,800 - Agent - INFO - [37mVal Epoch 112 step 112 with [31mpx_total : 0.148805 [31mtotal : 0.148805 
2025-11-24 01:23:38,203 - Agent - INFO - [37mVal Epoch 113 step 113 with [31mpx_total : 0.151781 [31mtotal : 0.151781 
2025-11-24 01:24:59,079 - Agent - INFO - [37mVal Epoch 114 step 114 with [31mpx_total : 0.150849 [31mtotal : 0.150849 
2025-11-24 01:26:19,205 - Agent - INFO - [37mVal Epoch 115 step 115 with [31mpx_total : 0.150141 [31mtotal : 0.150141 
2025-11-24 01:27:39,509 - Agent - INFO - [37mVal Epoch 116 step 116 with [31mpx_total : 0.148994 [31mtotal : 0.148994 
2025-11-24 01:27:41,643 - Agent - INFO - We are in the final state.
2025-11-24 01:27:41,721 - root - INFO - Loaded best model from /esat/smcdata/users/kkontras/Image_Dataset/no_backup/data/2025_data/synergy/Synprom_IB_genVAEOSfold0_lib1.0_perturbgen_lr0.0003_wd0.0_clsmlp.pth.tar
2025-11-24 01:27:55,625 - Agent - INFO - [37mVal Epoch 116 step 0 with [31mpx_total : 0.141440 [31mtotal : 0.141440 

Pair                         dist_corr             cka      cosine_sim   cca_mean_corr procrustes_disp
------------------------------------------------------------------------------------------------------
z1_vs_z2                        0.0052         0.0510         0.3621         0.9842         0.9155
z1_vs_~z                        0.1438         0.1343         0.7886         0.9709         0.9138
z2_vs_~z                        0.4932         0.4136         0.3899         0.9868         0.5044
------------------------------------------------------------------------------------------------------
2025-11-24 01:28:28,717 - Agent - INFO - [37mTest Epoch 116 step 0 with [31mpx_total : 0.197531 [31mtotal : 0.197531 
2025-11-24 01:28:29,174 - Agent - INFO - [37mModel saved successfully at: /esat/smcdata/users/kkontras/Image_Dataset/no_backup/data/2025_data/synergy/Synprom_IB_genVAEOSfold0_lib1.0_perturbgen_lr0.0003_wd0.0_clsmlp.pth.tar[39m
[1;34mwandb[0m: 
[1;34mwandb[0m: 🚀 View run [33mSynprom_IB_genVAEOSfold0_lib1.0_perturbgen_lr0.0003_wd0.0_clsmlp[0m at: [34m[0m
[1;34mwandb[0m: Find logs at: [1;35mwandb/run-20251123_224937-hr80bv28/logs[0m
Job finished
