000 (008.000.000) 2025-11-03 10:25:35 Job submitted from host: <10.87.28.209:9618?addrs=10.87.28.209-9618&alias=krakas.esat.kuleuven.be&noUDP&sock=schedd_1611_9729>
...
001 (008.000.000) 2025-11-03 10:25:42 Job executing on host: <10.87.24.140:9618?addrs=10.87.24.140-9618&alias=hawberry.esat.kuleuven.be&noUDP&sock=startd_2099_5161>
	SlotName: slot1_1@hawberry.esat.kuleuven.be
	AvailableGPUs = { GPUs_GPU_6bf32b01 }
	CondorScratchDir = "/usr/data/condor/execute/dir_1819802"
	Cpus = 8
	Disk = 1049600
	GPUs = 1
	GPUs_GPU_6bf32b01 = [ Id = "GPU-6bf32b01"; ClockMhz = 1695.0; Capability = 8.6; CoresPerCU = 128; DeviceName = "NVIDIA GeForce RTX 3090"; DeviceUuid = "6bf32b01-56ae-80bd-52e0-98456c572cb9"; ECCEnabled = false; ComputeUnits = 82; NvidiaDriver = "580.95.05"; DriverVersion = 13.0; DevicePciBusId = "0000:09:00.0"; GlobalMemoryMb = 24124; MaxSupportedVersion = 13000 ]
	Memory = 71680
...
006 (008.000.000) 2025-11-03 10:25:50 Image size of job updated: 446304
	436  -  MemoryUsage of job (MB)
	446304  -  ResidentSetSize of job (KB)
...
006 (008.000.000) 2025-11-03 10:30:50 Image size of job updated: 1353980
	1252  -  MemoryUsage of job (MB)
	1281836  -  ResidentSetSize of job (KB)
...
006 (008.000.000) 2025-11-03 10:35:50 Image size of job updated: 1476952
	1443  -  MemoryUsage of job (MB)
	1476952  -  ResidentSetSize of job (KB)
...
006 (008.000.000) 2025-11-03 10:40:51 Image size of job updated: 1507560
	1468  -  MemoryUsage of job (MB)
	1502728  -  ResidentSetSize of job (KB)
...
006 (008.000.000) 2025-11-03 10:45:51 Image size of job updated: 1510756
	1468  -  MemoryUsage of job (MB)
	1502728  -  ResidentSetSize of job (KB)
...
006 (008.000.000) 2025-11-03 10:50:52 Image size of job updated: 1516272
	1468  -  MemoryUsage of job (MB)
	1502728  -  ResidentSetSize of job (KB)
...
006 (008.000.000) 2025-11-03 10:55:52 Image size of job updated: 1525424
	1468  -  MemoryUsage of job (MB)
	1502728  -  ResidentSetSize of job (KB)
...
006 (008.000.000) 2025-11-03 11:00:52 Image size of job updated: 1525424
	1479  -  MemoryUsage of job (MB)
	1513988  -  ResidentSetSize of job (KB)
...
006 (008.000.000) 2025-11-03 11:10:53 Image size of job updated: 1527108
	1479  -  MemoryUsage of job (MB)
	1513988  -  ResidentSetSize of job (KB)
...
006 (008.000.000) 2025-11-03 11:15:54 Image size of job updated: 2097328
	1479  -  MemoryUsage of job (MB)
	1513988  -  ResidentSetSize of job (KB)
...
006 (008.000.000) 2025-11-03 12:26:56 Image size of job updated: 3640888
	1479  -  MemoryUsage of job (MB)
	1513988  -  ResidentSetSize of job (KB)
...
005 (008.000.000) 2025-11-03 12:26:56 Job terminated.
	(1) Normal termination (return value 0)
		Usr 0 02:57:33, Sys 0 00:45:54  -  Run Remote Usage
		Usr 0 00:00:00, Sys 0 00:00:00  -  Run Local Usage
		Usr 0 02:57:33, Sys 0 00:45:54  -  Total Remote Usage
		Usr 0 00:00:00, Sys 0 00:00:00  -  Total Local Usage
	0  -  Run Bytes Sent By Job
	0  -  Run Bytes Received By Job
	0  -  Total Bytes Sent By Job
	0  -  Total Bytes Received By Job
	Partitionable Resources :    Usage  Request Allocated Assigned
	   Cpus                 :     1.76        8         8 
	   Disk (KB)            :     2     1048576   1049600 
	   GPUs                 :     0.50        1         1 "GPU-6bf32b01"
	   GpusMemory (MB)      : 24509                       
	   Memory (MB)          :  1479       71680     71680 
	   TimeExecute (s)      :  7274                       
	   TimeSlotBusy (s)     :  7275                       
...
000 (008.000.000) 2025-12-16 01:22:21 Job submitted from host: <10.87.28.129:9618?addrs=10.87.28.129-9618&alias=timmermans.esat.kuleuven.be&noUDP&sock=schedd_1428_1154>
...
001 (008.000.000) 2025-12-16 01:22:23 Job executing on host: <10.87.24.140:9618?addrs=10.87.24.140-9618&alias=hawberry.esat.kuleuven.be&noUDP&sock=startd_2143_7f8b>
	SlotName: slot1_1@hawberry.esat.kuleuven.be
	AvailableGPUs = { GPUs_GPU_6bf32b01 }
	CondorScratchDir = "/usr/data/condor/execute/dir_1615509/scratch"
	Cpus = 8
	Disk = 1048576
	GPUs = 1
	GPUs_GPU_6bf32b01 = [ Id = "GPU-6bf32b01"; ClockMhz = 1695.0; Capability = 8.6; CoresPerCU = 128; DeviceName = "NVIDIA GeForce RTX 3090"; DeviceUuid = "6bf32b01-56ae-80bd-52e0-98456c572cb9"; ECCEnabled = false; ComputeUnits = 82; NvidiaDriver = "580.105.08"; DriverVersion = 13.0; DevicePciBusId = "0000:09:00.0"; GlobalMemoryMb = 24124; MaxSupportedVersion = 13000 ]
	Memory = 71680
...
006 (008.000.000) 2025-12-16 01:22:32 Image size of job updated: 577632
	565  -  MemoryUsage of job (MB)
	577632  -  ResidentSetSize of job (KB)
...
006 (008.000.000) 2025-12-16 01:22:49 Image size of job updated: 1193160
	1166  -  MemoryUsage of job (MB)
	1193160  -  ResidentSetSize of job (KB)
...
005 (008.000.000) 2025-12-16 01:22:49 Job terminated.
	(1) Normal termination (return value 0)
		Usr 0 00:00:16, Sys 0 00:00:04  -  Run Remote Usage
		Usr 0 00:00:00, Sys 0 00:00:00  -  Run Local Usage
		Usr 0 00:00:16, Sys 0 00:00:04  -  Total Remote Usage
		Usr 0 00:00:00, Sys 0 00:00:00  -  Total Local Usage
	0  -  Run Bytes Sent By Job
	0  -  Run Bytes Received By Job
	0  -  Total Bytes Sent By Job
	0  -  Total Bytes Received By Job
	Partitionable Resources :    Usage  Request Allocated Assigned
	   Cpus                 :        0        8         8 
	   Disk (KB)            :        2  1048576   1048576 
	   GPUs                 :        0        1         1 "GPU-6bf32b01"
	   GpusMemory (MB)      :      456                    
	   Memory (MB)          :     1166    71680     71680 
	   TimeExecute (s)      :       26                    
	   TimeSlotBusy (s)     :       26                    
...
