Starting Job
/esat/smcdata/users/kkontras/Image_Dataset/no_backup/git/Synergy/train.py
/esat/smcdata/users/kkontras/Image_Dataset/no_backup/envs/balance_env/bin/python
Python 3.9.18
/esat/smcdata/users/kkontras/Image_Dataset/no_backup/git/Synergy
We have 1 GPU
/esat/smcdata/users/kkontras/Image_Dataset/no_backup/git/Synergy/train.py
config-./configs/CREMA_D/synergy/nov/synprom_ib.json
Executing command: accelerate launch /esat/smcdata/users/kkontras/Image_Dataset/no_backup/git/Synergy/train.py --config ./configs/CREMA_D/synergy/nov/synprom_ib.json --default_config ./configs/CREMA_D/default_config_cremad_res_syn.json --fold 0 --pre  --l 10 --tdqm_disable  --lr 0.0001 --wd 0.001 --cls conformer
Namespace(config='./configs/CREMA_D/synergy/nov/synprom_ib.json', default_config='./configs/CREMA_D/default_config_cremad_res_syn.json', fold='0', alpha=None, tanh_mode=None, tanh_mode_beta=None, regby=None, clip=None, batch_size=None, l='10', multil=None, l_diffsq=None, lib=None, ratio_us=None, ratio_snr=None, kmepoch=None, num_samples=None, pow=None, nstep=None, contr_coeff=None, kde_coeff=None, etube=None, temperature=None, contr_type=None, shuffle_type=None, validate_with=None, transform_type=None, trasform_before=None, num_classes=None, base_alpha=None, alpha_var=None, base_beta=None, beta_var=None, optim_method=None, ilr_c=None, ilr_g=None, mmcosine_scaling=None, ending_epoch=None, load_ongoing=None, commonlayers=None, recon_weight1=None, recon_weight2=None, recon_epochstages=None, recon_ensemblestages=None, lr='0.0001', wd='0.001', mm=None, cls='conformer', pre=True, frozen=False, tdqm_disable=True, start_over=False)
2025-11-03 10:25:56,988 - Config - INFO - ./configs/CREMA_D/synergy/nov/synprom_ib.json
2025-11-03 10:25:56,992 - Config - INFO -  THE Configuration of your experiment ..
{'agent': 'Agent',
 'dataset': {'data_roots': '/esat/smcdata/users/kkontras/Image_Dataset/no_backup/CremaD/CREMA-D',
             'data_split': {'fold': 0, 'method': 'non_inclusive'},
             'dataloader_class': 'CramedD_Dataloader',
             'fps': 1,
             'norm': False,
             'norm_face_path': './mydatasets/CREMAD/norm_face_path_fold{}.pkl',
             'norm_wav_path': './mydatasets/CREMAD/wav_norm_16000_fold{}.pkl',
             'num_frame': 3,
             'return_data': {'audio': False,
                             'face': False,
                             'spectrogram': True,
                             'video': True},
             'sampling_rate': 22050},
 'early_stopping': {'end_of_epoch_check': True,
                    'log_interval': 10,
                    'max_epoch': 1500,
                    'n_steps_stop': 20,
                    'n_steps_stop_after': 0,
                    'save_every_step': 3000,
                    'save_every_valstep': 10,
                    'validate_after': 0,
                    'validate_every': 25,
                    'validate_with': 'accuracy'},
 'exp_name': 'CREMAD Experiment',
 'model': {'args': {'bias_infusion': {'ending_epoch': 1500,
                                      'l': 0.1,
                                      'method': 'false',
                                      'plot': False,
                                      'starting_epoch': 0,
                                      'use': True},
                    'clip_grad': False,
                    'cls_type': 'linear',
                    'd_model': 512,
                    'dropout': 0.1,
                    'fc_inner': 64,
                    'multi_loss': {'multi_supervised_w': {'c': 0,
                                                          'combined': 1,
                                                          'g': 0}},
                    'num_classes': 6},
           'encoders': [{'args': {'d_model': 512,
                                  'dropout': 0.1,
                                  'fc_inner': 64,
                                  'freeze_encoder': False,
                                  'num_classes': 6},
                         'model': 'Audio_ResNet',
                         'pretrainedEncoder': {'dir': 'unimodal_audio_fold{}_lr0.001_wd0.0001.pth.tar',
                                               'use': False}},
                        {'args': {'d_model': 512,
                                  'dropout': 0.1,
                                  'fc_inner': 64,
                                  'freeze_encoder': False,
                                  'num_classes': 6},
                         'model': 'Video_ResNet',
                         'pretrainedEncoder': {'dir': 'unimodal_video_fold{}_lr0.001_wd0.0001.pth.tar',
                                               'use': False}}],
           'load_ongoing': False,
           'model_class': 'Fusion_Synprom_IB',
           'save_base_dir': '/esat/smcdata/users/kkontras/Image_Dataset/no_backup/data/2025_data/synergy',
           'save_dir': 'Synprom_IB_{}.pth.tar'},
 'optimizer': {'beta1': 0.9,
               'beta2': 0.999,
               'learning_rate': 1e-05,
               'momentum': 0.9,
               'type': 'Adam',
               'weight_decay': 1e-05},
 'scheduler': {'max_lr': 0.03, 'type': 'cosanneal', 'warm_up_steps': 780},
 'training_params': {'adversarial_training': {'adv_epsilon': 0.01,
                                              'use': False},
                     'async_loading': True,
                     'batch_size': 32,
                     'cuda': True,
                     'data_loader_workers': 8,
                     'gpu_device': [0],
                     'pin_memory': False,
                     'rec_test': True,
                     'res': True,
                     'seed': 109,
                     'tdqm_disable': False,
                     'test_batch_size': 32,
                     'test_on_bottoms': False,
                     'use_test_set': True,
                     'validation': True,
                     'verbose': True,
                     'wandb_disable': False}}
2025-11-03 10:25:56,993 - Config - INFO -  *************************************** 
2025-11-03 10:25:56,993 - Config - INFO - The experiment name is CREMAD Experiment
2025-11-03 10:25:56,993 - Config - INFO -  *************************************** 
2025-11-03 10:25:56,993 - root - INFO - save_dir: Synprom_IB_fold0_l10_lr0.0001_wd0.001_clsconformer_pre.pth.tar
2025-11-03 10:25:57,271 - Cuda Statistics - INFO - __Python VERSION:  3.9.18 (main, Sep 11 2023, 13:41:44) 
[GCC 11.2.0]
2025-11-03 10:25:57,271 - Cuda Statistics - INFO - __pyTorch VERSION:  2.0.1+cu118
2025-11-03 10:25:57,271 - Cuda Statistics - INFO - __CUDA VERSION
2025-11-03 10:25:57,386 - Cuda Statistics - INFO - __CUDNN VERSION:  8700
2025-11-03 10:25:57,428 - Cuda Statistics - INFO - __Number CUDA Devices:  1
2025-11-03 10:25:57,428 - Cuda Statistics - INFO - __Devices
2025-11-03 10:25:57,428 - Cuda Statistics - INFO - index, name, driver_version, memory.total [MiB], memory.used [MiB], memory.free [MiB]
2025-11-03 10:25:57,428 - Cuda Statistics - INFO - 0, NVIDIA GeForce RTX 3090, 580.95.05, 24576 MiB, 4 MiB, 24121 MiB
2025-11-03 10:25:57,438 - Cuda Statistics - INFO - Active CUDA Device: GPU 0
2025-11-03 10:25:57,438 - Cuda Statistics - INFO - Available devices  1
2025-11-03 10:25:57,438 - Cuda Statistics - INFO - Current cuda device  0
This path does not exist /esat/smcdata/users/kkontras/Image_Dataset/no_backup/CremaD/CREMA-D/AudioWAV/1076_MTI_SAD_XX.wav or /esat/smcdata/users/kkontras/Image_Dataset/no_backup/CremaD/CREMA-D/Image-01-FPS/1076_MTI_SAD_XX or /esat/smcdata/users/kkontras/Image_Dataset/no_backup/CremaD/CREMA-D/Face_features/1076_MTI_SAD_XX.npy
2025-11-03 10:26:04,801 - root - INFO - Loaded wav norm from ./mydatasets/CREMAD/wav_norm_16000_fold0.pkl
2025-11-03 10:26:05,223 - root - INFO - Norm values are {'mean': tensor(-2.7937e-05), 'std': tensor(0.0613), 'max_duration': 4.8715625}
2025-11-03 10:26:06,165 - root - INFO - Loaded wav norm from ./mydatasets/CREMAD/wav_norm_16000_fold0.pkl
2025-11-03 10:26:06,166 - root - INFO - Norm values are {'mean': tensor(-2.7937e-05), 'std': tensor(0.0613), 'max_duration': 4.8715625}
2025-11-03 10:26:06,852 - root - INFO - Loaded wav norm from ./mydatasets/CREMAD/wav_norm_16000_fold0.pkl
2025-11-03 10:26:06,853 - root - INFO - Norm values are {'mean': tensor(-2.7937e-05), 'std': tensor(0.0613), 'max_duration': 4.8715625}
Available cores 8
We are changing dataloader workers to num of cores 0
2025-11-03 10:26:06,855 - Agent - INFO - Device: cuda:0
2025-11-03 10:26:06,855 - Agent - INFO - Total training batches: 127, validate every 25 batches, steps per epoch: 6
2025-11-03 10:26:20,231 - Agent - INFO - Loss Weights are {'total': 1, 'combined': 1, 'c': 0, 'g': 0}
2025-11-03 10:26:22,727 - root - INFO - Loading enc best model state dict from /esat/smcdata/users/kkontras/Image_Dataset/no_backup/data/2025_data/synergy/unimodal_audio_fold0_lr0.001_wd0.0001.pth.tar
Replacing module
2025-11-03 10:26:25,203 - root - INFO - Loading enc best model state dict from /esat/smcdata/users/kkontras/Image_Dataset/no_backup/data/2025_data/synergy/unimodal_video_fold0_lr0.001_wd0.0001.pth.tar
Replacing module
2025-11-03 10:26:25,974 - Agent - INFO - Total number of trainable parameters are: 63218008
2025-11-03 10:26:25,989 - Agent - INFO - Total number of trainable parameters are: 63218008
2025-11-03 10:35:19,739 - Agent - INFO - [37mVal Epoch 1 step 1 with [31mce_loss_combined : 1.786529 [31mtotal : 1.786529 [94mAcc_combined: 22.89 [94mAcc_c: 66.97 [94mAcc_g: 61.85 [95mCEU_cue_audio: 0.4202 [95mCEU_cue_video: 0.1150 [95mCEU_synergy: 0.1721 [95mCEU_coexistence: 0.1855 
2025-11-03 10:35:19,757 - Agent - INFO - [37mTest Epoch 1 step 1 with [31mce_loss_combined : 1.786446 [31mtotal : 1.786446 [94mAcc_combined: 20.69 [94mAcc_c: 57.95 [94mAcc_g: 53.73 
2025-11-03 10:35:21,867 - Agent - INFO - [37mModels has saved successfully in /esat/smcdata/users/kkontras/Image_Dataset/no_backup/data/2025_data/synergy/Synprom_IB_fold0_l10_lr0.0001_wd0.001_clsconformer_pre.pth.tar
2025-11-03 10:39:44,991 - Agent - INFO - [37mVal Epoch 2 step 2 with [31mce_loss_combined : 1.784703 [31mtotal : 1.784703 [94mAcc_combined: 36.22 [94mAcc_c: 66.63 [94mAcc_g: 62.41 [95mCEU_cue_audio: 0.5846 [95mCEU_cue_video: 0.1272 [95mCEU_synergy: 0.2541 [95mCEU_coexistence: 0.3710 
2025-11-03 10:39:45,005 - Agent - INFO - [37mTest Epoch 2 step 2 with [31mce_loss_combined : 1.784452 [31mtotal : 1.784452 [94mAcc_combined: 36.60 [94mAcc_c: 58.06 [94mAcc_g: 52.61 
2025-11-03 10:39:46,977 - Agent - INFO - [37mModels has saved successfully in /esat/smcdata/users/kkontras/Image_Dataset/no_backup/data/2025_data/synergy/Synprom_IB_fold0_l10_lr0.0001_wd0.001_clsconformer_pre.pth.tar
2025-11-03 10:44:10,226 - Agent - INFO - [37mVal Epoch 3 step 3 with [31mce_loss_combined : 1.778555 [31mtotal : 1.778555 [94mAcc_combined: 43.85 [94mAcc_c: 64.46 [94mAcc_g: 63.67 [95mCEU_cue_audio: 0.4338 [95mCEU_cue_video: 0.2363 [95mCEU_synergy: 0.1396 [95mCEU_coexistence: 0.6290 
2025-11-03 10:44:10,244 - Agent - INFO - [37mTest Epoch 3 step 3 with [31mce_loss_combined : 1.778813 [31mtotal : 1.778813 [94mAcc_combined: 46.61 [94mAcc_c: 57.29 [94mAcc_g: 54.39 
2025-11-03 10:44:12,260 - Agent - INFO - [37mModels has saved successfully in /esat/smcdata/users/kkontras/Image_Dataset/no_backup/data/2025_data/synergy/Synprom_IB_fold0_l10_lr0.0001_wd0.001_clsconformer_pre.pth.tar
2025-11-03 10:48:35,042 - Agent - INFO - [37mVal Epoch 4 step 4 with [31mce_loss_combined : 1.771498 [31mtotal : 1.771498 [94mAcc_combined: 74.37 [94mAcc_c: 63.21 [94mAcc_g: 63.10 [95mCEU_cue_audio: 0.7261 [95mCEU_cue_video: 0.7637 [95mCEU_synergy: 0.1555 [95mCEU_coexistence: 0.9382 
2025-11-03 10:48:35,057 - Agent - INFO - [37mTest Epoch 4 step 4 with [31mce_loss_combined : 1.771916 [31mtotal : 1.771916 [94mAcc_combined: 64.29 [94mAcc_c: 57.29 [94mAcc_g: 54.17 
2025-11-03 10:48:36,856 - Agent - INFO - [37mModels has saved successfully in /esat/smcdata/users/kkontras/Image_Dataset/no_backup/data/2025_data/synergy/Synprom_IB_fold0_l10_lr0.0001_wd0.001_clsconformer_pre.pth.tar
2025-11-03 10:52:59,834 - Agent - INFO - [37mVal Epoch 5 step 5 with [31mce_loss_combined : 1.768364 [31mtotal : 1.768364 [94mAcc_combined: 75.97 [94mAcc_c: 58.66 [94mAcc_g: 63.10 [95mCEU_cue_audio: 0.7579 [95mCEU_cue_video: 0.7515 [95mCEU_synergy: 0.1965 [95mCEU_coexistence: 0.9490 
2025-11-03 10:52:59,848 - Agent - INFO - [37mTest Epoch 5 step 5 with [31mce_loss_combined : 1.768776 [31mtotal : 1.768776 [94mAcc_combined: 68.63 [94mAcc_c: 56.84 [94mAcc_g: 54.73 
2025-11-03 10:53:01,760 - Agent - INFO - [37mModels has saved successfully in /esat/smcdata/users/kkontras/Image_Dataset/no_backup/data/2025_data/synergy/Synprom_IB_fold0_l10_lr0.0001_wd0.001_clsconformer_pre.pth.tar
2025-11-03 10:57:29,055 - Agent - INFO - [37mVal Epoch 6 step 6 with [31mce_loss_combined : 1.767085 [31mtotal : 1.767085 [94mAcc_combined: 72.44 [94mAcc_c: 62.41 [94mAcc_g: 61.85 [95mCEU_cue_audio: 0.6620 [95mCEU_cue_video: 0.7030 [95mCEU_synergy: 0.2131 [95mCEU_coexistence: 0.9382 
2025-11-03 11:02:03,499 - Agent - INFO - [37mVal Epoch 7 step 7 with [31mce_loss_combined : 1.765444 [31mtotal : 1.765444 [94mAcc_combined: 77.33 [94mAcc_c: 63.78 [94mAcc_g: 61.73 [95mCEU_cue_audio: 0.7442 [95mCEU_cue_video: 0.7456 [95mCEU_synergy: 0.2376 [95mCEU_coexistence: 0.9785 
2025-11-03 11:02:03,514 - Agent - INFO - [37mTest Epoch 7 step 7 with [31mce_loss_combined : 1.766179 [31mtotal : 1.766179 [94mAcc_combined: 68.41 [94mAcc_c: 54.39 [94mAcc_g: 54.62 
2025-11-03 11:02:05,584 - Agent - INFO - [37mModels has saved successfully in /esat/smcdata/users/kkontras/Image_Dataset/no_backup/data/2025_data/synergy/Synprom_IB_fold0_l10_lr0.0001_wd0.001_clsconformer_pre.pth.tar
2025-11-03 11:06:28,703 - Agent - INFO - [37mVal Epoch 8 step 8 with [31mce_loss_combined : 1.765182 [31mtotal : 1.765182 [94mAcc_combined: 75.85 [94mAcc_c: 63.44 [94mAcc_g: 60.25 [95mCEU_cue_audio: 0.6986 [95mCEU_cue_video: 0.7456 [95mCEU_synergy: 0.2621 [95mCEU_coexistence: 0.9625 
2025-11-03 11:11:06,259 - Agent - INFO - [37mVal Epoch 9 step 9 with [31mce_loss_combined : 1.768805 [31mtotal : 1.768805 [94mAcc_combined: 74.83 [94mAcc_c: 57.52 [94mAcc_g: 61.73 [95mCEU_cue_audio: 0.6347 [95mCEU_cue_video: 0.7637 [95mCEU_synergy: 0.3197 [95mCEU_coexistence: 0.9490 
2025-11-03 11:15:33,151 - Agent - INFO - [37mVal Epoch 10 step 10 with [31mce_loss_combined : 1.769162 [31mtotal : 1.769162 [94mAcc_combined: 62.64 [94mAcc_c: 50.91 [94mAcc_g: 60.48 [95mCEU_cue_audio: 0.4293 [95mCEU_cue_video: 0.7515 [95mCEU_synergy: 0.2621 [95mCEU_coexistence: 0.8065 
2025-11-03 11:20:01,444 - Agent - INFO - [37mVal Epoch 11 step 11 with [31mce_loss_combined : 1.766611 [31mtotal : 1.766611 [94mAcc_combined: 72.55 [94mAcc_c: 59.34 [94mAcc_g: 58.66 [95mCEU_cue_audio: 0.5114 [95mCEU_cue_video: 0.8547 [95mCEU_synergy: 0.2871 [95mCEU_coexistence: 0.9382 
2025-11-03 11:24:25,150 - Agent - INFO - [37mVal Epoch 12 step 12 with [31mce_loss_combined : 1.766008 [31mtotal : 1.766008 [94mAcc_combined: 74.83 [94mAcc_c: 60.93 [94mAcc_g: 57.40 [95mCEU_cue_audio: 0.6026 [95mCEU_cue_video: 0.8484 [95mCEU_synergy: 0.3115 [95mCEU_coexistence: 0.9327 
2025-11-03 11:28:46,565 - Agent - INFO - [37mVal Epoch 13 step 13 with [31mce_loss_combined : 1.765552 [31mtotal : 1.765552 [94mAcc_combined: 70.05 [94mAcc_c: 55.47 [94mAcc_g: 59.57 [95mCEU_cue_audio: 0.4383 [95mCEU_cue_video: 0.8547 [95mCEU_synergy: 0.3115 [95mCEU_coexistence: 0.9141 
2025-11-03 11:33:09,350 - Agent - INFO - [37mVal Epoch 14 step 14 with [31mce_loss_combined : 1.765828 [31mtotal : 1.765828 [94mAcc_combined: 72.55 [94mAcc_c: 60.02 [94mAcc_g: 60.02 [95mCEU_cue_audio: 0.4703 [95mCEU_cue_video: 0.8547 [95mCEU_synergy: 0.2705 [95mCEU_coexistence: 0.9677 
2025-11-03 11:37:32,040 - Agent - INFO - [37mVal Epoch 15 step 15 with [31mce_loss_combined : 1.764416 [31mtotal : 1.764416 [94mAcc_combined: 73.12 [94mAcc_c: 61.16 [94mAcc_g: 58.88 [95mCEU_cue_audio: 0.5024 [95mCEU_cue_video: 0.8425 [95mCEU_synergy: 0.2705 [95mCEU_coexistence: 0.9677 
2025-11-03 11:41:57,953 - Agent - INFO - [37mVal Epoch 16 step 16 with [31mce_loss_combined : 1.763191 [31mtotal : 1.763191 [94mAcc_combined: 74.15 [94mAcc_c: 61.85 [94mAcc_g: 56.61 [95mCEU_cue_audio: 0.5204 [95mCEU_cue_video: 0.8665 [95mCEU_synergy: 0.3115 [95mCEU_coexistence: 0.9570 
2025-11-03 11:46:19,955 - Agent - INFO - [37mVal Epoch 17 step 17 with [31mce_loss_combined : 1.766695 [31mtotal : 1.766695 [94mAcc_combined: 70.73 [94mAcc_c: 56.83 [94mAcc_g: 56.61 [95mCEU_cue_audio: 0.4749 [95mCEU_cue_video: 0.8547 [95mCEU_synergy: 0.2376 [95mCEU_coexistence: 0.9327 
2025-11-03 11:50:49,449 - Agent - INFO - [37mVal Epoch 18 step 18 with [31mce_loss_combined : 1.767719 [31mtotal : 1.767719 [94mAcc_combined: 69.70 [94mAcc_c: 38.61 [94mAcc_g: 59.45 [95mCEU_cue_audio: 0.4429 [95mCEU_cue_video: 0.8244 [95mCEU_synergy: 0.3281 [95mCEU_coexistence: 0.9113 
2025-11-03 11:55:15,521 - Agent - INFO - [37mVal Epoch 19 step 19 with [31mce_loss_combined : 1.767934 [31mtotal : 1.767934 [94mAcc_combined: 65.49 [94mAcc_c: 39.98 [94mAcc_g: 58.20 [95mCEU_cue_audio: 0.3471 [95mCEU_cue_video: 0.8362 [95mCEU_synergy: 0.2871 [95mCEU_coexistence: 0.8763 
2025-11-03 11:59:45,997 - Agent - INFO - [37mVal Epoch 20 step 20 with [31mce_loss_combined : 1.766061 [31mtotal : 1.766061 [94mAcc_combined: 69.02 [94mAcc_c: 50.23 [94mAcc_g: 59.57 [95mCEU_cue_audio: 0.4293 [95mCEU_cue_video: 0.8362 [95mCEU_synergy: 0.3525 [95mCEU_coexistence: 0.8898 
2025-11-03 12:04:16,022 - Agent - INFO - [37mVal Epoch 21 step 21 with [31mce_loss_combined : 1.765063 [31mtotal : 1.765063 [94mAcc_combined: 66.40 [94mAcc_c: 40.43 [94mAcc_g: 56.38 [95mCEU_cue_audio: 0.4383 [95mCEU_cue_video: 0.7878 [95mCEU_synergy: 0.3115 [95mCEU_coexistence: 0.8574 
2025-11-03 12:08:40,065 - Agent - INFO - [37mVal Epoch 22 step 22 with [31mce_loss_combined : 1.766386 [31mtotal : 1.766386 [94mAcc_combined: 62.41 [94mAcc_c: 34.17 [94mAcc_g: 58.09 [95mCEU_cue_audio: 0.3561 [95mCEU_cue_video: 0.7394 [95mCEU_synergy: 0.2786 [95mCEU_coexistence: 0.8440 
2025-11-03 12:13:03,806 - Agent - INFO - [37mVal Epoch 23 step 23 with [31mce_loss_combined : 1.766058 [31mtotal : 1.766058 [94mAcc_combined: 66.40 [94mAcc_c: 36.45 [94mAcc_g: 56.95 [95mCEU_cue_audio: 0.4110 [95mCEU_cue_video: 0.7878 [95mCEU_synergy: 0.3360 [95mCEU_coexistence: 0.8657 
2025-11-03 12:17:26,214 - Agent - INFO - [37mVal Epoch 24 step 24 with [31mce_loss_combined : 1.766430 [31mtotal : 1.766430 [94mAcc_combined: 65.49 [94mAcc_c: 37.13 [94mAcc_g: 56.26 [95mCEU_cue_audio: 0.4154 [95mCEU_cue_video: 0.8063 [95mCEU_synergy: 0.2541 [95mCEU_coexistence: 0.8603 
2025-11-03 12:21:48,368 - Agent - INFO - [37mVal Epoch 25 step 25 with [31mce_loss_combined : 1.764626 [31mtotal : 1.764626 [94mAcc_combined: 68.22 [94mAcc_c: 43.96 [94mAcc_g: 58.20 [95mCEU_cue_audio: 0.3789 [95mCEU_cue_video: 0.8484 [95mCEU_synergy: 0.3031 [95mCEU_coexistence: 0.9113 
2025-11-03 12:26:10,315 - Agent - INFO - [37mVal Epoch 26 step 26 with [31mce_loss_combined : 1.765173 [31mtotal : 1.765173 [94mAcc_combined: 65.26 [94mAcc_c: 25.63 [94mAcc_g: 56.72 [95mCEU_cue_audio: 0.3424 [95mCEU_cue_video: 0.7878 [95mCEU_synergy: 0.3115 [95mCEU_coexistence: 0.8872 
2025-11-03 12:26:11,196 - Agent - INFO - We are in the final state.
2025-11-03 12:26:12,157 - root - INFO - Loaded best model from /esat/smcdata/users/kkontras/Image_Dataset/no_backup/data/2025_data/synergy/Synprom_IB_fold0_l10_lr0.0001_wd0.001_clsconformer_pre.pth.tar
2025-11-03 12:26:28,849 - Agent - INFO - [37mVal Epoch 26 step 0 with [31mce_loss_combined : 1.765444 [31mtotal : 1.765444 [94mAcc_combined: 77.33 [94mAcc_c: 63.78 [94mAcc_g: 61.73 [95mCEU_cue_audio: 0.7442 [95mCEU_cue_video: 0.7456 [95mCEU_synergy: 0.2376 [95mCEU_coexistence: 0.9785 
2025-11-03 12:26:44,211 - Agent - INFO - [37mTest Epoch 26 step 0 with [31mce_loss_combined : 1.766179 [31mtotal : 1.766179 [94mAcc_combined: 68.41 [94mAcc_c: 54.39 [94mAcc_g: 54.62 
2025-11-03 12:26:47,874 - Agent - INFO - [37mModels has saved successfully in /esat/smcdata/users/kkontras/Image_Dataset/no_backup/data/2025_data/synergy/Synprom_IB_fold0_l10_lr0.0001_wd0.001_clsconformer_pre.pth.tar
Job finished
