000 (008.001.000) 2025-11-03 10:25:35 Job submitted from host: <10.87.28.209:9618?addrs=10.87.28.209-9618&alias=krakas.esat.kuleuven.be&noUDP&sock=schedd_1611_9729>
...
001 (008.001.000) 2025-11-03 10:25:42 Job executing on host: <10.87.24.138:9618?addrs=10.87.24.138-9618&alias=grape.esat.kuleuven.be&noUDP&sock=startd_2104_bf5a>
	SlotName: slot1_1@grape.esat.kuleuven.be
	AvailableGPUs = { GPUs_GPU_97601f5c }
	CondorScratchDir = "/usr/data/condor/execute/dir_1212841"
	Cpus = 8
	Disk = 1050000
	GPUs = 1
	GPUs_GPU_97601f5c = [ Id = "GPU-97601f5c"; ClockMhz = 1695.0; Capability = 8.6; CoresPerCU = 128; DeviceName = "NVIDIA GeForce RTX 3090"; DeviceUuid = "97601f5c-9e32-f178-e4a8-b5517f10d8de"; ECCEnabled = false; ComputeUnits = 82; NvidiaDriver = "580.95.05"; DriverVersion = 13.0; DevicePciBusId = "0000:09:00.0"; GlobalMemoryMb = 24124; MaxSupportedVersion = 13000 ]
	Memory = 71680
...
006 (008.001.000) 2025-11-03 10:25:50 Image size of job updated: 499388
	488  -  MemoryUsage of job (MB)
	499388  -  ResidentSetSize of job (KB)
...
006 (008.001.000) 2025-11-03 10:30:50 Image size of job updated: 1379252
	1275  -  MemoryUsage of job (MB)
	1304652  -  ResidentSetSize of job (KB)
...
006 (008.001.000) 2025-11-03 10:35:51 Image size of job updated: 1492132
	1385  -  MemoryUsage of job (MB)
	1418236  -  ResidentSetSize of job (KB)
...
006 (008.001.000) 2025-11-03 10:40:52 Image size of job updated: 1502624
	1463  -  MemoryUsage of job (MB)
	1497104  -  ResidentSetSize of job (KB)
...
006 (008.001.000) 2025-11-03 10:45:52 Image size of job updated: 1559808
	1463  -  MemoryUsage of job (MB)
	1497104  -  ResidentSetSize of job (KB)
...
006 (008.001.000) 2025-11-03 10:55:53 Image size of job updated: 1559808
	1465  -  MemoryUsage of job (MB)
	1499500  -  ResidentSetSize of job (KB)
...
006 (008.001.000) 2025-11-03 11:15:56 Image size of job updated: 2096908
	1465  -  MemoryUsage of job (MB)
	1499500  -  ResidentSetSize of job (KB)
...
006 (008.001.000) 2025-11-03 11:20:56 Image size of job updated: 2096908
	1466  -  MemoryUsage of job (MB)
	1500816  -  ResidentSetSize of job (KB)
...
006 (008.001.000) 2025-11-03 11:30:57 Image size of job updated: 2096908
	1467  -  MemoryUsage of job (MB)
	1501696  -  ResidentSetSize of job (KB)
...
006 (008.001.000) 2025-11-03 11:55:59 Image size of job updated: 2096908
	1468  -  MemoryUsage of job (MB)
	1502376  -  ResidentSetSize of job (KB)
...
006 (008.001.000) 2025-11-03 11:59:15 Image size of job updated: 3636932
	1468  -  MemoryUsage of job (MB)
	1502376  -  ResidentSetSize of job (KB)
...
005 (008.001.000) 2025-11-03 11:59:15 Job terminated.
	(1) Normal termination (return value 0)
		Usr 0 02:11:58, Sys 0 00:35:33  -  Run Remote Usage
		Usr 0 00:00:00, Sys 0 00:00:00  -  Run Local Usage
		Usr 0 02:11:58, Sys 0 00:35:33  -  Total Remote Usage
		Usr 0 00:00:00, Sys 0 00:00:00  -  Total Local Usage
	0  -  Run Bytes Sent By Job
	0  -  Run Bytes Received By Job
	0  -  Total Bytes Sent By Job
	0  -  Total Bytes Received By Job
	Partitionable Resources :    Usage  Request Allocated Assigned
	   Cpus                 :     1.68        8         8 
	   Disk (KB)            :     2     1048576   1050000 
	   GPUs                 :     0.61        1         1 "GPU-97601f5c"
	   GpusMemory (MB)      : 24509                       
	   Memory (MB)          :  1468       71680     71680 
	   TimeExecute (s)      :  5613                       
	   TimeSlotBusy (s)     :  5613                       
...
000 (008.001.000) 2025-12-16 01:22:21 Job submitted from host: <10.87.28.129:9618?addrs=10.87.28.129-9618&alias=timmermans.esat.kuleuven.be&noUDP&sock=schedd_1428_1154>
...
001 (008.001.000) 2025-12-16 01:22:24 Job executing on host: <10.87.24.138:9618?addrs=10.87.24.138-9618&alias=grape.esat.kuleuven.be&noUDP&sock=startd_2168_a56a>
	SlotName: slot1_1@grape.esat.kuleuven.be
	AvailableGPUs = { GPUs_GPU_97601f5c }
	CondorScratchDir = "/usr/data/condor/execute/dir_1405377/scratch"
	Cpus = 8
	Disk = 1048576
	GPUs = 1
	GPUs_GPU_97601f5c = [ Id = "GPU-97601f5c"; ClockMhz = 1695.0; Capability = 8.6; CoresPerCU = 128; DeviceName = "NVIDIA GeForce RTX 3090"; DeviceUuid = "97601f5c-9e32-f178-e4a8-b5517f10d8de"; ECCEnabled = false; ComputeUnits = 82; NvidiaDriver = "580.105.08"; DriverVersion = 13.0; DevicePciBusId = "0000:09:00.0"; GlobalMemoryMb = 24124; MaxSupportedVersion = 13000 ]
	Memory = 71680
...
006 (008.001.000) 2025-12-16 01:22:32 Image size of job updated: 381324
	373  -  MemoryUsage of job (MB)
	381324  -  ResidentSetSize of job (KB)
...
006 (008.001.000) 2025-12-16 01:27:32 Image size of job updated: 2162604
	2112  -  MemoryUsage of job (MB)
	2162604  -  ResidentSetSize of job (KB)
...
006 (008.001.000) 2025-12-16 01:32:33 Image size of job updated: 2163552
	2112  -  MemoryUsage of job (MB)
	2162604  -  ResidentSetSize of job (KB)
...
006 (008.001.000) 2025-12-16 01:37:34 Image size of job updated: 2169736
	2112  -  MemoryUsage of job (MB)
	2162604  -  ResidentSetSize of job (KB)
...
006 (008.001.000) 2025-12-16 01:57:36 Image size of job updated: 2253624
	2156  -  MemoryUsage of job (MB)
	2207616  -  ResidentSetSize of job (KB)
...
006 (008.001.000) 2025-12-16 02:02:37 Image size of job updated: 2253624
	2192  -  MemoryUsage of job (MB)
	2244156  -  ResidentSetSize of job (KB)
...
006 (008.001.000) 2025-12-16 02:07:37 Image size of job updated: 2264260
	2192  -  MemoryUsage of job (MB)
	2244156  -  ResidentSetSize of job (KB)
...
006 (008.001.000) 2025-12-16 02:12:38 Image size of job updated: 2297152
	2192  -  MemoryUsage of job (MB)
	2244156  -  ResidentSetSize of job (KB)
...
006 (008.001.000) 2025-12-16 02:27:39 Image size of job updated: 2312404
	2259  -  MemoryUsage of job (MB)
	2312404  -  ResidentSetSize of job (KB)
...
006 (008.001.000) 2025-12-16 02:32:39 Image size of job updated: 2367980
	2259  -  MemoryUsage of job (MB)
	2312404  -  ResidentSetSize of job (KB)
...
006 (008.001.000) 2025-12-16 02:37:40 Image size of job updated: 2367980
	2269  -  MemoryUsage of job (MB)
	2322988  -  ResidentSetSize of job (KB)
...
006 (008.001.000) 2025-12-16 02:42:40 Image size of job updated: 2425688
	2269  -  MemoryUsage of job (MB)
	2322988  -  ResidentSetSize of job (KB)
...
006 (008.001.000) 2025-12-16 04:02:48 Image size of job updated: 2425688
	2286  -  MemoryUsage of job (MB)
	2340108  -  ResidentSetSize of job (KB)
...
005 (008.001.000) 2025-12-16 04:57:26 Job terminated.
	(1) Normal termination (return value 0)
		Usr 0 10:52:47, Sys 0 00:59:35  -  Run Remote Usage
		Usr 0 00:00:00, Sys 0 00:00:00  -  Run Local Usage
		Usr 0 10:52:47, Sys 0 00:59:35  -  Total Remote Usage
		Usr 0 00:00:00, Sys 0 00:00:00  -  Total Local Usage
	0  -  Run Bytes Sent By Job
	0  -  Run Bytes Received By Job
	0  -  Total Bytes Sent By Job
	0  -  Total Bytes Received By Job
	Partitionable Resources :    Usage  Request Allocated Assigned
	   Cpus                 :     3.35        8         8 
	   Disk (KB)            :     2     1048576   1048576 
	   GPUs                 :     0.18        1         1 "GPU-97601f5c"
	   GpusMemory (MB)      :  1735                       
	   Memory (MB)          :  2286       71680     71680 
	   TimeExecute (s)      : 12902                       
	   TimeSlotBusy (s)     : 12902                       
...
