000 (008.008.000) 2025-11-03 10:25:35 Job submitted from host: <10.87.28.209:9618?addrs=10.87.28.209-9618&alias=krakas.esat.kuleuven.be&noUDP&sock=schedd_1611_9729>
...
001 (008.008.000) 2025-11-03 15:22:24 Job executing on host: <10.87.24.138:9618?addrs=10.87.24.138-9618&alias=grape.esat.kuleuven.be&noUDP&sock=startd_2104_bf5a>
	SlotName: slot1_2@grape.esat.kuleuven.be
	AvailableGPUs = { GPUs_GPU_0f29d8ff }
	CondorScratchDir = "/usr/data/condor/execute/dir_1226428"
	Cpus = 8
	Disk = 1050000
	GPUs = 1
	GPUs_GPU_0f29d8ff = [ Id = "GPU-0f29d8ff"; ClockMhz = 1695.0; Capability = 8.6; CoresPerCU = 128; DeviceName = "NVIDIA GeForce RTX 3090"; DeviceUuid = "0f29d8ff-e7f9-04e3-08ad-4d1017b117c2"; ECCEnabled = false; ComputeUnits = 82; NvidiaDriver = "580.95.05"; DriverVersion = 13.0; DevicePciBusId = "0000:42:00.0"; GlobalMemoryMb = 24124; MaxSupportedVersion = 13000 ]
	Memory = 71680
...
006 (008.008.000) 2025-11-03 15:22:33 Image size of job updated: 375592
	367  -  MemoryUsage of job (MB)
	375592  -  ResidentSetSize of job (KB)
...
006 (008.008.000) 2025-11-03 15:27:34 Image size of job updated: 1483204
	1449  -  MemoryUsage of job (MB)
	1483204  -  ResidentSetSize of job (KB)
...
006 (008.008.000) 2025-11-03 15:32:35 Image size of job updated: 1498464
	1457  -  MemoryUsage of job (MB)
	1491816  -  ResidentSetSize of job (KB)
...
006 (008.008.000) 2025-11-03 15:37:35 Image size of job updated: 1498564
	1457  -  MemoryUsage of job (MB)
	1491816  -  ResidentSetSize of job (KB)
...
006 (008.008.000) 2025-11-03 15:42:36 Image size of job updated: 1501468
	1459  -  MemoryUsage of job (MB)
	1493840  -  ResidentSetSize of job (KB)
...
006 (008.008.000) 2025-11-03 15:47:36 Image size of job updated: 1502808
	1459  -  MemoryUsage of job (MB)
	1493840  -  ResidentSetSize of job (KB)
...
006 (008.008.000) 2025-11-03 15:52:36 Image size of job updated: 1506588
	1467  -  MemoryUsage of job (MB)
	1501944  -  ResidentSetSize of job (KB)
...
006 (008.008.000) 2025-11-03 16:12:38 Image size of job updated: 2084484
	1467  -  MemoryUsage of job (MB)
	1501944  -  ResidentSetSize of job (KB)
...
006 (008.008.000) 2025-11-03 16:42:40 Image size of job updated: 2084484
	1476  -  MemoryUsage of job (MB)
	1510412  -  ResidentSetSize of job (KB)
...
006 (008.008.000) 2025-11-03 16:47:41 Image size of job updated: 2084484
	1476  -  MemoryUsage of job (MB)
	1510472  -  ResidentSetSize of job (KB)
...
006 (008.008.000) 2025-11-03 17:17:44 Image size of job updated: 2084484
	1478  -  MemoryUsage of job (MB)
	1512576  -  ResidentSetSize of job (KB)
...
006 (008.008.000) 2025-11-03 18:22:50 Image size of job updated: 2084484
	1478  -  MemoryUsage of job (MB)
	1512840  -  ResidentSetSize of job (KB)
...
006 (008.008.000) 2025-11-03 18:27:51 Image size of job updated: 2101416
	1478  -  MemoryUsage of job (MB)
	1512840  -  ResidentSetSize of job (KB)
...
006 (008.008.000) 2025-11-03 18:37:51 Image size of job updated: 2101416
	1481  -  MemoryUsage of job (MB)
	1515536  -  ResidentSetSize of job (KB)
...
006 (008.008.000) 2025-11-03 19:12:55 Image size of job updated: 2470264
	1481  -  MemoryUsage of job (MB)
	1515536  -  ResidentSetSize of job (KB)
...
006 (008.008.000) 2025-11-03 19:25:25 Image size of job updated: 3641332
	1481  -  MemoryUsage of job (MB)
	1515536  -  ResidentSetSize of job (KB)
...
005 (008.008.000) 2025-11-03 19:25:25 Job terminated.
	(1) Normal termination (return value 0)
		Usr 0 06:29:59, Sys 0 01:35:24  -  Run Remote Usage
		Usr 0 00:00:00, Sys 0 00:00:00  -  Run Local Usage
		Usr 0 06:29:59, Sys 0 01:35:24  -  Total Remote Usage
		Usr 0 00:00:00, Sys 0 00:00:00  -  Total Local Usage
	0  -  Run Bytes Sent By Job
	0  -  Run Bytes Received By Job
	0  -  Total Bytes Sent By Job
	0  -  Total Bytes Received By Job
	Partitionable Resources :    Usage  Request Allocated Assigned
	   Cpus                 :     3.17        8         8 
	   Disk (KB)            :     2     1048576   1050000 
	   GPUs                 :     0.63        1         1 "GPU-0f29d8ff"
	   GpusMemory (MB)      : 24509                       
	   Memory (MB)          :  1481       71680     71680 
	   TimeExecute (s)      : 14581                       
	   TimeSlotBusy (s)     : 14581                       
...
