000 (008.009.000) 2025-11-03 10:25:35 Job submitted from host: <10.87.28.209:9618?addrs=10.87.28.209-9618&alias=krakas.esat.kuleuven.be&noUDP&sock=schedd_1611_9729>
...
001 (008.009.000) 2025-11-03 15:22:25 Job executing on host: <10.87.24.139:9618?addrs=10.87.24.139-9618&alias=fig.esat.kuleuven.be&noUDP&sock=startd_2065_ff28>
	SlotName: slot1_1@fig.esat.kuleuven.be
	AvailableGPUs = { GPUs_GPU_cedc718d }
	CondorScratchDir = "/usr/data/condor/execute/dir_1558462"
	Cpus = 8
	Disk = 1049996
	GPUs = 1
	GPUs_GPU_cedc718d = [ Id = "GPU-cedc718d"; ClockMhz = 1695.0; Capability = 8.6; CoresPerCU = 128; DeviceName = "NVIDIA GeForce RTX 3090"; DeviceUuid = "cedc718d-8ccd-1c5c-42ee-9f07bacbde5e"; ECCEnabled = false; ComputeUnits = 82; NvidiaDriver = "580.95.05"; DriverVersion = 13.0; DevicePciBusId = "0000:09:00.0"; GlobalMemoryMb = 24124; MaxSupportedVersion = 13000 ]
	Memory = 71680
...
006 (008.009.000) 2025-11-03 15:22:34 Image size of job updated: 240688
	236  -  MemoryUsage of job (MB)
	240688  -  ResidentSetSize of job (KB)
...
006 (008.009.000) 2025-11-03 15:27:35 Image size of job updated: 1458264
	1425  -  MemoryUsage of job (MB)
	1458264  -  ResidentSetSize of job (KB)
...
006 (008.009.000) 2025-11-03 15:32:35 Image size of job updated: 1498608
	1425  -  MemoryUsage of job (MB)
	1458264  -  ResidentSetSize of job (KB)
...
006 (008.009.000) 2025-11-03 15:37:36 Image size of job updated: 1501416
	1425  -  MemoryUsage of job (MB)
	1458264  -  ResidentSetSize of job (KB)
...
004 (008.009.000) 2025-11-03 15:43:03 Job was evicted. Code 1005 Subcode 0
	(0) CPU times
		Usr 0 00:29:06, Sys 0 00:08:11  -  Run Remote Usage
		Usr 0 00:00:00, Sys 0 00:00:00  -  Run Local Usage
	0  -  Run Bytes Sent By Job
	0  -  Run Bytes Received By Job
	Reason: Unspecified job interruption
	Partitionable Resources :    Usage  Request Allocated Assigned
	   Cpus                 :     1.75        8         8 
	   Disk (KB)            :     2     1048576   1049996 
	   GPUs                 :     0.62        1         1 "GPU-cedc718d"
	   GpusMemory (MB)      : 24509                       
	   Memory (MB)          :  1425       71680     71680 
	   TimeExecute (s)      :  1238                       
	   TimeSlotBusy (s)     :  1238                       
...
001 (008.009.000) 2025-11-03 15:51:44 Job executing on host: <10.87.24.140:9618?addrs=10.87.24.140-9618&alias=hawberry.esat.kuleuven.be&noUDP&sock=startd_2099_5161>
	SlotName: slot1_1@hawberry.esat.kuleuven.be
	AvailableGPUs = { GPUs_GPU_6bf32b01 }
	CondorScratchDir = "/usr/data/condor/execute/dir_1851558"
	Cpus = 8
	Disk = 1049600
	GPUs = 1
	GPUs_GPU_6bf32b01 = [ Id = "GPU-6bf32b01"; ClockMhz = 1695.0; Capability = 8.6; CoresPerCU = 128; DeviceName = "NVIDIA GeForce RTX 3090"; DeviceUuid = "6bf32b01-56ae-80bd-52e0-98456c572cb9"; ECCEnabled = false; ComputeUnits = 82; NvidiaDriver = "580.95.05"; DriverVersion = 13.0; DevicePciBusId = "0000:09:00.0"; GlobalMemoryMb = 24124; MaxSupportedVersion = 13000 ]
	Memory = 71680
...
006 (008.009.000) 2025-11-03 16:01:53 Image size of job updated: 1750000
	1476  -  MemoryUsage of job (MB)
	1511052  -  ResidentSetSize of job (KB)
...
006 (008.009.000) 2025-11-03 16:21:54 Image size of job updated: 1750000
	1476  -  MemoryUsage of job (MB)
	1511232  -  ResidentSetSize of job (KB)
...
004 (008.009.000) 2025-11-03 16:59:23 Job was evicted. Code 1005 Subcode 0
	(0) CPU times
		Usr 0 01:41:04, Sys 0 00:26:56  -  Run Remote Usage
		Usr 0 00:00:00, Sys 0 00:00:00  -  Run Local Usage
	0  -  Run Bytes Sent By Job
	0  -  Run Bytes Received By Job
	Reason: Unspecified job interruption
	Partitionable Resources :    Usage  Request Allocated Assigned
	   Cpus                 :     1.74        8         8 
	   Disk (KB)            :     2     1048576   1049600 
	   GPUs                 :     0.62        1         1 "GPU-6bf32b01"
	   GpusMemory (MB)      : 24509                       
	   Memory (MB)          :  1476       71680     71680 
	   TimeExecute (s)      :  4059                       
	   TimeSlotBusy (s)     :  4059                       
...
001 (008.009.000) 2025-11-03 19:13:40 Job executing on host: <10.87.24.140:9618?addrs=10.87.24.140-9618&alias=hawberry.esat.kuleuven.be&noUDP&sock=startd_2099_5161>
	SlotName: slot1_1@hawberry.esat.kuleuven.be
	AvailableGPUs = { GPUs_GPU_6bf32b01 }
	CondorScratchDir = "/usr/data/condor/execute/dir_1865748"
	Cpus = 8
	Disk = 1049600
	GPUs = 1
	GPUs_GPU_6bf32b01 = [ Id = "GPU-6bf32b01"; ClockMhz = 1695.0; Capability = 8.6; CoresPerCU = 128; DeviceName = "NVIDIA GeForce RTX 3090"; DeviceUuid = "6bf32b01-56ae-80bd-52e0-98456c572cb9"; ECCEnabled = false; ComputeUnits = 82; NvidiaDriver = "580.95.05"; DriverVersion = 13.0; DevicePciBusId = "0000:09:00.0"; GlobalMemoryMb = 24124; MaxSupportedVersion = 13000 ]
	Memory = 71680
...
005 (008.009.000) 2025-11-03 19:14:14 Job terminated.
	(1) Normal termination (return value 0)
		Usr 0 00:00:12, Sys 0 00:00:07  -  Run Remote Usage
		Usr 0 00:00:00, Sys 0 00:00:00  -  Run Local Usage
		Usr 0 02:10:22, Sys 0 00:35:14  -  Total Remote Usage
		Usr 0 00:00:00, Sys 0 00:00:00  -  Total Local Usage
	0  -  Run Bytes Sent By Job
	0  -  Run Bytes Received By Job
	0  -  Total Bytes Sent By Job
	0  -  Total Bytes Received By Job
	Partitionable Resources :    Usage  Request Allocated Assigned
	   Cpus                 :        0        8         8 
	   Disk (KB)            :        2  1048576   1049600 
	   GPUs                 :        0        1         1 "GPU-6bf32b01"
	   Memory (MB)          :     1709    71680     71680 
	   TimeExecute (s)      :       34                    
	   TimeSlotBusy (s)     :       34                    
...
000 (008.009.000) 2025-12-16 01:22:22 Job submitted from host: <10.87.28.129:9618?addrs=10.87.28.129-9618&alias=timmermans.esat.kuleuven.be&noUDP&sock=schedd_1428_1154>
...
001 (008.009.000) 2025-12-16 01:22:49 Job executing on host: <10.87.24.140:9618?addrs=10.87.24.140-9618&alias=hawberry.esat.kuleuven.be&noUDP&sock=startd_2143_7f8b>
	SlotName: slot1_1@hawberry.esat.kuleuven.be
	AvailableGPUs = { GPUs_GPU_6bf32b01 }
	CondorScratchDir = "/usr/data/condor/execute/dir_1615638/scratch"
	Cpus = 8
	Disk = 1048576
	GPUs = 1
	GPUs_GPU_6bf32b01 = [ Id = "GPU-6bf32b01"; ClockMhz = 1695.0; Capability = 8.6; CoresPerCU = 128; DeviceName = "NVIDIA GeForce RTX 3090"; DeviceUuid = "6bf32b01-56ae-80bd-52e0-98456c572cb9"; ECCEnabled = false; ComputeUnits = 82; NvidiaDriver = "580.105.08"; DriverVersion = 13.0; DevicePciBusId = "0000:09:00.0"; GlobalMemoryMb = 24124; MaxSupportedVersion = 13000 ]
	Memory = 71680
...
006 (008.009.000) 2025-12-16 01:22:58 Image size of job updated: 611972
	598  -  MemoryUsage of job (MB)
	611972  -  ResidentSetSize of job (KB)
...
006 (008.009.000) 2025-12-16 01:27:59 Image size of job updated: 2151024
	2003  -  MemoryUsage of job (MB)
	2050116  -  ResidentSetSize of job (KB)
...
006 (008.009.000) 2025-12-16 01:32:59 Image size of job updated: 2158168
	2007  -  MemoryUsage of job (MB)
	2055028  -  ResidentSetSize of job (KB)
...
006 (008.009.000) 2025-12-16 01:38:00 Image size of job updated: 2161632
	2056  -  MemoryUsage of job (MB)
	2105180  -  ResidentSetSize of job (KB)
...
006 (008.009.000) 2025-12-16 01:43:00 Image size of job updated: 2207376
	2070  -  MemoryUsage of job (MB)
	2119612  -  ResidentSetSize of job (KB)
...
006 (008.009.000) 2025-12-16 01:48:00 Image size of job updated: 2207376
	2102  -  MemoryUsage of job (MB)
	2152128  -  ResidentSetSize of job (KB)
...
006 (008.009.000) 2025-12-16 02:03:02 Image size of job updated: 2207376
	2112  -  MemoryUsage of job (MB)
	2162324  -  ResidentSetSize of job (KB)
...
006 (008.009.000) 2025-12-16 02:08:02 Image size of job updated: 2207376
	2112  -  MemoryUsage of job (MB)
	2162400  -  ResidentSetSize of job (KB)
...
006 (008.009.000) 2025-12-16 02:23:03 Image size of job updated: 2208216
	2112  -  MemoryUsage of job (MB)
	2162400  -  ResidentSetSize of job (KB)
...
006 (008.009.000) 2025-12-16 02:28:04 Image size of job updated: 2247060
	2177  -  MemoryUsage of job (MB)
	2228580  -  ResidentSetSize of job (KB)
...
006 (008.009.000) 2025-12-16 02:33:05 Image size of job updated: 2247240
	2177  -  MemoryUsage of job (MB)
	2228892  -  ResidentSetSize of job (KB)
...
006 (008.009.000) 2025-12-16 02:38:05 Image size of job updated: 2297020
	2177  -  MemoryUsage of job (MB)
	2228892  -  ResidentSetSize of job (KB)
...
006 (008.009.000) 2025-12-16 02:43:06 Image size of job updated: 2326320
	2272  -  MemoryUsage of job (MB)
	2326320  -  ResidentSetSize of job (KB)
...
006 (008.009.000) 2025-12-16 02:48:06 Image size of job updated: 2356016
	2272  -  MemoryUsage of job (MB)
	2326320  -  ResidentSetSize of job (KB)
...
006 (008.009.000) 2025-12-16 02:53:07 Image size of job updated: 2369680
	2272  -  MemoryUsage of job (MB)
	2326320  -  ResidentSetSize of job (KB)
...
006 (008.009.000) 2025-12-16 03:03:08 Image size of job updated: 2419360
	2272  -  MemoryUsage of job (MB)
	2326320  -  ResidentSetSize of job (KB)
...
006 (008.009.000) 2025-12-16 04:28:15 Image size of job updated: 2419360
	2295  -  MemoryUsage of job (MB)
	2349760  -  ResidentSetSize of job (KB)
...
005 (008.009.000) 2025-12-16 04:33:04 Job terminated.
	(1) Normal termination (return value 0)
		Usr 0 09:45:24, Sys 0 00:52:50  -  Run Remote Usage
		Usr 0 00:00:00, Sys 0 00:00:00  -  Run Local Usage
		Usr 0 09:45:24, Sys 0 00:52:50  -  Total Remote Usage
		Usr 0 00:00:00, Sys 0 00:00:00  -  Total Local Usage
	0  -  Run Bytes Sent By Job
	0  -  Run Bytes Received By Job
	0  -  Total Bytes Sent By Job
	0  -  Total Bytes Received By Job
	Partitionable Resources :    Usage  Request Allocated Assigned
	   Cpus                 :     3.33        8         8 
	   Disk (KB)            :     2     1048576   1048576 
	   GPUs                 :     0.18        1         1 "GPU-6bf32b01"
	   GpusMemory (MB)      :  1735                       
	   Memory (MB)          :  2295       71680     71680 
	   TimeExecute (s)      : 11415                       
	   TimeSlotBusy (s)     : 11415                       
...
