Starting Job
/esat/smcdata/users/kkontras/Image_Dataset/no_backup/git/Synergy/train.py
/esat/smcdata/users/kkontras/Image_Dataset/no_backup/envs/balance_env/bin/python
Python 3.9.18
/esat/smcdata/users/kkontras/Image_Dataset/no_backup/git/Synergy
We have 1 GPU
/esat/smcdata/users/kkontras/Image_Dataset/no_backup/git/Synergy/train.py
config-./configs/CREMA_D/synergy/nov/synprom_ib.json
Executing command: accelerate launch /esat/smcdata/users/kkontras/Image_Dataset/no_backup/git/Synergy/train.py --config ./configs/CREMA_D/synergy/nov/synprom_ib.json --default_config ./configs/CREMA_D/default_config_cremad_res_syn.json --fold 0 --pre  --l 0.01 --contrcoeff 1 --lr 0.0001 --wd 0.0001 --cls mlp --perturb gen --start_over 
Namespace(config='./configs/CREMA_D/synergy/nov/synprom_ib.json', default_config='./configs/CREMA_D/default_config_cremad_res_syn.json', fold='0', alpha=None, tanh_mode=None, tanh_mode_beta=None, regby=None, clip=None, batch_size=None, l='0.01', multil=None, l_diffsq=None, lib=None, ratio_us=None, ratio_snr=None, kmepoch=None, num_samples=None, pow=None, nstep=None, contrcoeff='1', kde_coeff=None, etube=None, temperature=None, contr_type=None, shuffle_type=None, validate_with=None, transform_type=None, trasform_before=None, num_classes=None, base_alpha=None, alpha_var=None, base_beta=None, beta_var=None, optim_method=None, ilr_c=None, ilr_g=None, mmcosine_scaling=None, ending_epoch=None, load_ongoing=None, commonlayers=None, recon_weight1=None, recon_weight2=None, recon_epochstages=None, recon_ensemblestages=None, lr='0.0001', wd='0.0001', mm=None, cls='mlp', perturb='gen', pre=True, frozen=False, tdqm_disable=False, start_over=True)
2025-11-07 18:44:11,115 - Config - INFO - ./configs/CREMA_D/synergy/nov/synprom_ib.json
2025-11-07 18:44:11,121 - Config - INFO -  THE Configuration of your experiment ..
{'agent': 'Agent',
 'dataset': {'data_roots': '/esat/smcdata/users/kkontras/Image_Dataset/no_backup/CremaD/CREMA-D',
             'data_split': {'fold': 0, 'method': 'non_inclusive'},
             'dataloader_class': 'CramedD_Dataloader',
             'fps': 1,
             'norm': False,
             'norm_face_path': './mydatasets/CREMAD/norm_face_path_fold{}.pkl',
             'norm_wav_path': './mydatasets/CREMAD/wav_norm_16000_fold{}.pkl',
             'num_frame': 3,
             'return_data': {'audio': False,
                             'face': False,
                             'spectrogram': True,
                             'video': True},
             'sampling_rate': 22050},
 'early_stopping': {'end_of_epoch_check': True,
                    'log_interval': 10,
                    'max_epoch': 1500,
                    'n_steps_stop': 20,
                    'n_steps_stop_after': 0,
                    'save_every_step': 3000,
                    'save_every_valstep': 10,
                    'validate_after': 0,
                    'validate_every': 25,
                    'validate_with': 'accuracy'},
 'exp_name': 'CREMAD Experiment',
 'model': {'args': {'bias_infusion': {'ending_epoch': 1500,
                                      'l': 0.1,
                                      'method': 'false',
                                      'plot': False,
                                      'starting_epoch': 0,
                                      'use': True},
                    'clip_grad': False,
                    'cls_type': 'linear',
                    'd_model': 512,
                    'dropout': 0.1,
                    'fc_inner': 64,
                    'multi_loss': {'multi_supervised_w': {'c': 0,
                                                          'combined': 1,
                                                          'g': 0}},
                    'num_classes': 6},
           'encoders': [{'args': {'d_model': 512,
                                  'dropout': 0.1,
                                  'fc_inner': 64,
                                  'freeze_encoder': False,
                                  'num_classes': 6},
                         'model': 'Audio_ResNet',
                         'pretrainedEncoder': {'dir': 'unimodal_audio_fold{}_lr0.001_wd0.0001.pth.tar',
                                               'use': False}},
                        {'args': {'d_model': 512,
                                  'dropout': 0.1,
                                  'fc_inner': 64,
                                  'freeze_encoder': False,
                                  'num_classes': 6},
                         'model': 'Video_ResNet',
                         'pretrainedEncoder': {'dir': 'unimodal_video_fold{}_lr0.001_wd0.0001.pth.tar',
                                               'use': False}}],
           'load_ongoing': False,
           'model_class': 'Fusion_Synprom_IB',
           'save_base_dir': '/esat/smcdata/users/kkontras/Image_Dataset/no_backup/data/2025_data/synergy',
           'save_dir': 'Synprom_IB_{}.pth.tar'},
 'optimizer': {'beta1': 0.9,
               'beta2': 0.999,
               'learning_rate': 1e-05,
               'momentum': 0.9,
               'type': 'Adam',
               'weight_decay': 1e-05},
 'scheduler': {'max_lr': 0.03, 'type': 'cosanneal', 'warm_up_steps': 780},
 'training_params': {'adversarial_training': {'adv_epsilon': 0.01,
                                              'use': False},
                     'async_loading': True,
                     'batch_size': 32,
                     'cuda': True,
                     'data_loader_workers': 8,
                     'gpu_device': [0],
                     'pin_memory': False,
                     'rec_test': True,
                     'res': True,
                     'seed': 109,
                     'tdqm_disable': False,
                     'test_batch_size': 32,
                     'test_on_bottoms': False,
                     'use_test_set': True,
                     'validation': True,
                     'verbose': True,
                     'wandb_disable': False}}
2025-11-07 18:44:11,123 - Config - INFO -  *************************************** 
2025-11-07 18:44:11,123 - Config - INFO - The experiment name is CREMAD Experiment
2025-11-07 18:44:11,123 - Config - INFO -  *************************************** 
2025-11-07 18:44:11,123 - root - INFO - save_dir: Synprom_IB_fold0_l0.01_contrcoeff1_perturbgen_lr0.0001_wd0.0001_clsmlp_pre.pth.tar
2025-11-07 18:44:11,751 - Cuda Statistics - INFO - __Python VERSION:  3.9.18 (main, Sep 11 2023, 13:41:44) 
[GCC 11.2.0]
2025-11-07 18:44:11,752 - Cuda Statistics - INFO - __pyTorch VERSION:  2.0.1+cu118
2025-11-07 18:44:11,752 - Cuda Statistics - INFO - __CUDA VERSION
2025-11-07 18:44:11,760 - Cuda Statistics - INFO - __CUDNN VERSION:  8700
2025-11-07 18:44:11,797 - Cuda Statistics - INFO - __Number CUDA Devices:  1
2025-11-07 18:44:11,797 - Cuda Statistics - INFO - __Devices
2025-11-07 18:44:11,797 - Cuda Statistics - INFO - index, name, driver_version, memory.total [MiB], memory.used [MiB], memory.free [MiB]
2025-11-07 18:44:11,797 - Cuda Statistics - INFO - 0, NVIDIA A100-SXM4-80GB, 580.95.05, 81920 MiB, 4 MiB, 81150 MiB
2025-11-07 18:44:11,802 - Cuda Statistics - INFO - Active CUDA Device: GPU 0
2025-11-07 18:44:11,802 - Cuda Statistics - INFO - Available devices  1
2025-11-07 18:44:11,802 - Cuda Statistics - INFO - Current cuda device  0
This path does not exist /esat/smcdata/users/kkontras/Image_Dataset/no_backup/CremaD/CREMA-D/AudioWAV/1076_MTI_SAD_XX.wav or /esat/smcdata/users/kkontras/Image_Dataset/no_backup/CremaD/CREMA-D/Image-01-FPS/1076_MTI_SAD_XX or /esat/smcdata/users/kkontras/Image_Dataset/no_backup/CremaD/CREMA-D/Face_features/1076_MTI_SAD_XX.npy
2025-11-07 18:44:14,639 - root - INFO - Loaded wav norm from ./mydatasets/CREMAD/wav_norm_16000_fold0.pkl
2025-11-07 18:44:14,681 - root - INFO - Norm values are {'mean': tensor(-2.7937e-05), 'std': tensor(0.0613), 'max_duration': 4.8715625}
2025-11-07 18:44:15,297 - root - INFO - Loaded wav norm from ./mydatasets/CREMAD/wav_norm_16000_fold0.pkl
2025-11-07 18:44:15,298 - root - INFO - Norm values are {'mean': tensor(-2.7937e-05), 'std': tensor(0.0613), 'max_duration': 4.8715625}
2025-11-07 18:44:15,920 - root - INFO - Loaded wav norm from ./mydatasets/CREMAD/wav_norm_16000_fold0.pkl
2025-11-07 18:44:15,921 - root - INFO - Norm values are {'mean': tensor(-2.7937e-05), 'std': tensor(0.0613), 'max_duration': 4.8715625}
Available cores 8
We are changing dataloader workers to num of cores 0
2025-11-07 18:44:15,923 - Agent - INFO - Device: cuda:0
2025-11-07 18:44:15,923 - Agent - INFO - Total training batches: 127, validate every 25 batches, steps per epoch: 6
2025-11-07 18:44:22,022 - Agent - INFO - Loss Weights are {'total': 1, 'combined': 1, 'c': 0, 'g': 0}
2025-11-07 18:44:22,981 - root - INFO - Loading enc best model state dict from /esat/smcdata/users/kkontras/Image_Dataset/no_backup/data/2025_data/synergy/unimodal_audio_fold0_lr0.001_wd0.0001.pth.tar
Replacing module
2025-11-07 18:44:23,798 - root - INFO - Loading enc best model state dict from /esat/smcdata/users/kkontras/Image_Dataset/no_backup/data/2025_data/synergy/unimodal_video_fold0_lr0.001_wd0.0001.pth.tar
Replacing module
2025-11-07 18:44:23,853 - Agent - INFO - Total number of trainable parameters are: 23483032
2025-11-07 18:44:23,864 - Agent - INFO - Total number of trainable parameters are: 23483032
2025-11-07 18:48:59,417 - Agent - INFO - [37mVal Epoch 1 step 1 with [31mce_loss_combined : 0.673876 [31mtotal : 0.673876 [94mAcc_combined: 75.06 [94mAcc_c: 58.88 [94mAcc_g: 60.36 [95mCEU_cue_audio: 0.7626 [95mCEU_cue_video: 0.6484 [95mCEU_synergy: 0.2050 [95mCEU_coexistence: 0.9677 
2025-11-07 18:48:59,442 - Agent - INFO - [37mTest Epoch 1 step 1 with [31mce_loss_combined : 0.903402 [31mtotal : 0.903402 [94mAcc_combined: 68.52 [94mAcc_c: 52.28 [94mAcc_g: 53.73 
2025-11-07 18:49:00,647 - Agent - INFO - [37mModels has saved successfully in /esat/smcdata/users/kkontras/Image_Dataset/no_backup/data/2025_data/synergy/Synprom_IB_fold0_l0.01_contrcoeff1_perturbgen_lr0.0001_wd0.0001_clsmlp_pre.pth.tar
2025-11-07 18:53:01,416 - Agent - INFO - [37mVal Epoch 2 step 2 with [31mce_loss_combined : 0.745022 [31mtotal : 0.745022 [94mAcc_combined: 75.40 [94mAcc_c: 62.76 [94mAcc_g: 56.61 [95mCEU_cue_audio: 0.5798 [95mCEU_cue_video: 0.8302 [95mCEU_synergy: 0.3115 [95mCEU_coexistence: 0.9677 
2025-11-07 18:53:01,440 - Agent - INFO - [37mTest Epoch 2 step 2 with [31mce_loss_combined : 1.037338 [31mtotal : 1.037338 [94mAcc_combined: 68.52 [94mAcc_c: 55.62 [94mAcc_g: 55.06 
2025-11-07 18:53:02,249 - Agent - INFO - [37mModels has saved successfully in /esat/smcdata/users/kkontras/Image_Dataset/no_backup/data/2025_data/synergy/Synprom_IB_fold0_l0.01_contrcoeff1_perturbgen_lr0.0001_wd0.0001_clsmlp_pre.pth.tar
2025-11-07 18:56:58,972 - Agent - INFO - [37mVal Epoch 3 step 3 with [31mce_loss_combined : 1.001095 [31mtotal : 1.001095 [94mAcc_combined: 70.96 [94mAcc_c: 62.07 [94mAcc_g: 56.95 [95mCEU_cue_audio: 0.4338 [95mCEU_cue_video: 0.8302 [95mCEU_synergy: 0.3281 [95mCEU_coexistence: 0.9436 
2025-11-07 19:01:00,575 - Agent - INFO - [37mVal Epoch 4 step 4 with [31mce_loss_combined : 1.120214 [31mtotal : 1.120214 [94mAcc_combined: 69.59 [94mAcc_c: 62.98 [94mAcc_g: 57.86 [95mCEU_cue_audio: 0.4293 [95mCEU_cue_video: 0.8121 [95mCEU_synergy: 0.2460 [95mCEU_coexistence: 0.9490 
2025-11-07 19:05:02,032 - Agent - INFO - [37mVal Epoch 5 step 5 with [31mce_loss_combined : 1.197055 [31mtotal : 1.197055 [94mAcc_combined: 69.70 [94mAcc_c: 60.93 [94mAcc_g: 57.97 [95mCEU_cue_audio: 0.3836 [95mCEU_cue_video: 0.8728 [95mCEU_synergy: 0.1885 [95mCEU_coexistence: 0.9705 
2025-11-07 19:09:03,939 - Agent - INFO - [37mVal Epoch 6 step 6 with [31mce_loss_combined : 1.242265 [31mtotal : 1.242265 [94mAcc_combined: 69.48 [94mAcc_c: 60.59 [94mAcc_g: 57.29 [95mCEU_cue_audio: 0.3607 [95mCEU_cue_video: 0.8665 [95mCEU_synergy: 0.2871 [95mCEU_coexistence: 0.9490 
2025-11-07 19:13:03,856 - Agent - INFO - [37mVal Epoch 7 step 7 with [31mce_loss_combined : 1.204409 [31mtotal : 1.204409 [94mAcc_combined: 69.48 [94mAcc_c: 61.73 [94mAcc_g: 57.52 [95mCEU_cue_audio: 0.4064 [95mCEU_cue_video: 0.8425 [95mCEU_synergy: 0.2786 [95mCEU_coexistence: 0.9356 
2025-11-07 19:17:04,724 - Agent - INFO - [37mVal Epoch 8 step 8 with [31mce_loss_combined : 1.216563 [31mtotal : 1.216563 [94mAcc_combined: 69.13 [94mAcc_c: 62.64 [94mAcc_g: 57.52 [95mCEU_cue_audio: 0.3745 [95mCEU_cue_video: 0.8665 [95mCEU_synergy: 0.2952 [95mCEU_coexistence: 0.9301 
2025-11-07 19:21:05,298 - Agent - INFO - [37mVal Epoch 9 step 9 with [31mce_loss_combined : 1.247948 [31mtotal : 1.247948 [94mAcc_combined: 69.59 [94mAcc_c: 58.66 [94mAcc_g: 56.04 [95mCEU_cue_audio: 0.4110 [95mCEU_cue_video: 0.8425 [95mCEU_synergy: 0.2621 [95mCEU_coexistence: 0.9408 
2025-11-07 19:25:06,621 - Agent - INFO - [37mVal Epoch 10 step 10 with [31mce_loss_combined : 1.331538 [31mtotal : 1.331538 [94mAcc_combined: 67.77 [94mAcc_c: 60.93 [94mAcc_g: 55.69 [95mCEU_cue_audio: 0.3836 [95mCEU_cue_video: 0.8244 [95mCEU_synergy: 0.2705 [95mCEU_coexistence: 0.9193 
2025-11-07 19:29:06,960 - Agent - INFO - [37mVal Epoch 11 step 11 with [31mce_loss_combined : 1.483235 [31mtotal : 1.483235 [94mAcc_combined: 65.03 [94mAcc_c: 60.36 [94mAcc_g: 55.01 [95mCEU_cue_audio: 0.3103 [95mCEU_cue_video: 0.8244 [95mCEU_synergy: 0.3281 [95mCEU_coexistence: 0.8789 
2025-11-07 19:33:09,963 - Agent - INFO - [37mVal Epoch 12 step 12 with [31mce_loss_combined : 1.479091 [31mtotal : 1.479091 [94mAcc_combined: 66.29 [94mAcc_c: 60.25 [94mAcc_g: 54.33 [95mCEU_cue_audio: 0.3424 [95mCEU_cue_video: 0.8484 [95mCEU_synergy: 0.3115 [95mCEU_coexistence: 0.8844 
2025-11-07 19:37:10,595 - Agent - INFO - [37mVal Epoch 13 step 13 with [31mce_loss_combined : 1.454366 [31mtotal : 1.454366 [94mAcc_combined: 66.74 [94mAcc_c: 60.82 [94mAcc_g: 55.58 [95mCEU_cue_audio: 0.3332 [95mCEU_cue_video: 0.8362 [95mCEU_synergy: 0.2871 [95mCEU_coexistence: 0.9141 
2025-11-07 19:41:13,595 - Agent - INFO - [37mVal Epoch 14 step 14 with [31mce_loss_combined : 1.244107 [31mtotal : 1.244107 [94mAcc_combined: 69.82 [94mAcc_c: 61.96 [94mAcc_g: 56.38 [95mCEU_cue_audio: 0.4202 [95mCEU_cue_video: 0.8425 [95mCEU_synergy: 0.2376 [95mCEU_coexistence: 0.9490 
2025-11-07 19:45:14,387 - Agent - INFO - [37mVal Epoch 15 step 15 with [31mce_loss_combined : 1.348196 [31mtotal : 1.348196 [94mAcc_combined: 67.65 [94mAcc_c: 61.05 [94mAcc_g: 55.69 [95mCEU_cue_audio: 0.3516 [95mCEU_cue_video: 0.8665 [95mCEU_synergy: 0.2621 [95mCEU_coexistence: 0.9193 
2025-11-07 19:49:14,889 - Agent - INFO - [37mVal Epoch 16 step 16 with [31mce_loss_combined : 1.444229 [31mtotal : 1.444229 [94mAcc_combined: 66.06 [94mAcc_c: 61.16 [94mAcc_g: 55.24 [95mCEU_cue_audio: 0.3745 [95mCEU_cue_video: 0.8181 [95mCEU_synergy: 0.2871 [95mCEU_coexistence: 0.8818 
2025-11-07 19:53:15,558 - Agent - INFO - [37mVal Epoch 17 step 17 with [31mce_loss_combined : 1.404715 [31mtotal : 1.404715 [94mAcc_combined: 68.34 [94mAcc_c: 59.23 [94mAcc_g: 56.15 [95mCEU_cue_audio: 0.3745 [95mCEU_cue_video: 0.8425 [95mCEU_synergy: 0.3031 [95mCEU_coexistence: 0.9193 
2025-11-07 19:57:13,344 - Agent - INFO - [37mVal Epoch 18 step 18 with [31mce_loss_combined : 1.194051 [31mtotal : 1.194051 [94mAcc_combined: 70.96 [94mAcc_c: 57.86 [94mAcc_g: 57.63 [95mCEU_cue_audio: 0.4567 [95mCEU_cue_video: 0.8181 [95mCEU_synergy: 0.2952 [95mCEU_coexistence: 0.9462 
2025-11-07 20:01:12,793 - Agent - INFO - [37mVal Epoch 19 step 19 with [31mce_loss_combined : 1.332231 [31mtotal : 1.332231 [94mAcc_combined: 68.34 [94mAcc_c: 59.68 [94mAcc_g: 56.61 [95mCEU_cue_audio: 0.3699 [95mCEU_cue_video: 0.8606 [95mCEU_synergy: 0.2705 [95mCEU_coexistence: 0.9247 
2025-11-07 20:05:16,235 - Agent - INFO - [37mVal Epoch 20 step 20 with [31mce_loss_combined : 1.209098 [31mtotal : 1.209098 [94mAcc_combined: 70.96 [94mAcc_c: 58.88 [94mAcc_g: 57.06 [95mCEU_cue_audio: 0.4749 [95mCEU_cue_video: 0.8244 [95mCEU_synergy: 0.2460 [95mCEU_coexistence: 0.9490 
2025-11-07 20:09:17,971 - Agent - INFO - [37mVal Epoch 21 step 21 with [31mce_loss_combined : 1.343292 [31mtotal : 1.343292 [94mAcc_combined: 66.17 [94mAcc_c: 58.43 [94mAcc_g: 54.78 [95mCEU_cue_audio: 0.4338 [95mCEU_cue_video: 0.7878 [95mCEU_synergy: 0.2705 [95mCEU_coexistence: 0.8683 
2025-11-07 20:09:19,010 - Agent - INFO - We are in the final state.
2025-11-07 20:09:19,365 - root - INFO - Loaded best model from /esat/smcdata/users/kkontras/Image_Dataset/no_backup/data/2025_data/synergy/Synprom_IB_fold0_l0.01_contrcoeff1_perturbgen_lr0.0001_wd0.0001_clsmlp_pre.pth.tar
2025-11-07 20:09:38,839 - Agent - INFO - [37mVal Epoch 21 step 0 with [31mce_loss_combined : 0.745022 [31mtotal : 0.745022 [94mAcc_combined: 75.40 [94mAcc_c: 62.76 [94mAcc_g: 56.61 [95mCEU_cue_audio: 0.5798 [95mCEU_cue_video: 0.8302 [95mCEU_synergy: 0.3115 [95mCEU_coexistence: 0.9677 
2025-11-07 20:09:58,593 - Agent - INFO - [37mTest Epoch 21 step 0 with [31mce_loss_combined : 1.037338 [31mtotal : 1.037338 [94mAcc_combined: 68.52 [94mAcc_c: 55.62 [94mAcc_g: 55.06 
2025-11-07 20:10:00,623 - Agent - INFO - [37mModels has saved successfully in /esat/smcdata/users/kkontras/Image_Dataset/no_backup/data/2025_data/synergy/Synprom_IB_fold0_l0.01_contrcoeff1_perturbgen_lr0.0001_wd0.0001_clsmlp_pre.pth.tar
Job finished
