000 (009.001.000) 2025-11-07 18:42:49 Job submitted from host: <10.87.28.209:9618?addrs=10.87.28.209-9618&alias=krakas.esat.kuleuven.be&noUDP&sock=schedd_1611_9729>
...
001 (009.001.000) 2025-11-07 18:43:00 Job executing on host: <10.87.24.25:9618?addrs=10.87.24.25-9618+[--1]-9618&alias=estragon.esat.kuleuven.be&noUDP&sock=startd_2009_95db>
	SlotName: slot1_1@estragon.esat.kuleuven.be
	AvailableGPUs = { GPUs_GPU_fd0ce06a }
	CondorScratchDir = "/usr/data/condor/execute/dir_228068"
	Cpus = 8
	Disk = 1054592
	GPUs = 1
	GPUs_GPU_fd0ce06a = [ Id = "GPU-fd0ce06a"; ClockMhz = 1328.5; Capability = 6.0; CoresPerCU = 64; DeviceName = "Tesla P100-PCIE-16GB"; DeviceUuid = "fd0ce06a-713e-f0de-00ac-18e3e9780412"; ECCEnabled = true; ComputeUnits = 56; NvidiaDriver = "580.95.05"; DriverVersion = 13.0; DevicePciBusId = "0000:08:00.0"; GlobalMemoryMb = 16269; MaxSupportedVersion = 13000 ]
	Memory = 71680
...
006 (009.001.000) 2025-11-07 18:43:09 Image size of job updated: 109916
	108  -  MemoryUsage of job (MB)
	109916  -  ResidentSetSize of job (KB)
...
006 (009.001.000) 2025-11-07 18:48:10 Image size of job updated: 1330388
	1293  -  MemoryUsage of job (MB)
	1323304  -  ResidentSetSize of job (KB)
...
006 (009.001.000) 2025-11-07 18:53:10 Image size of job updated: 1478192
	1337  -  MemoryUsage of job (MB)
	1368920  -  ResidentSetSize of job (KB)
...
006 (009.001.000) 2025-11-07 18:58:12 Image size of job updated: 1500548
	1411  -  MemoryUsage of job (MB)
	1444096  -  ResidentSetSize of job (KB)
...
006 (009.001.000) 2025-11-07 19:08:12 Image size of job updated: 1518452
	1428  -  MemoryUsage of job (MB)
	1462100  -  ResidentSetSize of job (KB)
...
006 (009.001.000) 2025-11-07 19:13:13 Image size of job updated: 1520248
	1430  -  MemoryUsage of job (MB)
	1463816  -  ResidentSetSize of job (KB)
...
006 (009.001.000) 2025-11-07 19:18:13 Image size of job updated: 1520248
	1430  -  MemoryUsage of job (MB)
	1463920  -  ResidentSetSize of job (KB)
...
006 (009.001.000) 2025-11-07 19:28:14 Image size of job updated: 1520476
	1430  -  MemoryUsage of job (MB)
	1463920  -  ResidentSetSize of job (KB)
...
006 (009.001.000) 2025-11-07 19:48:16 Image size of job updated: 1552392
	1431  -  MemoryUsage of job (MB)
	1464684  -  ResidentSetSize of job (KB)
...
006 (009.001.000) 2025-11-07 19:53:16 Image size of job updated: 1563880
	1528  -  MemoryUsage of job (MB)
	1563880  -  ResidentSetSize of job (KB)
...
005 (009.001.000) 2025-11-07 21:02:42 Job terminated.
	(1) Normal termination (return value 0)
		Usr 0 05:42:43, Sys 0 00:34:42  -  Run Remote Usage
		Usr 0 00:00:00, Sys 0 00:00:00  -  Run Local Usage
		Usr 0 05:42:43, Sys 0 00:34:42  -  Total Remote Usage
		Usr 0 00:00:00, Sys 0 00:00:00  -  Total Local Usage
	0  -  Run Bytes Sent By Job
	0  -  Run Bytes Received By Job
	0  -  Total Bytes Sent By Job
	0  -  Total Bytes Received By Job
	Partitionable Resources :    Usage  Request Allocated Assigned
	   Cpus                 :     2.34        8         8 
	   Disk (KB)            :     2     1048576   1054592 
	   GPUs                 :     0.66        1         1 "GPU-fd0ce06a"
	   GpusMemory (MB)      :  9049                       
	   Memory (MB)          :  1528       71680     71680 
	   TimeExecute (s)      :  8382                       
	   TimeSlotBusy (s)     :  8383                       
...
