Starting Job
/esat/smcdata/users/kkontras/Image_Dataset/no_backup/git/Synergy/train.py
/esat/smcdata/users/kkontras/Image_Dataset/no_backup/envs/balance_env/bin/python
Python 3.9.18
/esat/smcdata/users/kkontras/Image_Dataset/no_backup/git/Synergy
We have 1 GPU
/esat/smcdata/users/kkontras/Image_Dataset/no_backup/git/Synergy/train.py
config-./configs/CREMA_D/synergy/nov/synprom_ib.json
Executing command: accelerate launch /esat/smcdata/users/kkontras/Image_Dataset/no_backup/git/Synergy/train.py --config ./configs/CREMA_D/synergy/nov/synprom_ib.json --default_config ./configs/CREMA_D/default_config_cremad_res_syn.json --fold 1 --pre  --l 0.3 --contrcoeff 1 --lr 0.0001 --wd 0.0001 --cls mlp --perturb gen --start_over 
Namespace(config='./configs/CREMA_D/synergy/nov/synprom_ib.json', default_config='./configs/CREMA_D/default_config_cremad_res_syn.json', fold='1', alpha=None, tanh_mode=None, tanh_mode_beta=None, regby=None, clip=None, batch_size=None, l='0.3', multil=None, l_diffsq=None, lib=None, ratio_us=None, ratio_snr=None, kmepoch=None, num_samples=None, pow=None, nstep=None, contrcoeff='1', kde_coeff=None, etube=None, temperature=None, contr_type=None, shuffle_type=None, validate_with=None, transform_type=None, trasform_before=None, num_classes=None, base_alpha=None, alpha_var=None, base_beta=None, beta_var=None, optim_method=None, ilr_c=None, ilr_g=None, mmcosine_scaling=None, ending_epoch=None, load_ongoing=None, commonlayers=None, recon_weight1=None, recon_weight2=None, recon_epochstages=None, recon_ensemblestages=None, lr='0.0001', wd='0.0001', mm=None, cls='mlp', perturb='gen', pre=True, frozen=False, tdqm_disable=False, start_over=True)
2025-11-07 21:03:38,615 - Config - INFO - ./configs/CREMA_D/synergy/nov/synprom_ib.json
2025-11-07 21:03:38,621 - Config - INFO -  THE Configuration of your experiment ..
{'agent': 'Agent',
 'dataset': {'data_roots': '/esat/smcdata/users/kkontras/Image_Dataset/no_backup/CremaD/CREMA-D',
             'data_split': {'fold': 0, 'method': 'non_inclusive'},
             'dataloader_class': 'CramedD_Dataloader',
             'fps': 1,
             'norm': False,
             'norm_face_path': './mydatasets/CREMAD/norm_face_path_fold{}.pkl',
             'norm_wav_path': './mydatasets/CREMAD/wav_norm_16000_fold{}.pkl',
             'num_frame': 3,
             'return_data': {'audio': False,
                             'face': False,
                             'spectrogram': True,
                             'video': True},
             'sampling_rate': 22050},
 'early_stopping': {'end_of_epoch_check': True,
                    'log_interval': 10,
                    'max_epoch': 1500,
                    'n_steps_stop': 20,
                    'n_steps_stop_after': 0,
                    'save_every_step': 3000,
                    'save_every_valstep': 10,
                    'validate_after': 0,
                    'validate_every': 25,
                    'validate_with': 'accuracy'},
 'exp_name': 'CREMAD Experiment',
 'model': {'args': {'bias_infusion': {'ending_epoch': 1500,
                                      'l': 0.1,
                                      'method': 'false',
                                      'plot': False,
                                      'starting_epoch': 0,
                                      'use': True},
                    'clip_grad': False,
                    'cls_type': 'linear',
                    'd_model': 512,
                    'dropout': 0.1,
                    'fc_inner': 64,
                    'multi_loss': {'multi_supervised_w': {'c': 0,
                                                          'combined': 1,
                                                          'g': 0}},
                    'num_classes': 6},
           'encoders': [{'args': {'d_model': 512,
                                  'dropout': 0.1,
                                  'fc_inner': 64,
                                  'freeze_encoder': False,
                                  'num_classes': 6},
                         'model': 'Audio_ResNet',
                         'pretrainedEncoder': {'dir': 'unimodal_audio_fold{}_lr0.001_wd0.0001.pth.tar',
                                               'use': False}},
                        {'args': {'d_model': 512,
                                  'dropout': 0.1,
                                  'fc_inner': 64,
                                  'freeze_encoder': False,
                                  'num_classes': 6},
                         'model': 'Video_ResNet',
                         'pretrainedEncoder': {'dir': 'unimodal_video_fold{}_lr0.001_wd0.0001.pth.tar',
                                               'use': False}}],
           'load_ongoing': False,
           'model_class': 'Fusion_Synprom_IB',
           'save_base_dir': '/esat/smcdata/users/kkontras/Image_Dataset/no_backup/data/2025_data/synergy',
           'save_dir': 'Synprom_IB_{}.pth.tar'},
 'optimizer': {'beta1': 0.9,
               'beta2': 0.999,
               'learning_rate': 1e-05,
               'momentum': 0.9,
               'type': 'Adam',
               'weight_decay': 1e-05},
 'scheduler': {'max_lr': 0.03, 'type': 'cosanneal', 'warm_up_steps': 780},
 'training_params': {'adversarial_training': {'adv_epsilon': 0.01,
                                              'use': False},
                     'async_loading': True,
                     'batch_size': 32,
                     'cuda': True,
                     'data_loader_workers': 8,
                     'gpu_device': [0],
                     'pin_memory': False,
                     'rec_test': True,
                     'res': True,
                     'seed': 109,
                     'tdqm_disable': False,
                     'test_batch_size': 32,
                     'test_on_bottoms': False,
                     'use_test_set': True,
                     'validation': True,
                     'verbose': True,
                     'wandb_disable': False}}
2025-11-07 21:03:38,624 - Config - INFO -  *************************************** 
2025-11-07 21:03:38,624 - Config - INFO - The experiment name is CREMAD Experiment
2025-11-07 21:03:38,624 - Config - INFO -  *************************************** 
2025-11-07 21:03:38,624 - root - INFO - save_dir: Synprom_IB_fold1_l0.3_contrcoeff1_perturbgen_lr0.0001_wd0.0001_clsmlp_pre.pth.tar
2025-11-07 21:03:38,847 - Cuda Statistics - INFO - __Python VERSION:  3.9.18 (main, Sep 11 2023, 13:41:44) 
[GCC 11.2.0]
2025-11-07 21:03:38,848 - Cuda Statistics - INFO - __pyTorch VERSION:  2.0.1+cu118
2025-11-07 21:03:38,848 - Cuda Statistics - INFO - __CUDA VERSION
2025-11-07 21:03:38,851 - Cuda Statistics - INFO - __CUDNN VERSION:  8700
2025-11-07 21:03:38,897 - Cuda Statistics - INFO - __Number CUDA Devices:  1
2025-11-07 21:03:38,897 - Cuda Statistics - INFO - __Devices
2025-11-07 21:03:38,897 - Cuda Statistics - INFO - index, name, driver_version, memory.total [MiB], memory.used [MiB], memory.free [MiB]
2025-11-07 21:03:38,897 - Cuda Statistics - INFO - 0, Tesla P100-PCIE-16GB, 580.95.05, 16384 MiB, 3 MiB, 16268 MiB
2025-11-07 21:03:38,899 - Cuda Statistics - INFO - Active CUDA Device: GPU 0
2025-11-07 21:03:38,899 - Cuda Statistics - INFO - Available devices  1
2025-11-07 21:03:38,900 - Cuda Statistics - INFO - Current cuda device  0
This path does not exist /esat/smcdata/users/kkontras/Image_Dataset/no_backup/CremaD/CREMA-D/AudioWAV/1076_MTI_SAD_XX.wav or /esat/smcdata/users/kkontras/Image_Dataset/no_backup/CremaD/CREMA-D/Image-01-FPS/1076_MTI_SAD_XX or /esat/smcdata/users/kkontras/Image_Dataset/no_backup/CremaD/CREMA-D/Face_features/1076_MTI_SAD_XX.npy
2025-11-07 21:03:41,130 - root - INFO - Loaded wav norm from ./mydatasets/CREMAD/wav_norm_16000_fold1.pkl
2025-11-07 21:03:41,136 - root - INFO - Norm values are {'mean': tensor(-2.6751e-05), 'std': tensor(0.0610), 'max_duration': 5.005}
2025-11-07 21:03:41,367 - root - INFO - Loaded wav norm from ./mydatasets/CREMAD/wav_norm_16000_fold1.pkl
2025-11-07 21:03:41,368 - root - INFO - Norm values are {'mean': tensor(-2.6751e-05), 'std': tensor(0.0610), 'max_duration': 5.005}
2025-11-07 21:03:41,488 - root - INFO - Loaded wav norm from ./mydatasets/CREMAD/wav_norm_16000_fold1.pkl
2025-11-07 21:03:41,489 - root - INFO - Norm values are {'mean': tensor(-2.6751e-05), 'std': tensor(0.0610), 'max_duration': 5.005}
Available cores 8
We are changing dataloader workers to num of cores 0
2025-11-07 21:03:41,493 - Agent - INFO - Device: cuda:0
2025-11-07 21:03:41,493 - Agent - INFO - Total training batches: 126, validate every 25 batches, steps per epoch: 6
2025-11-07 21:03:48,204 - Agent - INFO - Loss Weights are {'total': 1, 'combined': 1, 'c': 0, 'g': 0}
2025-11-07 21:03:49,245 - root - INFO - Loading enc best model state dict from /esat/smcdata/users/kkontras/Image_Dataset/no_backup/data/2025_data/synergy/unimodal_audio_fold1_lr0.001_wd0.0001.pth.tar
Replacing module
2025-11-07 21:03:49,754 - root - INFO - Loading enc best model state dict from /esat/smcdata/users/kkontras/Image_Dataset/no_backup/data/2025_data/synergy/unimodal_video_fold1_lr0.001_wd0.0001.pth.tar
Replacing module
2025-11-07 21:03:49,854 - Agent - INFO - Total number of trainable parameters are: 23483032
2025-11-07 21:03:49,882 - Agent - INFO - Total number of trainable parameters are: 23483032
2025-11-07 21:11:11,211 - Agent - INFO - [37mVal Epoch 1 step 1 with [31mce_loss_combined : 0.907693 [31mtotal : 0.907693 [94mAcc_combined: 74.69 [94mAcc_c: 59.48 [94mAcc_g: 51.87 [95mCEU_cue_audio: 0.7646 [95mCEU_cue_video: 0.7323 [95mCEU_synergy: 0.2345 [95mCEU_coexistence: 0.9779 
2025-11-07 21:11:11,235 - Agent - INFO - [37mTest Epoch 1 step 1 with [31mce_loss_combined : 0.859213 [31mtotal : 0.859213 [94mAcc_combined: 76.28 [94mAcc_c: 59.23 [94mAcc_g: 59.78 
2025-11-07 21:11:12,207 - Agent - INFO - [37mModels has saved successfully in /esat/smcdata/users/kkontras/Image_Dataset/no_backup/data/2025_data/synergy/Synprom_IB_fold1_l0.3_contrcoeff1_perturbgen_lr0.0001_wd0.0001_clsmlp_pre.pth.tar
2025-11-07 21:18:33,973 - Agent - INFO - [37mVal Epoch 2 step 2 with [31mce_loss_combined : 1.042780 [31mtotal : 1.042780 [94mAcc_combined: 63.79 [94mAcc_c: 54.94 [94mAcc_g: 52.21 [95mCEU_cue_audio: 0.3908 [95mCEU_cue_video: 0.8142 [95mCEU_synergy: 0.1792 [95mCEU_coexistence: 0.9334 
2025-11-07 21:25:56,906 - Agent - INFO - [37mVal Epoch 3 step 3 with [31mce_loss_combined : 1.227833 [31mtotal : 1.227833 [94mAcc_combined: 60.39 [94mAcc_c: 53.58 [94mAcc_g: 52.33 [95mCEU_cue_audio: 0.2983 [95mCEU_cue_video: 0.8089 [95mCEU_synergy: 0.1860 [95mCEU_coexistence: 0.9080 
2025-11-07 21:33:15,646 - Agent - INFO - [37mVal Epoch 4 step 4 with [31mce_loss_combined : 1.372657 [31mtotal : 1.372657 [94mAcc_combined: 59.36 [94mAcc_c: 53.69 [94mAcc_g: 51.99 [95mCEU_cue_audio: 0.2521 [95mCEU_cue_video: 0.8252 [95mCEU_synergy: 0.1860 [95mCEU_coexistence: 0.9046 
2025-11-07 21:40:41,835 - Agent - INFO - [37mVal Epoch 5 step 5 with [31mce_loss_combined : 1.330086 [31mtotal : 1.330086 [94mAcc_combined: 59.70 [94mAcc_c: 56.98 [94mAcc_g: 52.67 [95mCEU_cue_audio: 0.2773 [95mCEU_cue_video: 0.8142 [95mCEU_synergy: 0.1519 [95mCEU_coexistence: 0.9175 
2025-11-07 21:48:00,990 - Agent - INFO - [37mVal Epoch 6 step 6 with [31mce_loss_combined : 1.486941 [31mtotal : 1.486941 [94mAcc_combined: 57.43 [94mAcc_c: 52.67 [94mAcc_g: 51.31 [95mCEU_cue_audio: 0.2436 [95mCEU_cue_video: 0.7925 [95mCEU_synergy: 0.1999 [95mCEU_coexistence: 0.8699 
2025-11-07 21:55:17,429 - Agent - INFO - [37mVal Epoch 7 step 7 with [31mce_loss_combined : 1.388155 [31mtotal : 1.388155 [94mAcc_combined: 59.70 [94mAcc_c: 52.44 [94mAcc_g: 51.19 [95mCEU_cue_audio: 0.2983 [95mCEU_cue_video: 0.8089 [95mCEU_synergy: 0.1653 [95mCEU_coexistence: 0.8985 
2025-11-07 22:02:38,772 - Agent - INFO - [37mVal Epoch 8 step 8 with [31mce_loss_combined : 1.280707 [31mtotal : 1.280707 [94mAcc_combined: 62.88 [94mAcc_c: 54.14 [94mAcc_g: 53.01 [95mCEU_cue_audio: 0.3697 [95mCEU_cue_video: 0.8142 [95mCEU_synergy: 0.1725 [95mCEU_coexistence: 0.9270 
2025-11-07 22:09:58,259 - Agent - INFO - [37mVal Epoch 9 step 9 with [31mce_loss_combined : 1.239763 [31mtotal : 1.239763 [94mAcc_combined: 64.93 [94mAcc_c: 56.07 [94mAcc_g: 55.28 [95mCEU_cue_audio: 0.3697 [95mCEU_cue_video: 0.8469 [95mCEU_synergy: 0.1586 [95mCEU_coexistence: 0.9715 
2025-11-07 22:17:20,137 - Agent - INFO - [37mVal Epoch 10 step 10 with [31mce_loss_combined : 1.304281 [31mtotal : 1.304281 [94mAcc_combined: 62.43 [94mAcc_c: 54.60 [94mAcc_g: 52.55 [95mCEU_cue_audio: 0.3151 [95mCEU_cue_video: 0.8359 [95mCEU_synergy: 0.1653 [95mCEU_coexistence: 0.9460 
2025-11-07 22:24:40,991 - Agent - INFO - [37mVal Epoch 11 step 11 with [31mce_loss_combined : 1.419874 [31mtotal : 1.419874 [94mAcc_combined: 59.93 [94mAcc_c: 52.10 [94mAcc_g: 50.96 [95mCEU_cue_audio: 0.2857 [95mCEU_cue_video: 0.8195 [95mCEU_synergy: 0.1586 [95mCEU_coexistence: 0.9111 
2025-11-07 22:32:05,389 - Agent - INFO - [37mVal Epoch 12 step 12 with [31mce_loss_combined : 1.222488 [31mtotal : 1.222488 [94mAcc_combined: 63.90 [94mAcc_c: 52.67 [94mAcc_g: 54.60 [95mCEU_cue_audio: 0.3571 [95mCEU_cue_video: 0.8416 [95mCEU_synergy: 0.1792 [95mCEU_coexistence: 0.9460 
2025-11-07 22:39:23,842 - Agent - INFO - [37mVal Epoch 13 step 13 with [31mce_loss_combined : 1.273280 [31mtotal : 1.273280 [94mAcc_combined: 64.81 [94mAcc_c: 57.78 [94mAcc_g: 53.12 [95mCEU_cue_audio: 0.3739 [95mCEU_cue_video: 0.8416 [95mCEU_synergy: 0.2139 [95mCEU_coexistence: 0.9429 
2025-11-07 22:46:45,829 - Agent - INFO - [37mVal Epoch 14 step 14 with [31mce_loss_combined : 1.316552 [31mtotal : 1.316552 [94mAcc_combined: 63.11 [94mAcc_c: 54.60 [94mAcc_g: 53.46 [95mCEU_cue_audio: 0.3446 [95mCEU_cue_video: 0.8416 [95mCEU_synergy: 0.1860 [95mCEU_coexistence: 0.9301 
2025-11-07 22:54:09,228 - Agent - INFO - [37mVal Epoch 15 step 15 with [31mce_loss_combined : 1.196240 [31mtotal : 1.196240 [94mAcc_combined: 65.15 [94mAcc_c: 55.96 [94mAcc_g: 54.37 [95mCEU_cue_audio: 0.3657 [95mCEU_cue_video: 0.8527 [95mCEU_synergy: 0.1932 [95mCEU_coexistence: 0.9620 
2025-11-07 23:01:33,354 - Agent - INFO - [37mVal Epoch 16 step 16 with [31mce_loss_combined : 1.221822 [31mtotal : 1.221822 [94mAcc_combined: 63.68 [94mAcc_c: 56.87 [94mAcc_g: 53.80 [95mCEU_cue_audio: 0.3613 [95mCEU_cue_video: 0.8359 [95mCEU_synergy: 0.1792 [95mCEU_coexistence: 0.9396 
2025-11-07 23:08:56,849 - Agent - INFO - [37mVal Epoch 17 step 17 with [31mce_loss_combined : 1.372842 [31mtotal : 1.372842 [94mAcc_combined: 60.73 [94mAcc_c: 49.38 [94mAcc_g: 51.19 [95mCEU_cue_audio: 0.3068 [95mCEU_cue_video: 0.8195 [95mCEU_synergy: 0.1860 [95mCEU_coexistence: 0.9046 
2025-11-07 23:16:17,872 - Agent - INFO - [37mVal Epoch 18 step 18 with [31mce_loss_combined : 1.290764 [31mtotal : 1.290764 [94mAcc_combined: 63.00 [94mAcc_c: 57.43 [94mAcc_g: 51.99 [95mCEU_cue_audio: 0.3571 [95mCEU_cue_video: 0.8305 [95mCEU_synergy: 0.1932 [95mCEU_coexistence: 0.9206 
2025-11-07 23:23:36,884 - Agent - INFO - [37mVal Epoch 19 step 19 with [31mce_loss_combined : 1.255070 [31mtotal : 1.255070 [94mAcc_combined: 64.81 [94mAcc_c: 56.64 [94mAcc_g: 54.37 [95mCEU_cue_audio: 0.3823 [95mCEU_cue_video: 0.8527 [95mCEU_synergy: 0.1586 [95mCEU_coexistence: 0.9555 
2025-11-07 23:31:03,603 - Agent - INFO - [37mVal Epoch 20 step 20 with [31mce_loss_combined : 1.339324 [31mtotal : 1.339324 [94mAcc_combined: 64.25 [94mAcc_c: 51.76 [94mAcc_g: 53.35 [95mCEU_cue_audio: 0.3908 [95mCEU_cue_video: 0.8195 [95mCEU_synergy: 0.1999 [95mCEU_coexistence: 0.9334 
2025-11-07 23:31:06,917 - Agent - INFO - We are in the final state.
2025-11-07 23:31:07,319 - root - INFO - Loaded best model from /esat/smcdata/users/kkontras/Image_Dataset/no_backup/data/2025_data/synergy/Synprom_IB_fold1_l0.3_contrcoeff1_perturbgen_lr0.0001_wd0.0001_clsmlp_pre.pth.tar
2025-11-07 23:31:32,904 - Agent - INFO - [37mVal Epoch 20 step 0 with [31mce_loss_combined : 0.907693 [31mtotal : 0.907693 [94mAcc_combined: 74.69 [94mAcc_c: 59.48 [94mAcc_g: 51.87 [95mCEU_cue_audio: 0.7646 [95mCEU_cue_video: 0.7323 [95mCEU_synergy: 0.2345 [95mCEU_coexistence: 0.9779 
2025-11-07 23:32:00,227 - Agent - INFO - [37mTest Epoch 20 step 0 with [31mce_loss_combined : 0.859213 [31mtotal : 0.859213 [94mAcc_combined: 76.28 [94mAcc_c: 59.23 [94mAcc_g: 59.78 
2025-11-07 23:32:01,917 - Agent - INFO - [37mModels has saved successfully in /esat/smcdata/users/kkontras/Image_Dataset/no_backup/data/2025_data/synergy/Synprom_IB_fold1_l0.3_contrcoeff1_perturbgen_lr0.0001_wd0.0001_clsmlp_pre.pth.tar
Job finished
