000 (009.011.000) 2025-11-07 18:42:49 Job submitted from host: <10.87.28.209:9618?addrs=10.87.28.209-9618&alias=krakas.esat.kuleuven.be&noUDP&sock=schedd_1611_9729>
...
001 (009.011.000) 2025-11-07 21:09:09 Job executing on host: <10.87.24.138:9618?addrs=10.87.24.138-9618&alias=grape.esat.kuleuven.be&noUDP&sock=startd_2104_bf5a>
	SlotName: slot1_1@grape.esat.kuleuven.be
	AvailableGPUs = { GPUs_GPU_97601f5c }
	CondorScratchDir = "/usr/data/condor/execute/dir_1740231"
	Cpus = 8
	Disk = 1050000
	GPUs = 1
	GPUs_GPU_97601f5c = [ Id = "GPU-97601f5c"; ClockMhz = 1695.0; Capability = 8.6; CoresPerCU = 128; DeviceName = "NVIDIA GeForce RTX 3090"; DeviceUuid = "97601f5c-9e32-f178-e4a8-b5517f10d8de"; ECCEnabled = false; ComputeUnits = 82; NvidiaDriver = "580.95.05"; DriverVersion = 13.0; DevicePciBusId = "0000:09:00.0"; GlobalMemoryMb = 24124; MaxSupportedVersion = 13000 ]
	Memory = 71680
...
006 (009.011.000) 2025-11-07 21:09:17 Image size of job updated: 218704
	214  -  MemoryUsage of job (MB)
	218704  -  ResidentSetSize of job (KB)
...
006 (009.011.000) 2025-11-07 21:14:17 Image size of job updated: 1616220
	1530  -  MemoryUsage of job (MB)
	1566704  -  ResidentSetSize of job (KB)
...
006 (009.011.000) 2025-11-07 21:19:18 Image size of job updated: 1657276
	1530  -  MemoryUsage of job (MB)
	1566704  -  ResidentSetSize of job (KB)
...
006 (009.011.000) 2025-11-07 21:24:18 Image size of job updated: 1662628
	1530  -  MemoryUsage of job (MB)
	1566704  -  ResidentSetSize of job (KB)
...
006 (009.011.000) 2025-11-07 21:29:19 Image size of job updated: 1664220
	1568  -  MemoryUsage of job (MB)
	1605340  -  ResidentSetSize of job (KB)
...
006 (009.011.000) 2025-11-07 21:34:19 Image size of job updated: 1666136
	1568  -  MemoryUsage of job (MB)
	1605340  -  ResidentSetSize of job (KB)
...
006 (009.011.000) 2025-11-07 21:44:20 Image size of job updated: 1667652
	1568  -  MemoryUsage of job (MB)
	1605340  -  ResidentSetSize of job (KB)
...
006 (009.011.000) 2025-11-07 22:14:23 Image size of job updated: 1706440
	1577  -  MemoryUsage of job (MB)
	1613880  -  ResidentSetSize of job (KB)
...
006 (009.011.000) 2025-11-07 22:19:24 Image size of job updated: 1706440
	1592  -  MemoryUsage of job (MB)
	1630204  -  ResidentSetSize of job (KB)
...
006 (009.011.000) 2025-11-07 22:39:26 Image size of job updated: 1706440
	1634  -  MemoryUsage of job (MB)
	1673008  -  ResidentSetSize of job (KB)
...
005 (009.011.000) 2025-11-07 22:59:51 Job terminated.
	(1) Normal termination (return value 0)
		Usr 0 03:21:39, Sys 0 00:37:47  -  Run Remote Usage
		Usr 0 00:00:00, Sys 0 00:00:00  -  Run Local Usage
		Usr 0 03:21:39, Sys 0 00:37:47  -  Total Remote Usage
		Usr 0 00:00:00, Sys 0 00:00:00  -  Total Local Usage
	0  -  Run Bytes Sent By Job
	0  -  Run Bytes Received By Job
	0  -  Total Bytes Sent By Job
	0  -  Total Bytes Received By Job
	Partitionable Resources :    Usage  Request Allocated Assigned
	   Cpus                 :     2.14        8         8 
	   Disk (KB)            :     2     1048576   1050000 
	   GPUs                 :     0.51        1         1 "GPU-97601f5c"
	   GpusMemory (MB)      :  9405                       
	   Memory (MB)          :  1634       71680     71680 
	   TimeExecute (s)      :  6642                       
	   TimeSlotBusy (s)     :  6642                       
...
