Starting Job
/esat/smcdata/users/kkontras/Image_Dataset/no_backup/git/Synergy/train.py
/esat/smcdata/users/kkontras/Image_Dataset/no_backup/envs/balance_env/bin/python
Python 3.9.18
/esat/smcdata/users/kkontras/Image_Dataset/no_backup/git/Synergy
We have 1 GPU
/esat/smcdata/users/kkontras/Image_Dataset/no_backup/git/Synergy/train.py
config-./configs/CREMA_D/synergy/nov/synprom_ib.json
Executing command: accelerate launch /esat/smcdata/users/kkontras/Image_Dataset/no_backup/git/Synergy/train.py --config ./configs/CREMA_D/synergy/nov/synprom_ib.json --default_config ./configs/CREMA_D/default_config_cremad_res_syn.json --fold 2 --pre  --l 0.3 --contrcoeff 1 --lr 0.0001 --wd 0.0001 --cls mlp --perturb gen --start_over 
Namespace(config='./configs/CREMA_D/synergy/nov/synprom_ib.json', default_config='./configs/CREMA_D/default_config_cremad_res_syn.json', fold='2', alpha=None, tanh_mode=None, tanh_mode_beta=None, regby=None, clip=None, batch_size=None, l='0.3', multil=None, l_diffsq=None, lib=None, ratio_us=None, ratio_snr=None, kmepoch=None, num_samples=None, pow=None, nstep=None, contrcoeff='1', kde_coeff=None, etube=None, temperature=None, contr_type=None, shuffle_type=None, validate_with=None, transform_type=None, trasform_before=None, num_classes=None, base_alpha=None, alpha_var=None, base_beta=None, beta_var=None, optim_method=None, ilr_c=None, ilr_g=None, mmcosine_scaling=None, ending_epoch=None, load_ongoing=None, commonlayers=None, recon_weight1=None, recon_weight2=None, recon_epochstages=None, recon_ensemblestages=None, lr='0.0001', wd='0.0001', mm=None, cls='mlp', perturb='gen', pre=True, frozen=False, tdqm_disable=False, start_over=True)
2025-11-07 21:09:36,453 - Config - INFO - ./configs/CREMA_D/synergy/nov/synprom_ib.json
2025-11-07 21:09:36,457 - Config - INFO -  THE Configuration of your experiment ..
{'agent': 'Agent',
 'dataset': {'data_roots': '/esat/smcdata/users/kkontras/Image_Dataset/no_backup/CremaD/CREMA-D',
             'data_split': {'fold': 0, 'method': 'non_inclusive'},
             'dataloader_class': 'CramedD_Dataloader',
             'fps': 1,
             'norm': False,
             'norm_face_path': './mydatasets/CREMAD/norm_face_path_fold{}.pkl',
             'norm_wav_path': './mydatasets/CREMAD/wav_norm_16000_fold{}.pkl',
             'num_frame': 3,
             'return_data': {'audio': False,
                             'face': False,
                             'spectrogram': True,
                             'video': True},
             'sampling_rate': 22050},
 'early_stopping': {'end_of_epoch_check': True,
                    'log_interval': 10,
                    'max_epoch': 1500,
                    'n_steps_stop': 20,
                    'n_steps_stop_after': 0,
                    'save_every_step': 3000,
                    'save_every_valstep': 10,
                    'validate_after': 0,
                    'validate_every': 25,
                    'validate_with': 'accuracy'},
 'exp_name': 'CREMAD Experiment',
 'model': {'args': {'bias_infusion': {'ending_epoch': 1500,
                                      'l': 0.1,
                                      'method': 'false',
                                      'plot': False,
                                      'starting_epoch': 0,
                                      'use': True},
                    'clip_grad': False,
                    'cls_type': 'linear',
                    'd_model': 512,
                    'dropout': 0.1,
                    'fc_inner': 64,
                    'multi_loss': {'multi_supervised_w': {'c': 0,
                                                          'combined': 1,
                                                          'g': 0}},
                    'num_classes': 6},
           'encoders': [{'args': {'d_model': 512,
                                  'dropout': 0.1,
                                  'fc_inner': 64,
                                  'freeze_encoder': False,
                                  'num_classes': 6},
                         'model': 'Audio_ResNet',
                         'pretrainedEncoder': {'dir': 'unimodal_audio_fold{}_lr0.001_wd0.0001.pth.tar',
                                               'use': False}},
                        {'args': {'d_model': 512,
                                  'dropout': 0.1,
                                  'fc_inner': 64,
                                  'freeze_encoder': False,
                                  'num_classes': 6},
                         'model': 'Video_ResNet',
                         'pretrainedEncoder': {'dir': 'unimodal_video_fold{}_lr0.001_wd0.0001.pth.tar',
                                               'use': False}}],
           'load_ongoing': False,
           'model_class': 'Fusion_Synprom_IB',
           'save_base_dir': '/esat/smcdata/users/kkontras/Image_Dataset/no_backup/data/2025_data/synergy',
           'save_dir': 'Synprom_IB_{}.pth.tar'},
 'optimizer': {'beta1': 0.9,
               'beta2': 0.999,
               'learning_rate': 1e-05,
               'momentum': 0.9,
               'type': 'Adam',
               'weight_decay': 1e-05},
 'scheduler': {'max_lr': 0.03, 'type': 'cosanneal', 'warm_up_steps': 780},
 'training_params': {'adversarial_training': {'adv_epsilon': 0.01,
                                              'use': False},
                     'async_loading': True,
                     'batch_size': 32,
                     'cuda': True,
                     'data_loader_workers': 8,
                     'gpu_device': [0],
                     'pin_memory': False,
                     'rec_test': True,
                     'res': True,
                     'seed': 109,
                     'tdqm_disable': False,
                     'test_batch_size': 32,
                     'test_on_bottoms': False,
                     'use_test_set': True,
                     'validation': True,
                     'verbose': True,
                     'wandb_disable': False}}
2025-11-07 21:09:36,459 - Config - INFO -  *************************************** 
2025-11-07 21:09:36,459 - Config - INFO - The experiment name is CREMAD Experiment
2025-11-07 21:09:36,459 - Config - INFO -  *************************************** 
2025-11-07 21:09:36,459 - root - INFO - save_dir: Synprom_IB_fold2_l0.3_contrcoeff1_perturbgen_lr0.0001_wd0.0001_clsmlp_pre.pth.tar
2025-11-07 21:09:36,663 - Cuda Statistics - INFO - __Python VERSION:  3.9.18 (main, Sep 11 2023, 13:41:44) 
[GCC 11.2.0]
2025-11-07 21:09:36,663 - Cuda Statistics - INFO - __pyTorch VERSION:  2.0.1+cu118
2025-11-07 21:09:36,663 - Cuda Statistics - INFO - __CUDA VERSION
2025-11-07 21:09:36,670 - Cuda Statistics - INFO - __CUDNN VERSION:  8700
2025-11-07 21:09:36,696 - Cuda Statistics - INFO - __Number CUDA Devices:  1
2025-11-07 21:09:36,696 - Cuda Statistics - INFO - __Devices
2025-11-07 21:09:36,696 - Cuda Statistics - INFO - index, name, driver_version, memory.total [MiB], memory.used [MiB], memory.free [MiB]
2025-11-07 21:09:36,697 - Cuda Statistics - INFO - 0, NVIDIA GeForce RTX 3090, 580.95.05, 24576 MiB, 4 MiB, 24121 MiB
2025-11-07 21:09:36,703 - Cuda Statistics - INFO - Active CUDA Device: GPU 0
2025-11-07 21:09:36,703 - Cuda Statistics - INFO - Available devices  1
2025-11-07 21:09:36,703 - Cuda Statistics - INFO - Current cuda device  0
This path does not exist /esat/smcdata/users/kkontras/Image_Dataset/no_backup/CremaD/CREMA-D/AudioWAV/1076_MTI_SAD_XX.wav or /esat/smcdata/users/kkontras/Image_Dataset/no_backup/CremaD/CREMA-D/Image-01-FPS/1076_MTI_SAD_XX or /esat/smcdata/users/kkontras/Image_Dataset/no_backup/CremaD/CREMA-D/Face_features/1076_MTI_SAD_XX.npy
2025-11-07 21:09:39,333 - root - INFO - Loaded wav norm from ./mydatasets/CREMAD/wav_norm_16000_fold2.pkl
2025-11-07 21:09:39,365 - root - INFO - Norm values are {'mean': tensor(-2.7781e-05), 'std': tensor(0.0615), 'max_duration': 5.005}
2025-11-07 21:09:39,905 - root - INFO - Loaded wav norm from ./mydatasets/CREMAD/wav_norm_16000_fold2.pkl
2025-11-07 21:09:39,906 - root - INFO - Norm values are {'mean': tensor(-2.7781e-05), 'std': tensor(0.0615), 'max_duration': 5.005}
2025-11-07 21:09:40,492 - root - INFO - Loaded wav norm from ./mydatasets/CREMAD/wav_norm_16000_fold2.pkl
2025-11-07 21:09:40,493 - root - INFO - Norm values are {'mean': tensor(-2.7781e-05), 'std': tensor(0.0615), 'max_duration': 5.005}
Available cores 8
We are changing dataloader workers to num of cores 0
2025-11-07 21:09:40,495 - Agent - INFO - Device: cuda:0
2025-11-07 21:09:40,495 - Agent - INFO - Total training batches: 126, validate every 25 batches, steps per epoch: 6
2025-11-07 21:09:45,701 - Agent - INFO - Loss Weights are {'total': 1, 'combined': 1, 'c': 0, 'g': 0}
2025-11-07 21:09:46,407 - root - INFO - Loading enc best model state dict from /esat/smcdata/users/kkontras/Image_Dataset/no_backup/data/2025_data/synergy/unimodal_audio_fold2_lr0.001_wd0.0001.pth.tar
Replacing module
2025-11-07 21:09:46,946 - root - INFO - Loading enc best model state dict from /esat/smcdata/users/kkontras/Image_Dataset/no_backup/data/2025_data/synergy/unimodal_video_fold2_lr0.001_wd0.0001.pth.tar
Replacing module
2025-11-07 21:09:46,996 - Agent - INFO - Total number of trainable parameters are: 23483032
2025-11-07 21:09:47,004 - Agent - INFO - Total number of trainable parameters are: 23483032
2025-11-07 21:13:41,517 - Agent - INFO - [37mVal Epoch 1 step 1 with [31mce_loss_combined : 0.914404 [31mtotal : 0.914404 [94mAcc_combined: 75.03 [94mAcc_c: 59.15 [94mAcc_g: 65.13 [95mCEU_cue_audio: 0.8570 [95mCEU_cue_video: 0.6099 [95mCEU_synergy: 0.2442 [95mCEU_coexistence: 0.9787 
2025-11-07 21:13:41,532 - Agent - INFO - [37mTest Epoch 1 step 1 with [31mce_loss_combined : 0.909577 [31mtotal : 0.909577 [94mAcc_combined: 74.20 [94mAcc_c: 61.99 [94mAcc_g: 56.21 
2025-11-07 21:13:42,047 - Agent - INFO - [37mModels has saved successfully in /esat/smcdata/users/kkontras/Image_Dataset/no_backup/data/2025_data/synergy/Synprom_IB_fold2_l0.3_contrcoeff1_perturbgen_lr0.0001_wd0.0001_clsmlp_pre.pth.tar
2025-11-07 21:17:10,384 - Agent - INFO - [37mVal Epoch 2 step 2 with [31mce_loss_combined : 0.760587 [31mtotal : 0.760587 [94mAcc_combined: 76.29 [94mAcc_c: 53.62 [94mAcc_g: 63.29 [95mCEU_cue_audio: 0.6772 [95mCEU_cue_video: 0.7938 [95mCEU_synergy: 0.3071 [95mCEU_coexistence: 0.9666 
2025-11-07 21:17:10,401 - Agent - INFO - [37mTest Epoch 2 step 2 with [31mce_loss_combined : 0.971218 [31mtotal : 0.971218 [94mAcc_combined: 67.45 [94mAcc_c: 60.71 [94mAcc_g: 51.07 
2025-11-07 21:17:11,057 - Agent - INFO - [37mModels has saved successfully in /esat/smcdata/users/kkontras/Image_Dataset/no_backup/data/2025_data/synergy/Synprom_IB_fold2_l0.3_contrcoeff1_perturbgen_lr0.0001_wd0.0001_clsmlp_pre.pth.tar
2025-11-07 21:20:36,297 - Agent - INFO - [37mVal Epoch 3 step 3 with [31mce_loss_combined : 0.765929 [31mtotal : 0.765929 [94mAcc_combined: 75.60 [94mAcc_c: 57.77 [94mAcc_g: 64.44 [95mCEU_cue_audio: 0.5871 [95mCEU_cue_video: 0.8655 [95mCEU_synergy: 0.2519 [95mCEU_coexistence: 0.9726 
2025-11-07 21:24:03,562 - Agent - INFO - [37mVal Epoch 4 step 4 with [31mce_loss_combined : 0.778678 [31mtotal : 0.778678 [94mAcc_combined: 75.83 [94mAcc_c: 54.09 [94mAcc_g: 64.44 [95mCEU_cue_audio: 0.6083 [95mCEU_cue_video: 0.8745 [95mCEU_synergy: 0.2519 [95mCEU_coexistence: 0.9605 
2025-11-07 21:27:24,628 - Agent - INFO - [37mVal Epoch 5 step 5 with [31mce_loss_combined : 0.900591 [31mtotal : 0.900591 [94mAcc_combined: 72.38 [94mAcc_c: 55.70 [94mAcc_g: 62.03 [95mCEU_cue_audio: 0.5398 [95mCEU_cue_video: 0.8519 [95mCEU_synergy: 0.2361 [95mCEU_coexistence: 0.9302 
2025-11-07 21:30:42,122 - Agent - INFO - [37mVal Epoch 6 step 6 with [31mce_loss_combined : 0.928028 [31mtotal : 0.928028 [94mAcc_combined: 72.38 [94mAcc_c: 55.01 [94mAcc_g: 61.22 [95mCEU_cue_audio: 0.5025 [95mCEU_cue_video: 0.8698 [95mCEU_synergy: 0.2676 [95mCEU_coexistence: 0.9273 
2025-11-07 21:34:00,484 - Agent - INFO - [37mVal Epoch 7 step 7 with [31mce_loss_combined : 0.831392 [31mtotal : 0.831392 [94mAcc_combined: 75.26 [94mAcc_c: 52.24 [94mAcc_g: 63.18 [95mCEU_cue_audio: 0.5766 [95mCEU_cue_video: 0.8745 [95mCEU_synergy: 0.2127 [95mCEU_coexistence: 0.9787 
2025-11-07 21:37:17,161 - Agent - INFO - [37mVal Epoch 8 step 8 with [31mce_loss_combined : 0.852919 [31mtotal : 0.852919 [94mAcc_combined: 75.03 [94mAcc_c: 52.36 [94mAcc_g: 62.03 [95mCEU_cue_audio: 0.6032 [95mCEU_cue_video: 0.8698 [95mCEU_synergy: 0.1970 [95mCEU_coexistence: 0.9666 
2025-11-07 21:40:33,920 - Agent - INFO - [37mVal Epoch 9 step 9 with [31mce_loss_combined : 0.828341 [31mtotal : 0.828341 [94mAcc_combined: 74.22 [94mAcc_c: 55.24 [94mAcc_g: 61.10 [95mCEU_cue_audio: 0.6138 [95mCEU_cue_video: 0.8250 [95mCEU_synergy: 0.1970 [95mCEU_coexistence: 0.9697 
2025-11-07 21:43:49,595 - Agent - INFO - [37mVal Epoch 10 step 10 with [31mce_loss_combined : 1.024494 [31mtotal : 1.024494 [94mAcc_combined: 71.81 [94mAcc_c: 48.33 [94mAcc_g: 61.22 [95mCEU_cue_audio: 0.5131 [95mCEU_cue_video: 0.8297 [95mCEU_synergy: 0.2127 [95mCEU_coexistence: 0.9544 
2025-11-07 21:47:05,529 - Agent - INFO - [37mVal Epoch 11 step 11 with [31mce_loss_combined : 0.886289 [31mtotal : 0.886289 [94mAcc_combined: 74.80 [94mAcc_c: 51.90 [94mAcc_g: 59.26 [95mCEU_cue_audio: 0.6032 [95mCEU_cue_video: 0.8340 [95mCEU_synergy: 0.2676 [95mCEU_coexistence: 0.9576 
2025-11-07 21:50:21,762 - Agent - INFO - [37mVal Epoch 12 step 12 with [31mce_loss_combined : 1.010056 [31mtotal : 1.010056 [94mAcc_combined: 72.61 [94mAcc_c: 49.60 [94mAcc_g: 60.99 [95mCEU_cue_audio: 0.5398 [95mCEU_cue_video: 0.8519 [95mCEU_synergy: 0.1655 [95mCEU_coexistence: 0.9637 
2025-11-07 21:53:37,741 - Agent - INFO - [37mVal Epoch 13 step 13 with [31mce_loss_combined : 0.869735 [31mtotal : 0.869735 [94mAcc_combined: 76.29 [94mAcc_c: 50.63 [94mAcc_g: 62.37 [95mCEU_cue_audio: 0.6400 [95mCEU_cue_video: 0.8698 [95mCEU_synergy: 0.2204 [95mCEU_coexistence: 0.9697 
2025-11-07 21:56:53,235 - Agent - INFO - [37mVal Epoch 14 step 14 with [31mce_loss_combined : 0.900762 [31mtotal : 0.900762 [94mAcc_combined: 77.33 [94mAcc_c: 52.13 [94mAcc_g: 64.10 [95mCEU_cue_audio: 0.6561 [95mCEU_cue_video: 0.8967 [95mCEU_synergy: 0.1889 [95mCEU_coexistence: 0.9818 
2025-11-07 21:56:53,249 - Agent - INFO - [37mTest Epoch 14 step 14 with [31mce_loss_combined : 1.216630 [31mtotal : 1.216630 [94mAcc_combined: 66.38 [94mAcc_c: 53.53 [94mAcc_g: 52.46 
2025-11-07 21:56:53,919 - Agent - INFO - [37mModels has saved successfully in /esat/smcdata/users/kkontras/Image_Dataset/no_backup/data/2025_data/synergy/Synprom_IB_fold2_l0.3_contrcoeff1_perturbgen_lr0.0001_wd0.0001_clsmlp_pre.pth.tar
2025-11-07 22:00:10,956 - Agent - INFO - [37mVal Epoch 15 step 15 with [31mce_loss_combined : 1.011748 [31mtotal : 1.011748 [94mAcc_combined: 74.68 [94mAcc_c: 51.32 [94mAcc_g: 63.98 [95mCEU_cue_audio: 0.6349 [95mCEU_cue_video: 0.8387 [95mCEU_synergy: 0.1813 [95mCEU_coexistence: 0.9666 
2025-11-07 22:03:27,243 - Agent - INFO - [37mVal Epoch 16 step 16 with [31mce_loss_combined : 0.921828 [31mtotal : 0.921828 [94mAcc_combined: 74.57 [94mAcc_c: 52.13 [94mAcc_g: 61.22 [95mCEU_cue_audio: 0.5926 [95mCEU_cue_video: 0.8745 [95mCEU_synergy: 0.2127 [95mCEU_coexistence: 0.9515 
2025-11-07 22:06:43,603 - Agent - INFO - [37mVal Epoch 17 step 17 with [31mce_loss_combined : 1.036458 [31mtotal : 1.036458 [94mAcc_combined: 74.22 [94mAcc_c: 51.67 [94mAcc_g: 60.18 [95mCEU_cue_audio: 0.5766 [95mCEU_cue_video: 0.8476 [95mCEU_synergy: 0.2285 [95mCEU_coexistence: 0.9637 
2025-11-07 22:09:59,663 - Agent - INFO - [37mVal Epoch 18 step 18 with [31mce_loss_combined : 1.034029 [31mtotal : 1.034029 [94mAcc_combined: 76.52 [94mAcc_c: 54.43 [94mAcc_g: 61.68 [95mCEU_cue_audio: 0.6244 [95mCEU_cue_video: 0.8878 [95mCEU_synergy: 0.2127 [95mCEU_coexistence: 0.9758 
2025-11-07 22:13:16,966 - Agent - INFO - [37mVal Epoch 19 step 19 with [31mce_loss_combined : 1.034962 [31mtotal : 1.034962 [94mAcc_combined: 74.68 [94mAcc_c: 47.76 [94mAcc_g: 62.37 [95mCEU_cue_audio: 0.5977 [95mCEU_cue_video: 0.8340 [95mCEU_synergy: 0.2285 [95mCEU_coexistence: 0.9726 
2025-11-07 22:16:33,815 - Agent - INFO - [37mVal Epoch 20 step 20 with [31mce_loss_combined : 1.090130 [31mtotal : 1.090130 [94mAcc_combined: 74.34 [94mAcc_c: 50.52 [94mAcc_g: 62.26 [95mCEU_cue_audio: 0.6244 [95mCEU_cue_video: 0.8429 [95mCEU_synergy: 0.1813 [95mCEU_coexistence: 0.9605 
2025-11-07 22:19:51,635 - Agent - INFO - [37mVal Epoch 21 step 21 with [31mce_loss_combined : 1.060694 [31mtotal : 1.060694 [94mAcc_combined: 74.45 [94mAcc_c: 50.17 [94mAcc_g: 60.07 [95mCEU_cue_audio: 0.6032 [95mCEU_cue_video: 0.8429 [95mCEU_synergy: 0.2285 [95mCEU_coexistence: 0.9576 
2025-11-07 22:23:07,928 - Agent - INFO - [37mVal Epoch 22 step 22 with [31mce_loss_combined : 1.037297 [31mtotal : 1.037297 [94mAcc_combined: 74.80 [94mAcc_c: 52.36 [94mAcc_g: 63.87 [95mCEU_cue_audio: 0.6349 [95mCEU_cue_video: 0.8207 [95mCEU_synergy: 0.2519 [95mCEU_coexistence: 0.9544 
2025-11-07 22:26:25,292 - Agent - INFO - [37mVal Epoch 23 step 23 with [31mce_loss_combined : 1.020750 [31mtotal : 1.020750 [94mAcc_combined: 75.95 [94mAcc_c: 50.52 [94mAcc_g: 63.29 [95mCEU_cue_audio: 0.6455 [95mCEU_cue_video: 0.8519 [95mCEU_synergy: 0.2285 [95mCEU_coexistence: 0.9666 
2025-11-07 22:29:42,855 - Agent - INFO - [37mVal Epoch 24 step 24 with [31mce_loss_combined : 0.984928 [31mtotal : 0.984928 [94mAcc_combined: 76.41 [94mAcc_c: 53.51 [94mAcc_g: 62.03 [95mCEU_cue_audio: 0.6400 [95mCEU_cue_video: 0.8476 [95mCEU_synergy: 0.2834 [95mCEU_coexistence: 0.9637 
2025-11-07 22:32:59,255 - Agent - INFO - [37mVal Epoch 25 step 25 with [31mce_loss_combined : 1.030093 [31mtotal : 1.030093 [94mAcc_combined: 76.75 [94mAcc_c: 52.13 [94mAcc_g: 62.37 [95mCEU_cue_audio: 0.6720 [95mCEU_cue_video: 0.8698 [95mCEU_synergy: 0.2285 [95mCEU_coexistence: 0.9605 
2025-11-07 22:36:16,195 - Agent - INFO - [37mVal Epoch 26 step 26 with [31mce_loss_combined : 1.116421 [31mtotal : 1.116421 [94mAcc_combined: 74.68 [94mAcc_c: 51.21 [94mAcc_g: 61.10 [95mCEU_cue_audio: 0.6138 [95mCEU_cue_video: 0.8429 [95mCEU_synergy: 0.2285 [95mCEU_coexistence: 0.9576 
2025-11-07 22:39:32,650 - Agent - INFO - [37mVal Epoch 27 step 27 with [31mce_loss_combined : 1.074696 [31mtotal : 1.074696 [94mAcc_combined: 75.37 [94mAcc_c: 51.67 [94mAcc_g: 63.06 [95mCEU_cue_audio: 0.6455 [95mCEU_cue_video: 0.8745 [95mCEU_synergy: 0.1889 [95mCEU_coexistence: 0.9515 
2025-11-07 22:42:47,489 - Agent - INFO - [37mVal Epoch 28 step 28 with [31mce_loss_combined : 1.202371 [31mtotal : 1.202371 [94mAcc_combined: 72.96 [94mAcc_c: 50.52 [94mAcc_g: 61.22 [95mCEU_cue_audio: 0.6032 [95mCEU_cue_video: 0.8297 [95mCEU_synergy: 0.1655 [95mCEU_coexistence: 0.9515 
2025-11-07 22:46:03,278 - Agent - INFO - [37mVal Epoch 29 step 29 with [31mce_loss_combined : 1.056220 [31mtotal : 1.056220 [94mAcc_combined: 74.80 [94mAcc_c: 54.55 [94mAcc_g: 62.83 [95mCEU_cue_audio: 0.6455 [95mCEU_cue_video: 0.8387 [95mCEU_synergy: 0.2047 [95mCEU_coexistence: 0.9544 
2025-11-07 22:49:18,311 - Agent - INFO - [37mVal Epoch 30 step 30 with [31mce_loss_combined : 1.086192 [31mtotal : 1.086192 [94mAcc_combined: 74.91 [94mAcc_c: 52.59 [94mAcc_g: 63.41 [95mCEU_cue_audio: 0.6615 [95mCEU_cue_video: 0.8429 [95mCEU_synergy: 0.1970 [95mCEU_coexistence: 0.9484 
2025-11-07 22:52:35,184 - Agent - INFO - [37mVal Epoch 31 step 31 with [31mce_loss_combined : 1.136193 [31mtotal : 1.136193 [94mAcc_combined: 73.65 [94mAcc_c: 52.82 [94mAcc_g: 60.18 [95mCEU_cue_audio: 0.6083 [95mCEU_cue_video: 0.8340 [95mCEU_synergy: 0.2047 [95mCEU_coexistence: 0.9484 
2025-11-07 22:55:50,614 - Agent - INFO - [37mVal Epoch 32 step 32 with [31mce_loss_combined : 1.213376 [31mtotal : 1.213376 [94mAcc_combined: 73.88 [94mAcc_c: 51.78 [94mAcc_g: 63.87 [95mCEU_cue_audio: 0.6349 [95mCEU_cue_video: 0.8250 [95mCEU_synergy: 0.1813 [95mCEU_coexistence: 0.9544 
2025-11-07 22:59:07,658 - Agent - INFO - [37mVal Epoch 33 step 33 with [31mce_loss_combined : 1.211640 [31mtotal : 1.211640 [94mAcc_combined: 73.99 [94mAcc_c: 52.13 [94mAcc_g: 63.18 [95mCEU_cue_audio: 0.6189 [95mCEU_cue_video: 0.8161 [95mCEU_synergy: 0.2285 [95mCEU_coexistence: 0.9544 
2025-11-07 22:59:08,428 - Agent - INFO - We are in the final state.
2025-11-07 22:59:08,648 - root - INFO - Loaded best model from /esat/smcdata/users/kkontras/Image_Dataset/no_backup/data/2025_data/synergy/Synprom_IB_fold2_l0.3_contrcoeff1_perturbgen_lr0.0001_wd0.0001_clsmlp_pre.pth.tar
2025-11-07 22:59:23,754 - Agent - INFO - [37mVal Epoch 33 step 0 with [31mce_loss_combined : 0.900762 [31mtotal : 0.900762 [94mAcc_combined: 77.33 [94mAcc_c: 52.13 [94mAcc_g: 64.10 [95mCEU_cue_audio: 0.6561 [95mCEU_cue_video: 0.8967 [95mCEU_synergy: 0.1889 [95mCEU_coexistence: 0.9818 
2025-11-07 22:59:40,632 - Agent - INFO - [37mTest Epoch 33 step 0 with [31mce_loss_combined : 1.216630 [31mtotal : 1.216630 [94mAcc_combined: 66.38 [94mAcc_c: 53.53 [94mAcc_g: 52.46 
2025-11-07 22:59:41,872 - Agent - INFO - [37mModels has saved successfully in /esat/smcdata/users/kkontras/Image_Dataset/no_backup/data/2025_data/synergy/Synprom_IB_fold2_l0.3_contrcoeff1_perturbgen_lr0.0001_wd0.0001_clsmlp_pre.pth.tar
Job finished
