Starting Job
/esat/smcdata/users/kkontras/Image_Dataset/no_backup/git/Synergy/train.py
/esat/smcdata/users/kkontras/Image_Dataset/no_backup/envs/balance_env/bin/python
Python 3.9.18
/esat/smcdata/users/kkontras/Image_Dataset/no_backup/git/Synergy
We have 1 GPU
/esat/smcdata/users/kkontras/Image_Dataset/no_backup/git/Synergy/train.py
config-./configs/CREMA_D/synergy/nov/synprom_ib.json
Executing command: accelerate launch /esat/smcdata/users/kkontras/Image_Dataset/no_backup/git/Synergy/train.py --config ./configs/CREMA_D/synergy/nov/synprom_ib.json --default_config ./configs/CREMA_D/default_config_cremad_res_syn.json --fold 0 --pre  --l 1 --contrcoeff 1 --lr 0.0001 --wd 0.0001 --cls mlp --perturb gen --start_over 
Namespace(config='./configs/CREMA_D/synergy/nov/synprom_ib.json', default_config='./configs/CREMA_D/default_config_cremad_res_syn.json', fold='0', alpha=None, tanh_mode=None, tanh_mode_beta=None, regby=None, clip=None, batch_size=None, l='1', multil=None, l_diffsq=None, lib=None, ratio_us=None, ratio_snr=None, kmepoch=None, num_samples=None, pow=None, nstep=None, contrcoeff='1', kde_coeff=None, etube=None, temperature=None, contr_type=None, shuffle_type=None, validate_with=None, transform_type=None, trasform_before=None, num_classes=None, base_alpha=None, alpha_var=None, base_beta=None, beta_var=None, optim_method=None, ilr_c=None, ilr_g=None, mmcosine_scaling=None, ending_epoch=None, load_ongoing=None, commonlayers=None, recon_weight1=None, recon_weight2=None, recon_epochstages=None, recon_ensemblestages=None, lr='0.0001', wd='0.0001', mm=None, cls='mlp', perturb='gen', pre=True, frozen=False, tdqm_disable=False, start_over=True)
2025-11-07 21:24:26,788 - Config - INFO - ./configs/CREMA_D/synergy/nov/synprom_ib.json
2025-11-07 21:24:26,792 - Config - INFO -  THE Configuration of your experiment ..
{'agent': 'Agent',
 'dataset': {'data_roots': '/esat/smcdata/users/kkontras/Image_Dataset/no_backup/CremaD/CREMA-D',
             'data_split': {'fold': 0, 'method': 'non_inclusive'},
             'dataloader_class': 'CramedD_Dataloader',
             'fps': 1,
             'norm': False,
             'norm_face_path': './mydatasets/CREMAD/norm_face_path_fold{}.pkl',
             'norm_wav_path': './mydatasets/CREMAD/wav_norm_16000_fold{}.pkl',
             'num_frame': 3,
             'return_data': {'audio': False,
                             'face': False,
                             'spectrogram': True,
                             'video': True},
             'sampling_rate': 22050},
 'early_stopping': {'end_of_epoch_check': True,
                    'log_interval': 10,
                    'max_epoch': 1500,
                    'n_steps_stop': 20,
                    'n_steps_stop_after': 0,
                    'save_every_step': 3000,
                    'save_every_valstep': 10,
                    'validate_after': 0,
                    'validate_every': 25,
                    'validate_with': 'accuracy'},
 'exp_name': 'CREMAD Experiment',
 'model': {'args': {'bias_infusion': {'ending_epoch': 1500,
                                      'l': 0.1,
                                      'method': 'false',
                                      'plot': False,
                                      'starting_epoch': 0,
                                      'use': True},
                    'clip_grad': False,
                    'cls_type': 'linear',
                    'd_model': 512,
                    'dropout': 0.1,
                    'fc_inner': 64,
                    'multi_loss': {'multi_supervised_w': {'c': 0,
                                                          'combined': 1,
                                                          'g': 0}},
                    'num_classes': 6},
           'encoders': [{'args': {'d_model': 512,
                                  'dropout': 0.1,
                                  'fc_inner': 64,
                                  'freeze_encoder': False,
                                  'num_classes': 6},
                         'model': 'Audio_ResNet',
                         'pretrainedEncoder': {'dir': 'unimodal_audio_fold{}_lr0.001_wd0.0001.pth.tar',
                                               'use': False}},
                        {'args': {'d_model': 512,
                                  'dropout': 0.1,
                                  'fc_inner': 64,
                                  'freeze_encoder': False,
                                  'num_classes': 6},
                         'model': 'Video_ResNet',
                         'pretrainedEncoder': {'dir': 'unimodal_video_fold{}_lr0.001_wd0.0001.pth.tar',
                                               'use': False}}],
           'load_ongoing': False,
           'model_class': 'Fusion_Synprom_IB',
           'save_base_dir': '/esat/smcdata/users/kkontras/Image_Dataset/no_backup/data/2025_data/synergy',
           'save_dir': 'Synprom_IB_{}.pth.tar'},
 'optimizer': {'beta1': 0.9,
               'beta2': 0.999,
               'learning_rate': 1e-05,
               'momentum': 0.9,
               'type': 'Adam',
               'weight_decay': 1e-05},
 'scheduler': {'max_lr': 0.03, 'type': 'cosanneal', 'warm_up_steps': 780},
 'training_params': {'adversarial_training': {'adv_epsilon': 0.01,
                                              'use': False},
                     'async_loading': True,
                     'batch_size': 32,
                     'cuda': True,
                     'data_loader_workers': 8,
                     'gpu_device': [0],
                     'pin_memory': False,
                     'rec_test': True,
                     'res': True,
                     'seed': 109,
                     'tdqm_disable': False,
                     'test_batch_size': 32,
                     'test_on_bottoms': False,
                     'use_test_set': True,
                     'validation': True,
                     'verbose': True,
                     'wandb_disable': False}}
2025-11-07 21:24:26,793 - Config - INFO -  *************************************** 
2025-11-07 21:24:26,793 - Config - INFO - The experiment name is CREMAD Experiment
2025-11-07 21:24:26,794 - Config - INFO -  *************************************** 
2025-11-07 21:24:26,794 - root - INFO - save_dir: Synprom_IB_fold0_l1_contrcoeff1_perturbgen_lr0.0001_wd0.0001_clsmlp_pre.pth.tar
2025-11-07 21:24:26,907 - Cuda Statistics - INFO - __Python VERSION:  3.9.18 (main, Sep 11 2023, 13:41:44) 
[GCC 11.2.0]
2025-11-07 21:24:26,908 - Cuda Statistics - INFO - __pyTorch VERSION:  2.0.1+cu118
2025-11-07 21:24:26,908 - Cuda Statistics - INFO - __CUDA VERSION
2025-11-07 21:24:26,910 - Cuda Statistics - INFO - __CUDNN VERSION:  8700
2025-11-07 21:24:26,924 - Cuda Statistics - INFO - __Number CUDA Devices:  1
2025-11-07 21:24:26,924 - Cuda Statistics - INFO - __Devices
2025-11-07 21:24:26,924 - Cuda Statistics - INFO - index, name, driver_version, memory.total [MiB], memory.used [MiB], memory.free [MiB]
2025-11-07 21:24:26,924 - Cuda Statistics - INFO - 0, NVIDIA GeForce RTX 2080 Ti, 570.153.02, 11264 MiB, 3 MiB, 10821 MiB
2025-11-07 21:24:26,930 - Cuda Statistics - INFO - Active CUDA Device: GPU 0
2025-11-07 21:24:26,930 - Cuda Statistics - INFO - Available devices  1
2025-11-07 21:24:26,930 - Cuda Statistics - INFO - Current cuda device  0
This path does not exist /esat/smcdata/users/kkontras/Image_Dataset/no_backup/CremaD/CREMA-D/AudioWAV/1076_MTI_SAD_XX.wav or /esat/smcdata/users/kkontras/Image_Dataset/no_backup/CremaD/CREMA-D/Image-01-FPS/1076_MTI_SAD_XX or /esat/smcdata/users/kkontras/Image_Dataset/no_backup/CremaD/CREMA-D/Face_features/1076_MTI_SAD_XX.npy
2025-11-07 21:24:28,760 - root - INFO - Loaded wav norm from ./mydatasets/CREMAD/wav_norm_16000_fold0.pkl
2025-11-07 21:24:28,764 - root - INFO - Norm values are {'mean': tensor(-2.7937e-05), 'std': tensor(0.0613), 'max_duration': 4.8715625}
2025-11-07 21:24:29,043 - root - INFO - Loaded wav norm from ./mydatasets/CREMAD/wav_norm_16000_fold0.pkl
2025-11-07 21:24:29,044 - root - INFO - Norm values are {'mean': tensor(-2.7937e-05), 'std': tensor(0.0613), 'max_duration': 4.8715625}
2025-11-07 21:24:29,206 - root - INFO - Loaded wav norm from ./mydatasets/CREMAD/wav_norm_16000_fold0.pkl
2025-11-07 21:24:29,207 - root - INFO - Norm values are {'mean': tensor(-2.7937e-05), 'std': tensor(0.0613), 'max_duration': 4.8715625}
Available cores 8
We are changing dataloader workers to num of cores 0
2025-11-07 21:24:29,208 - Agent - INFO - Device: cuda:0
2025-11-07 21:24:29,208 - Agent - INFO - Total training batches: 127, validate every 25 batches, steps per epoch: 6
2025-11-07 21:24:32,985 - Agent - INFO - Loss Weights are {'total': 1, 'combined': 1, 'c': 0, 'g': 0}
2025-11-07 21:24:33,436 - root - INFO - Loading enc best model state dict from /esat/smcdata/users/kkontras/Image_Dataset/no_backup/data/2025_data/synergy/unimodal_audio_fold0_lr0.001_wd0.0001.pth.tar
Replacing module
2025-11-07 21:24:33,765 - root - INFO - Loading enc best model state dict from /esat/smcdata/users/kkontras/Image_Dataset/no_backup/data/2025_data/synergy/unimodal_video_fold0_lr0.001_wd0.0001.pth.tar
Replacing module
2025-11-07 21:24:33,811 - Agent - INFO - Total number of trainable parameters are: 23483032
2025-11-07 21:24:33,818 - Agent - INFO - Total number of trainable parameters are: 23483032
2025-11-07 21:28:16,796 - Agent - INFO - [37mVal Epoch 1 step 1 with [31mce_loss_combined : 0.981530 [31mtotal : 0.981530 [94mAcc_combined: 73.23 [94mAcc_c: 60.59 [94mAcc_g: 60.59 [95mCEU_cue_audio: 0.5343 [95mCEU_cue_video: 0.8425 [95mCEU_synergy: 0.2376 [95mCEU_coexistence: 0.9625 
2025-11-07 21:28:16,812 - Agent - INFO - [37mTest Epoch 1 step 1 with [31mce_loss_combined : 1.121733 [31mtotal : 1.121733 [94mAcc_combined: 64.07 [94mAcc_c: 55.28 [94mAcc_g: 53.84 
2025-11-07 21:28:17,864 - Agent - INFO - [37mModels has saved successfully in /esat/smcdata/users/kkontras/Image_Dataset/no_backup/data/2025_data/synergy/Synprom_IB_fold0_l1_contrcoeff1_perturbgen_lr0.0001_wd0.0001_clsmlp_pre.pth.tar
2025-11-07 21:32:10,262 - Agent - INFO - [37mVal Epoch 2 step 2 with [31mce_loss_combined : 0.975556 [31mtotal : 0.975556 [94mAcc_combined: 67.20 [94mAcc_c: 63.44 [94mAcc_g: 57.97 [95mCEU_cue_audio: 0.3424 [95mCEU_cue_video: 0.8244 [95mCEU_synergy: 0.2952 [95mCEU_coexistence: 0.9221 
2025-11-07 21:35:57,935 - Agent - INFO - [37mVal Epoch 3 step 3 with [31mce_loss_combined : 1.079222 [31mtotal : 1.079222 [94mAcc_combined: 65.60 [94mAcc_c: 62.64 [94mAcc_g: 55.81 [95mCEU_cue_audio: 0.3242 [95mCEU_cue_video: 0.8244 [95mCEU_synergy: 0.3031 [95mCEU_coexistence: 0.8924 
2025-11-07 21:39:45,144 - Agent - INFO - [37mVal Epoch 4 step 4 with [31mce_loss_combined : 1.132174 [31mtotal : 1.132174 [94mAcc_combined: 66.97 [94mAcc_c: 63.67 [94mAcc_g: 56.95 [95mCEU_cue_audio: 0.3059 [95mCEU_cue_video: 0.8665 [95mCEU_synergy: 0.2871 [95mCEU_coexistence: 0.9221 
2025-11-07 21:43:25,425 - Agent - INFO - [37mVal Epoch 5 step 5 with [31mce_loss_combined : 1.076159 [31mtotal : 1.076159 [94mAcc_combined: 69.25 [94mAcc_c: 61.28 [94mAcc_g: 57.40 [95mCEU_cue_audio: 0.3607 [95mCEU_cue_video: 0.8606 [95mCEU_synergy: 0.1965 [95mCEU_coexistence: 0.9757 
2025-11-07 21:47:10,341 - Agent - INFO - [37mVal Epoch 6 step 6 with [31mce_loss_combined : 1.066767 [31mtotal : 1.066767 [94mAcc_combined: 69.13 [94mAcc_c: 63.67 [94mAcc_g: 57.18 [95mCEU_cue_audio: 0.3561 [95mCEU_cue_video: 0.8728 [95mCEU_synergy: 0.2786 [95mCEU_coexistence: 0.9436 
2025-11-07 21:51:00,470 - Agent - INFO - [37mVal Epoch 7 step 7 with [31mce_loss_combined : 1.083725 [31mtotal : 1.083725 [94mAcc_combined: 69.36 [94mAcc_c: 62.41 [94mAcc_g: 55.81 [95mCEU_cue_audio: 0.3974 [95mCEU_cue_video: 0.8362 [95mCEU_synergy: 0.3115 [95mCEU_coexistence: 0.9301 
2025-11-07 21:54:51,563 - Agent - INFO - [37mVal Epoch 8 step 8 with [31mce_loss_combined : 1.109649 [31mtotal : 1.109649 [94mAcc_combined: 68.45 [94mAcc_c: 62.41 [94mAcc_g: 56.83 [95mCEU_cue_audio: 0.3516 [95mCEU_cue_video: 0.8787 [95mCEU_synergy: 0.2952 [95mCEU_coexistence: 0.9221 
2025-11-07 21:58:35,418 - Agent - INFO - [37mVal Epoch 9 step 9 with [31mce_loss_combined : 1.169542 [31mtotal : 1.169542 [94mAcc_combined: 68.45 [94mAcc_c: 58.77 [94mAcc_g: 55.01 [95mCEU_cue_audio: 0.3699 [95mCEU_cue_video: 0.8244 [95mCEU_synergy: 0.2952 [95mCEU_coexistence: 0.9356 
2025-11-07 22:02:21,170 - Agent - INFO - [37mVal Epoch 10 step 10 with [31mce_loss_combined : 1.148876 [31mtotal : 1.148876 [94mAcc_combined: 67.65 [94mAcc_c: 59.23 [94mAcc_g: 54.56 [95mCEU_cue_audio: 0.3699 [95mCEU_cue_video: 0.8181 [95mCEU_synergy: 0.3115 [95mCEU_coexistence: 0.9141 
2025-11-07 22:06:10,222 - Agent - INFO - [37mVal Epoch 11 step 11 with [31mce_loss_combined : 1.165242 [31mtotal : 1.165242 [94mAcc_combined: 67.77 [94mAcc_c: 61.16 [94mAcc_g: 53.99 [95mCEU_cue_audio: 0.3380 [95mCEU_cue_video: 0.8606 [95mCEU_synergy: 0.3031 [95mCEU_coexistence: 0.9193 
2025-11-07 22:09:51,803 - Agent - INFO - [37mVal Epoch 12 step 12 with [31mce_loss_combined : 1.208525 [31mtotal : 1.208525 [94mAcc_combined: 67.20 [94mAcc_c: 59.79 [94mAcc_g: 55.01 [95mCEU_cue_audio: 0.3242 [95mCEU_cue_video: 0.8484 [95mCEU_synergy: 0.3281 [95mCEU_coexistence: 0.9113 
2025-11-07 22:13:37,493 - Agent - INFO - [37mVal Epoch 13 step 13 with [31mce_loss_combined : 1.251652 [31mtotal : 1.251652 [94mAcc_combined: 67.77 [94mAcc_c: 59.91 [94mAcc_g: 55.13 [95mCEU_cue_audio: 0.3332 [95mCEU_cue_video: 0.8606 [95mCEU_synergy: 0.3197 [95mCEU_coexistence: 0.9167 
2025-11-07 22:17:32,991 - Agent - INFO - [37mVal Epoch 14 step 14 with [31mce_loss_combined : 1.083435 [31mtotal : 1.083435 [94mAcc_combined: 71.64 [94mAcc_c: 61.05 [94mAcc_g: 55.35 [95mCEU_cue_audio: 0.4338 [95mCEU_cue_video: 0.8606 [95mCEU_synergy: 0.2621 [95mCEU_coexistence: 0.9677 
2025-11-07 22:21:18,618 - Agent - INFO - [37mVal Epoch 15 step 15 with [31mce_loss_combined : 1.156747 [31mtotal : 1.156747 [94mAcc_combined: 69.82 [94mAcc_c: 61.73 [94mAcc_g: 54.67 [95mCEU_cue_audio: 0.3789 [95mCEU_cue_video: 0.8665 [95mCEU_synergy: 0.3115 [95mCEU_coexistence: 0.9382 
2025-11-07 22:25:02,978 - Agent - INFO - [37mVal Epoch 16 step 16 with [31mce_loss_combined : 1.233227 [31mtotal : 1.233227 [94mAcc_combined: 67.65 [94mAcc_c: 62.41 [94mAcc_g: 53.42 [95mCEU_cue_audio: 0.3925 [95mCEU_cue_video: 0.7999 [95mCEU_synergy: 0.3281 [95mCEU_coexistence: 0.9032 
2025-11-07 22:28:47,423 - Agent - INFO - [37mVal Epoch 17 step 17 with [31mce_loss_combined : 1.200692 [31mtotal : 1.200692 [94mAcc_combined: 70.16 [94mAcc_c: 59.79 [94mAcc_g: 54.67 [95mCEU_cue_audio: 0.3699 [95mCEU_cue_video: 0.8728 [95mCEU_synergy: 0.3197 [95mCEU_coexistence: 0.9462 
2025-11-07 22:32:29,585 - Agent - INFO - [37mVal Epoch 18 step 18 with [31mce_loss_combined : 1.174243 [31mtotal : 1.174243 [94mAcc_combined: 72.55 [94mAcc_c: 59.68 [94mAcc_g: 56.38 [95mCEU_cue_audio: 0.4475 [95mCEU_cue_video: 0.8547 [95mCEU_synergy: 0.3197 [95mCEU_coexistence: 0.9651 
2025-11-07 22:36:11,529 - Agent - INFO - [37mVal Epoch 19 step 19 with [31mce_loss_combined : 1.236722 [31mtotal : 1.236722 [94mAcc_combined: 69.93 [94mAcc_c: 59.00 [94mAcc_g: 55.13 [95mCEU_cue_audio: 0.4154 [95mCEU_cue_video: 0.8362 [95mCEU_synergy: 0.3281 [95mCEU_coexistence: 0.9273 
2025-11-07 22:39:51,728 - Agent - INFO - [37mVal Epoch 20 step 20 with [31mce_loss_combined : 1.159543 [31mtotal : 1.159543 [94mAcc_combined: 71.53 [94mAcc_c: 54.33 [94mAcc_g: 55.92 [95mCEU_cue_audio: 0.4703 [95mCEU_cue_video: 0.8244 [95mCEU_synergy: 0.2621 [95mCEU_coexistence: 0.9596 
2025-11-07 22:39:53,732 - Agent - INFO - We are in the final state.
2025-11-07 22:39:53,980 - root - INFO - Loaded best model from /esat/smcdata/users/kkontras/Image_Dataset/no_backup/data/2025_data/synergy/Synprom_IB_fold0_l1_contrcoeff1_perturbgen_lr0.0001_wd0.0001_clsmlp_pre.pth.tar
2025-11-07 22:40:07,524 - Agent - INFO - [37mVal Epoch 20 step 0 with [31mce_loss_combined : 0.981530 [31mtotal : 0.981530 [94mAcc_combined: 73.23 [94mAcc_c: 60.59 [94mAcc_g: 60.59 [95mCEU_cue_audio: 0.5343 [95mCEU_cue_video: 0.8425 [95mCEU_synergy: 0.2376 [95mCEU_coexistence: 0.9625 
2025-11-07 22:40:21,797 - Agent - INFO - [37mTest Epoch 20 step 0 with [31mce_loss_combined : 1.121733 [31mtotal : 1.121733 [94mAcc_combined: 64.07 [94mAcc_c: 55.28 [94mAcc_g: 53.84 
2025-11-07 22:40:23,123 - Agent - INFO - [37mModels has saved successfully in /esat/smcdata/users/kkontras/Image_Dataset/no_backup/data/2025_data/synergy/Synprom_IB_fold0_l1_contrcoeff1_perturbgen_lr0.0001_wd0.0001_clsmlp_pre.pth.tar
Job finished
