000 (009.013.000) 2025-11-07 18:42:49 Job submitted from host: <10.87.28.209:9618?addrs=10.87.28.209-9618&alias=krakas.esat.kuleuven.be&noUDP&sock=schedd_1611_9729>
...
001 (009.013.000) 2025-11-07 21:28:08 Job executing on host: <10.87.28.117:9618?addrs=10.87.28.117-9618&alias=stadius-nc-4.esat.kuleuven.be&noUDP&sock=startd_3335_1c6f>
	SlotName: slot1_2@stadius-nc-4.esat.kuleuven.be
	AvailableGPUs = { GPUs_GPU_8c3c8db2 }
	CondorScratchDir = "/volume1/condor/execute/dir_1269710"
	Cpus = 8
	Disk = 1050150
	GPUs = 1
	GPUs_GPU_8c3c8db2 = [ Id = "GPU-8c3c8db2"; ClockMhz = 1545.0; Capability = 7.5; CoresPerCU = 64; DeviceName = "NVIDIA GeForce RTX 2080 Ti"; DeviceUuid = "8c3c8db2-06a6-9e0e-a6ee-a948fb2f7f27"; ECCEnabled = false; ComputeUnits = 68; NvidiaDriver = "570.153.02"; DriverVersion = 12.8; DevicePciBusId = "0000:5B:00.0"; GlobalMemoryMb = 10823; MaxSupportedVersion = 12080 ]
	Memory = 71680
...
006 (009.013.000) 2025-11-07 21:28:16 Image size of job updated: 426876
	417  -  MemoryUsage of job (MB)
	426876  -  ResidentSetSize of job (KB)
...
006 (009.013.000) 2025-11-07 21:33:16 Image size of job updated: 1592536
	1447  -  MemoryUsage of job (MB)
	1480884  -  ResidentSetSize of job (KB)
...
006 (009.013.000) 2025-11-07 21:38:17 Image size of job updated: 1633532
	1489  -  MemoryUsage of job (MB)
	1523876  -  ResidentSetSize of job (KB)
...
006 (009.013.000) 2025-11-07 21:43:17 Image size of job updated: 1635604
	1551  -  MemoryUsage of job (MB)
	1587900  -  ResidentSetSize of job (KB)
...
006 (009.013.000) 2025-11-07 21:48:17 Image size of job updated: 1647816
	1551  -  MemoryUsage of job (MB)
	1587900  -  ResidentSetSize of job (KB)
...
006 (009.013.000) 2025-11-07 21:53:18 Image size of job updated: 1685480
	1595  -  MemoryUsage of job (MB)
	1632524  -  ResidentSetSize of job (KB)
...
006 (009.013.000) 2025-11-07 22:08:20 Image size of job updated: 1686804
	1595  -  MemoryUsage of job (MB)
	1632524  -  ResidentSetSize of job (KB)
...
006 (009.013.000) 2025-11-07 22:13:20 Image size of job updated: 1692268
	1596  -  MemoryUsage of job (MB)
	1633768  -  ResidentSetSize of job (KB)
...
006 (009.013.000) 2025-11-07 22:28:21 Image size of job updated: 1692268
	1614  -  MemoryUsage of job (MB)
	1652540  -  ResidentSetSize of job (KB)
...
006 (009.013.000) 2025-11-07 22:33:22 Image size of job updated: 1711568
	1614  -  MemoryUsage of job (MB)
	1652540  -  ResidentSetSize of job (KB)
...
006 (009.013.000) 2025-11-07 22:45:26 Image size of job updated: 2109020
	1614  -  MemoryUsage of job (MB)
	1652540  -  ResidentSetSize of job (KB)
...
005 (009.013.000) 2025-11-07 22:45:26 Job terminated.
	(1) Normal termination (return value 0)
		Usr 0 03:52:52, Sys 0 00:28:23  -  Run Remote Usage
		Usr 0 00:00:00, Sys 0 00:00:00  -  Run Local Usage
		Usr 0 03:52:52, Sys 0 00:28:23  -  Total Remote Usage
		Usr 0 00:00:00, Sys 0 00:00:00  -  Total Local Usage
	0  -  Run Bytes Sent By Job
	0  -  Run Bytes Received By Job
	0  -  Total Bytes Sent By Job
	0  -  Total Bytes Received By Job
	Partitionable Resources :    Usage  Request Allocated Assigned
	   Cpus                 :     2.82        8         8 
	   Disk (KB)            :     2     1048576   1050150 
	   GPUs                 :     0.62        1         1 "GPU-8c3c8db2"
	   GpusMemory (MB)      :  9266                       
	   Memory (MB)          :  1614       71680     71680 
	   TimeExecute (s)      :  4638                       
	   TimeSlotBusy (s)     :  4638                       
...
