000 (009.014.000) 2025-11-07 18:42:49 Job submitted from host: <10.87.28.209:9618?addrs=10.87.28.209-9618&alias=krakas.esat.kuleuven.be&noUDP&sock=schedd_1611_9729>
...
001 (009.014.000) 2025-11-07 21:33:08 Job executing on host: <10.87.24.4:9618?addrs=10.87.24.4-9618&alias=aristoteles.esat.kuleuven.be&noUDP&sock=startd_12050_e04e>
	SlotName: slot1_4@aristoteles.esat.kuleuven.be
	AvailableGPUs = { GPUs_GPU_1ba53048 }
	CondorScratchDir = "/usr/data/condor/execute/dir_3736198"
	Cpus = 8
	Disk = 1050529
	GPUs = 1
	GPUs_GPU_1ba53048 = [ Id = "GPU-1ba53048"; ClockMhz = 1410.0; Capability = 8.0; CoresPerCU = 64; DeviceName = "NVIDIA A100-SXM4-80GB"; DeviceUuid = "1ba53048-c5a1-3226-7f78-7a6cb9cbaa42"; ECCEnabled = true; ComputeUnits = 108; NvidiaDriver = "580.95.05"; DriverVersion = 13.0; DevicePciBusId = "0000:C7:00.0"; GlobalMemoryMb = 81153; MaxSupportedVersion = 13000 ]
	Memory = 71680
...
006 (009.014.000) 2025-11-07 21:33:17 Image size of job updated: 245040
	240  -  MemoryUsage of job (MB)
	245040  -  ResidentSetSize of job (KB)
...
006 (009.014.000) 2025-11-07 21:38:18 Image size of job updated: 1615748
	1481  -  MemoryUsage of job (MB)
	1516040  -  ResidentSetSize of job (KB)
...
006 (009.014.000) 2025-11-07 21:43:18 Image size of job updated: 1645816
	1548  -  MemoryUsage of job (MB)
	1584384  -  ResidentSetSize of job (KB)
...
006 (009.014.000) 2025-11-07 21:48:19 Image size of job updated: 1646188
	1553  -  MemoryUsage of job (MB)
	1589480  -  ResidentSetSize of job (KB)
...
006 (009.014.000) 2025-11-07 21:53:20 Image size of job updated: 1647984
	1610  -  MemoryUsage of job (MB)
	1647984  -  ResidentSetSize of job (KB)
...
006 (009.014.000) 2025-11-07 22:13:22 Image size of job updated: 1691768
	1610  -  MemoryUsage of job (MB)
	1647984  -  ResidentSetSize of job (KB)
...
006 (009.014.000) 2025-11-07 22:33:24 Image size of job updated: 1691768
	1611  -  MemoryUsage of job (MB)
	1649568  -  ResidentSetSize of job (KB)
...
006 (009.014.000) 2025-11-07 23:13:29 Image size of job updated: 1697964
	1659  -  MemoryUsage of job (MB)
	1697964  -  ResidentSetSize of job (KB)
...
005 (009.014.000) 2025-11-07 23:46:24 Job terminated.
	(1) Normal termination (return value 0)
		Usr 0 09:33:10, Sys 0 00:27:09  -  Run Remote Usage
		Usr 0 00:00:00, Sys 0 00:00:00  -  Run Local Usage
		Usr 0 09:33:10, Sys 0 00:27:09  -  Total Remote Usage
		Usr 0 00:00:00, Sys 0 00:00:00  -  Total Local Usage
	0  -  Run Bytes Sent By Job
	0  -  Run Bytes Received By Job
	0  -  Total Bytes Sent By Job
	0  -  Total Bytes Received By Job
	Partitionable Resources :    Usage  Request Allocated Assigned
	   Cpus                 :     4.17        8         8 
	   Disk (KB)            :     2     1048576   1050529 
	   GPUs                 :                 1         1 "GPU-1ba53048"
	   Memory (MB)          :  1659       71680     71680 
	   TimeExecute (s)      :  7995                       
	   TimeSlotBusy (s)     :  7995                       
...
