Starting Job
/esat/smcdata/users/kkontras/Image_Dataset/no_backup/git/Synergy/train.py
/esat/smcdata/users/kkontras/Image_Dataset/no_backup/envs/balance_env/bin/python
Python 3.9.18
/esat/smcdata/users/kkontras/Image_Dataset/no_backup/git/Synergy
We have 1 GPU
/esat/smcdata/users/kkontras/Image_Dataset/no_backup/git/Synergy/train.py
config-./configs/CREMA_D/synergy/nov/synprom_ib.json
Executing command: accelerate launch /esat/smcdata/users/kkontras/Image_Dataset/no_backup/git/Synergy/train.py --config ./configs/CREMA_D/synergy/nov/synprom_ib.json --default_config ./configs/CREMA_D/default_config_cremad_res_syn.json --fold 0 --pre  --l 3 --contrcoeff 1 --lr 0.0001 --wd 0.0001 --cls mlp --perturb gen --start_over 
Namespace(config='./configs/CREMA_D/synergy/nov/synprom_ib.json', default_config='./configs/CREMA_D/default_config_cremad_res_syn.json', fold='0', alpha=None, tanh_mode=None, tanh_mode_beta=None, regby=None, clip=None, batch_size=None, l='3', multil=None, l_diffsq=None, lib=None, ratio_us=None, ratio_snr=None, kmepoch=None, num_samples=None, pow=None, nstep=None, contrcoeff='1', kde_coeff=None, etube=None, temperature=None, contr_type=None, shuffle_type=None, validate_with=None, transform_type=None, trasform_before=None, num_classes=None, base_alpha=None, alpha_var=None, base_beta=None, beta_var=None, optim_method=None, ilr_c=None, ilr_g=None, mmcosine_scaling=None, ending_epoch=None, load_ongoing=None, commonlayers=None, recon_weight1=None, recon_weight2=None, recon_epochstages=None, recon_ensemblestages=None, lr='0.0001', wd='0.0001', mm=None, cls='mlp', perturb='gen', pre=True, frozen=False, tdqm_disable=False, start_over=True)
2025-11-07 22:41:27,098 - Config - INFO - ./configs/CREMA_D/synergy/nov/synprom_ib.json
2025-11-07 22:41:27,102 - Config - INFO -  THE Configuration of your experiment ..
{'agent': 'Agent',
 'dataset': {'data_roots': '/esat/smcdata/users/kkontras/Image_Dataset/no_backup/CremaD/CREMA-D',
             'data_split': {'fold': 0, 'method': 'non_inclusive'},
             'dataloader_class': 'CramedD_Dataloader',
             'fps': 1,
             'norm': False,
             'norm_face_path': './mydatasets/CREMAD/norm_face_path_fold{}.pkl',
             'norm_wav_path': './mydatasets/CREMAD/wav_norm_16000_fold{}.pkl',
             'num_frame': 3,
             'return_data': {'audio': False,
                             'face': False,
                             'spectrogram': True,
                             'video': True},
             'sampling_rate': 22050},
 'early_stopping': {'end_of_epoch_check': True,
                    'log_interval': 10,
                    'max_epoch': 1500,
                    'n_steps_stop': 20,
                    'n_steps_stop_after': 0,
                    'save_every_step': 3000,
                    'save_every_valstep': 10,
                    'validate_after': 0,
                    'validate_every': 25,
                    'validate_with': 'accuracy'},
 'exp_name': 'CREMAD Experiment',
 'model': {'args': {'bias_infusion': {'ending_epoch': 1500,
                                      'l': 0.1,
                                      'method': 'false',
                                      'plot': False,
                                      'starting_epoch': 0,
                                      'use': True},
                    'clip_grad': False,
                    'cls_type': 'linear',
                    'd_model': 512,
                    'dropout': 0.1,
                    'fc_inner': 64,
                    'multi_loss': {'multi_supervised_w': {'c': 0,
                                                          'combined': 1,
                                                          'g': 0}},
                    'num_classes': 6},
           'encoders': [{'args': {'d_model': 512,
                                  'dropout': 0.1,
                                  'fc_inner': 64,
                                  'freeze_encoder': False,
                                  'num_classes': 6},
                         'model': 'Audio_ResNet',
                         'pretrainedEncoder': {'dir': 'unimodal_audio_fold{}_lr0.001_wd0.0001.pth.tar',
                                               'use': False}},
                        {'args': {'d_model': 512,
                                  'dropout': 0.1,
                                  'fc_inner': 64,
                                  'freeze_encoder': False,
                                  'num_classes': 6},
                         'model': 'Video_ResNet',
                         'pretrainedEncoder': {'dir': 'unimodal_video_fold{}_lr0.001_wd0.0001.pth.tar',
                                               'use': False}}],
           'load_ongoing': False,
           'model_class': 'Fusion_Synprom_IB',
           'save_base_dir': '/esat/smcdata/users/kkontras/Image_Dataset/no_backup/data/2025_data/synergy',
           'save_dir': 'Synprom_IB_{}.pth.tar'},
 'optimizer': {'beta1': 0.9,
               'beta2': 0.999,
               'learning_rate': 1e-05,
               'momentum': 0.9,
               'type': 'Adam',
               'weight_decay': 1e-05},
 'scheduler': {'max_lr': 0.03, 'type': 'cosanneal', 'warm_up_steps': 780},
 'training_params': {'adversarial_training': {'adv_epsilon': 0.01,
                                              'use': False},
                     'async_loading': True,
                     'batch_size': 32,
                     'cuda': True,
                     'data_loader_workers': 8,
                     'gpu_device': [0],
                     'pin_memory': False,
                     'rec_test': True,
                     'res': True,
                     'seed': 109,
                     'tdqm_disable': False,
                     'test_batch_size': 32,
                     'test_on_bottoms': False,
                     'use_test_set': True,
                     'validation': True,
                     'verbose': True,
                     'wandb_disable': False}}
2025-11-07 22:41:27,103 - Config - INFO -  *************************************** 
2025-11-07 22:41:27,103 - Config - INFO - The experiment name is CREMAD Experiment
2025-11-07 22:41:27,103 - Config - INFO -  *************************************** 
2025-11-07 22:41:27,104 - root - INFO - save_dir: Synprom_IB_fold0_l3_contrcoeff1_perturbgen_lr0.0001_wd0.0001_clsmlp_pre.pth.tar
2025-11-07 22:41:27,216 - Cuda Statistics - INFO - __Python VERSION:  3.9.18 (main, Sep 11 2023, 13:41:44) 
[GCC 11.2.0]
2025-11-07 22:41:27,217 - Cuda Statistics - INFO - __pyTorch VERSION:  2.0.1+cu118
2025-11-07 22:41:27,217 - Cuda Statistics - INFO - __CUDA VERSION
2025-11-07 22:41:27,219 - Cuda Statistics - INFO - __CUDNN VERSION:  8700
2025-11-07 22:41:27,233 - Cuda Statistics - INFO - __Number CUDA Devices:  1
2025-11-07 22:41:27,233 - Cuda Statistics - INFO - __Devices
2025-11-07 22:41:27,233 - Cuda Statistics - INFO - index, name, driver_version, memory.total [MiB], memory.used [MiB], memory.free [MiB]
2025-11-07 22:41:27,234 - Cuda Statistics - INFO - 0, NVIDIA GeForce RTX 2080 Ti, 570.153.02, 11264 MiB, 3 MiB, 10821 MiB
2025-11-07 22:41:27,240 - Cuda Statistics - INFO - Active CUDA Device: GPU 0
2025-11-07 22:41:27,240 - Cuda Statistics - INFO - Available devices  1
2025-11-07 22:41:27,240 - Cuda Statistics - INFO - Current cuda device  0
This path does not exist /esat/smcdata/users/kkontras/Image_Dataset/no_backup/CremaD/CREMA-D/AudioWAV/1076_MTI_SAD_XX.wav or /esat/smcdata/users/kkontras/Image_Dataset/no_backup/CremaD/CREMA-D/Image-01-FPS/1076_MTI_SAD_XX or /esat/smcdata/users/kkontras/Image_Dataset/no_backup/CremaD/CREMA-D/Face_features/1076_MTI_SAD_XX.npy
2025-11-07 22:41:28,949 - root - INFO - Loaded wav norm from ./mydatasets/CREMAD/wav_norm_16000_fold0.pkl
2025-11-07 22:41:28,953 - root - INFO - Norm values are {'mean': tensor(-2.7937e-05), 'std': tensor(0.0613), 'max_duration': 4.8715625}
2025-11-07 22:41:29,293 - root - INFO - Loaded wav norm from ./mydatasets/CREMAD/wav_norm_16000_fold0.pkl
2025-11-07 22:41:29,294 - root - INFO - Norm values are {'mean': tensor(-2.7937e-05), 'std': tensor(0.0613), 'max_duration': 4.8715625}
2025-11-07 22:41:29,694 - root - INFO - Loaded wav norm from ./mydatasets/CREMAD/wav_norm_16000_fold0.pkl
2025-11-07 22:41:29,694 - root - INFO - Norm values are {'mean': tensor(-2.7937e-05), 'std': tensor(0.0613), 'max_duration': 4.8715625}
Available cores 8
We are changing dataloader workers to num of cores 0
2025-11-07 22:41:29,696 - Agent - INFO - Device: cuda:0
2025-11-07 22:41:29,696 - Agent - INFO - Total training batches: 127, validate every 25 batches, steps per epoch: 6
2025-11-07 22:41:33,274 - Agent - INFO - Loss Weights are {'total': 1, 'combined': 1, 'c': 0, 'g': 0}
2025-11-07 22:41:33,690 - root - INFO - Loading enc best model state dict from /esat/smcdata/users/kkontras/Image_Dataset/no_backup/data/2025_data/synergy/unimodal_audio_fold0_lr0.001_wd0.0001.pth.tar
Replacing module
2025-11-07 22:41:34,036 - root - INFO - Loading enc best model state dict from /esat/smcdata/users/kkontras/Image_Dataset/no_backup/data/2025_data/synergy/unimodal_video_fold0_lr0.001_wd0.0001.pth.tar
Replacing module
2025-11-07 22:41:34,086 - Agent - INFO - Total number of trainable parameters are: 23483032
2025-11-07 22:41:34,092 - Agent - INFO - Total number of trainable parameters are: 23483032
2025-11-07 22:45:20,627 - Agent - INFO - [37mVal Epoch 1 step 1 with [31mce_loss_combined : 1.146655 [31mtotal : 1.146655 [94mAcc_combined: 70.39 [94mAcc_c: 59.57 [94mAcc_g: 59.79 [95mCEU_cue_audio: 0.5160 [95mCEU_cue_video: 0.7999 [95mCEU_synergy: 0.1885 [95mCEU_coexistence: 0.9408 
2025-11-07 22:45:20,644 - Agent - INFO - [37mTest Epoch 1 step 1 with [31mce_loss_combined : 1.229565 [31mtotal : 1.229565 [94mAcc_combined: 62.07 [94mAcc_c: 53.73 [94mAcc_g: 53.95 
2025-11-07 22:45:21,221 - Agent - INFO - [37mModels has saved successfully in /esat/smcdata/users/kkontras/Image_Dataset/no_backup/data/2025_data/synergy/Synprom_IB_fold0_l3_contrcoeff1_perturbgen_lr0.0001_wd0.0001_clsmlp_pre.pth.tar
2025-11-07 22:49:04,217 - Agent - INFO - [37mVal Epoch 2 step 2 with [31mce_loss_combined : 0.976171 [31mtotal : 0.976171 [94mAcc_combined: 66.06 [94mAcc_c: 64.01 [94mAcc_g: 57.18 [95mCEU_cue_audio: 0.3516 [95mCEU_cue_video: 0.8121 [95mCEU_synergy: 0.2871 [95mCEU_coexistence: 0.8978 
2025-11-07 22:52:47,093 - Agent - INFO - [37mVal Epoch 3 step 3 with [31mce_loss_combined : 0.998294 [31mtotal : 0.998294 [94mAcc_combined: 65.15 [94mAcc_c: 61.85 [94mAcc_g: 56.83 [95mCEU_cue_audio: 0.3196 [95mCEU_cue_video: 0.8244 [95mCEU_synergy: 0.3031 [95mCEU_coexistence: 0.8844 
2025-11-07 22:56:27,633 - Agent - INFO - [37mVal Epoch 4 step 4 with [31mce_loss_combined : 1.081386 [31mtotal : 1.081386 [94mAcc_combined: 66.06 [94mAcc_c: 64.92 [94mAcc_g: 56.83 [95mCEU_cue_audio: 0.3152 [95mCEU_cue_video: 0.8484 [95mCEU_synergy: 0.2952 [95mCEU_coexistence: 0.9006 
2025-11-07 23:00:08,448 - Agent - INFO - [37mVal Epoch 5 step 5 with [31mce_loss_combined : 1.043271 [31mtotal : 1.043271 [94mAcc_combined: 69.48 [94mAcc_c: 60.71 [94mAcc_g: 57.18 [95mCEU_cue_audio: 0.3561 [95mCEU_cue_video: 0.8606 [95mCEU_synergy: 0.2376 [95mCEU_coexistence: 0.9705 
2025-11-07 23:03:49,272 - Agent - INFO - [37mVal Epoch 6 step 6 with [31mce_loss_combined : 1.033259 [31mtotal : 1.033259 [94mAcc_combined: 70.05 [94mAcc_c: 62.64 [94mAcc_g: 57.52 [95mCEU_cue_audio: 0.3561 [95mCEU_cue_video: 0.8850 [95mCEU_synergy: 0.2952 [95mCEU_coexistence: 0.9542 
2025-11-07 23:07:31,233 - Agent - INFO - [37mVal Epoch 7 step 7 with [31mce_loss_combined : 1.046478 [31mtotal : 1.046478 [94mAcc_combined: 69.48 [94mAcc_c: 61.39 [94mAcc_g: 55.92 [95mCEU_cue_audio: 0.4246 [95mCEU_cue_video: 0.8302 [95mCEU_synergy: 0.2871 [95mCEU_coexistence: 0.9273 
2025-11-07 23:11:13,731 - Agent - INFO - [37mVal Epoch 8 step 8 with [31mce_loss_combined : 1.065399 [31mtotal : 1.065399 [94mAcc_combined: 69.02 [94mAcc_c: 61.50 [94mAcc_g: 57.52 [95mCEU_cue_audio: 0.3561 [95mCEU_cue_video: 0.8787 [95mCEU_synergy: 0.3115 [95mCEU_coexistence: 0.9273 
2025-11-07 23:14:56,474 - Agent - INFO - [37mVal Epoch 9 step 9 with [31mce_loss_combined : 1.174280 [31mtotal : 1.174280 [94mAcc_combined: 69.93 [94mAcc_c: 57.74 [94mAcc_g: 55.13 [95mCEU_cue_audio: 0.3699 [95mCEU_cue_video: 0.8547 [95mCEU_synergy: 0.3115 [95mCEU_coexistence: 0.9516 
2025-11-07 23:18:41,250 - Agent - INFO - [37mVal Epoch 10 step 10 with [31mce_loss_combined : 1.139824 [31mtotal : 1.139824 [94mAcc_combined: 67.77 [94mAcc_c: 59.34 [94mAcc_g: 53.87 [95mCEU_cue_audio: 0.3881 [95mCEU_cue_video: 0.8063 [95mCEU_synergy: 0.3281 [95mCEU_coexistence: 0.9058 
2025-11-07 23:22:27,399 - Agent - INFO - [37mVal Epoch 11 step 11 with [31mce_loss_combined : 1.121375 [31mtotal : 1.121375 [94mAcc_combined: 69.02 [94mAcc_c: 60.59 [94mAcc_g: 54.67 [95mCEU_cue_audio: 0.3699 [95mCEU_cue_video: 0.8606 [95mCEU_synergy: 0.3281 [95mCEU_coexistence: 0.9221 
2025-11-07 23:26:08,801 - Agent - INFO - [37mVal Epoch 12 step 12 with [31mce_loss_combined : 1.201305 [31mtotal : 1.201305 [94mAcc_combined: 68.00 [94mAcc_c: 59.91 [94mAcc_g: 54.78 [95mCEU_cue_audio: 0.3561 [95mCEU_cue_video: 0.8425 [95mCEU_synergy: 0.3281 [95mCEU_coexistence: 0.9141 
2025-11-07 23:29:48,724 - Agent - INFO - [37mVal Epoch 13 step 13 with [31mce_loss_combined : 1.197083 [31mtotal : 1.197083 [94mAcc_combined: 68.34 [94mAcc_c: 59.00 [94mAcc_g: 55.24 [95mCEU_cue_audio: 0.3653 [95mCEU_cue_video: 0.8606 [95mCEU_synergy: 0.3281 [95mCEU_coexistence: 0.9087 
2025-11-07 23:33:28,131 - Agent - INFO - [37mVal Epoch 14 step 14 with [31mce_loss_combined : 1.067792 [31mtotal : 1.067792 [94mAcc_combined: 72.32 [94mAcc_c: 59.79 [94mAcc_g: 55.47 [95mCEU_cue_audio: 0.4475 [95mCEU_cue_video: 0.8606 [95mCEU_synergy: 0.2871 [95mCEU_coexistence: 0.9677 
2025-11-07 23:33:28,147 - Agent - INFO - [37mTest Epoch 14 step 14 with [31mce_loss_combined : 1.358277 [31mtotal : 1.358277 [94mAcc_combined: 63.40 [94mAcc_c: 53.39 [94mAcc_g: 54.39 
2025-11-07 23:33:28,933 - Agent - INFO - [37mModels has saved successfully in /esat/smcdata/users/kkontras/Image_Dataset/no_backup/data/2025_data/synergy/Synprom_IB_fold0_l3_contrcoeff1_perturbgen_lr0.0001_wd0.0001_clsmlp_pre.pth.tar
2025-11-07 23:37:08,291 - Agent - INFO - [37mVal Epoch 15 step 15 with [31mce_loss_combined : 1.131197 [31mtotal : 1.131197 [94mAcc_combined: 69.70 [94mAcc_c: 60.36 [94mAcc_g: 55.24 [95mCEU_cue_audio: 0.3836 [95mCEU_cue_video: 0.8547 [95mCEU_synergy: 0.3115 [95mCEU_coexistence: 0.9382 
2025-11-07 23:40:48,378 - Agent - INFO - [37mVal Epoch 16 step 16 with [31mce_loss_combined : 1.195500 [31mtotal : 1.195500 [94mAcc_combined: 67.88 [94mAcc_c: 61.39 [94mAcc_g: 53.87 [95mCEU_cue_audio: 0.4064 [95mCEU_cue_video: 0.8121 [95mCEU_synergy: 0.3115 [95mCEU_coexistence: 0.9006 
2025-11-07 23:44:32,441 - Agent - INFO - [37mVal Epoch 17 step 17 with [31mce_loss_combined : 1.176375 [31mtotal : 1.176375 [94mAcc_combined: 70.05 [94mAcc_c: 59.79 [94mAcc_g: 55.13 [95mCEU_cue_audio: 0.3925 [95mCEU_cue_video: 0.8787 [95mCEU_synergy: 0.3031 [95mCEU_coexistence: 0.9327 
2025-11-07 23:48:17,406 - Agent - INFO - [37mVal Epoch 18 step 18 with [31mce_loss_combined : 1.101761 [31mtotal : 1.101761 [94mAcc_combined: 73.23 [94mAcc_c: 59.45 [94mAcc_g: 56.61 [95mCEU_cue_audio: 0.4703 [95mCEU_cue_video: 0.8606 [95mCEU_synergy: 0.3115 [95mCEU_coexistence: 0.9677 
2025-11-07 23:48:17,430 - Agent - INFO - [37mTest Epoch 18 step 18 with [31mce_loss_combined : 1.633987 [31mtotal : 1.633987 [94mAcc_combined: 61.40 [94mAcc_c: 53.50 [94mAcc_g: 52.84 
2025-11-07 23:48:18,217 - Agent - INFO - [37mModels has saved successfully in /esat/smcdata/users/kkontras/Image_Dataset/no_backup/data/2025_data/synergy/Synprom_IB_fold0_l3_contrcoeff1_perturbgen_lr0.0001_wd0.0001_clsmlp_pre.pth.tar
2025-11-07 23:51:59,397 - Agent - INFO - [37mVal Epoch 19 step 19 with [31mce_loss_combined : 1.213233 [31mtotal : 1.213233 [94mAcc_combined: 70.27 [94mAcc_c: 57.86 [94mAcc_g: 54.78 [95mCEU_cue_audio: 0.4383 [95mCEU_cue_video: 0.8362 [95mCEU_synergy: 0.3115 [95mCEU_coexistence: 0.9273 
2025-11-07 23:55:40,622 - Agent - INFO - [37mVal Epoch 20 step 20 with [31mce_loss_combined : 1.132514 [31mtotal : 1.132514 [94mAcc_combined: 73.12 [94mAcc_c: 55.35 [94mAcc_g: 56.15 [95mCEU_cue_audio: 0.5160 [95mCEU_cue_video: 0.8302 [95mCEU_synergy: 0.2786 [95mCEU_coexistence: 0.9625 
2025-11-07 23:59:27,358 - Agent - INFO - [37mVal Epoch 21 step 21 with [31mce_loss_combined : 1.232774 [31mtotal : 1.232774 [94mAcc_combined: 69.82 [94mAcc_c: 57.06 [94mAcc_g: 54.67 [95mCEU_cue_audio: 0.4703 [95mCEU_cue_video: 0.7759 [95mCEU_synergy: 0.3197 [95mCEU_coexistence: 0.9221 
2025-11-08 00:03:11,781 - Agent - INFO - [37mVal Epoch 22 step 22 with [31mce_loss_combined : 1.149675 [31mtotal : 1.149675 [94mAcc_combined: 71.87 [94mAcc_c: 60.02 [94mAcc_g: 54.44 [95mCEU_cue_audio: 0.5343 [95mCEU_cue_video: 0.8547 [95mCEU_synergy: 0.2952 [95mCEU_coexistence: 0.9058 
2025-11-08 00:06:52,959 - Agent - INFO - [37mVal Epoch 23 step 23 with [31mce_loss_combined : 1.134444 [31mtotal : 1.134444 [94mAcc_combined: 71.87 [94mAcc_c: 58.88 [94mAcc_g: 55.69 [95mCEU_cue_audio: 0.4796 [95mCEU_cue_video: 0.8606 [95mCEU_synergy: 0.2871 [95mCEU_coexistence: 0.9382 
2025-11-08 00:10:33,521 - Agent - INFO - [37mVal Epoch 24 step 24 with [31mce_loss_combined : 1.195415 [31mtotal : 1.195415 [94mAcc_combined: 70.84 [94mAcc_c: 57.29 [94mAcc_g: 55.35 [95mCEU_cue_audio: 0.4796 [95mCEU_cue_video: 0.8181 [95mCEU_synergy: 0.3197 [95mCEU_coexistence: 0.9221 
2025-11-08 00:14:16,561 - Agent - INFO - [37mVal Epoch 25 step 25 with [31mce_loss_combined : 1.019077 [31mtotal : 1.019077 [94mAcc_combined: 75.40 [94mAcc_c: 61.28 [94mAcc_g: 55.58 [95mCEU_cue_audio: 0.5707 [95mCEU_cue_video: 0.8484 [95mCEU_synergy: 0.2871 [95mCEU_coexistence: 0.9731 
2025-11-08 00:14:16,575 - Agent - INFO - [37mTest Epoch 25 step 25 with [31mce_loss_combined : 1.296369 [31mtotal : 1.296369 [94mAcc_combined: 66.18 [94mAcc_c: 54.73 [94mAcc_g: 52.84 
2025-11-08 00:14:17,435 - Agent - INFO - [37mModels has saved successfully in /esat/smcdata/users/kkontras/Image_Dataset/no_backup/data/2025_data/synergy/Synprom_IB_fold0_l3_contrcoeff1_perturbgen_lr0.0001_wd0.0001_clsmlp_pre.pth.tar
2025-11-08 00:17:59,687 - Agent - INFO - [37mVal Epoch 26 step 26 with [31mce_loss_combined : 1.077753 [31mtotal : 1.077753 [94mAcc_combined: 74.03 [94mAcc_c: 58.66 [94mAcc_g: 54.90 [95mCEU_cue_audio: 0.5890 [95mCEU_cue_video: 0.8302 [95mCEU_synergy: 0.2621 [95mCEU_coexistence: 0.9462 
2025-11-08 00:21:40,449 - Agent - INFO - [37mVal Epoch 27 step 27 with [31mce_loss_combined : 1.129572 [31mtotal : 1.129572 [94mAcc_combined: 73.92 [94mAcc_c: 60.36 [94mAcc_g: 54.90 [95mCEU_cue_audio: 0.5433 [95mCEU_cue_video: 0.8244 [95mCEU_synergy: 0.3115 [95mCEU_coexistence: 0.9570 
2025-11-08 00:25:20,607 - Agent - INFO - [37mVal Epoch 28 step 28 with [31mce_loss_combined : 1.098885 [31mtotal : 1.098885 [94mAcc_combined: 71.53 [94mAcc_c: 59.23 [94mAcc_g: 56.61 [95mCEU_cue_audio: 0.4611 [95mCEU_cue_video: 0.8362 [95mCEU_synergy: 0.2952 [95mCEU_coexistence: 0.9490 
2025-11-08 00:29:03,915 - Agent - INFO - [37mVal Epoch 29 step 29 with [31mce_loss_combined : 1.101079 [31mtotal : 1.101079 [94mAcc_combined: 74.15 [94mAcc_c: 60.48 [94mAcc_g: 54.90 [95mCEU_cue_audio: 0.5204 [95mCEU_cue_video: 0.8484 [95mCEU_synergy: 0.3115 [95mCEU_coexistence: 0.9651 
2025-11-08 00:32:46,877 - Agent - INFO - [37mVal Epoch 30 step 30 with [31mce_loss_combined : 1.054661 [31mtotal : 1.054661 [94mAcc_combined: 74.26 [94mAcc_c: 61.05 [94mAcc_g: 55.24 [95mCEU_cue_audio: 0.5204 [95mCEU_cue_video: 0.8606 [95mCEU_synergy: 0.2952 [95mCEU_coexistence: 0.9677 
2025-11-08 00:36:33,218 - Agent - INFO - [37mVal Epoch 31 step 31 with [31mce_loss_combined : 1.047240 [31mtotal : 1.047240 [94mAcc_combined: 72.78 [94mAcc_c: 58.54 [94mAcc_g: 56.38 [95mCEU_cue_audio: 0.4886 [95mCEU_cue_video: 0.8425 [95mCEU_synergy: 0.2871 [95mCEU_coexistence: 0.9625 
2025-11-08 00:40:10,843 - Agent - INFO - [37mVal Epoch 32 step 32 with [31mce_loss_combined : 1.066770 [31mtotal : 1.066770 [94mAcc_combined: 73.80 [94mAcc_c: 60.02 [94mAcc_g: 55.47 [95mCEU_cue_audio: 0.5479 [95mCEU_cue_video: 0.8121 [95mCEU_synergy: 0.3031 [95mCEU_coexistence: 0.9596 
2025-11-08 00:43:54,178 - Agent - INFO - [37mVal Epoch 33 step 33 with [31mce_loss_combined : 1.186829 [31mtotal : 1.186829 [94mAcc_combined: 70.73 [94mAcc_c: 56.15 [94mAcc_g: 53.87 [95mCEU_cue_audio: 0.5707 [95mCEU_cue_video: 0.7456 [95mCEU_synergy: 0.3115 [95mCEU_coexistence: 0.9006 
2025-11-08 00:47:34,173 - Agent - INFO - [37mVal Epoch 34 step 34 with [31mce_loss_combined : 0.996726 [31mtotal : 0.996726 [94mAcc_combined: 72.44 [94mAcc_c: 56.49 [94mAcc_g: 55.58 [95mCEU_cue_audio: 0.5389 [95mCEU_cue_video: 0.8362 [95mCEU_synergy: 0.2295 [95mCEU_coexistence: 0.9462 
2025-11-08 00:51:15,172 - Agent - INFO - [37mVal Epoch 35 step 35 with [31mce_loss_combined : 1.253379 [31mtotal : 1.253379 [94mAcc_combined: 72.32 [94mAcc_c: 58.88 [94mAcc_g: 53.87 [95mCEU_cue_audio: 0.5617 [95mCEU_cue_video: 0.7999 [95mCEU_synergy: 0.3281 [95mCEU_coexistence: 0.9141 
2025-11-08 00:55:00,113 - Agent - INFO - [37mVal Epoch 36 step 36 with [31mce_loss_combined : 1.263376 [31mtotal : 1.263376 [94mAcc_combined: 71.87 [94mAcc_c: 59.00 [94mAcc_g: 55.24 [95mCEU_cue_audio: 0.5571 [95mCEU_cue_video: 0.7878 [95mCEU_synergy: 0.3360 [95mCEU_coexistence: 0.9087 
2025-11-08 00:58:44,272 - Agent - INFO - [37mVal Epoch 37 step 37 with [31mce_loss_combined : 1.186561 [31mtotal : 1.186561 [94mAcc_combined: 71.98 [94mAcc_c: 57.06 [94mAcc_g: 55.58 [95mCEU_cue_audio: 0.5024 [95mCEU_cue_video: 0.8121 [95mCEU_synergy: 0.3197 [95mCEU_coexistence: 0.9382 
2025-11-08 01:02:28,087 - Agent - INFO - [37mVal Epoch 38 step 38 with [31mce_loss_combined : 1.128607 [31mtotal : 1.128607 [94mAcc_combined: 73.69 [94mAcc_c: 58.31 [94mAcc_g: 55.58 [95mCEU_cue_audio: 0.5343 [95mCEU_cue_video: 0.8362 [95mCEU_synergy: 0.2871 [95mCEU_coexistence: 0.9596 
2025-11-08 01:06:10,449 - Agent - INFO - [37mVal Epoch 39 step 39 with [31mce_loss_combined : 1.182052 [31mtotal : 1.182052 [94mAcc_combined: 72.10 [94mAcc_c: 56.61 [94mAcc_g: 55.01 [95mCEU_cue_audio: 0.5343 [95mCEU_cue_video: 0.8181 [95mCEU_synergy: 0.3525 [95mCEU_coexistence: 0.9087 
2025-11-08 01:09:55,280 - Agent - INFO - [37mVal Epoch 40 step 40 with [31mce_loss_combined : 1.142084 [31mtotal : 1.142084 [94mAcc_combined: 69.48 [94mAcc_c: 56.95 [94mAcc_g: 55.24 [95mCEU_cue_audio: 0.4611 [95mCEU_cue_video: 0.7940 [95mCEU_synergy: 0.2871 [95mCEU_coexistence: 0.9221 
2025-11-08 01:13:37,105 - Agent - INFO - [37mVal Epoch 41 step 41 with [31mce_loss_combined : 1.043536 [31mtotal : 1.043536 [94mAcc_combined: 74.37 [94mAcc_c: 58.77 [94mAcc_g: 55.92 [95mCEU_cue_audio: 0.5754 [95mCEU_cue_video: 0.7999 [95mCEU_synergy: 0.2871 [95mCEU_coexistence: 0.9677 
2025-11-08 01:17:19,260 - Agent - INFO - [37mVal Epoch 42 step 42 with [31mce_loss_combined : 1.040031 [31mtotal : 1.040031 [94mAcc_combined: 75.28 [94mAcc_c: 59.91 [94mAcc_g: 55.81 [95mCEU_cue_audio: 0.6393 [95mCEU_cue_video: 0.7637 [95mCEU_synergy: 0.3115 [95mCEU_coexistence: 0.9596 
2025-11-08 01:21:01,526 - Agent - INFO - [37mVal Epoch 43 step 43 with [31mce_loss_combined : 1.077831 [31mtotal : 1.077831 [94mAcc_combined: 74.15 [94mAcc_c: 60.59 [94mAcc_g: 54.33 [95mCEU_cue_audio: 0.6119 [95mCEU_cue_video: 0.7940 [95mCEU_synergy: 0.2952 [95mCEU_coexistence: 0.9408 
2025-11-08 01:24:40,830 - Agent - INFO - [37mVal Epoch 44 step 44 with [31mce_loss_combined : 1.040595 [31mtotal : 1.040595 [94mAcc_combined: 73.58 [94mAcc_c: 60.02 [94mAcc_g: 53.99 [95mCEU_cue_audio: 0.6255 [95mCEU_cue_video: 0.7696 [95mCEU_synergy: 0.3115 [95mCEU_coexistence: 0.9247 
2025-11-08 01:24:41,596 - Agent - INFO - We are in the final state.
2025-11-08 01:24:41,847 - root - INFO - Loaded best model from /esat/smcdata/users/kkontras/Image_Dataset/no_backup/data/2025_data/synergy/Synprom_IB_fold0_l3_contrcoeff1_perturbgen_lr0.0001_wd0.0001_clsmlp_pre.pth.tar
2025-11-08 01:24:56,226 - Agent - INFO - [37mVal Epoch 44 step 0 with [31mce_loss_combined : 1.019077 [31mtotal : 1.019077 [94mAcc_combined: 75.40 [94mAcc_c: 61.28 [94mAcc_g: 55.58 [95mCEU_cue_audio: 0.5707 [95mCEU_cue_video: 0.8484 [95mCEU_synergy: 0.2871 [95mCEU_coexistence: 0.9731 
2025-11-08 01:25:11,104 - Agent - INFO - [37mTest Epoch 44 step 0 with [31mce_loss_combined : 1.296369 [31mtotal : 1.296369 [94mAcc_combined: 66.18 [94mAcc_c: 54.73 [94mAcc_g: 52.84 
2025-11-08 01:25:12,823 - Agent - INFO - [37mModels has saved successfully in /esat/smcdata/users/kkontras/Image_Dataset/no_backup/data/2025_data/synergy/Synprom_IB_fold0_l3_contrcoeff1_perturbgen_lr0.0001_wd0.0001_clsmlp_pre.pth.tar
Job finished
