000 (009.015.000) 2025-11-07 18:42:49 Job submitted from host: <10.87.28.209:9618?addrs=10.87.28.209-9618&alias=krakas.esat.kuleuven.be&noUDP&sock=schedd_1611_9729>
...
001 (009.015.000) 2025-11-07 22:41:09 Job executing on host: <10.87.28.117:9618?addrs=10.87.28.117-9618&alias=stadius-nc-4.esat.kuleuven.be&noUDP&sock=startd_3335_1c6f>
	SlotName: slot1_1@stadius-nc-4.esat.kuleuven.be
	AvailableGPUs = { GPUs_GPU_1236270c }
	CondorScratchDir = "/volume1/condor/execute/dir_1271955"
	Cpus = 8
	Disk = 1050150
	GPUs = 1
	GPUs_GPU_1236270c = [ Id = "GPU-1236270c"; ClockMhz = 1545.0; Capability = 7.5; CoresPerCU = 64; DeviceName = "NVIDIA GeForce RTX 2080 Ti"; DeviceUuid = "1236270c-ad23-648a-e65a-80b2ab2cf0c3"; ECCEnabled = false; ComputeUnits = 68; NvidiaDriver = "570.153.02"; DriverVersion = 12.8; DevicePciBusId = "0000:25:00.0"; GlobalMemoryMb = 10823; MaxSupportedVersion = 12080 ]
	Memory = 71680
...
006 (009.015.000) 2025-11-07 22:41:18 Image size of job updated: 428868
	419  -  MemoryUsage of job (MB)
	428868  -  ResidentSetSize of job (KB)
...
006 (009.015.000) 2025-11-07 22:46:19 Image size of job updated: 1575288
	1537  -  MemoryUsage of job (MB)
	1573572  -  ResidentSetSize of job (KB)
...
006 (009.015.000) 2025-11-07 22:51:19 Image size of job updated: 1587288
	1537  -  MemoryUsage of job (MB)
	1573572  -  ResidentSetSize of job (KB)
...
006 (009.015.000) 2025-11-07 22:56:20 Image size of job updated: 1594888
	1537  -  MemoryUsage of job (MB)
	1573572  -  ResidentSetSize of job (KB)
...
006 (009.015.000) 2025-11-07 23:01:21 Image size of job updated: 1608604
	1571  -  MemoryUsage of job (MB)
	1607712  -  ResidentSetSize of job (KB)
...
006 (009.015.000) 2025-11-07 23:06:21 Image size of job updated: 1624848
	1571  -  MemoryUsage of job (MB)
	1607712  -  ResidentSetSize of job (KB)
...
006 (009.015.000) 2025-11-07 23:16:23 Image size of job updated: 1627260
	1571  -  MemoryUsage of job (MB)
	1607712  -  ResidentSetSize of job (KB)
...
006 (009.015.000) 2025-11-07 23:21:23 Image size of job updated: 1682112
	1571  -  MemoryUsage of job (MB)
	1607712  -  ResidentSetSize of job (KB)
...
006 (009.015.000) 2025-11-07 23:46:25 Image size of job updated: 1682112
	1614  -  MemoryUsage of job (MB)
	1652684  -  ResidentSetSize of job (KB)
...
006 (009.015.000) 2025-11-07 23:51:26 Image size of job updated: 1714936
	1614  -  MemoryUsage of job (MB)
	1652684  -  ResidentSetSize of job (KB)
...
006 (009.015.000) 2025-11-07 23:56:27 Image size of job updated: 1721968
	1614  -  MemoryUsage of job (MB)
	1652684  -  ResidentSetSize of job (KB)
...
006 (009.015.000) 2025-11-08 00:01:27 Image size of job updated: 1721968
	1635  -  MemoryUsage of job (MB)
	1673488  -  ResidentSetSize of job (KB)
...
006 (009.015.000) 2025-11-08 01:11:33 Image size of job updated: 1777412
	1635  -  MemoryUsage of job (MB)
	1673488  -  ResidentSetSize of job (KB)
...
006 (009.015.000) 2025-11-08 01:25:20 Image size of job updated: 2126960
	1635  -  MemoryUsage of job (MB)
	1673488  -  ResidentSetSize of job (KB)
...
005 (009.015.000) 2025-11-08 01:25:20 Job terminated.
	(1) Normal termination (return value 0)
		Usr 0 08:01:57, Sys 0 00:58:58  -  Run Remote Usage
		Usr 0 00:00:00, Sys 0 00:00:00  -  Run Local Usage
		Usr 0 08:01:57, Sys 0 00:58:58  -  Total Remote Usage
		Usr 0 00:00:00, Sys 0 00:00:00  -  Total Local Usage
	0  -  Run Bytes Sent By Job
	0  -  Run Bytes Received By Job
	0  -  Total Bytes Sent By Job
	0  -  Total Bytes Received By Job
	Partitionable Resources :    Usage  Request Allocated Assigned
	   Cpus                 :     2.89        8         8 
	   Disk (KB)            :     2     1048576   1050150 
	   GPUs                 :     0.57        1         1 "GPU-1236270c"
	   GpusMemory (MB)      :  9266                       
	   Memory (MB)          :  1635       71680     71680 
	   TimeExecute (s)      :  9851                       
	   TimeSlotBusy (s)     :  9851                       
...
