Starting Job
/esat/smcdata/users/kkontras/Image_Dataset/no_backup/git/Synergy/train.py
/esat/smcdata/users/kkontras/Image_Dataset/no_backup/envs/balance_env/bin/python
Python 3.9.18
/esat/smcdata/users/kkontras/Image_Dataset/no_backup/git/Synergy
We have 1 GPU
/esat/smcdata/users/kkontras/Image_Dataset/no_backup/git/Synergy/train.py
config-./configs/CREMA_D/synergy/nov/synprom_ib.json
Executing command: accelerate launch /esat/smcdata/users/kkontras/Image_Dataset/no_backup/git/Synergy/train.py --config ./configs/CREMA_D/synergy/nov/synprom_ib.json --default_config ./configs/CREMA_D/default_config_cremad_res_syn.json --fold 1 --pre  --l 3 --contrcoeff 1 --lr 0.0001 --wd 0.0001 --cls mlp --perturb gen --start_over 
Namespace(config='./configs/CREMA_D/synergy/nov/synprom_ib.json', default_config='./configs/CREMA_D/default_config_cremad_res_syn.json', fold='1', alpha=None, tanh_mode=None, tanh_mode_beta=None, regby=None, clip=None, batch_size=None, l='3', multil=None, l_diffsq=None, lib=None, ratio_us=None, ratio_snr=None, kmepoch=None, num_samples=None, pow=None, nstep=None, contrcoeff='1', kde_coeff=None, etube=None, temperature=None, contr_type=None, shuffle_type=None, validate_with=None, transform_type=None, trasform_before=None, num_classes=None, base_alpha=None, alpha_var=None, base_beta=None, beta_var=None, optim_method=None, ilr_c=None, ilr_g=None, mmcosine_scaling=None, ending_epoch=None, load_ongoing=None, commonlayers=None, recon_weight1=None, recon_weight2=None, recon_epochstages=None, recon_ensemblestages=None, lr='0.0001', wd='0.0001', mm=None, cls='mlp', perturb='gen', pre=True, frozen=False, tdqm_disable=False, start_over=True)
2025-11-07 22:45:41,423 - Config - INFO - ./configs/CREMA_D/synergy/nov/synprom_ib.json
2025-11-07 22:45:41,429 - Config - INFO -  THE Configuration of your experiment ..
{'agent': 'Agent',
 'dataset': {'data_roots': '/esat/smcdata/users/kkontras/Image_Dataset/no_backup/CremaD/CREMA-D',
             'data_split': {'fold': 0, 'method': 'non_inclusive'},
             'dataloader_class': 'CramedD_Dataloader',
             'fps': 1,
             'norm': False,
             'norm_face_path': './mydatasets/CREMAD/norm_face_path_fold{}.pkl',
             'norm_wav_path': './mydatasets/CREMAD/wav_norm_16000_fold{}.pkl',
             'num_frame': 3,
             'return_data': {'audio': False,
                             'face': False,
                             'spectrogram': True,
                             'video': True},
             'sampling_rate': 22050},
 'early_stopping': {'end_of_epoch_check': True,
                    'log_interval': 10,
                    'max_epoch': 1500,
                    'n_steps_stop': 20,
                    'n_steps_stop_after': 0,
                    'save_every_step': 3000,
                    'save_every_valstep': 10,
                    'validate_after': 0,
                    'validate_every': 25,
                    'validate_with': 'accuracy'},
 'exp_name': 'CREMAD Experiment',
 'model': {'args': {'bias_infusion': {'ending_epoch': 1500,
                                      'l': 0.1,
                                      'method': 'false',
                                      'plot': False,
                                      'starting_epoch': 0,
                                      'use': True},
                    'clip_grad': False,
                    'cls_type': 'linear',
                    'd_model': 512,
                    'dropout': 0.1,
                    'fc_inner': 64,
                    'multi_loss': {'multi_supervised_w': {'c': 0,
                                                          'combined': 1,
                                                          'g': 0}},
                    'num_classes': 6},
           'encoders': [{'args': {'d_model': 512,
                                  'dropout': 0.1,
                                  'fc_inner': 64,
                                  'freeze_encoder': False,
                                  'num_classes': 6},
                         'model': 'Audio_ResNet',
                         'pretrainedEncoder': {'dir': 'unimodal_audio_fold{}_lr0.001_wd0.0001.pth.tar',
                                               'use': False}},
                        {'args': {'d_model': 512,
                                  'dropout': 0.1,
                                  'fc_inner': 64,
                                  'freeze_encoder': False,
                                  'num_classes': 6},
                         'model': 'Video_ResNet',
                         'pretrainedEncoder': {'dir': 'unimodal_video_fold{}_lr0.001_wd0.0001.pth.tar',
                                               'use': False}}],
           'load_ongoing': False,
           'model_class': 'Fusion_Synprom_IB',
           'save_base_dir': '/esat/smcdata/users/kkontras/Image_Dataset/no_backup/data/2025_data/synergy',
           'save_dir': 'Synprom_IB_{}.pth.tar'},
 'optimizer': {'beta1': 0.9,
               'beta2': 0.999,
               'learning_rate': 1e-05,
               'momentum': 0.9,
               'type': 'Adam',
               'weight_decay': 1e-05},
 'scheduler': {'max_lr': 0.03, 'type': 'cosanneal', 'warm_up_steps': 780},
 'training_params': {'adversarial_training': {'adv_epsilon': 0.01,
                                              'use': False},
                     'async_loading': True,
                     'batch_size': 32,
                     'cuda': True,
                     'data_loader_workers': 8,
                     'gpu_device': [0],
                     'pin_memory': False,
                     'rec_test': True,
                     'res': True,
                     'seed': 109,
                     'tdqm_disable': False,
                     'test_batch_size': 32,
                     'test_on_bottoms': False,
                     'use_test_set': True,
                     'validation': True,
                     'verbose': True,
                     'wandb_disable': False}}
2025-11-07 22:45:41,432 - Config - INFO -  *************************************** 
2025-11-07 22:45:41,432 - Config - INFO - The experiment name is CREMAD Experiment
2025-11-07 22:45:41,432 - Config - INFO -  *************************************** 
2025-11-07 22:45:41,433 - root - INFO - save_dir: Synprom_IB_fold1_l3_contrcoeff1_perturbgen_lr0.0001_wd0.0001_clsmlp_pre.pth.tar
2025-11-07 22:45:41,645 - Cuda Statistics - INFO - __Python VERSION:  3.9.18 (main, Sep 11 2023, 13:41:44) 
[GCC 11.2.0]
2025-11-07 22:45:41,645 - Cuda Statistics - INFO - __pyTorch VERSION:  2.0.1+cu118
2025-11-07 22:45:41,645 - Cuda Statistics - INFO - __CUDA VERSION
2025-11-07 22:45:41,649 - Cuda Statistics - INFO - __CUDNN VERSION:  8700
2025-11-07 22:45:41,693 - Cuda Statistics - INFO - __Number CUDA Devices:  1
2025-11-07 22:45:41,693 - Cuda Statistics - INFO - __Devices
2025-11-07 22:45:41,693 - Cuda Statistics - INFO - index, name, driver_version, memory.total [MiB], memory.used [MiB], memory.free [MiB]
2025-11-07 22:45:41,693 - Cuda Statistics - INFO - 0, Tesla P100-PCIE-16GB, 580.95.05, 16384 MiB, 3 MiB, 16268 MiB
2025-11-07 22:45:41,695 - Cuda Statistics - INFO - Active CUDA Device: GPU 0
2025-11-07 22:45:41,696 - Cuda Statistics - INFO - Available devices  1
2025-11-07 22:45:41,696 - Cuda Statistics - INFO - Current cuda device  0
This path does not exist /esat/smcdata/users/kkontras/Image_Dataset/no_backup/CremaD/CREMA-D/AudioWAV/1076_MTI_SAD_XX.wav or /esat/smcdata/users/kkontras/Image_Dataset/no_backup/CremaD/CREMA-D/Image-01-FPS/1076_MTI_SAD_XX or /esat/smcdata/users/kkontras/Image_Dataset/no_backup/CremaD/CREMA-D/Face_features/1076_MTI_SAD_XX.npy
2025-11-07 22:45:43,892 - root - INFO - Loaded wav norm from ./mydatasets/CREMAD/wav_norm_16000_fold1.pkl
2025-11-07 22:45:43,898 - root - INFO - Norm values are {'mean': tensor(-2.6751e-05), 'std': tensor(0.0610), 'max_duration': 5.005}
2025-11-07 22:45:44,433 - root - INFO - Loaded wav norm from ./mydatasets/CREMAD/wav_norm_16000_fold1.pkl
2025-11-07 22:45:44,435 - root - INFO - Norm values are {'mean': tensor(-2.6751e-05), 'std': tensor(0.0610), 'max_duration': 5.005}
2025-11-07 22:45:44,972 - root - INFO - Loaded wav norm from ./mydatasets/CREMAD/wav_norm_16000_fold1.pkl
2025-11-07 22:45:44,974 - root - INFO - Norm values are {'mean': tensor(-2.6751e-05), 'std': tensor(0.0610), 'max_duration': 5.005}
Available cores 8
We are changing dataloader workers to num of cores 0
2025-11-07 22:45:44,978 - Agent - INFO - Device: cuda:0
2025-11-07 22:45:44,978 - Agent - INFO - Total training batches: 126, validate every 25 batches, steps per epoch: 6
2025-11-07 22:45:52,014 - Agent - INFO - Loss Weights are {'total': 1, 'combined': 1, 'c': 0, 'g': 0}
2025-11-07 22:45:52,826 - root - INFO - Loading enc best model state dict from /esat/smcdata/users/kkontras/Image_Dataset/no_backup/data/2025_data/synergy/unimodal_audio_fold1_lr0.001_wd0.0001.pth.tar
Replacing module
2025-11-07 22:45:53,310 - root - INFO - Loading enc best model state dict from /esat/smcdata/users/kkontras/Image_Dataset/no_backup/data/2025_data/synergy/unimodal_video_fold1_lr0.001_wd0.0001.pth.tar
Replacing module
2025-11-07 22:45:53,355 - Agent - INFO - Total number of trainable parameters are: 23483032
2025-11-07 22:45:53,364 - Agent - INFO - Total number of trainable parameters are: 23483032
2025-11-07 22:53:13,302 - Agent - INFO - [37mVal Epoch 1 step 1 with [31mce_loss_combined : 1.166454 [31mtotal : 1.166454 [94mAcc_combined: 71.96 [94mAcc_c: 57.78 [94mAcc_g: 53.92 [95mCEU_cue_audio: 0.6764 [95mCEU_cue_video: 0.7323 [95mCEU_synergy: 0.2278 [95mCEU_coexistence: 0.9715 
2025-11-07 22:53:13,327 - Agent - INFO - [37mTest Epoch 1 step 1 with [31mce_loss_combined : 1.127372 [31mtotal : 1.127372 [94mAcc_combined: 72.35 [94mAcc_c: 55.74 [94mAcc_g: 61.31 
2025-11-07 22:53:14,358 - Agent - INFO - [37mModels has saved successfully in /esat/smcdata/users/kkontras/Image_Dataset/no_backup/data/2025_data/synergy/Synprom_IB_fold1_l3_contrcoeff1_perturbgen_lr0.0001_wd0.0001_clsmlp_pre.pth.tar
2025-11-07 23:00:29,260 - Agent - INFO - [37mVal Epoch 2 step 2 with [31mce_loss_combined : 0.981008 [31mtotal : 0.981008 [94mAcc_combined: 65.95 [94mAcc_c: 54.82 [94mAcc_g: 52.44 [95mCEU_cue_audio: 0.4369 [95mCEU_cue_video: 0.8142 [95mCEU_synergy: 0.2139 [95mCEU_coexistence: 0.9429 
2025-11-07 23:07:45,782 - Agent - INFO - [37mVal Epoch 3 step 3 with [31mce_loss_combined : 1.049197 [31mtotal : 1.049197 [94mAcc_combined: 62.77 [94mAcc_c: 52.55 [94mAcc_g: 52.55 [95mCEU_cue_audio: 0.3657 [95mCEU_cue_video: 0.8142 [95mCEU_synergy: 0.1932 [95mCEU_coexistence: 0.9175 
2025-11-07 23:15:00,763 - Agent - INFO - [37mVal Epoch 4 step 4 with [31mce_loss_combined : 1.186692 [31mtotal : 1.186692 [94mAcc_combined: 60.84 [94mAcc_c: 53.23 [94mAcc_g: 52.89 [95mCEU_cue_audio: 0.2857 [95mCEU_cue_video: 0.8089 [95mCEU_synergy: 0.2072 [95mCEU_coexistence: 0.9206 
2025-11-07 23:22:17,844 - Agent - INFO - [37mVal Epoch 5 step 5 with [31mce_loss_combined : 1.152481 [31mtotal : 1.152481 [94mAcc_combined: 61.29 [94mAcc_c: 58.57 [94mAcc_g: 52.55 [95mCEU_cue_audio: 0.2983 [95mCEU_cue_video: 0.8580 [95mCEU_synergy: 0.1519 [95mCEU_coexistence: 0.9206 
2025-11-07 23:29:33,139 - Agent - INFO - [37mVal Epoch 6 step 6 with [31mce_loss_combined : 1.383839 [31mtotal : 1.383839 [94mAcc_combined: 58.34 [94mAcc_c: 53.80 [94mAcc_g: 51.31 [95mCEU_cue_audio: 0.2605 [95mCEU_cue_video: 0.7925 [95mCEU_synergy: 0.2205 [95mCEU_coexistence: 0.8730 
2025-11-07 23:36:47,369 - Agent - INFO - [37mVal Epoch 7 step 7 with [31mce_loss_combined : 1.273430 [31mtotal : 1.273430 [94mAcc_combined: 60.50 [94mAcc_c: 53.01 [94mAcc_g: 51.08 [95mCEU_cue_audio: 0.3151 [95mCEU_cue_video: 0.8142 [95mCEU_synergy: 0.1999 [95mCEU_coexistence: 0.8890 
2025-11-07 23:44:01,690 - Agent - INFO - [37mVal Epoch 8 step 8 with [31mce_loss_combined : 1.170517 [31mtotal : 1.170517 [94mAcc_combined: 64.02 [94mAcc_c: 54.82 [94mAcc_g: 53.01 [95mCEU_cue_audio: 0.3739 [95mCEU_cue_video: 0.8359 [95mCEU_synergy: 0.2072 [95mCEU_coexistence: 0.9270 
2025-11-07 23:51:13,673 - Agent - INFO - [37mVal Epoch 9 step 9 with [31mce_loss_combined : 1.133311 [31mtotal : 1.133311 [94mAcc_combined: 64.93 [94mAcc_c: 55.16 [94mAcc_g: 54.37 [95mCEU_cue_audio: 0.3823 [95mCEU_cue_video: 0.8527 [95mCEU_synergy: 0.1792 [95mCEU_coexistence: 0.9491 
2025-11-07 23:58:28,891 - Agent - INFO - [37mVal Epoch 10 step 10 with [31mce_loss_combined : 1.233832 [31mtotal : 1.233832 [94mAcc_combined: 63.56 [94mAcc_c: 52.33 [94mAcc_g: 52.67 [95mCEU_cue_audio: 0.3488 [95mCEU_cue_video: 0.8305 [95mCEU_synergy: 0.1860 [95mCEU_coexistence: 0.9460 
2025-11-08 00:05:41,764 - Agent - INFO - [37mVal Epoch 11 step 11 with [31mce_loss_combined : 1.319960 [31mtotal : 1.319960 [94mAcc_combined: 61.63 [94mAcc_c: 52.21 [94mAcc_g: 52.21 [95mCEU_cue_audio: 0.3362 [95mCEU_cue_video: 0.8195 [95mCEU_synergy: 0.1860 [95mCEU_coexistence: 0.9080 
2025-11-08 00:12:53,995 - Agent - INFO - [37mVal Epoch 12 step 12 with [31mce_loss_combined : 1.190123 [31mtotal : 1.190123 [94mAcc_combined: 63.90 [94mAcc_c: 51.87 [94mAcc_g: 55.16 [95mCEU_cue_audio: 0.3782 [95mCEU_cue_video: 0.8142 [95mCEU_synergy: 0.1725 [95mCEU_coexistence: 0.9491 
2025-11-08 00:20:10,007 - Agent - INFO - [37mVal Epoch 13 step 13 with [31mce_loss_combined : 1.201239 [31mtotal : 1.201239 [94mAcc_combined: 63.90 [94mAcc_c: 56.07 [94mAcc_g: 53.92 [95mCEU_cue_audio: 0.3613 [95mCEU_cue_video: 0.8305 [95mCEU_synergy: 0.2139 [95mCEU_coexistence: 0.9334 
2025-11-08 00:27:22,832 - Agent - INFO - [37mVal Epoch 14 step 14 with [31mce_loss_combined : 1.240157 [31mtotal : 1.240157 [94mAcc_combined: 63.00 [94mAcc_c: 54.03 [94mAcc_g: 53.69 [95mCEU_cue_audio: 0.3528 [95mCEU_cue_video: 0.8252 [95mCEU_synergy: 0.1860 [95mCEU_coexistence: 0.9301 
2025-11-08 00:34:36,403 - Agent - INFO - [37mVal Epoch 15 step 15 with [31mce_loss_combined : 1.121186 [31mtotal : 1.121186 [94mAcc_combined: 65.49 [94mAcc_c: 56.53 [94mAcc_g: 54.60 [95mCEU_cue_audio: 0.3697 [95mCEU_cue_video: 0.8580 [95mCEU_synergy: 0.1999 [95mCEU_coexistence: 0.9620 
2025-11-08 00:41:49,342 - Agent - INFO - [37mVal Epoch 16 step 16 with [31mce_loss_combined : 1.151035 [31mtotal : 1.151035 [94mAcc_combined: 64.70 [94mAcc_c: 55.16 [94mAcc_g: 54.37 [95mCEU_cue_audio: 0.3782 [95mCEU_cue_video: 0.8359 [95mCEU_synergy: 0.1932 [95mCEU_coexistence: 0.9491 
2025-11-08 00:49:02,796 - Agent - INFO - [37mVal Epoch 17 step 17 with [31mce_loss_combined : 1.249518 [31mtotal : 1.249518 [94mAcc_combined: 61.98 [94mAcc_c: 50.85 [94mAcc_g: 53.23 [95mCEU_cue_audio: 0.3528 [95mCEU_cue_video: 0.8089 [95mCEU_synergy: 0.1725 [95mCEU_coexistence: 0.9175 
2025-11-08 00:56:15,740 - Agent - INFO - [37mVal Epoch 18 step 18 with [31mce_loss_combined : 1.243509 [31mtotal : 1.243509 [94mAcc_combined: 62.09 [94mAcc_c: 57.21 [94mAcc_g: 52.67 [95mCEU_cue_audio: 0.3277 [95mCEU_cue_video: 0.8195 [95mCEU_synergy: 0.2072 [95mCEU_coexistence: 0.9175 
2025-11-08 01:03:27,609 - Agent - INFO - [37mVal Epoch 19 step 19 with [31mce_loss_combined : 1.226623 [31mtotal : 1.226623 [94mAcc_combined: 64.36 [94mAcc_c: 55.62 [94mAcc_g: 54.37 [95mCEU_cue_audio: 0.3865 [95mCEU_cue_video: 0.8416 [95mCEU_synergy: 0.1725 [95mCEU_coexistence: 0.9396 
2025-11-08 01:10:39,814 - Agent - INFO - [37mVal Epoch 20 step 20 with [31mce_loss_combined : 1.385311 [31mtotal : 1.385311 [94mAcc_combined: 63.22 [94mAcc_c: 51.31 [94mAcc_g: 52.55 [95mCEU_cue_audio: 0.3823 [95mCEU_cue_video: 0.8142 [95mCEU_synergy: 0.2072 [95mCEU_coexistence: 0.9111 
2025-11-08 01:10:42,841 - Agent - INFO - We are in the final state.
2025-11-08 01:10:43,227 - root - INFO - Loaded best model from /esat/smcdata/users/kkontras/Image_Dataset/no_backup/data/2025_data/synergy/Synprom_IB_fold1_l3_contrcoeff1_perturbgen_lr0.0001_wd0.0001_clsmlp_pre.pth.tar
2025-11-08 01:11:06,367 - Agent - INFO - [37mVal Epoch 20 step 0 with [31mce_loss_combined : 1.166454 [31mtotal : 1.166454 [94mAcc_combined: 71.96 [94mAcc_c: 57.78 [94mAcc_g: 53.92 [95mCEU_cue_audio: 0.6764 [95mCEU_cue_video: 0.7323 [95mCEU_synergy: 0.2278 [95mCEU_coexistence: 0.9715 
2025-11-08 01:11:30,124 - Agent - INFO - [37mTest Epoch 20 step 0 with [31mce_loss_combined : 1.127372 [31mtotal : 1.127372 [94mAcc_combined: 72.35 [94mAcc_c: 55.74 [94mAcc_g: 61.31 
2025-11-08 01:11:31,969 - Agent - INFO - [37mModels has saved successfully in /esat/smcdata/users/kkontras/Image_Dataset/no_backup/data/2025_data/synergy/Synprom_IB_fold1_l3_contrcoeff1_perturbgen_lr0.0001_wd0.0001_clsmlp_pre.pth.tar
Job finished
