Starting Job
/esat/smcdata/users/kkontras/Image_Dataset/no_backup/git/Synergy/train.py
/esat/smcdata/users/kkontras/Image_Dataset/no_backup/envs/balance_env/bin/python
Python 3.9.18
/esat/smcdata/users/kkontras/Image_Dataset/no_backup/git/Synergy
We have 1 GPU
/esat/smcdata/users/kkontras/Image_Dataset/no_backup/git/Synergy/train.py
config-./configs/CREMA_D/synergy/nov/synprom_ib.json
Executing command: accelerate launch /esat/smcdata/users/kkontras/Image_Dataset/no_backup/git/Synergy/train.py --config ./configs/CREMA_D/synergy/nov/synprom_ib.json --default_config ./configs/CREMA_D/default_config_cremad_res_syn.json --fold 0 --pre  --l 10 --contrcoeff 1 --lr 0.0001 --wd 0.0001 --cls mlp --perturb gen --start_over 
Namespace(config='./configs/CREMA_D/synergy/nov/synprom_ib.json', default_config='./configs/CREMA_D/default_config_cremad_res_syn.json', fold='0', alpha=None, tanh_mode=None, tanh_mode_beta=None, regby=None, clip=None, batch_size=None, l='10', multil=None, l_diffsq=None, lib=None, ratio_us=None, ratio_snr=None, kmepoch=None, num_samples=None, pow=None, nstep=None, contrcoeff='1', kde_coeff=None, etube=None, temperature=None, contr_type=None, shuffle_type=None, validate_with=None, transform_type=None, trasform_before=None, num_classes=None, base_alpha=None, alpha_var=None, base_beta=None, beta_var=None, optim_method=None, ilr_c=None, ilr_g=None, mmcosine_scaling=None, ending_epoch=None, load_ongoing=None, commonlayers=None, recon_weight1=None, recon_weight2=None, recon_epochstages=None, recon_ensemblestages=None, lr='0.0001', wd='0.0001', mm=None, cls='mlp', perturb='gen', pre=True, frozen=False, tdqm_disable=False, start_over=True)
2025-11-07 23:00:26,101 - Config - INFO - ./configs/CREMA_D/synergy/nov/synprom_ib.json
2025-11-07 23:00:26,104 - Config - INFO -  THE Configuration of your experiment ..
{'agent': 'Agent',
 'dataset': {'data_roots': '/esat/smcdata/users/kkontras/Image_Dataset/no_backup/CremaD/CREMA-D',
             'data_split': {'fold': 0, 'method': 'non_inclusive'},
             'dataloader_class': 'CramedD_Dataloader',
             'fps': 1,
             'norm': False,
             'norm_face_path': './mydatasets/CREMAD/norm_face_path_fold{}.pkl',
             'norm_wav_path': './mydatasets/CREMAD/wav_norm_16000_fold{}.pkl',
             'num_frame': 3,
             'return_data': {'audio': False,
                             'face': False,
                             'spectrogram': True,
                             'video': True},
             'sampling_rate': 22050},
 'early_stopping': {'end_of_epoch_check': True,
                    'log_interval': 10,
                    'max_epoch': 1500,
                    'n_steps_stop': 20,
                    'n_steps_stop_after': 0,
                    'save_every_step': 3000,
                    'save_every_valstep': 10,
                    'validate_after': 0,
                    'validate_every': 25,
                    'validate_with': 'accuracy'},
 'exp_name': 'CREMAD Experiment',
 'model': {'args': {'bias_infusion': {'ending_epoch': 1500,
                                      'l': 0.1,
                                      'method': 'false',
                                      'plot': False,
                                      'starting_epoch': 0,
                                      'use': True},
                    'clip_grad': False,
                    'cls_type': 'linear',
                    'd_model': 512,
                    'dropout': 0.1,
                    'fc_inner': 64,
                    'multi_loss': {'multi_supervised_w': {'c': 0,
                                                          'combined': 1,
                                                          'g': 0}},
                    'num_classes': 6},
           'encoders': [{'args': {'d_model': 512,
                                  'dropout': 0.1,
                                  'fc_inner': 64,
                                  'freeze_encoder': False,
                                  'num_classes': 6},
                         'model': 'Audio_ResNet',
                         'pretrainedEncoder': {'dir': 'unimodal_audio_fold{}_lr0.001_wd0.0001.pth.tar',
                                               'use': False}},
                        {'args': {'d_model': 512,
                                  'dropout': 0.1,
                                  'fc_inner': 64,
                                  'freeze_encoder': False,
                                  'num_classes': 6},
                         'model': 'Video_ResNet',
                         'pretrainedEncoder': {'dir': 'unimodal_video_fold{}_lr0.001_wd0.0001.pth.tar',
                                               'use': False}}],
           'load_ongoing': False,
           'model_class': 'Fusion_Synprom_IB',
           'save_base_dir': '/esat/smcdata/users/kkontras/Image_Dataset/no_backup/data/2025_data/synergy',
           'save_dir': 'Synprom_IB_{}.pth.tar'},
 'optimizer': {'beta1': 0.9,
               'beta2': 0.999,
               'learning_rate': 1e-05,
               'momentum': 0.9,
               'type': 'Adam',
               'weight_decay': 1e-05},
 'scheduler': {'max_lr': 0.03, 'type': 'cosanneal', 'warm_up_steps': 780},
 'training_params': {'adversarial_training': {'adv_epsilon': 0.01,
                                              'use': False},
                     'async_loading': True,
                     'batch_size': 32,
                     'cuda': True,
                     'data_loader_workers': 8,
                     'gpu_device': [0],
                     'pin_memory': False,
                     'rec_test': True,
                     'res': True,
                     'seed': 109,
                     'tdqm_disable': False,
                     'test_batch_size': 32,
                     'test_on_bottoms': False,
                     'use_test_set': True,
                     'validation': True,
                     'verbose': True,
                     'wandb_disable': False}}
2025-11-07 23:00:26,105 - Config - INFO -  *************************************** 
2025-11-07 23:00:26,105 - Config - INFO - The experiment name is CREMAD Experiment
2025-11-07 23:00:26,105 - Config - INFO -  *************************************** 
2025-11-07 23:00:26,105 - root - INFO - save_dir: Synprom_IB_fold0_l10_contrcoeff1_perturbgen_lr0.0001_wd0.0001_clsmlp_pre.pth.tar
2025-11-07 23:00:26,306 - Cuda Statistics - INFO - __Python VERSION:  3.9.18 (main, Sep 11 2023, 13:41:44) 
[GCC 11.2.0]
2025-11-07 23:00:26,306 - Cuda Statistics - INFO - __pyTorch VERSION:  2.0.1+cu118
2025-11-07 23:00:26,306 - Cuda Statistics - INFO - __CUDA VERSION
2025-11-07 23:00:26,308 - Cuda Statistics - INFO - __CUDNN VERSION:  8700
2025-11-07 23:00:26,333 - Cuda Statistics - INFO - __Number CUDA Devices:  1
2025-11-07 23:00:26,333 - Cuda Statistics - INFO - __Devices
2025-11-07 23:00:26,333 - Cuda Statistics - INFO - index, name, driver_version, memory.total [MiB], memory.used [MiB], memory.free [MiB]
2025-11-07 23:00:26,333 - Cuda Statistics - INFO - 0, NVIDIA GeForce RTX 3090, 580.95.05, 24576 MiB, 4 MiB, 24121 MiB
2025-11-07 23:00:26,339 - Cuda Statistics - INFO - Active CUDA Device: GPU 0
2025-11-07 23:00:26,339 - Cuda Statistics - INFO - Available devices  1
2025-11-07 23:00:26,339 - Cuda Statistics - INFO - Current cuda device  0
This path does not exist /esat/smcdata/users/kkontras/Image_Dataset/no_backup/CremaD/CREMA-D/AudioWAV/1076_MTI_SAD_XX.wav or /esat/smcdata/users/kkontras/Image_Dataset/no_backup/CremaD/CREMA-D/Image-01-FPS/1076_MTI_SAD_XX or /esat/smcdata/users/kkontras/Image_Dataset/no_backup/CremaD/CREMA-D/Face_features/1076_MTI_SAD_XX.npy
2025-11-07 23:00:28,416 - root - INFO - Loaded wav norm from ./mydatasets/CREMAD/wav_norm_16000_fold0.pkl
2025-11-07 23:00:28,419 - root - INFO - Norm values are {'mean': tensor(-2.7937e-05), 'std': tensor(0.0613), 'max_duration': 4.8715625}
2025-11-07 23:00:28,902 - root - INFO - Loaded wav norm from ./mydatasets/CREMAD/wav_norm_16000_fold0.pkl
2025-11-07 23:00:28,903 - root - INFO - Norm values are {'mean': tensor(-2.7937e-05), 'std': tensor(0.0613), 'max_duration': 4.8715625}
2025-11-07 23:00:29,403 - root - INFO - Loaded wav norm from ./mydatasets/CREMAD/wav_norm_16000_fold0.pkl
2025-11-07 23:00:29,404 - root - INFO - Norm values are {'mean': tensor(-2.7937e-05), 'std': tensor(0.0613), 'max_duration': 4.8715625}
Available cores 8
We are changing dataloader workers to num of cores 0
2025-11-07 23:00:29,406 - Agent - INFO - Device: cuda:0
2025-11-07 23:00:29,406 - Agent - INFO - Total training batches: 127, validate every 25 batches, steps per epoch: 6
2025-11-07 23:00:33,892 - Agent - INFO - Loss Weights are {'total': 1, 'combined': 1, 'c': 0, 'g': 0}
2025-11-07 23:00:34,542 - root - INFO - Loading enc best model state dict from /esat/smcdata/users/kkontras/Image_Dataset/no_backup/data/2025_data/synergy/unimodal_audio_fold0_lr0.001_wd0.0001.pth.tar
Replacing module
2025-11-07 23:00:35,050 - root - INFO - Loading enc best model state dict from /esat/smcdata/users/kkontras/Image_Dataset/no_backup/data/2025_data/synergy/unimodal_video_fold0_lr0.001_wd0.0001.pth.tar
Replacing module
2025-11-07 23:00:35,095 - Agent - INFO - Total number of trainable parameters are: 23483032
2025-11-07 23:00:35,101 - Agent - INFO - Total number of trainable parameters are: 23483032
2025-11-07 23:03:54,362 - Agent - INFO - [37mVal Epoch 1 step 1 with [31mce_loss_combined : 1.584813 [31mtotal : 1.584813 [94mAcc_combined: 67.31 [94mAcc_c: 60.48 [94mAcc_g: 59.45 [95mCEU_cue_audio: 0.4886 [95mCEU_cue_video: 0.7515 [95mCEU_synergy: 0.1475 [95mCEU_coexistence: 0.9193 
2025-11-07 23:03:54,376 - Agent - INFO - [37mTest Epoch 1 step 1 with [31mce_loss_combined : 1.608119 [31mtotal : 1.608119 [94mAcc_combined: 58.73 [94mAcc_c: 55.84 [94mAcc_g: 52.17 
2025-11-07 23:03:55,248 - Agent - INFO - [37mModels has saved successfully in /esat/smcdata/users/kkontras/Image_Dataset/no_backup/data/2025_data/synergy/Synprom_IB_fold0_l10_contrcoeff1_perturbgen_lr0.0001_wd0.0001_clsmlp_pre.pth.tar
2025-11-07 23:07:13,150 - Agent - INFO - [37mVal Epoch 2 step 2 with [31mce_loss_combined : 1.126419 [31mtotal : 1.126419 [94mAcc_combined: 61.73 [94mAcc_c: 64.01 [94mAcc_g: 56.15 [95mCEU_cue_audio: 0.2374 [95mCEU_cue_video: 0.8121 [95mCEU_synergy: 0.1885 [95mCEU_coexistence: 0.8952 
2025-11-07 23:10:30,929 - Agent - INFO - [37mVal Epoch 3 step 3 with [31mce_loss_combined : 0.997477 [31mtotal : 0.997477 [94mAcc_combined: 64.24 [94mAcc_c: 63.10 [94mAcc_g: 57.52 [95mCEU_cue_audio: 0.2831 [95mCEU_cue_video: 0.7999 [95mCEU_synergy: 0.2871 [95mCEU_coexistence: 0.9006 
2025-11-07 23:13:47,595 - Agent - INFO - [37mVal Epoch 4 step 4 with [31mce_loss_combined : 1.004326 [31mtotal : 1.004326 [94mAcc_combined: 66.74 [94mAcc_c: 63.33 [94mAcc_g: 57.29 [95mCEU_cue_audio: 0.3242 [95mCEU_cue_video: 0.8181 [95mCEU_synergy: 0.3197 [95mCEU_coexistence: 0.9167 
2025-11-07 23:17:05,603 - Agent - INFO - [37mVal Epoch 5 step 5 with [31mce_loss_combined : 0.965792 [31mtotal : 0.965792 [94mAcc_combined: 69.82 [94mAcc_c: 62.53 [94mAcc_g: 57.74 [95mCEU_cue_audio: 0.3836 [95mCEU_cue_video: 0.8425 [95mCEU_synergy: 0.3031 [95mCEU_coexistence: 0.9490 
2025-11-07 23:17:05,619 - Agent - INFO - [37mTest Epoch 5 step 5 with [31mce_loss_combined : 1.308095 [31mtotal : 1.308095 [94mAcc_combined: 60.07 [94mAcc_c: 56.95 [94mAcc_g: 52.28 
2025-11-07 23:17:06,280 - Agent - INFO - [37mModels has saved successfully in /esat/smcdata/users/kkontras/Image_Dataset/no_backup/data/2025_data/synergy/Synprom_IB_fold0_l10_contrcoeff1_perturbgen_lr0.0001_wd0.0001_clsmlp_pre.pth.tar
2025-11-07 23:20:23,856 - Agent - INFO - [37mVal Epoch 6 step 6 with [31mce_loss_combined : 1.038193 [31mtotal : 1.038193 [94mAcc_combined: 67.65 [94mAcc_c: 61.05 [94mAcc_g: 57.18 [95mCEU_cue_audio: 0.3152 [95mCEU_cue_video: 0.8728 [95mCEU_synergy: 0.2871 [95mCEU_coexistence: 0.9301 
2025-11-07 23:23:41,101 - Agent - INFO - [37mVal Epoch 7 step 7 with [31mce_loss_combined : 1.069376 [31mtotal : 1.069376 [94mAcc_combined: 67.43 [94mAcc_c: 59.45 [94mAcc_g: 56.04 [95mCEU_cue_audio: 0.3881 [95mCEU_cue_video: 0.8362 [95mCEU_synergy: 0.2952 [95mCEU_coexistence: 0.8952 
2025-11-07 23:26:59,252 - Agent - INFO - [37mVal Epoch 8 step 8 with [31mce_loss_combined : 1.073300 [31mtotal : 1.073300 [94mAcc_combined: 67.20 [94mAcc_c: 60.59 [94mAcc_g: 57.06 [95mCEU_cue_audio: 0.3424 [95mCEU_cue_video: 0.8665 [95mCEU_synergy: 0.2705 [95mCEU_coexistence: 0.9113 
2025-11-07 23:30:17,693 - Agent - INFO - [37mVal Epoch 9 step 9 with [31mce_loss_combined : 1.084045 [31mtotal : 1.084045 [94mAcc_combined: 70.05 [94mAcc_c: 58.54 [94mAcc_g: 57.97 [95mCEU_cue_audio: 0.3789 [95mCEU_cue_video: 0.8728 [95mCEU_synergy: 0.3031 [95mCEU_coexistence: 0.9436 
2025-11-07 23:30:17,708 - Agent - INFO - [37mTest Epoch 9 step 9 with [31mce_loss_combined : 1.417072 [31mtotal : 1.417072 [94mAcc_combined: 61.18 [94mAcc_c: 54.95 [94mAcc_g: 53.06 
2025-11-07 23:30:18,399 - Agent - INFO - [37mModels has saved successfully in /esat/smcdata/users/kkontras/Image_Dataset/no_backup/data/2025_data/synergy/Synprom_IB_fold0_l10_contrcoeff1_perturbgen_lr0.0001_wd0.0001_clsmlp_pre.pth.tar
2025-11-07 23:33:34,421 - Agent - INFO - [37mVal Epoch 10 step 10 with [31mce_loss_combined : 1.121395 [31mtotal : 1.121395 [94mAcc_combined: 68.34 [94mAcc_c: 59.34 [94mAcc_g: 54.78 [95mCEU_cue_audio: 0.3607 [95mCEU_cue_video: 0.8425 [95mCEU_synergy: 0.3115 [95mCEU_coexistence: 0.9247 
2025-11-07 23:36:53,587 - Agent - INFO - [37mVal Epoch 11 step 11 with [31mce_loss_combined : 1.122940 [31mtotal : 1.122940 [94mAcc_combined: 69.13 [94mAcc_c: 58.88 [94mAcc_g: 57.40 [95mCEU_cue_audio: 0.3653 [95mCEU_cue_video: 0.8606 [95mCEU_synergy: 0.3031 [95mCEU_coexistence: 0.9356 
2025-11-07 23:40:10,683 - Agent - INFO - [37mVal Epoch 12 step 12 with [31mce_loss_combined : 1.173036 [31mtotal : 1.173036 [94mAcc_combined: 68.45 [94mAcc_c: 58.31 [94mAcc_g: 55.92 [95mCEU_cue_audio: 0.3836 [95mCEU_cue_video: 0.8484 [95mCEU_synergy: 0.3441 [95mCEU_coexistence: 0.9006 
2025-11-07 23:43:27,221 - Agent - INFO - [37mVal Epoch 13 step 13 with [31mce_loss_combined : 1.137496 [31mtotal : 1.137496 [94mAcc_combined: 69.36 [94mAcc_c: 58.20 [94mAcc_g: 56.61 [95mCEU_cue_audio: 0.3699 [95mCEU_cue_video: 0.8547 [95mCEU_synergy: 0.3197 [95mCEU_coexistence: 0.9356 
2025-11-07 23:46:44,461 - Agent - INFO - [37mVal Epoch 14 step 14 with [31mce_loss_combined : 1.034757 [31mtotal : 1.034757 [94mAcc_combined: 72.10 [94mAcc_c: 60.14 [94mAcc_g: 56.61 [95mCEU_cue_audio: 0.4429 [95mCEU_cue_video: 0.8547 [95mCEU_synergy: 0.3197 [95mCEU_coexistence: 0.9570 
2025-11-07 23:46:44,475 - Agent - INFO - [37mTest Epoch 14 step 14 with [31mce_loss_combined : 1.349971 [31mtotal : 1.349971 [94mAcc_combined: 63.96 [94mAcc_c: 53.62 [94mAcc_g: 52.61 
2025-11-07 23:46:45,173 - Agent - INFO - [37mModels has saved successfully in /esat/smcdata/users/kkontras/Image_Dataset/no_backup/data/2025_data/synergy/Synprom_IB_fold0_l10_contrcoeff1_perturbgen_lr0.0001_wd0.0001_clsmlp_pre.pth.tar
2025-11-07 23:50:01,086 - Agent - INFO - [37mVal Epoch 15 step 15 with [31mce_loss_combined : 1.113963 [31mtotal : 1.113963 [94mAcc_combined: 69.59 [94mAcc_c: 59.79 [94mAcc_g: 54.67 [95mCEU_cue_audio: 0.4018 [95mCEU_cue_video: 0.8425 [95mCEU_synergy: 0.3031 [95mCEU_coexistence: 0.9327 
2025-11-07 23:53:17,059 - Agent - INFO - [37mVal Epoch 16 step 16 with [31mce_loss_combined : 1.166011 [31mtotal : 1.166011 [94mAcc_combined: 68.68 [94mAcc_c: 59.91 [94mAcc_g: 54.33 [95mCEU_cue_audio: 0.4154 [95mCEU_cue_video: 0.7999 [95mCEU_synergy: 0.3281 [95mCEU_coexistence: 0.9141 
2025-11-07 23:56:34,079 - Agent - INFO - [37mVal Epoch 17 step 17 with [31mce_loss_combined : 1.180598 [31mtotal : 1.180598 [94mAcc_combined: 69.25 [94mAcc_c: 60.36 [94mAcc_g: 55.92 [95mCEU_cue_audio: 0.3974 [95mCEU_cue_video: 0.8244 [95mCEU_synergy: 0.3607 [95mCEU_coexistence: 0.9167 
2025-11-07 23:59:49,877 - Agent - INFO - [37mVal Epoch 18 step 18 with [31mce_loss_combined : 1.001963 [31mtotal : 1.001963 [94mAcc_combined: 73.35 [94mAcc_c: 58.09 [94mAcc_g: 57.52 [95mCEU_cue_audio: 0.4886 [95mCEU_cue_video: 0.8606 [95mCEU_synergy: 0.2952 [95mCEU_coexistence: 0.9651 
2025-11-07 23:59:49,891 - Agent - INFO - [37mTest Epoch 18 step 18 with [31mce_loss_combined : 1.468069 [31mtotal : 1.468069 [94mAcc_combined: 61.51 [94mAcc_c: 53.95 [94mAcc_g: 51.06 
2025-11-07 23:59:50,553 - Agent - INFO - [37mModels has saved successfully in /esat/smcdata/users/kkontras/Image_Dataset/no_backup/data/2025_data/synergy/Synprom_IB_fold0_l10_contrcoeff1_perturbgen_lr0.0001_wd0.0001_clsmlp_pre.pth.tar
2025-11-08 00:03:07,311 - Agent - INFO - [37mVal Epoch 19 step 19 with [31mce_loss_combined : 1.225115 [31mtotal : 1.225115 [94mAcc_combined: 69.82 [94mAcc_c: 57.86 [94mAcc_g: 55.01 [95mCEU_cue_audio: 0.4154 [95mCEU_cue_video: 0.8425 [95mCEU_synergy: 0.3197 [95mCEU_coexistence: 0.9247 
2025-11-08 00:06:24,018 - Agent - INFO - [37mVal Epoch 20 step 20 with [31mce_loss_combined : 1.182245 [31mtotal : 1.182245 [94mAcc_combined: 71.53 [94mAcc_c: 59.23 [94mAcc_g: 55.69 [95mCEU_cue_audio: 0.4840 [95mCEU_cue_video: 0.8362 [95mCEU_synergy: 0.2871 [95mCEU_coexistence: 0.9382 
2025-11-08 00:09:41,992 - Agent - INFO - [37mVal Epoch 21 step 21 with [31mce_loss_combined : 1.177784 [31mtotal : 1.177784 [94mAcc_combined: 70.16 [94mAcc_c: 55.92 [94mAcc_g: 55.58 [95mCEU_cue_audio: 0.4611 [95mCEU_cue_video: 0.8121 [95mCEU_synergy: 0.3115 [95mCEU_coexistence: 0.9221 
2025-11-08 00:12:58,153 - Agent - INFO - [37mVal Epoch 22 step 22 with [31mce_loss_combined : 1.105840 [31mtotal : 1.105840 [94mAcc_combined: 71.87 [94mAcc_c: 59.23 [94mAcc_g: 53.99 [95mCEU_cue_audio: 0.4840 [95mCEU_cue_video: 0.8606 [95mCEU_synergy: 0.3691 [95mCEU_coexistence: 0.9087 
2025-11-08 00:16:15,638 - Agent - INFO - [37mVal Epoch 23 step 23 with [31mce_loss_combined : 1.144200 [31mtotal : 1.144200 [94mAcc_combined: 72.32 [94mAcc_c: 58.31 [94mAcc_g: 55.92 [95mCEU_cue_audio: 0.4796 [95mCEU_cue_video: 0.8484 [95mCEU_synergy: 0.2952 [95mCEU_coexistence: 0.9516 
2025-11-08 00:19:31,787 - Agent - INFO - [37mVal Epoch 24 step 24 with [31mce_loss_combined : 1.173556 [31mtotal : 1.173556 [94mAcc_combined: 71.53 [94mAcc_c: 56.72 [94mAcc_g: 55.35 [95mCEU_cue_audio: 0.4796 [95mCEU_cue_video: 0.8362 [95mCEU_synergy: 0.3525 [95mCEU_coexistence: 0.9193 
2025-11-08 00:22:48,704 - Agent - INFO - [37mVal Epoch 25 step 25 with [31mce_loss_combined : 1.007901 [31mtotal : 1.007901 [94mAcc_combined: 74.83 [94mAcc_c: 60.02 [94mAcc_g: 57.40 [95mCEU_cue_audio: 0.5343 [95mCEU_cue_video: 0.8606 [95mCEU_synergy: 0.2952 [95mCEU_coexistence: 0.9731 
2025-11-08 00:22:48,720 - Agent - INFO - [37mTest Epoch 25 step 25 with [31mce_loss_combined : 1.309442 [31mtotal : 1.309442 [94mAcc_combined: 65.18 [94mAcc_c: 54.39 [94mAcc_g: 51.50 
2025-11-08 00:22:49,471 - Agent - INFO - [37mModels has saved successfully in /esat/smcdata/users/kkontras/Image_Dataset/no_backup/data/2025_data/synergy/Synprom_IB_fold0_l10_contrcoeff1_perturbgen_lr0.0001_wd0.0001_clsmlp_pre.pth.tar
2025-11-08 00:26:07,015 - Agent - INFO - [37mVal Epoch 26 step 26 with [31mce_loss_combined : 1.053358 [31mtotal : 1.053358 [94mAcc_combined: 73.80 [94mAcc_c: 58.66 [94mAcc_g: 55.35 [95mCEU_cue_audio: 0.5707 [95mCEU_cue_video: 0.8425 [95mCEU_synergy: 0.3031 [95mCEU_coexistence: 0.9327 
2025-11-08 00:29:23,026 - Agent - INFO - [37mVal Epoch 27 step 27 with [31mce_loss_combined : 1.124705 [31mtotal : 1.124705 [94mAcc_combined: 73.92 [94mAcc_c: 59.57 [94mAcc_g: 56.15 [95mCEU_cue_audio: 0.5251 [95mCEU_cue_video: 0.8362 [95mCEU_synergy: 0.3441 [95mCEU_coexistence: 0.9516 
2025-11-08 00:32:39,893 - Agent - INFO - [37mVal Epoch 28 step 28 with [31mce_loss_combined : 1.054252 [31mtotal : 1.054252 [94mAcc_combined: 72.44 [94mAcc_c: 59.91 [94mAcc_g: 57.06 [95mCEU_cue_audio: 0.4749 [95mCEU_cue_video: 0.8484 [95mCEU_synergy: 0.3115 [95mCEU_coexistence: 0.9516 
2025-11-08 00:35:57,050 - Agent - INFO - [37mVal Epoch 29 step 29 with [31mce_loss_combined : 1.086070 [31mtotal : 1.086070 [94mAcc_combined: 73.35 [94mAcc_c: 59.91 [94mAcc_g: 55.69 [95mCEU_cue_audio: 0.5114 [95mCEU_cue_video: 0.8547 [95mCEU_synergy: 0.3197 [95mCEU_coexistence: 0.9462 
2025-11-08 00:39:14,821 - Agent - INFO - [37mVal Epoch 30 step 30 with [31mce_loss_combined : 1.046692 [31mtotal : 1.046692 [94mAcc_combined: 73.58 [94mAcc_c: 60.25 [94mAcc_g: 56.15 [95mCEU_cue_audio: 0.5297 [95mCEU_cue_video: 0.8425 [95mCEU_synergy: 0.3197 [95mCEU_coexistence: 0.9462 
2025-11-08 00:42:32,910 - Agent - INFO - [37mVal Epoch 31 step 31 with [31mce_loss_combined : 1.034136 [31mtotal : 1.034136 [94mAcc_combined: 73.46 [94mAcc_c: 59.45 [94mAcc_g: 56.38 [95mCEU_cue_audio: 0.4840 [95mCEU_cue_video: 0.8606 [95mCEU_synergy: 0.3197 [95mCEU_coexistence: 0.9625 
2025-11-08 00:45:48,671 - Agent - INFO - [37mVal Epoch 32 step 32 with [31mce_loss_combined : 1.043399 [31mtotal : 1.043399 [94mAcc_combined: 73.92 [94mAcc_c: 59.68 [94mAcc_g: 56.38 [95mCEU_cue_audio: 0.5433 [95mCEU_cue_video: 0.8425 [95mCEU_synergy: 0.3197 [95mCEU_coexistence: 0.9462 
2025-11-08 00:49:06,013 - Agent - INFO - [37mVal Epoch 33 step 33 with [31mce_loss_combined : 1.236763 [31mtotal : 1.236763 [94mAcc_combined: 70.50 [94mAcc_c: 53.87 [94mAcc_g: 55.58 [95mCEU_cue_audio: 0.5160 [95mCEU_cue_video: 0.7696 [95mCEU_synergy: 0.3770 [95mCEU_coexistence: 0.8952 
2025-11-08 00:52:22,128 - Agent - INFO - [37mVal Epoch 34 step 34 with [31mce_loss_combined : 1.240867 [31mtotal : 1.240867 [94mAcc_combined: 70.50 [94mAcc_c: 57.29 [94mAcc_g: 56.49 [95mCEU_cue_audio: 0.4749 [95mCEU_cue_video: 0.8121 [95mCEU_synergy: 0.3281 [95mCEU_coexistence: 0.9167 
2025-11-08 00:55:40,395 - Agent - INFO - [37mVal Epoch 35 step 35 with [31mce_loss_combined : 1.211455 [31mtotal : 1.211455 [94mAcc_combined: 70.16 [94mAcc_c: 57.06 [94mAcc_g: 55.92 [95mCEU_cue_audio: 0.4475 [95mCEU_cue_video: 0.8181 [95mCEU_synergy: 0.3360 [95mCEU_coexistence: 0.9193 
2025-11-08 00:58:56,660 - Agent - INFO - [37mVal Epoch 36 step 36 with [31mce_loss_combined : 1.253978 [31mtotal : 1.253978 [94mAcc_combined: 70.73 [94mAcc_c: 58.43 [94mAcc_g: 55.35 [95mCEU_cue_audio: 0.4932 [95mCEU_cue_video: 0.8121 [95mCEU_synergy: 0.3441 [95mCEU_coexistence: 0.9058 
2025-11-08 01:02:14,311 - Agent - INFO - [37mVal Epoch 37 step 37 with [31mce_loss_combined : 1.152234 [31mtotal : 1.152234 [94mAcc_combined: 71.53 [94mAcc_c: 57.97 [94mAcc_g: 57.06 [95mCEU_cue_audio: 0.4475 [95mCEU_cue_video: 0.8362 [95mCEU_synergy: 0.3281 [95mCEU_coexistence: 0.9462 
2025-11-08 01:05:31,553 - Agent - INFO - [37mVal Epoch 38 step 38 with [31mce_loss_combined : 1.088126 [31mtotal : 1.088126 [94mAcc_combined: 73.12 [94mAcc_c: 57.97 [94mAcc_g: 56.38 [95mCEU_cue_audio: 0.5389 [95mCEU_cue_video: 0.8244 [95mCEU_synergy: 0.2871 [95mCEU_coexistence: 0.9490 
2025-11-08 01:08:48,033 - Agent - INFO - [37mVal Epoch 39 step 39 with [31mce_loss_combined : 1.094589 [31mtotal : 1.094589 [94mAcc_combined: 70.50 [94mAcc_c: 56.72 [94mAcc_g: 54.10 [95mCEU_cue_audio: 0.4796 [95mCEU_cue_video: 0.8063 [95mCEU_synergy: 0.3281 [95mCEU_coexistence: 0.9167 
2025-11-08 01:12:04,215 - Agent - INFO - [37mVal Epoch 40 step 40 with [31mce_loss_combined : 1.084608 [31mtotal : 1.084608 [94mAcc_combined: 72.21 [94mAcc_c: 57.74 [94mAcc_g: 56.61 [95mCEU_cue_audio: 0.4932 [95mCEU_cue_video: 0.7999 [95mCEU_synergy: 0.3197 [95mCEU_coexistence: 0.9542 
2025-11-08 01:15:21,939 - Agent - INFO - [37mVal Epoch 41 step 41 with [31mce_loss_combined : 1.092208 [31mtotal : 1.092208 [94mAcc_combined: 73.46 [94mAcc_c: 57.52 [94mAcc_g: 56.49 [95mCEU_cue_audio: 0.5617 [95mCEU_cue_video: 0.8063 [95mCEU_synergy: 0.2786 [95mCEU_coexistence: 0.9542 
2025-11-08 01:18:38,416 - Agent - INFO - [37mVal Epoch 42 step 42 with [31mce_loss_combined : 1.022884 [31mtotal : 1.022884 [94mAcc_combined: 76.31 [94mAcc_c: 59.68 [94mAcc_g: 55.69 [95mCEU_cue_audio: 0.6484 [95mCEU_cue_video: 0.8121 [95mCEU_synergy: 0.3115 [95mCEU_coexistence: 0.9570 
2025-11-08 01:18:38,432 - Agent - INFO - [37mTest Epoch 42 step 42 with [31mce_loss_combined : 1.262520 [31mtotal : 1.262520 [94mAcc_combined: 66.63 [94mAcc_c: 53.95 [94mAcc_g: 52.39 
2025-11-08 01:18:39,090 - Agent - INFO - [37mModels has saved successfully in /esat/smcdata/users/kkontras/Image_Dataset/no_backup/data/2025_data/synergy/Synprom_IB_fold0_l10_contrcoeff1_perturbgen_lr0.0001_wd0.0001_clsmlp_pre.pth.tar
2025-11-08 01:21:55,926 - Agent - INFO - [37mVal Epoch 43 step 43 with [31mce_loss_combined : 1.075400 [31mtotal : 1.075400 [94mAcc_combined: 73.12 [94mAcc_c: 59.57 [94mAcc_g: 54.56 [95mCEU_cue_audio: 0.6393 [95mCEU_cue_video: 0.7394 [95mCEU_synergy: 0.2871 [95mCEU_coexistence: 0.9273 
2025-11-08 01:25:12,815 - Agent - INFO - [37mVal Epoch 44 step 44 with [31mce_loss_combined : 1.084713 [31mtotal : 1.084713 [94mAcc_combined: 74.37 [94mAcc_c: 59.23 [94mAcc_g: 55.35 [95mCEU_cue_audio: 0.6712 [95mCEU_cue_video: 0.7456 [95mCEU_synergy: 0.3031 [95mCEU_coexistence: 0.9301 
2025-11-08 01:28:31,752 - Agent - INFO - [37mVal Epoch 45 step 45 with [31mce_loss_combined : 0.984889 [31mtotal : 0.984889 [94mAcc_combined: 76.31 [94mAcc_c: 58.88 [94mAcc_g: 55.35 [95mCEU_cue_audio: 0.6484 [95mCEU_cue_video: 0.8244 [95mCEU_synergy: 0.3115 [95mCEU_coexistence: 0.9516 
2025-11-08 01:31:47,096 - Agent - INFO - [37mVal Epoch 46 step 46 with [31mce_loss_combined : 0.988095 [31mtotal : 0.988095 [94mAcc_combined: 76.08 [94mAcc_c: 56.83 [94mAcc_g: 56.83 [95mCEU_cue_audio: 0.6211 [95mCEU_cue_video: 0.8484 [95mCEU_synergy: 0.2871 [95mCEU_coexistence: 0.9596 
2025-11-08 01:35:04,695 - Agent - INFO - [37mVal Epoch 47 step 47 with [31mce_loss_combined : 1.028869 [31mtotal : 1.028869 [94mAcc_combined: 73.35 [94mAcc_c: 58.31 [94mAcc_g: 56.04 [95mCEU_cue_audio: 0.5890 [95mCEU_cue_video: 0.7999 [95mCEU_synergy: 0.3031 [95mCEU_coexistence: 0.9301 
2025-11-08 01:38:22,079 - Agent - INFO - [37mVal Epoch 48 step 48 with [31mce_loss_combined : 0.975326 [31mtotal : 0.975326 [94mAcc_combined: 76.88 [94mAcc_c: 59.91 [94mAcc_g: 55.81 [95mCEU_cue_audio: 0.6712 [95mCEU_cue_video: 0.8244 [95mCEU_synergy: 0.2705 [95mCEU_coexistence: 0.9651 
2025-11-08 01:38:22,094 - Agent - INFO - [37mTest Epoch 48 step 48 with [31mce_loss_combined : 1.340987 [31mtotal : 1.340987 [94mAcc_combined: 67.96 [94mAcc_c: 56.28 [94mAcc_g: 52.50 
2025-11-08 01:38:22,855 - Agent - INFO - [37mModels has saved successfully in /esat/smcdata/users/kkontras/Image_Dataset/no_backup/data/2025_data/synergy/Synprom_IB_fold0_l10_contrcoeff1_perturbgen_lr0.0001_wd0.0001_clsmlp_pre.pth.tar
2025-11-08 01:41:39,528 - Agent - INFO - [37mVal Epoch 49 step 49 with [31mce_loss_combined : 1.080386 [31mtotal : 1.080386 [94mAcc_combined: 76.08 [94mAcc_c: 59.68 [94mAcc_g: 54.90 [95mCEU_cue_audio: 0.6897 [95mCEU_cue_video: 0.7878 [95mCEU_synergy: 0.2952 [95mCEU_coexistence: 0.9436 
2025-11-08 01:44:56,485 - Agent - INFO - [37mVal Epoch 50 step 50 with [31mce_loss_combined : 0.998880 [31mtotal : 0.998880 [94mAcc_combined: 75.85 [94mAcc_c: 59.23 [94mAcc_g: 56.38 [95mCEU_cue_audio: 0.6804 [95mCEU_cue_video: 0.7940 [95mCEU_synergy: 0.3031 [95mCEU_coexistence: 0.9382 
2025-11-08 01:48:15,077 - Agent - INFO - [37mVal Epoch 51 step 51 with [31mce_loss_combined : 1.017551 [31mtotal : 1.017551 [94mAcc_combined: 74.26 [94mAcc_c: 60.02 [94mAcc_g: 54.90 [95mCEU_cue_audio: 0.6576 [95mCEU_cue_video: 0.7574 [95mCEU_synergy: 0.3281 [95mCEU_coexistence: 0.9221 
2025-11-08 01:51:31,849 - Agent - INFO - [37mVal Epoch 52 step 52 with [31mce_loss_combined : 1.074192 [31mtotal : 1.074192 [94mAcc_combined: 74.15 [94mAcc_c: 58.88 [94mAcc_g: 54.67 [95mCEU_cue_audio: 0.6576 [95mCEU_cue_video: 0.7515 [95mCEU_synergy: 0.3197 [95mCEU_coexistence: 0.9247 
2025-11-08 01:54:47,503 - Agent - INFO - [37mVal Epoch 53 step 53 with [31mce_loss_combined : 0.963974 [31mtotal : 0.963974 [94mAcc_combined: 75.74 [94mAcc_c: 58.88 [94mAcc_g: 55.47 [95mCEU_cue_audio: 0.6986 [95mCEU_cue_video: 0.7696 [95mCEU_synergy: 0.2786 [95mCEU_coexistence: 0.9436 
2025-11-08 01:58:03,988 - Agent - INFO - [37mVal Epoch 54 step 54 with [31mce_loss_combined : 0.913627 [31mtotal : 0.913627 [94mAcc_combined: 76.77 [94mAcc_c: 58.09 [94mAcc_g: 56.72 [95mCEU_cue_audio: 0.7077 [95mCEU_cue_video: 0.7696 [95mCEU_synergy: 0.2871 [95mCEU_coexistence: 0.9596 
2025-11-08 02:01:20,470 - Agent - INFO - [37mVal Epoch 55 step 55 with [31mce_loss_combined : 0.990305 [31mtotal : 0.990305 [94mAcc_combined: 75.85 [94mAcc_c: 59.23 [94mAcc_g: 55.58 [95mCEU_cue_audio: 0.6897 [95mCEU_cue_video: 0.7637 [95mCEU_synergy: 0.3031 [95mCEU_coexistence: 0.9462 
2025-11-08 02:04:38,105 - Agent - INFO - [37mVal Epoch 56 step 56 with [31mce_loss_combined : 0.931072 [31mtotal : 0.931072 [94mAcc_combined: 76.88 [94mAcc_c: 59.68 [94mAcc_g: 56.04 [95mCEU_cue_audio: 0.7261 [95mCEU_cue_video: 0.7637 [95mCEU_synergy: 0.3115 [95mCEU_coexistence: 0.9462 
2025-11-08 02:07:55,378 - Agent - INFO - [37mVal Epoch 57 step 57 with [31mce_loss_combined : 1.002114 [31mtotal : 1.002114 [94mAcc_combined: 75.97 [94mAcc_c: 58.66 [94mAcc_g: 55.24 [95mCEU_cue_audio: 0.6941 [95mCEU_cue_video: 0.7574 [95mCEU_synergy: 0.3031 [95mCEU_coexistence: 0.9490 
2025-11-08 02:11:12,563 - Agent - INFO - [37mVal Epoch 58 step 58 with [31mce_loss_combined : 1.022387 [31mtotal : 1.022387 [94mAcc_combined: 75.17 [94mAcc_c: 58.20 [94mAcc_g: 54.90 [95mCEU_cue_audio: 0.6620 [95mCEU_cue_video: 0.7940 [95mCEU_synergy: 0.3031 [95mCEU_coexistence: 0.9327 
2025-11-08 02:14:30,421 - Agent - INFO - [37mVal Epoch 59 step 59 with [31mce_loss_combined : 0.984000 [31mtotal : 0.984000 [94mAcc_combined: 75.74 [94mAcc_c: 58.20 [94mAcc_g: 55.01 [95mCEU_cue_audio: 0.7306 [95mCEU_cue_video: 0.7334 [95mCEU_synergy: 0.3197 [95mCEU_coexistence: 0.9273 
2025-11-08 02:17:46,639 - Agent - INFO - [37mVal Epoch 60 step 60 with [31mce_loss_combined : 0.964337 [31mtotal : 0.964337 [94mAcc_combined: 74.60 [94mAcc_c: 56.83 [94mAcc_g: 54.90 [95mCEU_cue_audio: 0.7033 [95mCEU_cue_video: 0.7030 [95mCEU_synergy: 0.2786 [95mCEU_coexistence: 0.9436 
2025-11-08 02:21:03,929 - Agent - INFO - [37mVal Epoch 61 step 61 with [31mce_loss_combined : 1.028635 [31mtotal : 1.028635 [94mAcc_combined: 74.26 [94mAcc_c: 55.69 [94mAcc_g: 54.67 [95mCEU_cue_audio: 0.6848 [95mCEU_cue_video: 0.7334 [95mCEU_synergy: 0.2871 [95mCEU_coexistence: 0.9301 
2025-11-08 02:24:19,772 - Agent - INFO - [37mVal Epoch 62 step 62 with [31mce_loss_combined : 1.037785 [31mtotal : 1.037785 [94mAcc_combined: 74.49 [94mAcc_c: 56.95 [94mAcc_g: 55.58 [95mCEU_cue_audio: 0.6347 [95mCEU_cue_video: 0.7940 [95mCEU_synergy: 0.2952 [95mCEU_coexistence: 0.9356 
2025-11-08 02:27:36,751 - Agent - INFO - [37mVal Epoch 63 step 63 with [31mce_loss_combined : 0.941788 [31mtotal : 0.941788 [94mAcc_combined: 75.51 [94mAcc_c: 57.74 [94mAcc_g: 55.01 [95mCEU_cue_audio: 0.6712 [95mCEU_cue_video: 0.7637 [95mCEU_synergy: 0.3031 [95mCEU_coexistence: 0.9490 
2025-11-08 02:30:53,012 - Agent - INFO - [37mVal Epoch 64 step 64 with [31mce_loss_combined : 0.996368 [31mtotal : 0.996368 [94mAcc_combined: 75.63 [94mAcc_c: 57.86 [94mAcc_g: 55.35 [95mCEU_cue_audio: 0.6941 [95mCEU_cue_video: 0.7759 [95mCEU_synergy: 0.3115 [95mCEU_coexistence: 0.9301 
2025-11-08 02:34:09,214 - Agent - INFO - [37mVal Epoch 65 step 65 with [31mce_loss_combined : 1.051316 [31mtotal : 1.051316 [94mAcc_combined: 73.58 [94mAcc_c: 57.86 [94mAcc_g: 55.47 [95mCEU_cue_audio: 0.6484 [95mCEU_cue_video: 0.7211 [95mCEU_synergy: 0.3115 [95mCEU_coexistence: 0.9327 
2025-11-08 02:37:26,403 - Agent - INFO - [37mVal Epoch 66 step 66 with [31mce_loss_combined : 1.150009 [31mtotal : 1.150009 [94mAcc_combined: 70.96 [94mAcc_c: 51.14 [94mAcc_g: 56.15 [95mCEU_cue_audio: 0.4703 [95mCEU_cue_video: 0.8302 [95mCEU_synergy: 0.3115 [95mCEU_coexistence: 0.9273 
2025-11-08 02:40:41,436 - Agent - INFO - [37mVal Epoch 67 step 67 with [31mce_loss_combined : 1.238385 [31mtotal : 1.238385 [94mAcc_combined: 70.27 [94mAcc_c: 53.76 [94mAcc_g: 53.08 [95mCEU_cue_audio: 0.5433 [95mCEU_cue_video: 0.7456 [95mCEU_synergy: 0.3197 [95mCEU_coexistence: 0.9032 
2025-11-08 02:40:42,222 - Agent - INFO - We are in the final state.
2025-11-08 02:40:42,460 - root - INFO - Loaded best model from /esat/smcdata/users/kkontras/Image_Dataset/no_backup/data/2025_data/synergy/Synprom_IB_fold0_l10_contrcoeff1_perturbgen_lr0.0001_wd0.0001_clsmlp_pre.pth.tar
2025-11-08 02:40:57,427 - Agent - INFO - [37mVal Epoch 67 step 0 with [31mce_loss_combined : 0.975326 [31mtotal : 0.975326 [94mAcc_combined: 76.88 [94mAcc_c: 59.91 [94mAcc_g: 55.81 [95mCEU_cue_audio: 0.6712 [95mCEU_cue_video: 0.8244 [95mCEU_synergy: 0.2705 [95mCEU_coexistence: 0.9651 
2025-11-08 02:41:13,921 - Agent - INFO - [37mTest Epoch 67 step 0 with [31mce_loss_combined : 1.340987 [31mtotal : 1.340987 [94mAcc_combined: 67.96 [94mAcc_c: 56.28 [94mAcc_g: 52.50 
2025-11-08 02:41:15,298 - Agent - INFO - [37mModels has saved successfully in /esat/smcdata/users/kkontras/Image_Dataset/no_backup/data/2025_data/synergy/Synprom_IB_fold0_l10_contrcoeff1_perturbgen_lr0.0001_wd0.0001_clsmlp_pre.pth.tar
Job finished
