Starting Job
/esat/smcdata/users/kkontras/Image_Dataset/no_backup/git/Synergy/train.py
/esat/smcdata/users/kkontras/Image_Dataset/no_backup/envs/balance_env/bin/python
Python 3.9.18
/esat/smcdata/users/kkontras/Image_Dataset/no_backup/git/Synergy
We have 1 GPU
/esat/smcdata/users/kkontras/Image_Dataset/no_backup/git/Synergy/train.py
config-./configs/CREMA_D/synergy/nov/synprom_ib.json
Executing command: accelerate launch /esat/smcdata/users/kkontras/Image_Dataset/no_backup/git/Synergy/train.py --config ./configs/CREMA_D/synergy/nov/synprom_ib.json --default_config ./configs/CREMA_D/default_config_cremad_res_syn.json --fold 1 --pre  --l 10 --contrcoeff 1 --lr 0.0001 --wd 0.0001 --cls mlp --perturb gen --start_over 
Namespace(config='./configs/CREMA_D/synergy/nov/synprom_ib.json', default_config='./configs/CREMA_D/default_config_cremad_res_syn.json', fold='1', alpha=None, tanh_mode=None, tanh_mode_beta=None, regby=None, clip=None, batch_size=None, l='10', multil=None, l_diffsq=None, lib=None, ratio_us=None, ratio_snr=None, kmepoch=None, num_samples=None, pow=None, nstep=None, contrcoeff='1', kde_coeff=None, etube=None, temperature=None, contr_type=None, shuffle_type=None, validate_with=None, transform_type=None, trasform_before=None, num_classes=None, base_alpha=None, alpha_var=None, base_beta=None, beta_var=None, optim_method=None, ilr_c=None, ilr_g=None, mmcosine_scaling=None, ending_epoch=None, load_ongoing=None, commonlayers=None, recon_weight1=None, recon_weight2=None, recon_epochstages=None, recon_ensemblestages=None, lr='0.0001', wd='0.0001', mm=None, cls='mlp', perturb='gen', pre=True, frozen=False, tdqm_disable=False, start_over=True)
2025-11-07 23:30:40,760 - Config - INFO - ./configs/CREMA_D/synergy/nov/synprom_ib.json
2025-11-07 23:30:40,765 - Config - INFO -  THE Configuration of your experiment ..
{'agent': 'Agent',
 'dataset': {'data_roots': '/esat/smcdata/users/kkontras/Image_Dataset/no_backup/CremaD/CREMA-D',
             'data_split': {'fold': 0, 'method': 'non_inclusive'},
             'dataloader_class': 'CramedD_Dataloader',
             'fps': 1,
             'norm': False,
             'norm_face_path': './mydatasets/CREMAD/norm_face_path_fold{}.pkl',
             'norm_wav_path': './mydatasets/CREMAD/wav_norm_16000_fold{}.pkl',
             'num_frame': 3,
             'return_data': {'audio': False,
                             'face': False,
                             'spectrogram': True,
                             'video': True},
             'sampling_rate': 22050},
 'early_stopping': {'end_of_epoch_check': True,
                    'log_interval': 10,
                    'max_epoch': 1500,
                    'n_steps_stop': 20,
                    'n_steps_stop_after': 0,
                    'save_every_step': 3000,
                    'save_every_valstep': 10,
                    'validate_after': 0,
                    'validate_every': 25,
                    'validate_with': 'accuracy'},
 'exp_name': 'CREMAD Experiment',
 'model': {'args': {'bias_infusion': {'ending_epoch': 1500,
                                      'l': 0.1,
                                      'method': 'false',
                                      'plot': False,
                                      'starting_epoch': 0,
                                      'use': True},
                    'clip_grad': False,
                    'cls_type': 'linear',
                    'd_model': 512,
                    'dropout': 0.1,
                    'fc_inner': 64,
                    'multi_loss': {'multi_supervised_w': {'c': 0,
                                                          'combined': 1,
                                                          'g': 0}},
                    'num_classes': 6},
           'encoders': [{'args': {'d_model': 512,
                                  'dropout': 0.1,
                                  'fc_inner': 64,
                                  'freeze_encoder': False,
                                  'num_classes': 6},
                         'model': 'Audio_ResNet',
                         'pretrainedEncoder': {'dir': 'unimodal_audio_fold{}_lr0.001_wd0.0001.pth.tar',
                                               'use': False}},
                        {'args': {'d_model': 512,
                                  'dropout': 0.1,
                                  'fc_inner': 64,
                                  'freeze_encoder': False,
                                  'num_classes': 6},
                         'model': 'Video_ResNet',
                         'pretrainedEncoder': {'dir': 'unimodal_video_fold{}_lr0.001_wd0.0001.pth.tar',
                                               'use': False}}],
           'load_ongoing': False,
           'model_class': 'Fusion_Synprom_IB',
           'save_base_dir': '/esat/smcdata/users/kkontras/Image_Dataset/no_backup/data/2025_data/synergy',
           'save_dir': 'Synprom_IB_{}.pth.tar'},
 'optimizer': {'beta1': 0.9,
               'beta2': 0.999,
               'learning_rate': 1e-05,
               'momentum': 0.9,
               'type': 'Adam',
               'weight_decay': 1e-05},
 'scheduler': {'max_lr': 0.03, 'type': 'cosanneal', 'warm_up_steps': 780},
 'training_params': {'adversarial_training': {'adv_epsilon': 0.01,
                                              'use': False},
                     'async_loading': True,
                     'batch_size': 32,
                     'cuda': True,
                     'data_loader_workers': 8,
                     'gpu_device': [0],
                     'pin_memory': False,
                     'rec_test': True,
                     'res': True,
                     'seed': 109,
                     'tdqm_disable': False,
                     'test_batch_size': 32,
                     'test_on_bottoms': False,
                     'use_test_set': True,
                     'validation': True,
                     'verbose': True,
                     'wandb_disable': False}}
2025-11-07 23:30:40,768 - Config - INFO -  *************************************** 
2025-11-07 23:30:40,769 - Config - INFO - The experiment name is CREMAD Experiment
2025-11-07 23:30:40,769 - Config - INFO -  *************************************** 
2025-11-07 23:30:40,769 - root - INFO - save_dir: Synprom_IB_fold1_l10_contrcoeff1_perturbgen_lr0.0001_wd0.0001_clsmlp_pre.pth.tar
2025-11-07 23:30:40,983 - Cuda Statistics - INFO - __Python VERSION:  3.9.18 (main, Sep 11 2023, 13:41:44) 
[GCC 11.2.0]
2025-11-07 23:30:40,984 - Cuda Statistics - INFO - __pyTorch VERSION:  2.0.1+cu118
2025-11-07 23:30:40,984 - Cuda Statistics - INFO - __CUDA VERSION
2025-11-07 23:30:40,988 - Cuda Statistics - INFO - __CUDNN VERSION:  8700
2025-11-07 23:30:41,032 - Cuda Statistics - INFO - __Number CUDA Devices:  1
2025-11-07 23:30:41,032 - Cuda Statistics - INFO - __Devices
2025-11-07 23:30:41,032 - Cuda Statistics - INFO - index, name, driver_version, memory.total [MiB], memory.used [MiB], memory.free [MiB]
2025-11-07 23:30:41,032 - Cuda Statistics - INFO - 0, Tesla P100-PCIE-16GB, 580.95.05, 16384 MiB, 3 MiB, 16268 MiB
2025-11-07 23:30:41,034 - Cuda Statistics - INFO - Active CUDA Device: GPU 0
2025-11-07 23:30:41,034 - Cuda Statistics - INFO - Available devices  1
2025-11-07 23:30:41,035 - Cuda Statistics - INFO - Current cuda device  0
This path does not exist /esat/smcdata/users/kkontras/Image_Dataset/no_backup/CremaD/CREMA-D/AudioWAV/1076_MTI_SAD_XX.wav or /esat/smcdata/users/kkontras/Image_Dataset/no_backup/CremaD/CREMA-D/Image-01-FPS/1076_MTI_SAD_XX or /esat/smcdata/users/kkontras/Image_Dataset/no_backup/CremaD/CREMA-D/Face_features/1076_MTI_SAD_XX.npy
2025-11-07 23:30:43,383 - root - INFO - Loaded wav norm from ./mydatasets/CREMAD/wav_norm_16000_fold1.pkl
2025-11-07 23:30:43,389 - root - INFO - Norm values are {'mean': tensor(-2.6751e-05), 'std': tensor(0.0610), 'max_duration': 5.005}
2025-11-07 23:30:43,641 - root - INFO - Loaded wav norm from ./mydatasets/CREMAD/wav_norm_16000_fold1.pkl
2025-11-07 23:30:43,643 - root - INFO - Norm values are {'mean': tensor(-2.6751e-05), 'std': tensor(0.0610), 'max_duration': 5.005}
2025-11-07 23:30:44,139 - root - INFO - Loaded wav norm from ./mydatasets/CREMAD/wav_norm_16000_fold1.pkl
2025-11-07 23:30:44,141 - root - INFO - Norm values are {'mean': tensor(-2.6751e-05), 'std': tensor(0.0610), 'max_duration': 5.005}
Available cores 8
We are changing dataloader workers to num of cores 0
2025-11-07 23:30:44,144 - Agent - INFO - Device: cuda:0
2025-11-07 23:30:44,144 - Agent - INFO - Total training batches: 126, validate every 25 batches, steps per epoch: 6
2025-11-07 23:30:50,617 - Agent - INFO - Loss Weights are {'total': 1, 'combined': 1, 'c': 0, 'g': 0}
2025-11-07 23:30:51,450 - root - INFO - Loading enc best model state dict from /esat/smcdata/users/kkontras/Image_Dataset/no_backup/data/2025_data/synergy/unimodal_audio_fold1_lr0.001_wd0.0001.pth.tar
Replacing module
2025-11-07 23:30:51,923 - root - INFO - Loading enc best model state dict from /esat/smcdata/users/kkontras/Image_Dataset/no_backup/data/2025_data/synergy/unimodal_video_fold1_lr0.001_wd0.0001.pth.tar
Replacing module
2025-11-07 23:30:51,981 - Agent - INFO - Total number of trainable parameters are: 23483032
2025-11-07 23:30:51,991 - Agent - INFO - Total number of trainable parameters are: 23483032
2025-11-07 23:38:12,268 - Agent - INFO - [37mVal Epoch 1 step 1 with [31mce_loss_combined : 1.563563 [31mtotal : 1.563563 [94mAcc_combined: 69.58 [94mAcc_c: 53.92 [94mAcc_g: 53.12 [95mCEU_cue_audio: 0.6512 [95mCEU_cue_video: 0.7103 [95mCEU_synergy: 0.1860 [95mCEU_coexistence: 0.9555 
2025-11-07 23:38:12,292 - Agent - INFO - [37mTest Epoch 1 step 1 with [31mce_loss_combined : 1.547498 [31mtotal : 1.547498 [94mAcc_combined: 70.05 [94mAcc_c: 51.69 [94mAcc_g: 60.44 
2025-11-07 23:38:13,282 - Agent - INFO - [37mModels has saved successfully in /esat/smcdata/users/kkontras/Image_Dataset/no_backup/data/2025_data/synergy/Synprom_IB_fold1_l10_contrcoeff1_perturbgen_lr0.0001_wd0.0001_clsmlp_pre.pth.tar
2025-11-07 23:45:31,731 - Agent - INFO - [37mVal Epoch 2 step 2 with [31mce_loss_combined : 1.151081 [31mtotal : 1.151081 [94mAcc_combined: 60.27 [94mAcc_c: 49.83 [94mAcc_g: 52.67 [95mCEU_cue_audio: 0.3446 [95mCEU_cue_video: 0.7814 [95mCEU_synergy: 0.1725 [95mCEU_coexistence: 0.8921 
2025-11-07 23:52:46,073 - Agent - INFO - [37mVal Epoch 3 step 3 with [31mce_loss_combined : 1.081982 [31mtotal : 1.081982 [94mAcc_combined: 60.39 [94mAcc_c: 50.06 [94mAcc_g: 51.87 [95mCEU_cue_audio: 0.3402 [95mCEU_cue_video: 0.8089 [95mCEU_synergy: 0.1379 [95mCEU_coexistence: 0.8985 
2025-11-08 00:00:03,363 - Agent - INFO - [37mVal Epoch 4 step 4 with [31mce_loss_combined : 1.191317 [31mtotal : 1.191317 [94mAcc_combined: 57.32 [94mAcc_c: 46.65 [94mAcc_g: 52.55 [95mCEU_cue_audio: 0.2436 [95mCEU_cue_video: 0.7868 [95mCEU_synergy: 0.1447 [95mCEU_coexistence: 0.8951 
2025-11-08 00:07:20,643 - Agent - INFO - [37mVal Epoch 5 step 5 with [31mce_loss_combined : 1.165124 [31mtotal : 1.165124 [94mAcc_combined: 60.39 [94mAcc_c: 59.14 [94mAcc_g: 50.96 [95mCEU_cue_audio: 0.2857 [95mCEU_cue_video: 0.8359 [95mCEU_synergy: 0.1519 [95mCEU_coexistence: 0.9175 
2025-11-08 00:14:34,812 - Agent - INFO - [37mVal Epoch 6 step 6 with [31mce_loss_combined : 1.312790 [31mtotal : 1.312790 [94mAcc_combined: 57.32 [94mAcc_c: 51.53 [94mAcc_g: 51.87 [95mCEU_cue_audio: 0.2521 [95mCEU_cue_video: 0.7814 [95mCEU_synergy: 0.1932 [95mCEU_coexistence: 0.8699 
2025-11-08 00:21:48,398 - Agent - INFO - [37mVal Epoch 7 step 7 with [31mce_loss_combined : 1.274278 [31mtotal : 1.274278 [94mAcc_combined: 59.59 [94mAcc_c: 49.94 [94mAcc_g: 50.96 [95mCEU_cue_audio: 0.2899 [95mCEU_cue_video: 0.8032 [95mCEU_synergy: 0.1860 [95mCEU_coexistence: 0.8951 
2025-11-08 00:29:00,739 - Agent - INFO - [37mVal Epoch 8 step 8 with [31mce_loss_combined : 1.146630 [31mtotal : 1.146630 [94mAcc_combined: 63.45 [94mAcc_c: 52.55 [94mAcc_g: 52.89 [95mCEU_cue_audio: 0.3571 [95mCEU_cue_video: 0.8416 [95mCEU_synergy: 0.1792 [95mCEU_coexistence: 0.9334 
2025-11-08 00:36:12,900 - Agent - INFO - [37mVal Epoch 9 step 9 with [31mce_loss_combined : 1.124032 [31mtotal : 1.124032 [94mAcc_combined: 63.34 [94mAcc_c: 53.35 [94mAcc_g: 54.37 [95mCEU_cue_audio: 0.3739 [95mCEU_cue_video: 0.8359 [95mCEU_synergy: 0.1239 [95mCEU_coexistence: 0.9460 
2025-11-08 00:43:27,329 - Agent - INFO - [37mVal Epoch 10 step 10 with [31mce_loss_combined : 1.196534 [31mtotal : 1.196534 [94mAcc_combined: 62.88 [94mAcc_c: 50.74 [94mAcc_g: 53.01 [95mCEU_cue_audio: 0.3320 [95mCEU_cue_video: 0.8305 [95mCEU_synergy: 0.1725 [95mCEU_coexistence: 0.9460 
2025-11-08 00:50:43,909 - Agent - INFO - [37mVal Epoch 11 step 11 with [31mce_loss_combined : 1.276652 [31mtotal : 1.276652 [94mAcc_combined: 62.66 [94mAcc_c: 52.67 [94mAcc_g: 53.01 [95mCEU_cue_audio: 0.3528 [95mCEU_cue_video: 0.8252 [95mCEU_synergy: 0.1999 [95mCEU_coexistence: 0.9144 
2025-11-08 00:57:58,797 - Agent - INFO - [37mVal Epoch 12 step 12 with [31mce_loss_combined : 1.154506 [31mtotal : 1.154506 [94mAcc_combined: 63.00 [94mAcc_c: 50.96 [94mAcc_g: 54.26 [95mCEU_cue_audio: 0.3571 [95mCEU_cue_video: 0.8305 [95mCEU_synergy: 0.1725 [95mCEU_coexistence: 0.9301 
2025-11-08 01:05:08,585 - Agent - INFO - [37mVal Epoch 13 step 13 with [31mce_loss_combined : 1.176528 [31mtotal : 1.176528 [94mAcc_combined: 64.13 [94mAcc_c: 53.69 [94mAcc_g: 53.69 [95mCEU_cue_audio: 0.3613 [95mCEU_cue_video: 0.8359 [95mCEU_synergy: 0.2345 [95mCEU_coexistence: 0.9270 
2025-11-08 01:12:21,440 - Agent - INFO - [37mVal Epoch 14 step 14 with [31mce_loss_combined : 1.191192 [31mtotal : 1.191192 [94mAcc_combined: 62.43 [94mAcc_c: 52.10 [94mAcc_g: 53.69 [95mCEU_cue_audio: 0.3528 [95mCEU_cue_video: 0.8142 [95mCEU_synergy: 0.1932 [95mCEU_coexistence: 0.9175 
2025-11-08 01:19:34,422 - Agent - INFO - [37mVal Epoch 15 step 15 with [31mce_loss_combined : 1.086423 [31mtotal : 1.086423 [94mAcc_combined: 66.17 [94mAcc_c: 53.80 [94mAcc_g: 54.26 [95mCEU_cue_audio: 0.3949 [95mCEU_cue_video: 0.8469 [95mCEU_synergy: 0.2072 [95mCEU_coexistence: 0.9650 
2025-11-08 01:26:52,194 - Agent - INFO - [37mVal Epoch 16 step 16 with [31mce_loss_combined : 1.112843 [31mtotal : 1.112843 [94mAcc_combined: 65.15 [94mAcc_c: 53.58 [94mAcc_g: 54.14 [95mCEU_cue_audio: 0.3908 [95mCEU_cue_video: 0.8416 [95mCEU_synergy: 0.1999 [95mCEU_coexistence: 0.9460 
2025-11-08 01:34:12,281 - Agent - INFO - [37mVal Epoch 17 step 17 with [31mce_loss_combined : 1.166951 [31mtotal : 1.166951 [94mAcc_combined: 63.00 [94mAcc_c: 50.85 [94mAcc_g: 53.01 [95mCEU_cue_audio: 0.3528 [95mCEU_cue_video: 0.8252 [95mCEU_synergy: 0.1792 [95mCEU_coexistence: 0.9334 
2025-11-08 01:41:26,804 - Agent - INFO - [37mVal Epoch 18 step 18 with [31mce_loss_combined : 1.197150 [31mtotal : 1.197150 [94mAcc_combined: 61.18 [94mAcc_c: 56.19 [94mAcc_g: 53.12 [95mCEU_cue_audio: 0.3151 [95mCEU_cue_video: 0.8142 [95mCEU_synergy: 0.2139 [95mCEU_coexistence: 0.9016 
2025-11-08 01:48:43,869 - Agent - INFO - [37mVal Epoch 19 step 19 with [31mce_loss_combined : 1.127779 [31mtotal : 1.127779 [94mAcc_combined: 65.27 [94mAcc_c: 49.60 [94mAcc_g: 53.69 [95mCEU_cue_audio: 0.4034 [95mCEU_cue_video: 0.8527 [95mCEU_synergy: 0.1860 [95mCEU_coexistence: 0.9396 
2025-11-08 01:55:59,609 - Agent - INFO - [37mVal Epoch 20 step 20 with [31mce_loss_combined : 1.325182 [31mtotal : 1.325182 [94mAcc_combined: 62.43 [94mAcc_c: 49.49 [94mAcc_g: 52.67 [95mCEU_cue_audio: 0.3402 [95mCEU_cue_video: 0.8252 [95mCEU_synergy: 0.1999 [95mCEU_coexistence: 0.9175 
2025-11-08 01:56:02,848 - Agent - INFO - We are in the final state.
2025-11-08 01:56:03,238 - root - INFO - Loaded best model from /esat/smcdata/users/kkontras/Image_Dataset/no_backup/data/2025_data/synergy/Synprom_IB_fold1_l10_contrcoeff1_perturbgen_lr0.0001_wd0.0001_clsmlp_pre.pth.tar
2025-11-08 01:56:27,468 - Agent - INFO - [37mVal Epoch 20 step 0 with [31mce_loss_combined : 1.563563 [31mtotal : 1.563563 [94mAcc_combined: 69.58 [94mAcc_c: 53.92 [94mAcc_g: 53.12 [95mCEU_cue_audio: 0.6512 [95mCEU_cue_video: 0.7103 [95mCEU_synergy: 0.1860 [95mCEU_coexistence: 0.9555 
2025-11-08 01:56:51,039 - Agent - INFO - [37mTest Epoch 20 step 0 with [31mce_loss_combined : 1.547498 [31mtotal : 1.547498 [94mAcc_combined: 70.05 [94mAcc_c: 51.69 [94mAcc_g: 60.44 
2025-11-08 01:56:52,829 - Agent - INFO - [37mModels has saved successfully in /esat/smcdata/users/kkontras/Image_Dataset/no_backup/data/2025_data/synergy/Synprom_IB_fold1_l10_contrcoeff1_perturbgen_lr0.0001_wd0.0001_clsmlp_pre.pth.tar
Job finished
