000 (009.019.000) 2025-11-07 18:42:49 Job submitted from host: <10.87.28.209:9618?addrs=10.87.28.209-9618&alias=krakas.esat.kuleuven.be&noUDP&sock=schedd_1611_9729>
...
001 (009.019.000) 2025-11-07 23:30:10 Job executing on host: <10.87.24.25:9618?addrs=10.87.24.25-9618+[--1]-9618&alias=estragon.esat.kuleuven.be&noUDP&sock=startd_2009_95db>
	SlotName: slot1_1@estragon.esat.kuleuven.be
	AvailableGPUs = { GPUs_GPU_fd0ce06a }
	CondorScratchDir = "/usr/data/condor/execute/dir_243418"
	Cpus = 8
	Disk = 1054592
	GPUs = 1
	GPUs_GPU_fd0ce06a = [ Id = "GPU-fd0ce06a"; ClockMhz = 1328.5; Capability = 6.0; CoresPerCU = 64; DeviceName = "Tesla P100-PCIE-16GB"; DeviceUuid = "fd0ce06a-713e-f0de-00ac-18e3e9780412"; ECCEnabled = true; ComputeUnits = 56; NvidiaDriver = "580.95.05"; DriverVersion = 13.0; DevicePciBusId = "0000:08:00.0"; GlobalMemoryMb = 16269; MaxSupportedVersion = 13000 ]
	Memory = 71680
...
006 (009.019.000) 2025-11-07 23:30:19 Image size of job updated: 218004
	213  -  MemoryUsage of job (MB)
	218004  -  ResidentSetSize of job (KB)
...
006 (009.019.000) 2025-11-07 23:35:20 Image size of job updated: 1341548
	1246  -  MemoryUsage of job (MB)
	1275000  -  ResidentSetSize of job (KB)
...
006 (009.019.000) 2025-11-07 23:40:20 Image size of job updated: 1473260
	1330  -  MemoryUsage of job (MB)
	1361300  -  ResidentSetSize of job (KB)
...
006 (009.019.000) 2025-11-07 23:45:21 Image size of job updated: 1542772
	1435  -  MemoryUsage of job (MB)
	1468672  -  ResidentSetSize of job (KB)
...
006 (009.019.000) 2025-11-07 23:50:22 Image size of job updated: 1542772
	1490  -  MemoryUsage of job (MB)
	1525124  -  ResidentSetSize of job (KB)
...
006 (009.019.000) 2025-11-08 01:45:33 Image size of job updated: 1543196
	1490  -  MemoryUsage of job (MB)
	1525124  -  ResidentSetSize of job (KB)
...
006 (009.019.000) 2025-11-08 01:50:34 Image size of job updated: 1560176
	1490  -  MemoryUsage of job (MB)
	1525124  -  ResidentSetSize of job (KB)
...
006 (009.019.000) 2025-11-08 01:57:00 Image size of job updated: 1912184
	1490  -  MemoryUsage of job (MB)
	1525124  -  ResidentSetSize of job (KB)
...
005 (009.019.000) 2025-11-08 01:57:00 Job terminated.
	(1) Normal termination (return value 0)
		Usr 0 06:17:12, Sys 0 00:35:08  -  Run Remote Usage
		Usr 0 00:00:00, Sys 0 00:00:00  -  Run Local Usage
		Usr 0 06:17:12, Sys 0 00:35:08  -  Total Remote Usage
		Usr 0 00:00:00, Sys 0 00:00:00  -  Total Local Usage
	0  -  Run Bytes Sent By Job
	0  -  Run Bytes Received By Job
	0  -  Total Bytes Sent By Job
	0  -  Total Bytes Received By Job
	Partitionable Resources :    Usage  Request Allocated Assigned
	   Cpus                 :     4.92        8         8 
	   Disk (KB)            :     2     1048576   1054592 
	   GPUs                 :     0           1         1 "GPU-fd0ce06a"
	   GpusMemory (MB)      :  9049                       
	   Memory (MB)          :  1490       71680     71680 
	   TimeExecute (s)      :  8810                       
	   TimeSlotBusy (s)     :  8810                       
...
