Starting Job
/esat/smcdata/users/kkontras/Image_Dataset/no_backup/git/Synergy/train.py
/esat/smcdata/users/kkontras/Image_Dataset/no_backup/envs/balance_env/bin/python
Python 3.9.18
/esat/smcdata/users/kkontras/Image_Dataset/no_backup/git/Synergy
We have 1 GPU
/esat/smcdata/users/kkontras/Image_Dataset/no_backup/git/Synergy/train.py
config-./configs/CREMA_D/synergy/nov/synprom_ib.json
Executing command: accelerate launch /esat/smcdata/users/kkontras/Image_Dataset/no_backup/git/Synergy/train.py --config ./configs/CREMA_D/synergy/nov/synprom_ib.json --default_config ./configs/CREMA_D/default_config_cremad_res_syn.json --fold 2 --pre  --l 0.01 --contrcoeff 1 --lr 0.0001 --wd 0.0001 --cls mlp --perturb gen --start_over 
Namespace(config='./configs/CREMA_D/synergy/nov/synprom_ib.json', default_config='./configs/CREMA_D/default_config_cremad_res_syn.json', fold='2', alpha=None, tanh_mode=None, tanh_mode_beta=None, regby=None, clip=None, batch_size=None, l='0.01', multil=None, l_diffsq=None, lib=None, ratio_us=None, ratio_snr=None, kmepoch=None, num_samples=None, pow=None, nstep=None, contrcoeff='1', kde_coeff=None, etube=None, temperature=None, contr_type=None, shuffle_type=None, validate_with=None, transform_type=None, trasform_before=None, num_classes=None, base_alpha=None, alpha_var=None, base_beta=None, beta_var=None, optim_method=None, ilr_c=None, ilr_g=None, mmcosine_scaling=None, ending_epoch=None, load_ongoing=None, commonlayers=None, recon_weight1=None, recon_weight2=None, recon_epochstages=None, recon_ensemblestages=None, lr='0.0001', wd='0.0001', mm=None, cls='mlp', perturb='gen', pre=True, frozen=False, tdqm_disable=False, start_over=True)
2025-11-07 18:44:11,078 - Config - INFO - ./configs/CREMA_D/synergy/nov/synprom_ib.json
2025-11-07 18:44:11,081 - Config - INFO -  THE Configuration of your experiment ..
{'agent': 'Agent',
 'dataset': {'data_roots': '/esat/smcdata/users/kkontras/Image_Dataset/no_backup/CremaD/CREMA-D',
             'data_split': {'fold': 0, 'method': 'non_inclusive'},
             'dataloader_class': 'CramedD_Dataloader',
             'fps': 1,
             'norm': False,
             'norm_face_path': './mydatasets/CREMAD/norm_face_path_fold{}.pkl',
             'norm_wav_path': './mydatasets/CREMAD/wav_norm_16000_fold{}.pkl',
             'num_frame': 3,
             'return_data': {'audio': False,
                             'face': False,
                             'spectrogram': True,
                             'video': True},
             'sampling_rate': 22050},
 'early_stopping': {'end_of_epoch_check': True,
                    'log_interval': 10,
                    'max_epoch': 1500,
                    'n_steps_stop': 20,
                    'n_steps_stop_after': 0,
                    'save_every_step': 3000,
                    'save_every_valstep': 10,
                    'validate_after': 0,
                    'validate_every': 25,
                    'validate_with': 'accuracy'},
 'exp_name': 'CREMAD Experiment',
 'model': {'args': {'bias_infusion': {'ending_epoch': 1500,
                                      'l': 0.1,
                                      'method': 'false',
                                      'plot': False,
                                      'starting_epoch': 0,
                                      'use': True},
                    'clip_grad': False,
                    'cls_type': 'linear',
                    'd_model': 512,
                    'dropout': 0.1,
                    'fc_inner': 64,
                    'multi_loss': {'multi_supervised_w': {'c': 0,
                                                          'combined': 1,
                                                          'g': 0}},
                    'num_classes': 6},
           'encoders': [{'args': {'d_model': 512,
                                  'dropout': 0.1,
                                  'fc_inner': 64,
                                  'freeze_encoder': False,
                                  'num_classes': 6},
                         'model': 'Audio_ResNet',
                         'pretrainedEncoder': {'dir': 'unimodal_audio_fold{}_lr0.001_wd0.0001.pth.tar',
                                               'use': False}},
                        {'args': {'d_model': 512,
                                  'dropout': 0.1,
                                  'fc_inner': 64,
                                  'freeze_encoder': False,
                                  'num_classes': 6},
                         'model': 'Video_ResNet',
                         'pretrainedEncoder': {'dir': 'unimodal_video_fold{}_lr0.001_wd0.0001.pth.tar',
                                               'use': False}}],
           'load_ongoing': False,
           'model_class': 'Fusion_Synprom_IB',
           'save_base_dir': '/esat/smcdata/users/kkontras/Image_Dataset/no_backup/data/2025_data/synergy',
           'save_dir': 'Synprom_IB_{}.pth.tar'},
 'optimizer': {'beta1': 0.9,
               'beta2': 0.999,
               'learning_rate': 1e-05,
               'momentum': 0.9,
               'type': 'Adam',
               'weight_decay': 1e-05},
 'scheduler': {'max_lr': 0.03, 'type': 'cosanneal', 'warm_up_steps': 780},
 'training_params': {'adversarial_training': {'adv_epsilon': 0.01,
                                              'use': False},
                     'async_loading': True,
                     'batch_size': 32,
                     'cuda': True,
                     'data_loader_workers': 8,
                     'gpu_device': [0],
                     'pin_memory': False,
                     'rec_test': True,
                     'res': True,
                     'seed': 109,
                     'tdqm_disable': False,
                     'test_batch_size': 32,
                     'test_on_bottoms': False,
                     'use_test_set': True,
                     'validation': True,
                     'verbose': True,
                     'wandb_disable': False}}
2025-11-07 18:44:11,083 - Config - INFO -  *************************************** 
2025-11-07 18:44:11,083 - Config - INFO - The experiment name is CREMAD Experiment
2025-11-07 18:44:11,083 - Config - INFO -  *************************************** 
2025-11-07 18:44:11,083 - root - INFO - save_dir: Synprom_IB_fold2_l0.01_contrcoeff1_perturbgen_lr0.0001_wd0.0001_clsmlp_pre.pth.tar
2025-11-07 18:44:11,220 - Cuda Statistics - INFO - __Python VERSION:  3.9.18 (main, Sep 11 2023, 13:41:44) 
[GCC 11.2.0]
2025-11-07 18:44:11,220 - Cuda Statistics - INFO - __pyTorch VERSION:  2.0.1+cu118
2025-11-07 18:44:11,220 - Cuda Statistics - INFO - __CUDA VERSION
2025-11-07 18:44:11,360 - Cuda Statistics - INFO - __CUDNN VERSION:  8700
2025-11-07 18:44:11,376 - Cuda Statistics - INFO - __Number CUDA Devices:  1
2025-11-07 18:44:11,377 - Cuda Statistics - INFO - __Devices
2025-11-07 18:44:11,377 - Cuda Statistics - INFO - index, name, driver_version, memory.total [MiB], memory.used [MiB], memory.free [MiB]
2025-11-07 18:44:11,377 - Cuda Statistics - INFO - 0, NVIDIA GeForce RTX 2080 Ti, 570.153.02, 11264 MiB, 3 MiB, 10821 MiB
2025-11-07 18:44:11,383 - Cuda Statistics - INFO - Active CUDA Device: GPU 0
2025-11-07 18:44:11,383 - Cuda Statistics - INFO - Available devices  1
2025-11-07 18:44:11,383 - Cuda Statistics - INFO - Current cuda device  0
This path does not exist /esat/smcdata/users/kkontras/Image_Dataset/no_backup/CremaD/CREMA-D/AudioWAV/1076_MTI_SAD_XX.wav or /esat/smcdata/users/kkontras/Image_Dataset/no_backup/CremaD/CREMA-D/Image-01-FPS/1076_MTI_SAD_XX or /esat/smcdata/users/kkontras/Image_Dataset/no_backup/CremaD/CREMA-D/Face_features/1076_MTI_SAD_XX.npy
2025-11-07 18:44:13,720 - root - INFO - Loaded wav norm from ./mydatasets/CREMAD/wav_norm_16000_fold2.pkl
2025-11-07 18:44:13,785 - root - INFO - Norm values are {'mean': tensor(-2.7781e-05), 'std': tensor(0.0615), 'max_duration': 5.005}
2025-11-07 18:44:13,976 - root - INFO - Loaded wav norm from ./mydatasets/CREMAD/wav_norm_16000_fold2.pkl
2025-11-07 18:44:13,976 - root - INFO - Norm values are {'mean': tensor(-2.7781e-05), 'std': tensor(0.0615), 'max_duration': 5.005}
2025-11-07 18:44:14,040 - root - INFO - Loaded wav norm from ./mydatasets/CREMAD/wav_norm_16000_fold2.pkl
2025-11-07 18:44:14,040 - root - INFO - Norm values are {'mean': tensor(-2.7781e-05), 'std': tensor(0.0615), 'max_duration': 5.005}
Available cores 8
We are changing dataloader workers to num of cores 0
2025-11-07 18:44:14,041 - Agent - INFO - Device: cuda:0
2025-11-07 18:44:14,041 - Agent - INFO - Total training batches: 126, validate every 25 batches, steps per epoch: 6
2025-11-07 18:44:19,769 - Agent - INFO - Loss Weights are {'total': 1, 'combined': 1, 'c': 0, 'g': 0}
2025-11-07 18:44:22,778 - root - INFO - Loading enc best model state dict from /esat/smcdata/users/kkontras/Image_Dataset/no_backup/data/2025_data/synergy/unimodal_audio_fold2_lr0.001_wd0.0001.pth.tar
Replacing module
2025-11-07 18:44:24,840 - root - INFO - Loading enc best model state dict from /esat/smcdata/users/kkontras/Image_Dataset/no_backup/data/2025_data/synergy/unimodal_video_fold2_lr0.001_wd0.0001.pth.tar
Replacing module
2025-11-07 18:44:24,893 - Agent - INFO - Total number of trainable parameters are: 23483032
2025-11-07 18:44:24,901 - Agent - INFO - Total number of trainable parameters are: 23483032
2025-11-07 18:48:30,524 - Agent - INFO - [37mVal Epoch 1 step 1 with [31mce_loss_combined : 0.884491 [31mtotal : 0.884491 [94mAcc_combined: 68.93 [94mAcc_c: 57.77 [94mAcc_g: 63.29 [95mCEU_cue_audio: 0.8782 [95mCEU_cue_video: 0.4396 [95mCEU_synergy: 0.1732 [95mCEU_coexistence: 0.9484 
2025-11-07 18:48:30,572 - Agent - INFO - [37mTest Epoch 1 step 1 with [31mce_loss_combined : 0.747049 [31mtotal : 0.747049 [94mAcc_combined: 73.66 [94mAcc_c: 62.31 [94mAcc_g: 55.14 
2025-11-07 18:48:31,149 - Agent - INFO - [37mModels has saved successfully in /esat/smcdata/users/kkontras/Image_Dataset/no_backup/data/2025_data/synergy/Synprom_IB_fold2_l0.01_contrcoeff1_perturbgen_lr0.0001_wd0.0001_clsmlp_pre.pth.tar
2025-11-07 18:52:14,881 - Agent - INFO - [37mVal Epoch 2 step 2 with [31mce_loss_combined : 0.718833 [31mtotal : 0.718833 [94mAcc_combined: 76.75 [94mAcc_c: 55.93 [94mAcc_g: 67.09 [95mCEU_cue_audio: 0.8464 [95mCEU_cue_video: 0.6502 [95mCEU_synergy: 0.2991 [95mCEU_coexistence: 0.9818 
2025-11-07 18:52:14,896 - Agent - INFO - [37mTest Epoch 2 step 2 with [31mce_loss_combined : 0.728604 [31mtotal : 0.728604 [94mAcc_combined: 75.05 [94mAcc_c: 60.49 [94mAcc_g: 53.85 
2025-11-07 18:52:15,644 - Agent - INFO - [37mModels has saved successfully in /esat/smcdata/users/kkontras/Image_Dataset/no_backup/data/2025_data/synergy/Synprom_IB_fold2_l0.01_contrcoeff1_perturbgen_lr0.0001_wd0.0001_clsmlp_pre.pth.tar
2025-11-07 18:56:00,870 - Agent - INFO - [37mVal Epoch 3 step 3 with [31mce_loss_combined : 0.648238 [31mtotal : 0.648238 [94mAcc_combined: 78.37 [94mAcc_c: 58.92 [94mAcc_g: 66.17 [95mCEU_cue_audio: 0.8308 [95mCEU_cue_video: 0.7401 [95mCEU_synergy: 0.2756 [95mCEU_coexistence: 0.9818 
2025-11-07 18:56:00,887 - Agent - INFO - [37mTest Epoch 3 step 3 with [31mce_loss_combined : 0.785264 [31mtotal : 0.785264 [94mAcc_combined: 74.09 [94mAcc_c: 61.88 [94mAcc_g: 54.07 
2025-11-07 18:56:01,773 - Agent - INFO - [37mModels has saved successfully in /esat/smcdata/users/kkontras/Image_Dataset/no_backup/data/2025_data/synergy/Synprom_IB_fold2_l0.01_contrcoeff1_perturbgen_lr0.0001_wd0.0001_clsmlp_pre.pth.tar
2025-11-07 18:59:44,699 - Agent - INFO - [37mVal Epoch 4 step 4 with [31mce_loss_combined : 0.718686 [31mtotal : 0.718686 [94mAcc_combined: 78.14 [94mAcc_c: 55.12 [94mAcc_g: 64.33 [95mCEU_cue_audio: 0.7885 [95mCEU_cue_video: 0.7938 [95mCEU_synergy: 0.2599 [95mCEU_coexistence: 0.9697 
2025-11-07 19:03:28,016 - Agent - INFO - [37mVal Epoch 5 step 5 with [31mce_loss_combined : 0.838853 [31mtotal : 0.838853 [94mAcc_combined: 75.60 [94mAcc_c: 57.65 [94mAcc_g: 61.33 [95mCEU_cue_audio: 0.6984 [95mCEU_cue_video: 0.7670 [95mCEU_synergy: 0.2834 [95mCEU_coexistence: 0.9637 
2025-11-07 19:07:10,465 - Agent - INFO - [37mVal Epoch 6 step 6 with [31mce_loss_combined : 0.867040 [31mtotal : 0.867040 [94mAcc_combined: 75.95 [94mAcc_c: 54.78 [94mAcc_g: 61.33 [95mCEU_cue_audio: 0.6720 [95mCEU_cue_video: 0.8071 [95mCEU_synergy: 0.2676 [95mCEU_coexistence: 0.9666 
2025-11-07 19:10:50,680 - Agent - INFO - [37mVal Epoch 7 step 7 with [31mce_loss_combined : 0.767750 [31mtotal : 0.767750 [94mAcc_combined: 77.10 [94mAcc_c: 53.05 [94mAcc_g: 63.64 [95mCEU_cue_audio: 0.7407 [95mCEU_cue_video: 0.7938 [95mCEU_synergy: 0.2204 [95mCEU_coexistence: 0.9847 
2025-11-07 19:14:32,168 - Agent - INFO - [37mVal Epoch 8 step 8 with [31mce_loss_combined : 0.801821 [31mtotal : 0.801821 [94mAcc_combined: 76.99 [94mAcc_c: 53.16 [94mAcc_g: 61.80 [95mCEU_cue_audio: 0.7301 [95mCEU_cue_video: 0.8028 [95mCEU_synergy: 0.2285 [95mCEU_coexistence: 0.9787 
2025-11-07 19:18:12,723 - Agent - INFO - [37mVal Epoch 9 step 9 with [31mce_loss_combined : 0.794203 [31mtotal : 0.794203 [94mAcc_combined: 76.06 [94mAcc_c: 56.50 [94mAcc_g: 62.03 [95mCEU_cue_audio: 0.7195 [95mCEU_cue_video: 0.7981 [95mCEU_synergy: 0.2204 [95mCEU_coexistence: 0.9666 
2025-11-07 19:21:52,755 - Agent - INFO - [37mVal Epoch 10 step 10 with [31mce_loss_combined : 0.939305 [31mtotal : 0.939305 [94mAcc_combined: 74.80 [94mAcc_c: 50.86 [94mAcc_g: 61.33 [95mCEU_cue_audio: 0.6615 [95mCEU_cue_video: 0.8071 [95mCEU_synergy: 0.2204 [95mCEU_coexistence: 0.9605 
2025-11-07 19:25:35,958 - Agent - INFO - [37mVal Epoch 11 step 11 with [31mce_loss_combined : 0.916949 [31mtotal : 0.916949 [94mAcc_combined: 75.83 [94mAcc_c: 52.70 [94mAcc_g: 62.03 [95mCEU_cue_audio: 0.6932 [95mCEU_cue_video: 0.8028 [95mCEU_synergy: 0.2756 [95mCEU_coexistence: 0.9515 
2025-11-07 19:29:15,962 - Agent - INFO - [37mVal Epoch 12 step 12 with [31mce_loss_combined : 0.955929 [31mtotal : 0.955929 [94mAcc_combined: 74.45 [94mAcc_c: 50.63 [94mAcc_g: 61.68 [95mCEU_cue_audio: 0.6615 [95mCEU_cue_video: 0.8161 [95mCEU_synergy: 0.1732 [95mCEU_coexistence: 0.9637 
2025-11-07 19:32:56,931 - Agent - INFO - [37mVal Epoch 13 step 13 with [31mce_loss_combined : 0.853098 [31mtotal : 0.853098 [94mAcc_combined: 77.79 [94mAcc_c: 52.24 [94mAcc_g: 63.52 [95mCEU_cue_audio: 0.7356 [95mCEU_cue_video: 0.8297 [95mCEU_synergy: 0.2442 [95mCEU_coexistence: 0.9726 
2025-11-07 19:36:38,279 - Agent - INFO - [37mVal Epoch 14 step 14 with [31mce_loss_combined : 0.869981 [31mtotal : 0.869981 [94mAcc_combined: 78.02 [94mAcc_c: 53.05 [94mAcc_g: 63.52 [95mCEU_cue_audio: 0.7356 [95mCEU_cue_video: 0.8340 [95mCEU_synergy: 0.2442 [95mCEU_coexistence: 0.9758 
2025-11-07 19:40:31,164 - Agent - INFO - [37mVal Epoch 15 step 15 with [31mce_loss_combined : 0.957482 [31mtotal : 0.957482 [94mAcc_combined: 75.49 [94mAcc_c: 51.44 [94mAcc_g: 63.41 [95mCEU_cue_audio: 0.6772 [95mCEU_cue_video: 0.8250 [95mCEU_synergy: 0.2047 [95mCEU_coexistence: 0.9637 
2025-11-07 19:44:21,319 - Agent - INFO - [37mVal Epoch 16 step 16 with [31mce_loss_combined : 0.879917 [31mtotal : 0.879917 [94mAcc_combined: 76.18 [94mAcc_c: 52.36 [94mAcc_g: 62.49 [95mCEU_cue_audio: 0.6932 [95mCEU_cue_video: 0.8340 [95mCEU_synergy: 0.2285 [95mCEU_coexistence: 0.9576 
2025-11-07 19:48:04,592 - Agent - INFO - [37mVal Epoch 17 step 17 with [31mce_loss_combined : 1.051152 [31mtotal : 1.051152 [94mAcc_combined: 73.30 [94mAcc_c: 53.05 [94mAcc_g: 62.14 [95mCEU_cue_audio: 0.6561 [95mCEU_cue_video: 0.7938 [95mCEU_synergy: 0.1970 [95mCEU_coexistence: 0.9423 
2025-11-07 19:51:47,739 - Agent - INFO - [37mVal Epoch 18 step 18 with [31mce_loss_combined : 0.913534 [31mtotal : 0.913534 [94mAcc_combined: 78.25 [94mAcc_c: 55.24 [94mAcc_g: 62.83 [95mCEU_cue_audio: 0.7195 [95mCEU_cue_video: 0.8609 [95mCEU_synergy: 0.2442 [95mCEU_coexistence: 0.9726 
2025-11-07 19:55:31,582 - Agent - INFO - [37mVal Epoch 19 step 19 with [31mce_loss_combined : 0.960984 [31mtotal : 0.960984 [94mAcc_combined: 75.60 [94mAcc_c: 50.29 [94mAcc_g: 63.18 [95mCEU_cue_audio: 0.6878 [95mCEU_cue_video: 0.8028 [95mCEU_synergy: 0.2204 [95mCEU_coexistence: 0.9697 
2025-11-07 19:59:19,935 - Agent - INFO - [37mVal Epoch 20 step 20 with [31mce_loss_combined : 0.951131 [31mtotal : 0.951131 [94mAcc_combined: 74.91 [94mAcc_c: 52.24 [94mAcc_g: 63.41 [95mCEU_cue_audio: 0.6772 [95mCEU_cue_video: 0.8297 [95mCEU_synergy: 0.1655 [95mCEU_coexistence: 0.9605 
2025-11-07 20:03:05,683 - Agent - INFO - [37mVal Epoch 21 step 21 with [31mce_loss_combined : 1.025350 [31mtotal : 1.025350 [94mAcc_combined: 74.11 [94mAcc_c: 51.09 [94mAcc_g: 62.83 [95mCEU_cue_audio: 0.6349 [95mCEU_cue_video: 0.8207 [95mCEU_synergy: 0.2285 [95mCEU_coexistence: 0.9455 
2025-11-07 20:06:47,028 - Agent - INFO - [37mVal Epoch 22 step 22 with [31mce_loss_combined : 0.969690 [31mtotal : 0.969690 [94mAcc_combined: 76.29 [94mAcc_c: 52.82 [94mAcc_g: 64.21 [95mCEU_cue_audio: 0.6826 [95mCEU_cue_video: 0.8161 [95mCEU_synergy: 0.2676 [95mCEU_coexistence: 0.9637 
2025-11-07 20:06:47,789 - Agent - INFO - We are in the final state.
2025-11-07 20:06:48,050 - root - INFO - Loaded best model from /esat/smcdata/users/kkontras/Image_Dataset/no_backup/data/2025_data/synergy/Synprom_IB_fold2_l0.01_contrcoeff1_perturbgen_lr0.0001_wd0.0001_clsmlp_pre.pth.tar
2025-11-07 20:07:02,277 - Agent - INFO - [37mVal Epoch 22 step 0 with [31mce_loss_combined : 0.648238 [31mtotal : 0.648238 [94mAcc_combined: 78.37 [94mAcc_c: 58.92 [94mAcc_g: 66.17 [95mCEU_cue_audio: 0.8308 [95mCEU_cue_video: 0.7401 [95mCEU_synergy: 0.2756 [95mCEU_coexistence: 0.9818 
2025-11-07 20:07:17,541 - Agent - INFO - [37mTest Epoch 22 step 0 with [31mce_loss_combined : 0.785264 [31mtotal : 0.785264 [94mAcc_combined: 74.09 [94mAcc_c: 61.88 [94mAcc_g: 54.07 
2025-11-07 20:07:19,524 - Agent - INFO - [37mModels has saved successfully in /esat/smcdata/users/kkontras/Image_Dataset/no_backup/data/2025_data/synergy/Synprom_IB_fold2_l0.01_contrcoeff1_perturbgen_lr0.0001_wd0.0001_clsmlp_pre.pth.tar
Job finished
