000 (009.002.000) 2025-11-07 18:42:49 Job submitted from host: <10.87.28.209:9618?addrs=10.87.28.209-9618&alias=krakas.esat.kuleuven.be&noUDP&sock=schedd_1611_9729>
...
001 (009.002.000) 2025-11-07 18:43:00 Job executing on host: <10.87.28.117:9618?addrs=10.87.28.117-9618&alias=stadius-nc-4.esat.kuleuven.be&noUDP&sock=startd_3335_1c6f>
	SlotName: slot1_1@stadius-nc-4.esat.kuleuven.be
	AvailableGPUs = { GPUs_GPU_1236270c }
	CondorScratchDir = "/volume1/condor/execute/dir_1264008"
	Cpus = 8
	Disk = 1050150
	GPUs = 1
	GPUs_GPU_1236270c = [ Id = "GPU-1236270c"; ClockMhz = 1545.0; Capability = 7.5; CoresPerCU = 64; DeviceName = "NVIDIA GeForce RTX 2080 Ti"; DeviceUuid = "1236270c-ad23-648a-e65a-80b2ab2cf0c3"; ECCEnabled = false; ComputeUnits = 68; NvidiaDriver = "570.153.02"; DriverVersion = 12.8; DevicePciBusId = "0000:25:00.0"; GlobalMemoryMb = 10823; MaxSupportedVersion = 12080 ]
	Memory = 71680
...
006 (009.002.000) 2025-11-07 18:43:09 Image size of job updated: 112160
	110  -  MemoryUsage of job (MB)
	112160  -  ResidentSetSize of job (KB)
...
006 (009.002.000) 2025-11-07 18:48:10 Image size of job updated: 1600528
	1564  -  MemoryUsage of job (MB)
	1600528  -  ResidentSetSize of job (KB)
...
006 (009.002.000) 2025-11-07 18:53:10 Image size of job updated: 1637000
	1564  -  MemoryUsage of job (MB)
	1600528  -  ResidentSetSize of job (KB)
...
006 (009.002.000) 2025-11-07 18:58:11 Image size of job updated: 1671112
	1564  -  MemoryUsage of job (MB)
	1600528  -  ResidentSetSize of job (KB)
...
006 (009.002.000) 2025-11-07 19:03:11 Image size of job updated: 1705828
	1611  -  MemoryUsage of job (MB)
	1649376  -  ResidentSetSize of job (KB)
...
006 (009.002.000) 2025-11-07 19:08:11 Image size of job updated: 1708912
	1611  -  MemoryUsage of job (MB)
	1649376  -  ResidentSetSize of job (KB)
...
006 (009.002.000) 2025-11-07 19:13:12 Image size of job updated: 1708912
	1616  -  MemoryUsage of job (MB)
	1654140  -  ResidentSetSize of job (KB)
...
006 (009.002.000) 2025-11-07 19:18:12 Image size of job updated: 1719064
	1624  -  MemoryUsage of job (MB)
	1662612  -  ResidentSetSize of job (KB)
...
006 (009.002.000) 2025-11-07 19:23:13 Image size of job updated: 1726052
	1624  -  MemoryUsage of job (MB)
	1662612  -  ResidentSetSize of job (KB)
...
006 (009.002.000) 2025-11-07 19:48:15 Image size of job updated: 1735216
	1638  -  MemoryUsage of job (MB)
	1676832  -  ResidentSetSize of job (KB)
...
006 (009.002.000) 2025-11-07 19:53:16 Image size of job updated: 1738172
	1638  -  MemoryUsage of job (MB)
	1676832  -  ResidentSetSize of job (KB)
...
006 (009.002.000) 2025-11-07 20:03:17 Image size of job updated: 1846588
	1638  -  MemoryUsage of job (MB)
	1676832  -  ResidentSetSize of job (KB)
...
006 (009.002.000) 2025-11-07 20:07:26 Image size of job updated: 2121800
	1638  -  MemoryUsage of job (MB)
	1676832  -  ResidentSetSize of job (KB)
...
005 (009.002.000) 2025-11-07 20:07:26 Job terminated.
	(1) Normal termination (return value 0)
		Usr 0 04:06:34, Sys 0 00:30:16  -  Run Remote Usage
		Usr 0 00:00:00, Sys 0 00:00:00  -  Run Local Usage
		Usr 0 04:06:34, Sys 0 00:30:16  -  Total Remote Usage
		Usr 0 00:00:00, Sys 0 00:00:00  -  Total Local Usage
	0  -  Run Bytes Sent By Job
	0  -  Run Bytes Received By Job
	0  -  Total Bytes Sent By Job
	0  -  Total Bytes Received By Job
	Partitionable Resources :    Usage  Request Allocated Assigned
	   Cpus                 :     2.80        8         8 
	   Disk (KB)            :     2     1048576   1050150 
	   GPUs                 :     0.62        1         1 "GPU-1236270c"
	   GpusMemory (MB)      :  9266                       
	   Memory (MB)          :  1638       71680     71680 
	   TimeExecute (s)      :  5066                       
	   TimeSlotBusy (s)     :  5066                       
...
