Starting Job
/esat/smcdata/users/kkontras/Image_Dataset/no_backup/git/Synergy/train.py
/esat/smcdata/users/kkontras/Image_Dataset/no_backup/envs/balance_env/bin/python
Python 3.9.18
/esat/smcdata/users/kkontras/Image_Dataset/no_backup/git/Synergy
We have 1 GPU
/esat/smcdata/users/kkontras/Image_Dataset/no_backup/git/Synergy/train.py
config-./configs/CREMA_D/synergy/nov/synprom_ib.json
Executing command: accelerate launch /esat/smcdata/users/kkontras/Image_Dataset/no_backup/git/Synergy/train.py --config ./configs/CREMA_D/synergy/nov/synprom_ib.json --default_config ./configs/CREMA_D/default_config_cremad_res_syn.json --fold 2 --pre  --l 10 --contrcoeff 1 --lr 0.0001 --wd 0.0001 --cls mlp --perturb gen --start_over 
Namespace(config='./configs/CREMA_D/synergy/nov/synprom_ib.json', default_config='./configs/CREMA_D/default_config_cremad_res_syn.json', fold='2', alpha=None, tanh_mode=None, tanh_mode_beta=None, regby=None, clip=None, batch_size=None, l='10', multil=None, l_diffsq=None, lib=None, ratio_us=None, ratio_snr=None, kmepoch=None, num_samples=None, pow=None, nstep=None, contrcoeff='1', kde_coeff=None, etube=None, temperature=None, contr_type=None, shuffle_type=None, validate_with=None, transform_type=None, trasform_before=None, num_classes=None, base_alpha=None, alpha_var=None, base_beta=None, beta_var=None, optim_method=None, ilr_c=None, ilr_g=None, mmcosine_scaling=None, ending_epoch=None, load_ongoing=None, commonlayers=None, recon_weight1=None, recon_weight2=None, recon_epochstages=None, recon_ensemblestages=None, lr='0.0001', wd='0.0001', mm=None, cls='mlp', perturb='gen', pre=True, frozen=False, tdqm_disable=False, start_over=True)
2025-11-07 23:33:39,676 - Config - INFO - ./configs/CREMA_D/synergy/nov/synprom_ib.json
2025-11-07 23:33:39,682 - Config - INFO -  THE Configuration of your experiment ..
{'agent': 'Agent',
 'dataset': {'data_roots': '/esat/smcdata/users/kkontras/Image_Dataset/no_backup/CremaD/CREMA-D',
             'data_split': {'fold': 0, 'method': 'non_inclusive'},
             'dataloader_class': 'CramedD_Dataloader',
             'fps': 1,
             'norm': False,
             'norm_face_path': './mydatasets/CREMAD/norm_face_path_fold{}.pkl',
             'norm_wav_path': './mydatasets/CREMAD/wav_norm_16000_fold{}.pkl',
             'num_frame': 3,
             'return_data': {'audio': False,
                             'face': False,
                             'spectrogram': True,
                             'video': True},
             'sampling_rate': 22050},
 'early_stopping': {'end_of_epoch_check': True,
                    'log_interval': 10,
                    'max_epoch': 1500,
                    'n_steps_stop': 20,
                    'n_steps_stop_after': 0,
                    'save_every_step': 3000,
                    'save_every_valstep': 10,
                    'validate_after': 0,
                    'validate_every': 25,
                    'validate_with': 'accuracy'},
 'exp_name': 'CREMAD Experiment',
 'model': {'args': {'bias_infusion': {'ending_epoch': 1500,
                                      'l': 0.1,
                                      'method': 'false',
                                      'plot': False,
                                      'starting_epoch': 0,
                                      'use': True},
                    'clip_grad': False,
                    'cls_type': 'linear',
                    'd_model': 512,
                    'dropout': 0.1,
                    'fc_inner': 64,
                    'multi_loss': {'multi_supervised_w': {'c': 0,
                                                          'combined': 1,
                                                          'g': 0}},
                    'num_classes': 6},
           'encoders': [{'args': {'d_model': 512,
                                  'dropout': 0.1,
                                  'fc_inner': 64,
                                  'freeze_encoder': False,
                                  'num_classes': 6},
                         'model': 'Audio_ResNet',
                         'pretrainedEncoder': {'dir': 'unimodal_audio_fold{}_lr0.001_wd0.0001.pth.tar',
                                               'use': False}},
                        {'args': {'d_model': 512,
                                  'dropout': 0.1,
                                  'fc_inner': 64,
                                  'freeze_encoder': False,
                                  'num_classes': 6},
                         'model': 'Video_ResNet',
                         'pretrainedEncoder': {'dir': 'unimodal_video_fold{}_lr0.001_wd0.0001.pth.tar',
                                               'use': False}}],
           'load_ongoing': False,
           'model_class': 'Fusion_Synprom_IB',
           'save_base_dir': '/esat/smcdata/users/kkontras/Image_Dataset/no_backup/data/2025_data/synergy',
           'save_dir': 'Synprom_IB_{}.pth.tar'},
 'optimizer': {'beta1': 0.9,
               'beta2': 0.999,
               'learning_rate': 1e-05,
               'momentum': 0.9,
               'type': 'Adam',
               'weight_decay': 1e-05},
 'scheduler': {'max_lr': 0.03, 'type': 'cosanneal', 'warm_up_steps': 780},
 'training_params': {'adversarial_training': {'adv_epsilon': 0.01,
                                              'use': False},
                     'async_loading': True,
                     'batch_size': 32,
                     'cuda': True,
                     'data_loader_workers': 8,
                     'gpu_device': [0],
                     'pin_memory': False,
                     'rec_test': True,
                     'res': True,
                     'seed': 109,
                     'tdqm_disable': False,
                     'test_batch_size': 32,
                     'test_on_bottoms': False,
                     'use_test_set': True,
                     'validation': True,
                     'verbose': True,
                     'wandb_disable': False}}
2025-11-07 23:33:39,685 - Config - INFO -  *************************************** 
2025-11-07 23:33:39,685 - Config - INFO - The experiment name is CREMAD Experiment
2025-11-07 23:33:39,686 - Config - INFO -  *************************************** 
2025-11-07 23:33:39,686 - root - INFO - save_dir: Synprom_IB_fold2_l10_contrcoeff1_perturbgen_lr0.0001_wd0.0001_clsmlp_pre.pth.tar
2025-11-07 23:33:39,896 - Cuda Statistics - INFO - __Python VERSION:  3.9.18 (main, Sep 11 2023, 13:41:44) 
[GCC 11.2.0]
2025-11-07 23:33:39,896 - Cuda Statistics - INFO - __pyTorch VERSION:  2.0.1+cu118
2025-11-07 23:33:39,896 - Cuda Statistics - INFO - __CUDA VERSION
2025-11-07 23:33:39,900 - Cuda Statistics - INFO - __CUDNN VERSION:  8700
2025-11-07 23:33:39,943 - Cuda Statistics - INFO - __Number CUDA Devices:  1
2025-11-07 23:33:39,943 - Cuda Statistics - INFO - __Devices
2025-11-07 23:33:39,943 - Cuda Statistics - INFO - index, name, driver_version, memory.total [MiB], memory.used [MiB], memory.free [MiB]
2025-11-07 23:33:39,943 - Cuda Statistics - INFO - 0, Tesla P100-PCIE-16GB, 580.95.05, 16384 MiB, 3 MiB, 16268 MiB
2025-11-07 23:33:39,946 - Cuda Statistics - INFO - Active CUDA Device: GPU 0
2025-11-07 23:33:39,946 - Cuda Statistics - INFO - Available devices  1
2025-11-07 23:33:39,946 - Cuda Statistics - INFO - Current cuda device  0
This path does not exist /esat/smcdata/users/kkontras/Image_Dataset/no_backup/CremaD/CREMA-D/AudioWAV/1076_MTI_SAD_XX.wav or /esat/smcdata/users/kkontras/Image_Dataset/no_backup/CremaD/CREMA-D/Image-01-FPS/1076_MTI_SAD_XX or /esat/smcdata/users/kkontras/Image_Dataset/no_backup/CremaD/CREMA-D/Face_features/1076_MTI_SAD_XX.npy
2025-11-07 23:33:42,227 - root - INFO - Loaded wav norm from ./mydatasets/CREMAD/wav_norm_16000_fold2.pkl
2025-11-07 23:33:42,234 - root - INFO - Norm values are {'mean': tensor(-2.7781e-05), 'std': tensor(0.0615), 'max_duration': 5.005}
2025-11-07 23:33:42,743 - root - INFO - Loaded wav norm from ./mydatasets/CREMAD/wav_norm_16000_fold2.pkl
2025-11-07 23:33:42,745 - root - INFO - Norm values are {'mean': tensor(-2.7781e-05), 'std': tensor(0.0615), 'max_duration': 5.005}
2025-11-07 23:33:43,290 - root - INFO - Loaded wav norm from ./mydatasets/CREMAD/wav_norm_16000_fold2.pkl
2025-11-07 23:33:43,291 - root - INFO - Norm values are {'mean': tensor(-2.7781e-05), 'std': tensor(0.0615), 'max_duration': 5.005}
Available cores 8
We are changing dataloader workers to num of cores 0
2025-11-07 23:33:43,297 - Agent - INFO - Device: cuda:0
2025-11-07 23:33:43,297 - Agent - INFO - Total training batches: 126, validate every 25 batches, steps per epoch: 6
2025-11-07 23:33:50,060 - Agent - INFO - Loss Weights are {'total': 1, 'combined': 1, 'c': 0, 'g': 0}
2025-11-07 23:33:50,823 - root - INFO - Loading enc best model state dict from /esat/smcdata/users/kkontras/Image_Dataset/no_backup/data/2025_data/synergy/unimodal_audio_fold2_lr0.001_wd0.0001.pth.tar
Replacing module
2025-11-07 23:33:51,543 - root - INFO - Loading enc best model state dict from /esat/smcdata/users/kkontras/Image_Dataset/no_backup/data/2025_data/synergy/unimodal_video_fold2_lr0.001_wd0.0001.pth.tar
Replacing module
2025-11-07 23:33:51,696 - Agent - INFO - Total number of trainable parameters are: 23483032
2025-11-07 23:33:51,708 - Agent - INFO - Total number of trainable parameters are: 23483032
2025-11-07 23:41:14,652 - Agent - INFO - [37mVal Epoch 1 step 1 with [31mce_loss_combined : 1.622854 [31mtotal : 1.622854 [94mAcc_combined: 72.61 [94mAcc_c: 54.32 [94mAcc_g: 66.86 [95mCEU_cue_audio: 0.7674 [95mCEU_cue_video: 0.6502 [95mCEU_synergy: 0.2991 [95mCEU_coexistence: 0.9181 
2025-11-07 23:41:14,678 - Agent - INFO - [37mTest Epoch 1 step 1 with [31mce_loss_combined : 1.625900 [31mtotal : 1.625900 [94mAcc_combined: 68.84 [94mAcc_c: 57.28 [94mAcc_g: 54.93 
2025-11-07 23:41:15,363 - Agent - INFO - [37mModels has saved successfully in /esat/smcdata/users/kkontras/Image_Dataset/no_backup/data/2025_data/synergy/Synprom_IB_fold2_l10_contrcoeff1_perturbgen_lr0.0001_wd0.0001_clsmlp_pre.pth.tar
2025-11-07 23:48:40,063 - Agent - INFO - [37mVal Epoch 2 step 2 with [31mce_loss_combined : 1.213722 [31mtotal : 1.213722 [94mAcc_combined: 68.58 [94mAcc_c: 52.93 [94mAcc_g: 65.13 [95mCEU_cue_audio: 0.5025 [95mCEU_cue_video: 0.7533 [95mCEU_synergy: 0.3071 [95mCEU_coexistence: 0.8910 
2025-11-07 23:56:03,355 - Agent - INFO - [37mVal Epoch 3 step 3 with [31mce_loss_combined : 0.924119 [31mtotal : 0.924119 [94mAcc_combined: 72.15 [94mAcc_c: 53.28 [94mAcc_g: 64.21 [95mCEU_cue_audio: 0.4814 [95mCEU_cue_video: 0.8698 [95mCEU_synergy: 0.2519 [95mCEU_coexistence: 0.9394 
2025-11-08 00:03:24,624 - Agent - INFO - [37mVal Epoch 4 step 4 with [31mce_loss_combined : 0.840319 [31mtotal : 0.840319 [94mAcc_combined: 71.35 [94mAcc_c: 46.61 [94mAcc_g: 62.26 [95mCEU_cue_audio: 0.4602 [95mCEU_cue_video: 0.8566 [95mCEU_synergy: 0.2519 [95mCEU_coexistence: 0.9394 
2025-11-08 00:10:42,847 - Agent - INFO - [37mVal Epoch 5 step 5 with [31mce_loss_combined : 0.859644 [31mtotal : 0.859644 [94mAcc_combined: 68.47 [94mAcc_c: 53.16 [94mAcc_g: 57.88 [95mCEU_cue_audio: 0.4602 [95mCEU_cue_video: 0.8161 [95mCEU_synergy: 0.2361 [95mCEU_coexistence: 0.8970 
2025-11-08 00:18:05,065 - Agent - INFO - [37mVal Epoch 6 step 6 with [31mce_loss_combined : 0.875075 [31mtotal : 0.875075 [94mAcc_combined: 72.61 [94mAcc_c: 52.47 [94mAcc_g: 59.15 [95mCEU_cue_audio: 0.5025 [95mCEU_cue_video: 0.8788 [95mCEU_synergy: 0.2519 [95mCEU_coexistence: 0.9334 
2025-11-08 00:25:22,888 - Agent - INFO - [37mVal Epoch 7 step 7 with [31mce_loss_combined : 0.754678 [31mtotal : 0.754678 [94mAcc_combined: 76.29 [94mAcc_c: 52.36 [94mAcc_g: 62.72 [95mCEU_cue_audio: 0.5871 [95mCEU_cue_video: 0.8835 [95mCEU_synergy: 0.2676 [95mCEU_coexistence: 0.9726 
2025-11-08 00:25:22,914 - Agent - INFO - [37mTest Epoch 7 step 7 with [31mce_loss_combined : 0.991883 [31mtotal : 0.991883 [94mAcc_combined: 67.77 [94mAcc_c: 55.03 [94mAcc_g: 51.39 
2025-11-08 00:25:23,786 - Agent - INFO - [37mModels has saved successfully in /esat/smcdata/users/kkontras/Image_Dataset/no_backup/data/2025_data/synergy/Synprom_IB_fold2_l10_contrcoeff1_perturbgen_lr0.0001_wd0.0001_clsmlp_pre.pth.tar
2025-11-08 00:32:47,325 - Agent - INFO - [37mVal Epoch 8 step 8 with [31mce_loss_combined : 0.772172 [31mtotal : 0.772172 [94mAcc_combined: 75.49 [94mAcc_c: 52.47 [94mAcc_g: 62.37 [95mCEU_cue_audio: 0.5715 [95mCEU_cue_video: 0.8788 [95mCEU_synergy: 0.2442 [95mCEU_coexistence: 0.9726 
2025-11-08 00:40:08,799 - Agent - INFO - [37mVal Epoch 9 step 9 with [31mce_loss_combined : 0.753944 [31mtotal : 0.753944 [94mAcc_combined: 75.49 [94mAcc_c: 55.12 [94mAcc_g: 61.33 [95mCEU_cue_audio: 0.6083 [95mCEU_cue_video: 0.8655 [95mCEU_synergy: 0.2204 [95mCEU_coexistence: 0.9697 
2025-11-08 00:47:34,482 - Agent - INFO - [37mVal Epoch 10 step 10 with [31mce_loss_combined : 0.924965 [31mtotal : 0.924965 [94mAcc_combined: 71.58 [94mAcc_c: 45.68 [94mAcc_g: 61.91 [95mCEU_cue_audio: 0.4869 [95mCEU_cue_video: 0.8387 [95mCEU_synergy: 0.2204 [95mCEU_coexistence: 0.9544 
2025-11-08 00:54:57,287 - Agent - INFO - [37mVal Epoch 11 step 11 with [31mce_loss_combined : 0.827518 [31mtotal : 0.827518 [94mAcc_combined: 75.49 [94mAcc_c: 52.13 [94mAcc_g: 58.57 [95mCEU_cue_audio: 0.6083 [95mCEU_cue_video: 0.8519 [95mCEU_synergy: 0.2599 [95mCEU_coexistence: 0.9637 
2025-11-08 01:02:23,730 - Agent - INFO - [37mVal Epoch 12 step 12 with [31mce_loss_combined : 0.953613 [31mtotal : 0.953613 [94mAcc_combined: 72.04 [94mAcc_c: 50.86 [94mAcc_g: 60.07 [95mCEU_cue_audio: 0.5237 [95mCEU_cue_video: 0.8476 [95mCEU_synergy: 0.1574 [95mCEU_coexistence: 0.9637 
2025-11-08 01:09:43,764 - Agent - INFO - [37mVal Epoch 13 step 13 with [31mce_loss_combined : 0.815724 [31mtotal : 0.815724 [94mAcc_combined: 76.87 [94mAcc_c: 51.78 [94mAcc_g: 60.53 [95mCEU_cue_audio: 0.6561 [95mCEU_cue_video: 0.8745 [95mCEU_synergy: 0.2127 [95mCEU_coexistence: 0.9758 
2025-11-08 01:09:43,789 - Agent - INFO - [37mTest Epoch 13 step 13 with [31mce_loss_combined : 1.119306 [31mtotal : 1.119306 [94mAcc_combined: 66.81 [94mAcc_c: 52.68 [94mAcc_g: 52.46 
2025-11-08 01:09:44,694 - Agent - INFO - [37mModels has saved successfully in /esat/smcdata/users/kkontras/Image_Dataset/no_backup/data/2025_data/synergy/Synprom_IB_fold2_l10_contrcoeff1_perturbgen_lr0.0001_wd0.0001_clsmlp_pre.pth.tar
2025-11-08 01:17:05,556 - Agent - INFO - [37mVal Epoch 14 step 14 with [31mce_loss_combined : 0.863756 [31mtotal : 0.863756 [94mAcc_combined: 78.02 [94mAcc_c: 51.78 [94mAcc_g: 62.14 [95mCEU_cue_audio: 0.6932 [95mCEU_cue_video: 0.8878 [95mCEU_synergy: 0.2204 [95mCEU_coexistence: 0.9726 
2025-11-08 01:17:05,601 - Agent - INFO - [37mTest Epoch 14 step 14 with [31mce_loss_combined : 1.148152 [31mtotal : 1.148152 [94mAcc_combined: 66.81 [94mAcc_c: 53.96 [94mAcc_g: 53.00 
2025-11-08 01:17:06,457 - Agent - INFO - [37mModels has saved successfully in /esat/smcdata/users/kkontras/Image_Dataset/no_backup/data/2025_data/synergy/Synprom_IB_fold2_l10_contrcoeff1_perturbgen_lr0.0001_wd0.0001_clsmlp_pre.pth.tar
2025-11-08 01:24:27,889 - Agent - INFO - [37mVal Epoch 15 step 15 with [31mce_loss_combined : 0.990452 [31mtotal : 0.990452 [94mAcc_combined: 73.99 [94mAcc_c: 50.06 [94mAcc_g: 62.83 [95mCEU_cue_audio: 0.5977 [95mCEU_cue_video: 0.8250 [95mCEU_synergy: 0.2047 [95mCEU_coexistence: 0.9697 
2025-11-08 01:31:52,525 - Agent - INFO - [37mVal Epoch 16 step 16 with [31mce_loss_combined : 0.890360 [31mtotal : 0.890360 [94mAcc_combined: 73.76 [94mAcc_c: 50.86 [94mAcc_g: 60.18 [95mCEU_cue_audio: 0.5660 [95mCEU_cue_video: 0.8566 [95mCEU_synergy: 0.2204 [95mCEU_coexistence: 0.9544 
2025-11-08 01:39:13,634 - Agent - INFO - [37mVal Epoch 17 step 17 with [31mce_loss_combined : 1.015732 [31mtotal : 1.015732 [94mAcc_combined: 72.61 [94mAcc_c: 51.78 [94mAcc_g: 59.03 [95mCEU_cue_audio: 0.5448 [95mCEU_cue_video: 0.8566 [95mCEU_synergy: 0.1813 [95mCEU_coexistence: 0.9515 
2025-11-08 01:46:33,815 - Agent - INFO - [37mVal Epoch 18 step 18 with [31mce_loss_combined : 0.954236 [31mtotal : 0.954236 [94mAcc_combined: 75.26 [94mAcc_c: 51.90 [94mAcc_g: 60.18 [95mCEU_cue_audio: 0.5871 [95mCEU_cue_video: 0.8788 [95mCEU_synergy: 0.2204 [95mCEU_coexistence: 0.9666 
2025-11-08 01:53:57,624 - Agent - INFO - [37mVal Epoch 19 step 19 with [31mce_loss_combined : 0.991867 [31mtotal : 0.991867 [94mAcc_combined: 75.26 [94mAcc_c: 43.84 [94mAcc_g: 62.72 [95mCEU_cue_audio: 0.6189 [95mCEU_cue_video: 0.8429 [95mCEU_synergy: 0.2127 [95mCEU_coexistence: 0.9758 
2025-11-08 02:01:24,051 - Agent - INFO - [37mVal Epoch 20 step 20 with [31mce_loss_combined : 1.091353 [31mtotal : 1.091353 [94mAcc_combined: 73.53 [94mAcc_c: 51.21 [94mAcc_g: 62.14 [95mCEU_cue_audio: 0.6032 [95mCEU_cue_video: 0.8250 [95mCEU_synergy: 0.1732 [95mCEU_coexistence: 0.9666 
2025-11-08 02:08:48,068 - Agent - INFO - [37mVal Epoch 21 step 21 with [31mce_loss_combined : 0.933796 [31mtotal : 0.933796 [94mAcc_combined: 74.11 [94mAcc_c: 51.55 [94mAcc_g: 60.07 [95mCEU_cue_audio: 0.5715 [95mCEU_cue_video: 0.8519 [95mCEU_synergy: 0.2285 [95mCEU_coexistence: 0.9605 
2025-11-08 02:16:11,498 - Agent - INFO - [37mVal Epoch 22 step 22 with [31mce_loss_combined : 1.028813 [31mtotal : 1.028813 [94mAcc_combined: 73.65 [94mAcc_c: 48.79 [94mAcc_g: 62.49 [95mCEU_cue_audio: 0.6138 [95mCEU_cue_video: 0.8161 [95mCEU_synergy: 0.2442 [95mCEU_coexistence: 0.9423 
2025-11-08 02:23:31,510 - Agent - INFO - [37mVal Epoch 23 step 23 with [31mce_loss_combined : 1.045876 [31mtotal : 1.045876 [94mAcc_combined: 74.57 [94mAcc_c: 46.49 [94mAcc_g: 61.68 [95mCEU_cue_audio: 0.6294 [95mCEU_cue_video: 0.8297 [95mCEU_synergy: 0.2047 [95mCEU_coexistence: 0.9637 
2025-11-08 02:30:55,720 - Agent - INFO - [37mVal Epoch 24 step 24 with [31mce_loss_combined : 1.041158 [31mtotal : 1.041158 [94mAcc_combined: 73.99 [94mAcc_c: 52.24 [94mAcc_g: 59.95 [95mCEU_cue_audio: 0.6138 [95mCEU_cue_video: 0.8071 [95mCEU_synergy: 0.2599 [95mCEU_coexistence: 0.9515 
2025-11-08 02:38:21,113 - Agent - INFO - [37mVal Epoch 25 step 25 with [31mce_loss_combined : 1.051332 [31mtotal : 1.051332 [94mAcc_combined: 75.03 [94mAcc_c: 49.48 [94mAcc_g: 61.91 [95mCEU_cue_audio: 0.6720 [95mCEU_cue_video: 0.7849 [95mCEU_synergy: 0.2599 [95mCEU_coexistence: 0.9605 
2025-11-08 02:45:46,747 - Agent - INFO - [37mVal Epoch 26 step 26 with [31mce_loss_combined : 1.112357 [31mtotal : 1.112357 [94mAcc_combined: 73.76 [94mAcc_c: 50.86 [94mAcc_g: 60.07 [95mCEU_cue_audio: 0.6294 [95mCEU_cue_video: 0.8028 [95mCEU_synergy: 0.1970 [95mCEU_coexistence: 0.9637 
2025-11-08 02:53:07,635 - Agent - INFO - [37mVal Epoch 27 step 27 with [31mce_loss_combined : 1.083262 [31mtotal : 1.083262 [94mAcc_combined: 73.19 [94mAcc_c: 47.87 [94mAcc_g: 60.99 [95mCEU_cue_audio: 0.6032 [95mCEU_cue_video: 0.8161 [95mCEU_synergy: 0.2047 [95mCEU_coexistence: 0.9515 
2025-11-08 03:00:31,547 - Agent - INFO - [37mVal Epoch 28 step 28 with [31mce_loss_combined : 1.259286 [31mtotal : 1.259286 [94mAcc_combined: 73.42 [94mAcc_c: 48.22 [94mAcc_g: 60.18 [95mCEU_cue_audio: 0.6294 [95mCEU_cue_video: 0.7981 [95mCEU_synergy: 0.1889 [95mCEU_coexistence: 0.9605 
2025-11-08 03:07:57,862 - Agent - INFO - [37mVal Epoch 29 step 29 with [31mce_loss_combined : 1.098123 [31mtotal : 1.098123 [94mAcc_combined: 73.76 [94mAcc_c: 51.78 [94mAcc_g: 61.22 [95mCEU_cue_audio: 0.6509 [95mCEU_cue_video: 0.7981 [95mCEU_synergy: 0.1970 [95mCEU_coexistence: 0.9544 
2025-11-08 03:15:20,523 - Agent - INFO - [37mVal Epoch 30 step 30 with [31mce_loss_combined : 1.107046 [31mtotal : 1.107046 [94mAcc_combined: 73.76 [94mAcc_c: 47.87 [94mAcc_g: 61.33 [95mCEU_cue_audio: 0.6400 [95mCEU_cue_video: 0.8028 [95mCEU_synergy: 0.2047 [95mCEU_coexistence: 0.9544 
2025-11-08 03:22:47,171 - Agent - INFO - [37mVal Epoch 31 step 31 with [31mce_loss_combined : 1.170668 [31mtotal : 1.170668 [94mAcc_combined: 72.96 [94mAcc_c: 47.07 [94mAcc_g: 59.03 [95mCEU_cue_audio: 0.6189 [95mCEU_cue_video: 0.7892 [95mCEU_synergy: 0.2047 [95mCEU_coexistence: 0.9544 
2025-11-08 03:30:06,667 - Agent - INFO - [37mVal Epoch 32 step 32 with [31mce_loss_combined : 1.253386 [31mtotal : 1.253386 [94mAcc_combined: 73.53 [94mAcc_c: 48.10 [94mAcc_g: 62.60 [95mCEU_cue_audio: 0.6400 [95mCEU_cue_video: 0.8028 [95mCEU_synergy: 0.1889 [95mCEU_coexistence: 0.9544 
2025-11-08 03:37:33,739 - Agent - INFO - [37mVal Epoch 33 step 33 with [31mce_loss_combined : 1.283852 [31mtotal : 1.283852 [94mAcc_combined: 68.35 [94mAcc_c: 38.90 [94mAcc_g: 60.87 [95mCEU_cue_audio: 0.5398 [95mCEU_cue_video: 0.7264 [95mCEU_synergy: 0.2127 [95mCEU_coexistence: 0.9181 
2025-11-08 03:37:35,184 - Agent - INFO - We are in the final state.
2025-11-08 03:37:35,580 - root - INFO - Loaded best model from /esat/smcdata/users/kkontras/Image_Dataset/no_backup/data/2025_data/synergy/Synprom_IB_fold2_l10_contrcoeff1_perturbgen_lr0.0001_wd0.0001_clsmlp_pre.pth.tar
2025-11-08 03:38:01,229 - Agent - INFO - [37mVal Epoch 33 step 0 with [31mce_loss_combined : 0.863756 [31mtotal : 0.863756 [94mAcc_combined: 78.02 [94mAcc_c: 51.78 [94mAcc_g: 62.14 [95mCEU_cue_audio: 0.6932 [95mCEU_cue_video: 0.8878 [95mCEU_synergy: 0.2204 [95mCEU_coexistence: 0.9726 
2025-11-08 03:38:27,939 - Agent - INFO - [37mTest Epoch 33 step 0 with [31mce_loss_combined : 1.148152 [31mtotal : 1.148152 [94mAcc_combined: 66.81 [94mAcc_c: 53.96 [94mAcc_g: 53.00 
2025-11-08 03:38:29,613 - Agent - INFO - [37mModels has saved successfully in /esat/smcdata/users/kkontras/Image_Dataset/no_backup/data/2025_data/synergy/Synprom_IB_fold2_l10_contrcoeff1_perturbgen_lr0.0001_wd0.0001_clsmlp_pre.pth.tar
Job finished
