Starting Job
/esat/smcdata/users/kkontras/Image_Dataset/no_backup/git/Synergy/train.py
/esat/smcdata/users/kkontras/Image_Dataset/no_backup/envs/balance_env/bin/python
Python 3.9.18
/esat/smcdata/users/kkontras/Image_Dataset/no_backup/git/Synergy
We have 1 GPU
/esat/smcdata/users/kkontras/Image_Dataset/no_backup/git/Synergy/train.py
config-./configs/CREMA_D/synergy/nov/synprom_ib.json
Executing command: accelerate launch /esat/smcdata/users/kkontras/Image_Dataset/no_backup/git/Synergy/train.py --config ./configs/CREMA_D/synergy/nov/synprom_ib.json --default_config ./configs/CREMA_D/default_config_cremad_res_syn.json --fold 0 --pre  --l 30 --contrcoeff 1 --lr 0.0001 --wd 0.0001 --cls mlp --perturb gen --start_over 
Namespace(config='./configs/CREMA_D/synergy/nov/synprom_ib.json', default_config='./configs/CREMA_D/default_config_cremad_res_syn.json', fold='0', alpha=None, tanh_mode=None, tanh_mode_beta=None, regby=None, clip=None, batch_size=None, l='30', multil=None, l_diffsq=None, lib=None, ratio_us=None, ratio_snr=None, kmepoch=None, num_samples=None, pow=None, nstep=None, contrcoeff='1', kde_coeff=None, etube=None, temperature=None, contr_type=None, shuffle_type=None, validate_with=None, transform_type=None, trasform_before=None, num_classes=None, base_alpha=None, alpha_var=None, base_beta=None, beta_var=None, optim_method=None, ilr_c=None, ilr_g=None, mmcosine_scaling=None, ending_epoch=None, load_ongoing=None, commonlayers=None, recon_weight1=None, recon_weight2=None, recon_epochstages=None, recon_ensemblestages=None, lr='0.0001', wd='0.0001', mm=None, cls='mlp', perturb='gen', pre=True, frozen=False, tdqm_disable=False, start_over=True)
2025-11-07 23:46:41,885 - Config - INFO - ./configs/CREMA_D/synergy/nov/synprom_ib.json
2025-11-07 23:46:41,890 - Config - INFO -  THE Configuration of your experiment ..
{'agent': 'Agent',
 'dataset': {'data_roots': '/esat/smcdata/users/kkontras/Image_Dataset/no_backup/CremaD/CREMA-D',
             'data_split': {'fold': 0, 'method': 'non_inclusive'},
             'dataloader_class': 'CramedD_Dataloader',
             'fps': 1,
             'norm': False,
             'norm_face_path': './mydatasets/CREMAD/norm_face_path_fold{}.pkl',
             'norm_wav_path': './mydatasets/CREMAD/wav_norm_16000_fold{}.pkl',
             'num_frame': 3,
             'return_data': {'audio': False,
                             'face': False,
                             'spectrogram': True,
                             'video': True},
             'sampling_rate': 22050},
 'early_stopping': {'end_of_epoch_check': True,
                    'log_interval': 10,
                    'max_epoch': 1500,
                    'n_steps_stop': 20,
                    'n_steps_stop_after': 0,
                    'save_every_step': 3000,
                    'save_every_valstep': 10,
                    'validate_after': 0,
                    'validate_every': 25,
                    'validate_with': 'accuracy'},
 'exp_name': 'CREMAD Experiment',
 'model': {'args': {'bias_infusion': {'ending_epoch': 1500,
                                      'l': 0.1,
                                      'method': 'false',
                                      'plot': False,
                                      'starting_epoch': 0,
                                      'use': True},
                    'clip_grad': False,
                    'cls_type': 'linear',
                    'd_model': 512,
                    'dropout': 0.1,
                    'fc_inner': 64,
                    'multi_loss': {'multi_supervised_w': {'c': 0,
                                                          'combined': 1,
                                                          'g': 0}},
                    'num_classes': 6},
           'encoders': [{'args': {'d_model': 512,
                                  'dropout': 0.1,
                                  'fc_inner': 64,
                                  'freeze_encoder': False,
                                  'num_classes': 6},
                         'model': 'Audio_ResNet',
                         'pretrainedEncoder': {'dir': 'unimodal_audio_fold{}_lr0.001_wd0.0001.pth.tar',
                                               'use': False}},
                        {'args': {'d_model': 512,
                                  'dropout': 0.1,
                                  'fc_inner': 64,
                                  'freeze_encoder': False,
                                  'num_classes': 6},
                         'model': 'Video_ResNet',
                         'pretrainedEncoder': {'dir': 'unimodal_video_fold{}_lr0.001_wd0.0001.pth.tar',
                                               'use': False}}],
           'load_ongoing': False,
           'model_class': 'Fusion_Synprom_IB',
           'save_base_dir': '/esat/smcdata/users/kkontras/Image_Dataset/no_backup/data/2025_data/synergy',
           'save_dir': 'Synprom_IB_{}.pth.tar'},
 'optimizer': {'beta1': 0.9,
               'beta2': 0.999,
               'learning_rate': 1e-05,
               'momentum': 0.9,
               'type': 'Adam',
               'weight_decay': 1e-05},
 'scheduler': {'max_lr': 0.03, 'type': 'cosanneal', 'warm_up_steps': 780},
 'training_params': {'adversarial_training': {'adv_epsilon': 0.01,
                                              'use': False},
                     'async_loading': True,
                     'batch_size': 32,
                     'cuda': True,
                     'data_loader_workers': 8,
                     'gpu_device': [0],
                     'pin_memory': False,
                     'rec_test': True,
                     'res': True,
                     'seed': 109,
                     'tdqm_disable': False,
                     'test_batch_size': 32,
                     'test_on_bottoms': False,
                     'use_test_set': True,
                     'validation': True,
                     'verbose': True,
                     'wandb_disable': False}}
2025-11-07 23:46:41,892 - Config - INFO -  *************************************** 
2025-11-07 23:46:41,892 - Config - INFO - The experiment name is CREMAD Experiment
2025-11-07 23:46:41,892 - Config - INFO -  *************************************** 
2025-11-07 23:46:41,893 - root - INFO - save_dir: Synprom_IB_fold0_l30_contrcoeff1_perturbgen_lr0.0001_wd0.0001_clsmlp_pre.pth.tar
2025-11-07 23:46:42,080 - Cuda Statistics - INFO - __Python VERSION:  3.9.18 (main, Sep 11 2023, 13:41:44) 
[GCC 11.2.0]
2025-11-07 23:46:42,081 - Cuda Statistics - INFO - __pyTorch VERSION:  2.0.1+cu118
2025-11-07 23:46:42,081 - Cuda Statistics - INFO - __CUDA VERSION
2025-11-07 23:46:42,143 - Cuda Statistics - INFO - __CUDNN VERSION:  8700
2025-11-07 23:46:42,170 - Cuda Statistics - INFO - __Number CUDA Devices:  1
2025-11-07 23:46:42,170 - Cuda Statistics - INFO - __Devices
2025-11-07 23:46:42,170 - Cuda Statistics - INFO - index, name, driver_version, memory.total [MiB], memory.used [MiB], memory.free [MiB]
2025-11-07 23:46:42,170 - Cuda Statistics - INFO - 0, NVIDIA GeForce RTX 3090, 580.95.05, 24576 MiB, 39 MiB, 24076 MiB
2025-11-07 23:46:42,180 - Cuda Statistics - INFO - Active CUDA Device: GPU 0
2025-11-07 23:46:42,180 - Cuda Statistics - INFO - Available devices  1
2025-11-07 23:46:42,180 - Cuda Statistics - INFO - Current cuda device  0
This path does not exist /esat/smcdata/users/kkontras/Image_Dataset/no_backup/CremaD/CREMA-D/AudioWAV/1076_MTI_SAD_XX.wav or /esat/smcdata/users/kkontras/Image_Dataset/no_backup/CremaD/CREMA-D/Image-01-FPS/1076_MTI_SAD_XX or /esat/smcdata/users/kkontras/Image_Dataset/no_backup/CremaD/CREMA-D/Face_features/1076_MTI_SAD_XX.npy
2025-11-07 23:46:44,897 - root - INFO - Loaded wav norm from ./mydatasets/CREMAD/wav_norm_16000_fold0.pkl
2025-11-07 23:46:45,086 - root - INFO - Norm values are {'mean': tensor(-2.7937e-05), 'std': tensor(0.0613), 'max_duration': 4.8715625}
2025-11-07 23:46:45,644 - root - INFO - Loaded wav norm from ./mydatasets/CREMAD/wav_norm_16000_fold0.pkl
2025-11-07 23:46:45,646 - root - INFO - Norm values are {'mean': tensor(-2.7937e-05), 'std': tensor(0.0613), 'max_duration': 4.8715625}
2025-11-07 23:46:46,241 - root - INFO - Loaded wav norm from ./mydatasets/CREMAD/wav_norm_16000_fold0.pkl
2025-11-07 23:46:46,242 - root - INFO - Norm values are {'mean': tensor(-2.7937e-05), 'std': tensor(0.0613), 'max_duration': 4.8715625}
Available cores 8
We are changing dataloader workers to num of cores 0
2025-11-07 23:46:46,245 - Agent - INFO - Device: cuda:0
2025-11-07 23:46:46,246 - Agent - INFO - Total training batches: 127, validate every 25 batches, steps per epoch: 6
2025-11-07 23:46:51,602 - Agent - INFO - Loss Weights are {'total': 1, 'combined': 1, 'c': 0, 'g': 0}
2025-11-07 23:46:52,356 - root - INFO - Loading enc best model state dict from /esat/smcdata/users/kkontras/Image_Dataset/no_backup/data/2025_data/synergy/unimodal_audio_fold0_lr0.001_wd0.0001.pth.tar
Replacing module
2025-11-07 23:46:52,970 - root - INFO - Loading enc best model state dict from /esat/smcdata/users/kkontras/Image_Dataset/no_backup/data/2025_data/synergy/unimodal_video_fold0_lr0.001_wd0.0001.pth.tar
Replacing module
2025-11-07 23:46:53,013 - Agent - INFO - Total number of trainable parameters are: 23483032
2025-11-07 23:46:53,021 - Agent - INFO - Total number of trainable parameters are: 23483032
2025-11-07 23:50:12,221 - Agent - INFO - [37mVal Epoch 1 step 1 with [31mce_loss_combined : 1.754041 [31mtotal : 1.754041 [94mAcc_combined: 69.25 [94mAcc_c: 60.14 [94mAcc_g: 60.59 [95mCEU_cue_audio: 0.6075 [95mCEU_cue_video: 0.6908 [95mCEU_synergy: 0.1230 [95mCEU_coexistence: 0.9301 
2025-11-07 23:50:12,236 - Agent - INFO - [37mTest Epoch 1 step 1 with [31mce_loss_combined : 1.758316 [31mtotal : 1.758316 [94mAcc_combined: 60.96 [94mAcc_c: 56.62 [94mAcc_g: 52.50 
2025-11-07 23:50:13,173 - Agent - INFO - [37mModels has saved successfully in /esat/smcdata/users/kkontras/Image_Dataset/no_backup/data/2025_data/synergy/Synprom_IB_fold0_l30_contrcoeff1_perturbgen_lr0.0001_wd0.0001_clsmlp_pre.pth.tar
2025-11-07 23:53:12,024 - Agent - INFO - [37mVal Epoch 2 step 2 with [31mce_loss_combined : 1.635331 [31mtotal : 1.635331 [94mAcc_combined: 58.20 [94mAcc_c: 59.79 [94mAcc_g: 54.90 [95mCEU_cue_audio: 0.3059 [95mCEU_cue_video: 0.6787 [95mCEU_synergy: 0.1721 [95mCEU_coexistence: 0.8360 
2025-11-07 23:56:12,807 - Agent - INFO - [37mVal Epoch 3 step 3 with [31mce_loss_combined : 1.262959 [31mtotal : 1.262959 [94mAcc_combined: 58.43 [94mAcc_c: 59.79 [94mAcc_g: 55.69 [95mCEU_cue_audio: 0.2602 [95mCEU_cue_video: 0.7030 [95mCEU_synergy: 0.1885 [95mCEU_coexistence: 0.8522 
2025-11-07 23:59:12,756 - Agent - INFO - [37mVal Epoch 4 step 4 with [31mce_loss_combined : 1.058444 [31mtotal : 1.058444 [94mAcc_combined: 62.87 [94mAcc_c: 61.05 [94mAcc_g: 57.29 [95mCEU_cue_audio: 0.2923 [95mCEU_cue_video: 0.7759 [95mCEU_synergy: 0.2050 [95mCEU_coexistence: 0.9006 
2025-11-08 00:02:13,532 - Agent - INFO - [37mVal Epoch 5 step 5 with [31mce_loss_combined : 0.945009 [31mtotal : 0.945009 [94mAcc_combined: 67.77 [94mAcc_c: 60.93 [94mAcc_g: 59.34 [95mCEU_cue_audio: 0.3103 [95mCEU_cue_video: 0.8850 [95mCEU_synergy: 0.2621 [95mCEU_coexistence: 0.9382 
2025-11-08 00:05:14,514 - Agent - INFO - [37mVal Epoch 6 step 6 with [31mce_loss_combined : 0.966422 [31mtotal : 0.966422 [94mAcc_combined: 65.72 [94mAcc_c: 60.82 [94mAcc_g: 57.63 [95mCEU_cue_audio: 0.3014 [95mCEU_cue_video: 0.8665 [95mCEU_synergy: 0.2871 [95mCEU_coexistence: 0.8952 
2025-11-08 00:08:13,209 - Agent - INFO - [37mVal Epoch 7 step 7 with [31mce_loss_combined : 1.013951 [31mtotal : 1.013951 [94mAcc_combined: 66.63 [94mAcc_c: 61.62 [94mAcc_g: 56.26 [95mCEU_cue_audio: 0.3561 [95mCEU_cue_video: 0.8362 [95mCEU_synergy: 0.3197 [95mCEU_coexistence: 0.8872 
2025-11-08 00:11:14,106 - Agent - INFO - [37mVal Epoch 8 step 8 with [31mce_loss_combined : 1.003340 [31mtotal : 1.003340 [94mAcc_combined: 67.54 [94mAcc_c: 60.93 [94mAcc_g: 56.95 [95mCEU_cue_audio: 0.3471 [95mCEU_cue_video: 0.8665 [95mCEU_synergy: 0.3281 [95mCEU_coexistence: 0.8978 
2025-11-08 00:14:15,291 - Agent - INFO - [37mVal Epoch 9 step 9 with [31mce_loss_combined : 1.010996 [31mtotal : 1.010996 [94mAcc_combined: 69.59 [94mAcc_c: 59.34 [94mAcc_g: 58.77 [95mCEU_cue_audio: 0.3424 [95mCEU_cue_video: 0.8787 [95mCEU_synergy: 0.3360 [95mCEU_coexistence: 0.9408 
2025-11-08 00:14:15,305 - Agent - INFO - [37mTest Epoch 9 step 9 with [31mce_loss_combined : 1.332414 [31mtotal : 1.332414 [94mAcc_combined: 59.51 [94mAcc_c: 56.62 [94mAcc_g: 52.28 
2025-11-08 00:14:16,201 - Agent - INFO - [37mModels has saved successfully in /esat/smcdata/users/kkontras/Image_Dataset/no_backup/data/2025_data/synergy/Synprom_IB_fold0_l30_contrcoeff1_perturbgen_lr0.0001_wd0.0001_clsmlp_pre.pth.tar
2025-11-08 00:17:18,434 - Agent - INFO - [37mVal Epoch 10 step 10 with [31mce_loss_combined : 1.069481 [31mtotal : 1.069481 [94mAcc_combined: 66.97 [94mAcc_c: 58.31 [94mAcc_g: 57.18 [95mCEU_cue_audio: 0.3380 [95mCEU_cue_video: 0.8547 [95mCEU_synergy: 0.3281 [95mCEU_coexistence: 0.8952 
2025-11-08 00:20:19,835 - Agent - INFO - [37mVal Epoch 11 step 11 with [31mce_loss_combined : 1.066500 [31mtotal : 1.066500 [94mAcc_combined: 68.11 [94mAcc_c: 58.54 [94mAcc_g: 57.97 [95mCEU_cue_audio: 0.3288 [95mCEU_cue_video: 0.8547 [95mCEU_synergy: 0.3525 [95mCEU_coexistence: 0.9193 
2025-11-08 00:23:19,709 - Agent - INFO - [37mVal Epoch 12 step 12 with [31mce_loss_combined : 1.093096 [31mtotal : 1.093096 [94mAcc_combined: 68.22 [94mAcc_c: 56.15 [94mAcc_g: 56.49 [95mCEU_cue_audio: 0.3561 [95mCEU_cue_video: 0.8302 [95mCEU_synergy: 0.3607 [95mCEU_coexistence: 0.9141 
2025-11-08 00:26:20,383 - Agent - INFO - [37mVal Epoch 13 step 13 with [31mce_loss_combined : 1.089424 [31mtotal : 1.089424 [94mAcc_combined: 68.45 [94mAcc_c: 59.00 [94mAcc_g: 56.83 [95mCEU_cue_audio: 0.3424 [95mCEU_cue_video: 0.8425 [95mCEU_synergy: 0.3525 [95mCEU_coexistence: 0.9247 
2025-11-08 00:29:18,617 - Agent - INFO - [37mVal Epoch 14 step 14 with [31mce_loss_combined : 0.986544 [31mtotal : 0.986544 [94mAcc_combined: 72.44 [94mAcc_c: 60.02 [94mAcc_g: 57.18 [95mCEU_cue_audio: 0.4293 [95mCEU_cue_video: 0.8606 [95mCEU_synergy: 0.3525 [95mCEU_coexistence: 0.9596 
2025-11-08 00:29:18,630 - Agent - INFO - [37mTest Epoch 14 step 14 with [31mce_loss_combined : 1.270746 [31mtotal : 1.270746 [94mAcc_combined: 61.96 [94mAcc_c: 54.62 [94mAcc_g: 52.61 
2025-11-08 00:29:19,516 - Agent - INFO - [37mModels has saved successfully in /esat/smcdata/users/kkontras/Image_Dataset/no_backup/data/2025_data/synergy/Synprom_IB_fold0_l30_contrcoeff1_perturbgen_lr0.0001_wd0.0001_clsmlp_pre.pth.tar
2025-11-08 00:32:22,433 - Agent - INFO - [37mVal Epoch 15 step 15 with [31mce_loss_combined : 1.065728 [31mtotal : 1.065728 [94mAcc_combined: 69.70 [94mAcc_c: 60.14 [94mAcc_g: 56.26 [95mCEU_cue_audio: 0.3653 [95mCEU_cue_video: 0.8547 [95mCEU_synergy: 0.3607 [95mCEU_coexistence: 0.9327 
2025-11-08 00:35:22,833 - Agent - INFO - [37mVal Epoch 16 step 16 with [31mce_loss_combined : 1.111023 [31mtotal : 1.111023 [94mAcc_combined: 67.88 [94mAcc_c: 59.45 [94mAcc_g: 55.24 [95mCEU_cue_audio: 0.3881 [95mCEU_cue_video: 0.8302 [95mCEU_synergy: 0.3281 [95mCEU_coexistence: 0.8978 
2025-11-08 00:38:23,029 - Agent - INFO - [37mVal Epoch 17 step 17 with [31mce_loss_combined : 1.169861 [31mtotal : 1.169861 [94mAcc_combined: 69.70 [94mAcc_c: 59.57 [94mAcc_g: 55.92 [95mCEU_cue_audio: 0.3653 [95mCEU_cue_video: 0.8606 [95mCEU_synergy: 0.3607 [95mCEU_coexistence: 0.9301 
2025-11-08 00:41:23,757 - Agent - INFO - [37mVal Epoch 18 step 18 with [31mce_loss_combined : 1.011908 [31mtotal : 1.011908 [94mAcc_combined: 71.98 [94mAcc_c: 59.45 [94mAcc_g: 57.63 [95mCEU_cue_audio: 0.4383 [95mCEU_cue_video: 0.8547 [95mCEU_synergy: 0.3607 [95mCEU_coexistence: 0.9436 
2025-11-08 00:44:23,524 - Agent - INFO - [37mVal Epoch 19 step 19 with [31mce_loss_combined : 1.171852 [31mtotal : 1.171852 [94mAcc_combined: 68.68 [94mAcc_c: 59.23 [94mAcc_g: 54.90 [95mCEU_cue_audio: 0.3974 [95mCEU_cue_video: 0.8362 [95mCEU_synergy: 0.3441 [95mCEU_coexistence: 0.9032 
2025-11-08 00:47:23,749 - Agent - INFO - [37mVal Epoch 20 step 20 with [31mce_loss_combined : 1.037648 [31mtotal : 1.037648 [94mAcc_combined: 72.55 [94mAcc_c: 60.14 [94mAcc_g: 55.81 [95mCEU_cue_audio: 0.4840 [95mCEU_cue_video: 0.8181 [95mCEU_synergy: 0.3691 [95mCEU_coexistence: 0.9436 
2025-11-08 00:47:23,763 - Agent - INFO - [37mTest Epoch 20 step 20 with [31mce_loss_combined : 1.320949 [31mtotal : 1.320949 [94mAcc_combined: 62.40 [94mAcc_c: 56.06 [94mAcc_g: 52.17 
2025-11-08 00:47:24,638 - Agent - INFO - [37mModels has saved successfully in /esat/smcdata/users/kkontras/Image_Dataset/no_backup/data/2025_data/synergy/Synprom_IB_fold0_l30_contrcoeff1_perturbgen_lr0.0001_wd0.0001_clsmlp_pre.pth.tar
2025-11-08 00:50:24,881 - Agent - INFO - [37mVal Epoch 21 step 21 with [31mce_loss_combined : 1.134153 [31mtotal : 1.134153 [94mAcc_combined: 70.50 [94mAcc_c: 58.88 [94mAcc_g: 54.90 [95mCEU_cue_audio: 0.4475 [95mCEU_cue_video: 0.8181 [95mCEU_synergy: 0.3441 [95mCEU_coexistence: 0.9247 
2025-11-08 00:53:24,769 - Agent - INFO - [37mVal Epoch 22 step 22 with [31mce_loss_combined : 1.028157 [31mtotal : 1.028157 [94mAcc_combined: 72.67 [94mAcc_c: 60.93 [94mAcc_g: 54.90 [95mCEU_cue_audio: 0.5024 [95mCEU_cue_video: 0.8728 [95mCEU_synergy: 0.3691 [95mCEU_coexistence: 0.9113 
2025-11-08 00:53:24,782 - Agent - INFO - [37mTest Epoch 22 step 22 with [31mce_loss_combined : 1.208899 [31mtotal : 1.208899 [94mAcc_combined: 63.96 [94mAcc_c: 57.17 [94mAcc_g: 53.06 
2025-11-08 00:53:25,713 - Agent - INFO - [37mModels has saved successfully in /esat/smcdata/users/kkontras/Image_Dataset/no_backup/data/2025_data/synergy/Synprom_IB_fold0_l30_contrcoeff1_perturbgen_lr0.0001_wd0.0001_clsmlp_pre.pth.tar
2025-11-08 00:56:24,734 - Agent - INFO - [37mVal Epoch 23 step 23 with [31mce_loss_combined : 1.070345 [31mtotal : 1.070345 [94mAcc_combined: 71.98 [94mAcc_c: 56.95 [94mAcc_g: 56.83 [95mCEU_cue_audio: 0.4796 [95mCEU_cue_video: 0.8484 [95mCEU_synergy: 0.2705 [95mCEU_coexistence: 0.9516 
2025-11-08 00:59:24,302 - Agent - INFO - [37mVal Epoch 24 step 24 with [31mce_loss_combined : 1.137144 [31mtotal : 1.137144 [94mAcc_combined: 71.87 [94mAcc_c: 58.31 [94mAcc_g: 55.58 [95mCEU_cue_audio: 0.4976 [95mCEU_cue_video: 0.8425 [95mCEU_synergy: 0.3441 [95mCEU_coexistence: 0.9167 
2025-11-08 01:02:26,481 - Agent - INFO - [37mVal Epoch 25 step 25 with [31mce_loss_combined : 0.991099 [31mtotal : 0.991099 [94mAcc_combined: 74.83 [94mAcc_c: 60.59 [94mAcc_g: 56.72 [95mCEU_cue_audio: 0.5389 [95mCEU_cue_video: 0.8484 [95mCEU_synergy: 0.3115 [95mCEU_coexistence: 0.9705 
2025-11-08 01:02:26,494 - Agent - INFO - [37mTest Epoch 25 step 25 with [31mce_loss_combined : 1.223680 [31mtotal : 1.223680 [94mAcc_combined: 64.96 [94mAcc_c: 56.17 [94mAcc_g: 51.17 
2025-11-08 01:02:27,349 - Agent - INFO - [37mModels has saved successfully in /esat/smcdata/users/kkontras/Image_Dataset/no_backup/data/2025_data/synergy/Synprom_IB_fold0_l30_contrcoeff1_perturbgen_lr0.0001_wd0.0001_clsmlp_pre.pth.tar
2025-11-08 01:05:27,574 - Agent - INFO - [37mVal Epoch 26 step 26 with [31mce_loss_combined : 1.044896 [31mtotal : 1.044896 [94mAcc_combined: 73.46 [94mAcc_c: 58.54 [94mAcc_g: 55.81 [95mCEU_cue_audio: 0.5433 [95mCEU_cue_video: 0.8547 [95mCEU_synergy: 0.3031 [95mCEU_coexistence: 0.9356 
2025-11-08 01:08:28,695 - Agent - INFO - [37mVal Epoch 27 step 27 with [31mce_loss_combined : 1.111140 [31mtotal : 1.111140 [94mAcc_combined: 73.12 [94mAcc_c: 61.39 [94mAcc_g: 55.92 [95mCEU_cue_audio: 0.4976 [95mCEU_cue_video: 0.8121 [95mCEU_synergy: 0.3691 [95mCEU_coexistence: 0.9516 
2025-11-08 01:11:27,453 - Agent - INFO - [37mVal Epoch 28 step 28 with [31mce_loss_combined : 1.060196 [31mtotal : 1.060196 [94mAcc_combined: 72.67 [94mAcc_c: 60.82 [94mAcc_g: 56.83 [95mCEU_cue_audio: 0.4657 [95mCEU_cue_video: 0.8547 [95mCEU_synergy: 0.3197 [95mCEU_coexistence: 0.9570 
2025-11-08 01:14:26,406 - Agent - INFO - [37mVal Epoch 29 step 29 with [31mce_loss_combined : 1.048884 [31mtotal : 1.048884 [94mAcc_combined: 73.46 [94mAcc_c: 61.28 [94mAcc_g: 55.58 [95mCEU_cue_audio: 0.5024 [95mCEU_cue_video: 0.8484 [95mCEU_synergy: 0.3281 [95mCEU_coexistence: 0.9542 
2025-11-08 01:17:25,852 - Agent - INFO - [37mVal Epoch 30 step 30 with [31mce_loss_combined : 1.003516 [31mtotal : 1.003516 [94mAcc_combined: 73.12 [94mAcc_c: 61.39 [94mAcc_g: 56.72 [95mCEU_cue_audio: 0.5114 [95mCEU_cue_video: 0.8547 [95mCEU_synergy: 0.3197 [95mCEU_coexistence: 0.9408 
2025-11-08 01:20:25,700 - Agent - INFO - [37mVal Epoch 31 step 31 with [31mce_loss_combined : 1.007317 [31mtotal : 1.007317 [94mAcc_combined: 72.78 [94mAcc_c: 59.57 [94mAcc_g: 56.04 [95mCEU_cue_audio: 0.4611 [95mCEU_cue_video: 0.8484 [95mCEU_synergy: 0.3525 [95mCEU_coexistence: 0.9542 
2025-11-08 01:23:25,007 - Agent - INFO - [37mVal Epoch 32 step 32 with [31mce_loss_combined : 1.009349 [31mtotal : 1.009349 [94mAcc_combined: 74.15 [94mAcc_c: 60.59 [94mAcc_g: 56.38 [95mCEU_cue_audio: 0.5525 [95mCEU_cue_video: 0.8302 [95mCEU_synergy: 0.3360 [95mCEU_coexistence: 0.9462 
2025-11-08 01:26:24,433 - Agent - INFO - [37mVal Epoch 33 step 33 with [31mce_loss_combined : 1.535085 [31mtotal : 1.535085 [94mAcc_combined: 67.31 [94mAcc_c: 54.67 [94mAcc_g: 53.64 [95mCEU_cue_audio: 0.4657 [95mCEU_cue_video: 0.7271 [95mCEU_synergy: 0.3935 [95mCEU_coexistence: 0.8629 
2025-11-08 01:29:23,103 - Agent - INFO - [37mVal Epoch 34 step 34 with [31mce_loss_combined : 1.012987 [31mtotal : 1.012987 [94mAcc_combined: 73.23 [94mAcc_c: 57.63 [94mAcc_g: 57.40 [95mCEU_cue_audio: 0.5204 [95mCEU_cue_video: 0.8244 [95mCEU_synergy: 0.3281 [95mCEU_coexistence: 0.9490 
2025-11-08 01:32:22,317 - Agent - INFO - [37mVal Epoch 35 step 35 with [31mce_loss_combined : 1.033337 [31mtotal : 1.033337 [94mAcc_combined: 74.72 [94mAcc_c: 62.30 [94mAcc_g: 56.95 [95mCEU_cue_audio: 0.5798 [95mCEU_cue_video: 0.8484 [95mCEU_synergy: 0.3115 [95mCEU_coexistence: 0.9436 
2025-11-08 01:35:22,311 - Agent - INFO - [37mVal Epoch 36 step 36 with [31mce_loss_combined : 1.151670 [31mtotal : 1.151670 [94mAcc_combined: 72.44 [94mAcc_c: 59.34 [94mAcc_g: 55.35 [95mCEU_cue_audio: 0.5343 [95mCEU_cue_video: 0.8063 [95mCEU_synergy: 0.3691 [95mCEU_coexistence: 0.9167 
2025-11-08 01:38:22,320 - Agent - INFO - [37mVal Epoch 37 step 37 with [31mce_loss_combined : 1.067609 [31mtotal : 1.067609 [94mAcc_combined: 73.92 [94mAcc_c: 58.09 [94mAcc_g: 56.38 [95mCEU_cue_audio: 0.5297 [95mCEU_cue_video: 0.8425 [95mCEU_synergy: 0.3197 [95mCEU_coexistence: 0.9542 
2025-11-08 01:41:22,153 - Agent - INFO - [37mVal Epoch 38 step 38 with [31mce_loss_combined : 1.073210 [31mtotal : 1.073210 [94mAcc_combined: 74.03 [94mAcc_c: 57.74 [94mAcc_g: 57.06 [95mCEU_cue_audio: 0.5343 [95mCEU_cue_video: 0.8362 [95mCEU_synergy: 0.2871 [95mCEU_coexistence: 0.9677 
2025-11-08 01:44:21,347 - Agent - INFO - [37mVal Epoch 39 step 39 with [31mce_loss_combined : 1.136271 [31mtotal : 1.136271 [94mAcc_combined: 69.25 [94mAcc_c: 54.33 [94mAcc_g: 54.90 [95mCEU_cue_audio: 0.5024 [95mCEU_cue_video: 0.7940 [95mCEU_synergy: 0.3031 [95mCEU_coexistence: 0.8872 
2025-11-08 01:47:20,860 - Agent - INFO - [37mVal Epoch 40 step 40 with [31mce_loss_combined : 1.110583 [31mtotal : 1.110583 [94mAcc_combined: 71.41 [94mAcc_c: 58.43 [94mAcc_g: 56.26 [95mCEU_cue_audio: 0.4932 [95mCEU_cue_video: 0.8063 [95mCEU_synergy: 0.3031 [95mCEU_coexistence: 0.9382 
2025-11-08 01:50:20,335 - Agent - INFO - [37mVal Epoch 41 step 41 with [31mce_loss_combined : 1.019561 [31mtotal : 1.019561 [94mAcc_combined: 72.32 [94mAcc_c: 58.77 [94mAcc_g: 56.61 [95mCEU_cue_audio: 0.5114 [95mCEU_cue_video: 0.8244 [95mCEU_synergy: 0.2621 [95mCEU_coexistence: 0.9542 
2025-11-08 01:53:18,265 - Agent - INFO - [37mVal Epoch 42 step 42 with [31mce_loss_combined : 1.073684 [31mtotal : 1.073684 [94mAcc_combined: 72.89 [94mAcc_c: 59.57 [94mAcc_g: 55.35 [95mCEU_cue_audio: 0.6211 [95mCEU_cue_video: 0.7818 [95mCEU_synergy: 0.2871 [95mCEU_coexistence: 0.9141 
2025-11-08 01:56:17,774 - Agent - INFO - [37mVal Epoch 43 step 43 with [31mce_loss_combined : 1.027106 [31mtotal : 1.027106 [94mAcc_combined: 73.58 [94mAcc_c: 58.31 [94mAcc_g: 55.35 [95mCEU_cue_audio: 0.6393 [95mCEU_cue_video: 0.7696 [95mCEU_synergy: 0.3115 [95mCEU_coexistence: 0.9167 
2025-11-08 01:59:17,754 - Agent - INFO - [37mVal Epoch 44 step 44 with [31mce_loss_combined : 1.051075 [31mtotal : 1.051075 [94mAcc_combined: 73.46 [94mAcc_c: 59.79 [94mAcc_g: 55.35 [95mCEU_cue_audio: 0.6529 [95mCEU_cue_video: 0.7515 [95mCEU_synergy: 0.3031 [95mCEU_coexistence: 0.9167 
2025-11-08 01:59:18,374 - Agent - INFO - We are in the final state.
2025-11-08 01:59:18,574 - root - INFO - Loaded best model from /esat/smcdata/users/kkontras/Image_Dataset/no_backup/data/2025_data/synergy/Synprom_IB_fold0_l30_contrcoeff1_perturbgen_lr0.0001_wd0.0001_clsmlp_pre.pth.tar
2025-11-08 01:59:29,347 - Agent - INFO - [37mVal Epoch 44 step 0 with [31mce_loss_combined : 0.991099 [31mtotal : 0.991099 [94mAcc_combined: 74.83 [94mAcc_c: 60.59 [94mAcc_g: 56.72 [95mCEU_cue_audio: 0.5389 [95mCEU_cue_video: 0.8484 [95mCEU_synergy: 0.3115 [95mCEU_coexistence: 0.9705 
2025-11-08 01:59:41,904 - Agent - INFO - [37mTest Epoch 44 step 0 with [31mce_loss_combined : 1.223680 [31mtotal : 1.223680 [94mAcc_combined: 64.96 [94mAcc_c: 56.17 [94mAcc_g: 51.17 
2025-11-08 01:59:43,379 - Agent - INFO - [37mModels has saved successfully in /esat/smcdata/users/kkontras/Image_Dataset/no_backup/data/2025_data/synergy/Synprom_IB_fold0_l30_contrcoeff1_perturbgen_lr0.0001_wd0.0001_clsmlp_pre.pth.tar
Job finished
