000 (009.021.000) 2025-11-07 18:42:49 Job submitted from host: <10.87.28.209:9618?addrs=10.87.28.209-9618&alias=krakas.esat.kuleuven.be&noUDP&sock=schedd_1611_9729>
...
001 (009.021.000) 2025-11-07 23:46:10 Job executing on host: <10.87.24.28:9618?addrs=10.87.24.28-9618&alias=z4-demo.esat.kuleuven.be&noUDP&sock=startd_1821_a20d>
	SlotName: slot1_1@z4-demo.esat.kuleuven.be
	AvailableGPUs = { GPUs_GPU_3a8a5d5c }
	CondorScratchDir = "/usr/data/condor/execute/dir_741126"
	Cpus = 8
	Disk = 1049600
	GPUs = 1
	GPUs_GPU_3a8a5d5c = [ Id = "GPU-3a8a5d5c"; ClockMhz = 1695.0; Capability = 8.6; CoresPerCU = 128; DeviceName = "NVIDIA GeForce RTX 3090"; DeviceUuid = "3a8a5d5c-a24a-7f66-bb71-a1b798b11468"; ECCEnabled = false; ComputeUnits = 82; NvidiaDriver = "580.95.05"; DriverVersion = 13.0; DevicePciBusId = "0000:21:00.0"; GlobalMemoryMb = 24114; MaxSupportedVersion = 13000 ]
	Memory = 71680
...
006 (009.021.000) 2025-11-07 23:46:18 Image size of job updated: 198096
	194  -  MemoryUsage of job (MB)
	198096  -  ResidentSetSize of job (KB)
...
006 (009.021.000) 2025-11-07 23:51:18 Image size of job updated: 1577060
	1539  -  MemoryUsage of job (MB)
	1574956  -  ResidentSetSize of job (KB)
...
006 (009.021.000) 2025-11-07 23:56:19 Image size of job updated: 1613280
	1568  -  MemoryUsage of job (MB)
	1605092  -  ResidentSetSize of job (KB)
...
006 (009.021.000) 2025-11-08 00:01:19 Image size of job updated: 1663680
	1568  -  MemoryUsage of job (MB)
	1605092  -  ResidentSetSize of job (KB)
...
006 (009.021.000) 2025-11-08 00:06:19 Image size of job updated: 1663680
	1578  -  MemoryUsage of job (MB)
	1615812  -  ResidentSetSize of job (KB)
...
006 (009.021.000) 2025-11-08 00:16:20 Image size of job updated: 1663680
	1608  -  MemoryUsage of job (MB)
	1646276  -  ResidentSetSize of job (KB)
...
006 (009.021.000) 2025-11-08 00:31:21 Image size of job updated: 1670140
	1608  -  MemoryUsage of job (MB)
	1646276  -  ResidentSetSize of job (KB)
...
006 (009.021.000) 2025-11-08 00:36:22 Image size of job updated: 1687104
	1608  -  MemoryUsage of job (MB)
	1646276  -  ResidentSetSize of job (KB)
...
006 (009.021.000) 2025-11-08 01:06:25 Image size of job updated: 1688928
	1608  -  MemoryUsage of job (MB)
	1646276  -  ResidentSetSize of job (KB)
...
005 (009.021.000) 2025-11-08 01:59:55 Job terminated.
	(1) Normal termination (return value 0)
		Usr 0 07:03:42, Sys 0 00:40:40  -  Run Remote Usage
		Usr 0 00:00:00, Sys 0 00:00:00  -  Run Local Usage
		Usr 0 07:03:42, Sys 0 00:40:40  -  Total Remote Usage
		Usr 0 00:00:00, Sys 0 00:00:00  -  Total Local Usage
	0  -  Run Bytes Sent By Job
	0  -  Run Bytes Received By Job
	0  -  Total Bytes Sent By Job
	0  -  Total Bytes Received By Job
	Partitionable Resources :    Usage  Request Allocated Assigned
	   Cpus                 :     5.24        8         8 
	   Disk (KB)            :     2     1048576   1049600 
	   GPUs                 :     0.59        1         1 "GPU-3a8a5d5c"
	   GpusMemory (MB)      :  9450                       
	   Memory (MB)          :  1608       71680     71680 
	   TimeExecute (s)      :  8024                       
	   TimeSlotBusy (s)     :  8024                       
...
