000 (009.022.000) 2025-11-07 18:42:49 Job submitted from host: <10.87.28.209:9618?addrs=10.87.28.209-9618&alias=krakas.esat.kuleuven.be&noUDP&sock=schedd_1611_9729>
...
001 (009.022.000) 2025-11-07 23:47:11 Job executing on host: <10.87.24.4:9618?addrs=10.87.24.4-9618&alias=aristoteles.esat.kuleuven.be&noUDP&sock=startd_12050_e04e>
	SlotName: slot1_4@aristoteles.esat.kuleuven.be
	AvailableGPUs = { GPUs_GPU_1ba53048 }
	CondorScratchDir = "/usr/data/condor/execute/dir_3799317"
	Cpus = 8
	Disk = 1050529
	GPUs = 1
	GPUs_GPU_1ba53048 = [ Id = "GPU-1ba53048"; ClockMhz = 1410.0; Capability = 8.0; CoresPerCU = 64; DeviceName = "NVIDIA A100-SXM4-80GB"; DeviceUuid = "1ba53048-c5a1-3226-7f78-7a6cb9cbaa42"; ECCEnabled = true; ComputeUnits = 108; NvidiaDriver = "580.95.05"; DriverVersion = 13.0; DevicePciBusId = "0000:C7:00.0"; GlobalMemoryMb = 81153; MaxSupportedVersion = 13000 ]
	Memory = 71680
...
006 (009.022.000) 2025-11-07 23:47:19 Image size of job updated: 232432
	227  -  MemoryUsage of job (MB)
	232432  -  ResidentSetSize of job (KB)
...
006 (009.022.000) 2025-11-07 23:52:19 Image size of job updated: 1631052
	1539  -  MemoryUsage of job (MB)
	1575896  -  ResidentSetSize of job (KB)
...
006 (009.022.000) 2025-11-07 23:57:19 Image size of job updated: 1641292
	1539  -  MemoryUsage of job (MB)
	1575896  -  ResidentSetSize of job (KB)
...
006 (009.022.000) 2025-11-08 00:02:20 Image size of job updated: 1661088
	1571  -  MemoryUsage of job (MB)
	1608524  -  ResidentSetSize of job (KB)
...
006 (009.022.000) 2025-11-08 00:07:20 Image size of job updated: 1665528
	1627  -  MemoryUsage of job (MB)
	1665528  -  ResidentSetSize of job (KB)
...
006 (009.022.000) 2025-11-08 00:12:21 Image size of job updated: 1676724
	1627  -  MemoryUsage of job (MB)
	1665528  -  ResidentSetSize of job (KB)
...
006 (009.022.000) 2025-11-08 00:27:22 Image size of job updated: 1676724
	1630  -  MemoryUsage of job (MB)
	1668256  -  ResidentSetSize of job (KB)
...
006 (009.022.000) 2025-11-08 00:47:24 Image size of job updated: 1723520
	1636  -  MemoryUsage of job (MB)
	1674828  -  ResidentSetSize of job (KB)
...
006 (009.022.000) 2025-11-08 01:08:36 Image size of job updated: 1809620
	1636  -  MemoryUsage of job (MB)
	1674828  -  ResidentSetSize of job (KB)
...
005 (009.022.000) 2025-11-08 01:08:36 Job terminated.
	(1) Normal termination (return value 0)
		Usr 0 05:49:57, Sys 0 00:16:19  -  Run Remote Usage
		Usr 0 00:00:00, Sys 0 00:00:00  -  Run Local Usage
		Usr 0 05:49:57, Sys 0 00:16:19  -  Total Remote Usage
		Usr 0 00:00:00, Sys 0 00:00:00  -  Total Local Usage
	0  -  Run Bytes Sent By Job
	0  -  Run Bytes Received By Job
	0  -  Total Bytes Sent By Job
	0  -  Total Bytes Received By Job
	Partitionable Resources :    Usage  Request Allocated Assigned
	   Cpus                 :     3.88        8         8 
	   Disk (KB)            :     2     1048576   1050529 
	   GPUs                 :                 1         1 "GPU-1ba53048"
	   Memory (MB)          :  1636       71680     71680 
	   TimeExecute (s)      :  4886                       
	   TimeSlotBusy (s)     :  4886                       
...
