Starting Job
/esat/smcdata/users/kkontras/Image_Dataset/no_backup/git/Synergy/train.py
/esat/smcdata/users/kkontras/Image_Dataset/no_backup/envs/balance_env/bin/python
Python 3.9.18
/esat/smcdata/users/kkontras/Image_Dataset/no_backup/git/Synergy
We have 1 GPU
/esat/smcdata/users/kkontras/Image_Dataset/no_backup/git/Synergy/train.py
config-./configs/CREMA_D/synergy/nov/synprom_ib.json
Executing command: accelerate launch /esat/smcdata/users/kkontras/Image_Dataset/no_backup/git/Synergy/train.py --config ./configs/CREMA_D/synergy/nov/synprom_ib.json --default_config ./configs/CREMA_D/default_config_cremad_res_syn.json --fold 1 --pre  --l 30 --contrcoeff 1 --lr 0.0001 --wd 0.0001 --cls mlp --perturb gen --start_over 
Namespace(config='./configs/CREMA_D/synergy/nov/synprom_ib.json', default_config='./configs/CREMA_D/default_config_cremad_res_syn.json', fold='1', alpha=None, tanh_mode=None, tanh_mode_beta=None, regby=None, clip=None, batch_size=None, l='30', multil=None, l_diffsq=None, lib=None, ratio_us=None, ratio_snr=None, kmepoch=None, num_samples=None, pow=None, nstep=None, contrcoeff='1', kde_coeff=None, etube=None, temperature=None, contr_type=None, shuffle_type=None, validate_with=None, transform_type=None, trasform_before=None, num_classes=None, base_alpha=None, alpha_var=None, base_beta=None, beta_var=None, optim_method=None, ilr_c=None, ilr_g=None, mmcosine_scaling=None, ending_epoch=None, load_ongoing=None, commonlayers=None, recon_weight1=None, recon_weight2=None, recon_epochstages=None, recon_ensemblestages=None, lr='0.0001', wd='0.0001', mm=None, cls='mlp', perturb='gen', pre=True, frozen=False, tdqm_disable=False, start_over=True)
2025-11-07 23:47:35,154 - Config - INFO - ./configs/CREMA_D/synergy/nov/synprom_ib.json
2025-11-07 23:47:35,159 - Config - INFO -  THE Configuration of your experiment ..
{'agent': 'Agent',
 'dataset': {'data_roots': '/esat/smcdata/users/kkontras/Image_Dataset/no_backup/CremaD/CREMA-D',
             'data_split': {'fold': 0, 'method': 'non_inclusive'},
             'dataloader_class': 'CramedD_Dataloader',
             'fps': 1,
             'norm': False,
             'norm_face_path': './mydatasets/CREMAD/norm_face_path_fold{}.pkl',
             'norm_wav_path': './mydatasets/CREMAD/wav_norm_16000_fold{}.pkl',
             'num_frame': 3,
             'return_data': {'audio': False,
                             'face': False,
                             'spectrogram': True,
                             'video': True},
             'sampling_rate': 22050},
 'early_stopping': {'end_of_epoch_check': True,
                    'log_interval': 10,
                    'max_epoch': 1500,
                    'n_steps_stop': 20,
                    'n_steps_stop_after': 0,
                    'save_every_step': 3000,
                    'save_every_valstep': 10,
                    'validate_after': 0,
                    'validate_every': 25,
                    'validate_with': 'accuracy'},
 'exp_name': 'CREMAD Experiment',
 'model': {'args': {'bias_infusion': {'ending_epoch': 1500,
                                      'l': 0.1,
                                      'method': 'false',
                                      'plot': False,
                                      'starting_epoch': 0,
                                      'use': True},
                    'clip_grad': False,
                    'cls_type': 'linear',
                    'd_model': 512,
                    'dropout': 0.1,
                    'fc_inner': 64,
                    'multi_loss': {'multi_supervised_w': {'c': 0,
                                                          'combined': 1,
                                                          'g': 0}},
                    'num_classes': 6},
           'encoders': [{'args': {'d_model': 512,
                                  'dropout': 0.1,
                                  'fc_inner': 64,
                                  'freeze_encoder': False,
                                  'num_classes': 6},
                         'model': 'Audio_ResNet',
                         'pretrainedEncoder': {'dir': 'unimodal_audio_fold{}_lr0.001_wd0.0001.pth.tar',
                                               'use': False}},
                        {'args': {'d_model': 512,
                                  'dropout': 0.1,
                                  'fc_inner': 64,
                                  'freeze_encoder': False,
                                  'num_classes': 6},
                         'model': 'Video_ResNet',
                         'pretrainedEncoder': {'dir': 'unimodal_video_fold{}_lr0.001_wd0.0001.pth.tar',
                                               'use': False}}],
           'load_ongoing': False,
           'model_class': 'Fusion_Synprom_IB',
           'save_base_dir': '/esat/smcdata/users/kkontras/Image_Dataset/no_backup/data/2025_data/synergy',
           'save_dir': 'Synprom_IB_{}.pth.tar'},
 'optimizer': {'beta1': 0.9,
               'beta2': 0.999,
               'learning_rate': 1e-05,
               'momentum': 0.9,
               'type': 'Adam',
               'weight_decay': 1e-05},
 'scheduler': {'max_lr': 0.03, 'type': 'cosanneal', 'warm_up_steps': 780},
 'training_params': {'adversarial_training': {'adv_epsilon': 0.01,
                                              'use': False},
                     'async_loading': True,
                     'batch_size': 32,
                     'cuda': True,
                     'data_loader_workers': 8,
                     'gpu_device': [0],
                     'pin_memory': False,
                     'rec_test': True,
                     'res': True,
                     'seed': 109,
                     'tdqm_disable': False,
                     'test_batch_size': 32,
                     'test_on_bottoms': False,
                     'use_test_set': True,
                     'validation': True,
                     'verbose': True,
                     'wandb_disable': False}}
2025-11-07 23:47:35,161 - Config - INFO -  *************************************** 
2025-11-07 23:47:35,161 - Config - INFO - The experiment name is CREMAD Experiment
2025-11-07 23:47:35,161 - Config - INFO -  *************************************** 
2025-11-07 23:47:35,161 - root - INFO - save_dir: Synprom_IB_fold1_l30_contrcoeff1_perturbgen_lr0.0001_wd0.0001_clsmlp_pre.pth.tar
2025-11-07 23:47:35,770 - Cuda Statistics - INFO - __Python VERSION:  3.9.18 (main, Sep 11 2023, 13:41:44) 
[GCC 11.2.0]
2025-11-07 23:47:35,770 - Cuda Statistics - INFO - __pyTorch VERSION:  2.0.1+cu118
2025-11-07 23:47:35,770 - Cuda Statistics - INFO - __CUDA VERSION
2025-11-07 23:47:35,773 - Cuda Statistics - INFO - __CUDNN VERSION:  8700
2025-11-07 23:47:35,827 - Cuda Statistics - INFO - __Number CUDA Devices:  1
2025-11-07 23:47:35,827 - Cuda Statistics - INFO - __Devices
2025-11-07 23:47:35,827 - Cuda Statistics - INFO - index, name, driver_version, memory.total [MiB], memory.used [MiB], memory.free [MiB]
2025-11-07 23:47:35,827 - Cuda Statistics - INFO - 0, NVIDIA A100-SXM4-80GB, 580.95.05, 81920 MiB, 4 MiB, 81150 MiB
2025-11-07 23:47:35,831 - Cuda Statistics - INFO - Active CUDA Device: GPU 0
2025-11-07 23:47:35,831 - Cuda Statistics - INFO - Available devices  1
2025-11-07 23:47:35,831 - Cuda Statistics - INFO - Current cuda device  0
This path does not exist /esat/smcdata/users/kkontras/Image_Dataset/no_backup/CremaD/CREMA-D/AudioWAV/1076_MTI_SAD_XX.wav or /esat/smcdata/users/kkontras/Image_Dataset/no_backup/CremaD/CREMA-D/Image-01-FPS/1076_MTI_SAD_XX or /esat/smcdata/users/kkontras/Image_Dataset/no_backup/CremaD/CREMA-D/Face_features/1076_MTI_SAD_XX.npy
2025-11-07 23:47:38,404 - root - INFO - Loaded wav norm from ./mydatasets/CREMAD/wav_norm_16000_fold1.pkl
2025-11-07 23:47:38,408 - root - INFO - Norm values are {'mean': tensor(-2.6751e-05), 'std': tensor(0.0610), 'max_duration': 5.005}
2025-11-07 23:47:38,981 - root - INFO - Loaded wav norm from ./mydatasets/CREMAD/wav_norm_16000_fold1.pkl
2025-11-07 23:47:38,982 - root - INFO - Norm values are {'mean': tensor(-2.6751e-05), 'std': tensor(0.0610), 'max_duration': 5.005}
2025-11-07 23:47:39,574 - root - INFO - Loaded wav norm from ./mydatasets/CREMAD/wav_norm_16000_fold1.pkl
2025-11-07 23:47:39,575 - root - INFO - Norm values are {'mean': tensor(-2.6751e-05), 'std': tensor(0.0610), 'max_duration': 5.005}
Available cores 8
We are changing dataloader workers to num of cores 0
2025-11-07 23:47:39,578 - Agent - INFO - Device: cuda:0
2025-11-07 23:47:39,578 - Agent - INFO - Total training batches: 126, validate every 25 batches, steps per epoch: 6
2025-11-07 23:47:44,996 - Agent - INFO - Loss Weights are {'total': 1, 'combined': 1, 'c': 0, 'g': 0}
2025-11-07 23:47:45,695 - root - INFO - Loading enc best model state dict from /esat/smcdata/users/kkontras/Image_Dataset/no_backup/data/2025_data/synergy/unimodal_audio_fold1_lr0.001_wd0.0001.pth.tar
Replacing module
2025-11-07 23:47:46,299 - root - INFO - Loading enc best model state dict from /esat/smcdata/users/kkontras/Image_Dataset/no_backup/data/2025_data/synergy/unimodal_video_fold1_lr0.001_wd0.0001.pth.tar
Replacing module
2025-11-07 23:47:46,434 - Agent - INFO - Total number of trainable parameters are: 23483032
2025-11-07 23:47:46,448 - Agent - INFO - Total number of trainable parameters are: 23483032
2025-11-07 23:51:48,633 - Agent - INFO - [37mVal Epoch 1 step 1 with [31mce_loss_combined : 1.754792 [31mtotal : 1.754792 [94mAcc_combined: 69.58 [94mAcc_c: 52.21 [94mAcc_g: 49.83 [95mCEU_cue_audio: 0.6680 [95mCEU_cue_video: 0.6505 [95mCEU_synergy: 0.2345 [95mCEU_coexistence: 0.9555 
2025-11-07 23:51:48,657 - Agent - INFO - [37mTest Epoch 1 step 1 with [31mce_loss_combined : 1.752329 [31mtotal : 1.752329 [94mAcc_combined: 71.26 [94mAcc_c: 49.18 [94mAcc_g: 59.56 
2025-11-07 23:51:49,727 - Agent - INFO - [37mModels has saved successfully in /esat/smcdata/users/kkontras/Image_Dataset/no_backup/data/2025_data/synergy/Synprom_IB_fold1_l30_contrcoeff1_perturbgen_lr0.0001_wd0.0001_clsmlp_pre.pth.tar
2025-11-07 23:55:47,296 - Agent - INFO - [37mVal Epoch 2 step 2 with [31mce_loss_combined : 1.657668 [31mtotal : 1.657668 [94mAcc_combined: 55.62 [94mAcc_c: 46.08 [94mAcc_g: 48.92 [95mCEU_cue_audio: 0.3362 [95mCEU_cue_video: 0.6610 [95mCEU_synergy: 0.1586 [95mCEU_coexistence: 0.8445 
2025-11-07 23:59:47,608 - Agent - INFO - [37mVal Epoch 3 step 3 with [31mce_loss_combined : 1.301878 [31mtotal : 1.301878 [94mAcc_combined: 57.66 [94mAcc_c: 53.01 [94mAcc_g: 52.33 [95mCEU_cue_audio: 0.3320 [95mCEU_cue_video: 0.7212 [95mCEU_synergy: 0.1860 [95mCEU_coexistence: 0.8571 
2025-11-08 00:03:52,390 - Agent - INFO - [37mVal Epoch 4 step 4 with [31mce_loss_combined : 1.151264 [31mtotal : 1.151264 [94mAcc_combined: 56.64 [94mAcc_c: 45.29 [94mAcc_g: 50.96 [95mCEU_cue_audio: 0.2395 [95mCEU_cue_video: 0.7761 [95mCEU_synergy: 0.1447 [95mCEU_coexistence: 0.8856 
2025-11-08 00:07:51,566 - Agent - INFO - [37mVal Epoch 5 step 5 with [31mce_loss_combined : 1.069553 [31mtotal : 1.069553 [94mAcc_combined: 60.61 [94mAcc_c: 56.98 [94mAcc_g: 50.51 [95mCEU_cue_audio: 0.3025 [95mCEU_cue_video: 0.8252 [95mCEU_synergy: 0.1239 [95mCEU_coexistence: 0.9301 
2025-11-08 00:11:50,367 - Agent - INFO - [37mVal Epoch 6 step 6 with [31mce_loss_combined : 1.185101 [31mtotal : 1.185101 [94mAcc_combined: 58.57 [94mAcc_c: 50.06 [94mAcc_g: 51.42 [95mCEU_cue_audio: 0.2814 [95mCEU_cue_video: 0.8032 [95mCEU_synergy: 0.1792 [95mCEU_coexistence: 0.8761 
2025-11-08 00:15:49,806 - Agent - INFO - [37mVal Epoch 7 step 7 with [31mce_loss_combined : 1.219348 [31mtotal : 1.219348 [94mAcc_combined: 59.48 [94mAcc_c: 50.17 [94mAcc_g: 49.60 [95mCEU_cue_audio: 0.2983 [95mCEU_cue_video: 0.7925 [95mCEU_synergy: 0.1653 [95mCEU_coexistence: 0.9016 
2025-11-08 00:19:47,462 - Agent - INFO - [37mVal Epoch 8 step 8 with [31mce_loss_combined : 1.091251 [31mtotal : 1.091251 [94mAcc_combined: 62.54 [94mAcc_c: 52.10 [94mAcc_g: 52.33 [95mCEU_cue_audio: 0.3488 [95mCEU_cue_video: 0.8469 [95mCEU_synergy: 0.1519 [95mCEU_coexistence: 0.9239 
2025-11-08 00:23:43,232 - Agent - INFO - [37mVal Epoch 9 step 9 with [31mce_loss_combined : 1.153558 [31mtotal : 1.153558 [94mAcc_combined: 62.77 [94mAcc_c: 53.69 [94mAcc_g: 53.01 [95mCEU_cue_audio: 0.3613 [95mCEU_cue_video: 0.8252 [95mCEU_synergy: 0.1586 [95mCEU_coexistence: 0.9301 
2025-11-08 00:27:41,117 - Agent - INFO - [37mVal Epoch 10 step 10 with [31mce_loss_combined : 1.136275 [31mtotal : 1.136275 [94mAcc_combined: 63.34 [94mAcc_c: 51.42 [94mAcc_g: 49.60 [95mCEU_cue_audio: 0.3571 [95mCEU_cue_video: 0.8469 [95mCEU_synergy: 0.1519 [95mCEU_coexistence: 0.9396 
2025-11-08 00:31:45,540 - Agent - INFO - [37mVal Epoch 11 step 11 with [31mce_loss_combined : 1.168814 [31mtotal : 1.168814 [94mAcc_combined: 61.52 [94mAcc_c: 53.35 [94mAcc_g: 50.62 [95mCEU_cue_audio: 0.3528 [95mCEU_cue_video: 0.8142 [95mCEU_synergy: 0.1586 [95mCEU_coexistence: 0.9080 
2025-11-08 00:35:43,545 - Agent - INFO - [37mVal Epoch 12 step 12 with [31mce_loss_combined : 1.105602 [31mtotal : 1.105602 [94mAcc_combined: 63.68 [94mAcc_c: 54.14 [94mAcc_g: 52.33 [95mCEU_cue_audio: 0.3613 [95mCEU_cue_video: 0.8416 [95mCEU_synergy: 0.1519 [95mCEU_coexistence: 0.9491 
2025-11-08 00:39:42,361 - Agent - INFO - [37mVal Epoch 13 step 13 with [31mce_loss_combined : 1.159429 [31mtotal : 1.159429 [94mAcc_combined: 62.88 [94mAcc_c: 56.64 [94mAcc_g: 52.21 [95mCEU_cue_audio: 0.3488 [95mCEU_cue_video: 0.8359 [95mCEU_synergy: 0.1792 [95mCEU_coexistence: 0.9270 
2025-11-08 00:43:42,882 - Agent - INFO - [37mVal Epoch 14 step 14 with [31mce_loss_combined : 1.140456 [31mtotal : 1.140456 [94mAcc_combined: 63.56 [94mAcc_c: 52.33 [94mAcc_g: 51.99 [95mCEU_cue_audio: 0.3528 [95mCEU_cue_video: 0.8527 [95mCEU_synergy: 0.1999 [95mCEU_coexistence: 0.9239 
2025-11-08 00:47:43,375 - Agent - INFO - [37mVal Epoch 15 step 15 with [31mce_loss_combined : 1.060096 [31mtotal : 1.060096 [94mAcc_combined: 65.27 [94mAcc_c: 54.37 [94mAcc_g: 53.12 [95mCEU_cue_audio: 0.4076 [95mCEU_cue_video: 0.8416 [95mCEU_synergy: 0.1792 [95mCEU_coexistence: 0.9460 
2025-11-08 00:51:42,079 - Agent - INFO - [37mVal Epoch 16 step 16 with [31mce_loss_combined : 1.086806 [31mtotal : 1.086806 [94mAcc_combined: 64.13 [94mAcc_c: 54.48 [94mAcc_g: 52.55 [95mCEU_cue_audio: 0.3739 [95mCEU_cue_video: 0.8527 [95mCEU_synergy: 0.1792 [95mCEU_coexistence: 0.9334 
2025-11-08 00:55:40,653 - Agent - INFO - [37mVal Epoch 17 step 17 with [31mce_loss_combined : 1.209531 [31mtotal : 1.209531 [94mAcc_combined: 61.63 [94mAcc_c: 57.09 [94mAcc_g: 51.42 [95mCEU_cue_audio: 0.3194 [95mCEU_cue_video: 0.8416 [95mCEU_synergy: 0.1586 [95mCEU_coexistence: 0.9206 
2025-11-08 00:59:38,707 - Agent - INFO - [37mVal Epoch 18 step 18 with [31mce_loss_combined : 1.087234 [31mtotal : 1.087234 [94mAcc_combined: 63.45 [94mAcc_c: 57.21 [94mAcc_g: 53.23 [95mCEU_cue_audio: 0.3865 [95mCEU_cue_video: 0.8142 [95mCEU_synergy: 0.2278 [95mCEU_coexistence: 0.9046 
2025-11-08 01:03:39,659 - Agent - INFO - [37mVal Epoch 19 step 19 with [31mce_loss_combined : 1.093159 [31mtotal : 1.093159 [94mAcc_combined: 66.52 [94mAcc_c: 55.96 [94mAcc_g: 51.87 [95mCEU_cue_audio: 0.4369 [95mCEU_cue_video: 0.8416 [95mCEU_synergy: 0.2205 [95mCEU_coexistence: 0.9396 
2025-11-08 01:07:41,597 - Agent - INFO - [37mVal Epoch 20 step 20 with [31mce_loss_combined : 1.248660 [31mtotal : 1.248660 [94mAcc_combined: 63.79 [94mAcc_c: 55.51 [94mAcc_g: 50.85 [95mCEU_cue_audio: 0.3865 [95mCEU_cue_video: 0.8195 [95mCEU_synergy: 0.2072 [95mCEU_coexistence: 0.9206 
2025-11-08 01:07:43,995 - Agent - INFO - We are in the final state.
2025-11-08 01:07:44,363 - root - INFO - Loaded best model from /esat/smcdata/users/kkontras/Image_Dataset/no_backup/data/2025_data/synergy/Synprom_IB_fold1_l30_contrcoeff1_perturbgen_lr0.0001_wd0.0001_clsmlp_pre.pth.tar
2025-11-08 01:08:03,234 - Agent - INFO - [37mVal Epoch 20 step 0 with [31mce_loss_combined : 1.754792 [31mtotal : 1.754792 [94mAcc_combined: 69.58 [94mAcc_c: 52.21 [94mAcc_g: 49.83 [95mCEU_cue_audio: 0.6680 [95mCEU_cue_video: 0.6505 [95mCEU_synergy: 0.2345 [95mCEU_coexistence: 0.9555 
2025-11-08 01:08:24,218 - Agent - INFO - [37mTest Epoch 20 step 0 with [31mce_loss_combined : 1.752329 [31mtotal : 1.752329 [94mAcc_combined: 71.26 [94mAcc_c: 49.18 [94mAcc_g: 59.56 
2025-11-08 01:08:25,825 - Agent - INFO - [37mModels has saved successfully in /esat/smcdata/users/kkontras/Image_Dataset/no_backup/data/2025_data/synergy/Synprom_IB_fold1_l30_contrcoeff1_perturbgen_lr0.0001_wd0.0001_clsmlp_pre.pth.tar
Job finished
