000 (009.023.000) 2025-11-07 18:42:49 Job submitted from host: <10.87.28.209:9618?addrs=10.87.28.209-9618&alias=krakas.esat.kuleuven.be&noUDP&sock=schedd_1611_9729>
...
001 (009.023.000) 2025-11-08 00:53:32 Job executing on host: <10.87.28.117:9618?addrs=10.87.28.117-9618&alias=stadius-nc-4.esat.kuleuven.be&noUDP&sock=startd_3335_1c6f>
	SlotName: slot1_2@stadius-nc-4.esat.kuleuven.be
	AvailableGPUs = { GPUs_GPU_8c3c8db2 }
	CondorScratchDir = "/volume1/condor/execute/dir_1275898"
	Cpus = 8
	Disk = 1050150
	GPUs = 1
	GPUs_GPU_8c3c8db2 = [ Id = "GPU-8c3c8db2"; ClockMhz = 1545.0; Capability = 7.5; CoresPerCU = 64; DeviceName = "NVIDIA GeForce RTX 2080 Ti"; DeviceUuid = "8c3c8db2-06a6-9e0e-a6ee-a948fb2f7f27"; ECCEnabled = false; ComputeUnits = 68; NvidiaDriver = "570.153.02"; DriverVersion = 12.8; DevicePciBusId = "0000:5B:00.0"; GlobalMemoryMb = 10823; MaxSupportedVersion = 12080 ]
	Memory = 71680
...
006 (009.023.000) 2025-11-08 00:53:41 Image size of job updated: 443592
	434  -  MemoryUsage of job (MB)
	443592  -  ResidentSetSize of job (KB)
...
006 (009.023.000) 2025-11-08 00:58:42 Image size of job updated: 1566716
	1530  -  MemoryUsage of job (MB)
	1566716  -  ResidentSetSize of job (KB)
...
006 (009.023.000) 2025-11-08 01:03:42 Image size of job updated: 1648308
	1530  -  MemoryUsage of job (MB)
	1566716  -  ResidentSetSize of job (KB)
...
006 (009.023.000) 2025-11-08 01:08:43 Image size of job updated: 1663608
	1617  -  MemoryUsage of job (MB)
	1655192  -  ResidentSetSize of job (KB)
...
006 (009.023.000) 2025-11-08 01:23:44 Image size of job updated: 1666360
	1617  -  MemoryUsage of job (MB)
	1655192  -  ResidentSetSize of job (KB)
...
006 (009.023.000) 2025-11-08 01:28:44 Image size of job updated: 1715136
	1622  -  MemoryUsage of job (MB)
	1660924  -  ResidentSetSize of job (KB)
...
006 (009.023.000) 2025-11-08 01:33:45 Image size of job updated: 1768392
	1622  -  MemoryUsage of job (MB)
	1660924  -  ResidentSetSize of job (KB)
...
006 (009.023.000) 2025-11-08 01:58:48 Image size of job updated: 1768392
	1633  -  MemoryUsage of job (MB)
	1672072  -  ResidentSetSize of job (KB)
...
006 (009.023.000) 2025-11-08 02:03:49 Image size of job updated: 1768392
	1635  -  MemoryUsage of job (MB)
	1673332  -  ResidentSetSize of job (KB)
...
006 (009.023.000) 2025-11-08 02:08:50 Image size of job updated: 1768392
	1635  -  MemoryUsage of job (MB)
	1673560  -  ResidentSetSize of job (KB)
...
006 (009.023.000) 2025-11-08 02:48:53 Image size of job updated: 1806080
	1635  -  MemoryUsage of job (MB)
	1673560  -  ResidentSetSize of job (KB)
...
006 (009.023.000) 2025-11-08 02:58:53 Image size of job updated: 1806080
	1685  -  MemoryUsage of job (MB)
	1724848  -  ResidentSetSize of job (KB)
...
006 (009.023.000) 2025-11-08 02:59:47 Image size of job updated: 2121100
	1685  -  MemoryUsage of job (MB)
	1724848  -  ResidentSetSize of job (KB)
...
005 (009.023.000) 2025-11-08 02:59:47 Job terminated.
	(1) Normal termination (return value 0)
		Usr 0 06:15:56, Sys 0 00:47:38  -  Run Remote Usage
		Usr 0 00:00:00, Sys 0 00:00:00  -  Run Local Usage
		Usr 0 06:15:56, Sys 0 00:47:38  -  Total Remote Usage
		Usr 0 00:00:00, Sys 0 00:00:00  -  Total Local Usage
	0  -  Run Bytes Sent By Job
	0  -  Run Bytes Received By Job
	0  -  Total Bytes Sent By Job
	0  -  Total Bytes Received By Job
	Partitionable Resources :    Usage  Request Allocated Assigned
	   Cpus                 :     6.06        8         8 
	   Disk (KB)            :     2     1048576   1050150 
	   GPUs                 :     0.62        1         1 "GPU-8c3c8db2"
	   GpusMemory (MB)      :  9266                       
	   Memory (MB)          :  1685       71680     71680 
	   TimeExecute (s)      :  7575                       
	   TimeSlotBusy (s)     :  7575                       
...
