Starting Job
/esat/smcdata/users/kkontras/Image_Dataset/no_backup/git/Synergy/train.py
/esat/smcdata/users/kkontras/Image_Dataset/no_backup/envs/balance_env/bin/python
Python 3.9.18
/esat/smcdata/users/kkontras/Image_Dataset/no_backup/git/Synergy
We have 1 GPU
/esat/smcdata/users/kkontras/Image_Dataset/no_backup/git/Synergy/train.py
config-./configs/CREMA_D/synergy/nov/synprom_ib.json
Executing command: accelerate launch /esat/smcdata/users/kkontras/Image_Dataset/no_backup/git/Synergy/train.py --config ./configs/CREMA_D/synergy/nov/synprom_ib.json --default_config ./configs/CREMA_D/default_config_cremad_res_syn.json --fold 2 --pre  --l 100 --contrcoeff 1 --lr 0.0001 --wd 0.0001 --cls mlp --perturb gen --start_over 
Namespace(config='./configs/CREMA_D/synergy/nov/synprom_ib.json', default_config='./configs/CREMA_D/default_config_cremad_res_syn.json', fold='2', alpha=None, tanh_mode=None, tanh_mode_beta=None, regby=None, clip=None, batch_size=None, l='100', multil=None, l_diffsq=None, lib=None, ratio_us=None, ratio_snr=None, kmepoch=None, num_samples=None, pow=None, nstep=None, contrcoeff='1', kde_coeff=None, etube=None, temperature=None, contr_type=None, shuffle_type=None, validate_with=None, transform_type=None, trasform_before=None, num_classes=None, base_alpha=None, alpha_var=None, base_beta=None, beta_var=None, optim_method=None, ilr_c=None, ilr_g=None, mmcosine_scaling=None, ending_epoch=None, load_ongoing=None, commonlayers=None, recon_weight1=None, recon_weight2=None, recon_epochstages=None, recon_ensemblestages=None, lr='0.0001', wd='0.0001', mm=None, cls='mlp', perturb='gen', pre=True, frozen=False, tdqm_disable=False, start_over=True)
2025-11-08 01:25:50,057 - Config - INFO - ./configs/CREMA_D/synergy/nov/synprom_ib.json
2025-11-08 01:25:50,061 - Config - INFO -  THE Configuration of your experiment ..
{'agent': 'Agent',
 'dataset': {'data_roots': '/esat/smcdata/users/kkontras/Image_Dataset/no_backup/CremaD/CREMA-D',
             'data_split': {'fold': 0, 'method': 'non_inclusive'},
             'dataloader_class': 'CramedD_Dataloader',
             'fps': 1,
             'norm': False,
             'norm_face_path': './mydatasets/CREMAD/norm_face_path_fold{}.pkl',
             'norm_wav_path': './mydatasets/CREMAD/wav_norm_16000_fold{}.pkl',
             'num_frame': 3,
             'return_data': {'audio': False,
                             'face': False,
                             'spectrogram': True,
                             'video': True},
             'sampling_rate': 22050},
 'early_stopping': {'end_of_epoch_check': True,
                    'log_interval': 10,
                    'max_epoch': 1500,
                    'n_steps_stop': 20,
                    'n_steps_stop_after': 0,
                    'save_every_step': 3000,
                    'save_every_valstep': 10,
                    'validate_after': 0,
                    'validate_every': 25,
                    'validate_with': 'accuracy'},
 'exp_name': 'CREMAD Experiment',
 'model': {'args': {'bias_infusion': {'ending_epoch': 1500,
                                      'l': 0.1,
                                      'method': 'false',
                                      'plot': False,
                                      'starting_epoch': 0,
                                      'use': True},
                    'clip_grad': False,
                    'cls_type': 'linear',
                    'd_model': 512,
                    'dropout': 0.1,
                    'fc_inner': 64,
                    'multi_loss': {'multi_supervised_w': {'c': 0,
                                                          'combined': 1,
                                                          'g': 0}},
                    'num_classes': 6},
           'encoders': [{'args': {'d_model': 512,
                                  'dropout': 0.1,
                                  'fc_inner': 64,
                                  'freeze_encoder': False,
                                  'num_classes': 6},
                         'model': 'Audio_ResNet',
                         'pretrainedEncoder': {'dir': 'unimodal_audio_fold{}_lr0.001_wd0.0001.pth.tar',
                                               'use': False}},
                        {'args': {'d_model': 512,
                                  'dropout': 0.1,
                                  'fc_inner': 64,
                                  'freeze_encoder': False,
                                  'num_classes': 6},
                         'model': 'Video_ResNet',
                         'pretrainedEncoder': {'dir': 'unimodal_video_fold{}_lr0.001_wd0.0001.pth.tar',
                                               'use': False}}],
           'load_ongoing': False,
           'model_class': 'Fusion_Synprom_IB',
           'save_base_dir': '/esat/smcdata/users/kkontras/Image_Dataset/no_backup/data/2025_data/synergy',
           'save_dir': 'Synprom_IB_{}.pth.tar'},
 'optimizer': {'beta1': 0.9,
               'beta2': 0.999,
               'learning_rate': 1e-05,
               'momentum': 0.9,
               'type': 'Adam',
               'weight_decay': 1e-05},
 'scheduler': {'max_lr': 0.03, 'type': 'cosanneal', 'warm_up_steps': 780},
 'training_params': {'adversarial_training': {'adv_epsilon': 0.01,
                                              'use': False},
                     'async_loading': True,
                     'batch_size': 32,
                     'cuda': True,
                     'data_loader_workers': 8,
                     'gpu_device': [0],
                     'pin_memory': False,
                     'rec_test': True,
                     'res': True,
                     'seed': 109,
                     'tdqm_disable': False,
                     'test_batch_size': 32,
                     'test_on_bottoms': False,
                     'use_test_set': True,
                     'validation': True,
                     'verbose': True,
                     'wandb_disable': False}}
2025-11-08 01:25:50,062 - Config - INFO -  *************************************** 
2025-11-08 01:25:50,062 - Config - INFO - The experiment name is CREMAD Experiment
2025-11-08 01:25:50,062 - Config - INFO -  *************************************** 
2025-11-08 01:25:50,063 - root - INFO - save_dir: Synprom_IB_fold2_l100_contrcoeff1_perturbgen_lr0.0001_wd0.0001_clsmlp_pre.pth.tar
2025-11-08 01:25:50,183 - Cuda Statistics - INFO - __Python VERSION:  3.9.18 (main, Sep 11 2023, 13:41:44) 
[GCC 11.2.0]
2025-11-08 01:25:50,183 - Cuda Statistics - INFO - __pyTorch VERSION:  2.0.1+cu118
2025-11-08 01:25:50,183 - Cuda Statistics - INFO - __CUDA VERSION
2025-11-08 01:25:50,185 - Cuda Statistics - INFO - __CUDNN VERSION:  8700
2025-11-08 01:25:50,200 - Cuda Statistics - INFO - __Number CUDA Devices:  1
2025-11-08 01:25:50,200 - Cuda Statistics - INFO - __Devices
2025-11-08 01:25:50,200 - Cuda Statistics - INFO - index, name, driver_version, memory.total [MiB], memory.used [MiB], memory.free [MiB]
2025-11-08 01:25:50,200 - Cuda Statistics - INFO - 0, NVIDIA GeForce RTX 2080 Ti, 570.153.02, 11264 MiB, 3 MiB, 10821 MiB
2025-11-08 01:25:50,206 - Cuda Statistics - INFO - Active CUDA Device: GPU 0
2025-11-08 01:25:50,206 - Cuda Statistics - INFO - Available devices  1
2025-11-08 01:25:50,206 - Cuda Statistics - INFO - Current cuda device  0
This path does not exist /esat/smcdata/users/kkontras/Image_Dataset/no_backup/CremaD/CREMA-D/AudioWAV/1076_MTI_SAD_XX.wav or /esat/smcdata/users/kkontras/Image_Dataset/no_backup/CremaD/CREMA-D/Image-01-FPS/1076_MTI_SAD_XX or /esat/smcdata/users/kkontras/Image_Dataset/no_backup/CremaD/CREMA-D/Face_features/1076_MTI_SAD_XX.npy
2025-11-08 01:25:51,721 - root - INFO - Loaded wav norm from ./mydatasets/CREMAD/wav_norm_16000_fold2.pkl
2025-11-08 01:25:51,725 - root - INFO - Norm values are {'mean': tensor(-2.7781e-05), 'std': tensor(0.0615), 'max_duration': 5.005}
2025-11-08 01:25:52,086 - root - INFO - Loaded wav norm from ./mydatasets/CREMAD/wav_norm_16000_fold2.pkl
2025-11-08 01:25:52,086 - root - INFO - Norm values are {'mean': tensor(-2.7781e-05), 'std': tensor(0.0615), 'max_duration': 5.005}
2025-11-08 01:25:52,437 - root - INFO - Loaded wav norm from ./mydatasets/CREMAD/wav_norm_16000_fold2.pkl
2025-11-08 01:25:52,437 - root - INFO - Norm values are {'mean': tensor(-2.7781e-05), 'std': tensor(0.0615), 'max_duration': 5.005}
Available cores 8
We are changing dataloader workers to num of cores 0
2025-11-08 01:25:52,438 - Agent - INFO - Device: cuda:0
2025-11-08 01:25:52,439 - Agent - INFO - Total training batches: 126, validate every 25 batches, steps per epoch: 6
2025-11-08 01:25:55,878 - Agent - INFO - Loss Weights are {'total': 1, 'combined': 1, 'c': 0, 'g': 0}
2025-11-08 01:25:56,323 - root - INFO - Loading enc best model state dict from /esat/smcdata/users/kkontras/Image_Dataset/no_backup/data/2025_data/synergy/unimodal_audio_fold2_lr0.001_wd0.0001.pth.tar
Replacing module
2025-11-08 01:25:56,645 - root - INFO - Loading enc best model state dict from /esat/smcdata/users/kkontras/Image_Dataset/no_backup/data/2025_data/synergy/unimodal_video_fold2_lr0.001_wd0.0001.pth.tar
Replacing module
2025-11-08 01:25:56,695 - Agent - INFO - Total number of trainable parameters are: 23483032
2025-11-08 01:25:56,702 - Agent - INFO - Total number of trainable parameters are: 23483032
2025-11-08 01:29:37,922 - Agent - INFO - [37mVal Epoch 1 step 1 with [31mce_loss_combined : 1.782940 [31mtotal : 1.782940 [94mAcc_combined: 63.75 [94mAcc_c: 60.30 [94mAcc_g: 65.36 [95mCEU_cue_audio: 0.7145 [95mCEU_cue_video: 0.4306 [95mCEU_synergy: 0.1889 [95mCEU_coexistence: 0.9060 
2025-11-08 01:29:37,937 - Agent - INFO - [37mTest Epoch 1 step 1 with [31mce_loss_combined : 1.782855 [31mtotal : 1.782855 [94mAcc_combined: 63.17 [94mAcc_c: 60.60 [94mAcc_g: 52.14 
2025-11-08 01:29:38,633 - Agent - INFO - [37mModels has saved successfully in /esat/smcdata/users/kkontras/Image_Dataset/no_backup/data/2025_data/synergy/Synprom_IB_fold2_l100_contrcoeff1_perturbgen_lr0.0001_wd0.0001_clsmlp_pre.pth.tar
2025-11-08 01:33:21,119 - Agent - INFO - [37mVal Epoch 2 step 2 with [31mce_loss_combined : 1.780786 [31mtotal : 1.780786 [94mAcc_combined: 72.73 [94mAcc_c: 50.75 [94mAcc_g: 64.79 [95mCEU_cue_audio: 0.6615 [95mCEU_cue_video: 0.7490 [95mCEU_synergy: 0.2756 [95mCEU_coexistence: 0.9242 
2025-11-08 01:33:21,134 - Agent - INFO - [37mTest Epoch 2 step 2 with [31mce_loss_combined : 1.781280 [31mtotal : 1.781280 [94mAcc_combined: 63.17 [94mAcc_c: 51.93 [94mAcc_g: 51.18 
2025-11-08 01:33:21,941 - Agent - INFO - [37mModels has saved successfully in /esat/smcdata/users/kkontras/Image_Dataset/no_backup/data/2025_data/synergy/Synprom_IB_fold2_l100_contrcoeff1_perturbgen_lr0.0001_wd0.0001_clsmlp_pre.pth.tar
2025-11-08 01:37:02,964 - Agent - INFO - [37mVal Epoch 3 step 3 with [31mce_loss_combined : 1.774147 [31mtotal : 1.774147 [94mAcc_combined: 72.04 [94mAcc_c: 52.01 [94mAcc_g: 63.06 [95mCEU_cue_audio: 0.5766 [95mCEU_cue_video: 0.8028 [95mCEU_synergy: 0.3306 [95mCEU_coexistence: 0.8970 
2025-11-08 01:40:44,242 - Agent - INFO - [37mVal Epoch 4 step 4 with [31mce_loss_combined : 1.762963 [31mtotal : 1.762963 [94mAcc_combined: 73.99 [94mAcc_c: 55.70 [94mAcc_g: 64.90 [95mCEU_cue_audio: 0.6720 [95mCEU_cue_video: 0.8028 [95mCEU_synergy: 0.3386 [95mCEU_coexistence: 0.8910 
2025-11-08 01:40:44,258 - Agent - INFO - [37mTest Epoch 4 step 4 with [31mce_loss_combined : 1.766333 [31mtotal : 1.766333 [94mAcc_combined: 63.60 [94mAcc_c: 50.64 [94mAcc_g: 50.11 
2025-11-08 01:40:45,486 - Agent - INFO - [37mModels has saved successfully in /esat/smcdata/users/kkontras/Image_Dataset/no_backup/data/2025_data/synergy/Synprom_IB_fold2_l100_contrcoeff1_perturbgen_lr0.0001_wd0.0001_clsmlp_pre.pth.tar
2025-11-08 01:44:24,768 - Agent - INFO - [37mVal Epoch 5 step 5 with [31mce_loss_combined : 1.714810 [31mtotal : 1.714810 [94mAcc_combined: 64.67 [94mAcc_c: 50.86 [94mAcc_g: 64.79 [95mCEU_cue_audio: 0.5131 [95mCEU_cue_video: 0.7623 [95mCEU_synergy: 0.3149 [95mCEU_coexistence: 0.7727 
2025-11-08 01:48:05,275 - Agent - INFO - [37mVal Epoch 6 step 6 with [31mce_loss_combined : 1.546438 [31mtotal : 1.546438 [94mAcc_combined: 62.60 [94mAcc_c: 50.63 [94mAcc_g: 63.64 [95mCEU_cue_audio: 0.4552 [95mCEU_cue_video: 0.7264 [95mCEU_synergy: 0.2834 [95mCEU_coexistence: 0.7878 
2025-11-08 01:51:47,656 - Agent - INFO - [37mVal Epoch 7 step 7 with [31mce_loss_combined : 1.412704 [31mtotal : 1.412704 [94mAcc_combined: 63.06 [94mAcc_c: 50.75 [94mAcc_g: 65.59 [95mCEU_cue_audio: 0.4285 [95mCEU_cue_video: 0.7712 [95mCEU_synergy: 0.2914 [95mCEU_coexistence: 0.7817 
2025-11-08 01:55:26,504 - Agent - INFO - [37mVal Epoch 8 step 8 with [31mce_loss_combined : 1.416863 [31mtotal : 1.416863 [94mAcc_combined: 66.28 [94mAcc_c: 52.36 [94mAcc_g: 65.94 [95mCEU_cue_audio: 0.4869 [95mCEU_cue_video: 0.7712 [95mCEU_synergy: 0.2914 [95mCEU_coexistence: 0.8333 
2025-11-08 01:59:04,626 - Agent - INFO - [37mVal Epoch 9 step 9 with [31mce_loss_combined : 1.264505 [31mtotal : 1.264505 [94mAcc_combined: 67.89 [94mAcc_c: 51.44 [94mAcc_g: 66.40 [95mCEU_cue_audio: 0.4708 [95mCEU_cue_video: 0.7759 [95mCEU_synergy: 0.3463 [95mCEU_coexistence: 0.8607 
2025-11-08 02:02:46,194 - Agent - INFO - [37mVal Epoch 10 step 10 with [31mce_loss_combined : 1.157097 [31mtotal : 1.157097 [94mAcc_combined: 69.74 [94mAcc_c: 46.72 [94mAcc_g: 64.21 [95mCEU_cue_audio: 0.4497 [95mCEU_cue_video: 0.8519 [95mCEU_synergy: 0.3149 [95mCEU_coexistence: 0.8818 
2025-11-08 02:06:26,170 - Agent - INFO - [37mVal Epoch 11 step 11 with [31mce_loss_combined : 1.036456 [31mtotal : 1.036456 [94mAcc_combined: 72.38 [94mAcc_c: 52.01 [94mAcc_g: 63.64 [95mCEU_cue_audio: 0.5186 [95mCEU_cue_video: 0.8476 [95mCEU_synergy: 0.2914 [95mCEU_coexistence: 0.9242 
2025-11-08 02:10:09,261 - Agent - INFO - [37mVal Epoch 12 step 12 with [31mce_loss_combined : 0.941757 [31mtotal : 0.941757 [94mAcc_combined: 71.92 [94mAcc_c: 53.05 [94mAcc_g: 65.36 [95mCEU_cue_audio: 0.4920 [95mCEU_cue_video: 0.8698 [95mCEU_synergy: 0.2204 [95mCEU_coexistence: 0.9394 
2025-11-08 02:13:50,367 - Agent - INFO - [37mVal Epoch 13 step 13 with [31mce_loss_combined : 0.869264 [31mtotal : 0.869264 [94mAcc_combined: 73.19 [94mAcc_c: 53.05 [94mAcc_g: 66.51 [95mCEU_cue_audio: 0.4975 [95mCEU_cue_video: 0.8698 [95mCEU_synergy: 0.2756 [95mCEU_coexistence: 0.9484 
2025-11-08 02:17:32,246 - Agent - INFO - [37mVal Epoch 14 step 14 with [31mce_loss_combined : 0.878038 [31mtotal : 0.878038 [94mAcc_combined: 74.45 [94mAcc_c: 51.90 [94mAcc_g: 65.02 [95mCEU_cue_audio: 0.5448 [95mCEU_cue_video: 0.8698 [95mCEU_synergy: 0.2676 [95mCEU_coexistence: 0.9576 
2025-11-08 02:17:32,260 - Agent - INFO - [37mTest Epoch 14 step 14 with [31mce_loss_combined : 1.066774 [31mtotal : 1.066774 [94mAcc_combined: 63.38 [94mAcc_c: 51.61 [94mAcc_g: 52.25 
2025-11-08 02:17:33,078 - Agent - INFO - [37mModels has saved successfully in /esat/smcdata/users/kkontras/Image_Dataset/no_backup/data/2025_data/synergy/Synprom_IB_fold2_l100_contrcoeff1_perturbgen_lr0.0001_wd0.0001_clsmlp_pre.pth.tar
2025-11-08 02:21:13,907 - Agent - INFO - [37mVal Epoch 15 step 15 with [31mce_loss_combined : 0.901052 [31mtotal : 0.901052 [94mAcc_combined: 72.04 [94mAcc_c: 53.16 [94mAcc_g: 64.90 [95mCEU_cue_audio: 0.4975 [95mCEU_cue_video: 0.8566 [95mCEU_synergy: 0.2204 [95mCEU_coexistence: 0.9484 
2025-11-08 02:24:54,726 - Agent - INFO - [37mVal Epoch 16 step 16 with [31mce_loss_combined : 0.905351 [31mtotal : 0.905351 [94mAcc_combined: 71.92 [94mAcc_c: 52.36 [94mAcc_g: 65.25 [95mCEU_cue_audio: 0.5025 [95mCEU_cue_video: 0.8519 [95mCEU_synergy: 0.2756 [95mCEU_coexistence: 0.9242 
2025-11-08 02:28:38,855 - Agent - INFO - [37mVal Epoch 17 step 17 with [31mce_loss_combined : 0.889870 [31mtotal : 0.889870 [94mAcc_combined: 72.15 [94mAcc_c: 50.52 [94mAcc_g: 64.21 [95mCEU_cue_audio: 0.4763 [95mCEU_cue_video: 0.8835 [95mCEU_synergy: 0.2047 [95mCEU_coexistence: 0.9515 
2025-11-08 02:32:22,324 - Agent - INFO - [37mVal Epoch 18 step 18 with [31mce_loss_combined : 0.863720 [31mtotal : 0.863720 [94mAcc_combined: 72.84 [94mAcc_c: 53.86 [94mAcc_g: 64.56 [95mCEU_cue_audio: 0.5398 [95mCEU_cue_video: 0.8655 [95mCEU_synergy: 0.1970 [95mCEU_coexistence: 0.9484 
2025-11-08 02:36:04,032 - Agent - INFO - [37mVal Epoch 19 step 19 with [31mce_loss_combined : 0.893715 [31mtotal : 0.893715 [94mAcc_combined: 72.73 [94mAcc_c: 53.16 [94mAcc_g: 64.79 [95mCEU_cue_audio: 0.5343 [95mCEU_cue_video: 0.8566 [95mCEU_synergy: 0.2204 [95mCEU_coexistence: 0.9455 
2025-11-08 02:39:43,368 - Agent - INFO - [37mVal Epoch 20 step 20 with [31mce_loss_combined : 0.875395 [31mtotal : 0.875395 [94mAcc_combined: 72.73 [94mAcc_c: 52.82 [94mAcc_g: 64.44 [95mCEU_cue_audio: 0.5343 [95mCEU_cue_video: 0.8429 [95mCEU_synergy: 0.2127 [95mCEU_coexistence: 0.9576 
2025-11-08 02:43:22,156 - Agent - INFO - [37mVal Epoch 21 step 21 with [31mce_loss_combined : 0.869476 [31mtotal : 0.869476 [94mAcc_combined: 73.99 [94mAcc_c: 55.12 [94mAcc_g: 64.33 [95mCEU_cue_audio: 0.5398 [95mCEU_cue_video: 0.8609 [95mCEU_synergy: 0.2676 [95mCEU_coexistence: 0.9544 
2025-11-08 02:47:01,324 - Agent - INFO - [37mVal Epoch 22 step 22 with [31mce_loss_combined : 1.012132 [31mtotal : 1.012132 [94mAcc_combined: 70.89 [94mAcc_c: 50.17 [94mAcc_g: 66.28 [95mCEU_cue_audio: 0.5609 [95mCEU_cue_video: 0.7892 [95mCEU_synergy: 0.2442 [95mCEU_coexistence: 0.9181 
2025-11-08 02:50:41,471 - Agent - INFO - [37mVal Epoch 23 step 23 with [31mce_loss_combined : 0.956833 [31mtotal : 0.956833 [94mAcc_combined: 74.34 [94mAcc_c: 53.05 [94mAcc_g: 64.10 [95mCEU_cue_audio: 0.5821 [95mCEU_cue_video: 0.8387 [95mCEU_synergy: 0.2676 [95mCEU_coexistence: 0.9544 
2025-11-08 02:54:22,479 - Agent - INFO - [37mVal Epoch 24 step 24 with [31mce_loss_combined : 0.924267 [31mtotal : 0.924267 [94mAcc_combined: 73.76 [94mAcc_c: 53.74 [94mAcc_g: 63.18 [95mCEU_cue_audio: 0.5766 [95mCEU_cue_video: 0.8207 [95mCEU_synergy: 0.2756 [95mCEU_coexistence: 0.9515 
2025-11-08 02:58:08,073 - Agent - INFO - [37mVal Epoch 25 step 25 with [31mce_loss_combined : 1.001732 [31mtotal : 1.001732 [94mAcc_combined: 73.99 [94mAcc_c: 52.82 [94mAcc_g: 63.98 [95mCEU_cue_audio: 0.6244 [95mCEU_cue_video: 0.8340 [95mCEU_synergy: 0.1970 [95mCEU_coexistence: 0.9515 
2025-11-08 03:01:50,308 - Agent - INFO - [37mVal Epoch 26 step 26 with [31mce_loss_combined : 1.002040 [31mtotal : 1.002040 [94mAcc_combined: 73.19 [94mAcc_c: 53.39 [94mAcc_g: 64.56 [95mCEU_cue_audio: 0.5977 [95mCEU_cue_video: 0.8028 [95mCEU_synergy: 0.2442 [95mCEU_coexistence: 0.9484 
2025-11-08 03:05:31,317 - Agent - INFO - [37mVal Epoch 27 step 27 with [31mce_loss_combined : 1.050820 [31mtotal : 1.050820 [94mAcc_combined: 72.50 [94mAcc_c: 54.20 [94mAcc_g: 63.29 [95mCEU_cue_audio: 0.6032 [95mCEU_cue_video: 0.8028 [95mCEU_synergy: 0.2047 [95mCEU_coexistence: 0.9423 
2025-11-08 03:09:21,784 - Agent - INFO - [37mVal Epoch 28 step 28 with [31mce_loss_combined : 1.119523 [31mtotal : 1.119523 [94mAcc_combined: 71.81 [94mAcc_c: 52.01 [94mAcc_g: 64.10 [95mCEU_cue_audio: 0.5871 [95mCEU_cue_video: 0.7849 [95mCEU_synergy: 0.2047 [95mCEU_coexistence: 0.9455 
2025-11-08 03:13:02,834 - Agent - INFO - [37mVal Epoch 29 step 29 with [31mce_loss_combined : 1.034460 [31mtotal : 1.034460 [94mAcc_combined: 73.42 [94mAcc_c: 53.62 [94mAcc_g: 64.21 [95mCEU_cue_audio: 0.6189 [95mCEU_cue_video: 0.7981 [95mCEU_synergy: 0.2204 [95mCEU_coexistence: 0.9544 
2025-11-08 03:16:53,683 - Agent - INFO - [37mVal Epoch 30 step 30 with [31mce_loss_combined : 1.075988 [31mtotal : 1.075988 [94mAcc_combined: 71.58 [94mAcc_c: 53.51 [94mAcc_g: 64.67 [95mCEU_cue_audio: 0.5977 [95mCEU_cue_video: 0.7849 [95mCEU_synergy: 0.2047 [95mCEU_coexistence: 0.9334 
2025-11-08 03:20:48,899 - Agent - INFO - [37mVal Epoch 31 step 31 with [31mce_loss_combined : 1.094284 [31mtotal : 1.094284 [94mAcc_combined: 71.58 [94mAcc_c: 51.32 [94mAcc_g: 64.10 [95mCEU_cue_audio: 0.5977 [95mCEU_cue_video: 0.7670 [95mCEU_synergy: 0.2285 [95mCEU_coexistence: 0.9363 
2025-11-08 03:24:34,057 - Agent - INFO - [37mVal Epoch 32 step 32 with [31mce_loss_combined : 1.165874 [31mtotal : 1.165874 [94mAcc_combined: 71.23 [94mAcc_c: 52.01 [94mAcc_g: 64.79 [95mCEU_cue_audio: 0.6083 [95mCEU_cue_video: 0.7533 [95mCEU_synergy: 0.2047 [95mCEU_coexistence: 0.9394 
2025-11-08 03:28:20,500 - Agent - INFO - [37mVal Epoch 33 step 33 with [31mce_loss_combined : 1.081238 [31mtotal : 1.081238 [94mAcc_combined: 70.89 [94mAcc_c: 51.67 [94mAcc_g: 65.71 [95mCEU_cue_audio: 0.5660 [95mCEU_cue_video: 0.7892 [95mCEU_synergy: 0.2204 [95mCEU_coexistence: 0.9242 
2025-11-08 03:28:21,290 - Agent - INFO - We are in the final state.
2025-11-08 03:28:21,571 - root - INFO - Loaded best model from /esat/smcdata/users/kkontras/Image_Dataset/no_backup/data/2025_data/synergy/Synprom_IB_fold2_l100_contrcoeff1_perturbgen_lr0.0001_wd0.0001_clsmlp_pre.pth.tar
2025-11-08 03:28:35,562 - Agent - INFO - [37mVal Epoch 33 step 0 with [31mce_loss_combined : 0.878038 [31mtotal : 0.878038 [94mAcc_combined: 74.45 [94mAcc_c: 51.90 [94mAcc_g: 65.02 [95mCEU_cue_audio: 0.5448 [95mCEU_cue_video: 0.8698 [95mCEU_synergy: 0.2676 [95mCEU_coexistence: 0.9576 
2025-11-08 03:28:50,191 - Agent - INFO - [37mTest Epoch 33 step 0 with [31mce_loss_combined : 1.066774 [31mtotal : 1.066774 [94mAcc_combined: 63.38 [94mAcc_c: 51.61 [94mAcc_g: 52.25 
2025-11-08 03:28:51,700 - Agent - INFO - [37mModels has saved successfully in /esat/smcdata/users/kkontras/Image_Dataset/no_backup/data/2025_data/synergy/Synprom_IB_fold2_l100_contrcoeff1_perturbgen_lr0.0001_wd0.0001_clsmlp_pre.pth.tar
Job finished
