000 (009.003.000) 2025-11-07 18:42:49 Job submitted from host: <10.87.28.209:9618?addrs=10.87.28.209-9618&alias=krakas.esat.kuleuven.be&noUDP&sock=schedd_1611_9729>
...
001 (009.003.000) 2025-11-07 18:43:02 Job executing on host: <10.87.28.117:9618?addrs=10.87.28.117-9618&alias=stadius-nc-4.esat.kuleuven.be&noUDP&sock=startd_3335_1c6f>
	SlotName: slot1_2@stadius-nc-4.esat.kuleuven.be
	AvailableGPUs = { GPUs_GPU_8c3c8db2 }
	CondorScratchDir = "/volume1/condor/execute/dir_1264058"
	Cpus = 8
	Disk = 1050150
	GPUs = 1
	GPUs_GPU_8c3c8db2 = [ Id = "GPU-8c3c8db2"; ClockMhz = 1545.0; Capability = 7.5; CoresPerCU = 64; DeviceName = "NVIDIA GeForce RTX 2080 Ti"; DeviceUuid = "8c3c8db2-06a6-9e0e-a6ee-a948fb2f7f27"; ECCEnabled = false; ComputeUnits = 68; NvidiaDriver = "570.153.02"; DriverVersion = 12.8; DevicePciBusId = "0000:5B:00.0"; GlobalMemoryMb = 10823; MaxSupportedVersion = 12080 ]
	Memory = 71680
...
006 (009.003.000) 2025-11-07 18:43:10 Image size of job updated: 111148
	109  -  MemoryUsage of job (MB)
	111148  -  ResidentSetSize of job (KB)
...
006 (009.003.000) 2025-11-07 18:48:10 Image size of job updated: 1531692
	1457  -  MemoryUsage of job (MB)
	1491764  -  ResidentSetSize of job (KB)
...
006 (009.003.000) 2025-11-07 18:53:11 Image size of job updated: 1604500
	1557  -  MemoryUsage of job (MB)
	1593848  -  ResidentSetSize of job (KB)
...
006 (009.003.000) 2025-11-07 18:58:12 Image size of job updated: 1625532
	1557  -  MemoryUsage of job (MB)
	1593848  -  ResidentSetSize of job (KB)
...
006 (009.003.000) 2025-11-07 19:03:12 Image size of job updated: 1625532
	1570  -  MemoryUsage of job (MB)
	1607488  -  ResidentSetSize of job (KB)
...
006 (009.003.000) 2025-11-07 19:13:13 Image size of job updated: 1649056
	1607  -  MemoryUsage of job (MB)
	1645284  -  ResidentSetSize of job (KB)
...
006 (009.003.000) 2025-11-07 19:18:13 Image size of job updated: 1687964
	1607  -  MemoryUsage of job (MB)
	1645284  -  ResidentSetSize of job (KB)
...
006 (009.003.000) 2025-11-07 19:23:14 Image size of job updated: 1693072
	1607  -  MemoryUsage of job (MB)
	1645284  -  ResidentSetSize of job (KB)
...
006 (009.003.000) 2025-11-07 19:38:15 Image size of job updated: 1693072
	1627  -  MemoryUsage of job (MB)
	1665600  -  ResidentSetSize of job (KB)
...
006 (009.003.000) 2025-11-07 19:53:17 Image size of job updated: 1693072
	1630  -  MemoryUsage of job (MB)
	1668884  -  ResidentSetSize of job (KB)
...
006 (009.003.000) 2025-11-07 20:01:52 Image size of job updated: 1793716
	1630  -  MemoryUsage of job (MB)
	1668884  -  ResidentSetSize of job (KB)
...
005 (009.003.000) 2025-11-07 20:01:52 Job terminated.
	(1) Normal termination (return value 0)
		Usr 0 03:50:54, Sys 0 00:28:58  -  Run Remote Usage
		Usr 0 00:00:00, Sys 0 00:00:00  -  Run Local Usage
		Usr 0 03:50:54, Sys 0 00:28:58  -  Total Remote Usage
		Usr 0 00:00:00, Sys 0 00:00:00  -  Total Local Usage
	0  -  Run Bytes Sent By Job
	0  -  Run Bytes Received By Job
	0  -  Total Bytes Sent By Job
	0  -  Total Bytes Received By Job
	Partitionable Resources :    Usage  Request Allocated Assigned
	   Cpus                 :     2.80        8         8 
	   Disk (KB)            :     2     1048576   1050150 
	   GPUs                 :     0.61        1         1 "GPU-8c3c8db2"
	   GpusMemory (MB)      :  9266                       
	   Memory (MB)          :  1630       71680     71680 
	   TimeExecute (s)      :  4730                       
	   TimeSlotBusy (s)     :  4730                       
...
