Starting Job
/esat/smcdata/users/kkontras/Image_Dataset/no_backup/git/Synergy/train.py
/esat/smcdata/users/kkontras/Image_Dataset/no_backup/envs/balance_env/bin/python
Python 3.9.18
/esat/smcdata/users/kkontras/Image_Dataset/no_backup/git/Synergy
We have 1 GPU
/esat/smcdata/users/kkontras/Image_Dataset/no_backup/git/Synergy/train.py
config-./configs/CREMA_D/synergy/nov/synprom_ib.json
Executing command: accelerate launch /esat/smcdata/users/kkontras/Image_Dataset/no_backup/git/Synergy/train.py --config ./configs/CREMA_D/synergy/nov/synprom_ib.json --default_config ./configs/CREMA_D/default_config_cremad_res_syn.json --fold 1 --pre  --l 0.03 --contrcoeff 1 --lr 0.0001 --wd 0.0001 --cls mlp --perturb gen --start_over 
Namespace(config='./configs/CREMA_D/synergy/nov/synprom_ib.json', default_config='./configs/CREMA_D/default_config_cremad_res_syn.json', fold='1', alpha=None, tanh_mode=None, tanh_mode_beta=None, regby=None, clip=None, batch_size=None, l='0.03', multil=None, l_diffsq=None, lib=None, ratio_us=None, ratio_snr=None, kmepoch=None, num_samples=None, pow=None, nstep=None, contrcoeff='1', kde_coeff=None, etube=None, temperature=None, contr_type=None, shuffle_type=None, validate_with=None, transform_type=None, trasform_before=None, num_classes=None, base_alpha=None, alpha_var=None, base_beta=None, beta_var=None, optim_method=None, ilr_c=None, ilr_g=None, mmcosine_scaling=None, ending_epoch=None, load_ongoing=None, commonlayers=None, recon_weight1=None, recon_weight2=None, recon_epochstages=None, recon_ensemblestages=None, lr='0.0001', wd='0.0001', mm=None, cls='mlp', perturb='gen', pre=True, frozen=False, tdqm_disable=False, start_over=True)
2025-11-07 18:44:11,137 - Config - INFO - ./configs/CREMA_D/synergy/nov/synprom_ib.json
2025-11-07 18:44:11,140 - Config - INFO -  THE Configuration of your experiment ..
{'agent': 'Agent',
 'dataset': {'data_roots': '/esat/smcdata/users/kkontras/Image_Dataset/no_backup/CremaD/CREMA-D',
             'data_split': {'fold': 0, 'method': 'non_inclusive'},
             'dataloader_class': 'CramedD_Dataloader',
             'fps': 1,
             'norm': False,
             'norm_face_path': './mydatasets/CREMAD/norm_face_path_fold{}.pkl',
             'norm_wav_path': './mydatasets/CREMAD/wav_norm_16000_fold{}.pkl',
             'num_frame': 3,
             'return_data': {'audio': False,
                             'face': False,
                             'spectrogram': True,
                             'video': True},
             'sampling_rate': 22050},
 'early_stopping': {'end_of_epoch_check': True,
                    'log_interval': 10,
                    'max_epoch': 1500,
                    'n_steps_stop': 20,
                    'n_steps_stop_after': 0,
                    'save_every_step': 3000,
                    'save_every_valstep': 10,
                    'validate_after': 0,
                    'validate_every': 25,
                    'validate_with': 'accuracy'},
 'exp_name': 'CREMAD Experiment',
 'model': {'args': {'bias_infusion': {'ending_epoch': 1500,
                                      'l': 0.1,
                                      'method': 'false',
                                      'plot': False,
                                      'starting_epoch': 0,
                                      'use': True},
                    'clip_grad': False,
                    'cls_type': 'linear',
                    'd_model': 512,
                    'dropout': 0.1,
                    'fc_inner': 64,
                    'multi_loss': {'multi_supervised_w': {'c': 0,
                                                          'combined': 1,
                                                          'g': 0}},
                    'num_classes': 6},
           'encoders': [{'args': {'d_model': 512,
                                  'dropout': 0.1,
                                  'fc_inner': 64,
                                  'freeze_encoder': False,
                                  'num_classes': 6},
                         'model': 'Audio_ResNet',
                         'pretrainedEncoder': {'dir': 'unimodal_audio_fold{}_lr0.001_wd0.0001.pth.tar',
                                               'use': False}},
                        {'args': {'d_model': 512,
                                  'dropout': 0.1,
                                  'fc_inner': 64,
                                  'freeze_encoder': False,
                                  'num_classes': 6},
                         'model': 'Video_ResNet',
                         'pretrainedEncoder': {'dir': 'unimodal_video_fold{}_lr0.001_wd0.0001.pth.tar',
                                               'use': False}}],
           'load_ongoing': False,
           'model_class': 'Fusion_Synprom_IB',
           'save_base_dir': '/esat/smcdata/users/kkontras/Image_Dataset/no_backup/data/2025_data/synergy',
           'save_dir': 'Synprom_IB_{}.pth.tar'},
 'optimizer': {'beta1': 0.9,
               'beta2': 0.999,
               'learning_rate': 1e-05,
               'momentum': 0.9,
               'type': 'Adam',
               'weight_decay': 1e-05},
 'scheduler': {'max_lr': 0.03, 'type': 'cosanneal', 'warm_up_steps': 780},
 'training_params': {'adversarial_training': {'adv_epsilon': 0.01,
                                              'use': False},
                     'async_loading': True,
                     'batch_size': 32,
                     'cuda': True,
                     'data_loader_workers': 8,
                     'gpu_device': [0],
                     'pin_memory': False,
                     'rec_test': True,
                     'res': True,
                     'seed': 109,
                     'tdqm_disable': False,
                     'test_batch_size': 32,
                     'test_on_bottoms': False,
                     'use_test_set': True,
                     'validation': True,
                     'verbose': True,
                     'wandb_disable': False}}
2025-11-07 18:44:11,144 - Config - INFO -  *************************************** 
2025-11-07 18:44:11,144 - Config - INFO - The experiment name is CREMAD Experiment
2025-11-07 18:44:11,144 - Config - INFO -  *************************************** 
2025-11-07 18:44:11,144 - root - INFO - save_dir: Synprom_IB_fold1_l0.03_contrcoeff1_perturbgen_lr0.0001_wd0.0001_clsmlp_pre.pth.tar
2025-11-07 18:44:11,362 - Cuda Statistics - INFO - __Python VERSION:  3.9.18 (main, Sep 11 2023, 13:41:44) 
[GCC 11.2.0]
2025-11-07 18:44:11,363 - Cuda Statistics - INFO - __pyTorch VERSION:  2.0.1+cu118
2025-11-07 18:44:11,363 - Cuda Statistics - INFO - __CUDA VERSION
2025-11-07 18:44:11,367 - Cuda Statistics - INFO - __CUDNN VERSION:  8700
2025-11-07 18:44:11,412 - Cuda Statistics - INFO - __Number CUDA Devices:  1
2025-11-07 18:44:11,412 - Cuda Statistics - INFO - __Devices
2025-11-07 18:44:11,412 - Cuda Statistics - INFO - index, name, driver_version, memory.total [MiB], memory.used [MiB], memory.free [MiB]
2025-11-07 18:44:11,412 - Cuda Statistics - INFO - 0, Tesla P100-PCIE-16GB, 580.95.05, 16384 MiB, 3 MiB, 16268 MiB
2025-11-07 18:44:11,415 - Cuda Statistics - INFO - Active CUDA Device: GPU 0
2025-11-07 18:44:11,415 - Cuda Statistics - INFO - Available devices  1
2025-11-07 18:44:11,415 - Cuda Statistics - INFO - Current cuda device  0
This path does not exist /esat/smcdata/users/kkontras/Image_Dataset/no_backup/CremaD/CREMA-D/AudioWAV/1076_MTI_SAD_XX.wav or /esat/smcdata/users/kkontras/Image_Dataset/no_backup/CremaD/CREMA-D/Image-01-FPS/1076_MTI_SAD_XX or /esat/smcdata/users/kkontras/Image_Dataset/no_backup/CremaD/CREMA-D/Face_features/1076_MTI_SAD_XX.npy
2025-11-07 18:44:14,027 - root - INFO - Loaded wav norm from ./mydatasets/CREMAD/wav_norm_16000_fold1.pkl
2025-11-07 18:44:14,084 - root - INFO - Norm values are {'mean': tensor(-2.6751e-05), 'std': tensor(0.0610), 'max_duration': 5.005}
2025-11-07 18:44:14,282 - root - INFO - Loaded wav norm from ./mydatasets/CREMAD/wav_norm_16000_fold1.pkl
2025-11-07 18:44:14,283 - root - INFO - Norm values are {'mean': tensor(-2.6751e-05), 'std': tensor(0.0610), 'max_duration': 5.005}
2025-11-07 18:44:14,410 - root - INFO - Loaded wav norm from ./mydatasets/CREMAD/wav_norm_16000_fold1.pkl
2025-11-07 18:44:14,412 - root - INFO - Norm values are {'mean': tensor(-2.6751e-05), 'std': tensor(0.0610), 'max_duration': 5.005}
Available cores 8
We are changing dataloader workers to num of cores 0
2025-11-07 18:44:14,417 - Agent - INFO - Device: cuda:0
2025-11-07 18:44:14,417 - Agent - INFO - Total training batches: 126, validate every 25 batches, steps per epoch: 6
2025-11-07 18:44:21,878 - Agent - INFO - Loss Weights are {'total': 1, 'combined': 1, 'c': 0, 'g': 0}
2025-11-07 18:44:25,514 - root - INFO - Loading enc best model state dict from /esat/smcdata/users/kkontras/Image_Dataset/no_backup/data/2025_data/synergy/unimodal_audio_fold1_lr0.001_wd0.0001.pth.tar
Replacing module
2025-11-07 18:44:28,183 - root - INFO - Loading enc best model state dict from /esat/smcdata/users/kkontras/Image_Dataset/no_backup/data/2025_data/synergy/unimodal_video_fold1_lr0.001_wd0.0001.pth.tar
Replacing module
2025-11-07 18:44:28,320 - Agent - INFO - Total number of trainable parameters are: 23483032
2025-11-07 18:44:28,342 - Agent - INFO - Total number of trainable parameters are: 23483032
2025-11-07 18:51:48,181 - Agent - INFO - [37mVal Epoch 1 step 1 with [31mce_loss_combined : 0.725055 [31mtotal : 0.725055 [94mAcc_combined: 75.37 [94mAcc_c: 61.18 [94mAcc_g: 51.76 [95mCEU_cue_audio: 0.8319 [95mCEU_cue_video: 0.6558 [95mCEU_synergy: 0.2412 [95mCEU_coexistence: 0.9874 
2025-11-07 18:51:48,210 - Agent - INFO - [37mTest Epoch 1 step 1 with [31mce_loss_combined : 0.705585 [31mtotal : 0.705585 [94mAcc_combined: 75.96 [94mAcc_c: 62.62 [94mAcc_g: 60.22 
2025-11-07 18:51:49,542 - Agent - INFO - [37mModels has saved successfully in /esat/smcdata/users/kkontras/Image_Dataset/no_backup/data/2025_data/synergy/Synprom_IB_fold1_l0.03_contrcoeff1_perturbgen_lr0.0001_wd0.0001_clsmlp_pre.pth.tar
2025-11-07 18:58:38,117 - Agent - INFO - [37mVal Epoch 2 step 2 with [31mce_loss_combined : 0.852562 [31mtotal : 0.852562 [94mAcc_combined: 69.92 [94mAcc_c: 56.07 [94mAcc_g: 50.85 [95mCEU_cue_audio: 0.5798 [95mCEU_cue_video: 0.8032 [95mCEU_synergy: 0.2278 [95mCEU_coexistence: 0.9460 
2025-11-07 19:05:26,226 - Agent - INFO - [37mVal Epoch 3 step 3 with [31mce_loss_combined : 1.203604 [31mtotal : 1.203604 [94mAcc_combined: 60.61 [94mAcc_c: 56.64 [94mAcc_g: 50.96 [95mCEU_cue_audio: 0.4117 [95mCEU_cue_video: 0.7159 [95mCEU_synergy: 0.1586 [95mCEU_coexistence: 0.8951 
2025-11-07 19:12:15,561 - Agent - INFO - [37mVal Epoch 4 step 4 with [31mce_loss_combined : 1.449998 [31mtotal : 1.449998 [94mAcc_combined: 60.84 [94mAcc_c: 53.92 [94mAcc_g: 50.28 [95mCEU_cue_audio: 0.3362 [95mCEU_cue_video: 0.8032 [95mCEU_synergy: 0.1586 [95mCEU_coexistence: 0.9080 
2025-11-07 19:19:06,463 - Agent - INFO - [37mVal Epoch 5 step 5 with [31mce_loss_combined : 1.384573 [31mtotal : 1.384573 [94mAcc_combined: 61.98 [94mAcc_c: 56.53 [94mAcc_g: 50.28 [95mCEU_cue_audio: 0.3402 [95mCEU_cue_video: 0.8195 [95mCEU_synergy: 0.1653 [95mCEU_coexistence: 0.9239 
2025-11-07 19:25:54,170 - Agent - INFO - [37mVal Epoch 6 step 6 with [31mce_loss_combined : 1.607589 [31mtotal : 1.607589 [94mAcc_combined: 56.53 [94mAcc_c: 54.60 [94mAcc_g: 50.17 [95mCEU_cue_audio: 0.2269 [95mCEU_cue_video: 0.7925 [95mCEU_synergy: 0.1653 [95mCEU_coexistence: 0.8730 
2025-11-07 19:32:50,281 - Agent - INFO - [37mVal Epoch 7 step 7 with [31mce_loss_combined : 1.530292 [31mtotal : 1.530292 [94mAcc_combined: 59.59 [94mAcc_c: 53.23 [94mAcc_g: 50.62 [95mCEU_cue_audio: 0.2983 [95mCEU_cue_video: 0.7978 [95mCEU_synergy: 0.1519 [95mCEU_coexistence: 0.9080 
2025-11-07 19:39:40,055 - Agent - INFO - [37mVal Epoch 8 step 8 with [31mce_loss_combined : 1.417494 [31mtotal : 1.417494 [94mAcc_combined: 62.88 [94mAcc_c: 55.73 [94mAcc_g: 51.19 [95mCEU_cue_audio: 0.3697 [95mCEU_cue_video: 0.8142 [95mCEU_synergy: 0.1586 [95mCEU_coexistence: 0.9334 
2025-11-07 19:46:24,925 - Agent - INFO - [37mVal Epoch 9 step 9 with [31mce_loss_combined : 1.406480 [31mtotal : 1.406480 [94mAcc_combined: 64.70 [94mAcc_c: 56.64 [94mAcc_g: 53.35 [95mCEU_cue_audio: 0.3908 [95mCEU_cue_video: 0.8416 [95mCEU_synergy: 0.1447 [95mCEU_coexistence: 0.9586 
2025-11-07 19:53:15,263 - Agent - INFO - [37mVal Epoch 10 step 10 with [31mce_loss_combined : 1.457800 [31mtotal : 1.457800 [94mAcc_combined: 62.20 [94mAcc_c: 56.98 [94mAcc_g: 50.74 [95mCEU_cue_audio: 0.3236 [95mCEU_cue_video: 0.8416 [95mCEU_synergy: 0.1447 [95mCEU_coexistence: 0.9396 
2025-11-07 20:00:06,466 - Agent - INFO - [37mVal Epoch 11 step 11 with [31mce_loss_combined : 1.536596 [31mtotal : 1.536596 [94mAcc_combined: 60.73 [94mAcc_c: 53.69 [94mAcc_g: 49.38 [95mCEU_cue_audio: 0.3025 [95mCEU_cue_video: 0.8305 [95mCEU_synergy: 0.1725 [95mCEU_coexistence: 0.9080 
2025-11-07 20:06:58,368 - Agent - INFO - [37mVal Epoch 12 step 12 with [31mce_loss_combined : 1.397643 [31mtotal : 1.397643 [94mAcc_combined: 62.54 [94mAcc_c: 52.67 [94mAcc_g: 51.31 [95mCEU_cue_audio: 0.3402 [95mCEU_cue_video: 0.8359 [95mCEU_synergy: 0.1379 [95mCEU_coexistence: 0.9429 
2025-11-07 20:13:46,939 - Agent - INFO - [37mVal Epoch 13 step 13 with [31mce_loss_combined : 1.429068 [31mtotal : 1.429068 [94mAcc_combined: 62.88 [94mAcc_c: 58.34 [94mAcc_g: 50.17 [95mCEU_cue_audio: 0.3362 [95mCEU_cue_video: 0.8305 [95mCEU_synergy: 0.1792 [95mCEU_coexistence: 0.9396 
2025-11-07 20:20:32,993 - Agent - INFO - [37mVal Epoch 14 step 14 with [31mce_loss_combined : 1.540447 [31mtotal : 1.540447 [94mAcc_combined: 61.29 [94mAcc_c: 55.85 [94mAcc_g: 51.42 [95mCEU_cue_audio: 0.3236 [95mCEU_cue_video: 0.8305 [95mCEU_synergy: 0.1519 [95mCEU_coexistence: 0.9175 
2025-11-07 20:27:18,945 - Agent - INFO - [37mVal Epoch 15 step 15 with [31mce_loss_combined : 1.348598 [31mtotal : 1.348598 [94mAcc_combined: 63.90 [94mAcc_c: 57.09 [94mAcc_g: 52.10 [95mCEU_cue_audio: 0.3446 [95mCEU_cue_video: 0.8469 [95mCEU_synergy: 0.1586 [95mCEU_coexistence: 0.9620 
2025-11-07 20:34:02,776 - Agent - INFO - [37mVal Epoch 16 step 16 with [31mce_loss_combined : 1.401486 [31mtotal : 1.401486 [94mAcc_combined: 62.54 [94mAcc_c: 57.78 [94mAcc_g: 51.42 [95mCEU_cue_audio: 0.3236 [95mCEU_cue_video: 0.8252 [95mCEU_synergy: 0.1725 [95mCEU_coexistence: 0.9460 
2025-11-07 20:40:54,164 - Agent - INFO - [37mVal Epoch 17 step 17 with [31mce_loss_combined : 1.401470 [31mtotal : 1.401470 [94mAcc_combined: 61.98 [94mAcc_c: 55.28 [94mAcc_g: 51.42 [95mCEU_cue_audio: 0.3362 [95mCEU_cue_video: 0.8252 [95mCEU_synergy: 0.1653 [95mCEU_coexistence: 0.9239 
2025-11-07 20:47:44,293 - Agent - INFO - [37mVal Epoch 18 step 18 with [31mce_loss_combined : 1.486119 [31mtotal : 1.486119 [94mAcc_combined: 61.52 [94mAcc_c: 56.19 [94mAcc_g: 49.83 [95mCEU_cue_audio: 0.3236 [95mCEU_cue_video: 0.8032 [95mCEU_synergy: 0.1999 [95mCEU_coexistence: 0.9175 
2025-11-07 20:54:44,105 - Agent - INFO - [37mVal Epoch 19 step 19 with [31mce_loss_combined : 1.315916 [31mtotal : 1.315916 [94mAcc_combined: 63.79 [94mAcc_c: 56.19 [94mAcc_g: 53.80 [95mCEU_cue_audio: 0.3528 [95mCEU_cue_video: 0.8252 [95mCEU_synergy: 0.1586 [95mCEU_coexistence: 0.9650 
2025-11-07 21:01:40,497 - Agent - INFO - [37mVal Epoch 20 step 20 with [31mce_loss_combined : 1.335289 [31mtotal : 1.335289 [94mAcc_combined: 64.93 [94mAcc_c: 53.46 [94mAcc_g: 50.96 [95mCEU_cue_audio: 0.3991 [95mCEU_cue_video: 0.8089 [95mCEU_synergy: 0.1999 [95mCEU_coexistence: 0.9524 
2025-11-07 21:01:43,408 - Agent - INFO - We are in the final state.
2025-11-07 21:01:43,789 - root - INFO - Loaded best model from /esat/smcdata/users/kkontras/Image_Dataset/no_backup/data/2025_data/synergy/Synprom_IB_fold1_l0.03_contrcoeff1_perturbgen_lr0.0001_wd0.0001_clsmlp_pre.pth.tar
2025-11-07 21:02:06,698 - Agent - INFO - [37mVal Epoch 20 step 0 with [31mce_loss_combined : 0.725055 [31mtotal : 0.725055 [94mAcc_combined: 75.37 [94mAcc_c: 61.18 [94mAcc_g: 51.76 [95mCEU_cue_audio: 0.8319 [95mCEU_cue_video: 0.6558 [95mCEU_synergy: 0.2412 [95mCEU_coexistence: 0.9874 
2025-11-07 21:02:31,520 - Agent - INFO - [37mTest Epoch 20 step 0 with [31mce_loss_combined : 0.705585 [31mtotal : 0.705585 [94mAcc_combined: 75.96 [94mAcc_c: 62.62 [94mAcc_g: 60.22 
2025-11-07 21:02:33,047 - Agent - INFO - [37mModels has saved successfully in /esat/smcdata/users/kkontras/Image_Dataset/no_backup/data/2025_data/synergy/Synprom_IB_fold1_l0.03_contrcoeff1_perturbgen_lr0.0001_wd0.0001_clsmlp_pre.pth.tar
Job finished
