000 (009.004.000) 2025-11-07 18:42:49 Job submitted from host: <10.87.28.209:9618?addrs=10.87.28.209-9618&alias=krakas.esat.kuleuven.be&noUDP&sock=schedd_1611_9729>
...
001 (009.004.000) 2025-11-07 18:43:01 Job executing on host: <10.87.24.25:9618?addrs=10.87.24.25-9618+[--1]-9618&alias=estragon.esat.kuleuven.be&noUDP&sock=startd_2009_95db>
	SlotName: slot1_2@estragon.esat.kuleuven.be
	AvailableGPUs = { GPUs_GPU_c7741362 }
	CondorScratchDir = "/usr/data/condor/execute/dir_228121"
	Cpus = 8
	Disk = 1054592
	GPUs = 1
	GPUs_GPU_c7741362 = [ Id = "GPU-c7741362"; ClockMhz = 1328.5; Capability = 6.0; CoresPerCU = 64; DeviceName = "Tesla P100-PCIE-16GB"; DeviceUuid = "c7741362-0fc2-057f-631c-ffc90d1eb010"; ECCEnabled = true; ComputeUnits = 56; NvidiaDriver = "580.95.05"; DriverVersion = 13.0; DevicePciBusId = "0000:0B:00.0"; GlobalMemoryMb = 16269; MaxSupportedVersion = 13000 ]
	Memory = 71680
...
006 (009.004.000) 2025-11-07 18:43:10 Image size of job updated: 110284
	108  -  MemoryUsage of job (MB)
	110284  -  ResidentSetSize of job (KB)
...
006 (009.004.000) 2025-11-07 18:48:11 Image size of job updated: 1335664
	1305  -  MemoryUsage of job (MB)
	1335664  -  ResidentSetSize of job (KB)
...
006 (009.004.000) 2025-11-07 18:53:12 Image size of job updated: 1476052
	1341  -  MemoryUsage of job (MB)
	1372752  -  ResidentSetSize of job (KB)
...
006 (009.004.000) 2025-11-07 18:58:12 Image size of job updated: 1486236
	1452  -  MemoryUsage of job (MB)
	1486236  -  ResidentSetSize of job (KB)
...
006 (009.004.000) 2025-11-07 19:03:13 Image size of job updated: 1505424
	1452  -  MemoryUsage of job (MB)
	1486236  -  ResidentSetSize of job (KB)
...
006 (009.004.000) 2025-11-07 19:13:14 Image size of job updated: 1530476
	1452  -  MemoryUsage of job (MB)
	1486236  -  ResidentSetSize of job (KB)
...
006 (009.004.000) 2025-11-07 19:43:18 Image size of job updated: 1567836
	1452  -  MemoryUsage of job (MB)
	1486236  -  ResidentSetSize of job (KB)
...
006 (009.004.000) 2025-11-07 19:53:19 Image size of job updated: 1587844
	1452  -  MemoryUsage of job (MB)
	1486236  -  ResidentSetSize of job (KB)
...
006 (009.004.000) 2025-11-07 20:33:22 Image size of job updated: 1587844
	1494  -  MemoryUsage of job (MB)
	1529420  -  ResidentSetSize of job (KB)
...
006 (009.004.000) 2025-11-07 21:02:42 Image size of job updated: 1655532
	1494  -  MemoryUsage of job (MB)
	1529420  -  ResidentSetSize of job (KB)
...
005 (009.004.000) 2025-11-07 21:02:42 Job terminated.
	(1) Normal termination (return value 0)
		Usr 0 05:51:03, Sys 0 00:33:40  -  Run Remote Usage
		Usr 0 00:00:00, Sys 0 00:00:00  -  Run Local Usage
		Usr 0 05:51:03, Sys 0 00:33:40  -  Total Remote Usage
		Usr 0 00:00:00, Sys 0 00:00:00  -  Total Local Usage
	0  -  Run Bytes Sent By Job
	0  -  Run Bytes Received By Job
	0  -  Total Bytes Sent By Job
	0  -  Total Bytes Received By Job
	Partitionable Resources :    Usage  Request Allocated Assigned
	   Cpus                 :     2.37        8         8 
	   Disk (KB)            :     2     1048576   1054592 
	   GPUs                 :     0.66        1         1 "GPU-c7741362"
	   GpusMemory (MB)      :  9049                       
	   Memory (MB)          :  1494       71680     71680 
	   TimeExecute (s)      :  8381                       
	   TimeSlotBusy (s)     :  8381                       
...
