000 (009.006.000) 2025-11-07 18:42:49 Job submitted from host: <10.87.28.209:9618?addrs=10.87.28.209-9618&alias=krakas.esat.kuleuven.be&noUDP&sock=schedd_1611_9729>
...
001 (009.006.000) 2025-11-07 20:07:46 Job executing on host: <10.87.28.117:9618?addrs=10.87.28.117-9618&alias=stadius-nc-4.esat.kuleuven.be&noUDP&sock=startd_3335_1c6f>
	SlotName: slot1_1@stadius-nc-4.esat.kuleuven.be
	AvailableGPUs = { GPUs_GPU_1236270c }
	CondorScratchDir = "/volume1/condor/execute/dir_1267016"
	Cpus = 8
	Disk = 1050150
	GPUs = 1
	GPUs_GPU_1236270c = [ Id = "GPU-1236270c"; ClockMhz = 1545.0; Capability = 7.5; CoresPerCU = 64; DeviceName = "NVIDIA GeForce RTX 2080 Ti"; DeviceUuid = "1236270c-ad23-648a-e65a-80b2ab2cf0c3"; ECCEnabled = false; ComputeUnits = 68; NvidiaDriver = "570.153.02"; DriverVersion = 12.8; DevicePciBusId = "0000:25:00.0"; GlobalMemoryMb = 10823; MaxSupportedVersion = 12080 ]
	Memory = 71680
...
006 (009.006.000) 2025-11-07 20:07:54 Image size of job updated: 459260
	449  -  MemoryUsage of job (MB)
	459260  -  ResidentSetSize of job (KB)
...
006 (009.006.000) 2025-11-07 20:12:54 Image size of job updated: 1567036
	1531  -  MemoryUsage of job (MB)
	1567036  -  ResidentSetSize of job (KB)
...
006 (009.006.000) 2025-11-07 20:17:55 Image size of job updated: 1604028
	1531  -  MemoryUsage of job (MB)
	1567036  -  ResidentSetSize of job (KB)
...
006 (009.006.000) 2025-11-07 20:22:55 Image size of job updated: 1608404
	1571  -  MemoryUsage of job (MB)
	1608404  -  ResidentSetSize of job (KB)
...
006 (009.006.000) 2025-11-07 20:32:57 Image size of job updated: 1621920
	1571  -  MemoryUsage of job (MB)
	1608404  -  ResidentSetSize of job (KB)
...
006 (009.006.000) 2025-11-07 20:37:57 Image size of job updated: 1634316
	1596  -  MemoryUsage of job (MB)
	1633892  -  ResidentSetSize of job (KB)
...
006 (009.006.000) 2025-11-07 20:42:58 Image size of job updated: 1642316
	1596  -  MemoryUsage of job (MB)
	1633892  -  ResidentSetSize of job (KB)
...
006 (009.006.000) 2025-11-07 20:47:58 Image size of job updated: 1710184
	1596  -  MemoryUsage of job (MB)
	1633892  -  ResidentSetSize of job (KB)
...
006 (009.006.000) 2025-11-07 20:57:59 Image size of job updated: 1710184
	1619  -  MemoryUsage of job (MB)
	1657756  -  ResidentSetSize of job (KB)
...
006 (009.006.000) 2025-11-07 21:13:00 Image size of job updated: 1710184
	1623  -  MemoryUsage of job (MB)
	1661524  -  ResidentSetSize of job (KB)
...
005 (009.006.000) 2025-11-07 21:24:01 Job terminated.
	(1) Normal termination (return value 0)
		Usr 0 03:46:37, Sys 0 00:27:09  -  Run Remote Usage
		Usr 0 00:00:00, Sys 0 00:00:00  -  Run Local Usage
		Usr 0 03:46:37, Sys 0 00:27:09  -  Total Remote Usage
		Usr 0 00:00:00, Sys 0 00:00:00  -  Total Local Usage
	0  -  Run Bytes Sent By Job
	0  -  Run Bytes Received By Job
	0  -  Total Bytes Sent By Job
	0  -  Total Bytes Received By Job
	Partitionable Resources :    Usage  Request Allocated Assigned
	   Cpus                 :     6.17        8         8 
	   Disk (KB)            :     2     1048576   1050150 
	   GPUs                 :     0.63        1         1 "GPU-1236270c"
	   GpusMemory (MB)      :  9266                       
	   Memory (MB)          :  1623       71680     71680 
	   TimeExecute (s)      :  4574                       
	   TimeSlotBusy (s)     :  4574                       
...
