Starting Job
/esat/smcdata/users/kkontras/Image_Dataset/no_backup/git/Synergy/train.py
/esat/smcdata/users/kkontras/Image_Dataset/no_backup/envs/balance_env/bin/python
Python 3.9.18
/esat/smcdata/users/kkontras/Image_Dataset/no_backup/git/Synergy
We have 1 GPU
/esat/smcdata/users/kkontras/Image_Dataset/no_backup/git/Synergy/train.py
config-./configs/CREMA_D/synergy/nov/synprom_ib.json
Executing command: accelerate launch /esat/smcdata/users/kkontras/Image_Dataset/no_backup/git/Synergy/train.py --config ./configs/CREMA_D/synergy/nov/synprom_ib.json --default_config ./configs/CREMA_D/default_config_cremad_res_syn.json --fold 1 --pre  --l 0.1 --contrcoeff 1 --lr 0.0001 --wd 0.0001 --cls mlp --perturb gen --start_over 
Namespace(config='./configs/CREMA_D/synergy/nov/synprom_ib.json', default_config='./configs/CREMA_D/default_config_cremad_res_syn.json', fold='1', alpha=None, tanh_mode=None, tanh_mode_beta=None, regby=None, clip=None, batch_size=None, l='0.1', multil=None, l_diffsq=None, lib=None, ratio_us=None, ratio_snr=None, kmepoch=None, num_samples=None, pow=None, nstep=None, contrcoeff='1', kde_coeff=None, etube=None, temperature=None, contr_type=None, shuffle_type=None, validate_with=None, transform_type=None, trasform_before=None, num_classes=None, base_alpha=None, alpha_var=None, base_beta=None, beta_var=None, optim_method=None, ilr_c=None, ilr_g=None, mmcosine_scaling=None, ending_epoch=None, load_ongoing=None, commonlayers=None, recon_weight1=None, recon_weight2=None, recon_epochstages=None, recon_ensemblestages=None, lr='0.0001', wd='0.0001', mm=None, cls='mlp', perturb='gen', pre=True, frozen=False, tdqm_disable=False, start_over=True)
2025-11-07 20:11:11,547 - Config - INFO - ./configs/CREMA_D/synergy/nov/synprom_ib.json
2025-11-07 20:11:11,552 - Config - INFO -  THE Configuration of your experiment ..
{'agent': 'Agent',
 'dataset': {'data_roots': '/esat/smcdata/users/kkontras/Image_Dataset/no_backup/CremaD/CREMA-D',
             'data_split': {'fold': 0, 'method': 'non_inclusive'},
             'dataloader_class': 'CramedD_Dataloader',
             'fps': 1,
             'norm': False,
             'norm_face_path': './mydatasets/CREMAD/norm_face_path_fold{}.pkl',
             'norm_wav_path': './mydatasets/CREMAD/wav_norm_16000_fold{}.pkl',
             'num_frame': 3,
             'return_data': {'audio': False,
                             'face': False,
                             'spectrogram': True,
                             'video': True},
             'sampling_rate': 22050},
 'early_stopping': {'end_of_epoch_check': True,
                    'log_interval': 10,
                    'max_epoch': 1500,
                    'n_steps_stop': 20,
                    'n_steps_stop_after': 0,
                    'save_every_step': 3000,
                    'save_every_valstep': 10,
                    'validate_after': 0,
                    'validate_every': 25,
                    'validate_with': 'accuracy'},
 'exp_name': 'CREMAD Experiment',
 'model': {'args': {'bias_infusion': {'ending_epoch': 1500,
                                      'l': 0.1,
                                      'method': 'false',
                                      'plot': False,
                                      'starting_epoch': 0,
                                      'use': True},
                    'clip_grad': False,
                    'cls_type': 'linear',
                    'd_model': 512,
                    'dropout': 0.1,
                    'fc_inner': 64,
                    'multi_loss': {'multi_supervised_w': {'c': 0,
                                                          'combined': 1,
                                                          'g': 0}},
                    'num_classes': 6},
           'encoders': [{'args': {'d_model': 512,
                                  'dropout': 0.1,
                                  'fc_inner': 64,
                                  'freeze_encoder': False,
                                  'num_classes': 6},
                         'model': 'Audio_ResNet',
                         'pretrainedEncoder': {'dir': 'unimodal_audio_fold{}_lr0.001_wd0.0001.pth.tar',
                                               'use': False}},
                        {'args': {'d_model': 512,
                                  'dropout': 0.1,
                                  'fc_inner': 64,
                                  'freeze_encoder': False,
                                  'num_classes': 6},
                         'model': 'Video_ResNet',
                         'pretrainedEncoder': {'dir': 'unimodal_video_fold{}_lr0.001_wd0.0001.pth.tar',
                                               'use': False}}],
           'load_ongoing': False,
           'model_class': 'Fusion_Synprom_IB',
           'save_base_dir': '/esat/smcdata/users/kkontras/Image_Dataset/no_backup/data/2025_data/synergy',
           'save_dir': 'Synprom_IB_{}.pth.tar'},
 'optimizer': {'beta1': 0.9,
               'beta2': 0.999,
               'learning_rate': 1e-05,
               'momentum': 0.9,
               'type': 'Adam',
               'weight_decay': 1e-05},
 'scheduler': {'max_lr': 0.03, 'type': 'cosanneal', 'warm_up_steps': 780},
 'training_params': {'adversarial_training': {'adv_epsilon': 0.01,
                                              'use': False},
                     'async_loading': True,
                     'batch_size': 32,
                     'cuda': True,
                     'data_loader_workers': 8,
                     'gpu_device': [0],
                     'pin_memory': False,
                     'rec_test': True,
                     'res': True,
                     'seed': 109,
                     'tdqm_disable': False,
                     'test_batch_size': 32,
                     'test_on_bottoms': False,
                     'use_test_set': True,
                     'validation': True,
                     'verbose': True,
                     'wandb_disable': False}}
2025-11-07 20:11:11,554 - Config - INFO -  *************************************** 
2025-11-07 20:11:11,554 - Config - INFO - The experiment name is CREMAD Experiment
2025-11-07 20:11:11,554 - Config - INFO -  *************************************** 
2025-11-07 20:11:11,554 - root - INFO - save_dir: Synprom_IB_fold1_l0.1_contrcoeff1_perturbgen_lr0.0001_wd0.0001_clsmlp_pre.pth.tar
2025-11-07 20:11:12,167 - Cuda Statistics - INFO - __Python VERSION:  3.9.18 (main, Sep 11 2023, 13:41:44) 
[GCC 11.2.0]
2025-11-07 20:11:12,168 - Cuda Statistics - INFO - __pyTorch VERSION:  2.0.1+cu118
2025-11-07 20:11:12,168 - Cuda Statistics - INFO - __CUDA VERSION
2025-11-07 20:11:12,171 - Cuda Statistics - INFO - __CUDNN VERSION:  8700
2025-11-07 20:11:12,207 - Cuda Statistics - INFO - __Number CUDA Devices:  1
2025-11-07 20:11:12,208 - Cuda Statistics - INFO - __Devices
2025-11-07 20:11:12,208 - Cuda Statistics - INFO - index, name, driver_version, memory.total [MiB], memory.used [MiB], memory.free [MiB]
2025-11-07 20:11:12,208 - Cuda Statistics - INFO - 0, NVIDIA A100-SXM4-80GB, 580.95.05, 81920 MiB, 4 MiB, 81150 MiB
2025-11-07 20:11:12,212 - Cuda Statistics - INFO - Active CUDA Device: GPU 0
2025-11-07 20:11:12,212 - Cuda Statistics - INFO - Available devices  1
2025-11-07 20:11:12,212 - Cuda Statistics - INFO - Current cuda device  0
This path does not exist /esat/smcdata/users/kkontras/Image_Dataset/no_backup/CremaD/CREMA-D/AudioWAV/1076_MTI_SAD_XX.wav or /esat/smcdata/users/kkontras/Image_Dataset/no_backup/CremaD/CREMA-D/Image-01-FPS/1076_MTI_SAD_XX or /esat/smcdata/users/kkontras/Image_Dataset/no_backup/CremaD/CREMA-D/Face_features/1076_MTI_SAD_XX.npy
2025-11-07 20:11:14,800 - root - INFO - Loaded wav norm from ./mydatasets/CREMAD/wav_norm_16000_fold1.pkl
2025-11-07 20:11:14,805 - root - INFO - Norm values are {'mean': tensor(-2.6751e-05), 'std': tensor(0.0610), 'max_duration': 5.005}
2025-11-07 20:11:15,348 - root - INFO - Loaded wav norm from ./mydatasets/CREMAD/wav_norm_16000_fold1.pkl
2025-11-07 20:11:15,349 - root - INFO - Norm values are {'mean': tensor(-2.6751e-05), 'std': tensor(0.0610), 'max_duration': 5.005}
2025-11-07 20:11:15,937 - root - INFO - Loaded wav norm from ./mydatasets/CREMAD/wav_norm_16000_fold1.pkl
2025-11-07 20:11:15,939 - root - INFO - Norm values are {'mean': tensor(-2.6751e-05), 'std': tensor(0.0610), 'max_duration': 5.005}
Available cores 8
We are changing dataloader workers to num of cores 0
2025-11-07 20:11:15,942 - Agent - INFO - Device: cuda:0
2025-11-07 20:11:15,942 - Agent - INFO - Total training batches: 126, validate every 25 batches, steps per epoch: 6
2025-11-07 20:11:21,391 - Agent - INFO - Loss Weights are {'total': 1, 'combined': 1, 'c': 0, 'g': 0}
2025-11-07 20:11:22,406 - root - INFO - Loading enc best model state dict from /esat/smcdata/users/kkontras/Image_Dataset/no_backup/data/2025_data/synergy/unimodal_audio_fold1_lr0.001_wd0.0001.pth.tar
Replacing module
2025-11-07 20:11:23,414 - root - INFO - Loading enc best model state dict from /esat/smcdata/users/kkontras/Image_Dataset/no_backup/data/2025_data/synergy/unimodal_video_fold1_lr0.001_wd0.0001.pth.tar
Replacing module
2025-11-07 20:11:23,536 - Agent - INFO - Total number of trainable parameters are: 23483032
2025-11-07 20:11:23,550 - Agent - INFO - Total number of trainable parameters are: 23483032
2025-11-07 20:15:26,700 - Agent - INFO - [37mVal Epoch 1 step 1 with [31mce_loss_combined : 0.790670 [31mtotal : 0.790670 [94mAcc_combined: 75.37 [94mAcc_c: 61.29 [94mAcc_g: 51.65 [95mCEU_cue_audio: 0.7983 [95mCEU_cue_video: 0.7049 [95mCEU_synergy: 0.2345 [95mCEU_coexistence: 0.9874 
2025-11-07 20:15:26,720 - Agent - INFO - [37mTest Epoch 1 step 1 with [31mce_loss_combined : 0.750904 [31mtotal : 0.750904 [94mAcc_combined: 77.05 [94mAcc_c: 62.08 [94mAcc_g: 60.00 
2025-11-07 20:15:27,774 - Agent - INFO - [37mModels has saved successfully in /esat/smcdata/users/kkontras/Image_Dataset/no_backup/data/2025_data/synergy/Synprom_IB_fold1_l0.1_contrcoeff1_perturbgen_lr0.0001_wd0.0001_clsmlp_pre.pth.tar
2025-11-07 20:19:24,956 - Agent - INFO - [37mVal Epoch 2 step 2 with [31mce_loss_combined : 1.025504 [31mtotal : 1.025504 [94mAcc_combined: 65.72 [94mAcc_c: 55.85 [94mAcc_g: 52.10 [95mCEU_cue_audio: 0.4580 [95mCEU_cue_video: 0.8142 [95mCEU_synergy: 0.2072 [95mCEU_coexistence: 0.9239 
2025-11-07 20:23:24,163 - Agent - INFO - [37mVal Epoch 3 step 3 with [31mce_loss_combined : 1.317886 [31mtotal : 1.317886 [94mAcc_combined: 58.34 [94mAcc_c: 53.69 [94mAcc_g: 51.31 [95mCEU_cue_audio: 0.2983 [95mCEU_cue_video: 0.7597 [95mCEU_synergy: 0.1586 [95mCEU_coexistence: 0.8921 
2025-11-07 20:27:22,637 - Agent - INFO - [37mVal Epoch 4 step 4 with [31mce_loss_combined : 1.452792 [31mtotal : 1.452792 [94mAcc_combined: 60.05 [94mAcc_c: 54.60 [94mAcc_g: 51.08 [95mCEU_cue_audio: 0.2983 [95mCEU_cue_video: 0.7978 [95mCEU_synergy: 0.1586 [95mCEU_coexistence: 0.9175 
2025-11-07 20:31:21,370 - Agent - INFO - [37mVal Epoch 5 step 5 with [31mce_loss_combined : 1.458568 [31mtotal : 1.458568 [94mAcc_combined: 58.68 [94mAcc_c: 56.07 [94mAcc_g: 51.65 [95mCEU_cue_audio: 0.2480 [95mCEU_cue_video: 0.8252 [95mCEU_synergy: 0.1312 [95mCEU_coexistence: 0.9144 
2025-11-07 20:35:19,243 - Agent - INFO - [37mVal Epoch 6 step 6 with [31mce_loss_combined : 1.565441 [31mtotal : 1.565441 [94mAcc_combined: 56.87 [94mAcc_c: 52.89 [94mAcc_g: 50.96 [95mCEU_cue_audio: 0.2395 [95mCEU_cue_video: 0.7978 [95mCEU_synergy: 0.1725 [95mCEU_coexistence: 0.8666 
2025-11-07 20:39:17,996 - Agent - INFO - [37mVal Epoch 7 step 7 with [31mce_loss_combined : 1.503588 [31mtotal : 1.503588 [94mAcc_combined: 58.34 [94mAcc_c: 52.67 [94mAcc_g: 50.96 [95mCEU_cue_audio: 0.2899 [95mCEU_cue_video: 0.7978 [95mCEU_synergy: 0.1312 [95mCEU_coexistence: 0.8890 
2025-11-07 20:43:17,406 - Agent - INFO - [37mVal Epoch 8 step 8 with [31mce_loss_combined : 1.407226 [31mtotal : 1.407226 [94mAcc_combined: 62.66 [94mAcc_c: 55.62 [94mAcc_g: 51.53 [95mCEU_cue_audio: 0.3657 [95mCEU_cue_video: 0.8142 [95mCEU_synergy: 0.1653 [95mCEU_coexistence: 0.9270 
2025-11-07 20:47:15,139 - Agent - INFO - [37mVal Epoch 9 step 9 with [31mce_loss_combined : 1.365663 [31mtotal : 1.365663 [94mAcc_combined: 64.25 [94mAcc_c: 55.28 [94mAcc_g: 54.26 [95mCEU_cue_audio: 0.3697 [95mCEU_cue_video: 0.8416 [95mCEU_synergy: 0.1379 [95mCEU_coexistence: 0.9650 
2025-11-07 20:51:15,467 - Agent - INFO - [37mVal Epoch 10 step 10 with [31mce_loss_combined : 1.394282 [31mtotal : 1.394282 [94mAcc_combined: 62.20 [94mAcc_c: 55.62 [94mAcc_g: 51.31 [95mCEU_cue_audio: 0.3151 [95mCEU_cue_video: 0.8416 [95mCEU_synergy: 0.1519 [95mCEU_coexistence: 0.9429 
2025-11-07 20:55:17,593 - Agent - INFO - [37mVal Epoch 11 step 11 with [31mce_loss_combined : 1.498494 [31mtotal : 1.498494 [94mAcc_combined: 60.27 [94mAcc_c: 52.55 [94mAcc_g: 49.38 [95mCEU_cue_audio: 0.3025 [95mCEU_cue_video: 0.8252 [95mCEU_synergy: 0.1653 [95mCEU_coexistence: 0.9016 
2025-11-07 20:59:19,534 - Agent - INFO - [37mVal Epoch 12 step 12 with [31mce_loss_combined : 1.340508 [31mtotal : 1.340508 [94mAcc_combined: 63.11 [94mAcc_c: 53.12 [94mAcc_g: 52.89 [95mCEU_cue_audio: 0.3446 [95mCEU_cue_video: 0.8416 [95mCEU_synergy: 0.1519 [95mCEU_coexistence: 0.9460 
2025-11-07 21:03:18,719 - Agent - INFO - [37mVal Epoch 13 step 13 with [31mce_loss_combined : 1.403657 [31mtotal : 1.403657 [94mAcc_combined: 63.11 [94mAcc_c: 58.00 [94mAcc_g: 51.19 [95mCEU_cue_audio: 0.3362 [95mCEU_cue_video: 0.8359 [95mCEU_synergy: 0.1932 [95mCEU_coexistence: 0.9365 
2025-11-07 21:07:19,140 - Agent - INFO - [37mVal Epoch 14 step 14 with [31mce_loss_combined : 1.472439 [31mtotal : 1.472439 [94mAcc_combined: 61.75 [94mAcc_c: 55.96 [94mAcc_g: 51.76 [95mCEU_cue_audio: 0.3194 [95mCEU_cue_video: 0.8416 [95mCEU_synergy: 0.1653 [95mCEU_coexistence: 0.9206 
2025-11-07 21:11:17,458 - Agent - INFO - [37mVal Epoch 15 step 15 with [31mce_loss_combined : 1.328570 [31mtotal : 1.328570 [94mAcc_combined: 64.25 [94mAcc_c: 56.07 [94mAcc_g: 53.35 [95mCEU_cue_audio: 0.3528 [95mCEU_cue_video: 0.8527 [95mCEU_synergy: 0.1725 [95mCEU_coexistence: 0.9555 
2025-11-07 21:15:13,645 - Agent - INFO - [37mVal Epoch 16 step 16 with [31mce_loss_combined : 1.361883 [31mtotal : 1.361883 [94mAcc_combined: 62.54 [94mAcc_c: 56.87 [94mAcc_g: 51.76 [95mCEU_cue_audio: 0.3362 [95mCEU_cue_video: 0.8305 [95mCEU_synergy: 0.1653 [95mCEU_coexistence: 0.9365 
2025-11-07 21:19:12,133 - Agent - INFO - [37mVal Epoch 17 step 17 with [31mce_loss_combined : 1.400353 [31mtotal : 1.400353 [94mAcc_combined: 60.73 [94mAcc_c: 52.89 [94mAcc_g: 50.17 [95mCEU_cue_audio: 0.3025 [95mCEU_cue_video: 0.8252 [95mCEU_synergy: 0.1586 [95mCEU_coexistence: 0.9175 
2025-11-07 21:23:11,979 - Agent - INFO - [37mVal Epoch 18 step 18 with [31mce_loss_combined : 1.430830 [31mtotal : 1.430830 [94mAcc_combined: 61.63 [94mAcc_c: 56.30 [94mAcc_g: 50.40 [95mCEU_cue_audio: 0.3236 [95mCEU_cue_video: 0.8252 [95mCEU_synergy: 0.1999 [95mCEU_coexistence: 0.9080 
2025-11-07 21:27:13,351 - Agent - INFO - [37mVal Epoch 19 step 19 with [31mce_loss_combined : 1.275078 [31mtotal : 1.275078 [94mAcc_combined: 64.47 [94mAcc_c: 56.75 [94mAcc_g: 54.14 [95mCEU_cue_audio: 0.3697 [95mCEU_cue_video: 0.8469 [95mCEU_synergy: 0.1792 [95mCEU_coexistence: 0.9491 
2025-11-07 21:31:13,463 - Agent - INFO - [37mVal Epoch 20 step 20 with [31mce_loss_combined : 1.386877 [31mtotal : 1.386877 [94mAcc_combined: 63.56 [94mAcc_c: 51.08 [94mAcc_g: 52.21 [95mCEU_cue_audio: 0.3823 [95mCEU_cue_video: 0.7978 [95mCEU_synergy: 0.2072 [95mCEU_coexistence: 0.9301 
2025-11-07 21:31:15,816 - Agent - INFO - We are in the final state.
2025-11-07 21:31:16,167 - root - INFO - Loaded best model from /esat/smcdata/users/kkontras/Image_Dataset/no_backup/data/2025_data/synergy/Synprom_IB_fold1_l0.1_contrcoeff1_perturbgen_lr0.0001_wd0.0001_clsmlp_pre.pth.tar
2025-11-07 21:31:37,274 - Agent - INFO - [37mVal Epoch 20 step 0 with [31mce_loss_combined : 0.790670 [31mtotal : 0.790670 [94mAcc_combined: 75.37 [94mAcc_c: 61.29 [94mAcc_g: 51.65 [95mCEU_cue_audio: 0.7983 [95mCEU_cue_video: 0.7049 [95mCEU_synergy: 0.2345 [95mCEU_coexistence: 0.9874 
2025-11-07 21:31:59,934 - Agent - INFO - [37mTest Epoch 20 step 0 with [31mce_loss_combined : 0.750904 [31mtotal : 0.750904 [94mAcc_combined: 77.05 [94mAcc_c: 62.08 [94mAcc_g: 60.00 
2025-11-07 21:32:01,551 - Agent - INFO - [37mModels has saved successfully in /esat/smcdata/users/kkontras/Image_Dataset/no_backup/data/2025_data/synergy/Synprom_IB_fold1_l0.1_contrcoeff1_perturbgen_lr0.0001_wd0.0001_clsmlp_pre.pth.tar
Job finished
