Starting Job
/esat/smcdata/users/kkontras/Image_Dataset/no_backup/git/Synergy/train.py
/esat/smcdata/users/kkontras/Image_Dataset/no_backup/envs/balance_env/bin/python
Python 3.9.18
/esat/smcdata/users/kkontras/Image_Dataset/no_backup/git/Synergy
We have 1 GPU
/esat/smcdata/users/kkontras/Image_Dataset/no_backup/git/Synergy/train.py
config-./configs/CREMA_D/synergy/nov/synprom_ib.json
Executing command: accelerate launch /esat/smcdata/users/kkontras/Image_Dataset/no_backup/git/Synergy/train.py --config ./configs/CREMA_D/synergy/nov/synprom_ib.json --default_config ./configs/CREMA_D/default_config_cremad_res_syn.json --fold 2 --pre  --l 0.1 --contrcoeff 1 --lr 0.0001 --wd 0.0001 --cls mlp --perturb gen --start_over 
Namespace(config='./configs/CREMA_D/synergy/nov/synprom_ib.json', default_config='./configs/CREMA_D/default_config_cremad_res_syn.json', fold='2', alpha=None, tanh_mode=None, tanh_mode_beta=None, regby=None, clip=None, batch_size=None, l='0.1', multil=None, l_diffsq=None, lib=None, ratio_us=None, ratio_snr=None, kmepoch=None, num_samples=None, pow=None, nstep=None, contrcoeff='1', kde_coeff=None, etube=None, temperature=None, contr_type=None, shuffle_type=None, validate_with=None, transform_type=None, trasform_before=None, num_classes=None, base_alpha=None, alpha_var=None, base_beta=None, beta_var=None, optim_method=None, ilr_c=None, ilr_g=None, mmcosine_scaling=None, ending_epoch=None, load_ongoing=None, commonlayers=None, recon_weight1=None, recon_weight2=None, recon_epochstages=None, recon_ensemblestages=None, lr='0.0001', wd='0.0001', mm=None, cls='mlp', perturb='gen', pre=True, frozen=False, tdqm_disable=False, start_over=True)
2025-11-07 18:44:11,137 - Config - INFO - ./configs/CREMA_D/synergy/nov/synprom_ib.json
2025-11-07 18:44:11,140 - Config - INFO -  THE Configuration of your experiment ..
{'agent': 'Agent',
 'dataset': {'data_roots': '/esat/smcdata/users/kkontras/Image_Dataset/no_backup/CremaD/CREMA-D',
             'data_split': {'fold': 0, 'method': 'non_inclusive'},
             'dataloader_class': 'CramedD_Dataloader',
             'fps': 1,
             'norm': False,
             'norm_face_path': './mydatasets/CREMAD/norm_face_path_fold{}.pkl',
             'norm_wav_path': './mydatasets/CREMAD/wav_norm_16000_fold{}.pkl',
             'num_frame': 3,
             'return_data': {'audio': False,
                             'face': False,
                             'spectrogram': True,
                             'video': True},
             'sampling_rate': 22050},
 'early_stopping': {'end_of_epoch_check': True,
                    'log_interval': 10,
                    'max_epoch': 1500,
                    'n_steps_stop': 20,
                    'n_steps_stop_after': 0,
                    'save_every_step': 3000,
                    'save_every_valstep': 10,
                    'validate_after': 0,
                    'validate_every': 25,
                    'validate_with': 'accuracy'},
 'exp_name': 'CREMAD Experiment',
 'model': {'args': {'bias_infusion': {'ending_epoch': 1500,
                                      'l': 0.1,
                                      'method': 'false',
                                      'plot': False,
                                      'starting_epoch': 0,
                                      'use': True},
                    'clip_grad': False,
                    'cls_type': 'linear',
                    'd_model': 512,
                    'dropout': 0.1,
                    'fc_inner': 64,
                    'multi_loss': {'multi_supervised_w': {'c': 0,
                                                          'combined': 1,
                                                          'g': 0}},
                    'num_classes': 6},
           'encoders': [{'args': {'d_model': 512,
                                  'dropout': 0.1,
                                  'fc_inner': 64,
                                  'freeze_encoder': False,
                                  'num_classes': 6},
                         'model': 'Audio_ResNet',
                         'pretrainedEncoder': {'dir': 'unimodal_audio_fold{}_lr0.001_wd0.0001.pth.tar',
                                               'use': False}},
                        {'args': {'d_model': 512,
                                  'dropout': 0.1,
                                  'fc_inner': 64,
                                  'freeze_encoder': False,
                                  'num_classes': 6},
                         'model': 'Video_ResNet',
                         'pretrainedEncoder': {'dir': 'unimodal_video_fold{}_lr0.001_wd0.0001.pth.tar',
                                               'use': False}}],
           'load_ongoing': False,
           'model_class': 'Fusion_Synprom_IB',
           'save_base_dir': '/esat/smcdata/users/kkontras/Image_Dataset/no_backup/data/2025_data/synergy',
           'save_dir': 'Synprom_IB_{}.pth.tar'},
 'optimizer': {'beta1': 0.9,
               'beta2': 0.999,
               'learning_rate': 1e-05,
               'momentum': 0.9,
               'type': 'Adam',
               'weight_decay': 1e-05},
 'scheduler': {'max_lr': 0.03, 'type': 'cosanneal', 'warm_up_steps': 780},
 'training_params': {'adversarial_training': {'adv_epsilon': 0.01,
                                              'use': False},
                     'async_loading': True,
                     'batch_size': 32,
                     'cuda': True,
                     'data_loader_workers': 8,
                     'gpu_device': [0],
                     'pin_memory': False,
                     'rec_test': True,
                     'res': True,
                     'seed': 109,
                     'tdqm_disable': False,
                     'test_batch_size': 32,
                     'test_on_bottoms': False,
                     'use_test_set': True,
                     'validation': True,
                     'verbose': True,
                     'wandb_disable': False}}
2025-11-07 18:44:11,144 - Config - INFO -  *************************************** 
2025-11-07 18:44:11,144 - Config - INFO - The experiment name is CREMAD Experiment
2025-11-07 18:44:11,144 - Config - INFO -  *************************************** 
2025-11-07 18:44:11,144 - root - INFO - save_dir: Synprom_IB_fold2_l0.1_contrcoeff1_perturbgen_lr0.0001_wd0.0001_clsmlp_pre.pth.tar
2025-11-07 18:44:11,352 - Cuda Statistics - INFO - __Python VERSION:  3.9.18 (main, Sep 11 2023, 13:41:44) 
[GCC 11.2.0]
2025-11-07 18:44:11,353 - Cuda Statistics - INFO - __pyTorch VERSION:  2.0.1+cu118
2025-11-07 18:44:11,353 - Cuda Statistics - INFO - __CUDA VERSION
2025-11-07 18:44:11,361 - Cuda Statistics - INFO - __CUDNN VERSION:  8700
2025-11-07 18:44:11,407 - Cuda Statistics - INFO - __Number CUDA Devices:  1
2025-11-07 18:44:11,408 - Cuda Statistics - INFO - __Devices
2025-11-07 18:44:11,408 - Cuda Statistics - INFO - index, name, driver_version, memory.total [MiB], memory.used [MiB], memory.free [MiB]
2025-11-07 18:44:11,408 - Cuda Statistics - INFO - 0, Tesla P100-PCIE-16GB, 580.95.05, 16384 MiB, 3 MiB, 16268 MiB
2025-11-07 18:44:11,412 - Cuda Statistics - INFO - Active CUDA Device: GPU 0
2025-11-07 18:44:11,413 - Cuda Statistics - INFO - Available devices  1
2025-11-07 18:44:11,413 - Cuda Statistics - INFO - Current cuda device  0
This path does not exist /esat/smcdata/users/kkontras/Image_Dataset/no_backup/CremaD/CREMA-D/AudioWAV/1076_MTI_SAD_XX.wav or /esat/smcdata/users/kkontras/Image_Dataset/no_backup/CremaD/CREMA-D/Image-01-FPS/1076_MTI_SAD_XX or /esat/smcdata/users/kkontras/Image_Dataset/no_backup/CremaD/CREMA-D/Face_features/1076_MTI_SAD_XX.npy
2025-11-07 18:44:14,022 - root - INFO - Loaded wav norm from ./mydatasets/CREMAD/wav_norm_16000_fold2.pkl
2025-11-07 18:44:14,083 - root - INFO - Norm values are {'mean': tensor(-2.7781e-05), 'std': tensor(0.0615), 'max_duration': 5.005}
2025-11-07 18:44:14,235 - root - INFO - Loaded wav norm from ./mydatasets/CREMAD/wav_norm_16000_fold2.pkl
2025-11-07 18:44:14,236 - root - INFO - Norm values are {'mean': tensor(-2.7781e-05), 'std': tensor(0.0615), 'max_duration': 5.005}
2025-11-07 18:44:14,410 - root - INFO - Loaded wav norm from ./mydatasets/CREMAD/wav_norm_16000_fold2.pkl
2025-11-07 18:44:14,411 - root - INFO - Norm values are {'mean': tensor(-2.7781e-05), 'std': tensor(0.0615), 'max_duration': 5.005}
Available cores 8
We are changing dataloader workers to num of cores 0
2025-11-07 18:44:14,416 - Agent - INFO - Device: cuda:0
2025-11-07 18:44:14,416 - Agent - INFO - Total training batches: 126, validate every 25 batches, steps per epoch: 6
2025-11-07 18:44:21,877 - Agent - INFO - Loss Weights are {'total': 1, 'combined': 1, 'c': 0, 'g': 0}
2025-11-07 18:44:23,740 - root - INFO - Loading enc best model state dict from /esat/smcdata/users/kkontras/Image_Dataset/no_backup/data/2025_data/synergy/unimodal_audio_fold2_lr0.001_wd0.0001.pth.tar
Replacing module
2025-11-07 18:44:24,875 - root - INFO - Loading enc best model state dict from /esat/smcdata/users/kkontras/Image_Dataset/no_backup/data/2025_data/synergy/unimodal_video_fold2_lr0.001_wd0.0001.pth.tar
Replacing module
2025-11-07 18:44:24,961 - Agent - INFO - Total number of trainable parameters are: 23483032
2025-11-07 18:44:24,980 - Agent - INFO - Total number of trainable parameters are: 23483032
2025-11-07 18:51:53,681 - Agent - INFO - [37mVal Epoch 1 step 1 with [31mce_loss_combined : 0.866248 [31mtotal : 0.866248 [94mAcc_combined: 72.73 [94mAcc_c: 57.54 [94mAcc_g: 63.87 [95mCEU_cue_audio: 0.8731 [95mCEU_cue_video: 0.5292 [95mCEU_synergy: 0.2047 [95mCEU_coexistence: 0.9787 
2025-11-07 18:51:53,707 - Agent - INFO - [37mTest Epoch 1 step 1 with [31mce_loss_combined : 0.813160 [31mtotal : 0.813160 [94mAcc_combined: 74.30 [94mAcc_c: 62.10 [94mAcc_g: 55.35 
2025-11-07 18:51:54,322 - Agent - INFO - [37mModels has saved successfully in /esat/smcdata/users/kkontras/Image_Dataset/no_backup/data/2025_data/synergy/Synprom_IB_fold2_l0.1_contrcoeff1_perturbgen_lr0.0001_wd0.0001_clsmlp_pre.pth.tar
2025-11-07 18:59:08,079 - Agent - INFO - [37mVal Epoch 2 step 2 with [31mce_loss_combined : 0.726024 [31mtotal : 0.726024 [94mAcc_combined: 77.33 [94mAcc_c: 54.32 [94mAcc_g: 67.09 [95mCEU_cue_audio: 0.8041 [95mCEU_cue_video: 0.7175 [95mCEU_synergy: 0.3071 [95mCEU_coexistence: 0.9726 
2025-11-07 18:59:08,106 - Agent - INFO - [37mTest Epoch 2 step 2 with [31mce_loss_combined : 0.881615 [31mtotal : 0.881615 [94mAcc_combined: 71.31 [94mAcc_c: 61.13 [94mAcc_g: 53.21 
2025-11-07 18:59:09,022 - Agent - INFO - [37mModels has saved successfully in /esat/smcdata/users/kkontras/Image_Dataset/no_backup/data/2025_data/synergy/Synprom_IB_fold2_l0.1_contrcoeff1_perturbgen_lr0.0001_wd0.0001_clsmlp_pre.pth.tar
2025-11-07 19:06:22,655 - Agent - INFO - [37mVal Epoch 3 step 3 with [31mce_loss_combined : 0.712204 [31mtotal : 0.712204 [94mAcc_combined: 77.22 [94mAcc_c: 57.65 [94mAcc_g: 64.33 [95mCEU_cue_audio: 0.6826 [95mCEU_cue_video: 0.8476 [95mCEU_synergy: 0.2519 [95mCEU_coexistence: 0.9726 
2025-11-07 19:13:36,584 - Agent - INFO - [37mVal Epoch 4 step 4 with [31mce_loss_combined : 0.776755 [31mtotal : 0.776755 [94mAcc_combined: 77.10 [94mAcc_c: 54.55 [94mAcc_g: 65.59 [95mCEU_cue_audio: 0.6772 [95mCEU_cue_video: 0.8609 [95mCEU_synergy: 0.2361 [95mCEU_coexistence: 0.9697 
2025-11-07 19:20:47,767 - Agent - INFO - [37mVal Epoch 5 step 5 with [31mce_loss_combined : 0.952564 [31mtotal : 0.952564 [94mAcc_combined: 72.04 [94mAcc_c: 56.39 [94mAcc_g: 62.03 [95mCEU_cue_audio: 0.5503 [95mCEU_cue_video: 0.8387 [95mCEU_synergy: 0.2519 [95mCEU_coexistence: 0.9181 
2025-11-07 19:27:57,337 - Agent - INFO - [37mVal Epoch 6 step 6 with [31mce_loss_combined : 0.949524 [31mtotal : 0.949524 [94mAcc_combined: 72.84 [94mAcc_c: 55.24 [94mAcc_g: 62.14 [95mCEU_cue_audio: 0.5131 [95mCEU_cue_video: 0.8566 [95mCEU_synergy: 0.2676 [95mCEU_coexistence: 0.9423 
2025-11-07 19:35:11,485 - Agent - INFO - [37mVal Epoch 7 step 7 with [31mce_loss_combined : 0.831765 [31mtotal : 0.831765 [94mAcc_combined: 75.14 [94mAcc_c: 52.93 [94mAcc_g: 63.29 [95mCEU_cue_audio: 0.5871 [95mCEU_cue_video: 0.8655 [95mCEU_synergy: 0.2047 [95mCEU_coexistence: 0.9787 
2025-11-07 19:42:22,526 - Agent - INFO - [37mVal Epoch 8 step 8 with [31mce_loss_combined : 0.856233 [31mtotal : 0.856233 [94mAcc_combined: 75.14 [94mAcc_c: 52.59 [94mAcc_g: 62.72 [95mCEU_cue_audio: 0.6032 [95mCEU_cue_video: 0.8788 [95mCEU_synergy: 0.1889 [95mCEU_coexistence: 0.9666 
2025-11-07 19:49:36,974 - Agent - INFO - [37mVal Epoch 9 step 9 with [31mce_loss_combined : 0.857060 [31mtotal : 0.857060 [94mAcc_combined: 73.42 [94mAcc_c: 55.81 [94mAcc_g: 60.53 [95mCEU_cue_audio: 0.5766 [95mCEU_cue_video: 0.8297 [95mCEU_synergy: 0.1970 [95mCEU_coexistence: 0.9666 
2025-11-07 19:56:47,474 - Agent - INFO - [37mVal Epoch 10 step 10 with [31mce_loss_combined : 1.011758 [31mtotal : 1.011758 [94mAcc_combined: 72.15 [94mAcc_c: 49.60 [94mAcc_g: 60.76 [95mCEU_cue_audio: 0.5237 [95mCEU_cue_video: 0.8340 [95mCEU_synergy: 0.2047 [95mCEU_coexistence: 0.9576 
2025-11-07 20:04:02,743 - Agent - INFO - [37mVal Epoch 11 step 11 with [31mce_loss_combined : 0.894129 [31mtotal : 0.894129 [94mAcc_combined: 74.45 [94mAcc_c: 51.90 [94mAcc_g: 59.03 [95mCEU_cue_audio: 0.5926 [95mCEU_cue_video: 0.8429 [95mCEU_synergy: 0.2361 [95mCEU_coexistence: 0.9605 
2025-11-07 20:11:13,936 - Agent - INFO - [37mVal Epoch 12 step 12 with [31mce_loss_combined : 0.984907 [31mtotal : 0.984907 [94mAcc_combined: 73.53 [94mAcc_c: 50.98 [94mAcc_g: 61.45 [95mCEU_cue_audio: 0.5821 [95mCEU_cue_video: 0.8519 [95mCEU_synergy: 0.1655 [95mCEU_coexistence: 0.9637 
2025-11-07 20:18:27,222 - Agent - INFO - [37mVal Epoch 13 step 13 with [31mce_loss_combined : 0.892105 [31mtotal : 0.892105 [94mAcc_combined: 74.68 [94mAcc_c: 52.13 [94mAcc_g: 62.26 [95mCEU_cue_audio: 0.6244 [95mCEU_cue_video: 0.8519 [95mCEU_synergy: 0.1889 [95mCEU_coexistence: 0.9605 
2025-11-07 20:25:41,103 - Agent - INFO - [37mVal Epoch 14 step 14 with [31mce_loss_combined : 0.911314 [31mtotal : 0.911314 [94mAcc_combined: 77.56 [94mAcc_c: 52.13 [94mAcc_g: 64.21 [95mCEU_cue_audio: 0.6720 [95mCEU_cue_video: 0.8835 [95mCEU_synergy: 0.2127 [95mCEU_coexistence: 0.9787 
2025-11-07 20:25:41,152 - Agent - INFO - [37mTest Epoch 14 step 14 with [31mce_loss_combined : 1.258618 [31mtotal : 1.258618 [94mAcc_combined: 65.63 [94mAcc_c: 53.53 [94mAcc_g: 52.25 
2025-11-07 20:25:42,109 - Agent - INFO - [37mModels has saved successfully in /esat/smcdata/users/kkontras/Image_Dataset/no_backup/data/2025_data/synergy/Synprom_IB_fold2_l0.1_contrcoeff1_perturbgen_lr0.0001_wd0.0001_clsmlp_pre.pth.tar
2025-11-07 20:32:54,476 - Agent - INFO - [37mVal Epoch 15 step 15 with [31mce_loss_combined : 1.016598 [31mtotal : 1.016598 [94mAcc_combined: 74.22 [94mAcc_c: 52.59 [94mAcc_g: 63.41 [95mCEU_cue_audio: 0.6244 [95mCEU_cue_video: 0.8387 [95mCEU_synergy: 0.1732 [95mCEU_coexistence: 0.9637 
2025-11-07 20:40:02,668 - Agent - INFO - [37mVal Epoch 16 step 16 with [31mce_loss_combined : 0.939265 [31mtotal : 0.939265 [94mAcc_combined: 73.65 [94mAcc_c: 52.93 [94mAcc_g: 60.30 [95mCEU_cue_audio: 0.5766 [95mCEU_cue_video: 0.8566 [95mCEU_synergy: 0.2127 [95mCEU_coexistence: 0.9484 
2025-11-07 20:47:14,287 - Agent - INFO - [37mVal Epoch 17 step 17 with [31mce_loss_combined : 1.069337 [31mtotal : 1.069337 [94mAcc_combined: 73.19 [94mAcc_c: 52.59 [94mAcc_g: 60.99 [95mCEU_cue_audio: 0.5715 [95mCEU_cue_video: 0.8297 [95mCEU_synergy: 0.2285 [95mCEU_coexistence: 0.9515 
2025-11-07 20:54:26,623 - Agent - INFO - [37mVal Epoch 18 step 18 with [31mce_loss_combined : 1.008792 [31mtotal : 1.008792 [94mAcc_combined: 76.06 [94mAcc_c: 53.86 [94mAcc_g: 62.14 [95mCEU_cue_audio: 0.6189 [95mCEU_cue_video: 0.8745 [95mCEU_synergy: 0.2204 [95mCEU_coexistence: 0.9726 
2025-11-07 21:01:38,885 - Agent - INFO - [37mVal Epoch 19 step 19 with [31mce_loss_combined : 1.005554 [31mtotal : 1.005554 [94mAcc_combined: 74.11 [94mAcc_c: 49.48 [94mAcc_g: 63.52 [95mCEU_cue_audio: 0.5926 [95mCEU_cue_video: 0.8429 [95mCEU_synergy: 0.2047 [95mCEU_coexistence: 0.9637 
2025-11-07 21:08:53,902 - Agent - INFO - [37mVal Epoch 20 step 20 with [31mce_loss_combined : 1.055022 [31mtotal : 1.055022 [94mAcc_combined: 74.22 [94mAcc_c: 53.05 [94mAcc_g: 62.26 [95mCEU_cue_audio: 0.6138 [95mCEU_cue_video: 0.8519 [95mCEU_synergy: 0.1655 [95mCEU_coexistence: 0.9637 
2025-11-07 21:16:11,901 - Agent - INFO - [37mVal Epoch 21 step 21 with [31mce_loss_combined : 1.084561 [31mtotal : 1.084561 [94mAcc_combined: 72.84 [94mAcc_c: 52.24 [94mAcc_g: 60.18 [95mCEU_cue_audio: 0.5715 [95mCEU_cue_video: 0.8250 [95mCEU_synergy: 0.2361 [95mCEU_coexistence: 0.9423 
2025-11-07 21:23:27,305 - Agent - INFO - [37mVal Epoch 22 step 22 with [31mce_loss_combined : 0.987389 [31mtotal : 0.987389 [94mAcc_combined: 76.18 [94mAcc_c: 52.59 [94mAcc_g: 64.21 [95mCEU_cue_audio: 0.6400 [95mCEU_cue_video: 0.8340 [95mCEU_synergy: 0.2756 [95mCEU_coexistence: 0.9697 
2025-11-07 21:30:42,160 - Agent - INFO - [37mVal Epoch 23 step 23 with [31mce_loss_combined : 0.989753 [31mtotal : 0.989753 [94mAcc_combined: 75.26 [94mAcc_c: 52.93 [94mAcc_g: 62.83 [95mCEU_cue_audio: 0.6244 [95mCEU_cue_video: 0.8566 [95mCEU_synergy: 0.2047 [95mCEU_coexistence: 0.9666 
2025-11-07 21:37:57,587 - Agent - INFO - [37mVal Epoch 24 step 24 with [31mce_loss_combined : 0.994947 [31mtotal : 0.994947 [94mAcc_combined: 75.14 [94mAcc_c: 55.24 [94mAcc_g: 60.99 [95mCEU_cue_audio: 0.6189 [95mCEU_cue_video: 0.8476 [95mCEU_synergy: 0.2285 [95mCEU_coexistence: 0.9637 
2025-11-07 21:45:15,237 - Agent - INFO - [37mVal Epoch 25 step 25 with [31mce_loss_combined : 1.017519 [31mtotal : 1.017519 [94mAcc_combined: 75.95 [94mAcc_c: 53.39 [94mAcc_g: 63.87 [95mCEU_cue_audio: 0.6667 [95mCEU_cue_video: 0.8476 [95mCEU_synergy: 0.2361 [95mCEU_coexistence: 0.9544 
2025-11-07 21:52:31,368 - Agent - INFO - [37mVal Epoch 26 step 26 with [31mce_loss_combined : 1.058384 [31mtotal : 1.058384 [94mAcc_combined: 75.14 [94mAcc_c: 53.86 [94mAcc_g: 61.45 [95mCEU_cue_audio: 0.6294 [95mCEU_cue_video: 0.8566 [95mCEU_synergy: 0.2127 [95mCEU_coexistence: 0.9576 
2025-11-07 21:59:47,429 - Agent - INFO - [37mVal Epoch 27 step 27 with [31mce_loss_combined : 1.031833 [31mtotal : 1.031833 [94mAcc_combined: 75.60 [94mAcc_c: 53.16 [94mAcc_g: 63.29 [95mCEU_cue_audio: 0.6455 [95mCEU_cue_video: 0.8655 [95mCEU_synergy: 0.2127 [95mCEU_coexistence: 0.9544 
2025-11-07 22:07:03,557 - Agent - INFO - [37mVal Epoch 28 step 28 with [31mce_loss_combined : 1.174618 [31mtotal : 1.174618 [94mAcc_combined: 72.84 [94mAcc_c: 52.01 [94mAcc_g: 62.03 [95mCEU_cue_audio: 0.6032 [95mCEU_cue_video: 0.8161 [95mCEU_synergy: 0.1889 [95mCEU_coexistence: 0.9484 
2025-11-07 22:14:20,711 - Agent - INFO - [37mVal Epoch 29 step 29 with [31mce_loss_combined : 1.019377 [31mtotal : 1.019377 [94mAcc_combined: 75.03 [94mAcc_c: 55.93 [94mAcc_g: 62.49 [95mCEU_cue_audio: 0.6349 [95mCEU_cue_video: 0.8340 [95mCEU_synergy: 0.2361 [95mCEU_coexistence: 0.9576 
2025-11-07 22:21:36,430 - Agent - INFO - [37mVal Epoch 30 step 30 with [31mce_loss_combined : 1.040231 [31mtotal : 1.040231 [94mAcc_combined: 75.72 [94mAcc_c: 54.43 [94mAcc_g: 63.87 [95mCEU_cue_audio: 0.6561 [95mCEU_cue_video: 0.8429 [95mCEU_synergy: 0.2361 [95mCEU_coexistence: 0.9576 
2025-11-07 22:28:52,348 - Agent - INFO - [37mVal Epoch 31 step 31 with [31mce_loss_combined : 1.082776 [31mtotal : 1.082776 [94mAcc_combined: 74.57 [94mAcc_c: 54.66 [94mAcc_g: 60.99 [95mCEU_cue_audio: 0.6244 [95mCEU_cue_video: 0.8476 [95mCEU_synergy: 0.2204 [95mCEU_coexistence: 0.9484 
2025-11-07 22:36:07,880 - Agent - INFO - [37mVal Epoch 32 step 32 with [31mce_loss_combined : 1.178043 [31mtotal : 1.178043 [94mAcc_combined: 74.34 [94mAcc_c: 52.13 [94mAcc_g: 63.52 [95mCEU_cue_audio: 0.6294 [95mCEU_cue_video: 0.8297 [95mCEU_synergy: 0.1970 [95mCEU_coexistence: 0.9605 
2025-11-07 22:43:22,808 - Agent - INFO - [37mVal Epoch 33 step 33 with [31mce_loss_combined : 1.243647 [31mtotal : 1.243647 [94mAcc_combined: 72.84 [94mAcc_c: 51.32 [94mAcc_g: 63.87 [95mCEU_cue_audio: 0.6189 [95mCEU_cue_video: 0.8028 [95mCEU_synergy: 0.1970 [95mCEU_coexistence: 0.9455 
2025-11-07 22:43:24,400 - Agent - INFO - We are in the final state.
2025-11-07 22:43:24,756 - root - INFO - Loaded best model from /esat/smcdata/users/kkontras/Image_Dataset/no_backup/data/2025_data/synergy/Synprom_IB_fold2_l0.1_contrcoeff1_perturbgen_lr0.0001_wd0.0001_clsmlp_pre.pth.tar
2025-11-07 22:43:48,897 - Agent - INFO - [37mVal Epoch 33 step 0 with [31mce_loss_combined : 0.911314 [31mtotal : 0.911314 [94mAcc_combined: 77.56 [94mAcc_c: 52.13 [94mAcc_g: 64.21 [95mCEU_cue_audio: 0.6720 [95mCEU_cue_video: 0.8835 [95mCEU_synergy: 0.2127 [95mCEU_coexistence: 0.9787 
2025-11-07 22:44:14,788 - Agent - INFO - [37mTest Epoch 33 step 0 with [31mce_loss_combined : 1.258618 [31mtotal : 1.258618 [94mAcc_combined: 65.63 [94mAcc_c: 53.53 [94mAcc_g: 52.25 
2025-11-07 22:44:16,510 - Agent - INFO - [37mModels has saved successfully in /esat/smcdata/users/kkontras/Image_Dataset/no_backup/data/2025_data/synergy/Synprom_IB_fold2_l0.1_contrcoeff1_perturbgen_lr0.0001_wd0.0001_clsmlp_pre.pth.tar
Job finished
