Starting Job
/esat/smcdata/users/kkontras/Image_Dataset/no_backup/git/Synergy/train.py
/esat/smcdata/users/kkontras/Image_Dataset/no_backup/envs/balance_env/bin/python
Python 3.9.18
/esat/smcdata/users/kkontras/Image_Dataset/no_backup/git/Synergy
We have 1 GPU
/esat/smcdata/users/kkontras/Image_Dataset/no_backup/git/Synergy/train.py
config-./configs/CREMA_D/synergy/nov/synprom_ib.json
Executing command: accelerate launch /esat/smcdata/users/kkontras/Image_Dataset/no_backup/git/Synergy/train.py --config ./configs/CREMA_D/synergy/nov/synprom_ib.json --default_config ./configs/CREMA_D/default_config_cremad_res_syn.json --fold 0 --pre  --l 0.3 --contrcoeff 1 --lr 0.0001 --wd 0.0001 --cls mlp --perturb gen --start_over 
Namespace(config='./configs/CREMA_D/synergy/nov/synprom_ib.json', default_config='./configs/CREMA_D/default_config_cremad_res_syn.json', fold='0', alpha=None, tanh_mode=None, tanh_mode_beta=None, regby=None, clip=None, batch_size=None, l='0.3', multil=None, l_diffsq=None, lib=None, ratio_us=None, ratio_snr=None, kmepoch=None, num_samples=None, pow=None, nstep=None, contrcoeff='1', kde_coeff=None, etube=None, temperature=None, contr_type=None, shuffle_type=None, validate_with=None, transform_type=None, trasform_before=None, num_classes=None, base_alpha=None, alpha_var=None, base_beta=None, beta_var=None, optim_method=None, ilr_c=None, ilr_g=None, mmcosine_scaling=None, ending_epoch=None, load_ongoing=None, commonlayers=None, recon_weight1=None, recon_weight2=None, recon_epochstages=None, recon_ensemblestages=None, lr='0.0001', wd='0.0001', mm=None, cls='mlp', perturb='gen', pre=True, frozen=False, tdqm_disable=False, start_over=True)
2025-11-07 21:03:38,616 - Config - INFO - ./configs/CREMA_D/synergy/nov/synprom_ib.json
2025-11-07 21:03:38,621 - Config - INFO -  THE Configuration of your experiment ..
{'agent': 'Agent',
 'dataset': {'data_roots': '/esat/smcdata/users/kkontras/Image_Dataset/no_backup/CremaD/CREMA-D',
             'data_split': {'fold': 0, 'method': 'non_inclusive'},
             'dataloader_class': 'CramedD_Dataloader',
             'fps': 1,
             'norm': False,
             'norm_face_path': './mydatasets/CREMAD/norm_face_path_fold{}.pkl',
             'norm_wav_path': './mydatasets/CREMAD/wav_norm_16000_fold{}.pkl',
             'num_frame': 3,
             'return_data': {'audio': False,
                             'face': False,
                             'spectrogram': True,
                             'video': True},
             'sampling_rate': 22050},
 'early_stopping': {'end_of_epoch_check': True,
                    'log_interval': 10,
                    'max_epoch': 1500,
                    'n_steps_stop': 20,
                    'n_steps_stop_after': 0,
                    'save_every_step': 3000,
                    'save_every_valstep': 10,
                    'validate_after': 0,
                    'validate_every': 25,
                    'validate_with': 'accuracy'},
 'exp_name': 'CREMAD Experiment',
 'model': {'args': {'bias_infusion': {'ending_epoch': 1500,
                                      'l': 0.1,
                                      'method': 'false',
                                      'plot': False,
                                      'starting_epoch': 0,
                                      'use': True},
                    'clip_grad': False,
                    'cls_type': 'linear',
                    'd_model': 512,
                    'dropout': 0.1,
                    'fc_inner': 64,
                    'multi_loss': {'multi_supervised_w': {'c': 0,
                                                          'combined': 1,
                                                          'g': 0}},
                    'num_classes': 6},
           'encoders': [{'args': {'d_model': 512,
                                  'dropout': 0.1,
                                  'fc_inner': 64,
                                  'freeze_encoder': False,
                                  'num_classes': 6},
                         'model': 'Audio_ResNet',
                         'pretrainedEncoder': {'dir': 'unimodal_audio_fold{}_lr0.001_wd0.0001.pth.tar',
                                               'use': False}},
                        {'args': {'d_model': 512,
                                  'dropout': 0.1,
                                  'fc_inner': 64,
                                  'freeze_encoder': False,
                                  'num_classes': 6},
                         'model': 'Video_ResNet',
                         'pretrainedEncoder': {'dir': 'unimodal_video_fold{}_lr0.001_wd0.0001.pth.tar',
                                               'use': False}}],
           'load_ongoing': False,
           'model_class': 'Fusion_Synprom_IB',
           'save_base_dir': '/esat/smcdata/users/kkontras/Image_Dataset/no_backup/data/2025_data/synergy',
           'save_dir': 'Synprom_IB_{}.pth.tar'},
 'optimizer': {'beta1': 0.9,
               'beta2': 0.999,
               'learning_rate': 1e-05,
               'momentum': 0.9,
               'type': 'Adam',
               'weight_decay': 1e-05},
 'scheduler': {'max_lr': 0.03, 'type': 'cosanneal', 'warm_up_steps': 780},
 'training_params': {'adversarial_training': {'adv_epsilon': 0.01,
                                              'use': False},
                     'async_loading': True,
                     'batch_size': 32,
                     'cuda': True,
                     'data_loader_workers': 8,
                     'gpu_device': [0],
                     'pin_memory': False,
                     'rec_test': True,
                     'res': True,
                     'seed': 109,
                     'tdqm_disable': False,
                     'test_batch_size': 32,
                     'test_on_bottoms': False,
                     'use_test_set': True,
                     'validation': True,
                     'verbose': True,
                     'wandb_disable': False}}
2025-11-07 21:03:38,624 - Config - INFO -  *************************************** 
2025-11-07 21:03:38,624 - Config - INFO - The experiment name is CREMAD Experiment
2025-11-07 21:03:38,624 - Config - INFO -  *************************************** 
2025-11-07 21:03:38,624 - root - INFO - save_dir: Synprom_IB_fold0_l0.3_contrcoeff1_perturbgen_lr0.0001_wd0.0001_clsmlp_pre.pth.tar
2025-11-07 21:03:38,846 - Cuda Statistics - INFO - __Python VERSION:  3.9.18 (main, Sep 11 2023, 13:41:44) 
[GCC 11.2.0]
2025-11-07 21:03:38,847 - Cuda Statistics - INFO - __pyTorch VERSION:  2.0.1+cu118
2025-11-07 21:03:38,847 - Cuda Statistics - INFO - __CUDA VERSION
2025-11-07 21:03:38,851 - Cuda Statistics - INFO - __CUDNN VERSION:  8700
2025-11-07 21:03:38,896 - Cuda Statistics - INFO - __Number CUDA Devices:  1
2025-11-07 21:03:38,896 - Cuda Statistics - INFO - __Devices
2025-11-07 21:03:38,896 - Cuda Statistics - INFO - index, name, driver_version, memory.total [MiB], memory.used [MiB], memory.free [MiB]
2025-11-07 21:03:38,896 - Cuda Statistics - INFO - 0, Tesla P100-PCIE-16GB, 580.95.05, 16384 MiB, 3 MiB, 16268 MiB
2025-11-07 21:03:38,899 - Cuda Statistics - INFO - Active CUDA Device: GPU 0
2025-11-07 21:03:38,899 - Cuda Statistics - INFO - Available devices  1
2025-11-07 21:03:38,899 - Cuda Statistics - INFO - Current cuda device  0
This path does not exist /esat/smcdata/users/kkontras/Image_Dataset/no_backup/CremaD/CREMA-D/AudioWAV/1076_MTI_SAD_XX.wav or /esat/smcdata/users/kkontras/Image_Dataset/no_backup/CremaD/CREMA-D/Image-01-FPS/1076_MTI_SAD_XX or /esat/smcdata/users/kkontras/Image_Dataset/no_backup/CremaD/CREMA-D/Face_features/1076_MTI_SAD_XX.npy
2025-11-07 21:03:41,130 - root - INFO - Loaded wav norm from ./mydatasets/CREMAD/wav_norm_16000_fold0.pkl
2025-11-07 21:03:41,136 - root - INFO - Norm values are {'mean': tensor(-2.7937e-05), 'std': tensor(0.0613), 'max_duration': 4.8715625}
2025-11-07 21:03:41,369 - root - INFO - Loaded wav norm from ./mydatasets/CREMAD/wav_norm_16000_fold0.pkl
2025-11-07 21:03:41,371 - root - INFO - Norm values are {'mean': tensor(-2.7937e-05), 'std': tensor(0.0613), 'max_duration': 4.8715625}
2025-11-07 21:03:41,488 - root - INFO - Loaded wav norm from ./mydatasets/CREMAD/wav_norm_16000_fold0.pkl
2025-11-07 21:03:41,489 - root - INFO - Norm values are {'mean': tensor(-2.7937e-05), 'std': tensor(0.0613), 'max_duration': 4.8715625}
Available cores 8
We are changing dataloader workers to num of cores 0
2025-11-07 21:03:41,493 - Agent - INFO - Device: cuda:0
2025-11-07 21:03:41,493 - Agent - INFO - Total training batches: 127, validate every 25 batches, steps per epoch: 6
2025-11-07 21:03:48,204 - Agent - INFO - Loss Weights are {'total': 1, 'combined': 1, 'c': 0, 'g': 0}
2025-11-07 21:03:49,470 - root - INFO - Loading enc best model state dict from /esat/smcdata/users/kkontras/Image_Dataset/no_backup/data/2025_data/synergy/unimodal_audio_fold0_lr0.001_wd0.0001.pth.tar
Replacing module
2025-11-07 21:03:50,412 - root - INFO - Loading enc best model state dict from /esat/smcdata/users/kkontras/Image_Dataset/no_backup/data/2025_data/synergy/unimodal_video_fold0_lr0.001_wd0.0001.pth.tar
Replacing module
2025-11-07 21:03:50,492 - Agent - INFO - Total number of trainable parameters are: 23483032
2025-11-07 21:03:50,512 - Agent - INFO - Total number of trainable parameters are: 23483032
2025-11-07 21:11:03,521 - Agent - INFO - [37mVal Epoch 1 step 1 with [31mce_loss_combined : 0.872577 [31mtotal : 0.872577 [94mAcc_combined: 76.20 [94mAcc_c: 60.93 [94mAcc_g: 60.36 [95mCEU_cue_audio: 0.6347 [95mCEU_cue_video: 0.8244 [95mCEU_synergy: 0.2621 [95mCEU_coexistence: 0.9731 
2025-11-07 21:11:03,546 - Agent - INFO - [37mTest Epoch 1 step 1 with [31mce_loss_combined : 1.041505 [31mtotal : 1.041505 [94mAcc_combined: 65.52 [94mAcc_c: 55.95 [94mAcc_g: 54.39 
2025-11-07 21:11:04,191 - Agent - INFO - [37mModels has saved successfully in /esat/smcdata/users/kkontras/Image_Dataset/no_backup/data/2025_data/synergy/Synprom_IB_fold0_l0.3_contrcoeff1_perturbgen_lr0.0001_wd0.0001_clsmlp_pre.pth.tar
2025-11-07 21:18:19,173 - Agent - INFO - [37mVal Epoch 2 step 2 with [31mce_loss_combined : 1.006034 [31mtotal : 1.006034 [94mAcc_combined: 67.54 [94mAcc_c: 62.87 [94mAcc_g: 57.63 [95mCEU_cue_audio: 0.3288 [95mCEU_cue_video: 0.8362 [95mCEU_synergy: 0.2786 [95mCEU_coexistence: 0.9382 
2025-11-07 21:25:31,590 - Agent - INFO - [37mVal Epoch 3 step 3 with [31mce_loss_combined : 1.250596 [31mtotal : 1.250596 [94mAcc_combined: 64.46 [94mAcc_c: 62.07 [94mAcc_g: 56.38 [95mCEU_cue_audio: 0.3059 [95mCEU_cue_video: 0.8121 [95mCEU_synergy: 0.3115 [95mCEU_coexistence: 0.8789 
2025-11-07 21:32:45,660 - Agent - INFO - [37mVal Epoch 4 step 4 with [31mce_loss_combined : 1.265786 [31mtotal : 1.265786 [94mAcc_combined: 65.83 [94mAcc_c: 63.78 [94mAcc_g: 55.92 [95mCEU_cue_audio: 0.2831 [95mCEU_cue_video: 0.8606 [95mCEU_synergy: 0.2621 [95mCEU_coexistence: 0.9193 
2025-11-07 21:39:59,008 - Agent - INFO - [37mVal Epoch 5 step 5 with [31mce_loss_combined : 1.189957 [31mtotal : 1.189957 [94mAcc_combined: 69.25 [94mAcc_c: 62.07 [94mAcc_g: 57.29 [95mCEU_cue_audio: 0.3424 [95mCEU_cue_video: 0.8665 [95mCEU_synergy: 0.2295 [95mCEU_coexistence: 0.9731 
2025-11-07 21:47:12,077 - Agent - INFO - [37mVal Epoch 6 step 6 with [31mce_loss_combined : 1.196407 [31mtotal : 1.196407 [94mAcc_combined: 67.88 [94mAcc_c: 63.10 [94mAcc_g: 57.06 [95mCEU_cue_audio: 0.3332 [95mCEU_cue_video: 0.8606 [95mCEU_synergy: 0.2786 [95mCEU_coexistence: 0.9327 
2025-11-07 21:54:23,445 - Agent - INFO - [37mVal Epoch 7 step 7 with [31mce_loss_combined : 1.197781 [31mtotal : 1.197781 [94mAcc_combined: 68.00 [94mAcc_c: 62.19 [94mAcc_g: 55.35 [95mCEU_cue_audio: 0.3561 [95mCEU_cue_video: 0.8547 [95mCEU_synergy: 0.2705 [95mCEU_coexistence: 0.9273 
2025-11-07 22:01:36,616 - Agent - INFO - [37mVal Epoch 8 step 8 with [31mce_loss_combined : 1.234220 [31mtotal : 1.234220 [94mAcc_combined: 66.97 [94mAcc_c: 63.21 [94mAcc_g: 56.15 [95mCEU_cue_audio: 0.3152 [95mCEU_cue_video: 0.8728 [95mCEU_synergy: 0.2786 [95mCEU_coexistence: 0.9167 
2025-11-07 22:08:51,993 - Agent - INFO - [37mVal Epoch 9 step 9 with [31mce_loss_combined : 1.249028 [31mtotal : 1.249028 [94mAcc_combined: 67.77 [94mAcc_c: 58.31 [94mAcc_g: 55.47 [95mCEU_cue_audio: 0.3380 [95mCEU_cue_video: 0.8244 [95mCEU_synergy: 0.2952 [95mCEU_coexistence: 0.9382 
2025-11-07 22:16:05,675 - Agent - INFO - [37mVal Epoch 10 step 10 with [31mce_loss_combined : 1.238364 [31mtotal : 1.238364 [94mAcc_combined: 67.31 [94mAcc_c: 60.02 [94mAcc_g: 54.10 [95mCEU_cue_audio: 0.3471 [95mCEU_cue_video: 0.8484 [95mCEU_synergy: 0.2952 [95mCEU_coexistence: 0.9113 
2025-11-07 22:23:22,637 - Agent - INFO - [37mVal Epoch 11 step 11 with [31mce_loss_combined : 1.248950 [31mtotal : 1.248950 [94mAcc_combined: 67.20 [94mAcc_c: 61.16 [94mAcc_g: 55.01 [95mCEU_cue_audio: 0.3242 [95mCEU_cue_video: 0.8547 [95mCEU_synergy: 0.3031 [95mCEU_coexistence: 0.9167 
2025-11-07 22:30:34,910 - Agent - INFO - [37mVal Epoch 12 step 12 with [31mce_loss_combined : 1.300144 [31mtotal : 1.300144 [94mAcc_combined: 65.95 [94mAcc_c: 60.71 [94mAcc_g: 54.21 [95mCEU_cue_audio: 0.3103 [95mCEU_cue_video: 0.8547 [95mCEU_synergy: 0.3115 [95mCEU_coexistence: 0.8924 
2025-11-07 22:37:46,573 - Agent - INFO - [37mVal Epoch 13 step 13 with [31mce_loss_combined : 1.301203 [31mtotal : 1.301203 [94mAcc_combined: 66.40 [94mAcc_c: 60.48 [94mAcc_g: 55.35 [95mCEU_cue_audio: 0.3014 [95mCEU_cue_video: 0.8606 [95mCEU_synergy: 0.3115 [95mCEU_coexistence: 0.9058 
2025-11-07 22:45:02,061 - Agent - INFO - [37mVal Epoch 14 step 14 with [31mce_loss_combined : 1.137898 [31mtotal : 1.137898 [94mAcc_combined: 69.59 [94mAcc_c: 61.05 [94mAcc_g: 56.38 [95mCEU_cue_audio: 0.3881 [95mCEU_cue_video: 0.8606 [95mCEU_synergy: 0.2705 [95mCEU_coexistence: 0.9436 
2025-11-07 22:52:14,519 - Agent - INFO - [37mVal Epoch 15 step 15 with [31mce_loss_combined : 1.226914 [31mtotal : 1.226914 [94mAcc_combined: 67.08 [94mAcc_c: 61.73 [94mAcc_g: 55.13 [95mCEU_cue_audio: 0.3152 [95mCEU_cue_video: 0.8665 [95mCEU_synergy: 0.2871 [95mCEU_coexistence: 0.9193 
2025-11-07 22:59:28,440 - Agent - INFO - [37mVal Epoch 16 step 16 with [31mce_loss_combined : 1.292455 [31mtotal : 1.292455 [94mAcc_combined: 66.29 [94mAcc_c: 61.50 [94mAcc_g: 53.64 [95mCEU_cue_audio: 0.3607 [95mCEU_cue_video: 0.8121 [95mCEU_synergy: 0.3197 [95mCEU_coexistence: 0.8872 
2025-11-07 23:06:41,385 - Agent - INFO - [37mVal Epoch 17 step 17 with [31mce_loss_combined : 1.253491 [31mtotal : 1.253491 [94mAcc_combined: 68.22 [94mAcc_c: 60.93 [94mAcc_g: 55.47 [95mCEU_cue_audio: 0.3424 [95mCEU_cue_video: 0.8665 [95mCEU_synergy: 0.2871 [95mCEU_coexistence: 0.9301 
2025-11-07 23:13:55,721 - Agent - INFO - [37mVal Epoch 18 step 18 with [31mce_loss_combined : 1.166710 [31mtotal : 1.166710 [94mAcc_combined: 72.55 [94mAcc_c: 58.66 [94mAcc_g: 56.83 [95mCEU_cue_audio: 0.4521 [95mCEU_cue_video: 0.8244 [95mCEU_synergy: 0.3281 [95mCEU_coexistence: 0.9731 
2025-11-07 23:21:08,977 - Agent - INFO - [37mVal Epoch 19 step 19 with [31mce_loss_combined : 1.233479 [31mtotal : 1.233479 [94mAcc_combined: 68.56 [94mAcc_c: 60.36 [94mAcc_g: 56.04 [95mCEU_cue_audio: 0.3974 [95mCEU_cue_video: 0.8425 [95mCEU_synergy: 0.2871 [95mCEU_coexistence: 0.9167 
2025-11-07 23:28:24,037 - Agent - INFO - [37mVal Epoch 20 step 20 with [31mce_loss_combined : 1.130078 [31mtotal : 1.130078 [94mAcc_combined: 71.41 [94mAcc_c: 58.09 [94mAcc_g: 55.81 [95mCEU_cue_audio: 0.4703 [95mCEU_cue_video: 0.8244 [95mCEU_synergy: 0.2621 [95mCEU_coexistence: 0.9570 
2025-11-07 23:28:27,207 - Agent - INFO - We are in the final state.
2025-11-07 23:28:27,552 - root - INFO - Loaded best model from /esat/smcdata/users/kkontras/Image_Dataset/no_backup/data/2025_data/synergy/Synprom_IB_fold0_l0.3_contrcoeff1_perturbgen_lr0.0001_wd0.0001_clsmlp_pre.pth.tar
2025-11-07 23:28:49,675 - Agent - INFO - [37mVal Epoch 20 step 0 with [31mce_loss_combined : 0.872577 [31mtotal : 0.872577 [94mAcc_combined: 76.20 [94mAcc_c: 60.93 [94mAcc_g: 60.36 [95mCEU_cue_audio: 0.6347 [95mCEU_cue_video: 0.8244 [95mCEU_synergy: 0.2621 [95mCEU_coexistence: 0.9731 
2025-11-07 23:29:13,620 - Agent - INFO - [37mTest Epoch 20 step 0 with [31mce_loss_combined : 1.041505 [31mtotal : 1.041505 [94mAcc_combined: 65.52 [94mAcc_c: 55.95 [94mAcc_g: 54.39 
2025-11-07 23:29:15,239 - Agent - INFO - [37mModels has saved successfully in /esat/smcdata/users/kkontras/Image_Dataset/no_backup/data/2025_data/synergy/Synprom_IB_fold0_l0.3_contrcoeff1_perturbgen_lr0.0001_wd0.0001_clsmlp_pre.pth.tar
Job finished
